[2025-12-20 15:49:15.354] ServiceContainer: Registered 'Theme' (singleton=True)
[2025-12-20 15:49:15.361] ServiceContainer: Registered 'ThemeManager' (singleton=True)
[2025-12-20 15:49:15.362] ServiceContainer: Registered 'Config' (singleton=True)
[2025-12-20 15:49:15.363] ServiceContainer: Registered 'TaskStore' (singleton=True)
[2025-12-20 15:49:15.363] ServiceContainer: Registered 'MenuRegistry' (singleton=True)
[2025-12-20 15:49:15.364] ServiceContainer: Registered 'Application' (singleton=True)
[2025-12-20 15:49:15.365] ServiceContainer: Registered 'CommandService' (singleton=True)
[2025-12-20 15:49:15.365] ServiceContainer: Registered 'ChecklistService' (singleton=True)
[2025-12-20 15:49:15.366] ServiceContainer: Registered 'NoteService' (singleton=True)
[2025-12-20 15:49:15.367] ServiceContainer: Registered 'ExcelMappingService' (singleton=True)
[2025-12-20 15:49:15.367] ServiceContainer: Registered 'PreferencesService' (singleton=True)
[2025-12-20 15:49:15.368] ServiceContainer: Registered 'TaskListScreen' (singleton=False)
[2025-12-20 15:49:15.379] ServiceContainer: Resolving 'Application'...
[2025-12-20 15:49:15.381] ServiceContainer: Resolving 'Theme'...
[2025-12-20 15:49:15.527] ServiceContainer: Resolved 'Theme' successfully
[2025-12-20 15:49:15.587] ServiceContainer: Resolving 'ThemeManager'...
[2025-12-20 15:49:15.589] ServiceContainer: Resolved 'ThemeManager' successfully
[2025-12-20 15:49:15.599] ServiceContainer: Resolved 'Application' successfully
[2025-12-20 15:49:15.600] ServiceContainer: Resolving 'MenuRegistry'...
[2025-12-20 15:49:15.610] ServiceContainer: Resolved 'MenuRegistry' successfully
[2025-12-20 15:49:15.625] MenuRegistry: Loaded manifest with 23 entries
[2025-12-20 15:49:15.643] ServiceContainer: Registered 'ProjectListScreen' (singleton=False)
[2025-12-20 15:49:15.644] MenuRegistry: Registered screen factory 'ProjectListScreen' in container (viewMode=)
[2025-12-20 15:49:15.657] MenuRegistry: Registered 'Project List' in 'Projects' menu (hotkey=L order=10)
[2025-12-20 15:49:15.659] ServiceContainer: Registered 'TaskListScreen_Agenda' (singleton=False)
[2025-12-20 15:49:15.660] MenuRegistry: Registered screen factory 'TaskListScreen_Agenda' in container (viewMode=agenda)
[2025-12-20 15:49:15.661] MenuRegistry: Registered 'Agenda View' in 'Tasks' menu (hotkey=A order=50)
[2025-12-20 15:49:15.662] ServiceContainer: Registered 'TaskListScreen_Upcoming' (singleton=False)
[2025-12-20 15:49:15.663] MenuRegistry: Registered screen factory 'TaskListScreen_Upcoming' in container (viewMode=upcoming)
[2025-12-20 15:49:15.664] MenuRegistry: Registered 'Upcoming' in 'Tasks' menu (hotkey=U order=25)
[2025-12-20 15:49:15.665] ServiceContainer: Registered 'TaskListScreen_NextActions' (singleton=False)
[2025-12-20 15:49:15.666] MenuRegistry: Registered screen factory 'TaskListScreen_NextActions' in container (viewMode=nextactions)
[2025-12-20 15:49:15.666] MenuRegistry: Registered 'Next Actions' in 'Tasks' menu (hotkey=N order=35)
[2025-12-20 15:49:15.667] ServiceContainer: Registered 'TaskListScreen_Month' (singleton=False)
[2025-12-20 15:49:15.668] MenuRegistry: Registered screen factory 'TaskListScreen_Month' in container (viewMode=month)
[2025-12-20 15:49:15.674] MenuRegistry: Registered 'Month View' in 'Tasks' menu (hotkey=M order=45)
[2025-12-20 15:49:15.675] ServiceContainer: Registered 'CommandLibraryScreen' (singleton=False)
[2025-12-20 15:49:15.676] MenuRegistry: Registered screen factory 'CommandLibraryScreen' in container (viewMode=)
[2025-12-20 15:49:15.677] MenuRegistry: Registered 'Command Library' in 'Tools' menu (hotkey=L order=10)
[2025-12-20 15:49:15.678] ServiceContainer: Registered 'TaskListScreen_Tomorrow' (singleton=False)
[2025-12-20 15:49:15.679] MenuRegistry: Registered screen factory 'TaskListScreen_Tomorrow' in container (viewMode=tomorrow)
[2025-12-20 15:49:15.680] MenuRegistry: Registered 'Tomorrow' in 'Tasks' menu (hotkey=T order=15)
[2025-12-20 15:49:15.681] ServiceContainer: Registered 'ChecklistsLauncherScreen' (singleton=False)
[2025-12-20 15:49:15.681] MenuRegistry: Registered screen factory 'ChecklistsLauncherScreen' in container (viewMode=)
[2025-12-20 15:49:15.682] MenuRegistry: Registered 'Checklists' in 'Tools' menu (hotkey=C order=25)
[2025-12-20 15:49:15.683] ServiceContainer: Registered 'NotesMenuScreen' (singleton=False)
[2025-12-20 15:49:15.684] MenuRegistry: Registered screen factory 'NotesMenuScreen' in container (viewMode=)
[2025-12-20 15:49:15.685] MenuRegistry: Registered 'Notes' in 'Tools' menu (hotkey=N order=20)
[2025-12-20 15:49:15.686] ServiceContainer: Registered 'SettingsScreen' (singleton=False)
[2025-12-20 15:49:15.686] MenuRegistry: Registered screen factory 'SettingsScreen' in container (viewMode=)
[2025-12-20 15:49:15.687] MenuRegistry: Registered 'Settings' in 'Options' menu (hotkey=S order=20)
[2025-12-20 15:49:15.688] ServiceContainer: Registered 'TaskListScreen_Overdue' (singleton=False)
[2025-12-20 15:49:15.689] MenuRegistry: Registered screen factory 'TaskListScreen_Overdue' in container (viewMode=overdue)
[2025-12-20 15:49:15.690] MenuRegistry: Registered 'Overdue' in 'Tasks' menu (hotkey=O order=30)
[2025-12-20 15:49:15.691] ServiceContainer: Registered 'TaskListScreen_Week' (singleton=False)
[2025-12-20 15:49:15.692] MenuRegistry: Registered screen factory 'TaskListScreen_Week' in container (viewMode=week)
[2025-12-20 15:49:15.692] MenuRegistry: Registered 'Week View' in 'Tasks' menu (hotkey=W order=20)
[2025-12-20 15:49:15.694] ServiceContainer: Registered 'HelpViewScreen' (singleton=False)
[2025-12-20 15:49:15.694] MenuRegistry: Registered screen factory 'HelpViewScreen' in container (viewMode=)
[2025-12-20 15:49:15.695] MenuRegistry: Registered 'Help' in 'Help' menu (hotkey=H order=10)
[2025-12-20 15:49:15.696] ServiceContainer: Registered 'ChecklistTemplatesFolderScreen' (singleton=False)
[2025-12-20 15:49:15.697] MenuRegistry: Registered screen factory 'ChecklistTemplatesFolderScreen' in container (viewMode=)
[2025-12-20 15:49:15.698] MenuRegistry: Registered 'Checklist Templates' in 'Tools' menu (hotkey=H order=30)
[2025-12-20 15:49:15.699] ServiceContainer: Registered 'TaskListScreen_NoDate' (singleton=False)
[2025-12-20 15:49:15.700] MenuRegistry: Registered screen factory 'TaskListScreen_NoDate' in container (viewMode=noduedate)
[2025-12-20 15:49:15.701] MenuRegistry: Registered 'No Due Date' in 'Tasks' menu (hotkey=D order=40)
[2025-12-20 15:49:15.702] ServiceContainer: Registered 'ExcelImportScreen' (singleton=False)
[2025-12-20 15:49:15.703] MenuRegistry: Registered screen factory 'ExcelImportScreen' in container (viewMode=)
[2025-12-20 15:49:15.704] MenuRegistry: Registered 'Import from Excel' in 'Projects' menu (hotkey=I order=40)
[2025-12-20 15:49:15.705] ServiceContainer: Registered 'TaskListScreen_Today' (singleton=False)
[2025-12-20 15:49:15.706] MenuRegistry: Registered screen factory 'TaskListScreen_Today' in container (viewMode=today)
[2025-12-20 15:49:15.707] MenuRegistry: Registered 'Today' in 'Tasks' menu (hotkey=Y order=10)
[2025-12-20 15:49:15.708] ServiceContainer: Registered 'ThemeEditorScreen' (singleton=False)
[2025-12-20 15:49:15.708] MenuRegistry: Registered screen factory 'ThemeEditorScreen' in container (viewMode=)
[2025-12-20 15:49:15.709] MenuRegistry: Registered 'Theme Editor' in 'Options' menu (hotkey=T order=10)
[2025-12-20 15:49:15.710] ServiceContainer: Registered 'TaskListScreen_Default' (singleton=False)
[2025-12-20 15:49:15.711] MenuRegistry: Registered screen factory 'TaskListScreen_Default' in container (viewMode=)
[2025-12-20 15:49:15.712] MenuRegistry: Registered 'Task List' in 'Tasks' menu (hotkey=L order=5)
[2025-12-20 15:49:15.719] ServiceContainer: Registered 'TimeReportScreen' (singleton=False)
[2025-12-20 15:49:15.719] MenuRegistry: Registered screen factory 'TimeReportScreen' in container (viewMode=)
[2025-12-20 15:49:15.720] MenuRegistry: Registered 'Time Report' in 'Time' menu (hotkey=R order=20)
[2025-12-20 15:49:15.722] ServiceContainer: Registered 'TimeListScreen' (singleton=False)
[2025-12-20 15:49:15.722] MenuRegistry: Registered screen factory 'TimeListScreen' in container (viewMode=)
[2025-12-20 15:49:15.723] MenuRegistry: Registered 'Time Tracking' in 'Time' menu (hotkey=T order=5)
[2025-12-20 15:49:15.725] ServiceContainer: Registered 'ExcelProfileManagerScreen' (singleton=False)
[2025-12-20 15:49:15.725] MenuRegistry: Registered screen factory 'ExcelProfileManagerScreen' in container (viewMode=)
[2025-12-20 15:49:15.726] MenuRegistry: Registered 'Excel Profiles' in 'Projects' menu (hotkey=M order=50)
[2025-12-20 15:49:15.728] ServiceContainer: Registered 'WeeklyTimeReportScreen' (singleton=False)
[2025-12-20 15:49:15.729] MenuRegistry: Registered screen factory 'WeeklyTimeReportScreen' in container (viewMode=)
[2025-12-20 15:49:15.729] MenuRegistry: Registered 'Weekly Report' in 'Time' menu (hotkey=W order=10)
[2025-12-20 15:49:15.731] ServiceContainer: Resolving 'TaskListScreen'...
[2025-12-20 15:49:15.732] ServiceContainer: Resolving 'TaskStore'...
[2025-12-20 15:49:15.937] ServiceContainer: Resolved 'TaskStore' successfully
[2025-12-20 15:49:16.597] _PopulateMenusFromRegistry: Menu 'Options' has 2 items from registry (array)
[2025-12-20 15:49:16.621] _PopulateMenusFromRegistry: Menu 'Help' has 1 items from registry (array)
[2025-12-20 15:49:16.624] _PopulateMenusFromRegistry: Menu 'Time' has 3 items from registry (array)
[2025-12-20 15:49:16.628] _PopulateMenusFromRegistry: Menu 'Tasks' has 10 items from registry (array)
[2025-12-20 15:49:16.632] _PopulateMenusFromRegistry: Menu 'Tools' has 4 items from registry (array)
[2025-12-20 15:49:16.634] _PopulateMenusFromRegistry: Menu 'Projects' has 3 items from registry (array)
[2025-12-20 15:49:16.636] ServiceContainer: Resolved 'TaskListScreen' successfully
[2025-12-20 15:49:31.634] ServiceContainer: Resolving 'ThemeEditorScreen'...
[2025-12-20 15:49:31.680] ServiceContainer: Resolved 'ThemeEditorScreen' successfully
