[2026-01-03 17:01:22.006] ServiceContainer: Registered 'Theme' (singleton=True)
[2026-01-03 17:01:22.008] ServiceContainer: Registered 'ThemeManager' (singleton=True)
[2026-01-03 17:01:22.009] ServiceContainer: Registered 'Config' (singleton=True)
[2026-01-03 17:01:22.010] ServiceContainer: Registered 'TaskStore' (singleton=True)
[2026-01-03 17:01:22.011] ServiceContainer: Registered 'MenuRegistry' (singleton=True)
[2026-01-03 17:01:22.012] ServiceContainer: Registered 'Application' (singleton=True)
[2026-01-03 17:01:22.013] ServiceContainer: Registered 'CommandService' (singleton=True)
[2026-01-03 17:01:22.014] ServiceContainer: Registered 'ChecklistService' (singleton=True)
[2026-01-03 17:01:22.015] ServiceContainer: Registered 'NoteService' (singleton=True)
[2026-01-03 17:01:22.016] ServiceContainer: Registered 'ExcelMappingService' (singleton=True)
[2026-01-03 17:01:22.017] ServiceContainer: Registered 'ExcelCopyService' (singleton=True)
[2026-01-03 17:01:22.017] ServiceContainer: Registered 'PreferencesService' (singleton=True)
[2026-01-03 17:01:22.018] ServiceContainer: Registered 'ExcelImportService' (singleton=True)
[2026-01-03 17:01:22.019] ServiceContainer: Registered 'TextExportService' (singleton=True)
[2026-01-03 17:01:22.025] ServiceContainer: Registered 'TaskListScreen' (singleton=False)
[2026-01-03 17:01:22.042] ServiceContainer: Resolving 'Application'...
[2026-01-03 17:01:22.043] ServiceContainer: Resolving 'Theme'...
[2026-01-03 17:01:22.214] ServiceContainer: Resolved 'Theme' successfully
[2026-01-03 17:01:22.285] ServiceContainer: Resolving 'ThemeManager'...
[2026-01-03 17:01:22.287] ServiceContainer: Resolved 'ThemeManager' successfully
[2026-01-03 17:01:22.298] ServiceContainer: Resolved 'Application' successfully
[2026-01-03 17:01:22.299] ServiceContainer: Resolving 'MenuRegistry'...
[2026-01-03 17:01:22.309] ServiceContainer: Resolved 'MenuRegistry' successfully
[2026-01-03 17:01:22.332] MenuRegistry: Loaded manifest with 16 entries
[2026-01-03 17:01:22.355] ServiceContainer: Registered 'ThemeEditorScreen' (singleton=False)
[2026-01-03 17:01:22.356] MenuRegistry: Registered 'Theme Editor' in 'Options' menu (hotkey=T order=10)
[2026-01-03 17:01:22.369] MenuRegistry: Registered 'Theme Editor' in 'Options' menu (hotkey=T order=10)
[2026-01-03 17:01:22.371] ServiceContainer: Registered 'TimeListScreen' (singleton=False)
[2026-01-03 17:01:22.372] MenuRegistry: Registered 'Time Tracking' in 'Time' menu (hotkey=T order=5)
[2026-01-03 17:01:22.374] MenuRegistry: Registered 'Time Tracking' in 'Time' menu (hotkey=T order=5)
[2026-01-03 17:01:22.376] ServiceContainer: Registered 'ProjectListScreen' (singleton=False)
[2026-01-03 17:01:22.377] MenuRegistry: Registered 'Project List' in 'Projects' menu (hotkey=L order=10)
[2026-01-03 17:01:22.378] MenuRegistry: Registered 'Project List' in 'Projects' menu (hotkey=L order=10)
[2026-01-03 17:01:22.380] ServiceContainer: Registered 'CommandLibraryScreen' (singleton=False)
[2026-01-03 17:01:22.381] MenuRegistry: Registered 'Command Library' in 'Tools' menu (hotkey=L order=10)
[2026-01-03 17:01:22.382] MenuRegistry: Registered 'Command Library' in 'Tools' menu (hotkey=L order=10)
[2026-01-03 17:01:22.384] ServiceContainer: Registered 'ChecklistsLauncherScreen' (singleton=False)
[2026-01-03 17:01:22.385] MenuRegistry: Registered 'Checklists' in 'Tools' menu (hotkey=C order=25)
[2026-01-03 17:01:22.386] MenuRegistry: Registered 'Checklists' in 'Tools' menu (hotkey=C order=25)
[2026-01-03 17:01:22.388] ServiceContainer: Registered 'ExcelImportScreen' (singleton=False)
[2026-01-03 17:01:22.389] MenuRegistry: Registered 'Import from Excel' in 'Projects' menu (hotkey=I order=40)
[2026-01-03 17:01:22.390] MenuRegistry: Registered 'Import from Excel' in 'Projects' menu (hotkey=I order=40)
[2026-01-03 17:01:22.392] ServiceContainer: Registered 'TextExportProfileManagerScreen' (singleton=False)
[2026-01-03 17:01:22.393] MenuRegistry: Registered 'T2020 Export Profiles' in 'Tools' menu (hotkey=E order=45)
[2026-01-03 17:01:22.394] MenuRegistry: Registered 'T2020 Export Profiles' in 'Tools' menu (hotkey=E order=45)
[2026-01-03 17:01:22.395] ServiceContainer: Registered 'ChecklistTemplatesFolderScreen' (singleton=False)
[2026-01-03 17:01:22.396] MenuRegistry: Registered 'Checklist Templates' in 'Tools' menu (hotkey=H order=30)
[2026-01-03 17:01:22.398] MenuRegistry: Registered 'Checklist Templates' in 'Tools' menu (hotkey=H order=30)
[2026-01-03 17:01:22.400] ServiceContainer: Registered 'TimeReportScreen' (singleton=False)
[2026-01-03 17:01:22.401] MenuRegistry: Registered 'Time Report' in 'Time' menu (hotkey=R order=20)
[2026-01-03 17:01:22.402] MenuRegistry: Registered 'Time Report' in 'Time' menu (hotkey=R order=20)
[2026-01-03 17:01:22.403] ServiceContainer: Registered 'SettingsScreen' (singleton=False)
[2026-01-03 17:01:22.404] MenuRegistry: Registered 'Settings' in 'Options' menu (hotkey=S order=20)
[2026-01-03 17:01:22.406] MenuRegistry: Registered 'Settings' in 'Options' menu (hotkey=S order=20)
[2026-01-03 17:01:22.407] ServiceContainer: Registered 'NotesMenuScreen' (singleton=False)
[2026-01-03 17:01:22.408] MenuRegistry: Registered 'Notes' in 'Tools' menu (hotkey=N order=20)
[2026-01-03 17:01:22.413] MenuRegistry: Registered 'Notes' in 'Tools' menu (hotkey=N order=20)
[2026-01-03 17:01:22.415] ServiceContainer: Registered 'ExcelProfileManagerScreen' (singleton=False)
[2026-01-03 17:01:22.416] MenuRegistry: Registered 'Excel Profiles' in 'Projects' menu (hotkey=M order=50)
[2026-01-03 17:01:22.417] MenuRegistry: Registered 'Excel Profiles' in 'Projects' menu (hotkey=M order=50)
[2026-01-03 17:01:22.418] ServiceContainer: Registered 'HelpViewScreen' (singleton=False)
[2026-01-03 17:01:22.419] MenuRegistry: Registered 'Help' in 'Help' menu (hotkey=H order=10)
[2026-01-03 17:01:22.420] MenuRegistry: Registered 'Help' in 'Help' menu (hotkey=H order=10)
[2026-01-03 17:01:22.422] ServiceContainer: Registered 'ExcelImportProfileManagerScreen' (singleton=False)
[2026-01-03 17:01:22.423] MenuRegistry: Registered 'Excel Import Profiles' in 'Tools' menu (hotkey=I order=40)
[2026-01-03 17:01:22.424] MenuRegistry: Registered 'Excel Import Profiles' in 'Tools' menu (hotkey=I order=40)
[2026-01-03 17:01:22.425] ServiceContainer: Registered 'WeeklyTimeReportScreen' (singleton=False)
[2026-01-03 17:01:22.426] MenuRegistry: Registered 'Weekly Report' in 'Time' menu (hotkey=W order=10)
[2026-01-03 17:01:22.427] MenuRegistry: Registered 'Weekly Report' in 'Time' menu (hotkey=W order=10)
[2026-01-03 17:01:22.428] ServiceContainer: Registered 'TaskListScreen_Default' (singleton=False)
[2026-01-03 17:01:22.429] MenuRegistry: Registered 'Task List' in 'Tasks' menu (hotkey=L order=5)
[2026-01-03 17:01:22.430] MenuRegistry: Registered 'Task List' in 'Tasks' menu (hotkey=L order=5)
[2026-01-03 17:01:22.431] ServiceContainer: Resolving 'TaskListScreen'...
[2026-01-03 17:01:22.433] ServiceContainer: Resolving 'TaskStore'...
[2026-01-03 17:01:22.527] ServiceContainer: Resolved 'TaskStore' successfully
[2026-01-03 17:01:23.244] _PopulateMenusFromRegistry: Menu 'Projects' has 3 items from registry (array)
[2026-01-03 17:01:23.260] _PopulateMenusFromRegistry: Menu 'Tasks' has 1 items from registry (array)
[2026-01-03 17:01:23.263] _PopulateMenusFromRegistry: Menu 'Time' has 3 items from registry (array)
[2026-01-03 17:01:23.265] _PopulateMenusFromRegistry: Menu 'Options' has 2 items from registry (array)
[2026-01-03 17:01:23.268] _PopulateMenusFromRegistry: Menu 'Tools' has 6 items from registry (array)
[2026-01-03 17:01:23.270] _PopulateMenusFromRegistry: Menu 'Help' has 1 items from registry (array)
[2026-01-03 17:01:23.272] ServiceContainer: Resolved 'TaskListScreen' successfully
[2026-01-03 17:01:27.169] [INFO] *** STANDARDLISTSCREEN.ADDITEM CALLED on type=TaskListScreen key=TaskList ***
[2026-01-03 17:01:32.743] [INFO] *** STANDARDLISTSCREEN.DELETEITEM CALLED ***
