[2026-01-11 00:17:58.259] ServiceContainer: Registered 'Theme' (singleton=True)
[2026-01-11 00:17:58.261] ServiceContainer: Registered 'ThemeManager' (singleton=True)
[2026-01-11 00:17:58.262] ServiceContainer: Registered 'Config' (singleton=True)
[2026-01-11 00:17:58.263] ServiceContainer: Registered 'TaskStore' (singleton=True)
[2026-01-11 00:17:58.263] ServiceContainer: Registered 'MenuRegistry' (singleton=True)
[2026-01-11 00:17:58.264] ServiceContainer: Registered 'Application' (singleton=True)
[2026-01-11 00:17:58.265] ServiceContainer: Registered 'CommandService' (singleton=True)
[2026-01-11 00:17:58.265] ServiceContainer: Registered 'ChecklistService' (singleton=True)
[2026-01-11 00:17:58.266] ServiceContainer: Registered 'NoteService' (singleton=True)
[2026-01-11 00:17:58.267] ServiceContainer: Registered 'ExcelMappingService' (singleton=True)
[2026-01-11 00:17:58.267] ServiceContainer: Registered 'ExcelCopyService' (singleton=True)
[2026-01-11 00:17:58.268] ServiceContainer: Registered 'PreferencesService' (singleton=True)
[2026-01-11 00:17:58.269] ServiceContainer: Registered 'ExcelImportService' (singleton=True)
[2026-01-11 00:17:58.269] ServiceContainer: Registered 'TextExportService' (singleton=True)
[2026-01-11 00:17:58.270] ServiceContainer: Registered 'TaskListScreen' (singleton=False)
[2026-01-11 00:17:58.282] ServiceContainer: Resolving 'Application'...
[2026-01-11 00:17:58.284] ServiceContainer: Resolving 'Theme'...
[2026-01-11 00:17:58.440] ServiceContainer: Resolved 'Theme' successfully
[2026-01-11 00:17:58.511] ServiceContainer: Resolving 'ThemeManager'...
[2026-01-11 00:17:58.513] ServiceContainer: Resolved 'ThemeManager' successfully
[2026-01-11 00:17:58.523] ServiceContainer: Resolved 'Application' successfully
[2026-01-11 00:17:58.523] ServiceContainer: Resolving 'MenuRegistry'...
[2026-01-11 00:17:58.532] ServiceContainer: Resolved 'MenuRegistry' successfully
[2026-01-11 00:17:58.546] MenuRegistry: Loaded manifest with 17 entries
[2026-01-11 00:17:58.566] ServiceContainer: Registered 'TaskListScreen_Default' (singleton=False)
[2026-01-11 00:17:58.567] MenuRegistry: Registered 'Task List' in 'Tasks' menu (hotkey=L order=5)
[2026-01-11 00:17:58.585] MenuRegistry: Registered 'Task List' in 'Tasks' menu (hotkey=L order=5)
[2026-01-11 00:17:58.587] ServiceContainer: Registered 'ExcelProfileManagerScreen' (singleton=False)
[2026-01-11 00:17:58.587] MenuRegistry: Registered 'Excel Profiles' in 'Projects' menu (hotkey=M order=50)
[2026-01-11 00:17:58.589] MenuRegistry: Registered 'Excel Profiles' in 'Projects' menu (hotkey=M order=50)
[2026-01-11 00:17:58.590] ServiceContainer: Registered 'TextExportProfileManagerScreen' (singleton=False)
[2026-01-11 00:17:58.590] MenuRegistry: Registered 'T2020 Export Profiles' in 'Tools' menu (hotkey=E order=45)
[2026-01-11 00:17:58.591] MenuRegistry: Registered 'T2020 Export Profiles' in 'Tools' menu (hotkey=E order=45)
[2026-01-11 00:17:58.592] ServiceContainer: Registered 'WeeklyTimeReportScreen' (singleton=False)
[2026-01-11 00:17:58.593] MenuRegistry: Registered 'Weekly Report' in 'Time' menu (hotkey=W order=10)
[2026-01-11 00:17:58.594] MenuRegistry: Registered 'Weekly Report' in 'Time' menu (hotkey=W order=10)
[2026-01-11 00:17:58.595] ServiceContainer: Registered 'ExcelImportProfileManagerScreen' (singleton=False)
[2026-01-11 00:17:58.595] MenuRegistry: Registered 'Excel Import Profiles' in 'Tools' menu (hotkey=I order=40)
[2026-01-11 00:17:58.596] MenuRegistry: Registered 'Excel Import Profiles' in 'Tools' menu (hotkey=I order=40)
[2026-01-11 00:17:58.598] ServiceContainer: Registered 'ThemeEditorScreen' (singleton=False)
[2026-01-11 00:17:58.598] MenuRegistry: Registered 'Theme Editor' in 'Options' menu (hotkey=T order=10)
[2026-01-11 00:17:58.599] MenuRegistry: Registered 'Theme Editor' in 'Options' menu (hotkey=T order=10)
[2026-01-11 00:17:58.600] ServiceContainer: Registered 'ProjectListScreen' (singleton=False)
[2026-01-11 00:17:58.601] MenuRegistry: Registered 'Project List' in 'Projects' menu (hotkey=L order=10)
[2026-01-11 00:17:58.602] MenuRegistry: Registered 'Project List' in 'Projects' menu (hotkey=L order=10)
[2026-01-11 00:17:58.603] ServiceContainer: Registered 'HelpViewScreen' (singleton=False)
[2026-01-11 00:17:58.603] MenuRegistry: Registered 'Help' in 'Help' menu (hotkey=H order=10)
[2026-01-11 00:17:58.604] MenuRegistry: Registered 'Help' in 'Help' menu (hotkey=H order=10)
[2026-01-11 00:17:58.605] ServiceContainer: Registered 'CalendarScreen' (singleton=False)
[2026-01-11 00:17:58.606] MenuRegistry: Registered 'Calendar' in 'Tools' menu (hotkey=A order=50)
[2026-01-11 00:17:58.607] MenuRegistry: Registered 'Calendar' in 'Tools' menu (hotkey=A order=50)
[2026-01-11 00:17:58.608] ServiceContainer: Registered 'CommandLibraryScreen' (singleton=False)
[2026-01-11 00:17:58.608] MenuRegistry: Registered 'Command Library' in 'Tools' menu (hotkey=L order=10)
[2026-01-11 00:17:58.609] MenuRegistry: Registered 'Command Library' in 'Tools' menu (hotkey=L order=10)
[2026-01-11 00:17:58.610] ServiceContainer: Registered 'ChecklistTemplatesFolderScreen' (singleton=False)
[2026-01-11 00:17:58.611] MenuRegistry: Registered 'Checklist Templates' in 'Tools' menu (hotkey=H order=30)
[2026-01-11 00:17:58.612] MenuRegistry: Registered 'Checklist Templates' in 'Tools' menu (hotkey=H order=30)
[2026-01-11 00:17:58.613] ServiceContainer: Registered 'ExcelImportScreen' (singleton=False)
[2026-01-11 00:17:58.614] MenuRegistry: Registered 'Import from Excel' in 'Projects' menu (hotkey=I order=40)
[2026-01-11 00:17:58.615] MenuRegistry: Registered 'Import from Excel' in 'Projects' menu (hotkey=I order=40)
[2026-01-11 00:17:58.616] ServiceContainer: Registered 'NotesMenuScreen' (singleton=False)
[2026-01-11 00:17:58.616] MenuRegistry: Registered 'Notes' in 'Tools' menu (hotkey=N order=20)
[2026-01-11 00:17:58.617] MenuRegistry: Registered 'Notes' in 'Tools' menu (hotkey=N order=20)
[2026-01-11 00:17:58.618] ServiceContainer: Registered 'SettingsScreen' (singleton=False)
[2026-01-11 00:17:58.619] MenuRegistry: Registered 'Settings' in 'Options' menu (hotkey=S order=20)
[2026-01-11 00:17:58.637] MenuRegistry: Registered 'Settings' in 'Options' menu (hotkey=S order=20)
[2026-01-11 00:17:58.638] ServiceContainer: Registered 'TimeReportScreen' (singleton=False)
[2026-01-11 00:17:58.639] MenuRegistry: Registered 'Time Report' in 'Time' menu (hotkey=R order=20)
[2026-01-11 00:17:58.640] MenuRegistry: Registered 'Time Report' in 'Time' menu (hotkey=R order=20)
[2026-01-11 00:17:58.641] ServiceContainer: Registered 'ChecklistsLauncherScreen' (singleton=False)
[2026-01-11 00:17:58.641] MenuRegistry: Registered 'Checklists' in 'Tools' menu (hotkey=C order=25)
[2026-01-11 00:17:58.642] MenuRegistry: Registered 'Checklists' in 'Tools' menu (hotkey=C order=25)
[2026-01-11 00:17:58.643] ServiceContainer: Registered 'TimeListScreen' (singleton=False)
[2026-01-11 00:17:58.644] MenuRegistry: Registered 'Time Tracking' in 'Time' menu (hotkey=T order=5)
[2026-01-11 00:17:58.645] MenuRegistry: Registered 'Time Tracking' in 'Time' menu (hotkey=T order=5)
[2026-01-11 00:18:05.342] ServiceContainer: Resolving 'CommandLibraryScreen'...
[2026-01-11 00:18:05.537] [INFO] StandardListScreen._ConfigureListActions: Configuring actions for Command Library
[2026-01-11 00:18:05.545] [INFO] StandardListScreen: Added footer shortcut D -> Delete
[2026-01-11 00:18:05.548] [INFO] StandardListScreen._ConfigureListActions: Configured 5 footer shortcuts
[2026-01-11 00:18:05.595] ServiceContainer: Resolved 'CommandLibraryScreen' successfully
[2026-01-11 00:18:05.671] [INFO] StandardListScreen._ConfigureListActions: Configuring actions for Command Library
[2026-01-11 00:18:05.672] [INFO] StandardListScreen: Added footer shortcut D -> Delete
[2026-01-11 00:18:05.673] [INFO] StandardListScreen._ConfigureListActions: Configured 5 footer shortcuts
[00:18:05.868] [Z-BUFFER] REJECTED at (2,7): currentZ=10 < zBuffer=20 char='N'
[00:18:05.869] [Z-BUFFER] REJECTED at (3,7): currentZ=10 < zBuffer=20 char='a'
[00:18:05.870] [Z-BUFFER] REJECTED at (4,7): currentZ=10 < zBuffer=20 char='m'
[00:18:05.871] [Z-BUFFER] REJECTED at (5,7): currentZ=10 < zBuffer=20 char='e'
[00:18:08.710] [Z-BUFFER] REJECTED at (2,7): currentZ=10 < zBuffer=20 char='N'
[00:18:08.711] [Z-BUFFER] REJECTED at (3,7): currentZ=10 < zBuffer=20 char='a'
[00:18:08.712] [Z-BUFFER] REJECTED at (4,7): currentZ=10 < zBuffer=20 char='m'
[00:18:08.713] [Z-BUFFER] REJECTED at (5,7): currentZ=10 < zBuffer=20 char='e'
[00:18:09.664] [Z-BUFFER] REJECTED at (2,7): currentZ=10 < zBuffer=20 char='N'
[00:18:09.665] [Z-BUFFER] REJECTED at (3,7): currentZ=10 < zBuffer=20 char='a'
[00:18:09.665] [Z-BUFFER] REJECTED at (4,7): currentZ=10 < zBuffer=20 char='m'
[00:18:09.665] [Z-BUFFER] REJECTED at (5,7): currentZ=10 < zBuffer=20 char='e'
[00:18:12.669] [Z-BUFFER] REJECTED at (2,7): currentZ=10 < zBuffer=20 char='N'
[00:18:12.669] [Z-BUFFER] REJECTED at (3,7): currentZ=10 < zBuffer=20 char='a'
[00:18:12.670] [Z-BUFFER] REJECTED at (4,7): currentZ=10 < zBuffer=20 char='m'
[00:18:12.670] [Z-BUFFER] REJECTED at (5,7): currentZ=10 < zBuffer=20 char='e'
[00:18:13.076] [Z-BUFFER] REJECTED at (2,7): currentZ=10 < zBuffer=20 char='N'
[00:18:13.077] [Z-BUFFER] REJECTED at (3,7): currentZ=10 < zBuffer=20 char='a'
[00:18:13.077] [Z-BUFFER] REJECTED at (4,7): currentZ=10 < zBuffer=20 char='m'
[00:18:13.078] [Z-BUFFER] REJECTED at (5,7): currentZ=10 < zBuffer=20 char='e'
[00:18:13.479] [Z-BUFFER] REJECTED at (2,7): currentZ=10 < zBuffer=20 char='N'
[00:18:13.480] [Z-BUFFER] REJECTED at (3,7): currentZ=10 < zBuffer=20 char='a'
[00:18:13.481] [Z-BUFFER] REJECTED at (4,7): currentZ=10 < zBuffer=20 char='m'
[00:18:13.482] [Z-BUFFER] REJECTED at (5,7): currentZ=10 < zBuffer=20 char='e'
[00:18:13.614] [Z-BUFFER] REJECTED at (2,7): currentZ=10 < zBuffer=20 char='N'
[00:18:13.615] [Z-BUFFER] REJECTED at (3,7): currentZ=10 < zBuffer=20 char='a'
[00:18:13.615] [Z-BUFFER] REJECTED at (4,7): currentZ=10 < zBuffer=20 char='m'
[00:18:13.616] [Z-BUFFER] REJECTED at (5,7): currentZ=10 < zBuffer=20 char='e'
[00:18:13.691] [Z-BUFFER] REJECTED at (2,7): currentZ=10 < zBuffer=20 char='N'
[00:18:13.691] [Z-BUFFER] REJECTED at (3,7): currentZ=10 < zBuffer=20 char='a'
[00:18:13.691] [Z-BUFFER] REJECTED at (4,7): currentZ=10 < zBuffer=20 char='m'
[00:18:13.692] [Z-BUFFER] REJECTED at (5,7): currentZ=10 < zBuffer=20 char='e'
[00:18:13.843] [Z-BUFFER] REJECTED at (2,7): currentZ=10 < zBuffer=20 char='N'
[00:18:13.844] [Z-BUFFER] REJECTED at (3,7): currentZ=10 < zBuffer=20 char='a'
[00:18:13.844] [Z-BUFFER] REJECTED at (4,7): currentZ=10 < zBuffer=20 char='m'
[00:18:13.844] [Z-BUFFER] REJECTED at (5,7): currentZ=10 < zBuffer=20 char='e'
[00:18:15.150] [Z-BUFFER] REJECTED at (2,7): currentZ=10 < zBuffer=20 char='N'
[00:18:15.151] [Z-BUFFER] REJECTED at (3,7): currentZ=10 < zBuffer=20 char='a'
[00:18:15.152] [Z-BUFFER] REJECTED at (4,7): currentZ=10 < zBuffer=20 char='m'
[00:18:15.153] [Z-BUFFER] REJECTED at (5,7): currentZ=10 < zBuffer=20 char='e'
[00:18:16.351] [Z-BUFFER] REJECTED at (2,7): currentZ=10 < zBuffer=20 char='N'
[00:18:16.352] [Z-BUFFER] REJECTED at (3,7): currentZ=10 < zBuffer=20 char='a'
[00:18:16.353] [Z-BUFFER] REJECTED at (4,7): currentZ=10 < zBuffer=20 char='m'
[00:18:16.353] [Z-BUFFER] REJECTED at (5,7): currentZ=10 < zBuffer=20 char='e'
[00:18:17.551] [Z-BUFFER] REJECTED at (2,7): currentZ=10 < zBuffer=20 char='N'
[00:18:17.552] [Z-BUFFER] REJECTED at (3,7): currentZ=10 < zBuffer=20 char='a'
[00:18:17.553] [Z-BUFFER] REJECTED at (4,7): currentZ=10 < zBuffer=20 char='m'
[00:18:17.554] [Z-BUFFER] REJECTED at (5,7): currentZ=10 < zBuffer=20 char='e'
[00:18:18.351] [Z-BUFFER] REJECTED at (2,7): currentZ=10 < zBuffer=20 char='N'
[00:18:18.351] [Z-BUFFER] REJECTED at (3,7): currentZ=10 < zBuffer=20 char='a'
[00:18:18.352] [Z-BUFFER] REJECTED at (4,7): currentZ=10 < zBuffer=20 char='m'
[00:18:18.353] [Z-BUFFER] REJECTED at (5,7): currentZ=10 < zBuffer=20 char='e'
[00:18:19.545] [Z-BUFFER] REJECTED at (2,7): currentZ=10 < zBuffer=20 char='N'
[00:18:19.548] [Z-BUFFER] REJECTED at (3,7): currentZ=10 < zBuffer=20 char='a'
[00:18:19.549] [Z-BUFFER] REJECTED at (4,7): currentZ=10 < zBuffer=20 char='m'
[00:18:19.549] [Z-BUFFER] REJECTED at (5,7): currentZ=10 < zBuffer=20 char='e'
[00:18:19.952] [Z-BUFFER] REJECTED at (2,7): currentZ=10 < zBuffer=20 char='N'
[00:18:19.953] [Z-BUFFER] REJECTED at (3,7): currentZ=10 < zBuffer=20 char='a'
[00:18:19.953] [Z-BUFFER] REJECTED at (4,7): currentZ=10 < zBuffer=20 char='m'
[00:18:19.954] [Z-BUFFER] REJECTED at (5,7): currentZ=10 < zBuffer=20 char='e'
[00:18:20.760] [Z-BUFFER] REJECTED at (2,7): currentZ=10 < zBuffer=20 char='N'
[00:18:20.761] [Z-BUFFER] REJECTED at (3,7): currentZ=10 < zBuffer=20 char='a'
[00:18:20.762] [Z-BUFFER] REJECTED at (4,7): currentZ=10 < zBuffer=20 char='m'
[00:18:20.762] [Z-BUFFER] REJECTED at (5,7): currentZ=10 < zBuffer=20 char='e'
