[2025-12-31 12:09:24.011] ServiceContainer: Registered 'Theme' (singleton=True)
[2025-12-31 12:09:24.021] ServiceContainer: Registered 'ThemeManager' (singleton=True)
[2025-12-31 12:09:24.023] ServiceContainer: Registered 'Config' (singleton=True)
[2025-12-31 12:09:24.024] ServiceContainer: Registered 'TaskStore' (singleton=True)
[2025-12-31 12:09:24.027] ServiceContainer: Registered 'MenuRegistry' (singleton=True)
[2025-12-31 12:09:24.029] ServiceContainer: Registered 'Application' (singleton=True)
[2025-12-31 12:09:24.031] ServiceContainer: Registered 'CommandService' (singleton=True)
[2025-12-31 12:09:24.033] ServiceContainer: Registered 'ChecklistService' (singleton=True)
[2025-12-31 12:09:24.035] ServiceContainer: Registered 'NoteService' (singleton=True)
[2025-12-31 12:09:24.037] ServiceContainer: Registered 'ExcelMappingService' (singleton=True)
[2025-12-31 12:09:24.039] ServiceContainer: Registered 'ExcelCopyService' (singleton=True)
[2025-12-31 12:09:24.041] ServiceContainer: Registered 'PreferencesService' (singleton=True)
[2025-12-31 12:09:24.043] ServiceContainer: Registered 'ExcelImportService' (singleton=True)
[2025-12-31 12:09:24.046] ServiceContainer: Registered 'TextExportService' (singleton=True)
[2025-12-31 12:09:24.049] ServiceContainer: Registered 'TaskListScreen' (singleton=False)
[2025-12-31 12:09:24.082] ServiceContainer: Resolving 'Application'...
[2025-12-31 12:09:24.085] ServiceContainer: Resolving 'Theme'...
[2025-12-31 12:09:24.358] ServiceContainer: Resolved 'Theme' successfully
[2025-12-31 12:09:24.529] ServiceContainer: Resolving 'ThemeManager'...
[2025-12-31 12:09:24.533] ServiceContainer: Resolved 'ThemeManager' successfully
[2025-12-31 12:09:24.561] ServiceContainer: Resolved 'Application' successfully
[2025-12-31 12:09:24.564] ServiceContainer: Resolving 'MenuRegistry'...
[2025-12-31 12:09:24.607] ServiceContainer: Resolved 'MenuRegistry' successfully
[2025-12-31 12:09:24.652] MenuRegistry: Loaded manifest with 16 entries
[2025-12-31 12:09:24.705] ServiceContainer: Registered 'CommandLibraryScreen' (singleton=False)
[2025-12-31 12:09:24.707] MenuRegistry: Registered 'Command Library' in 'Tools' menu (hotkey=L order=10)
[2025-12-31 12:09:24.742] MenuRegistry: Registered 'Command Library' in 'Tools' menu (hotkey=L order=10)
[2025-12-31 12:09:24.747] ServiceContainer: Registered 'ExcelImportScreen' (singleton=False)
[2025-12-31 12:09:24.749] MenuRegistry: Registered 'Import from Excel' in 'Projects' menu (hotkey=I order=40)
[2025-12-31 12:09:24.753] MenuRegistry: Registered 'Import from Excel' in 'Projects' menu (hotkey=I order=40)
[2025-12-31 12:09:24.757] ServiceContainer: Registered 'TimeListScreen' (singleton=False)
[2025-12-31 12:09:24.760] MenuRegistry: Registered 'Time Tracking' in 'Time' menu (hotkey=T order=5)
[2025-12-31 12:09:24.763] MenuRegistry: Registered 'Time Tracking' in 'Time' menu (hotkey=T order=5)
[2025-12-31 12:09:24.768] ServiceContainer: Registered 'TaskListScreen_Default' (singleton=False)
[2025-12-31 12:09:24.770] MenuRegistry: Registered 'Task List' in 'Tasks' menu (hotkey=L order=5)
[2025-12-31 12:09:24.773] MenuRegistry: Registered 'Task List' in 'Tasks' menu (hotkey=L order=5)
[2025-12-31 12:09:24.779] ServiceContainer: Registered 'TimeReportScreen' (singleton=False)
[2025-12-31 12:09:24.782] MenuRegistry: Registered 'Time Report' in 'Time' menu (hotkey=R order=20)
[2025-12-31 12:09:24.786] MenuRegistry: Registered 'Time Report' in 'Time' menu (hotkey=R order=20)
[2025-12-31 12:09:24.790] ServiceContainer: Registered 'ProjectListScreen' (singleton=False)
[2025-12-31 12:09:24.792] MenuRegistry: Registered 'Project List' in 'Projects' menu (hotkey=L order=10)
[2025-12-31 12:09:24.796] MenuRegistry: Registered 'Project List' in 'Projects' menu (hotkey=L order=10)
[2025-12-31 12:09:24.799] ServiceContainer: Registered 'ExcelProfileManagerScreen' (singleton=False)
[2025-12-31 12:09:24.802] MenuRegistry: Registered 'Excel Profiles' in 'Projects' menu (hotkey=M order=50)
[2025-12-31 12:09:24.806] MenuRegistry: Registered 'Excel Profiles' in 'Projects' menu (hotkey=M order=50)
[2025-12-31 12:09:24.810] ServiceContainer: Registered 'HelpViewScreen' (singleton=False)
[2025-12-31 12:09:24.813] MenuRegistry: Registered 'Help' in 'Help' menu (hotkey=H order=10)
[2025-12-31 12:09:24.819] MenuRegistry: Registered 'Help' in 'Help' menu (hotkey=H order=10)
[2025-12-31 12:09:24.825] ServiceContainer: Registered 'SettingsScreen' (singleton=False)
[2025-12-31 12:09:24.828] MenuRegistry: Registered 'Settings' in 'Options' menu (hotkey=S order=20)
[2025-12-31 12:09:24.833] MenuRegistry: Registered 'Settings' in 'Options' menu (hotkey=S order=20)
[2025-12-31 12:09:24.838] ServiceContainer: Registered 'ChecklistsLauncherScreen' (singleton=False)
[2025-12-31 12:09:24.842] MenuRegistry: Registered 'Checklists' in 'Tools' menu (hotkey=C order=25)
[2025-12-31 12:09:24.860] MenuRegistry: Registered 'Checklists' in 'Tools' menu (hotkey=C order=25)
[2025-12-31 12:09:24.864] ServiceContainer: Registered 'TextExportProfileManagerScreen' (singleton=False)
[2025-12-31 12:09:24.866] MenuRegistry: Registered 'T2020 Export Profiles' in 'Tools' menu (hotkey=E order=45)
[2025-12-31 12:09:24.868] MenuRegistry: Registered 'T2020 Export Profiles' in 'Tools' menu (hotkey=E order=45)
[2025-12-31 12:09:24.871] ServiceContainer: Registered 'WeeklyTimeReportScreen' (singleton=False)
[2025-12-31 12:09:24.873] MenuRegistry: Registered 'Weekly Report' in 'Time' menu (hotkey=W order=10)
[2025-12-31 12:09:24.876] MenuRegistry: Registered 'Weekly Report' in 'Time' menu (hotkey=W order=10)
[2025-12-31 12:09:24.880] ServiceContainer: Registered 'ChecklistTemplatesFolderScreen' (singleton=False)
[2025-12-31 12:09:24.882] MenuRegistry: Registered 'Checklist Templates' in 'Tools' menu (hotkey=H order=30)
[2025-12-31 12:09:24.886] MenuRegistry: Registered 'Checklist Templates' in 'Tools' menu (hotkey=H order=30)
[2025-12-31 12:09:24.890] ServiceContainer: Registered 'NotesMenuScreen' (singleton=False)
[2025-12-31 12:09:24.892] MenuRegistry: Registered 'Notes' in 'Tools' menu (hotkey=N order=20)
[2025-12-31 12:09:24.896] MenuRegistry: Registered 'Notes' in 'Tools' menu (hotkey=N order=20)
[2025-12-31 12:09:24.900] ServiceContainer: Registered 'ThemeEditorScreen' (singleton=False)
[2025-12-31 12:09:24.903] MenuRegistry: Registered 'Theme Editor' in 'Options' menu (hotkey=T order=10)
[2025-12-31 12:09:24.907] MenuRegistry: Registered 'Theme Editor' in 'Options' menu (hotkey=T order=10)
[2025-12-31 12:09:24.911] ServiceContainer: Registered 'ExcelImportProfileManagerScreen' (singleton=False)
[2025-12-31 12:09:24.914] MenuRegistry: Registered 'Excel Import Profiles' in 'Tools' menu (hotkey=I order=40)
[2025-12-31 12:09:24.917] MenuRegistry: Registered 'Excel Import Profiles' in 'Tools' menu (hotkey=I order=40)
[2025-12-31 12:09:24.921] ServiceContainer: Resolving 'TaskListScreen'...
[2025-12-31 12:09:24.925] ServiceContainer: Resolving 'TaskStore'...
[2025-12-31 12:09:25.862] ServiceContainer: Resolved 'TaskStore' successfully
[2025-12-31 12:09:27.711] _PopulateMenusFromRegistry: Menu 'Help' has 1 items from registry (array)
[2025-12-31 12:09:27.757] _PopulateMenusFromRegistry: Menu 'Time' has 3 items from registry (array)
[2025-12-31 12:09:27.767] _PopulateMenusFromRegistry: Menu 'Options' has 2 items from registry (array)
[2025-12-31 12:09:27.775] _PopulateMenusFromRegistry: Menu 'Projects' has 3 items from registry (array)
[2025-12-31 12:09:27.788] _PopulateMenusFromRegistry: Menu 'Tools' has 6 items from registry (array)
[2025-12-31 12:09:27.795] _PopulateMenusFromRegistry: Menu 'Tasks' has 1 items from registry (array)
[2025-12-31 12:09:27.800] ServiceContainer: Resolved 'TaskListScreen' successfully
