[2026-01-08 16:57:31.869] ServiceContainer: Registered 'Theme' (singleton=True)
[2026-01-08 16:57:31.873] ServiceContainer: Registered 'ThemeManager' (singleton=True)
[2026-01-08 16:57:31.874] ServiceContainer: Registered 'Config' (singleton=True)
[2026-01-08 16:57:31.875] ServiceContainer: Registered 'TaskStore' (singleton=True)
[2026-01-08 16:57:31.876] ServiceContainer: Registered 'MenuRegistry' (singleton=True)
[2026-01-08 16:57:31.877] ServiceContainer: Registered 'Application' (singleton=True)
[2026-01-08 16:57:31.878] ServiceContainer: Registered 'CommandService' (singleton=True)
[2026-01-08 16:57:31.879] ServiceContainer: Registered 'ChecklistService' (singleton=True)
[2026-01-08 16:57:31.880] ServiceContainer: Registered 'NoteService' (singleton=True)
[2026-01-08 16:57:31.881] ServiceContainer: Registered 'ExcelMappingService' (singleton=True)
[2026-01-08 16:57:31.882] ServiceContainer: Registered 'ExcelCopyService' (singleton=True)
[2026-01-08 16:57:31.883] ServiceContainer: Registered 'PreferencesService' (singleton=True)
[2026-01-08 16:57:31.884] ServiceContainer: Registered 'ExcelImportService' (singleton=True)
[2026-01-08 16:57:31.885] ServiceContainer: Registered 'TextExportService' (singleton=True)
[2026-01-08 16:57:31.886] ServiceContainer: Registered 'TaskListScreen' (singleton=False)
[2026-01-08 16:57:31.907] ServiceContainer: Resolving 'Application'...
[2026-01-08 16:57:31.909] ServiceContainer: Resolving 'Theme'...
[2026-01-08 16:57:32.161] ServiceContainer: Resolved 'Theme' successfully
[2026-01-08 16:57:32.272] ServiceContainer: Resolving 'ThemeManager'...
[2026-01-08 16:57:32.274] ServiceContainer: Resolved 'ThemeManager' successfully
[2026-01-08 16:57:32.291] ServiceContainer: Resolved 'Application' successfully
[2026-01-08 16:57:32.293] ServiceContainer: Resolving 'MenuRegistry'...
[2026-01-08 16:57:32.307] ServiceContainer: Resolved 'MenuRegistry' successfully
[2026-01-08 16:57:32.331] MenuRegistry: Loaded manifest with 16 entries
[2026-01-08 16:57:32.364] ServiceContainer: Registered 'ThemeEditorScreen' (singleton=False)
[2026-01-08 16:57:32.365] MenuRegistry: Registered 'Theme Editor' in 'Options' menu (hotkey=T order=10)
[2026-01-08 16:57:32.386] MenuRegistry: Registered 'Theme Editor' in 'Options' menu (hotkey=T order=10)
[2026-01-08 16:57:32.388] ServiceContainer: Registered 'ExcelImportProfileManagerScreen' (singleton=False)
[2026-01-08 16:57:32.389] MenuRegistry: Registered 'Excel Import Profiles' in 'Tools' menu (hotkey=I order=40)
[2026-01-08 16:57:32.392] MenuRegistry: Registered 'Excel Import Profiles' in 'Tools' menu (hotkey=I order=40)
[2026-01-08 16:57:32.394] ServiceContainer: Registered 'HelpViewScreen' (singleton=False)
[2026-01-08 16:57:32.394] MenuRegistry: Registered 'Help' in 'Help' menu (hotkey=H order=10)
[2026-01-08 16:57:32.396] MenuRegistry: Registered 'Help' in 'Help' menu (hotkey=H order=10)
[2026-01-08 16:57:32.408] ServiceContainer: Registered 'CommandLibraryScreen' (singleton=False)
[2026-01-08 16:57:32.409] MenuRegistry: Registered 'Command Library' in 'Tools' menu (hotkey=L order=10)
[2026-01-08 16:57:32.410] MenuRegistry: Registered 'Command Library' in 'Tools' menu (hotkey=L order=10)
[2026-01-08 16:57:32.412] ServiceContainer: Registered 'WeeklyTimeReportScreen' (singleton=False)
[2026-01-08 16:57:32.413] MenuRegistry: Registered 'Weekly Report' in 'Time' menu (hotkey=W order=10)
[2026-01-08 16:57:32.415] MenuRegistry: Registered 'Weekly Report' in 'Time' menu (hotkey=W order=10)
[2026-01-08 16:57:32.416] ServiceContainer: Registered 'TextExportProfileManagerScreen' (singleton=False)
[2026-01-08 16:57:32.417] MenuRegistry: Registered 'T2020 Export Profiles' in 'Tools' menu (hotkey=E order=45)
[2026-01-08 16:57:32.419] MenuRegistry: Registered 'T2020 Export Profiles' in 'Tools' menu (hotkey=E order=45)
[2026-01-08 16:57:32.421] ServiceContainer: Registered 'ExcelProfileManagerScreen' (singleton=False)
[2026-01-08 16:57:32.421] MenuRegistry: Registered 'Excel Profiles' in 'Projects' menu (hotkey=M order=50)
[2026-01-08 16:57:32.423] MenuRegistry: Registered 'Excel Profiles' in 'Projects' menu (hotkey=M order=50)
[2026-01-08 16:57:32.425] ServiceContainer: Registered 'TimeReportScreen' (singleton=False)
[2026-01-08 16:57:32.426] MenuRegistry: Registered 'Time Report' in 'Time' menu (hotkey=R order=20)
[2026-01-08 16:57:32.427] MenuRegistry: Registered 'Time Report' in 'Time' menu (hotkey=R order=20)
[2026-01-08 16:57:32.429] ServiceContainer: Registered 'SettingsScreen' (singleton=False)
[2026-01-08 16:57:32.430] MenuRegistry: Registered 'Settings' in 'Options' menu (hotkey=S order=20)
[2026-01-08 16:57:32.431] MenuRegistry: Registered 'Settings' in 'Options' menu (hotkey=S order=20)
[2026-01-08 16:57:32.433] ServiceContainer: Registered 'TimeListScreen' (singleton=False)
[2026-01-08 16:57:32.434] MenuRegistry: Registered 'Time Tracking' in 'Time' menu (hotkey=T order=5)
[2026-01-08 16:57:32.436] MenuRegistry: Registered 'Time Tracking' in 'Time' menu (hotkey=T order=5)
[2026-01-08 16:57:32.437] ServiceContainer: Registered 'ProjectListScreen' (singleton=False)
[2026-01-08 16:57:32.438] MenuRegistry: Registered 'Project List' in 'Projects' menu (hotkey=L order=10)
[2026-01-08 16:57:32.440] MenuRegistry: Registered 'Project List' in 'Projects' menu (hotkey=L order=10)
[2026-01-08 16:57:32.441] ServiceContainer: Registered 'ChecklistTemplatesFolderScreen' (singleton=False)
[2026-01-08 16:57:32.442] MenuRegistry: Registered 'Checklist Templates' in 'Tools' menu (hotkey=H order=30)
[2026-01-08 16:57:32.444] MenuRegistry: Registered 'Checklist Templates' in 'Tools' menu (hotkey=H order=30)
[2026-01-08 16:57:32.446] ServiceContainer: Registered 'ExcelImportScreen' (singleton=False)
[2026-01-08 16:57:32.447] MenuRegistry: Registered 'Import from Excel' in 'Projects' menu (hotkey=I order=40)
[2026-01-08 16:57:32.449] MenuRegistry: Registered 'Import from Excel' in 'Projects' menu (hotkey=I order=40)
[2026-01-08 16:57:32.451] ServiceContainer: Registered 'TaskListScreen_Default' (singleton=False)
[2026-01-08 16:57:32.452] MenuRegistry: Registered 'Task List' in 'Tasks' menu (hotkey=L order=5)
[2026-01-08 16:57:32.454] MenuRegistry: Registered 'Task List' in 'Tasks' menu (hotkey=L order=5)
[2026-01-08 16:57:32.456] ServiceContainer: Registered 'ChecklistsLauncherScreen' (singleton=False)
[2026-01-08 16:57:32.457] MenuRegistry: Registered 'Checklists' in 'Tools' menu (hotkey=C order=25)
[2026-01-08 16:57:32.459] MenuRegistry: Registered 'Checklists' in 'Tools' menu (hotkey=C order=25)
[2026-01-08 16:57:32.460] ServiceContainer: Registered 'NotesMenuScreen' (singleton=False)
[2026-01-08 16:57:32.461] MenuRegistry: Registered 'Notes' in 'Tools' menu (hotkey=N order=20)
[2026-01-08 16:57:32.463] MenuRegistry: Registered 'Notes' in 'Tools' menu (hotkey=N order=20)
[2026-01-08 16:57:32.465] ServiceContainer: Resolving 'TaskListScreen'...
[2026-01-08 16:57:32.494] ServiceContainer: Resolving 'TaskStore'...
[2026-01-08 16:57:32.631] ServiceContainer: Resolved 'TaskStore' successfully
[2026-01-08 16:57:33.428] [INFO] StandardListScreen._ConfigureListActions: Configuring actions for Tasks
[2026-01-08 16:57:33.470] [INFO] StandardListScreen: Added footer shortcut D -> Delete
[2026-01-08 16:57:33.496] [INFO] StandardListScreen._ConfigureListActions: Configured 16 footer shortcuts
[2026-01-08 16:57:33.712] _PopulateMenusFromRegistry: Menu 'Options' has 2 items from registry (array)
[2026-01-08 16:57:33.739] _PopulateMenusFromRegistry: Menu 'Projects' has 3 items from registry (array)
[2026-01-08 16:57:33.743] _PopulateMenusFromRegistry: Menu 'Time' has 3 items from registry (array)
[2026-01-08 16:57:33.758] _PopulateMenusFromRegistry: Menu 'Help' has 1 items from registry (array)
[2026-01-08 16:57:33.763] _PopulateMenusFromRegistry: Menu 'Tools' has 6 items from registry (array)
[2026-01-08 16:57:33.766] _PopulateMenusFromRegistry: Menu 'Tasks' has 1 items from registry (array)
[2026-01-08 16:57:33.769] ServiceContainer: Resolved 'TaskListScreen' successfully
[2026-01-08 16:57:34.156] [INFO] StandardListScreen._ConfigureListActions: Configuring actions for Tasks
[2026-01-08 16:57:34.159] [INFO] StandardListScreen: Added footer shortcut D -> Delete
[2026-01-08 16:57:34.167] [INFO] StandardListScreen._ConfigureListActions: Configured 16 footer shortcuts
[2026-01-08 16:57:35.691] [ERROR] Widget render error: Footer render failed: Method invocation failed because [PmcFooter] does not contain a method named 'RenderToEngine'.
[2026-01-08 16:57:35.693] [ERROR] Stack: at RenderWithCache, /home/teej/ztest/module/Pmc.Strict/consoleui/widgets/PmcWidget.ps1: line 838
at _RenderWidgetWithCache, /home/teej/ztest/module/Pmc.Strict/consoleui/PmcScreen.ps1: line 493
at RenderToEngine, /home/teej/ztest/module/Pmc.Strict/consoleui/PmcScreen.ps1: line 449
at RenderToEngine, /home/teej/ztest/module/Pmc.Strict/consoleui/base/StandardListScreen.ps1: line 247
at RenderToEngine, /home/teej/ztest/module/Pmc.Strict/consoleui/screens/TaskListScreen.ps1: line 2282
at _RenderCurrentScreen, /home/teej/ztest/module/Pmc.Strict/consoleui/PmcApplication.ps1: line 234
at Run, /home/teej/ztest/module/Pmc.Strict/consoleui/PmcApplication.ps1: line 464
at Start-PmcTUI, /home/teej/ztest/module/Pmc.Strict/consoleui/Start-PmcTUI.ps1: line 626
at <ScriptBlock>, /home/teej/ztest/start.ps1: line 37
[2026-01-08 16:57:35.694] [ERROR] TargetObject: 
[2026-01-08 16:57:35.697] [ERROR] InvocationInfo:         $this.RenderToEngine($engine)

[16:57:35.913] [Z-BUFFER] REJECTED at (4,4): currentZ=10 < zBuffer=20 char='T'
[16:57:35.914] [Z-BUFFER] REJECTED at (5,4): currentZ=10 < zBuffer=20 char='a'
[16:57:35.915] [Z-BUFFER] REJECTED at (6,4): currentZ=10 < zBuffer=20 char='s'
[16:57:35.916] [Z-BUFFER] REJECTED at (7,4): currentZ=10 < zBuffer=20 char='k'
[16:57:35.918] [Z-BUFFER] REJECTED at (27,4): currentZ=10 < zBuffer=20 char='D'
[16:57:35.919] [Z-BUFFER] REJECTED at (28,4): currentZ=10 < zBuffer=20 char='u'
[16:57:35.921] [Z-BUFFER] REJECTED at (29,4): currentZ=10 < zBuffer=20 char='e'
[16:57:35.922] [Z-BUFFER] REJECTED at (49,4): currentZ=10 < zBuffer=20 char='T'
[16:57:35.923] [Z-BUFFER] REJECTED at (50,4): currentZ=10 < zBuffer=20 char='a'
[16:57:35.924] [Z-BUFFER] REJECTED at (51,4): currentZ=10 < zBuffer=20 char='g'
[16:57:35.925] [Z-BUFFER] REJECTED at (52,4): currentZ=10 < zBuffer=20 char='s'
