[2025-12-19 23:00:05.266] ServiceContainer: Registered 'Theme' (singleton=True)
[2025-12-19 23:00:05.274] ServiceContainer: Registered 'ThemeManager' (singleton=True)
[2025-12-19 23:00:05.275] ServiceContainer: Registered 'Config' (singleton=True)
[2025-12-19 23:00:05.276] ServiceContainer: Registered 'TaskStore' (singleton=True)
[2025-12-19 23:00:05.277] ServiceContainer: Registered 'MenuRegistry' (singleton=True)
[2025-12-19 23:00:05.278] ServiceContainer: Registered 'Application' (singleton=True)
[2025-12-19 23:00:05.278] ServiceContainer: Registered 'CommandService' (singleton=True)
[2025-12-19 23:00:05.279] ServiceContainer: Registered 'ChecklistService' (singleton=True)
[2025-12-19 23:00:05.280] ServiceContainer: Registered 'NoteService' (singleton=True)
[2025-12-19 23:00:05.281] ServiceContainer: Registered 'ExcelMappingService' (singleton=True)
[2025-12-19 23:00:05.282] ServiceContainer: Registered 'PreferencesService' (singleton=True)
[2025-12-19 23:00:05.283] ServiceContainer: Registered 'TaskListScreen' (singleton=False)
[2025-12-19 23:00:05.296] ServiceContainer: Resolving 'Application'...
[2025-12-19 23:00:05.297] ServiceContainer: Resolving 'Theme'...
[2025-12-19 23:00:05.420] ServiceContainer: Resolved 'Theme' successfully
[2025-12-19 23:00:05.477] ServiceContainer: Resolving 'ThemeManager'...
[2025-12-19 23:00:05.480] ServiceContainer: Resolved 'ThemeManager' successfully
[2025-12-19 23:00:05.490] ServiceContainer: Resolved 'Application' successfully
[2025-12-19 23:00:05.491] ServiceContainer: Resolving 'MenuRegistry'...
[2025-12-19 23:00:05.502] ServiceContainer: Resolved 'MenuRegistry' successfully
[2025-12-19 23:00:05.522] MenuRegistry: Loaded manifest with 23 entries
[2025-12-19 23:00:05.551] ServiceContainer: Registered 'TaskListScreen_Agenda' (singleton=False)
[2025-12-19 23:00:05.552] MenuRegistry: Registered screen factory 'TaskListScreen_Agenda' in container (viewMode=agenda)
[2025-12-19 23:00:05.564] MenuRegistry: Registered 'Agenda View' in 'Tasks' menu (hotkey=A order=50)
[2025-12-19 23:00:05.566] ServiceContainer: Registered 'TaskListScreen_Week' (singleton=False)
[2025-12-19 23:00:05.566] MenuRegistry: Registered screen factory 'TaskListScreen_Week' in container (viewMode=week)
[2025-12-19 23:00:05.568] MenuRegistry: Registered 'Week View' in 'Tasks' menu (hotkey=W order=20)
[2025-12-19 23:00:05.569] ServiceContainer: Registered 'ChecklistsLauncherScreen' (singleton=False)
[2025-12-19 23:00:05.570] MenuRegistry: Registered screen factory 'ChecklistsLauncherScreen' in container (viewMode=)
[2025-12-19 23:00:05.571] MenuRegistry: Registered 'Checklists' in 'Tools' menu (hotkey=C order=25)
[2025-12-19 23:00:05.572] ServiceContainer: Registered 'HelpViewScreen' (singleton=False)
[2025-12-19 23:00:05.573] MenuRegistry: Registered screen factory 'HelpViewScreen' in container (viewMode=)
[2025-12-19 23:00:05.574] MenuRegistry: Registered 'Help' in 'Help' menu (hotkey=H order=10)
[2025-12-19 23:00:05.575] ServiceContainer: Registered 'TaskListScreen_Today' (singleton=False)
[2025-12-19 23:00:05.576] MenuRegistry: Registered screen factory 'TaskListScreen_Today' in container (viewMode=today)
[2025-12-19 23:00:05.577] MenuRegistry: Registered 'Today' in 'Tasks' menu (hotkey=Y order=10)
[2025-12-19 23:00:05.578] ServiceContainer: Registered 'TaskListScreen_Overdue' (singleton=False)
[2025-12-19 23:00:05.579] MenuRegistry: Registered screen factory 'TaskListScreen_Overdue' in container (viewMode=overdue)
[2025-12-19 23:00:05.579] MenuRegistry: Registered 'Overdue' in 'Tasks' menu (hotkey=O order=30)
[2025-12-19 23:00:05.580] ServiceContainer: Registered 'TimeListScreen' (singleton=False)
[2025-12-19 23:00:05.581] MenuRegistry: Registered screen factory 'TimeListScreen' in container (viewMode=)
[2025-12-19 23:00:05.582] MenuRegistry: Registered 'Time Tracking' in 'Time' menu (hotkey=T order=5)
[2025-12-19 23:00:05.583] ServiceContainer: Registered 'ExcelImportScreen' (singleton=False)
[2025-12-19 23:00:05.584] MenuRegistry: Registered screen factory 'ExcelImportScreen' in container (viewMode=)
[2025-12-19 23:00:05.584] MenuRegistry: Registered 'Import from Excel' in 'Projects' menu (hotkey=I order=40)
[2025-12-19 23:00:05.585] ServiceContainer: Registered 'CommandLibraryScreen' (singleton=False)
[2025-12-19 23:00:05.586] MenuRegistry: Registered screen factory 'CommandLibraryScreen' in container (viewMode=)
[2025-12-19 23:00:05.587] MenuRegistry: Registered 'Command Library' in 'Tools' menu (hotkey=L order=10)
[2025-12-19 23:00:05.588] ServiceContainer: Registered 'WeeklyTimeReportScreen' (singleton=False)
[2025-12-19 23:00:05.589] MenuRegistry: Registered screen factory 'WeeklyTimeReportScreen' in container (viewMode=)
[2025-12-19 23:00:05.589] MenuRegistry: Registered 'Weekly Report' in 'Time' menu (hotkey=W order=10)
[2025-12-19 23:00:05.591] ServiceContainer: Registered 'TimeReportScreen' (singleton=False)
[2025-12-19 23:00:05.591] MenuRegistry: Registered screen factory 'TimeReportScreen' in container (viewMode=)
[2025-12-19 23:00:05.592] MenuRegistry: Registered 'Time Report' in 'Time' menu (hotkey=R order=20)
[2025-12-19 23:00:05.593] ServiceContainer: Registered 'TaskListScreen_NoDate' (singleton=False)
[2025-12-19 23:00:05.594] MenuRegistry: Registered screen factory 'TaskListScreen_NoDate' in container (viewMode=noduedate)
[2025-12-19 23:00:05.594] MenuRegistry: Registered 'No Due Date' in 'Tasks' menu (hotkey=D order=40)
[2025-12-19 23:00:05.596] ServiceContainer: Registered 'TaskListScreen_Tomorrow' (singleton=False)
[2025-12-19 23:00:05.596] MenuRegistry: Registered screen factory 'TaskListScreen_Tomorrow' in container (viewMode=tomorrow)
[2025-12-19 23:00:05.597] MenuRegistry: Registered 'Tomorrow' in 'Tasks' menu (hotkey=T order=15)
[2025-12-19 23:00:05.599] ServiceContainer: Registered 'SettingsScreen' (singleton=False)
[2025-12-19 23:00:05.600] MenuRegistry: Registered screen factory 'SettingsScreen' in container (viewMode=)
[2025-12-19 23:00:05.621] MenuRegistry: Registered 'Settings' in 'Options' menu (hotkey=S order=20)
[2025-12-19 23:00:05.622] ServiceContainer: Registered 'ThemeEditorScreen' (singleton=False)
[2025-12-19 23:00:05.623] MenuRegistry: Registered screen factory 'ThemeEditorScreen' in container (viewMode=)
[2025-12-19 23:00:05.624] MenuRegistry: Registered 'Theme Editor' in 'Options' menu (hotkey=T order=10)
[2025-12-19 23:00:05.625] ServiceContainer: Registered 'TaskListScreen_Default' (singleton=False)
[2025-12-19 23:00:05.626] MenuRegistry: Registered screen factory 'TaskListScreen_Default' in container (viewMode=)
[2025-12-19 23:00:05.627] MenuRegistry: Registered 'Task List' in 'Tasks' menu (hotkey=L order=5)
[2025-12-19 23:00:05.629] ServiceContainer: Registered 'NotesMenuScreen' (singleton=False)
[2025-12-19 23:00:05.630] MenuRegistry: Registered screen factory 'NotesMenuScreen' in container (viewMode=)
[2025-12-19 23:00:05.631] MenuRegistry: Registered 'Notes' in 'Tools' menu (hotkey=N order=20)
[2025-12-19 23:00:05.633] ServiceContainer: Registered 'ChecklistTemplatesFolderScreen' (singleton=False)
[2025-12-19 23:00:05.634] MenuRegistry: Registered screen factory 'ChecklistTemplatesFolderScreen' in container (viewMode=)
[2025-12-19 23:00:05.635] MenuRegistry: Registered 'Checklist Templates' in 'Tools' menu (hotkey=H order=30)
[2025-12-19 23:00:05.637] ServiceContainer: Registered 'TaskListScreen_Upcoming' (singleton=False)
[2025-12-19 23:00:05.638] MenuRegistry: Registered screen factory 'TaskListScreen_Upcoming' in container (viewMode=upcoming)
[2025-12-19 23:00:05.639] MenuRegistry: Registered 'Upcoming' in 'Tasks' menu (hotkey=U order=25)
[2025-12-19 23:00:05.641] ServiceContainer: Registered 'TaskListScreen_NextActions' (singleton=False)
[2025-12-19 23:00:05.642] MenuRegistry: Registered screen factory 'TaskListScreen_NextActions' in container (viewMode=nextactions)
[2025-12-19 23:00:05.644] MenuRegistry: Registered 'Next Actions' in 'Tasks' menu (hotkey=N order=35)
[2025-12-19 23:00:05.646] ServiceContainer: Registered 'TaskListScreen_Month' (singleton=False)
[2025-12-19 23:00:05.647] MenuRegistry: Registered screen factory 'TaskListScreen_Month' in container (viewMode=month)
[2025-12-19 23:00:05.649] MenuRegistry: Registered 'Month View' in 'Tasks' menu (hotkey=M order=45)
[2025-12-19 23:00:05.651] ServiceContainer: Registered 'ExcelProfileManagerScreen' (singleton=False)
[2025-12-19 23:00:05.653] MenuRegistry: Registered screen factory 'ExcelProfileManagerScreen' in container (viewMode=)
[2025-12-19 23:00:05.655] MenuRegistry: Registered 'Excel Profiles' in 'Projects' menu (hotkey=M order=50)
[2025-12-19 23:00:05.657] ServiceContainer: Registered 'ProjectListScreen' (singleton=False)
[2025-12-19 23:00:05.658] MenuRegistry: Registered screen factory 'ProjectListScreen' in container (viewMode=)
[2025-12-19 23:00:05.660] MenuRegistry: Registered 'Project List' in 'Projects' menu (hotkey=L order=10)
[2025-12-19 23:00:05.661] ServiceContainer: Resolving 'TaskListScreen'...
[2025-12-19 23:00:05.663] ServiceContainer: Resolving 'TaskStore'...
[2025-12-19 23:00:05.852] ServiceContainer: Resolved 'TaskStore' successfully
[2025-12-19 23:00:06.522] _PopulateMenusFromRegistry: Menu 'Tools' has 4 items from registry (array)
[2025-12-19 23:00:06.539] _PopulateMenusFromRegistry: Menu 'Options' has 2 items from registry (array)
[2025-12-19 23:00:06.543] _PopulateMenusFromRegistry: Menu 'Tasks' has 10 items from registry (array)
[2025-12-19 23:00:06.546] _PopulateMenusFromRegistry: Menu 'Time' has 3 items from registry (array)
[2025-12-19 23:00:06.548] _PopulateMenusFromRegistry: Menu 'Help' has 1 items from registry (array)
[2025-12-19 23:00:06.552] _PopulateMenusFromRegistry: Menu 'Projects' has 3 items from registry (array)
[2025-12-19 23:00:06.554] ServiceContainer: Resolved 'TaskListScreen' successfully
