[2026-01-02 07:11:40.348] ServiceContainer: Registered 'Theme' (singleton=True)
[2026-01-02 07:11:40.353] ServiceContainer: Registered 'ThemeManager' (singleton=True)
[2026-01-02 07:11:40.354] ServiceContainer: Registered 'Config' (singleton=True)
[2026-01-02 07:11:40.356] ServiceContainer: Registered 'TaskStore' (singleton=True)
[2026-01-02 07:11:40.357] ServiceContainer: Registered 'MenuRegistry' (singleton=True)
[2026-01-02 07:11:40.359] ServiceContainer: Registered 'Application' (singleton=True)
[2026-01-02 07:11:40.360] ServiceContainer: Registered 'CommandService' (singleton=True)
[2026-01-02 07:11:40.361] ServiceContainer: Registered 'ChecklistService' (singleton=True)
[2026-01-02 07:11:40.363] ServiceContainer: Registered 'NoteService' (singleton=True)
[2026-01-02 07:11:40.364] ServiceContainer: Registered 'ExcelMappingService' (singleton=True)
[2026-01-02 07:11:40.365] ServiceContainer: Registered 'ExcelCopyService' (singleton=True)
[2026-01-02 07:11:40.367] ServiceContainer: Registered 'PreferencesService' (singleton=True)
[2026-01-02 07:11:40.369] ServiceContainer: Registered 'ExcelImportService' (singleton=True)
[2026-01-02 07:11:40.370] ServiceContainer: Registered 'TextExportService' (singleton=True)
[2026-01-02 07:11:40.372] ServiceContainer: Registered 'TaskListScreen' (singleton=False)
[2026-01-02 07:11:40.395] ServiceContainer: Resolving 'Application'...
[2026-01-02 07:11:40.398] ServiceContainer: Resolving 'Theme'...
[2026-01-02 07:11:40.687] ServiceContainer: Resolved 'Theme' successfully
[2026-01-02 07:11:40.813] ServiceContainer: Resolving 'ThemeManager'...
[2026-01-02 07:11:40.817] ServiceContainer: Resolved 'ThemeManager' successfully
[2026-01-02 07:11:40.837] ServiceContainer: Resolved 'Application' successfully
[2026-01-02 07:11:40.838] ServiceContainer: Resolving 'MenuRegistry'...
[2026-01-02 07:11:40.856] ServiceContainer: Resolved 'MenuRegistry' successfully
[2026-01-02 07:11:40.882] MenuRegistry: Loaded manifest with 16 entries
[2026-01-02 07:11:40.920] ServiceContainer: Registered 'ExcelProfileManagerScreen' (singleton=False)
[2026-01-02 07:11:40.922] MenuRegistry: Registered 'Excel Profiles' in 'Projects' menu (hotkey=M order=50)
[2026-01-02 07:11:40.944] MenuRegistry: Registered 'Excel Profiles' in 'Projects' menu (hotkey=M order=50)
[2026-01-02 07:11:40.946] ServiceContainer: Registered 'HelpViewScreen' (singleton=False)
[2026-01-02 07:11:40.947] MenuRegistry: Registered 'Help' in 'Help' menu (hotkey=H order=10)
[2026-01-02 07:11:40.950] MenuRegistry: Registered 'Help' in 'Help' menu (hotkey=H order=10)
[2026-01-02 07:11:40.952] ServiceContainer: Registered 'TextExportProfileManagerScreen' (singleton=False)
[2026-01-02 07:11:40.953] MenuRegistry: Registered 'T2020 Export Profiles' in 'Tools' menu (hotkey=E order=45)
[2026-01-02 07:11:40.955] MenuRegistry: Registered 'T2020 Export Profiles' in 'Tools' menu (hotkey=E order=45)
[2026-01-02 07:11:40.957] ServiceContainer: Registered 'NotesMenuScreen' (singleton=False)
[2026-01-02 07:11:40.958] MenuRegistry: Registered 'Notes' in 'Tools' menu (hotkey=N order=20)
[2026-01-02 07:11:40.970] MenuRegistry: Registered 'Notes' in 'Tools' menu (hotkey=N order=20)
[2026-01-02 07:11:40.972] ServiceContainer: Registered 'ProjectListScreen' (singleton=False)
[2026-01-02 07:11:40.973] MenuRegistry: Registered 'Project List' in 'Projects' menu (hotkey=L order=10)
[2026-01-02 07:11:40.975] MenuRegistry: Registered 'Project List' in 'Projects' menu (hotkey=L order=10)
[2026-01-02 07:11:40.977] ServiceContainer: Registered 'ChecklistsLauncherScreen' (singleton=False)
[2026-01-02 07:11:40.978] MenuRegistry: Registered 'Checklists' in 'Tools' menu (hotkey=C order=25)
[2026-01-02 07:11:40.980] MenuRegistry: Registered 'Checklists' in 'Tools' menu (hotkey=C order=25)
[2026-01-02 07:11:40.982] ServiceContainer: Registered 'ThemeEditorScreen' (singleton=False)
[2026-01-02 07:11:40.983] MenuRegistry: Registered 'Theme Editor' in 'Options' menu (hotkey=T order=10)
[2026-01-02 07:11:40.985] MenuRegistry: Registered 'Theme Editor' in 'Options' menu (hotkey=T order=10)
[2026-01-02 07:11:40.987] ServiceContainer: Registered 'TaskListScreen_Default' (singleton=False)
[2026-01-02 07:11:40.988] MenuRegistry: Registered 'Task List' in 'Tasks' menu (hotkey=L order=5)
[2026-01-02 07:11:40.990] MenuRegistry: Registered 'Task List' in 'Tasks' menu (hotkey=L order=5)
[2026-01-02 07:11:40.992] ServiceContainer: Registered 'CommandLibraryScreen' (singleton=False)
[2026-01-02 07:11:40.993] MenuRegistry: Registered 'Command Library' in 'Tools' menu (hotkey=L order=10)
[2026-01-02 07:11:40.995] MenuRegistry: Registered 'Command Library' in 'Tools' menu (hotkey=L order=10)
[2026-01-02 07:11:40.997] ServiceContainer: Registered 'ExcelImportProfileManagerScreen' (singleton=False)
[2026-01-02 07:11:40.998] MenuRegistry: Registered 'Excel Import Profiles' in 'Tools' menu (hotkey=I order=40)
[2026-01-02 07:11:40.999] MenuRegistry: Registered 'Excel Import Profiles' in 'Tools' menu (hotkey=I order=40)
[2026-01-02 07:11:41.002] ServiceContainer: Registered 'WeeklyTimeReportScreen' (singleton=False)
[2026-01-02 07:11:41.003] MenuRegistry: Registered 'Weekly Report' in 'Time' menu (hotkey=W order=10)
[2026-01-02 07:11:41.005] MenuRegistry: Registered 'Weekly Report' in 'Time' menu (hotkey=W order=10)
[2026-01-02 07:11:41.007] ServiceContainer: Registered 'SettingsScreen' (singleton=False)
[2026-01-02 07:11:41.008] MenuRegistry: Registered 'Settings' in 'Options' menu (hotkey=S order=20)
[2026-01-02 07:11:41.010] MenuRegistry: Registered 'Settings' in 'Options' menu (hotkey=S order=20)
[2026-01-02 07:11:41.012] ServiceContainer: Registered 'ExcelImportScreen' (singleton=False)
[2026-01-02 07:11:41.013] MenuRegistry: Registered 'Import from Excel' in 'Projects' menu (hotkey=I order=40)
[2026-01-02 07:11:41.014] MenuRegistry: Registered 'Import from Excel' in 'Projects' menu (hotkey=I order=40)
[2026-01-02 07:11:41.016] ServiceContainer: Registered 'ChecklistTemplatesFolderScreen' (singleton=False)
[2026-01-02 07:11:41.018] MenuRegistry: Registered 'Checklist Templates' in 'Tools' menu (hotkey=H order=30)
[2026-01-02 07:11:41.020] MenuRegistry: Registered 'Checklist Templates' in 'Tools' menu (hotkey=H order=30)
[2026-01-02 07:11:41.022] ServiceContainer: Registered 'TimeListScreen' (singleton=False)
[2026-01-02 07:11:41.023] MenuRegistry: Registered 'Time Tracking' in 'Time' menu (hotkey=T order=5)
[2026-01-02 07:11:41.025] MenuRegistry: Registered 'Time Tracking' in 'Time' menu (hotkey=T order=5)
[2026-01-02 07:11:41.027] ServiceContainer: Registered 'TimeReportScreen' (singleton=False)
[2026-01-02 07:11:41.028] MenuRegistry: Registered 'Time Report' in 'Time' menu (hotkey=R order=20)
[2026-01-02 07:11:41.030] MenuRegistry: Registered 'Time Report' in 'Time' menu (hotkey=R order=20)
[2026-01-02 07:11:41.032] ServiceContainer: Resolving 'TaskListScreen'...
[2026-01-02 07:11:41.035] ServiceContainer: Resolving 'TaskStore'...
[2026-01-02 07:11:41.201] ServiceContainer: Resolved 'TaskStore' successfully
[2026-01-02 07:11:42.389] _PopulateMenusFromRegistry: Menu 'Tasks' has 1 items from registry (array)
[2026-01-02 07:11:42.416] _PopulateMenusFromRegistry: Menu 'Projects' has 3 items from registry (array)
[2026-01-02 07:11:42.422] _PopulateMenusFromRegistry: Menu 'Options' has 2 items from registry (array)
[2026-01-02 07:11:42.426] _PopulateMenusFromRegistry: Menu 'Time' has 3 items from registry (array)
[2026-01-02 07:11:42.431] _PopulateMenusFromRegistry: Menu 'Tools' has 6 items from registry (array)
[2026-01-02 07:11:42.435] _PopulateMenusFromRegistry: Menu 'Help' has 1 items from registry (array)
[2026-01-02 07:11:42.439] ServiceContainer: Resolved 'TaskListScreen' successfully
[2026-01-02 07:11:50.527] ServiceContainer: Resolving 'NotesMenuScreen'...
[2026-01-02 07:11:50.690] ServiceContainer: Resolved 'NotesMenuScreen' successfully
