[2025-12-21 10:23:07.638] ServiceContainer: Registered 'Theme' (singleton=True)
[2025-12-21 10:23:07.641] ServiceContainer: Registered 'ThemeManager' (singleton=True)
[2025-12-21 10:23:07.642] ServiceContainer: Registered 'Config' (singleton=True)
[2025-12-21 10:23:07.643] ServiceContainer: Registered 'TaskStore' (singleton=True)
[2025-12-21 10:23:07.643] ServiceContainer: Registered 'MenuRegistry' (singleton=True)
[2025-12-21 10:23:07.644] ServiceContainer: Registered 'Application' (singleton=True)
[2025-12-21 10:23:07.645] ServiceContainer: Registered 'CommandService' (singleton=True)
[2025-12-21 10:23:07.645] ServiceContainer: Registered 'ChecklistService' (singleton=True)
[2025-12-21 10:23:07.646] ServiceContainer: Registered 'NoteService' (singleton=True)
[2025-12-21 10:23:07.647] ServiceContainer: Registered 'ExcelMappingService' (singleton=True)
[2025-12-21 10:23:07.647] ServiceContainer: Registered 'PreferencesService' (singleton=True)
[2025-12-21 10:23:07.652] ServiceContainer: Registered 'TaskListScreen' (singleton=False)
[2025-12-21 10:23:07.664] ServiceContainer: Resolving 'Application'...
[2025-12-21 10:23:07.665] ServiceContainer: Resolving 'Theme'...
[2025-12-21 10:23:07.826] ServiceContainer: Resolved 'Theme' successfully
[2025-12-21 10:23:07.881] ServiceContainer: Resolving 'ThemeManager'...
[2025-12-21 10:23:07.883] ServiceContainer: Resolved 'ThemeManager' successfully
[2025-12-21 10:23:07.894] ServiceContainer: Resolved 'Application' successfully
[2025-12-21 10:23:07.895] ServiceContainer: Resolving 'MenuRegistry'...
[2025-12-21 10:23:07.911] ServiceContainer: Resolved 'MenuRegistry' successfully
[2025-12-21 10:23:07.926] MenuRegistry: Loaded manifest with 14 entries
[2025-12-21 10:23:07.945] ServiceContainer: Registered 'TaskListScreen_Default' (singleton=False)
[2025-12-21 10:23:07.946] MenuRegistry: Registered 'Task List' in 'Tasks' menu (hotkey=L order=5)
[2025-12-21 10:23:07.958] MenuRegistry: Registered 'Task List' in 'Tasks' menu (hotkey=L order=5)
[2025-12-21 10:23:07.960] ServiceContainer: Registered 'ChecklistTemplatesFolderScreen' (singleton=False)
[2025-12-21 10:23:07.960] MenuRegistry: Registered 'Checklist Templates' in 'Tools' menu (hotkey=H order=30)
[2025-12-21 10:23:07.962] MenuRegistry: Registered 'Checklist Templates' in 'Tools' menu (hotkey=H order=30)
[2025-12-21 10:23:07.963] ServiceContainer: Registered 'WeeklyTimeReportScreen' (singleton=False)
[2025-12-21 10:23:07.964] MenuRegistry: Registered 'Weekly Report' in 'Time' menu (hotkey=W order=10)
[2025-12-21 10:23:07.965] MenuRegistry: Registered 'Weekly Report' in 'Time' menu (hotkey=W order=10)
[2025-12-21 10:23:07.966] ServiceContainer: Registered 'HelpViewScreen' (singleton=False)
[2025-12-21 10:23:07.966] MenuRegistry: Registered 'Help' in 'Help' menu (hotkey=H order=10)
[2025-12-21 10:23:07.967] MenuRegistry: Registered 'Help' in 'Help' menu (hotkey=H order=10)
[2025-12-21 10:23:07.969] ServiceContainer: Registered 'TimeListScreen' (singleton=False)
[2025-12-21 10:23:07.969] MenuRegistry: Registered 'Time Tracking' in 'Time' menu (hotkey=T order=5)
[2025-12-21 10:23:07.970] MenuRegistry: Registered 'Time Tracking' in 'Time' menu (hotkey=T order=5)
[2025-12-21 10:23:07.971] ServiceContainer: Registered 'ChecklistsLauncherScreen' (singleton=False)
[2025-12-21 10:23:07.972] MenuRegistry: Registered 'Checklists' in 'Tools' menu (hotkey=C order=25)
[2025-12-21 10:23:07.973] MenuRegistry: Registered 'Checklists' in 'Tools' menu (hotkey=C order=25)
[2025-12-21 10:23:07.974] ServiceContainer: Registered 'CommandLibraryScreen' (singleton=False)
[2025-12-21 10:23:07.975] MenuRegistry: Registered 'Command Library' in 'Tools' menu (hotkey=L order=10)
[2025-12-21 10:23:07.976] MenuRegistry: Registered 'Command Library' in 'Tools' menu (hotkey=L order=10)
[2025-12-21 10:23:07.977] ServiceContainer: Registered 'TimeReportScreen' (singleton=False)
[2025-12-21 10:23:07.978] MenuRegistry: Registered 'Time Report' in 'Time' menu (hotkey=R order=20)
[2025-12-21 10:23:07.979] MenuRegistry: Registered 'Time Report' in 'Time' menu (hotkey=R order=20)
[2025-12-21 10:23:07.980] ServiceContainer: Registered 'NotesMenuScreen' (singleton=False)
[2025-12-21 10:23:07.980] MenuRegistry: Registered 'Notes' in 'Tools' menu (hotkey=N order=20)
[2025-12-21 10:23:07.981] MenuRegistry: Registered 'Notes' in 'Tools' menu (hotkey=N order=20)
[2025-12-21 10:23:07.983] ServiceContainer: Registered 'SettingsScreen' (singleton=False)
[2025-12-21 10:23:07.983] MenuRegistry: Registered 'Settings' in 'Options' menu (hotkey=S order=20)
[2025-12-21 10:23:07.988] MenuRegistry: Registered 'Settings' in 'Options' menu (hotkey=S order=20)
[2025-12-21 10:23:07.990] ServiceContainer: Registered 'ExcelProfileManagerScreen' (singleton=False)
[2025-12-21 10:23:07.990] MenuRegistry: Registered 'Excel Profiles' in 'Projects' menu (hotkey=M order=50)
[2025-12-21 10:23:07.991] MenuRegistry: Registered 'Excel Profiles' in 'Projects' menu (hotkey=M order=50)
[2025-12-21 10:23:07.992] ServiceContainer: Registered 'ExcelImportScreen' (singleton=False)
[2025-12-21 10:23:07.993] MenuRegistry: Registered 'Import from Excel' in 'Projects' menu (hotkey=I order=40)
[2025-12-21 10:23:07.994] MenuRegistry: Registered 'Import from Excel' in 'Projects' menu (hotkey=I order=40)
[2025-12-21 10:23:07.995] ServiceContainer: Registered 'ProjectListScreen' (singleton=False)
[2025-12-21 10:23:07.996] MenuRegistry: Registered 'Project List' in 'Projects' menu (hotkey=L order=10)
[2025-12-21 10:23:07.997] MenuRegistry: Registered 'Project List' in 'Projects' menu (hotkey=L order=10)
[2025-12-21 10:23:07.998] ServiceContainer: Registered 'ThemeEditorScreen' (singleton=False)
[2025-12-21 10:23:07.998] MenuRegistry: Registered 'Theme Editor' in 'Options' menu (hotkey=T order=10)
[2025-12-21 10:23:07.999] MenuRegistry: Registered 'Theme Editor' in 'Options' menu (hotkey=T order=10)
[2025-12-21 10:23:08.001] ServiceContainer: Resolving 'TaskListScreen'...
[2025-12-21 10:23:08.002] ServiceContainer: Resolving 'TaskStore'...
[2025-12-21 10:23:08.211] ServiceContainer: Resolved 'TaskStore' successfully
[2025-12-21 10:23:08.815] _PopulateMenusFromRegistry: Menu 'Projects' has 3 items from registry (array)
[2025-12-21 10:23:08.831] _PopulateMenusFromRegistry: Menu 'Time' has 3 items from registry (array)
[2025-12-21 10:23:08.832] _PopulateMenusFromRegistry: Menu 'Help' has 1 items from registry (array)
[2025-12-21 10:23:08.843] _PopulateMenusFromRegistry: Menu 'Tools' has 4 items from registry (array)
[2025-12-21 10:23:08.845] _PopulateMenusFromRegistry: Menu 'Tasks' has 1 items from registry (array)
[2025-12-21 10:23:08.847] _PopulateMenusFromRegistry: Menu 'Options' has 2 items from registry (array)
[2025-12-21 10:23:08.849] ServiceContainer: Resolved 'TaskListScreen' successfully
