[2026-01-08 10:01:30.001] ServiceContainer: Registered 'Theme' (singleton=True)
[2026-01-08 10:01:30.004] ServiceContainer: Registered 'ThemeManager' (singleton=True)
[2026-01-08 10:01:30.005] ServiceContainer: Registered 'Config' (singleton=True)
[2026-01-08 10:01:30.006] ServiceContainer: Registered 'TaskStore' (singleton=True)
[2026-01-08 10:01:30.007] ServiceContainer: Registered 'MenuRegistry' (singleton=True)
[2026-01-08 10:01:30.007] ServiceContainer: Registered 'Application' (singleton=True)
[2026-01-08 10:01:30.008] ServiceContainer: Registered 'CommandService' (singleton=True)
[2026-01-08 10:01:30.009] ServiceContainer: Registered 'ChecklistService' (singleton=True)
[2026-01-08 10:01:30.010] ServiceContainer: Registered 'NoteService' (singleton=True)
[2026-01-08 10:01:30.010] ServiceContainer: Registered 'ExcelMappingService' (singleton=True)
[2026-01-08 10:01:30.011] ServiceContainer: Registered 'ExcelCopyService' (singleton=True)
[2026-01-08 10:01:30.012] ServiceContainer: Registered 'PreferencesService' (singleton=True)
[2026-01-08 10:01:30.012] ServiceContainer: Registered 'ExcelImportService' (singleton=True)
[2026-01-08 10:01:30.013] ServiceContainer: Registered 'TextExportService' (singleton=True)
[2026-01-08 10:01:30.014] ServiceContainer: Registered 'TaskListScreen' (singleton=False)
[2026-01-08 10:01:30.028] ServiceContainer: Resolving 'Application'...
[2026-01-08 10:01:30.029] ServiceContainer: Resolving 'Theme'...
[2026-01-08 10:01:30.211] ServiceContainer: Resolved 'Theme' successfully
[2026-01-08 10:01:30.277] ServiceContainer: Resolving 'ThemeManager'...
[2026-01-08 10:01:30.278] ServiceContainer: Resolved 'ThemeManager' successfully
[2026-01-08 10:01:30.290] ServiceContainer: Resolved 'Application' successfully
[2026-01-08 10:01:30.291] ServiceContainer: Resolving 'MenuRegistry'...
[2026-01-08 10:01:30.303] ServiceContainer: Resolved 'MenuRegistry' successfully
[2026-01-08 10:01:30.319] MenuRegistry: Loaded manifest with 16 entries
[2026-01-08 10:01:30.341] ServiceContainer: Registered 'TimeListScreen' (singleton=False)
[2026-01-08 10:01:30.342] MenuRegistry: Registered 'Time Tracking' in 'Time' menu (hotkey=T order=5)
[2026-01-08 10:01:30.356] MenuRegistry: Registered 'Time Tracking' in 'Time' menu (hotkey=T order=5)
[2026-01-08 10:01:30.358] ServiceContainer: Registered 'ProjectListScreen' (singleton=False)
[2026-01-08 10:01:30.358] MenuRegistry: Registered 'Project List' in 'Projects' menu (hotkey=L order=10)
[2026-01-08 10:01:30.360] MenuRegistry: Registered 'Project List' in 'Projects' menu (hotkey=L order=10)
[2026-01-08 10:01:30.361] ServiceContainer: Registered 'TaskListScreen_Default' (singleton=False)
[2026-01-08 10:01:30.362] MenuRegistry: Registered 'Task List' in 'Tasks' menu (hotkey=L order=5)
[2026-01-08 10:01:30.363] MenuRegistry: Registered 'Task List' in 'Tasks' menu (hotkey=L order=5)
[2026-01-08 10:01:30.374] ServiceContainer: Registered 'ExcelProfileManagerScreen' (singleton=False)
[2026-01-08 10:01:30.376] MenuRegistry: Registered 'Excel Profiles' in 'Projects' menu (hotkey=M order=50)
[2026-01-08 10:01:30.378] MenuRegistry: Registered 'Excel Profiles' in 'Projects' menu (hotkey=M order=50)
[2026-01-08 10:01:30.380] ServiceContainer: Registered 'HelpViewScreen' (singleton=False)
[2026-01-08 10:01:30.381] MenuRegistry: Registered 'Help' in 'Help' menu (hotkey=H order=10)
[2026-01-08 10:01:30.383] MenuRegistry: Registered 'Help' in 'Help' menu (hotkey=H order=10)
[2026-01-08 10:01:30.385] ServiceContainer: Registered 'ExcelImportProfileManagerScreen' (singleton=False)
[2026-01-08 10:01:30.386] MenuRegistry: Registered 'Excel Import Profiles' in 'Tools' menu (hotkey=I order=40)
[2026-01-08 10:01:30.388] MenuRegistry: Registered 'Excel Import Profiles' in 'Tools' menu (hotkey=I order=40)
[2026-01-08 10:01:30.390] ServiceContainer: Registered 'ExcelImportScreen' (singleton=False)
[2026-01-08 10:01:30.391] MenuRegistry: Registered 'Import from Excel' in 'Projects' menu (hotkey=I order=40)
[2026-01-08 10:01:30.393] MenuRegistry: Registered 'Import from Excel' in 'Projects' menu (hotkey=I order=40)
[2026-01-08 10:01:30.395] ServiceContainer: Registered 'TextExportProfileManagerScreen' (singleton=False)
[2026-01-08 10:01:30.397] MenuRegistry: Registered 'T2020 Export Profiles' in 'Tools' menu (hotkey=E order=45)
[2026-01-08 10:01:30.399] MenuRegistry: Registered 'T2020 Export Profiles' in 'Tools' menu (hotkey=E order=45)
[2026-01-08 10:01:30.401] ServiceContainer: Registered 'NotesMenuScreen' (singleton=False)
[2026-01-08 10:01:30.403] MenuRegistry: Registered 'Notes' in 'Tools' menu (hotkey=N order=20)
[2026-01-08 10:01:30.405] MenuRegistry: Registered 'Notes' in 'Tools' menu (hotkey=N order=20)
[2026-01-08 10:01:30.408] ServiceContainer: Registered 'ChecklistTemplatesFolderScreen' (singleton=False)
[2026-01-08 10:01:30.409] MenuRegistry: Registered 'Checklist Templates' in 'Tools' menu (hotkey=H order=30)
[2026-01-08 10:01:30.411] MenuRegistry: Registered 'Checklist Templates' in 'Tools' menu (hotkey=H order=30)
[2026-01-08 10:01:30.414] ServiceContainer: Registered 'ThemeEditorScreen' (singleton=False)
[2026-01-08 10:01:30.415] MenuRegistry: Registered 'Theme Editor' in 'Options' menu (hotkey=T order=10)
[2026-01-08 10:01:30.417] MenuRegistry: Registered 'Theme Editor' in 'Options' menu (hotkey=T order=10)
[2026-01-08 10:01:30.419] ServiceContainer: Registered 'WeeklyTimeReportScreen' (singleton=False)
[2026-01-08 10:01:30.421] MenuRegistry: Registered 'Weekly Report' in 'Time' menu (hotkey=W order=10)
[2026-01-08 10:01:30.423] MenuRegistry: Registered 'Weekly Report' in 'Time' menu (hotkey=W order=10)
[2026-01-08 10:01:30.426] ServiceContainer: Registered 'CommandLibraryScreen' (singleton=False)
[2026-01-08 10:01:30.427] MenuRegistry: Registered 'Command Library' in 'Tools' menu (hotkey=L order=10)
[2026-01-08 10:01:30.429] MenuRegistry: Registered 'Command Library' in 'Tools' menu (hotkey=L order=10)
[2026-01-08 10:01:30.431] ServiceContainer: Registered 'SettingsScreen' (singleton=False)
[2026-01-08 10:01:30.432] MenuRegistry: Registered 'Settings' in 'Options' menu (hotkey=S order=20)
[2026-01-08 10:01:30.434] MenuRegistry: Registered 'Settings' in 'Options' menu (hotkey=S order=20)
[2026-01-08 10:01:30.436] ServiceContainer: Registered 'TimeReportScreen' (singleton=False)
[2026-01-08 10:01:30.437] MenuRegistry: Registered 'Time Report' in 'Time' menu (hotkey=R order=20)
[2026-01-08 10:01:30.439] MenuRegistry: Registered 'Time Report' in 'Time' menu (hotkey=R order=20)
[2026-01-08 10:01:30.441] ServiceContainer: Registered 'ChecklistsLauncherScreen' (singleton=False)
[2026-01-08 10:01:30.442] MenuRegistry: Registered 'Checklists' in 'Tools' menu (hotkey=C order=25)
[2026-01-08 10:01:30.444] MenuRegistry: Registered 'Checklists' in 'Tools' menu (hotkey=C order=25)
[2026-01-08 10:01:30.446] ServiceContainer: Resolving 'TaskListScreen'...
[2026-01-08 10:01:30.478] ServiceContainer: Resolving 'TaskStore'...
[2026-01-08 10:01:30.573] ServiceContainer: Resolved 'TaskStore' successfully
[2026-01-08 10:01:31.158] [INFO] StandardListScreen._ConfigureListActions: Configuring actions for Tasks
[2026-01-08 10:01:31.186] [INFO] StandardListScreen: Added footer shortcut D -> Delete
[2026-01-08 10:01:31.205] [INFO] StandardListScreen._ConfigureListActions: Configured 16 footer shortcuts
[2026-01-08 10:01:31.370] _PopulateMenusFromRegistry: Menu 'Help' has 1 items from registry (array)
[2026-01-08 10:01:31.389] _PopulateMenusFromRegistry: Menu 'Tools' has 6 items from registry (array)
[2026-01-08 10:01:31.393] _PopulateMenusFromRegistry: Menu 'Time' has 3 items from registry (array)
[2026-01-08 10:01:31.405] _PopulateMenusFromRegistry: Menu 'Options' has 2 items from registry (array)
[2026-01-08 10:01:31.407] _PopulateMenusFromRegistry: Menu 'Tasks' has 1 items from registry (array)
[2026-01-08 10:01:31.410] _PopulateMenusFromRegistry: Menu 'Projects' has 3 items from registry (array)
[2026-01-08 10:01:31.412] ServiceContainer: Resolved 'TaskListScreen' successfully
[2026-01-08 10:01:31.868] [INFO] StandardListScreen._ConfigureListActions: Configuring actions for Tasks
[2026-01-08 10:01:31.873] [INFO] StandardListScreen: Added footer shortcut D -> Delete
[2026-01-08 10:01:31.892] [INFO] StandardListScreen._ConfigureListActions: Configured 16 footer shortcuts
[10:01:33.291] [Z-BUFFER] REJECTED at (8,9): currentZ=0 < zBuffer=65 char=' '
[10:01:33.294] [Z-BUFFER] REJECTED at (9,9): currentZ=0 < zBuffer=65 char=' '
[10:01:33.358] [Z-BUFFER] REJECTED at (2,4): currentZ=10 < zBuffer=20 char='T'
[10:01:33.359] [Z-BUFFER] REJECTED at (3,4): currentZ=10 < zBuffer=20 char='a'
[10:01:33.360] [Z-BUFFER] REJECTED at (4,4): currentZ=10 < zBuffer=20 char='s'
[10:01:33.361] [Z-BUFFER] REJECTED at (5,4): currentZ=10 < zBuffer=20 char='k'
