[2025-12-18 08:19:00.959] [INFO] Loading PMC module...
[2025-12-18 08:19:02.251] [INFO] PMC module loaded
[2025-12-18 08:19:02.260] [INFO] Loading dependencies (FieldSchemas, etc.)...
[2025-12-18 08:19:02.409] [INFO] Dependencies loaded
[2025-12-18 08:19:02.411] [INFO] Loading SpeedTUI framework...
[2025-12-18 08:19:02.804] [INFO] SpeedTUI framework loaded
[2025-12-18 08:19:02.806] [INFO] Loading PraxisVT...
[2025-12-18 08:19:02.810] [INFO] PraxisVT loaded
[2025-12-18 08:19:02.812] [INFO] Loading core dependencies...
[2025-12-18 08:19:02.863] [INFO] Core dependencies loaded
[2025-12-18 08:19:02.865] [INFO] Loading widget base classes...
[2025-12-18 08:19:02.925] [INFO] Widget base classes loaded
[2025-12-18 08:19:02.927] [INFO] Loading services...
[2025-12-18 08:19:03.102] [INFO] Services loaded
[2025-12-18 08:19:03.105] [INFO] Loading helpers...
[2025-12-18 08:19:03.743] [INFO] Helpers loaded
[2025-12-18 08:19:03.745] [INFO] Loading widgets...
[2025-12-18 08:19:04.147] [INFO] Widgets loaded
[2025-12-18 08:19:04.149] [INFO] Loading screen base class...
[2025-12-18 08:19:04.165] [INFO] Screen base class loaded
[2025-12-18 08:19:04.167] [INFO] Loading HelpViewScreen (needed by base classes)...
[2025-12-18 08:19:04.176] [INFO] HelpViewScreen loaded
[2025-12-18 08:19:04.178] [INFO] Loading base classes...
[2025-12-18 08:19:04.240] [INFO] Base classes loaded
[2025-12-18 08:19:04.241] [INFO] Loading ServiceContainer (needed by screens)...
[2025-12-18 08:19:04.248] [INFO] ServiceContainer loaded
[2025-12-18 08:19:04.250] [INFO] Loading remaining screens...
[2025-12-18 08:19:04.388] [INFO] Remaining screens loaded
[2025-12-18 08:19:04.391] [INFO] Loading PmcApplication...
[2025-12-18 08:19:04.412] [INFO] PmcApplication loaded
[2025-12-18 08:19:04.413] [INFO] All components loaded successfully
[2025-12-18 08:19:04.439] [INFO] Starting PMC TUI with screen: TaskList
[2025-12-18 08:19:04.449] [INFO] Cleared stale PmcSharedMenuBar and MenuRegistry singleton
[2025-12-18 08:19:04.454] [INFO] Creating ServiceContainer...
[2025-12-18 08:19:04.479] [INFO] ServiceContainer created
[2025-12-18 08:19:04.480] [INFO] Registering Theme service...
[2025-12-18 08:19:04.503] ServiceContainer: Registered 'Theme' (singleton=True)
[2025-12-18 08:19:04.507] [INFO] Registering ThemeManager...
[2025-12-18 08:19:04.508] ServiceContainer: Registered 'ThemeManager' (singleton=True)
[2025-12-18 08:19:04.509] [INFO] Registering Config service...
[2025-12-18 08:19:04.510] ServiceContainer: Registered 'Config' (singleton=True)
[2025-12-18 08:19:04.511] [INFO] Registering TaskStore service...
[2025-12-18 08:19:04.512] ServiceContainer: Registered 'TaskStore' (singleton=True)
[2025-12-18 08:19:04.513] [INFO] Registering MenuRegistry service...
[2025-12-18 08:19:04.514] ServiceContainer: Registered 'MenuRegistry' (singleton=True)
[2025-12-18 08:19:04.515] [INFO] Registering Application service...
[2025-12-18 08:19:04.516] ServiceContainer: Registered 'Application' (singleton=True)
[2025-12-18 08:19:04.523] [INFO] Registering CommandService...
[2025-12-18 08:19:04.525] ServiceContainer: Registered 'CommandService' (singleton=True)
[2025-12-18 08:19:04.526] [INFO] Registering ChecklistService...
[2025-12-18 08:19:04.527] ServiceContainer: Registered 'ChecklistService' (singleton=True)
[2025-12-18 08:19:04.528] [INFO] Registering NoteService...
[2025-12-18 08:19:04.529] ServiceContainer: Registered 'NoteService' (singleton=True)
[2025-12-18 08:19:04.530] [INFO] Registering ExcelMappingService...
[2025-12-18 08:19:04.531] ServiceContainer: Registered 'ExcelMappingService' (singleton=True)
[2025-12-18 08:19:04.532] [INFO] Registering PreferencesService...
[2025-12-18 08:19:04.533] ServiceContainer: Registered 'PreferencesService' (singleton=True)
[2025-12-18 08:19:04.534] [INFO] Registering screen factories...
[2025-12-18 08:19:04.534] ServiceContainer: Registered 'TaskListScreen' (singleton=False)
[2025-12-18 08:19:04.535] [INFO] Resolving Application from container...
[2025-12-18 08:19:04.553] ServiceContainer: Resolving 'Application'...
[2025-12-18 08:19:04.555] [INFO] Resolving Application...
[2025-12-18 08:19:04.557] ServiceContainer: Resolving 'Theme'...
[2025-12-18 08:19:04.566] [INFO] Resolving Theme: Calling Initialize-PmcThemeSystem...
[2025-12-18 08:19:04.581] [INFO] Theme resolved: #33aaff
[2025-12-18 08:19:04.583] [INFO] Loading PmcThemeEngine...
[2025-12-18 08:19:04.678] [INFO] LoadFromConfig: Loaded Properties with 23 items
[2025-12-18 08:19:04.691] [INFO] PmcThemeEngine initialized with PMC palette (14 colors)
[2025-12-18 08:19:04.696] ServiceContainer: Resolved 'Theme' successfully
[2025-12-18 08:19:05.373] ServiceContainer: Resolving 'ThemeManager'...
[2025-12-18 08:19:05.376] [INFO] Resolving ThemeManager...
[2025-12-18 08:19:05.423] ServiceContainer: Resolved 'ThemeManager' successfully
[2025-12-18 08:19:05.437] ServiceContainer: Resolved 'Application' successfully
[2025-12-18 08:19:05.438] [INFO] Application resolved and assigned to $global:PmcApp
[2025-12-18 08:19:05.440] [INFO] Loading menus from manifest...
[2025-12-18 08:19:05.441] ServiceContainer: Resolving 'MenuRegistry'...
[2025-12-18 08:19:05.443] [INFO] Resolving MenuRegistry...
[2025-12-18 08:19:05.460] ServiceContainer: Resolved 'MenuRegistry' successfully
[2025-12-18 08:19:05.484] MenuRegistry: Loaded manifest with 23 entries
[2025-12-18 08:19:05.519] ServiceContainer: Registered 'TaskListScreen_Tomorrow' (singleton=False)
[2025-12-18 08:19:05.521] MenuRegistry: Registered screen factory 'TaskListScreen_Tomorrow' in container (viewMode=tomorrow)
[2025-12-18 08:19:05.539] MenuRegistry: Registered 'Tomorrow' in 'Tasks' menu (hotkey=T order=15)
[2025-12-18 08:19:05.542] ServiceContainer: Registered 'TaskListScreen_Overdue' (singleton=False)
[2025-12-18 08:19:05.543] MenuRegistry: Registered screen factory 'TaskListScreen_Overdue' in container (viewMode=overdue)
[2025-12-18 08:19:05.544] MenuRegistry: Registered 'Overdue' in 'Tasks' menu (hotkey=O order=30)
[2025-12-18 08:19:05.546] ServiceContainer: Registered 'TaskListScreen_Week' (singleton=False)
[2025-12-18 08:19:05.548] MenuRegistry: Registered screen factory 'TaskListScreen_Week' in container (viewMode=week)
[2025-12-18 08:19:05.549] MenuRegistry: Registered 'Week View' in 'Tasks' menu (hotkey=W order=20)
[2025-12-18 08:19:05.551] ServiceContainer: Registered 'ExcelProfileManagerScreen' (singleton=False)
[2025-12-18 08:19:05.552] MenuRegistry: Registered screen factory 'ExcelProfileManagerScreen' in container (viewMode=)
[2025-12-18 08:19:05.555] MenuRegistry: Registered 'Excel Profiles' in 'Projects' menu (hotkey=M order=50)
[2025-12-18 08:19:05.557] ServiceContainer: Registered 'HelpViewScreen' (singleton=False)
[2025-12-18 08:19:05.558] MenuRegistry: Registered screen factory 'HelpViewScreen' in container (viewMode=)
[2025-12-18 08:19:05.565] MenuRegistry: Registered 'Help' in 'Help' menu (hotkey=H order=10)
[2025-12-18 08:19:05.568] ServiceContainer: Registered 'TaskListScreen_Agenda' (singleton=False)
[2025-12-18 08:19:05.569] MenuRegistry: Registered screen factory 'TaskListScreen_Agenda' in container (viewMode=agenda)
[2025-12-18 08:19:05.570] MenuRegistry: Registered 'Agenda View' in 'Tasks' menu (hotkey=A order=50)
[2025-12-18 08:19:05.572] ServiceContainer: Registered 'ProjectListScreen' (singleton=False)
[2025-12-18 08:19:05.572] MenuRegistry: Registered screen factory 'ProjectListScreen' in container (viewMode=)
[2025-12-18 08:19:05.574] MenuRegistry: Registered 'Project List' in 'Projects' menu (hotkey=L order=10)
[2025-12-18 08:19:05.575] ServiceContainer: Registered 'TaskListScreen_Upcoming' (singleton=False)
[2025-12-18 08:19:05.576] MenuRegistry: Registered screen factory 'TaskListScreen_Upcoming' in container (viewMode=upcoming)
[2025-12-18 08:19:05.577] MenuRegistry: Registered 'Upcoming' in 'Tasks' menu (hotkey=U order=25)
[2025-12-18 08:19:05.579] ServiceContainer: Registered 'NotesMenuScreen' (singleton=False)
[2025-12-18 08:19:05.580] MenuRegistry: Registered screen factory 'NotesMenuScreen' in container (viewMode=)
[2025-12-18 08:19:05.581] MenuRegistry: Registered 'Notes' in 'Tools' menu (hotkey=N order=20)
[2025-12-18 08:19:05.582] ServiceContainer: Registered 'WeeklyTimeReportScreen' (singleton=False)
[2025-12-18 08:19:05.583] MenuRegistry: Registered screen factory 'WeeklyTimeReportScreen' in container (viewMode=)
[2025-12-18 08:19:05.584] MenuRegistry: Registered 'Weekly Report' in 'Time' menu (hotkey=W order=10)
[2025-12-18 08:19:05.586] ServiceContainer: Registered 'SettingsScreen' (singleton=False)
[2025-12-18 08:19:05.587] MenuRegistry: Registered screen factory 'SettingsScreen' in container (viewMode=)
[2025-12-18 08:19:05.588] MenuRegistry: Registered 'Settings' in 'Options' menu (hotkey=S order=20)
[2025-12-18 08:19:05.590] ServiceContainer: Registered 'TaskListScreen_Month' (singleton=False)
[2025-12-18 08:19:05.590] MenuRegistry: Registered screen factory 'TaskListScreen_Month' in container (viewMode=month)
[2025-12-18 08:19:05.592] MenuRegistry: Registered 'Month View' in 'Tasks' menu (hotkey=M order=45)
[2025-12-18 08:19:05.593] ServiceContainer: Registered 'TimeListScreen' (singleton=False)
[2025-12-18 08:19:05.594] MenuRegistry: Registered screen factory 'TimeListScreen' in container (viewMode=)
[2025-12-18 08:19:05.595] MenuRegistry: Registered 'Time Tracking' in 'Time' menu (hotkey=T order=5)
[2025-12-18 08:19:05.597] ServiceContainer: Registered 'TaskListScreen_Default' (singleton=False)
[2025-12-18 08:19:05.598] MenuRegistry: Registered screen factory 'TaskListScreen_Default' in container (viewMode=)
[2025-12-18 08:19:05.599] MenuRegistry: Registered 'Task List' in 'Tasks' menu (hotkey=L order=5)
[2025-12-18 08:19:05.600] ServiceContainer: Registered 'ChecklistsLauncherScreen' (singleton=False)
[2025-12-18 08:19:05.601] MenuRegistry: Registered screen factory 'ChecklistsLauncherScreen' in container (viewMode=)
[2025-12-18 08:19:05.602] MenuRegistry: Registered 'Checklists' in 'Tools' menu (hotkey=C order=25)
[2025-12-18 08:19:05.604] ServiceContainer: Registered 'ThemeEditorScreen' (singleton=False)
[2025-12-18 08:19:05.605] MenuRegistry: Registered screen factory 'ThemeEditorScreen' in container (viewMode=)
[2025-12-18 08:19:05.606] MenuRegistry: Registered 'Theme Editor' in 'Options' menu (hotkey=T order=10)
[2025-12-18 08:19:05.608] ServiceContainer: Registered 'TaskListScreen_Today' (singleton=False)
[2025-12-18 08:19:05.609] MenuRegistry: Registered screen factory 'TaskListScreen_Today' in container (viewMode=today)
[2025-12-18 08:19:05.610] MenuRegistry: Registered 'Today' in 'Tasks' menu (hotkey=Y order=10)
[2025-12-18 08:19:05.612] ServiceContainer: Registered 'CommandLibraryScreen' (singleton=False)
[2025-12-18 08:19:05.613] MenuRegistry: Registered screen factory 'CommandLibraryScreen' in container (viewMode=)
[2025-12-18 08:19:05.614] MenuRegistry: Registered 'Command Library' in 'Tools' menu (hotkey=L order=10)
[2025-12-18 08:19:05.616] ServiceContainer: Registered 'TaskListScreen_NextActions' (singleton=False)
[2025-12-18 08:19:05.617] MenuRegistry: Registered screen factory 'TaskListScreen_NextActions' in container (viewMode=nextactions)
[2025-12-18 08:19:05.618] MenuRegistry: Registered 'Next Actions' in 'Tasks' menu (hotkey=N order=35)
[2025-12-18 08:19:05.624] ServiceContainer: Registered 'TimeReportScreen' (singleton=False)
[2025-12-18 08:19:05.625] MenuRegistry: Registered screen factory 'TimeReportScreen' in container (viewMode=)
[2025-12-18 08:19:05.626] MenuRegistry: Registered 'Time Report' in 'Time' menu (hotkey=R order=20)
[2025-12-18 08:19:05.628] ServiceContainer: Registered 'TaskListScreen_NoDate' (singleton=False)
[2025-12-18 08:19:05.629] MenuRegistry: Registered screen factory 'TaskListScreen_NoDate' in container (viewMode=noduedate)
[2025-12-18 08:19:05.631] MenuRegistry: Registered 'No Due Date' in 'Tasks' menu (hotkey=D order=40)
[2025-12-18 08:19:05.633] ServiceContainer: Registered 'ChecklistTemplatesFolderScreen' (singleton=False)
[2025-12-18 08:19:05.634] MenuRegistry: Registered screen factory 'ChecklistTemplatesFolderScreen' in container (viewMode=)
[2025-12-18 08:19:05.636] MenuRegistry: Registered 'Checklist Templates' in 'Tools' menu (hotkey=H order=30)
[2025-12-18 08:19:05.638] ServiceContainer: Registered 'ExcelImportScreen' (singleton=False)
[2025-12-18 08:19:05.639] MenuRegistry: Registered screen factory 'ExcelImportScreen' in container (viewMode=)
[2025-12-18 08:19:05.641] MenuRegistry: Registered 'Import from Excel' in 'Projects' menu (hotkey=I order=40)
[2025-12-18 08:19:05.643] [INFO] Menus loaded from /home/teej/ztest/module/Pmc.Strict/consoleui/screens/MenuItems.psd1
[2025-12-18 08:19:05.644] [INFO] Launching screen: TaskList
[2025-12-18 08:19:05.646] [INFO] Resolving TaskListScreen from container...
[2025-12-18 08:19:05.648] ServiceContainer: Resolving 'TaskListScreen'...
[2025-12-18 08:19:05.650] [INFO] Resolving TaskListScreen...
[2025-12-18 08:19:05.652] ServiceContainer: Resolving 'TaskStore'...
[2025-12-18 08:19:05.655] [INFO] Resolving TaskStore...
[2025-12-18 08:19:06.017] ServiceContainer: Resolved 'TaskStore' successfully
[2025-12-18 08:19:06.906] _PopulateMenusFromRegistry: Menu 'Time' has 3 items from registry (array)
[2025-12-18 08:19:06.935] _PopulateMenusFromRegistry: Menu 'Tools' has 4 items from registry (array)
[2025-12-18 08:19:06.940] _PopulateMenusFromRegistry: Menu 'Projects' has 3 items from registry (array)
[2025-12-18 08:19:06.945] _PopulateMenusFromRegistry: Menu 'Help' has 1 items from registry (array)
[2025-12-18 08:19:06.949] _PopulateMenusFromRegistry: Menu 'Options' has 2 items from registry (array)
[2025-12-18 08:19:06.956] _PopulateMenusFromRegistry: Menu 'Tasks' has 10 items from registry (array)
[2025-12-18 08:19:06.961] ServiceContainer: Resolved 'TaskListScreen' successfully
[2025-12-18 08:19:06.962] [INFO] Pushing screen to app...
[2025-12-18 08:19:07.524] [INFO] Screen pushed successfully
[2025-12-18 08:19:07.526] [INFO] Starting event loop...
[2025-12-18 08:19:24.908] [INFO] Event loop exited normally
[2025-12-18 08:19:24.910] [INFO] Cleanup - showing cursor and resetting terminal
