[2026-01-03 09:59:53.758] ServiceContainer: Registered 'Theme' (singleton=True)
[2026-01-03 09:59:53.763] ServiceContainer: Registered 'ThemeManager' (singleton=True)
[2026-01-03 09:59:53.764] ServiceContainer: Registered 'Config' (singleton=True)
[2026-01-03 09:59:53.765] ServiceContainer: Registered 'TaskStore' (singleton=True)
[2026-01-03 09:59:53.766] ServiceContainer: Registered 'MenuRegistry' (singleton=True)
[2026-01-03 09:59:53.767] ServiceContainer: Registered 'Application' (singleton=True)
[2026-01-03 09:59:53.768] ServiceContainer: Registered 'CommandService' (singleton=True)
[2026-01-03 09:59:53.770] ServiceContainer: Registered 'ChecklistService' (singleton=True)
[2026-01-03 09:59:53.771] ServiceContainer: Registered 'NoteService' (singleton=True)
[2026-01-03 09:59:53.772] ServiceContainer: Registered 'ExcelMappingService' (singleton=True)
[2026-01-03 09:59:53.773] ServiceContainer: Registered 'ExcelCopyService' (singleton=True)
[2026-01-03 09:59:53.774] ServiceContainer: Registered 'PreferencesService' (singleton=True)
[2026-01-03 09:59:53.775] ServiceContainer: Registered 'ExcelImportService' (singleton=True)
[2026-01-03 09:59:53.776] ServiceContainer: Registered 'TextExportService' (singleton=True)
[2026-01-03 09:59:53.777] ServiceContainer: Registered 'TaskListScreen' (singleton=False)
[2026-01-03 09:59:53.798] ServiceContainer: Resolving 'Application'...
[2026-01-03 09:59:53.801] ServiceContainer: Resolving 'Theme'...
[2026-01-03 09:59:54.059] ServiceContainer: Resolved 'Theme' successfully
[2026-01-03 09:59:54.175] ServiceContainer: Resolving 'ThemeManager'...
[2026-01-03 09:59:54.177] ServiceContainer: Resolved 'ThemeManager' successfully
[2026-01-03 09:59:54.196] ServiceContainer: Resolved 'Application' successfully
[2026-01-03 09:59:54.197] ServiceContainer: Resolving 'MenuRegistry'...
[2026-01-03 09:59:54.213] ServiceContainer: Resolved 'MenuRegistry' successfully
[2026-01-03 09:59:54.236] MenuRegistry: Loaded manifest with 16 entries
[2026-01-03 09:59:54.273] ServiceContainer: Registered 'ExcelProfileManagerScreen' (singleton=False)
[2026-01-03 09:59:54.274] MenuRegistry: Registered 'Excel Profiles' in 'Projects' menu (hotkey=M order=50)
[2026-01-03 09:59:54.295] MenuRegistry: Registered 'Excel Profiles' in 'Projects' menu (hotkey=M order=50)
[2026-01-03 09:59:54.297] ServiceContainer: Registered 'SettingsScreen' (singleton=False)
[2026-01-03 09:59:54.298] MenuRegistry: Registered 'Settings' in 'Options' menu (hotkey=S order=20)
[2026-01-03 09:59:54.301] MenuRegistry: Registered 'Settings' in 'Options' menu (hotkey=S order=20)
[2026-01-03 09:59:54.303] ServiceContainer: Registered 'ChecklistsLauncherScreen' (singleton=False)
[2026-01-03 09:59:54.304] MenuRegistry: Registered 'Checklists' in 'Tools' menu (hotkey=C order=25)
[2026-01-03 09:59:54.305] MenuRegistry: Registered 'Checklists' in 'Tools' menu (hotkey=C order=25)
[2026-01-03 09:59:54.307] ServiceContainer: Registered 'HelpViewScreen' (singleton=False)
[2026-01-03 09:59:54.308] MenuRegistry: Registered 'Help' in 'Help' menu (hotkey=H order=10)
[2026-01-03 09:59:54.310] MenuRegistry: Registered 'Help' in 'Help' menu (hotkey=H order=10)
[2026-01-03 09:59:54.312] ServiceContainer: Registered 'ExcelImportProfileManagerScreen' (singleton=False)
[2026-01-03 09:59:54.322] MenuRegistry: Registered 'Excel Import Profiles' in 'Tools' menu (hotkey=I order=40)
[2026-01-03 09:59:54.324] MenuRegistry: Registered 'Excel Import Profiles' in 'Tools' menu (hotkey=I order=40)
[2026-01-03 09:59:54.326] ServiceContainer: Registered 'TaskListScreen_Default' (singleton=False)
[2026-01-03 09:59:54.327] MenuRegistry: Registered 'Task List' in 'Tasks' menu (hotkey=L order=5)
[2026-01-03 09:59:54.328] MenuRegistry: Registered 'Task List' in 'Tasks' menu (hotkey=L order=5)
[2026-01-03 09:59:54.330] ServiceContainer: Registered 'TimeReportScreen' (singleton=False)
[2026-01-03 09:59:54.331] MenuRegistry: Registered 'Time Report' in 'Time' menu (hotkey=R order=20)
[2026-01-03 09:59:54.333] MenuRegistry: Registered 'Time Report' in 'Time' menu (hotkey=R order=20)
[2026-01-03 09:59:54.334] ServiceContainer: Registered 'NotesMenuScreen' (singleton=False)
[2026-01-03 09:59:54.335] MenuRegistry: Registered 'Notes' in 'Tools' menu (hotkey=N order=20)
[2026-01-03 09:59:54.337] MenuRegistry: Registered 'Notes' in 'Tools' menu (hotkey=N order=20)
[2026-01-03 09:59:54.339] ServiceContainer: Registered 'WeeklyTimeReportScreen' (singleton=False)
[2026-01-03 09:59:54.340] MenuRegistry: Registered 'Weekly Report' in 'Time' menu (hotkey=W order=10)
[2026-01-03 09:59:54.341] MenuRegistry: Registered 'Weekly Report' in 'Time' menu (hotkey=W order=10)
[2026-01-03 09:59:54.343] ServiceContainer: Registered 'ProjectListScreen' (singleton=False)
[2026-01-03 09:59:54.344] MenuRegistry: Registered 'Project List' in 'Projects' menu (hotkey=L order=10)
[2026-01-03 09:59:54.346] MenuRegistry: Registered 'Project List' in 'Projects' menu (hotkey=L order=10)
[2026-01-03 09:59:54.347] ServiceContainer: Registered 'TimeListScreen' (singleton=False)
[2026-01-03 09:59:54.348] MenuRegistry: Registered 'Time Tracking' in 'Time' menu (hotkey=T order=5)
[2026-01-03 09:59:54.350] MenuRegistry: Registered 'Time Tracking' in 'Time' menu (hotkey=T order=5)
[2026-01-03 09:59:54.352] ServiceContainer: Registered 'ThemeEditorScreen' (singleton=False)
[2026-01-03 09:59:54.353] MenuRegistry: Registered 'Theme Editor' in 'Options' menu (hotkey=T order=10)
[2026-01-03 09:59:54.354] MenuRegistry: Registered 'Theme Editor' in 'Options' menu (hotkey=T order=10)
[2026-01-03 09:59:54.356] ServiceContainer: Registered 'TextExportProfileManagerScreen' (singleton=False)
[2026-01-03 09:59:54.357] MenuRegistry: Registered 'T2020 Export Profiles' in 'Tools' menu (hotkey=E order=45)
[2026-01-03 09:59:54.358] MenuRegistry: Registered 'T2020 Export Profiles' in 'Tools' menu (hotkey=E order=45)
[2026-01-03 09:59:54.360] ServiceContainer: Registered 'ExcelImportScreen' (singleton=False)
[2026-01-03 09:59:54.361] MenuRegistry: Registered 'Import from Excel' in 'Projects' menu (hotkey=I order=40)
[2026-01-03 09:59:54.363] MenuRegistry: Registered 'Import from Excel' in 'Projects' menu (hotkey=I order=40)
[2026-01-03 09:59:54.365] ServiceContainer: Registered 'ChecklistTemplatesFolderScreen' (singleton=False)
[2026-01-03 09:59:54.366] MenuRegistry: Registered 'Checklist Templates' in 'Tools' menu (hotkey=H order=30)
[2026-01-03 09:59:54.367] MenuRegistry: Registered 'Checklist Templates' in 'Tools' menu (hotkey=H order=30)
[2026-01-03 09:59:54.369] ServiceContainer: Registered 'CommandLibraryScreen' (singleton=False)
[2026-01-03 09:59:54.370] MenuRegistry: Registered 'Command Library' in 'Tools' menu (hotkey=L order=10)
[2026-01-03 09:59:54.371] MenuRegistry: Registered 'Command Library' in 'Tools' menu (hotkey=L order=10)
[2026-01-03 09:59:54.373] ServiceContainer: Resolving 'TaskListScreen'...
[2026-01-03 09:59:54.376] ServiceContainer: Resolving 'TaskStore'...
[2026-01-03 09:59:54.548] ServiceContainer: Resolved 'TaskStore' successfully
[2026-01-03 09:59:55.792] _PopulateMenusFromRegistry: Menu 'Projects' has 3 items from registry (array)
[2026-01-03 09:59:55.829] _PopulateMenusFromRegistry: Menu 'Tasks' has 1 items from registry (array)
[2026-01-03 09:59:55.834] _PopulateMenusFromRegistry: Menu 'Help' has 1 items from registry (array)
[2026-01-03 09:59:55.841] _PopulateMenusFromRegistry: Menu 'Time' has 3 items from registry (array)
[2026-01-03 09:59:55.848] _PopulateMenusFromRegistry: Menu 'Options' has 2 items from registry (array)
[2026-01-03 09:59:55.859] _PopulateMenusFromRegistry: Menu 'Tools' has 6 items from registry (array)
[2026-01-03 09:59:55.863] ServiceContainer: Resolved 'TaskListScreen' successfully
