[2025-12-21 21:29:07.484] ServiceContainer: Registered 'Theme' (singleton=True)
[2025-12-21 21:29:07.489] ServiceContainer: Registered 'ThemeManager' (singleton=True)
[2025-12-21 21:29:07.491] ServiceContainer: Registered 'Config' (singleton=True)
[2025-12-21 21:29:07.493] ServiceContainer: Registered 'TaskStore' (singleton=True)
[2025-12-21 21:29:07.495] ServiceContainer: Registered 'MenuRegistry' (singleton=True)
[2025-12-21 21:29:07.497] ServiceContainer: Registered 'Application' (singleton=True)
[2025-12-21 21:29:07.509] ServiceContainer: Registered 'CommandService' (singleton=True)
[2025-12-21 21:29:07.511] ServiceContainer: Registered 'ChecklistService' (singleton=True)
[2025-12-21 21:29:07.512] ServiceContainer: Registered 'NoteService' (singleton=True)
[2025-12-21 21:29:07.514] ServiceContainer: Registered 'ExcelMappingService' (singleton=True)
[2025-12-21 21:29:07.515] ServiceContainer: Registered 'PreferencesService' (singleton=True)
[2025-12-21 21:29:07.516] ServiceContainer: Registered 'TaskListScreen' (singleton=False)
[2025-12-21 21:29:07.539] ServiceContainer: Resolving 'Application'...
[2025-12-21 21:29:07.543] ServiceContainer: Resolving 'Theme'...
[2025-12-21 21:29:07.849] ServiceContainer: Resolved 'Theme' successfully
[2025-12-21 21:29:07.946] ServiceContainer: Resolving 'ThemeManager'...
[2025-12-21 21:29:07.949] ServiceContainer: Resolved 'ThemeManager' successfully
[2025-12-21 21:29:07.981] ServiceContainer: Resolved 'Application' successfully
[2025-12-21 21:29:07.983] ServiceContainer: Resolving 'MenuRegistry'...
[2025-12-21 21:29:08.001] ServiceContainer: Resolved 'MenuRegistry' successfully
[2025-12-21 21:29:08.026] MenuRegistry: Loaded manifest with 14 entries
[2025-12-21 21:29:08.061] ServiceContainer: Registered 'SettingsScreen' (singleton=False)
[2025-12-21 21:29:08.063] MenuRegistry: Registered 'Settings' in 'Options' menu (hotkey=S order=20)
[2025-12-21 21:29:08.085] MenuRegistry: Registered 'Settings' in 'Options' menu (hotkey=S order=20)
[2025-12-21 21:29:08.087] ServiceContainer: Registered 'HelpViewScreen' (singleton=False)
[2025-12-21 21:29:08.089] MenuRegistry: Registered 'Help' in 'Help' menu (hotkey=H order=10)
[2025-12-21 21:29:08.092] MenuRegistry: Registered 'Help' in 'Help' menu (hotkey=H order=10)
[2025-12-21 21:29:08.094] ServiceContainer: Registered 'ProjectListScreen' (singleton=False)
[2025-12-21 21:29:08.096] MenuRegistry: Registered 'Project List' in 'Projects' menu (hotkey=L order=10)
[2025-12-21 21:29:08.098] MenuRegistry: Registered 'Project List' in 'Projects' menu (hotkey=L order=10)
[2025-12-21 21:29:08.101] ServiceContainer: Registered 'ChecklistTemplatesFolderScreen' (singleton=False)
[2025-12-21 21:29:08.102] MenuRegistry: Registered 'Checklist Templates' in 'Tools' menu (hotkey=H order=30)
[2025-12-21 21:29:08.104] MenuRegistry: Registered 'Checklist Templates' in 'Tools' menu (hotkey=H order=30)
[2025-12-21 21:29:08.106] ServiceContainer: Registered 'WeeklyTimeReportScreen' (singleton=False)
[2025-12-21 21:29:08.108] MenuRegistry: Registered 'Weekly Report' in 'Time' menu (hotkey=W order=10)
[2025-12-21 21:29:08.110] MenuRegistry: Registered 'Weekly Report' in 'Time' menu (hotkey=W order=10)
[2025-12-21 21:29:08.113] ServiceContainer: Registered 'ChecklistsLauncherScreen' (singleton=False)
[2025-12-21 21:29:08.114] MenuRegistry: Registered 'Checklists' in 'Tools' menu (hotkey=C order=25)
[2025-12-21 21:29:08.117] MenuRegistry: Registered 'Checklists' in 'Tools' menu (hotkey=C order=25)
[2025-12-21 21:29:08.119] ServiceContainer: Registered 'ExcelImportScreen' (singleton=False)
[2025-12-21 21:29:08.120] MenuRegistry: Registered 'Import from Excel' in 'Projects' menu (hotkey=I order=40)
[2025-12-21 21:29:08.122] MenuRegistry: Registered 'Import from Excel' in 'Projects' menu (hotkey=I order=40)
[2025-12-21 21:29:08.125] ServiceContainer: Registered 'ThemeEditorScreen' (singleton=False)
[2025-12-21 21:29:08.127] MenuRegistry: Registered 'Theme Editor' in 'Options' menu (hotkey=T order=10)
[2025-12-21 21:29:08.129] MenuRegistry: Registered 'Theme Editor' in 'Options' menu (hotkey=T order=10)
[2025-12-21 21:29:08.132] ServiceContainer: Registered 'TimeReportScreen' (singleton=False)
[2025-12-21 21:29:08.141] MenuRegistry: Registered 'Time Report' in 'Time' menu (hotkey=R order=20)
[2025-12-21 21:29:08.143] MenuRegistry: Registered 'Time Report' in 'Time' menu (hotkey=R order=20)
[2025-12-21 21:29:08.145] ServiceContainer: Registered 'TaskListScreen_Default' (singleton=False)
[2025-12-21 21:29:08.146] MenuRegistry: Registered 'Task List' in 'Tasks' menu (hotkey=L order=5)
[2025-12-21 21:29:08.148] MenuRegistry: Registered 'Task List' in 'Tasks' menu (hotkey=L order=5)
[2025-12-21 21:29:08.150] ServiceContainer: Registered 'CommandLibraryScreen' (singleton=False)
[2025-12-21 21:29:08.151] MenuRegistry: Registered 'Command Library' in 'Tools' menu (hotkey=L order=10)
[2025-12-21 21:29:08.153] MenuRegistry: Registered 'Command Library' in 'Tools' menu (hotkey=L order=10)
[2025-12-21 21:29:08.155] ServiceContainer: Registered 'NotesMenuScreen' (singleton=False)
[2025-12-21 21:29:08.156] MenuRegistry: Registered 'Notes' in 'Tools' menu (hotkey=N order=20)
[2025-12-21 21:29:08.158] MenuRegistry: Registered 'Notes' in 'Tools' menu (hotkey=N order=20)
[2025-12-21 21:29:08.160] ServiceContainer: Registered 'TimeListScreen' (singleton=False)
[2025-12-21 21:29:08.161] MenuRegistry: Registered 'Time Tracking' in 'Time' menu (hotkey=T order=5)
[2025-12-21 21:29:08.163] MenuRegistry: Registered 'Time Tracking' in 'Time' menu (hotkey=T order=5)
[2025-12-21 21:29:08.165] ServiceContainer: Registered 'ExcelProfileManagerScreen' (singleton=False)
[2025-12-21 21:29:08.167] MenuRegistry: Registered 'Excel Profiles' in 'Projects' menu (hotkey=M order=50)
[2025-12-21 21:29:08.168] MenuRegistry: Registered 'Excel Profiles' in 'Projects' menu (hotkey=M order=50)
[2025-12-21 21:29:08.170] ServiceContainer: Resolving 'TaskListScreen'...
[2025-12-21 21:29:08.173] ServiceContainer: Resolving 'TaskStore'...
[2025-12-21 21:29:08.570] ServiceContainer: Resolved 'TaskStore' successfully
[2025-12-21 21:29:09.630] _PopulateMenusFromRegistry: Menu 'Tools' has 4 items from registry (array)
[2025-12-21 21:29:09.659] _PopulateMenusFromRegistry: Menu 'Time' has 3 items from registry (array)
[2025-12-21 21:29:09.664] _PopulateMenusFromRegistry: Menu 'Projects' has 3 items from registry (array)
[2025-12-21 21:29:09.667] _PopulateMenusFromRegistry: Menu 'Help' has 1 items from registry (array)
[2025-12-21 21:29:09.670] _PopulateMenusFromRegistry: Menu 'Tasks' has 1 items from registry (array)
[2025-12-21 21:29:09.673] _PopulateMenusFromRegistry: Menu 'Options' has 2 items from registry (array)
[2025-12-21 21:29:09.677] ServiceContainer: Resolved 'TaskListScreen' successfully
[2025-12-21 21:29:21.112] ServiceContainer: Resolving 'CommandLibraryScreen'...
[2025-12-21 21:29:21.287] ServiceContainer: Resolved 'CommandLibraryScreen' successfully
[2025-12-21 21:29:21.365] [ERROR] MenuRegistry: Error launching 'CommandLibraryScreen': LoadData() must be implemented in subclass
[2025-12-21 21:29:21.366] Stack trace: 
at LoadData, /home/teej/ztest/module/Pmc.Strict/consoleui/base/StandardListScreen.ps1: line 300
at OnEnter, /home/teej/ztest/module/Pmc.Strict/consoleui/base/StandardListScreen.ps1: line 627
at PushScreen, /home/teej/ztest/module/Pmc.Strict/consoleui/PmcApplication.ps1: line 129
at <ScriptBlock>, <No file>: line 4
at ExecuteSelectedItem, /home/teej/ztest/module/Pmc.Strict/consoleui/widgets/PmcMenuBar.ps1: line 299
at HandleKeyPress, /home/teej/ztest/module/Pmc.Strict/consoleui/widgets/PmcMenuBar.ps1: line 504
at HandleKeyPress, /home/teej/ztest/module/Pmc.Strict/consoleui/base/StandardListScreen.ps1: line 979
at HandleKeyPress, /home/teej/ztest/module/Pmc.Strict/consoleui/screens/TaskListScreen.ps1: line 2048
at Run, /home/teej/ztest/module/Pmc.Strict/consoleui/PmcApplication.ps1: line 413
at Start-PmcTUI, /home/teej/ztest/module/Pmc.Strict/consoleui/Start-PmcTUI.ps1: line 599
at <ScriptBlock>, /home/teej/ztest/start.ps1: line 37
