[2026-01-13 06:42:09.600] ServiceContainer: Registered 'Theme' (singleton=True)
[2026-01-13 06:42:09.605] ServiceContainer: Registered 'ThemeManager' (singleton=True)
[2026-01-13 06:42:09.606] ServiceContainer: Registered 'Config' (singleton=True)
[2026-01-13 06:42:09.607] ServiceContainer: Registered 'TaskStore' (singleton=True)
[2026-01-13 06:42:09.608] ServiceContainer: Registered 'MenuRegistry' (singleton=True)
[2026-01-13 06:42:09.609] ServiceContainer: Registered 'Application' (singleton=True)
[2026-01-13 06:42:09.611] ServiceContainer: Registered 'CommandService' (singleton=True)
[2026-01-13 06:42:09.612] ServiceContainer: Registered 'ChecklistService' (singleton=True)
[2026-01-13 06:42:09.613] ServiceContainer: Registered 'NoteService' (singleton=True)
[2026-01-13 06:42:09.614] ServiceContainer: Registered 'ExcelMappingService' (singleton=True)
[2026-01-13 06:42:09.615] ServiceContainer: Registered 'ExcelCopyService' (singleton=True)
[2026-01-13 06:42:09.616] ServiceContainer: Registered 'PreferencesService' (singleton=True)
[2026-01-13 06:42:09.617] ServiceContainer: Registered 'ExcelImportService' (singleton=True)
[2026-01-13 06:42:09.618] ServiceContainer: Registered 'TextExportService' (singleton=True)
[2026-01-13 06:42:09.619] ServiceContainer: Registered 'TaskListScreen' (singleton=False)
[2026-01-13 06:42:09.641] ServiceContainer: Resolving 'Application'...
[2026-01-13 06:42:09.652] ServiceContainer: Resolving 'Theme'...
[2026-01-13 06:42:09.914] ServiceContainer: Resolved 'Theme' successfully
[2026-01-13 06:42:10.020] ServiceContainer: Resolving 'ThemeManager'...
[2026-01-13 06:42:10.023] ServiceContainer: Resolved 'ThemeManager' successfully
[2026-01-13 06:42:10.039] ServiceContainer: Resolved 'Application' successfully
[2026-01-13 06:42:10.041] ServiceContainer: Resolving 'MenuRegistry'...
[2026-01-13 06:42:10.057] ServiceContainer: Resolved 'MenuRegistry' successfully
[2026-01-13 06:42:10.081] MenuRegistry: Loaded manifest with 17 entries
[2026-01-13 06:42:10.125] ServiceContainer: Registered 'ChecklistsLauncherScreen' (singleton=False)
[2026-01-13 06:42:10.126] MenuRegistry: Registered factory for 'Checklists'
[2026-01-13 06:42:10.148] MenuRegistry: Registered 'Checklists' in 'Tools' menu (hotkey=C order=25)
[2026-01-13 06:42:10.151] ServiceContainer: Registered 'ExcelProfileManagerScreen' (singleton=False)
[2026-01-13 06:42:10.153] MenuRegistry: Registered factory for 'Excel Profiles'
[2026-01-13 06:42:10.155] MenuRegistry: Registered 'Excel Profiles' in 'Projects' menu (hotkey=M order=50)
[2026-01-13 06:42:10.157] ServiceContainer: Registered 'ChecklistTemplatesFolderScreen' (singleton=False)
[2026-01-13 06:42:10.158] MenuRegistry: Registered factory for 'Checklist Templates'
[2026-01-13 06:42:10.159] MenuRegistry: Registered 'Checklist Templates' in 'Tools' menu (hotkey=H order=30)
[2026-01-13 06:42:10.161] ServiceContainer: Registered 'TimeListScreen' (singleton=False)
[2026-01-13 06:42:10.162] MenuRegistry: Registered factory for 'Time Tracking'
[2026-01-13 06:42:10.163] MenuRegistry: Registered 'Time Tracking' in 'Time' menu (hotkey=T order=5)
[2026-01-13 06:42:10.165] ServiceContainer: Registered 'CommandLibraryScreen' (singleton=False)
[2026-01-13 06:42:10.166] MenuRegistry: Registered factory for 'Command Library'
[2026-01-13 06:42:10.167] MenuRegistry: Registered 'Command Library' in 'Tools' menu (hotkey=L order=10)
[2026-01-13 06:42:10.169] ServiceContainer: Registered 'TimeReportScreen' (singleton=False)
[2026-01-13 06:42:10.170] MenuRegistry: Registered factory for 'Time Report'
[2026-01-13 06:42:10.171] MenuRegistry: Registered 'Time Report' in 'Time' menu (hotkey=R order=20)
[2026-01-13 06:42:10.173] ServiceContainer: Registered 'CalendarScreen' (singleton=False)
[2026-01-13 06:42:10.174] MenuRegistry: Registered factory for 'Calendar'
[2026-01-13 06:42:10.175] MenuRegistry: Registered 'Calendar' in 'Tools' menu (hotkey=A order=50)
[2026-01-13 06:42:10.177] ServiceContainer: Registered 'ExcelImportScreen' (singleton=False)
[2026-01-13 06:42:10.178] MenuRegistry: Registered factory for 'Import from Excel'
[2026-01-13 06:42:10.179] MenuRegistry: Registered 'Import from Excel' in 'Projects' menu (hotkey=I order=40)
[2026-01-13 06:42:10.181] ServiceContainer: Registered 'SettingsScreen' (singleton=False)
[2026-01-13 06:42:10.182] MenuRegistry: Registered factory for 'Settings'
[2026-01-13 06:42:10.184] MenuRegistry: Registered 'Settings' in 'Options' menu (hotkey=S order=20)
[2026-01-13 06:42:10.185] ServiceContainer: Registered 'NotesMenuScreen' (singleton=False)
[2026-01-13 06:42:10.186] MenuRegistry: Registered factory for 'Notes'
[2026-01-13 06:42:10.188] MenuRegistry: Registered 'Notes' in 'Tools' menu (hotkey=N order=20)
[2026-01-13 06:42:10.189] ServiceContainer: Registered 'TaskListScreen_Default' (singleton=False)
[2026-01-13 06:42:10.190] MenuRegistry: Registered factory for 'Task List'
[2026-01-13 06:42:10.191] MenuRegistry: Registered 'Task List' in 'Tasks' menu (hotkey=L order=5)
[2026-01-13 06:42:10.193] ServiceContainer: Registered 'HelpViewScreen' (singleton=False)
[2026-01-13 06:42:10.194] MenuRegistry: Registered factory for 'Help'
[2026-01-13 06:42:10.195] MenuRegistry: Registered 'Help' in 'Help' menu (hotkey=H order=10)
[2026-01-13 06:42:10.197] ServiceContainer: Registered 'ThemeEditorScreen' (singleton=False)
[2026-01-13 06:42:10.198] MenuRegistry: Registered factory for 'Theme Editor'
[2026-01-13 06:42:10.199] MenuRegistry: Registered 'Theme Editor' in 'Options' menu (hotkey=T order=10)
[2026-01-13 06:42:10.201] ServiceContainer: Registered 'WeeklyTimeReportScreen' (singleton=False)
[2026-01-13 06:42:10.202] MenuRegistry: Registered factory for 'Weekly Report'
[2026-01-13 06:42:10.231] MenuRegistry: Registered 'Weekly Report' in 'Time' menu (hotkey=W order=10)
[2026-01-13 06:42:10.233] ServiceContainer: Registered 'ProjectListScreen' (singleton=False)
[2026-01-13 06:42:10.234] MenuRegistry: Registered factory for 'Project List'
[2026-01-13 06:42:10.236] MenuRegistry: Registered 'Project List' in 'Projects' menu (hotkey=L order=10)
[2026-01-13 06:42:10.237] ServiceContainer: Registered 'TextExportProfileManagerScreen' (singleton=False)
[2026-01-13 06:42:10.238] MenuRegistry: Registered factory for 'T2020 Export Profiles'
[2026-01-13 06:42:10.240] MenuRegistry: Registered 'T2020 Export Profiles' in 'Tools' menu (hotkey=E order=45)
[2026-01-13 06:42:10.242] ServiceContainer: Registered 'ExcelImportProfileManagerScreen' (singleton=False)
[2026-01-13 06:42:10.243] MenuRegistry: Registered factory for 'Excel Import Profiles'
[2026-01-13 06:42:10.244] MenuRegistry: Registered 'Excel Import Profiles' in 'Tools' menu (hotkey=I order=40)
[2026-01-13 06:42:20.071] ServiceContainer: Resolving 'ProjectListScreen'...
[2026-01-13 06:42:20.382] [INFO] StandardListScreen._ConfigureListActions: Configuring actions for Projects
[2026-01-13 06:42:20.397] [INFO] StandardListScreen: Added footer shortcut D -> Delete
[2026-01-13 06:42:20.415] [INFO] StandardListScreen._ConfigureListActions: Configured 12 footer shortcuts
[2026-01-13 06:42:20.427] [INFO] StandardListScreen._ConfigureListActions: Configuring actions for Projects
[2026-01-13 06:42:20.429] [INFO] StandardListScreen: Added footer shortcut D -> Delete
[2026-01-13 06:42:20.431] [INFO] StandardListScreen._ConfigureListActions: Configured 12 footer shortcuts
[2026-01-13 06:42:20.437] ServiceContainer: Resolved 'ProjectListScreen' successfully
[2026-01-13 06:42:20.574] [INFO] StandardListScreen._ConfigureListActions: Configuring actions for Projects
[2026-01-13 06:42:20.576] [INFO] StandardListScreen: Added footer shortcut D -> Delete
[2026-01-13 06:42:20.578] [INFO] StandardListScreen._ConfigureListActions: Configured 12 footer shortcuts
[06:42:20.905] [Z-BUFFER] REJECTED at (62,7): currentZ=10 < zBuffer=20 char='T'
[06:42:20.906] [Z-BUFFER] REJECTED at (63,7): currentZ=10 < zBuffer=20 char='a'
[06:42:20.907] [Z-BUFFER] REJECTED at (64,7): currentZ=10 < zBuffer=20 char='s'
[06:42:20.908] [Z-BUFFER] REJECTED at (65,7): currentZ=10 < zBuffer=20 char='k'
[06:42:20.909] [Z-BUFFER] REJECTED at (66,7): currentZ=10 < zBuffer=20 char='s'
[06:42:23.070] [Z-BUFFER] REJECTED at (62,7): currentZ=10 < zBuffer=20 char='T'
[06:42:23.071] [Z-BUFFER] REJECTED at (63,7): currentZ=10 < zBuffer=20 char='a'
[06:42:23.073] [Z-BUFFER] REJECTED at (64,7): currentZ=10 < zBuffer=20 char='s'
[06:42:23.076] [Z-BUFFER] REJECTED at (65,7): currentZ=10 < zBuffer=20 char='k'
[06:42:23.078] [Z-BUFFER] REJECTED at (66,7): currentZ=10 < zBuffer=20 char='s'
[2026-01-13 06:42:23.590] ServiceContainer: Resolving 'CommandLibraryScreen'...
[2026-01-13 06:42:23.664] [INFO] StandardListScreen._ConfigureListActions: Configuring actions for Command Library
[2026-01-13 06:42:23.668] [INFO] StandardListScreen: Added footer shortcut D -> Delete
[2026-01-13 06:42:23.671] [INFO] StandardListScreen._ConfigureListActions: Configured 5 footer shortcuts
[2026-01-13 06:42:23.726] ServiceContainer: Resolved 'CommandLibraryScreen' successfully
[2026-01-13 06:42:23.763] [INFO] StandardListScreen._ConfigureListActions: Configuring actions for Command Library
[2026-01-13 06:42:23.764] [INFO] StandardListScreen: Added footer shortcut D -> Delete
[2026-01-13 06:42:23.765] [INFO] StandardListScreen._ConfigureListActions: Configured 5 footer shortcuts
[06:42:23.834] [Z-BUFFER] REJECTED at (2,7): currentZ=10 < zBuffer=20 char='N'
[06:42:23.835] [Z-BUFFER] REJECTED at (3,7): currentZ=10 < zBuffer=20 char='a'
[06:42:23.836] [Z-BUFFER] REJECTED at (4,7): currentZ=10 < zBuffer=20 char='m'
[06:42:23.836] [Z-BUFFER] REJECTED at (5,7): currentZ=10 < zBuffer=20 char='e'
[06:42:25.019] [Z-BUFFER] REJECTED at (2,7): currentZ=10 < zBuffer=20 char='N'
[06:42:25.020] [Z-BUFFER] REJECTED at (3,7): currentZ=10 < zBuffer=20 char='a'
[06:42:25.021] [Z-BUFFER] REJECTED at (4,7): currentZ=10 < zBuffer=20 char='m'
[06:42:25.021] [Z-BUFFER] REJECTED at (5,7): currentZ=10 < zBuffer=20 char='e'
[06:42:26.527] [Z-BUFFER] REJECTED at (2,7): currentZ=10 < zBuffer=20 char='N'
[06:42:26.528] [Z-BUFFER] REJECTED at (3,7): currentZ=10 < zBuffer=20 char='a'
[06:42:26.529] [Z-BUFFER] REJECTED at (4,7): currentZ=10 < zBuffer=20 char='m'
[06:42:26.530] [Z-BUFFER] REJECTED at (5,7): currentZ=10 < zBuffer=20 char='e'
[06:42:29.046] [Z-BUFFER] REJECTED at (2,7): currentZ=10 < zBuffer=20 char='N'
[06:42:29.047] [Z-BUFFER] REJECTED at (3,7): currentZ=10 < zBuffer=20 char='a'
[06:42:29.047] [Z-BUFFER] REJECTED at (4,7): currentZ=10 < zBuffer=20 char='m'
[06:42:29.048] [Z-BUFFER] REJECTED at (5,7): currentZ=10 < zBuffer=20 char='e'
[06:42:31.719] [Z-BUFFER] REJECTED at (2,7): currentZ=10 < zBuffer=20 char='N'
[06:42:31.719] [Z-BUFFER] REJECTED at (3,7): currentZ=10 < zBuffer=20 char='a'
[06:42:31.720] [Z-BUFFER] REJECTED at (4,7): currentZ=10 < zBuffer=20 char='m'
[06:42:31.720] [Z-BUFFER] REJECTED at (5,7): currentZ=10 < zBuffer=20 char='e'
[06:42:33.332] [Z-BUFFER] REJECTED at (2,7): currentZ=10 < zBuffer=20 char='N'
[06:42:33.333] [Z-BUFFER] REJECTED at (3,7): currentZ=10 < zBuffer=20 char='a'
[06:42:33.333] [Z-BUFFER] REJECTED at (4,7): currentZ=10 < zBuffer=20 char='m'
[06:42:33.334] [Z-BUFFER] REJECTED at (5,7): currentZ=10 < zBuffer=20 char='e'
