[2025-12-31 20:47:04.017] ServiceContainer: Registered 'Theme' (singleton=True)
[2025-12-31 20:47:04.023] ServiceContainer: Registered 'ThemeManager' (singleton=True)
[2025-12-31 20:47:04.025] ServiceContainer: Registered 'Config' (singleton=True)
[2025-12-31 20:47:04.027] ServiceContainer: Registered 'TaskStore' (singleton=True)
[2025-12-31 20:47:04.029] ServiceContainer: Registered 'MenuRegistry' (singleton=True)
[2025-12-31 20:47:04.031] ServiceContainer: Registered 'Application' (singleton=True)
[2025-12-31 20:47:04.033] ServiceContainer: Registered 'CommandService' (singleton=True)
[2025-12-31 20:47:04.035] ServiceContainer: Registered 'ChecklistService' (singleton=True)
[2025-12-31 20:47:04.037] ServiceContainer: Registered 'NoteService' (singleton=True)
[2025-12-31 20:47:04.038] ServiceContainer: Registered 'ExcelMappingService' (singleton=True)
[2025-12-31 20:47:04.040] ServiceContainer: Registered 'ExcelCopyService' (singleton=True)
[2025-12-31 20:47:04.042] ServiceContainer: Registered 'PreferencesService' (singleton=True)
[2025-12-31 20:47:04.043] ServiceContainer: Registered 'ExcelImportService' (singleton=True)
[2025-12-31 20:47:04.045] ServiceContainer: Registered 'TextExportService' (singleton=True)
[2025-12-31 20:47:04.047] ServiceContainer: Registered 'TaskListScreen' (singleton=False)
[2025-12-31 20:47:04.086] ServiceContainer: Resolving 'Application'...
[2025-12-31 20:47:04.090] ServiceContainer: Resolving 'Theme'...
[2025-12-31 20:47:04.304] ServiceContainer: Resolved 'Theme' successfully
[2025-12-31 20:47:04.401] ServiceContainer: Resolving 'ThemeManager'...
[2025-12-31 20:47:04.405] ServiceContainer: Resolved 'ThemeManager' successfully
[2025-12-31 20:47:04.425] ServiceContainer: Resolved 'Application' successfully
[2025-12-31 20:47:04.426] ServiceContainer: Resolving 'MenuRegistry'...
[2025-12-31 20:47:04.456] ServiceContainer: Resolved 'MenuRegistry' successfully
[2025-12-31 20:47:04.480] MenuRegistry: Loaded manifest with 16 entries
[2025-12-31 20:47:04.512] ServiceContainer: Registered 'TaskListScreen_Default' (singleton=False)
[2025-12-31 20:47:04.513] MenuRegistry: Registered 'Task List' in 'Tasks' menu (hotkey=L order=5)
[2025-12-31 20:47:04.532] MenuRegistry: Registered 'Task List' in 'Tasks' menu (hotkey=L order=5)
[2025-12-31 20:47:04.535] ServiceContainer: Registered 'ChecklistTemplatesFolderScreen' (singleton=False)
[2025-12-31 20:47:04.536] MenuRegistry: Registered 'Checklist Templates' in 'Tools' menu (hotkey=H order=30)
[2025-12-31 20:47:04.538] MenuRegistry: Registered 'Checklist Templates' in 'Tools' menu (hotkey=H order=30)
[2025-12-31 20:47:04.540] ServiceContainer: Registered 'ExcelImportProfileManagerScreen' (singleton=False)
[2025-12-31 20:47:04.541] MenuRegistry: Registered 'Excel Import Profiles' in 'Tools' menu (hotkey=I order=40)
[2025-12-31 20:47:04.543] MenuRegistry: Registered 'Excel Import Profiles' in 'Tools' menu (hotkey=I order=40)
[2025-12-31 20:47:04.544] ServiceContainer: Registered 'TextExportProfileManagerScreen' (singleton=False)
[2025-12-31 20:47:04.545] MenuRegistry: Registered 'T2020 Export Profiles' in 'Tools' menu (hotkey=E order=45)
[2025-12-31 20:47:04.547] MenuRegistry: Registered 'T2020 Export Profiles' in 'Tools' menu (hotkey=E order=45)
[2025-12-31 20:47:04.550] ServiceContainer: Registered 'ExcelProfileManagerScreen' (singleton=False)
[2025-12-31 20:47:04.551] MenuRegistry: Registered 'Excel Profiles' in 'Projects' menu (hotkey=M order=50)
[2025-12-31 20:47:04.553] MenuRegistry: Registered 'Excel Profiles' in 'Projects' menu (hotkey=M order=50)
[2025-12-31 20:47:04.555] ServiceContainer: Registered 'NotesMenuScreen' (singleton=False)
[2025-12-31 20:47:04.556] MenuRegistry: Registered 'Notes' in 'Tools' menu (hotkey=N order=20)
[2025-12-31 20:47:04.557] MenuRegistry: Registered 'Notes' in 'Tools' menu (hotkey=N order=20)
[2025-12-31 20:47:04.559] ServiceContainer: Registered 'SettingsScreen' (singleton=False)
[2025-12-31 20:47:04.560] MenuRegistry: Registered 'Settings' in 'Options' menu (hotkey=S order=20)
[2025-12-31 20:47:04.562] MenuRegistry: Registered 'Settings' in 'Options' menu (hotkey=S order=20)
[2025-12-31 20:47:04.564] ServiceContainer: Registered 'TimeListScreen' (singleton=False)
[2025-12-31 20:47:04.565] MenuRegistry: Registered 'Time Tracking' in 'Time' menu (hotkey=T order=5)
[2025-12-31 20:47:04.566] MenuRegistry: Registered 'Time Tracking' in 'Time' menu (hotkey=T order=5)
[2025-12-31 20:47:04.568] ServiceContainer: Registered 'TimeReportScreen' (singleton=False)
[2025-12-31 20:47:04.569] MenuRegistry: Registered 'Time Report' in 'Time' menu (hotkey=R order=20)
[2025-12-31 20:47:04.571] MenuRegistry: Registered 'Time Report' in 'Time' menu (hotkey=R order=20)
[2025-12-31 20:47:04.573] ServiceContainer: Registered 'HelpViewScreen' (singleton=False)
[2025-12-31 20:47:04.581] MenuRegistry: Registered 'Help' in 'Help' menu (hotkey=H order=10)
[2025-12-31 20:47:04.583] MenuRegistry: Registered 'Help' in 'Help' menu (hotkey=H order=10)
[2025-12-31 20:47:04.585] ServiceContainer: Registered 'WeeklyTimeReportScreen' (singleton=False)
[2025-12-31 20:47:04.586] MenuRegistry: Registered 'Weekly Report' in 'Time' menu (hotkey=W order=10)
[2025-12-31 20:47:04.587] MenuRegistry: Registered 'Weekly Report' in 'Time' menu (hotkey=W order=10)
[2025-12-31 20:47:04.589] ServiceContainer: Registered 'ThemeEditorScreen' (singleton=False)
[2025-12-31 20:47:04.590] MenuRegistry: Registered 'Theme Editor' in 'Options' menu (hotkey=T order=10)
[2025-12-31 20:47:04.592] MenuRegistry: Registered 'Theme Editor' in 'Options' menu (hotkey=T order=10)
[2025-12-31 20:47:04.593] ServiceContainer: Registered 'ProjectListScreen' (singleton=False)
[2025-12-31 20:47:04.594] MenuRegistry: Registered 'Project List' in 'Projects' menu (hotkey=L order=10)
[2025-12-31 20:47:04.596] MenuRegistry: Registered 'Project List' in 'Projects' menu (hotkey=L order=10)
[2025-12-31 20:47:04.598] ServiceContainer: Registered 'ChecklistsLauncherScreen' (singleton=False)
[2025-12-31 20:47:04.599] MenuRegistry: Registered 'Checklists' in 'Tools' menu (hotkey=C order=25)
[2025-12-31 20:47:04.600] MenuRegistry: Registered 'Checklists' in 'Tools' menu (hotkey=C order=25)
[2025-12-31 20:47:04.602] ServiceContainer: Registered 'ExcelImportScreen' (singleton=False)
[2025-12-31 20:47:04.603] MenuRegistry: Registered 'Import from Excel' in 'Projects' menu (hotkey=I order=40)
[2025-12-31 20:47:04.605] MenuRegistry: Registered 'Import from Excel' in 'Projects' menu (hotkey=I order=40)
[2025-12-31 20:47:04.607] ServiceContainer: Registered 'CommandLibraryScreen' (singleton=False)
[2025-12-31 20:47:04.608] MenuRegistry: Registered 'Command Library' in 'Tools' menu (hotkey=L order=10)
[2025-12-31 20:47:04.609] MenuRegistry: Registered 'Command Library' in 'Tools' menu (hotkey=L order=10)
[2025-12-31 20:47:04.611] ServiceContainer: Resolving 'TaskListScreen'...
[2025-12-31 20:47:04.614] ServiceContainer: Resolving 'TaskStore'...
[2025-12-31 20:47:05.104] ServiceContainer: Resolved 'TaskStore' successfully
[2025-12-31 20:47:06.060] _PopulateMenusFromRegistry: Menu 'Tasks' has 1 items from registry (array)
[2025-12-31 20:47:06.087] _PopulateMenusFromRegistry: Menu 'Projects' has 3 items from registry (array)
[2025-12-31 20:47:06.093] _PopulateMenusFromRegistry: Menu 'Help' has 1 items from registry (array)
[2025-12-31 20:47:06.098] _PopulateMenusFromRegistry: Menu 'Time' has 3 items from registry (array)
[2025-12-31 20:47:06.101] _PopulateMenusFromRegistry: Menu 'Options' has 2 items from registry (array)
[2025-12-31 20:47:06.106] _PopulateMenusFromRegistry: Menu 'Tools' has 6 items from registry (array)
[2025-12-31 20:47:06.110] ServiceContainer: Resolved 'TaskListScreen' successfully
[2025-12-31 20:47:11.854] ServiceContainer: Resolving 'ThemeEditorScreen'...
[2025-12-31 20:47:11.931] ServiceContainer: Resolved 'ThemeEditorScreen' successfully
