[2025-12-19 23:16:27.263] ServiceContainer: Registered 'Theme' (singleton=True)
[2025-12-19 23:16:27.271] ServiceContainer: Registered 'ThemeManager' (singleton=True)
[2025-12-19 23:16:27.279] ServiceContainer: Registered 'Config' (singleton=True)
[2025-12-19 23:16:27.280] ServiceContainer: Registered 'TaskStore' (singleton=True)
[2025-12-19 23:16:27.280] ServiceContainer: Registered 'MenuRegistry' (singleton=True)
[2025-12-19 23:16:27.281] ServiceContainer: Registered 'Application' (singleton=True)
[2025-12-19 23:16:27.282] ServiceContainer: Registered 'CommandService' (singleton=True)
[2025-12-19 23:16:27.283] ServiceContainer: Registered 'ChecklistService' (singleton=True)
[2025-12-19 23:16:27.284] ServiceContainer: Registered 'NoteService' (singleton=True)
[2025-12-19 23:16:27.285] ServiceContainer: Registered 'ExcelMappingService' (singleton=True)
[2025-12-19 23:16:27.285] ServiceContainer: Registered 'PreferencesService' (singleton=True)
[2025-12-19 23:16:27.286] ServiceContainer: Registered 'TaskListScreen' (singleton=False)
[2025-12-19 23:16:27.299] ServiceContainer: Resolving 'Application'...
[2025-12-19 23:16:27.300] ServiceContainer: Resolving 'Theme'...
[2025-12-19 23:16:27.447] ServiceContainer: Resolved 'Theme' successfully
[2025-12-19 23:16:27.507] ServiceContainer: Resolving 'ThemeManager'...
[2025-12-19 23:16:27.509] ServiceContainer: Resolved 'ThemeManager' successfully
[2025-12-19 23:16:27.521] ServiceContainer: Resolved 'Application' successfully
[2025-12-19 23:16:27.522] ServiceContainer: Resolving 'MenuRegistry'...
[2025-12-19 23:16:27.533] ServiceContainer: Resolved 'MenuRegistry' successfully
[2025-12-19 23:16:27.550] MenuRegistry: Loaded manifest with 23 entries
[2025-12-19 23:16:27.571] ServiceContainer: Registered 'TimeListScreen' (singleton=False)
[2025-12-19 23:16:27.580] MenuRegistry: Registered screen factory 'TimeListScreen' in container (viewMode=)
[2025-12-19 23:16:27.593] MenuRegistry: Registered 'Time Tracking' in 'Time' menu (hotkey=T order=5)
[2025-12-19 23:16:27.596] ServiceContainer: Registered 'TaskListScreen_Upcoming' (singleton=False)
[2025-12-19 23:16:27.597] MenuRegistry: Registered screen factory 'TaskListScreen_Upcoming' in container (viewMode=upcoming)
[2025-12-19 23:16:27.598] MenuRegistry: Registered 'Upcoming' in 'Tasks' menu (hotkey=U order=25)
[2025-12-19 23:16:27.600] ServiceContainer: Registered 'TaskListScreen_Month' (singleton=False)
[2025-12-19 23:16:27.600] MenuRegistry: Registered screen factory 'TaskListScreen_Month' in container (viewMode=month)
[2025-12-19 23:16:27.601] MenuRegistry: Registered 'Month View' in 'Tasks' menu (hotkey=M order=45)
[2025-12-19 23:16:27.603] ServiceContainer: Registered 'TaskListScreen_Week' (singleton=False)
[2025-12-19 23:16:27.603] MenuRegistry: Registered screen factory 'TaskListScreen_Week' in container (viewMode=week)
[2025-12-19 23:16:27.604] MenuRegistry: Registered 'Week View' in 'Tasks' menu (hotkey=W order=20)
[2025-12-19 23:16:27.606] ServiceContainer: Registered 'TaskListScreen_NextActions' (singleton=False)
[2025-12-19 23:16:27.606] MenuRegistry: Registered screen factory 'TaskListScreen_NextActions' in container (viewMode=nextactions)
[2025-12-19 23:16:27.607] MenuRegistry: Registered 'Next Actions' in 'Tasks' menu (hotkey=N order=35)
[2025-12-19 23:16:27.608] ServiceContainer: Registered 'TimeReportScreen' (singleton=False)
[2025-12-19 23:16:27.609] MenuRegistry: Registered screen factory 'TimeReportScreen' in container (viewMode=)
[2025-12-19 23:16:27.610] MenuRegistry: Registered 'Time Report' in 'Time' menu (hotkey=R order=20)
[2025-12-19 23:16:27.611] ServiceContainer: Registered 'ThemeEditorScreen' (singleton=False)
[2025-12-19 23:16:27.612] MenuRegistry: Registered screen factory 'ThemeEditorScreen' in container (viewMode=)
[2025-12-19 23:16:27.613] MenuRegistry: Registered 'Theme Editor' in 'Options' menu (hotkey=T order=10)
[2025-12-19 23:16:27.615] ServiceContainer: Registered 'TaskListScreen_Today' (singleton=False)
[2025-12-19 23:16:27.615] MenuRegistry: Registered screen factory 'TaskListScreen_Today' in container (viewMode=today)
[2025-12-19 23:16:27.616] MenuRegistry: Registered 'Today' in 'Tasks' menu (hotkey=Y order=10)
[2025-12-19 23:16:27.618] ServiceContainer: Registered 'ExcelImportScreen' (singleton=False)
[2025-12-19 23:16:27.619] MenuRegistry: Registered screen factory 'ExcelImportScreen' in container (viewMode=)
[2025-12-19 23:16:27.620] MenuRegistry: Registered 'Import from Excel' in 'Projects' menu (hotkey=I order=40)
[2025-12-19 23:16:27.621] ServiceContainer: Registered 'ProjectListScreen' (singleton=False)
[2025-12-19 23:16:27.622] MenuRegistry: Registered screen factory 'ProjectListScreen' in container (viewMode=)
[2025-12-19 23:16:27.623] MenuRegistry: Registered 'Project List' in 'Projects' menu (hotkey=L order=10)
[2025-12-19 23:16:27.624] ServiceContainer: Registered 'TaskListScreen_Default' (singleton=False)
[2025-12-19 23:16:27.625] MenuRegistry: Registered screen factory 'TaskListScreen_Default' in container (viewMode=)
[2025-12-19 23:16:27.626] MenuRegistry: Registered 'Task List' in 'Tasks' menu (hotkey=L order=5)
[2025-12-19 23:16:27.627] ServiceContainer: Registered 'SettingsScreen' (singleton=False)
[2025-12-19 23:16:27.628] MenuRegistry: Registered screen factory 'SettingsScreen' in container (viewMode=)
[2025-12-19 23:16:27.629] MenuRegistry: Registered 'Settings' in 'Options' menu (hotkey=S order=20)
[2025-12-19 23:16:27.630] ServiceContainer: Registered 'ChecklistsLauncherScreen' (singleton=False)
[2025-12-19 23:16:27.631] MenuRegistry: Registered screen factory 'ChecklistsLauncherScreen' in container (viewMode=)
[2025-12-19 23:16:27.632] MenuRegistry: Registered 'Checklists' in 'Tools' menu (hotkey=C order=25)
[2025-12-19 23:16:27.633] ServiceContainer: Registered 'TaskListScreen_Tomorrow' (singleton=False)
[2025-12-19 23:16:27.634] MenuRegistry: Registered screen factory 'TaskListScreen_Tomorrow' in container (viewMode=tomorrow)
[2025-12-19 23:16:27.635] MenuRegistry: Registered 'Tomorrow' in 'Tasks' menu (hotkey=T order=15)
[2025-12-19 23:16:27.636] ServiceContainer: Registered 'ChecklistTemplatesFolderScreen' (singleton=False)
[2025-12-19 23:16:27.655] MenuRegistry: Registered screen factory 'ChecklistTemplatesFolderScreen' in container (viewMode=)
[2025-12-19 23:16:27.656] MenuRegistry: Registered 'Checklist Templates' in 'Tools' menu (hotkey=H order=30)
[2025-12-19 23:16:27.658] ServiceContainer: Registered 'CommandLibraryScreen' (singleton=False)
[2025-12-19 23:16:27.659] MenuRegistry: Registered screen factory 'CommandLibraryScreen' in container (viewMode=)
[2025-12-19 23:16:27.660] MenuRegistry: Registered 'Command Library' in 'Tools' menu (hotkey=L order=10)
[2025-12-19 23:16:27.661] ServiceContainer: Registered 'TaskListScreen_Agenda' (singleton=False)
[2025-12-19 23:16:27.662] MenuRegistry: Registered screen factory 'TaskListScreen_Agenda' in container (viewMode=agenda)
[2025-12-19 23:16:27.663] MenuRegistry: Registered 'Agenda View' in 'Tasks' menu (hotkey=A order=50)
[2025-12-19 23:16:27.665] ServiceContainer: Registered 'TaskListScreen_NoDate' (singleton=False)
[2025-12-19 23:16:27.666] MenuRegistry: Registered screen factory 'TaskListScreen_NoDate' in container (viewMode=noduedate)
[2025-12-19 23:16:27.667] MenuRegistry: Registered 'No Due Date' in 'Tasks' menu (hotkey=D order=40)
[2025-12-19 23:16:27.668] ServiceContainer: Registered 'NotesMenuScreen' (singleton=False)
[2025-12-19 23:16:27.669] MenuRegistry: Registered screen factory 'NotesMenuScreen' in container (viewMode=)
[2025-12-19 23:16:27.670] MenuRegistry: Registered 'Notes' in 'Tools' menu (hotkey=N order=20)
[2025-12-19 23:16:27.671] ServiceContainer: Registered 'TaskListScreen_Overdue' (singleton=False)
[2025-12-19 23:16:27.672] MenuRegistry: Registered screen factory 'TaskListScreen_Overdue' in container (viewMode=overdue)
[2025-12-19 23:16:27.673] MenuRegistry: Registered 'Overdue' in 'Tasks' menu (hotkey=O order=30)
[2025-12-19 23:16:27.675] ServiceContainer: Registered 'ExcelProfileManagerScreen' (singleton=False)
[2025-12-19 23:16:27.676] MenuRegistry: Registered screen factory 'ExcelProfileManagerScreen' in container (viewMode=)
[2025-12-19 23:16:27.677] MenuRegistry: Registered 'Excel Profiles' in 'Projects' menu (hotkey=M order=50)
[2025-12-19 23:16:27.678] ServiceContainer: Registered 'HelpViewScreen' (singleton=False)
[2025-12-19 23:16:27.679] MenuRegistry: Registered screen factory 'HelpViewScreen' in container (viewMode=)
[2025-12-19 23:16:27.681] MenuRegistry: Registered 'Help' in 'Help' menu (hotkey=H order=10)
[2025-12-19 23:16:27.682] ServiceContainer: Registered 'WeeklyTimeReportScreen' (singleton=False)
[2025-12-19 23:16:27.683] MenuRegistry: Registered screen factory 'WeeklyTimeReportScreen' in container (viewMode=)
[2025-12-19 23:16:27.684] MenuRegistry: Registered 'Weekly Report' in 'Time' menu (hotkey=W order=10)
[2025-12-19 23:16:27.685] ServiceContainer: Resolving 'TaskListScreen'...
[2025-12-19 23:16:27.687] ServiceContainer: Resolving 'TaskStore'...
[2025-12-19 23:16:27.896] ServiceContainer: Resolved 'TaskStore' successfully
[2025-12-19 23:16:28.650] _PopulateMenusFromRegistry: Menu 'Help' has 1 items from registry (array)
[2025-12-19 23:16:28.674] _PopulateMenusFromRegistry: Menu 'Tasks' has 10 items from registry (array)
[2025-12-19 23:16:28.680] _PopulateMenusFromRegistry: Menu 'Tools' has 4 items from registry (array)
[2025-12-19 23:16:28.684] _PopulateMenusFromRegistry: Menu 'Time' has 3 items from registry (array)
[2025-12-19 23:16:28.687] _PopulateMenusFromRegistry: Menu 'Options' has 2 items from registry (array)
[2025-12-19 23:16:28.690] _PopulateMenusFromRegistry: Menu 'Projects' has 3 items from registry (array)
[2025-12-19 23:16:28.692] ServiceContainer: Resolved 'TaskListScreen' successfully
