[2026-01-06 17:48:13.323] ServiceContainer: Registered 'Theme' (singleton=True)
[2026-01-06 17:48:13.328] ServiceContainer: Registered 'ThemeManager' (singleton=True)
[2026-01-06 17:48:13.329] ServiceContainer: Registered 'Config' (singleton=True)
[2026-01-06 17:48:13.330] ServiceContainer: Registered 'TaskStore' (singleton=True)
[2026-01-06 17:48:13.331] ServiceContainer: Registered 'MenuRegistry' (singleton=True)
[2026-01-06 17:48:13.332] ServiceContainer: Registered 'Application' (singleton=True)
[2026-01-06 17:48:13.333] ServiceContainer: Registered 'CommandService' (singleton=True)
[2026-01-06 17:48:13.334] ServiceContainer: Registered 'ChecklistService' (singleton=True)
[2026-01-06 17:48:13.336] ServiceContainer: Registered 'NoteService' (singleton=True)
[2026-01-06 17:48:13.337] ServiceContainer: Registered 'ExcelMappingService' (singleton=True)
[2026-01-06 17:48:13.338] ServiceContainer: Registered 'ExcelCopyService' (singleton=True)
[2026-01-06 17:48:13.339] ServiceContainer: Registered 'PreferencesService' (singleton=True)
[2026-01-06 17:48:13.340] ServiceContainer: Registered 'ExcelImportService' (singleton=True)
[2026-01-06 17:48:13.341] ServiceContainer: Registered 'TextExportService' (singleton=True)
[2026-01-06 17:48:13.342] ServiceContainer: Registered 'TaskListScreen' (singleton=False)
[2026-01-06 17:48:13.363] ServiceContainer: Resolving 'Application'...
[2026-01-06 17:48:13.366] ServiceContainer: Resolving 'Theme'...
[2026-01-06 17:48:13.639] ServiceContainer: Resolved 'Theme' successfully
[2026-01-06 17:48:13.745] ServiceContainer: Resolving 'ThemeManager'...
[2026-01-06 17:48:13.748] ServiceContainer: Resolved 'ThemeManager' successfully
[2026-01-06 17:48:13.764] ServiceContainer: Resolved 'Application' successfully
[2026-01-06 17:48:13.766] ServiceContainer: Resolving 'MenuRegistry'...
[2026-01-06 17:48:13.781] ServiceContainer: Resolved 'MenuRegistry' successfully
[2026-01-06 17:48:13.804] MenuRegistry: Loaded manifest with 16 entries
[2026-01-06 17:48:13.840] ServiceContainer: Registered 'ExcelProfileManagerScreen' (singleton=False)
[2026-01-06 17:48:13.841] MenuRegistry: Registered 'Excel Profiles' in 'Projects' menu (hotkey=M order=50)
[2026-01-06 17:48:13.862] MenuRegistry: Registered 'Excel Profiles' in 'Projects' menu (hotkey=M order=50)
[2026-01-06 17:48:13.865] ServiceContainer: Registered 'HelpViewScreen' (singleton=False)
[2026-01-06 17:48:13.866] MenuRegistry: Registered 'Help' in 'Help' menu (hotkey=H order=10)
[2026-01-06 17:48:13.868] MenuRegistry: Registered 'Help' in 'Help' menu (hotkey=H order=10)
[2026-01-06 17:48:13.870] ServiceContainer: Registered 'CommandLibraryScreen' (singleton=False)
[2026-01-06 17:48:13.871] MenuRegistry: Registered 'Command Library' in 'Tools' menu (hotkey=L order=10)
[2026-01-06 17:48:13.872] MenuRegistry: Registered 'Command Library' in 'Tools' menu (hotkey=L order=10)
[2026-01-06 17:48:13.874] ServiceContainer: Registered 'TaskListScreen_Default' (singleton=False)
[2026-01-06 17:48:13.875] MenuRegistry: Registered 'Task List' in 'Tasks' menu (hotkey=L order=5)
[2026-01-06 17:48:13.886] MenuRegistry: Registered 'Task List' in 'Tasks' menu (hotkey=L order=5)
[2026-01-06 17:48:13.888] ServiceContainer: Registered 'ExcelImportProfileManagerScreen' (singleton=False)
[2026-01-06 17:48:13.889] MenuRegistry: Registered 'Excel Import Profiles' in 'Tools' menu (hotkey=I order=40)
[2026-01-06 17:48:13.890] MenuRegistry: Registered 'Excel Import Profiles' in 'Tools' menu (hotkey=I order=40)
[2026-01-06 17:48:13.892] ServiceContainer: Registered 'ChecklistsLauncherScreen' (singleton=False)
[2026-01-06 17:48:13.893] MenuRegistry: Registered 'Checklists' in 'Tools' menu (hotkey=C order=25)
[2026-01-06 17:48:13.894] MenuRegistry: Registered 'Checklists' in 'Tools' menu (hotkey=C order=25)
[2026-01-06 17:48:13.896] ServiceContainer: Registered 'TimeReportScreen' (singleton=False)
[2026-01-06 17:48:13.897] MenuRegistry: Registered 'Time Report' in 'Time' menu (hotkey=R order=20)
[2026-01-06 17:48:13.898] MenuRegistry: Registered 'Time Report' in 'Time' menu (hotkey=R order=20)
[2026-01-06 17:48:13.900] ServiceContainer: Registered 'TextExportProfileManagerScreen' (singleton=False)
[2026-01-06 17:48:13.901] MenuRegistry: Registered 'T2020 Export Profiles' in 'Tools' menu (hotkey=E order=45)
[2026-01-06 17:48:13.902] MenuRegistry: Registered 'T2020 Export Profiles' in 'Tools' menu (hotkey=E order=45)
[2026-01-06 17:48:13.904] ServiceContainer: Registered 'TimeListScreen' (singleton=False)
[2026-01-06 17:48:13.905] MenuRegistry: Registered 'Time Tracking' in 'Time' menu (hotkey=T order=5)
[2026-01-06 17:48:13.906] MenuRegistry: Registered 'Time Tracking' in 'Time' menu (hotkey=T order=5)
[2026-01-06 17:48:13.908] ServiceContainer: Registered 'ExcelImportScreen' (singleton=False)
[2026-01-06 17:48:13.909] MenuRegistry: Registered 'Import from Excel' in 'Projects' menu (hotkey=I order=40)
[2026-01-06 17:48:13.910] MenuRegistry: Registered 'Import from Excel' in 'Projects' menu (hotkey=I order=40)
[2026-01-06 17:48:13.912] ServiceContainer: Registered 'ChecklistTemplatesFolderScreen' (singleton=False)
[2026-01-06 17:48:13.913] MenuRegistry: Registered 'Checklist Templates' in 'Tools' menu (hotkey=H order=30)
[2026-01-06 17:48:13.914] MenuRegistry: Registered 'Checklist Templates' in 'Tools' menu (hotkey=H order=30)
[2026-01-06 17:48:13.916] ServiceContainer: Registered 'ThemeEditorScreen' (singleton=False)
[2026-01-06 17:48:13.916] MenuRegistry: Registered 'Theme Editor' in 'Options' menu (hotkey=T order=10)
[2026-01-06 17:48:13.918] MenuRegistry: Registered 'Theme Editor' in 'Options' menu (hotkey=T order=10)
[2026-01-06 17:48:13.919] ServiceContainer: Registered 'SettingsScreen' (singleton=False)
[2026-01-06 17:48:13.920] MenuRegistry: Registered 'Settings' in 'Options' menu (hotkey=S order=20)
[2026-01-06 17:48:13.922] MenuRegistry: Registered 'Settings' in 'Options' menu (hotkey=S order=20)
[2026-01-06 17:48:13.923] ServiceContainer: Registered 'NotesMenuScreen' (singleton=False)
[2026-01-06 17:48:13.924] MenuRegistry: Registered 'Notes' in 'Tools' menu (hotkey=N order=20)
[2026-01-06 17:48:13.926] MenuRegistry: Registered 'Notes' in 'Tools' menu (hotkey=N order=20)
[2026-01-06 17:48:13.927] ServiceContainer: Registered 'ProjectListScreen' (singleton=False)
[2026-01-06 17:48:13.928] MenuRegistry: Registered 'Project List' in 'Projects' menu (hotkey=L order=10)
[2026-01-06 17:48:13.930] MenuRegistry: Registered 'Project List' in 'Projects' menu (hotkey=L order=10)
[2026-01-06 17:48:13.931] ServiceContainer: Registered 'WeeklyTimeReportScreen' (singleton=False)
[2026-01-06 17:48:13.932] MenuRegistry: Registered 'Weekly Report' in 'Time' menu (hotkey=W order=10)
[2026-01-06 17:48:13.934] MenuRegistry: Registered 'Weekly Report' in 'Time' menu (hotkey=W order=10)
[2026-01-06 17:48:13.936] ServiceContainer: Resolving 'TaskListScreen'...
[2026-01-06 17:48:13.938] ServiceContainer: Resolving 'TaskStore'...
[2026-01-06 17:48:14.115] ServiceContainer: Resolved 'TaskStore' successfully
[2026-01-06 17:48:14.906] [INFO] StandardListScreen._ConfigureListActions: Configuring actions for Tasks
[2026-01-06 17:48:14.949] [INFO] StandardListScreen: Added footer shortcut D -> Delete
[2026-01-06 17:48:14.972] [INFO] StandardListScreen._ConfigureListActions: Configured 16 footer shortcuts
[2026-01-06 17:48:15.189] _PopulateMenusFromRegistry: Menu 'Projects' has 3 items from registry (array)
[2026-01-06 17:48:15.212] _PopulateMenusFromRegistry: Menu 'Options' has 2 items from registry (array)
[2026-01-06 17:48:15.218] _PopulateMenusFromRegistry: Menu 'Tools' has 6 items from registry (array)
[2026-01-06 17:48:15.221] _PopulateMenusFromRegistry: Menu 'Help' has 1 items from registry (array)
[2026-01-06 17:48:15.224] _PopulateMenusFromRegistry: Menu 'Tasks' has 1 items from registry (array)
[2026-01-06 17:48:15.263] _PopulateMenusFromRegistry: Menu 'Time' has 3 items from registry (array)
[2026-01-06 17:48:15.267] ServiceContainer: Resolved 'TaskListScreen' successfully
[2026-01-06 17:48:15.660] [INFO] StandardListScreen._ConfigureListActions: Configuring actions for Tasks
[2026-01-06 17:48:15.663] [INFO] StandardListScreen: Added footer shortcut D -> Delete
[2026-01-06 17:48:15.670] [INFO] StandardListScreen._ConfigureListActions: Configured 16 footer shortcuts
[2026-01-06 17:48:23.030] [INFO] *** STANDARDLISTSCREEN.ADDITEM CALLED on type=TaskListScreen key=TaskList ***
[2026-01-06 17:48:23.190] [INFO] StandardListScreen.AddItem: ActiveModal set to InlineEditor. ShowInlineEditor=True
[2026-01-06 17:48:23.411] [INFO] StandardListScreen.RenderContentToEngine: Rendering InlineEditor at Y=14
[2026-01-06 17:48:26.497] [INFO] StandardListScreen.RenderContentToEngine: Rendering InlineEditor at Y=14
[2026-01-06 17:48:28.607] [INFO] TaskListScreen.OnInlineEditConfirmed called - EditorMode=add
[2026-01-06 17:48:28.625] [INFO] TaskListScreen.OnItemUpdated: item=NULL values=text, due, tags, project
[2026-01-06 17:48:28.633] [INFO] TaskListScreen.OnItemCreated: Called with values: text, due, tags, project
[2026-01-06 17:48:28.896] [INFO] TaskListScreen.OnInlineEditConfirmed: Editor closed
