[2026-01-08 09:44:42.069] ServiceContainer: Registered 'Theme' (singleton=True)
[2026-01-08 09:44:42.072] ServiceContainer: Registered 'ThemeManager' (singleton=True)
[2026-01-08 09:44:42.072] ServiceContainer: Registered 'Config' (singleton=True)
[2026-01-08 09:44:42.073] ServiceContainer: Registered 'TaskStore' (singleton=True)
[2026-01-08 09:44:42.074] ServiceContainer: Registered 'MenuRegistry' (singleton=True)
[2026-01-08 09:44:42.075] ServiceContainer: Registered 'Application' (singleton=True)
[2026-01-08 09:44:42.075] ServiceContainer: Registered 'CommandService' (singleton=True)
[2026-01-08 09:44:42.076] ServiceContainer: Registered 'ChecklistService' (singleton=True)
[2026-01-08 09:44:42.077] ServiceContainer: Registered 'NoteService' (singleton=True)
[2026-01-08 09:44:42.077] ServiceContainer: Registered 'ExcelMappingService' (singleton=True)
[2026-01-08 09:44:42.078] ServiceContainer: Registered 'ExcelCopyService' (singleton=True)
[2026-01-08 09:44:42.079] ServiceContainer: Registered 'PreferencesService' (singleton=True)
[2026-01-08 09:44:42.079] ServiceContainer: Registered 'ExcelImportService' (singleton=True)
[2026-01-08 09:44:42.080] ServiceContainer: Registered 'TextExportService' (singleton=True)
[2026-01-08 09:44:42.081] ServiceContainer: Registered 'TaskListScreen' (singleton=False)
[2026-01-08 09:44:42.094] ServiceContainer: Resolving 'Application'...
[2026-01-08 09:44:42.095] ServiceContainer: Resolving 'Theme'...
[2026-01-08 09:44:42.252] ServiceContainer: Resolved 'Theme' successfully
[2026-01-08 09:44:42.317] ServiceContainer: Resolving 'ThemeManager'...
[2026-01-08 09:44:42.319] ServiceContainer: Resolved 'ThemeManager' successfully
[2026-01-08 09:44:42.328] ServiceContainer: Resolved 'Application' successfully
[2026-01-08 09:44:42.329] ServiceContainer: Resolving 'MenuRegistry'...
[2026-01-08 09:44:42.338] ServiceContainer: Resolved 'MenuRegistry' successfully
[2026-01-08 09:44:42.353] MenuRegistry: Loaded manifest with 16 entries
[2026-01-08 09:44:42.372] ServiceContainer: Registered 'HelpViewScreen' (singleton=False)
[2026-01-08 09:44:42.373] MenuRegistry: Registered 'Help' in 'Help' menu (hotkey=H order=10)
[2026-01-08 09:44:42.385] MenuRegistry: Registered 'Help' in 'Help' menu (hotkey=H order=10)
[2026-01-08 09:44:42.387] ServiceContainer: Registered 'TextExportProfileManagerScreen' (singleton=False)
[2026-01-08 09:44:42.387] MenuRegistry: Registered 'T2020 Export Profiles' in 'Tools' menu (hotkey=E order=45)
[2026-01-08 09:44:42.389] MenuRegistry: Registered 'T2020 Export Profiles' in 'Tools' menu (hotkey=E order=45)
[2026-01-08 09:44:42.390] ServiceContainer: Registered 'CommandLibraryScreen' (singleton=False)
[2026-01-08 09:44:42.391] MenuRegistry: Registered 'Command Library' in 'Tools' menu (hotkey=L order=10)
[2026-01-08 09:44:42.392] MenuRegistry: Registered 'Command Library' in 'Tools' menu (hotkey=L order=10)
[2026-01-08 09:44:42.393] ServiceContainer: Registered 'TimeListScreen' (singleton=False)
[2026-01-08 09:44:42.393] MenuRegistry: Registered 'Time Tracking' in 'Time' menu (hotkey=T order=5)
[2026-01-08 09:44:42.401] MenuRegistry: Registered 'Time Tracking' in 'Time' menu (hotkey=T order=5)
[2026-01-08 09:44:42.402] ServiceContainer: Registered 'TimeReportScreen' (singleton=False)
[2026-01-08 09:44:42.403] MenuRegistry: Registered 'Time Report' in 'Time' menu (hotkey=R order=20)
[2026-01-08 09:44:42.404] MenuRegistry: Registered 'Time Report' in 'Time' menu (hotkey=R order=20)
[2026-01-08 09:44:42.405] ServiceContainer: Registered 'ThemeEditorScreen' (singleton=False)
[2026-01-08 09:44:42.405] MenuRegistry: Registered 'Theme Editor' in 'Options' menu (hotkey=T order=10)
[2026-01-08 09:44:42.406] MenuRegistry: Registered 'Theme Editor' in 'Options' menu (hotkey=T order=10)
[2026-01-08 09:44:42.408] ServiceContainer: Registered 'ExcelImportProfileManagerScreen' (singleton=False)
[2026-01-08 09:44:42.408] MenuRegistry: Registered 'Excel Import Profiles' in 'Tools' menu (hotkey=I order=40)
[2026-01-08 09:44:42.409] MenuRegistry: Registered 'Excel Import Profiles' in 'Tools' menu (hotkey=I order=40)
[2026-01-08 09:44:42.410] ServiceContainer: Registered 'TaskListScreen_Default' (singleton=False)
[2026-01-08 09:44:42.411] MenuRegistry: Registered 'Task List' in 'Tasks' menu (hotkey=L order=5)
[2026-01-08 09:44:42.412] MenuRegistry: Registered 'Task List' in 'Tasks' menu (hotkey=L order=5)
[2026-01-08 09:44:42.413] ServiceContainer: Registered 'ExcelImportScreen' (singleton=False)
[2026-01-08 09:44:42.414] MenuRegistry: Registered 'Import from Excel' in 'Projects' menu (hotkey=I order=40)
[2026-01-08 09:44:42.415] MenuRegistry: Registered 'Import from Excel' in 'Projects' menu (hotkey=I order=40)
[2026-01-08 09:44:42.416] ServiceContainer: Registered 'ProjectListScreen' (singleton=False)
[2026-01-08 09:44:42.416] MenuRegistry: Registered 'Project List' in 'Projects' menu (hotkey=L order=10)
[2026-01-08 09:44:42.417] MenuRegistry: Registered 'Project List' in 'Projects' menu (hotkey=L order=10)
[2026-01-08 09:44:42.419] ServiceContainer: Registered 'WeeklyTimeReportScreen' (singleton=False)
[2026-01-08 09:44:42.419] MenuRegistry: Registered 'Weekly Report' in 'Time' menu (hotkey=W order=10)
[2026-01-08 09:44:42.420] MenuRegistry: Registered 'Weekly Report' in 'Time' menu (hotkey=W order=10)
[2026-01-08 09:44:42.421] ServiceContainer: Registered 'SettingsScreen' (singleton=False)
[2026-01-08 09:44:42.422] MenuRegistry: Registered 'Settings' in 'Options' menu (hotkey=S order=20)
[2026-01-08 09:44:42.423] MenuRegistry: Registered 'Settings' in 'Options' menu (hotkey=S order=20)
[2026-01-08 09:44:42.424] ServiceContainer: Registered 'NotesMenuScreen' (singleton=False)
[2026-01-08 09:44:42.425] MenuRegistry: Registered 'Notes' in 'Tools' menu (hotkey=N order=20)
[2026-01-08 09:44:42.426] MenuRegistry: Registered 'Notes' in 'Tools' menu (hotkey=N order=20)
[2026-01-08 09:44:42.427] ServiceContainer: Registered 'ChecklistTemplatesFolderScreen' (singleton=False)
[2026-01-08 09:44:42.428] MenuRegistry: Registered 'Checklist Templates' in 'Tools' menu (hotkey=H order=30)
[2026-01-08 09:44:42.429] MenuRegistry: Registered 'Checklist Templates' in 'Tools' menu (hotkey=H order=30)
[2026-01-08 09:44:42.430] ServiceContainer: Registered 'ExcelProfileManagerScreen' (singleton=False)
[2026-01-08 09:44:42.431] MenuRegistry: Registered 'Excel Profiles' in 'Projects' menu (hotkey=M order=50)
[2026-01-08 09:44:42.432] MenuRegistry: Registered 'Excel Profiles' in 'Projects' menu (hotkey=M order=50)
[2026-01-08 09:44:42.433] ServiceContainer: Registered 'ChecklistsLauncherScreen' (singleton=False)
[2026-01-08 09:44:42.433] MenuRegistry: Registered 'Checklists' in 'Tools' menu (hotkey=C order=25)
[2026-01-08 09:44:42.434] MenuRegistry: Registered 'Checklists' in 'Tools' menu (hotkey=C order=25)
[2026-01-08 09:44:42.435] ServiceContainer: Resolving 'TaskListScreen'...
[2026-01-08 09:44:42.437] ServiceContainer: Resolving 'TaskStore'...
[2026-01-08 09:44:42.555] ServiceContainer: Resolved 'TaskStore' successfully
[2026-01-08 09:44:43.042] [INFO] StandardListScreen._ConfigureListActions: Configuring actions for Tasks
[2026-01-08 09:44:43.065] [INFO] StandardListScreen: Added footer shortcut D -> Delete
[2026-01-08 09:44:43.082] [INFO] StandardListScreen._ConfigureListActions: Configured 16 footer shortcuts
[2026-01-08 09:44:43.205] _PopulateMenusFromRegistry: Menu 'Tasks' has 1 items from registry (array)
[2026-01-08 09:44:43.221] _PopulateMenusFromRegistry: Menu 'Tools' has 6 items from registry (array)
[2026-01-08 09:44:43.224] _PopulateMenusFromRegistry: Menu 'Projects' has 3 items from registry (array)
[2026-01-08 09:44:43.226] _PopulateMenusFromRegistry: Menu 'Help' has 1 items from registry (array)
[2026-01-08 09:44:43.249] _PopulateMenusFromRegistry: Menu 'Options' has 2 items from registry (array)
[2026-01-08 09:44:43.251] _PopulateMenusFromRegistry: Menu 'Time' has 3 items from registry (array)
[2026-01-08 09:44:43.253] ServiceContainer: Resolved 'TaskListScreen' successfully
[2026-01-08 09:44:43.476] [INFO] StandardListScreen._ConfigureListActions: Configuring actions for Tasks
[2026-01-08 09:44:43.478] [INFO] StandardListScreen: Added footer shortcut D -> Delete
[2026-01-08 09:44:43.482] [INFO] StandardListScreen._ConfigureListActions: Configured 16 footer shortcuts
[DEBUG] PmcMenuBar: BeginLayer(200)
[DEBUG] PmcMenuBar: Rendering Dropdown at 33,1 (28 x 8)
[DEBUG] PmcMenuBar: BeginLayer(200)
[DEBUG] PmcMenuBar: Rendering Dropdown at 33,1 (28 x 8)
[2026-01-08 09:44:53.736] ServiceContainer: Resolving 'NotesMenuScreen'...
[2026-01-08 09:44:53.802] [INFO] StandardListScreen._ConfigureListActions: Configuring actions for Notes
[2026-01-08 09:44:53.805] [INFO] StandardListScreen: Added footer shortcut D -> Delete
[2026-01-08 09:44:53.808] [INFO] StandardListScreen._ConfigureListActions: Configured 7 footer shortcuts
[2026-01-08 09:44:53.827] ServiceContainer: Resolved 'NotesMenuScreen' successfully
[2026-01-08 09:44:53.858] [INFO] StandardListScreen._ConfigureListActions: Configuring actions for Notes
[2026-01-08 09:44:53.859] [INFO] StandardListScreen: Added footer shortcut D -> Delete
[2026-01-08 09:44:53.859] [INFO] StandardListScreen._ConfigureListActions: Configured 7 footer shortcuts
[2026-01-08 09:44:56.883] [INFO] ========== _AssignToProject START ==========
[2026-01-08 09:44:56.884] [INFO] _AssignToProject: noteId=n1, noteTitle=n1
[2026-01-08 09:44:56.925] [ERROR] UniversalList callback error: Method invocation failed because [PmcThemeManager] does not contain a method named 'GetColorInt'.
[2026-01-08 09:44:56.926] [ERROR] Stack trace: at GetThemedColorInt, /home/teej/ztest/module/Pmc.Strict/consoleui/widgets/PmcDialog.ps1: line 33
at RenderToEngine, /home/teej/ztest/module/Pmc.Strict/consoleui/widgets/PmcDialog.ps1: line 63
at RenderToEngine, /home/teej/ztest/module/Pmc.Strict/consoleui/widgets/ProjectPickerDialog.ps1: line 45
at Show, /home/teej/ztest/module/Pmc.Strict/consoleui/widgets/ProjectPickerDialog.ps1: line 330
at _AssignToProject, /home/teej/ztest/module/Pmc.Strict/consoleui/screens/NotesMenuScreen.ps1: line 524
at <ScriptBlock>, /home/teej/ztest/module/Pmc.Strict/consoleui/screens/NotesMenuScreen.ps1: line 495
at _InvokeCallback, /home/teej/ztest/module/Pmc.Strict/consoleui/widgets/UniversalList.ps1: line 1415
at HandleInput, /home/teej/ztest/module/Pmc.Strict/consoleui/widgets/UniversalList.ps1: line 707
at HandleKeyPress, /home/teej/ztest/module/Pmc.Strict/consoleui/base/StandardListScreen.ps1: line 1171
at Run, /home/teej/ztest/module/Pmc.Strict/consoleui/PmcApplication.ps1: line 420
at Start-PmcTUI, /home/teej/ztest/module/Pmc.Strict/consoleui/Start-PmcTUI.ps1: line 620
at <ScriptBlock>, /home/teej/ztest/start.ps1: line 37
