[2025-12-19 21:05:38.993] ServiceContainer: Registered 'Theme' (singleton=True)
[2025-12-19 21:05:39.007] ServiceContainer: Registered 'ThemeManager' (singleton=True)
[2025-12-19 21:05:39.009] ServiceContainer: Registered 'Config' (singleton=True)
[2025-12-19 21:05:39.010] ServiceContainer: Registered 'TaskStore' (singleton=True)
[2025-12-19 21:05:39.011] ServiceContainer: Registered 'MenuRegistry' (singleton=True)
[2025-12-19 21:05:39.013] ServiceContainer: Registered 'Application' (singleton=True)
[2025-12-19 21:05:39.014] ServiceContainer: Registered 'CommandService' (singleton=True)
[2025-12-19 21:05:39.016] ServiceContainer: Registered 'ChecklistService' (singleton=True)
[2025-12-19 21:05:39.018] ServiceContainer: Registered 'NoteService' (singleton=True)
[2025-12-19 21:05:39.021] ServiceContainer: Registered 'ExcelMappingService' (singleton=True)
[2025-12-19 21:05:39.022] ServiceContainer: Registered 'PreferencesService' (singleton=True)
[2025-12-19 21:05:39.023] ServiceContainer: Registered 'TaskListScreen' (singleton=False)
[2025-12-19 21:05:39.045] ServiceContainer: Resolving 'Application'...
[2025-12-19 21:05:39.047] ServiceContainer: Resolving 'Theme'...
[2025-12-19 21:05:39.418] ServiceContainer: Resolved 'Theme' successfully
[2025-12-19 21:05:39.533] ServiceContainer: Resolving 'ThemeManager'...
[2025-12-19 21:05:39.536] ServiceContainer: Resolved 'ThemeManager' successfully
[2025-12-19 21:05:39.569] ServiceContainer: Resolved 'Application' successfully
[2025-12-19 21:05:39.571] ServiceContainer: Resolving 'MenuRegistry'...
[2025-12-19 21:05:39.586] ServiceContainer: Resolved 'MenuRegistry' successfully
[2025-12-19 21:05:39.609] MenuRegistry: Loaded manifest with 23 entries
[2025-12-19 21:05:39.644] ServiceContainer: Registered 'TaskListScreen_Agenda' (singleton=False)
[2025-12-19 21:05:39.645] MenuRegistry: Registered screen factory 'TaskListScreen_Agenda' in container (viewMode=agenda)
[2025-12-19 21:05:39.664] MenuRegistry: Registered 'Agenda View' in 'Tasks' menu (hotkey=A order=50)
[2025-12-19 21:05:39.666] ServiceContainer: Registered 'SettingsScreen' (singleton=False)
[2025-12-19 21:05:39.667] MenuRegistry: Registered screen factory 'SettingsScreen' in container (viewMode=)
[2025-12-19 21:05:39.671] MenuRegistry: Registered 'Settings' in 'Options' menu (hotkey=S order=20)
[2025-12-19 21:05:39.673] ServiceContainer: Registered 'TaskListScreen_NoDate' (singleton=False)
[2025-12-19 21:05:39.674] MenuRegistry: Registered screen factory 'TaskListScreen_NoDate' in container (viewMode=noduedate)
[2025-12-19 21:05:39.675] MenuRegistry: Registered 'No Due Date' in 'Tasks' menu (hotkey=D order=40)
[2025-12-19 21:05:39.677] ServiceContainer: Registered 'ExcelImportScreen' (singleton=False)
[2025-12-19 21:05:39.678] MenuRegistry: Registered screen factory 'ExcelImportScreen' in container (viewMode=)
[2025-12-19 21:05:39.679] MenuRegistry: Registered 'Import from Excel' in 'Projects' menu (hotkey=I order=40)
[2025-12-19 21:05:39.681] ServiceContainer: Registered 'ChecklistTemplatesFolderScreen' (singleton=False)
[2025-12-19 21:05:39.682] MenuRegistry: Registered screen factory 'ChecklistTemplatesFolderScreen' in container (viewMode=)
[2025-12-19 21:05:39.684] MenuRegistry: Registered 'Checklist Templates' in 'Tools' menu (hotkey=H order=30)
[2025-12-19 21:05:39.685] ServiceContainer: Registered 'NotesMenuScreen' (singleton=False)
[2025-12-19 21:05:39.686] MenuRegistry: Registered screen factory 'NotesMenuScreen' in container (viewMode=)
[2025-12-19 21:05:39.688] MenuRegistry: Registered 'Notes' in 'Tools' menu (hotkey=N order=20)
[2025-12-19 21:05:39.689] ServiceContainer: Registered 'TaskListScreen_Tomorrow' (singleton=False)
[2025-12-19 21:05:39.690] MenuRegistry: Registered screen factory 'TaskListScreen_Tomorrow' in container (viewMode=tomorrow)
[2025-12-19 21:05:39.692] MenuRegistry: Registered 'Tomorrow' in 'Tasks' menu (hotkey=T order=15)
[2025-12-19 21:05:39.693] ServiceContainer: Registered 'TaskListScreen_Overdue' (singleton=False)
[2025-12-19 21:05:39.694] MenuRegistry: Registered screen factory 'TaskListScreen_Overdue' in container (viewMode=overdue)
[2025-12-19 21:05:39.696] MenuRegistry: Registered 'Overdue' in 'Tasks' menu (hotkey=O order=30)
[2025-12-19 21:05:39.697] ServiceContainer: Registered 'ProjectListScreen' (singleton=False)
[2025-12-19 21:05:39.698] MenuRegistry: Registered screen factory 'ProjectListScreen' in container (viewMode=)
[2025-12-19 21:05:39.706] MenuRegistry: Registered 'Project List' in 'Projects' menu (hotkey=L order=10)
[2025-12-19 21:05:39.708] ServiceContainer: Registered 'TaskListScreen_NextActions' (singleton=False)
[2025-12-19 21:05:39.709] MenuRegistry: Registered screen factory 'TaskListScreen_NextActions' in container (viewMode=nextactions)
[2025-12-19 21:05:39.711] MenuRegistry: Registered 'Next Actions' in 'Tasks' menu (hotkey=N order=35)
[2025-12-19 21:05:39.713] ServiceContainer: Registered 'ThemeEditorScreen' (singleton=False)
[2025-12-19 21:05:39.714] MenuRegistry: Registered screen factory 'ThemeEditorScreen' in container (viewMode=)
[2025-12-19 21:05:39.715] MenuRegistry: Registered 'Theme Editor' in 'Options' menu (hotkey=T order=10)
[2025-12-19 21:05:39.717] ServiceContainer: Registered 'HelpViewScreen' (singleton=False)
[2025-12-19 21:05:39.718] MenuRegistry: Registered screen factory 'HelpViewScreen' in container (viewMode=)
[2025-12-19 21:05:39.719] MenuRegistry: Registered 'Help' in 'Help' menu (hotkey=H order=10)
[2025-12-19 21:05:39.721] ServiceContainer: Registered 'TaskListScreen_Today' (singleton=False)
[2025-12-19 21:05:39.722] MenuRegistry: Registered screen factory 'TaskListScreen_Today' in container (viewMode=today)
[2025-12-19 21:05:39.723] MenuRegistry: Registered 'Today' in 'Tasks' menu (hotkey=Y order=10)
[2025-12-19 21:05:39.725] ServiceContainer: Registered 'ChecklistsLauncherScreen' (singleton=False)
[2025-12-19 21:05:39.726] MenuRegistry: Registered screen factory 'ChecklistsLauncherScreen' in container (viewMode=)
[2025-12-19 21:05:39.728] MenuRegistry: Registered 'Checklists' in 'Tools' menu (hotkey=C order=25)
[2025-12-19 21:05:39.730] ServiceContainer: Registered 'ExcelProfileManagerScreen' (singleton=False)
[2025-12-19 21:05:39.732] MenuRegistry: Registered screen factory 'ExcelProfileManagerScreen' in container (viewMode=)
[2025-12-19 21:05:39.734] MenuRegistry: Registered 'Excel Profiles' in 'Projects' menu (hotkey=M order=50)
[2025-12-19 21:05:39.737] ServiceContainer: Registered 'TimeListScreen' (singleton=False)
[2025-12-19 21:05:39.738] MenuRegistry: Registered screen factory 'TimeListScreen' in container (viewMode=)
[2025-12-19 21:05:39.739] MenuRegistry: Registered 'Time Tracking' in 'Time' menu (hotkey=T order=5)
[2025-12-19 21:05:39.741] ServiceContainer: Registered 'TaskListScreen_Default' (singleton=False)
[2025-12-19 21:05:39.743] MenuRegistry: Registered screen factory 'TaskListScreen_Default' in container (viewMode=)
[2025-12-19 21:05:39.744] MenuRegistry: Registered 'Task List' in 'Tasks' menu (hotkey=L order=5)
[2025-12-19 21:05:39.746] ServiceContainer: Registered 'TaskListScreen_Upcoming' (singleton=False)
[2025-12-19 21:05:39.747] MenuRegistry: Registered screen factory 'TaskListScreen_Upcoming' in container (viewMode=upcoming)
[2025-12-19 21:05:39.749] MenuRegistry: Registered 'Upcoming' in 'Tasks' menu (hotkey=U order=25)
[2025-12-19 21:05:39.751] ServiceContainer: Registered 'CommandLibraryScreen' (singleton=False)
[2025-12-19 21:05:39.752] MenuRegistry: Registered screen factory 'CommandLibraryScreen' in container (viewMode=)
[2025-12-19 21:05:39.753] MenuRegistry: Registered 'Command Library' in 'Tools' menu (hotkey=L order=10)
[2025-12-19 21:05:39.756] ServiceContainer: Registered 'TaskListScreen_Week' (singleton=False)
[2025-12-19 21:05:39.757] MenuRegistry: Registered screen factory 'TaskListScreen_Week' in container (viewMode=week)
[2025-12-19 21:05:39.759] MenuRegistry: Registered 'Week View' in 'Tasks' menu (hotkey=W order=20)
[2025-12-19 21:05:39.761] ServiceContainer: Registered 'TimeReportScreen' (singleton=False)
[2025-12-19 21:05:39.763] MenuRegistry: Registered screen factory 'TimeReportScreen' in container (viewMode=)
[2025-12-19 21:05:39.765] MenuRegistry: Registered 'Time Report' in 'Time' menu (hotkey=R order=20)
[2025-12-19 21:05:39.769] ServiceContainer: Registered 'WeeklyTimeReportScreen' (singleton=False)
[2025-12-19 21:05:39.771] MenuRegistry: Registered screen factory 'WeeklyTimeReportScreen' in container (viewMode=)
[2025-12-19 21:05:39.773] MenuRegistry: Registered 'Weekly Report' in 'Time' menu (hotkey=W order=10)
[2025-12-19 21:05:39.777] ServiceContainer: Registered 'TaskListScreen_Month' (singleton=False)
[2025-12-19 21:05:39.812] MenuRegistry: Registered screen factory 'TaskListScreen_Month' in container (viewMode=month)
[2025-12-19 21:05:39.814] MenuRegistry: Registered 'Month View' in 'Tasks' menu (hotkey=M order=45)
[2025-12-19 21:05:39.816] ServiceContainer: Resolving 'TaskListScreen'...
[2025-12-19 21:05:39.819] ServiceContainer: Resolving 'TaskStore'...
[2025-12-19 21:05:40.121] ServiceContainer: Resolved 'TaskStore' successfully
[2025-12-19 21:05:41.186] _PopulateMenusFromRegistry: Menu 'Help' has 1 items from registry (array)
[2025-12-19 21:05:41.214] _PopulateMenusFromRegistry: Menu 'Tools' has 4 items from registry (array)
[2025-12-19 21:05:41.220] _PopulateMenusFromRegistry: Menu 'Options' has 2 items from registry (array)
[2025-12-19 21:05:41.225] _PopulateMenusFromRegistry: Menu 'Time' has 3 items from registry (array)
[2025-12-19 21:05:41.233] _PopulateMenusFromRegistry: Menu 'Tasks' has 10 items from registry (array)
[2025-12-19 21:05:41.238] _PopulateMenusFromRegistry: Menu 'Projects' has 3 items from registry (array)
[2025-12-19 21:05:41.243] ServiceContainer: Resolved 'TaskListScreen' successfully
