[2025-12-18 08:16:50.095] [INFO] Loading PMC module...
[2025-12-18 08:16:51.649] [INFO] PMC module loaded
[2025-12-18 08:16:51.652] [INFO] Loading dependencies (FieldSchemas, etc.)...
[2025-12-18 08:16:51.815] [INFO] Dependencies loaded
[2025-12-18 08:16:51.818] [INFO] Loading SpeedTUI framework...
[2025-12-18 08:16:52.197] [INFO] SpeedTUI framework loaded
[2025-12-18 08:16:52.199] [INFO] Loading PraxisVT...
[2025-12-18 08:16:52.202] [INFO] PraxisVT loaded
[2025-12-18 08:16:52.204] [INFO] Loading core dependencies...
[2025-12-18 08:16:52.280] [INFO] Core dependencies loaded
[2025-12-18 08:16:52.282] [INFO] Loading widget base classes...
[2025-12-18 08:16:52.341] [INFO] Widget base classes loaded
[2025-12-18 08:16:52.358] [INFO] Loading services...
[2025-12-18 08:16:52.526] [INFO] Services loaded
[2025-12-18 08:16:52.528] [INFO] Loading helpers...
[2025-12-18 08:16:53.289] [INFO] Helpers loaded
[2025-12-18 08:16:53.291] [INFO] Loading widgets...
[2025-12-18 08:16:53.727] [INFO] Widgets loaded
[2025-12-18 08:16:53.729] [INFO] Loading screen base class...
[2025-12-18 08:16:53.746] [INFO] Screen base class loaded
[2025-12-18 08:16:53.748] [INFO] Loading HelpViewScreen (needed by base classes)...
[2025-12-18 08:16:53.791] [INFO] HelpViewScreen loaded
[2025-12-18 08:16:53.793] [INFO] Loading base classes...
[2025-12-18 08:16:53.864] [INFO] Base classes loaded
[2025-12-18 08:16:53.867] [INFO] Loading ServiceContainer (needed by screens)...
[2025-12-18 08:16:53.886] [INFO] ServiceContainer loaded
[2025-12-18 08:16:53.888] [INFO] Loading remaining screens...
[2025-12-18 08:16:54.007] [INFO] Remaining screens loaded
[2025-12-18 08:16:54.010] [INFO] Loading PmcApplication...
[2025-12-18 08:16:54.031] [INFO] PmcApplication loaded
[2025-12-18 08:16:54.034] [INFO] All components loaded successfully
