[2026-01-01 19:01:55.795] ServiceContainer: Registered 'Theme' (singleton=True)
[2026-01-01 19:01:55.798] ServiceContainer: Registered 'ThemeManager' (singleton=True)
[2026-01-01 19:01:55.799] ServiceContainer: Registered 'Config' (singleton=True)
[2026-01-01 19:01:55.800] ServiceContainer: Registered 'TaskStore' (singleton=True)
[2026-01-01 19:01:55.800] ServiceContainer: Registered 'MenuRegistry' (singleton=True)
[2026-01-01 19:01:55.801] ServiceContainer: Registered 'Application' (singleton=True)
[2026-01-01 19:01:55.802] ServiceContainer: Registered 'CommandService' (singleton=True)
[2026-01-01 19:01:55.803] ServiceContainer: Registered 'ChecklistService' (singleton=True)
[2026-01-01 19:01:55.804] ServiceContainer: Registered 'NoteService' (singleton=True)
[2026-01-01 19:01:55.805] ServiceContainer: Registered 'ExcelMappingService' (singleton=True)
[2026-01-01 19:01:55.806] ServiceContainer: Registered 'ExcelCopyService' (singleton=True)
[2026-01-01 19:01:55.807] ServiceContainer: Registered 'PreferencesService' (singleton=True)
[2026-01-01 19:01:55.808] ServiceContainer: Registered 'ExcelImportService' (singleton=True)
[2026-01-01 19:01:55.809] ServiceContainer: Registered 'TextExportService' (singleton=True)
[2026-01-01 19:01:55.810] ServiceContainer: Registered 'TaskListScreen' (singleton=False)
[2026-01-01 19:01:55.823] ServiceContainer: Resolving 'Application'...
[2026-01-01 19:01:55.825] ServiceContainer: Resolving 'Theme'...
[2026-01-01 19:01:55.992] ServiceContainer: Resolved 'Theme' successfully
[2026-01-01 19:01:56.071] ServiceContainer: Resolving 'ThemeManager'...
[2026-01-01 19:01:56.073] ServiceContainer: Resolved 'ThemeManager' successfully
[2026-01-01 19:01:56.090] ServiceContainer: Resolved 'Application' successfully
[2026-01-01 19:01:56.091] ServiceContainer: Resolving 'MenuRegistry'...
[2026-01-01 19:01:56.102] ServiceContainer: Resolved 'MenuRegistry' successfully
[2026-01-01 19:01:56.117] MenuRegistry: Loaded manifest with 16 entries
[2026-01-01 19:01:56.139] ServiceContainer: Registered 'ChecklistTemplatesFolderScreen' (singleton=False)
[2026-01-01 19:01:56.140] MenuRegistry: Registered 'Checklist Templates' in 'Tools' menu (hotkey=H order=30)
[2026-01-01 19:01:56.153] MenuRegistry: Registered 'Checklist Templates' in 'Tools' menu (hotkey=H order=30)
[2026-01-01 19:01:56.155] ServiceContainer: Registered 'ExcelImportScreen' (singleton=False)
[2026-01-01 19:01:56.156] MenuRegistry: Registered 'Import from Excel' in 'Projects' menu (hotkey=I order=40)
[2026-01-01 19:01:56.157] MenuRegistry: Registered 'Import from Excel' in 'Projects' menu (hotkey=I order=40)
[2026-01-01 19:01:56.159] ServiceContainer: Registered 'TimeListScreen' (singleton=False)
[2026-01-01 19:01:56.159] MenuRegistry: Registered 'Time Tracking' in 'Time' menu (hotkey=T order=5)
[2026-01-01 19:01:56.161] MenuRegistry: Registered 'Time Tracking' in 'Time' menu (hotkey=T order=5)
[2026-01-01 19:01:56.162] ServiceContainer: Registered 'WeeklyTimeReportScreen' (singleton=False)
[2026-01-01 19:01:56.163] MenuRegistry: Registered 'Weekly Report' in 'Time' menu (hotkey=W order=10)
[2026-01-01 19:01:56.164] MenuRegistry: Registered 'Weekly Report' in 'Time' menu (hotkey=W order=10)
[2026-01-01 19:01:56.165] ServiceContainer: Registered 'HelpViewScreen' (singleton=False)
[2026-01-01 19:01:56.166] MenuRegistry: Registered 'Help' in 'Help' menu (hotkey=H order=10)
[2026-01-01 19:01:56.172] MenuRegistry: Registered 'Help' in 'Help' menu (hotkey=H order=10)
[2026-01-01 19:01:56.174] ServiceContainer: Registered 'TimeReportScreen' (singleton=False)
[2026-01-01 19:01:56.175] MenuRegistry: Registered 'Time Report' in 'Time' menu (hotkey=R order=20)
[2026-01-01 19:01:56.176] MenuRegistry: Registered 'Time Report' in 'Time' menu (hotkey=R order=20)
[2026-01-01 19:01:56.177] ServiceContainer: Registered 'TaskListScreen_Default' (singleton=False)
[2026-01-01 19:01:56.178] MenuRegistry: Registered 'Task List' in 'Tasks' menu (hotkey=L order=5)
[2026-01-01 19:01:56.179] MenuRegistry: Registered 'Task List' in 'Tasks' menu (hotkey=L order=5)
[2026-01-01 19:01:56.180] ServiceContainer: Registered 'ChecklistsLauncherScreen' (singleton=False)
[2026-01-01 19:01:56.181] MenuRegistry: Registered 'Checklists' in 'Tools' menu (hotkey=C order=25)
[2026-01-01 19:01:56.182] MenuRegistry: Registered 'Checklists' in 'Tools' menu (hotkey=C order=25)
[2026-01-01 19:01:56.183] ServiceContainer: Registered 'ProjectListScreen' (singleton=False)
[2026-01-01 19:01:56.184] MenuRegistry: Registered 'Project List' in 'Projects' menu (hotkey=L order=10)
[2026-01-01 19:01:56.185] MenuRegistry: Registered 'Project List' in 'Projects' menu (hotkey=L order=10)
[2026-01-01 19:01:56.186] ServiceContainer: Registered 'ExcelProfileManagerScreen' (singleton=False)
[2026-01-01 19:01:56.187] MenuRegistry: Registered 'Excel Profiles' in 'Projects' menu (hotkey=M order=50)
[2026-01-01 19:01:56.188] MenuRegistry: Registered 'Excel Profiles' in 'Projects' menu (hotkey=M order=50)
[2026-01-01 19:01:56.190] ServiceContainer: Registered 'NotesMenuScreen' (singleton=False)
[2026-01-01 19:01:56.191] MenuRegistry: Registered 'Notes' in 'Tools' menu (hotkey=N order=20)
[2026-01-01 19:01:56.192] MenuRegistry: Registered 'Notes' in 'Tools' menu (hotkey=N order=20)
[2026-01-01 19:01:56.194] ServiceContainer: Registered 'TextExportProfileManagerScreen' (singleton=False)
[2026-01-01 19:01:56.194] MenuRegistry: Registered 'T2020 Export Profiles' in 'Tools' menu (hotkey=E order=45)
[2026-01-01 19:01:56.196] MenuRegistry: Registered 'T2020 Export Profiles' in 'Tools' menu (hotkey=E order=45)
[2026-01-01 19:01:56.197] ServiceContainer: Registered 'ExcelImportProfileManagerScreen' (singleton=False)
[2026-01-01 19:01:56.198] MenuRegistry: Registered 'Excel Import Profiles' in 'Tools' menu (hotkey=I order=40)
[2026-01-01 19:01:56.199] MenuRegistry: Registered 'Excel Import Profiles' in 'Tools' menu (hotkey=I order=40)
[2026-01-01 19:01:56.200] ServiceContainer: Registered 'CommandLibraryScreen' (singleton=False)
[2026-01-01 19:01:56.201] MenuRegistry: Registered 'Command Library' in 'Tools' menu (hotkey=L order=10)
[2026-01-01 19:01:56.202] MenuRegistry: Registered 'Command Library' in 'Tools' menu (hotkey=L order=10)
[2026-01-01 19:01:56.203] ServiceContainer: Registered 'SettingsScreen' (singleton=False)
[2026-01-01 19:01:56.204] MenuRegistry: Registered 'Settings' in 'Options' menu (hotkey=S order=20)
[2026-01-01 19:01:56.205] MenuRegistry: Registered 'Settings' in 'Options' menu (hotkey=S order=20)
[2026-01-01 19:01:56.207] ServiceContainer: Registered 'ThemeEditorScreen' (singleton=False)
[2026-01-01 19:01:56.207] MenuRegistry: Registered 'Theme Editor' in 'Options' menu (hotkey=T order=10)
[2026-01-01 19:01:56.209] MenuRegistry: Registered 'Theme Editor' in 'Options' menu (hotkey=T order=10)
[2026-01-01 19:01:56.210] ServiceContainer: Resolving 'TaskListScreen'...
[2026-01-01 19:01:56.212] ServiceContainer: Resolving 'TaskStore'...
[2026-01-01 19:01:56.297] ServiceContainer: Resolved 'TaskStore' successfully
[2026-01-01 19:01:56.975] _PopulateMenusFromRegistry: Menu 'Time' has 3 items from registry (array)
[2026-01-01 19:01:56.992] _PopulateMenusFromRegistry: Menu 'Options' has 2 items from registry (array)
[2026-01-01 19:01:56.994] _PopulateMenusFromRegistry: Menu 'Help' has 1 items from registry (array)
[2026-01-01 19:01:56.997] _PopulateMenusFromRegistry: Menu 'Tools' has 6 items from registry (array)
[2026-01-01 19:01:56.999] _PopulateMenusFromRegistry: Menu 'Tasks' has 1 items from registry (array)
[2026-01-01 19:01:57.002] _PopulateMenusFromRegistry: Menu 'Projects' has 3 items from registry (array)
[2026-01-01 19:01:57.004] ServiceContainer: Resolved 'TaskListScreen' successfully
[2026-01-01 19:02:03.053] ServiceContainer: Resolving 'ChecklistTemplatesFolderScreen'...
[2026-01-01 19:02:03.194] ServiceContainer: Resolved 'ChecklistTemplatesFolderScreen' successfully
