[2026-01-01 14:08:56.867] ServiceContainer: Registered 'Theme' (singleton=True)
[2026-01-01 14:08:56.877] ServiceContainer: Registered 'ThemeManager' (singleton=True)
[2026-01-01 14:08:56.880] ServiceContainer: Registered 'Config' (singleton=True)
[2026-01-01 14:08:56.883] ServiceContainer: Registered 'TaskStore' (singleton=True)
[2026-01-01 14:08:56.886] ServiceContainer: Registered 'MenuRegistry' (singleton=True)
[2026-01-01 14:08:56.889] ServiceContainer: Registered 'Application' (singleton=True)
[2026-01-01 14:08:56.892] ServiceContainer: Registered 'CommandService' (singleton=True)
[2026-01-01 14:08:56.895] ServiceContainer: Registered 'ChecklistService' (singleton=True)
[2026-01-01 14:08:56.898] ServiceContainer: Registered 'NoteService' (singleton=True)
[2026-01-01 14:08:56.901] ServiceContainer: Registered 'ExcelMappingService' (singleton=True)
[2026-01-01 14:08:56.904] ServiceContainer: Registered 'ExcelCopyService' (singleton=True)
[2026-01-01 14:08:56.907] ServiceContainer: Registered 'PreferencesService' (singleton=True)
[2026-01-01 14:08:56.909] ServiceContainer: Registered 'ExcelImportService' (singleton=True)
[2026-01-01 14:08:56.912] ServiceContainer: Registered 'TextExportService' (singleton=True)
[2026-01-01 14:08:56.914] ServiceContainer: Registered 'TaskListScreen' (singleton=False)
[2026-01-01 14:08:56.950] ServiceContainer: Resolving 'Application'...
[2026-01-01 14:08:56.954] ServiceContainer: Resolving 'Theme'...
[2026-01-01 14:08:57.350] ServiceContainer: Resolved 'Theme' successfully
[2026-01-01 14:08:57.481] ServiceContainer: Resolving 'ThemeManager'...
[2026-01-01 14:08:57.483] ServiceContainer: Resolved 'ThemeManager' successfully
[2026-01-01 14:08:57.501] ServiceContainer: Resolved 'Application' successfully
[2026-01-01 14:08:57.503] ServiceContainer: Resolving 'MenuRegistry'...
[2026-01-01 14:08:57.519] ServiceContainer: Resolved 'MenuRegistry' successfully
[2026-01-01 14:08:57.543] MenuRegistry: Loaded manifest with 16 entries
[2026-01-01 14:08:57.582] ServiceContainer: Registered 'WeeklyTimeReportScreen' (singleton=False)
[2026-01-01 14:08:57.584] MenuRegistry: Registered 'Weekly Report' in 'Time' menu (hotkey=W order=10)
[2026-01-01 14:08:57.605] MenuRegistry: Registered 'Weekly Report' in 'Time' menu (hotkey=W order=10)
[2026-01-01 14:08:57.608] ServiceContainer: Registered 'ThemeEditorScreen' (singleton=False)
[2026-01-01 14:08:57.609] MenuRegistry: Registered 'Theme Editor' in 'Options' menu (hotkey=T order=10)
[2026-01-01 14:08:57.612] MenuRegistry: Registered 'Theme Editor' in 'Options' menu (hotkey=T order=10)
[2026-01-01 14:08:57.614] ServiceContainer: Registered 'HelpViewScreen' (singleton=False)
[2026-01-01 14:08:57.615] MenuRegistry: Registered 'Help' in 'Help' menu (hotkey=H order=10)
[2026-01-01 14:08:57.616] MenuRegistry: Registered 'Help' in 'Help' menu (hotkey=H order=10)
[2026-01-01 14:08:57.618] ServiceContainer: Registered 'NotesMenuScreen' (singleton=False)
[2026-01-01 14:08:57.631] MenuRegistry: Registered 'Notes' in 'Tools' menu (hotkey=N order=20)
[2026-01-01 14:08:57.632] MenuRegistry: Registered 'Notes' in 'Tools' menu (hotkey=N order=20)
[2026-01-01 14:08:57.634] ServiceContainer: Registered 'ExcelImportScreen' (singleton=False)
[2026-01-01 14:08:57.635] MenuRegistry: Registered 'Import from Excel' in 'Projects' menu (hotkey=I order=40)
[2026-01-01 14:08:57.637] MenuRegistry: Registered 'Import from Excel' in 'Projects' menu (hotkey=I order=40)
[2026-01-01 14:08:57.639] ServiceContainer: Registered 'TimeReportScreen' (singleton=False)
[2026-01-01 14:08:57.641] MenuRegistry: Registered 'Time Report' in 'Time' menu (hotkey=R order=20)
[2026-01-01 14:08:57.642] MenuRegistry: Registered 'Time Report' in 'Time' menu (hotkey=R order=20)
[2026-01-01 14:08:57.644] ServiceContainer: Registered 'TextExportProfileManagerScreen' (singleton=False)
[2026-01-01 14:08:57.645] MenuRegistry: Registered 'T2020 Export Profiles' in 'Tools' menu (hotkey=E order=45)
[2026-01-01 14:08:57.647] MenuRegistry: Registered 'T2020 Export Profiles' in 'Tools' menu (hotkey=E order=45)
[2026-01-01 14:08:57.649] ServiceContainer: Registered 'ChecklistsLauncherScreen' (singleton=False)
[2026-01-01 14:08:57.650] MenuRegistry: Registered 'Checklists' in 'Tools' menu (hotkey=C order=25)
[2026-01-01 14:08:57.651] MenuRegistry: Registered 'Checklists' in 'Tools' menu (hotkey=C order=25)
[2026-01-01 14:08:57.654] ServiceContainer: Registered 'TaskListScreen_Default' (singleton=False)
[2026-01-01 14:08:57.655] MenuRegistry: Registered 'Task List' in 'Tasks' menu (hotkey=L order=5)
[2026-01-01 14:08:57.657] MenuRegistry: Registered 'Task List' in 'Tasks' menu (hotkey=L order=5)
[2026-01-01 14:08:57.660] ServiceContainer: Registered 'ProjectListScreen' (singleton=False)
[2026-01-01 14:08:57.661] MenuRegistry: Registered 'Project List' in 'Projects' menu (hotkey=L order=10)
[2026-01-01 14:08:57.663] MenuRegistry: Registered 'Project List' in 'Projects' menu (hotkey=L order=10)
[2026-01-01 14:08:57.665] ServiceContainer: Registered 'CommandLibraryScreen' (singleton=False)
[2026-01-01 14:08:57.666] MenuRegistry: Registered 'Command Library' in 'Tools' menu (hotkey=L order=10)
[2026-01-01 14:08:57.668] MenuRegistry: Registered 'Command Library' in 'Tools' menu (hotkey=L order=10)
[2026-01-01 14:08:57.671] ServiceContainer: Registered 'ExcelImportProfileManagerScreen' (singleton=False)
[2026-01-01 14:08:57.672] MenuRegistry: Registered 'Excel Import Profiles' in 'Tools' menu (hotkey=I order=40)
[2026-01-01 14:08:57.674] MenuRegistry: Registered 'Excel Import Profiles' in 'Tools' menu (hotkey=I order=40)
[2026-01-01 14:08:57.676] ServiceContainer: Registered 'TimeListScreen' (singleton=False)
[2026-01-01 14:08:57.677] MenuRegistry: Registered 'Time Tracking' in 'Time' menu (hotkey=T order=5)
[2026-01-01 14:08:57.679] MenuRegistry: Registered 'Time Tracking' in 'Time' menu (hotkey=T order=5)
[2026-01-01 14:08:57.681] ServiceContainer: Registered 'SettingsScreen' (singleton=False)
[2026-01-01 14:08:57.682] MenuRegistry: Registered 'Settings' in 'Options' menu (hotkey=S order=20)
[2026-01-01 14:08:57.683] MenuRegistry: Registered 'Settings' in 'Options' menu (hotkey=S order=20)
[2026-01-01 14:08:57.685] ServiceContainer: Registered 'ChecklistTemplatesFolderScreen' (singleton=False)
[2026-01-01 14:08:57.687] MenuRegistry: Registered 'Checklist Templates' in 'Tools' menu (hotkey=H order=30)
[2026-01-01 14:08:57.688] MenuRegistry: Registered 'Checklist Templates' in 'Tools' menu (hotkey=H order=30)
[2026-01-01 14:08:57.691] ServiceContainer: Registered 'ExcelProfileManagerScreen' (singleton=False)
[2026-01-01 14:08:57.692] MenuRegistry: Registered 'Excel Profiles' in 'Projects' menu (hotkey=M order=50)
[2026-01-01 14:08:57.694] MenuRegistry: Registered 'Excel Profiles' in 'Projects' menu (hotkey=M order=50)
[2026-01-01 14:08:57.696] ServiceContainer: Resolving 'TaskListScreen'...
[2026-01-01 14:08:57.698] ServiceContainer: Resolving 'TaskStore'...
[2026-01-01 14:08:57.856] ServiceContainer: Resolved 'TaskStore' successfully
[2026-01-01 14:08:59.064] _PopulateMenusFromRegistry: Menu 'Tasks' has 1 items from registry (array)
[2026-01-01 14:08:59.091] _PopulateMenusFromRegistry: Menu 'Tools' has 6 items from registry (array)
[2026-01-01 14:08:59.097] _PopulateMenusFromRegistry: Menu 'Options' has 2 items from registry (array)
[2026-01-01 14:08:59.100] _PopulateMenusFromRegistry: Menu 'Time' has 3 items from registry (array)
[2026-01-01 14:08:59.103] _PopulateMenusFromRegistry: Menu 'Help' has 1 items from registry (array)
[2026-01-01 14:08:59.107] _PopulateMenusFromRegistry: Menu 'Projects' has 3 items from registry (array)
[2026-01-01 14:08:59.110] ServiceContainer: Resolved 'TaskListScreen' successfully
[2026-01-01 14:09:08.411] ServiceContainer: Resolving 'ChecklistsLauncherScreen'...
[2026-01-01 14:09:08.510] ServiceContainer: Resolved 'ChecklistsLauncherScreen' successfully
