[2026-01-10 14:58:49.930] ServiceContainer: Registered 'Theme' (singleton=True)
[2026-01-10 14:58:49.933] ServiceContainer: Registered 'ThemeManager' (singleton=True)
[2026-01-10 14:58:49.934] ServiceContainer: Registered 'Config' (singleton=True)
[2026-01-10 14:58:49.935] ServiceContainer: Registered 'TaskStore' (singleton=True)
[2026-01-10 14:58:49.935] ServiceContainer: Registered 'MenuRegistry' (singleton=True)
[2026-01-10 14:58:49.936] ServiceContainer: Registered 'Application' (singleton=True)
[2026-01-10 14:58:49.937] ServiceContainer: Registered 'CommandService' (singleton=True)
[2026-01-10 14:58:49.938] ServiceContainer: Registered 'ChecklistService' (singleton=True)
[2026-01-10 14:58:49.938] ServiceContainer: Registered 'NoteService' (singleton=True)
[2026-01-10 14:58:49.939] ServiceContainer: Registered 'ExcelMappingService' (singleton=True)
[2026-01-10 14:58:49.940] ServiceContainer: Registered 'ExcelCopyService' (singleton=True)
[2026-01-10 14:58:49.940] ServiceContainer: Registered 'PreferencesService' (singleton=True)
[2026-01-10 14:58:49.941] ServiceContainer: Registered 'ExcelImportService' (singleton=True)
[2026-01-10 14:58:49.942] ServiceContainer: Registered 'TextExportService' (singleton=True)
[2026-01-10 14:58:49.942] ServiceContainer: Registered 'TaskListScreen' (singleton=False)
[2026-01-10 14:58:49.956] ServiceContainer: Resolving 'Application'...
[2026-01-10 14:58:49.958] ServiceContainer: Resolving 'Theme'...
[2026-01-10 14:58:50.123] ServiceContainer: Resolved 'Theme' successfully
[2026-01-10 14:58:50.186] ServiceContainer: Resolving 'ThemeManager'...
[2026-01-10 14:58:50.188] ServiceContainer: Resolved 'ThemeManager' successfully
[2026-01-10 14:58:50.198] ServiceContainer: Resolved 'Application' successfully
[2026-01-10 14:58:50.199] ServiceContainer: Resolving 'MenuRegistry'...
[2026-01-10 14:58:50.210] ServiceContainer: Resolved 'MenuRegistry' successfully
[2026-01-10 14:58:50.224] MenuRegistry: Loaded manifest with 17 entries
[2026-01-10 14:58:50.245] ServiceContainer: Registered 'CalendarScreen' (singleton=False)
[2026-01-10 14:58:50.246] MenuRegistry: Registered 'Calendar' in 'Tools' menu (hotkey=A order=50)
[2026-01-10 14:58:50.266] MenuRegistry: Registered 'Calendar' in 'Tools' menu (hotkey=A order=50)
[2026-01-10 14:58:50.268] ServiceContainer: Registered 'ExcelProfileManagerScreen' (singleton=False)
[2026-01-10 14:58:50.268] MenuRegistry: Registered 'Excel Profiles' in 'Projects' menu (hotkey=M order=50)
[2026-01-10 14:58:50.270] MenuRegistry: Registered 'Excel Profiles' in 'Projects' menu (hotkey=M order=50)
[2026-01-10 14:58:50.271] ServiceContainer: Registered 'ExcelImportProfileManagerScreen' (singleton=False)
[2026-01-10 14:58:50.272] MenuRegistry: Registered 'Excel Import Profiles' in 'Tools' menu (hotkey=I order=40)
[2026-01-10 14:58:50.273] MenuRegistry: Registered 'Excel Import Profiles' in 'Tools' menu (hotkey=I order=40)
[2026-01-10 14:58:50.274] ServiceContainer: Registered 'NotesMenuScreen' (singleton=False)
[2026-01-10 14:58:50.274] MenuRegistry: Registered 'Notes' in 'Tools' menu (hotkey=N order=20)
[2026-01-10 14:58:50.275] MenuRegistry: Registered 'Notes' in 'Tools' menu (hotkey=N order=20)
[2026-01-10 14:58:50.277] ServiceContainer: Registered 'HelpViewScreen' (singleton=False)
[2026-01-10 14:58:50.277] MenuRegistry: Registered 'Help' in 'Help' menu (hotkey=H order=10)
[2026-01-10 14:58:50.278] MenuRegistry: Registered 'Help' in 'Help' menu (hotkey=H order=10)
[2026-01-10 14:58:50.279] ServiceContainer: Registered 'CommandLibraryScreen' (singleton=False)
[2026-01-10 14:58:50.280] MenuRegistry: Registered 'Command Library' in 'Tools' menu (hotkey=L order=10)
[2026-01-10 14:58:50.281] MenuRegistry: Registered 'Command Library' in 'Tools' menu (hotkey=L order=10)
[2026-01-10 14:58:50.283] ServiceContainer: Registered 'TimeListScreen' (singleton=False)
[2026-01-10 14:58:50.283] MenuRegistry: Registered 'Time Tracking' in 'Time' menu (hotkey=T order=5)
[2026-01-10 14:58:50.284] MenuRegistry: Registered 'Time Tracking' in 'Time' menu (hotkey=T order=5)
[2026-01-10 14:58:50.286] ServiceContainer: Registered 'ChecklistsLauncherScreen' (singleton=False)
[2026-01-10 14:58:50.286] MenuRegistry: Registered 'Checklists' in 'Tools' menu (hotkey=C order=25)
[2026-01-10 14:58:50.287] MenuRegistry: Registered 'Checklists' in 'Tools' menu (hotkey=C order=25)
[2026-01-10 14:58:50.288] ServiceContainer: Registered 'SettingsScreen' (singleton=False)
[2026-01-10 14:58:50.289] MenuRegistry: Registered 'Settings' in 'Options' menu (hotkey=S order=20)
[2026-01-10 14:58:50.290] MenuRegistry: Registered 'Settings' in 'Options' menu (hotkey=S order=20)
[2026-01-10 14:58:50.291] ServiceContainer: Registered 'ThemeEditorScreen' (singleton=False)
[2026-01-10 14:58:50.292] MenuRegistry: Registered 'Theme Editor' in 'Options' menu (hotkey=T order=10)
[2026-01-10 14:58:50.293] MenuRegistry: Registered 'Theme Editor' in 'Options' menu (hotkey=T order=10)
[2026-01-10 14:58:50.294] ServiceContainer: Registered 'TimeReportScreen' (singleton=False)
[2026-01-10 14:58:50.294] MenuRegistry: Registered 'Time Report' in 'Time' menu (hotkey=R order=20)
[2026-01-10 14:58:50.295] MenuRegistry: Registered 'Time Report' in 'Time' menu (hotkey=R order=20)
[2026-01-10 14:58:50.296] ServiceContainer: Registered 'WeeklyTimeReportScreen' (singleton=False)
[2026-01-10 14:58:50.297] MenuRegistry: Registered 'Weekly Report' in 'Time' menu (hotkey=W order=10)
[2026-01-10 14:58:50.298] MenuRegistry: Registered 'Weekly Report' in 'Time' menu (hotkey=W order=10)
[2026-01-10 14:58:50.299] ServiceContainer: Registered 'TaskListScreen_Default' (singleton=False)
[2026-01-10 14:58:50.300] MenuRegistry: Registered 'Task List' in 'Tasks' menu (hotkey=L order=5)
[2026-01-10 14:58:50.301] MenuRegistry: Registered 'Task List' in 'Tasks' menu (hotkey=L order=5)
[2026-01-10 14:58:50.302] ServiceContainer: Registered 'TextExportProfileManagerScreen' (singleton=False)
[2026-01-10 14:58:50.303] MenuRegistry: Registered 'T2020 Export Profiles' in 'Tools' menu (hotkey=E order=45)
[2026-01-10 14:58:50.322] MenuRegistry: Registered 'T2020 Export Profiles' in 'Tools' menu (hotkey=E order=45)
[2026-01-10 14:58:50.323] ServiceContainer: Registered 'ChecklistTemplatesFolderScreen' (singleton=False)
[2026-01-10 14:58:50.324] MenuRegistry: Registered 'Checklist Templates' in 'Tools' menu (hotkey=H order=30)
[2026-01-10 14:58:50.324] MenuRegistry: Registered 'Checklist Templates' in 'Tools' menu (hotkey=H order=30)
[2026-01-10 14:58:50.326] ServiceContainer: Registered 'ProjectListScreen' (singleton=False)
[2026-01-10 14:58:50.326] MenuRegistry: Registered 'Project List' in 'Projects' menu (hotkey=L order=10)
[2026-01-10 14:58:50.327] MenuRegistry: Registered 'Project List' in 'Projects' menu (hotkey=L order=10)
[2026-01-10 14:58:50.328] ServiceContainer: Registered 'ExcelImportScreen' (singleton=False)
[2026-01-10 14:58:50.329] MenuRegistry: Registered 'Import from Excel' in 'Projects' menu (hotkey=I order=40)
[2026-01-10 14:58:50.330] MenuRegistry: Registered 'Import from Excel' in 'Projects' menu (hotkey=I order=40)
[2026-01-10 14:58:53.301] ServiceContainer: Resolving 'ProjectListScreen'...
[2026-01-10 14:58:53.533] [INFO] StandardListScreen._ConfigureListActions: Configuring actions for Projects
[2026-01-10 14:58:53.543] [INFO] StandardListScreen: Added footer shortcut D -> Delete
[2026-01-10 14:58:53.557] [INFO] StandardListScreen._ConfigureListActions: Configured 12 footer shortcuts
[2026-01-10 14:58:53.567] [INFO] StandardListScreen._ConfigureListActions: Configuring actions for Projects
[2026-01-10 14:58:53.569] [INFO] StandardListScreen: Added footer shortcut D -> Delete
[2026-01-10 14:58:53.571] [INFO] StandardListScreen._ConfigureListActions: Configured 12 footer shortcuts
[2026-01-10 14:58:53.577] ServiceContainer: Resolved 'ProjectListScreen' successfully
[2026-01-10 14:58:53.677] [INFO] StandardListScreen._ConfigureListActions: Configuring actions for Projects
[2026-01-10 14:58:53.678] [INFO] StandardListScreen: Added footer shortcut D -> Delete
[2026-01-10 14:58:53.681] [INFO] StandardListScreen._ConfigureListActions: Configured 12 footer shortcuts
[14:58:53.989] [Z-BUFFER] REJECTED at (62,7): currentZ=10 < zBuffer=20 char='T'
[14:58:53.991] [Z-BUFFER] REJECTED at (63,7): currentZ=10 < zBuffer=20 char='a'
[14:58:53.993] [Z-BUFFER] REJECTED at (64,7): currentZ=10 < zBuffer=20 char='s'
[14:58:53.995] [Z-BUFFER] REJECTED at (65,7): currentZ=10 < zBuffer=20 char='k'
[14:58:53.997] [Z-BUFFER] REJECTED at (66,7): currentZ=10 < zBuffer=20 char='s'
[14:58:54.888] [Z-BUFFER] REJECTED at (62,7): currentZ=10 < zBuffer=20 char='T'
[14:58:54.889] [Z-BUFFER] REJECTED at (63,7): currentZ=10 < zBuffer=20 char='a'
[14:58:54.890] [Z-BUFFER] REJECTED at (64,7): currentZ=10 < zBuffer=20 char='s'
[14:58:54.891] [Z-BUFFER] REJECTED at (65,7): currentZ=10 < zBuffer=20 char='k'
[14:58:54.892] [Z-BUFFER] REJECTED at (66,7): currentZ=10 < zBuffer=20 char='s'
[2026-01-10 14:58:55.618] ServiceContainer: Registered 'ProjectInfoScreenV4' (singleton=False)
[2026-01-10 14:58:55.620] ServiceContainer: Resolving 'ProjectInfoScreenV4'...
[2026-01-10 14:58:55.702] ServiceContainer: Resolving 'TaskStore'...
[2026-01-10 14:58:55.705] ServiceContainer: Resolved 'TaskStore' successfully
[2026-01-10 14:58:55.711] ServiceContainer: Resolved 'ProjectInfoScreenV4' successfully
[2026-01-10 14:58:57.583] TabbedScreen.HandleKeyPress: Key=Enter Char='' ShowEditor=False
[2026-01-10 14:58:57.590] TabbedScreen.HandleKeyPress: Enter pressed (editor not showing), calling EditCurrentField
[2026-01-10 14:58:57.605] TabbedScreen.EditCurrentField: ENTRY
[2026-01-10 14:58:57.608] TabbedScreen.EditCurrentField: field='ID1' Type='text'
[2026-01-10 14:58:57.623] TabbedScreen.EditCurrentField: Setting up InlineEditor at X=26 Y=10 Width=74
[2026-01-10 14:58:57.681] TabbedScreen.EditCurrentField: ShowEditor=True DONE
[2026-01-10 14:58:59.151] TabbedScreen.HandleKeyPress: Key=D1 Char='1' ShowEditor=True
[2026-01-10 14:58:59.161] TabbedScreen.HandleKeyPress: Routing to InlineEditor...
[2026-01-10 14:58:59.203] TabbedScreen.HandleKeyPress: InlineEditor returned handled=True IsConfirmed=False IsCancelled=False
[2026-01-10 14:58:59.821] TabbedScreen.HandleKeyPress: Key=Enter Char='' ShowEditor=True
[2026-01-10 14:58:59.822] TabbedScreen.HandleKeyPress: Routing to InlineEditor...
[2026-01-10 14:58:59.854] TabbedScreen.HandleKeyPress: InlineEditor returned handled=True IsConfirmed=True IsCancelled=False
[2026-01-10 14:58:59.855] TabbedScreen.HandleKeyPress: IsConfirmed=true, getting values...
[2026-01-10 14:58:59.879] TabbedScreen.HandleKeyPress: Got values={"ID1":"111111"}, calling _SaveEditedField...
[2026-01-10 14:58:59.882] TabbedScreen._SaveEditedField: ENTRY values={"ID1":"111111"}
[2026-01-10 14:58:59.883] TabbedScreen._SaveEditedField: fieldName='ID1' newValue='111111'
[2026-01-10 14:58:59.884] TabbedScreen._SaveEditedField: Calling TabPanel.UpdateFieldValue...
[2026-01-10 14:58:59.889] TabbedScreen._SaveEditedField: TabPanel.UpdateFieldValue DONE
[2026-01-10 14:58:59.890] TabbedScreen._SaveEditedField: Editor closed (ShowEditor=false)
[2026-01-10 14:58:59.918] TabbedScreen._SaveEditedField: Calling OnFieldEdited...
[2026-01-10 14:59:00.054] [ERROR] HandleKeyPress exception: The expression after '&' in a pipeline element produced an object that was not valid. It must result in a command name, a script block, or a CommandInfo object.
[2026-01-10 14:59:00.055] [ERROR] Stack: at SaveChanges, /home/teej/ztest/module/Pmc.Strict/consoleui/screens/ProjectInfoScreenV4.ps1: line 303
at OnFieldEdited, /home/teej/ztest/module/Pmc.Strict/consoleui/screens/ProjectInfoScreenV4.ps1: line 363
at _SaveEditedField, /home/teej/ztest/module/Pmc.Strict/consoleui/base/TabbedScreen.ps1: line 212
at HandleKeyPress, /home/teej/ztest/module/Pmc.Strict/consoleui/base/TabbedScreen.ps1: line 259
at HandleKeyPress, /home/teej/ztest/module/Pmc.Strict/consoleui/screens/ProjectInfoScreenV4.ps1: line 778
at Run, /home/teej/ztest/module/Pmc.Strict/consoleui/PmcApplication.ps1: line 420
at Start-PmcTUI, /home/teej/ztest/module/Pmc.Strict/consoleui/Start-PmcTUI.ps1: line 632
at <ScriptBlock>, /home/teej/ztest/start.ps1: line 37
