[2025-12-20 18:51:26.505] ServiceContainer: Registered 'Theme' (singleton=True)
[2025-12-20 18:51:26.519] ServiceContainer: Registered 'ThemeManager' (singleton=True)
[2025-12-20 18:51:26.522] ServiceContainer: Registered 'Config' (singleton=True)
[2025-12-20 18:51:26.524] ServiceContainer: Registered 'TaskStore' (singleton=True)
[2025-12-20 18:51:26.526] ServiceContainer: Registered 'MenuRegistry' (singleton=True)
[2025-12-20 18:51:26.528] ServiceContainer: Registered 'Application' (singleton=True)
[2025-12-20 18:51:26.530] ServiceContainer: Registered 'CommandService' (singleton=True)
[2025-12-20 18:51:26.531] ServiceContainer: Registered 'ChecklistService' (singleton=True)
[2025-12-20 18:51:26.533] ServiceContainer: Registered 'NoteService' (singleton=True)
[2025-12-20 18:51:26.535] ServiceContainer: Registered 'ExcelMappingService' (singleton=True)
[2025-12-20 18:51:26.536] ServiceContainer: Registered 'PreferencesService' (singleton=True)
[2025-12-20 18:51:26.538] ServiceContainer: Registered 'TaskListScreen' (singleton=False)
[2025-12-20 18:51:26.567] ServiceContainer: Resolving 'Application'...
[2025-12-20 18:51:26.571] ServiceContainer: Resolving 'Theme'...
[2025-12-20 18:51:26.862] ServiceContainer: Resolved 'Theme' successfully
[2025-12-20 18:51:26.969] ServiceContainer: Resolving 'ThemeManager'...
[2025-12-20 18:51:26.973] ServiceContainer: Resolved 'ThemeManager' successfully
[2025-12-20 18:51:26.993] ServiceContainer: Resolved 'Application' successfully
[2025-12-20 18:51:26.994] ServiceContainer: Resolving 'MenuRegistry'...
[2025-12-20 18:51:27.013] ServiceContainer: Resolved 'MenuRegistry' successfully
[2025-12-20 18:51:27.038] MenuRegistry: Loaded manifest with 23 entries
[2025-12-20 18:51:27.073] ServiceContainer: Registered 'TaskListScreen_Month' (singleton=False)
[2025-12-20 18:51:27.075] MenuRegistry: Registered screen factory 'TaskListScreen_Month' in container (viewMode=month)
[2025-12-20 18:51:27.095] MenuRegistry: Registered 'Month View' in 'Tasks' menu (hotkey=M order=45)
[2025-12-20 18:51:27.098] ServiceContainer: Registered 'ExcelImportScreen' (singleton=False)
[2025-12-20 18:51:27.099] MenuRegistry: Registered screen factory 'ExcelImportScreen' in container (viewMode=)
[2025-12-20 18:51:27.115] MenuRegistry: Registered 'Import from Excel' in 'Projects' menu (hotkey=I order=40)
[2025-12-20 18:51:27.117] ServiceContainer: Registered 'WeeklyTimeReportScreen' (singleton=False)
[2025-12-20 18:51:27.118] MenuRegistry: Registered screen factory 'WeeklyTimeReportScreen' in container (viewMode=)
[2025-12-20 18:51:27.119] MenuRegistry: Registered 'Weekly Report' in 'Time' menu (hotkey=W order=10)
[2025-12-20 18:51:27.121] ServiceContainer: Registered 'TaskListScreen_Agenda' (singleton=False)
[2025-12-20 18:51:27.123] MenuRegistry: Registered screen factory 'TaskListScreen_Agenda' in container (viewMode=agenda)
[2025-12-20 18:51:27.125] MenuRegistry: Registered 'Agenda View' in 'Tasks' menu (hotkey=A order=50)
[2025-12-20 18:51:27.127] ServiceContainer: Registered 'TaskListScreen_Upcoming' (singleton=False)
[2025-12-20 18:51:27.128] MenuRegistry: Registered screen factory 'TaskListScreen_Upcoming' in container (viewMode=upcoming)
[2025-12-20 18:51:27.130] MenuRegistry: Registered 'Upcoming' in 'Tasks' menu (hotkey=U order=25)
[2025-12-20 18:51:27.132] ServiceContainer: Registered 'HelpViewScreen' (singleton=False)
[2025-12-20 18:51:27.133] MenuRegistry: Registered screen factory 'HelpViewScreen' in container (viewMode=)
[2025-12-20 18:51:27.135] MenuRegistry: Registered 'Help' in 'Help' menu (hotkey=H order=10)
[2025-12-20 18:51:27.137] ServiceContainer: Registered 'TaskListScreen_Tomorrow' (singleton=False)
[2025-12-20 18:51:27.138] MenuRegistry: Registered screen factory 'TaskListScreen_Tomorrow' in container (viewMode=tomorrow)
[2025-12-20 18:51:27.140] MenuRegistry: Registered 'Tomorrow' in 'Tasks' menu (hotkey=T order=15)
[2025-12-20 18:51:27.143] ServiceContainer: Registered 'TimeReportScreen' (singleton=False)
[2025-12-20 18:51:27.144] MenuRegistry: Registered screen factory 'TimeReportScreen' in container (viewMode=)
[2025-12-20 18:51:27.146] MenuRegistry: Registered 'Time Report' in 'Time' menu (hotkey=R order=20)
[2025-12-20 18:51:27.149] ServiceContainer: Registered 'CommandLibraryScreen' (singleton=False)
[2025-12-20 18:51:27.150] MenuRegistry: Registered screen factory 'CommandLibraryScreen' in container (viewMode=)
[2025-12-20 18:51:27.152] MenuRegistry: Registered 'Command Library' in 'Tools' menu (hotkey=L order=10)
[2025-12-20 18:51:27.154] ServiceContainer: Registered 'ExcelProfileManagerScreen' (singleton=False)
[2025-12-20 18:51:27.156] MenuRegistry: Registered screen factory 'ExcelProfileManagerScreen' in container (viewMode=)
[2025-12-20 18:51:27.158] MenuRegistry: Registered 'Excel Profiles' in 'Projects' menu (hotkey=M order=50)
[2025-12-20 18:51:27.161] ServiceContainer: Registered 'ThemeEditorScreen' (singleton=False)
[2025-12-20 18:51:27.162] MenuRegistry: Registered screen factory 'ThemeEditorScreen' in container (viewMode=)
[2025-12-20 18:51:27.164] MenuRegistry: Registered 'Theme Editor' in 'Options' menu (hotkey=T order=10)
[2025-12-20 18:51:27.167] ServiceContainer: Registered 'TaskListScreen_Default' (singleton=False)
[2025-12-20 18:51:27.169] MenuRegistry: Registered screen factory 'TaskListScreen_Default' in container (viewMode=)
[2025-12-20 18:51:27.171] MenuRegistry: Registered 'Task List' in 'Tasks' menu (hotkey=L order=5)
[2025-12-20 18:51:27.174] ServiceContainer: Registered 'ChecklistTemplatesFolderScreen' (singleton=False)
[2025-12-20 18:51:27.175] MenuRegistry: Registered screen factory 'ChecklistTemplatesFolderScreen' in container (viewMode=)
[2025-12-20 18:51:27.177] MenuRegistry: Registered 'Checklist Templates' in 'Tools' menu (hotkey=H order=30)
[2025-12-20 18:51:27.179] ServiceContainer: Registered 'TaskListScreen_Week' (singleton=False)
[2025-12-20 18:51:27.180] MenuRegistry: Registered screen factory 'TaskListScreen_Week' in container (viewMode=week)
[2025-12-20 18:51:27.182] MenuRegistry: Registered 'Week View' in 'Tasks' menu (hotkey=W order=20)
[2025-12-20 18:51:27.185] ServiceContainer: Registered 'TimeListScreen' (singleton=False)
[2025-12-20 18:51:27.186] MenuRegistry: Registered screen factory 'TimeListScreen' in container (viewMode=)
[2025-12-20 18:51:27.188] MenuRegistry: Registered 'Time Tracking' in 'Time' menu (hotkey=T order=5)
[2025-12-20 18:51:27.190] ServiceContainer: Registered 'ProjectListScreen' (singleton=False)
[2025-12-20 18:51:27.192] MenuRegistry: Registered screen factory 'ProjectListScreen' in container (viewMode=)
[2025-12-20 18:51:27.194] MenuRegistry: Registered 'Project List' in 'Projects' menu (hotkey=L order=10)
[2025-12-20 18:51:27.196] ServiceContainer: Registered 'ChecklistsLauncherScreen' (singleton=False)
[2025-12-20 18:51:27.202] MenuRegistry: Registered screen factory 'ChecklistsLauncherScreen' in container (viewMode=)
[2025-12-20 18:51:27.204] MenuRegistry: Registered 'Checklists' in 'Tools' menu (hotkey=C order=25)
[2025-12-20 18:51:27.206] ServiceContainer: Registered 'TaskListScreen_Overdue' (singleton=False)
[2025-12-20 18:51:27.207] MenuRegistry: Registered screen factory 'TaskListScreen_Overdue' in container (viewMode=overdue)
[2025-12-20 18:51:27.209] MenuRegistry: Registered 'Overdue' in 'Tasks' menu (hotkey=O order=30)
[2025-12-20 18:51:27.211] ServiceContainer: Registered 'TaskListScreen_NoDate' (singleton=False)
[2025-12-20 18:51:27.212] MenuRegistry: Registered screen factory 'TaskListScreen_NoDate' in container (viewMode=noduedate)
[2025-12-20 18:51:27.214] MenuRegistry: Registered 'No Due Date' in 'Tasks' menu (hotkey=D order=40)
[2025-12-20 18:51:27.216] ServiceContainer: Registered 'NotesMenuScreen' (singleton=False)
[2025-12-20 18:51:27.218] MenuRegistry: Registered screen factory 'NotesMenuScreen' in container (viewMode=)
[2025-12-20 18:51:27.219] MenuRegistry: Registered 'Notes' in 'Tools' menu (hotkey=N order=20)
[2025-12-20 18:51:27.222] ServiceContainer: Registered 'TaskListScreen_NextActions' (singleton=False)
[2025-12-20 18:51:27.224] MenuRegistry: Registered screen factory 'TaskListScreen_NextActions' in container (viewMode=nextactions)
[2025-12-20 18:51:27.226] MenuRegistry: Registered 'Next Actions' in 'Tasks' menu (hotkey=N order=35)
[2025-12-20 18:51:27.228] ServiceContainer: Registered 'TaskListScreen_Today' (singleton=False)
[2025-12-20 18:51:27.230] MenuRegistry: Registered screen factory 'TaskListScreen_Today' in container (viewMode=today)
[2025-12-20 18:51:27.231] MenuRegistry: Registered 'Today' in 'Tasks' menu (hotkey=Y order=10)
[2025-12-20 18:51:27.234] ServiceContainer: Registered 'SettingsScreen' (singleton=False)
[2025-12-20 18:51:27.235] MenuRegistry: Registered screen factory 'SettingsScreen' in container (viewMode=)
[2025-12-20 18:51:27.237] MenuRegistry: Registered 'Settings' in 'Options' menu (hotkey=S order=20)
[2025-12-20 18:51:27.240] ServiceContainer: Resolving 'TaskListScreen'...
[2025-12-20 18:51:27.267] ServiceContainer: Resolving 'TaskStore'...
[2025-12-20 18:51:27.589] ServiceContainer: Resolved 'TaskStore' successfully
[2025-12-20 18:51:28.764] _PopulateMenusFromRegistry: Menu 'Time' has 3 items from registry (array)
[2025-12-20 18:51:28.793] _PopulateMenusFromRegistry: Menu 'Help' has 1 items from registry (array)
[2025-12-20 18:51:28.797] _PopulateMenusFromRegistry: Menu 'Tools' has 4 items from registry (array)
[2025-12-20 18:51:28.804] _PopulateMenusFromRegistry: Menu 'Tasks' has 10 items from registry (array)
[2025-12-20 18:51:28.809] _PopulateMenusFromRegistry: Menu 'Options' has 2 items from registry (array)
[2025-12-20 18:51:28.827] _PopulateMenusFromRegistry: Menu 'Projects' has 3 items from registry (array)
[2025-12-20 18:51:28.830] ServiceContainer: Resolved 'TaskListScreen' successfully
[2025-12-20 18:51:59.568] ServiceContainer: Resolving 'ThemeEditorScreen'...
[2025-12-20 18:51:59.630] ServiceContainer: Resolved 'ThemeEditorScreen' successfully
