[2025-12-20 00:32:34.189] ServiceContainer: Registered 'Theme' (singleton=True)
[2025-12-20 00:32:34.196] ServiceContainer: Registered 'ThemeManager' (singleton=True)
[2025-12-20 00:32:34.197] ServiceContainer: Registered 'Config' (singleton=True)
[2025-12-20 00:32:34.198] ServiceContainer: Registered 'TaskStore' (singleton=True)
[2025-12-20 00:32:34.199] ServiceContainer: Registered 'MenuRegistry' (singleton=True)
[2025-12-20 00:32:34.199] ServiceContainer: Registered 'Application' (singleton=True)
[2025-12-20 00:32:34.200] ServiceContainer: Registered 'CommandService' (singleton=True)
[2025-12-20 00:32:34.201] ServiceContainer: Registered 'ChecklistService' (singleton=True)
[2025-12-20 00:32:34.202] ServiceContainer: Registered 'NoteService' (singleton=True)
[2025-12-20 00:32:34.203] ServiceContainer: Registered 'ExcelMappingService' (singleton=True)
[2025-12-20 00:32:34.204] ServiceContainer: Registered 'PreferencesService' (singleton=True)
[2025-12-20 00:32:34.211] ServiceContainer: Registered 'TaskListScreen' (singleton=False)
[2025-12-20 00:32:34.224] ServiceContainer: Resolving 'Application'...
[2025-12-20 00:32:34.225] ServiceContainer: Resolving 'Theme'...
[2025-12-20 00:32:34.394] ServiceContainer: Resolved 'Theme' successfully
[2025-12-20 00:32:34.459] ServiceContainer: Resolving 'ThemeManager'...
[2025-12-20 00:32:34.461] ServiceContainer: Resolved 'ThemeManager' successfully
[2025-12-20 00:32:34.473] ServiceContainer: Resolved 'Application' successfully
[2025-12-20 00:32:34.474] ServiceContainer: Resolving 'MenuRegistry'...
[2025-12-20 00:32:34.485] ServiceContainer: Resolved 'MenuRegistry' successfully
[2025-12-20 00:32:34.502] MenuRegistry: Loaded manifest with 23 entries
[2025-12-20 00:32:34.531] ServiceContainer: Registered 'WeeklyTimeReportScreen' (singleton=False)
[2025-12-20 00:32:34.532] MenuRegistry: Registered screen factory 'WeeklyTimeReportScreen' in container (viewMode=)
[2025-12-20 00:32:34.546] MenuRegistry: Registered 'Weekly Report' in 'Time' menu (hotkey=W order=10)
[2025-12-20 00:32:34.549] ServiceContainer: Registered 'TaskListScreen_Agenda' (singleton=False)
[2025-12-20 00:32:34.550] MenuRegistry: Registered screen factory 'TaskListScreen_Agenda' in container (viewMode=agenda)
[2025-12-20 00:32:34.551] MenuRegistry: Registered 'Agenda View' in 'Tasks' menu (hotkey=A order=50)
[2025-12-20 00:32:34.553] ServiceContainer: Registered 'TaskListScreen_Month' (singleton=False)
[2025-12-20 00:32:34.553] MenuRegistry: Registered screen factory 'TaskListScreen_Month' in container (viewMode=month)
[2025-12-20 00:32:34.554] MenuRegistry: Registered 'Month View' in 'Tasks' menu (hotkey=M order=45)
[2025-12-20 00:32:34.556] ServiceContainer: Registered 'TaskListScreen_Default' (singleton=False)
[2025-12-20 00:32:34.556] MenuRegistry: Registered screen factory 'TaskListScreen_Default' in container (viewMode=)
[2025-12-20 00:32:34.557] MenuRegistry: Registered 'Task List' in 'Tasks' menu (hotkey=L order=5)
[2025-12-20 00:32:34.559] ServiceContainer: Registered 'ProjectListScreen' (singleton=False)
[2025-12-20 00:32:34.560] MenuRegistry: Registered screen factory 'ProjectListScreen' in container (viewMode=)
[2025-12-20 00:32:34.561] MenuRegistry: Registered 'Project List' in 'Projects' menu (hotkey=L order=10)
[2025-12-20 00:32:34.562] ServiceContainer: Registered 'TaskListScreen_Tomorrow' (singleton=False)
[2025-12-20 00:32:34.563] MenuRegistry: Registered screen factory 'TaskListScreen_Tomorrow' in container (viewMode=tomorrow)
[2025-12-20 00:32:34.564] MenuRegistry: Registered 'Tomorrow' in 'Tasks' menu (hotkey=T order=15)
[2025-12-20 00:32:34.565] ServiceContainer: Registered 'ExcelProfileManagerScreen' (singleton=False)
[2025-12-20 00:32:34.566] MenuRegistry: Registered screen factory 'ExcelProfileManagerScreen' in container (viewMode=)
[2025-12-20 00:32:34.567] MenuRegistry: Registered 'Excel Profiles' in 'Projects' menu (hotkey=M order=50)
[2025-12-20 00:32:34.568] ServiceContainer: Registered 'TimeReportScreen' (singleton=False)
[2025-12-20 00:32:34.568] MenuRegistry: Registered screen factory 'TimeReportScreen' in container (viewMode=)
[2025-12-20 00:32:34.569] MenuRegistry: Registered 'Time Report' in 'Time' menu (hotkey=R order=20)
[2025-12-20 00:32:34.571] ServiceContainer: Registered 'TaskListScreen_Today' (singleton=False)
[2025-12-20 00:32:34.572] MenuRegistry: Registered screen factory 'TaskListScreen_Today' in container (viewMode=today)
[2025-12-20 00:32:34.573] MenuRegistry: Registered 'Today' in 'Tasks' menu (hotkey=Y order=10)
[2025-12-20 00:32:34.574] ServiceContainer: Registered 'TaskListScreen_Upcoming' (singleton=False)
[2025-12-20 00:32:34.575] MenuRegistry: Registered screen factory 'TaskListScreen_Upcoming' in container (viewMode=upcoming)
[2025-12-20 00:32:34.576] MenuRegistry: Registered 'Upcoming' in 'Tasks' menu (hotkey=U order=25)
[2025-12-20 00:32:34.577] ServiceContainer: Registered 'TaskListScreen_NextActions' (singleton=False)
[2025-12-20 00:32:34.578] MenuRegistry: Registered screen factory 'TaskListScreen_NextActions' in container (viewMode=nextactions)
[2025-12-20 00:32:34.579] MenuRegistry: Registered 'Next Actions' in 'Tasks' menu (hotkey=N order=35)
[2025-12-20 00:32:34.580] ServiceContainer: Registered 'ExcelImportScreen' (singleton=False)
[2025-12-20 00:32:34.581] MenuRegistry: Registered screen factory 'ExcelImportScreen' in container (viewMode=)
[2025-12-20 00:32:34.582] MenuRegistry: Registered 'Import from Excel' in 'Projects' menu (hotkey=I order=40)
[2025-12-20 00:32:34.583] ServiceContainer: Registered 'TaskListScreen_Week' (singleton=False)
[2025-12-20 00:32:34.584] MenuRegistry: Registered screen factory 'TaskListScreen_Week' in container (viewMode=week)
[2025-12-20 00:32:34.585] MenuRegistry: Registered 'Week View' in 'Tasks' menu (hotkey=W order=20)
[2025-12-20 00:32:34.586] ServiceContainer: Registered 'ThemeEditorScreen' (singleton=False)
[2025-12-20 00:32:34.586] MenuRegistry: Registered screen factory 'ThemeEditorScreen' in container (viewMode=)
[2025-12-20 00:32:34.587] MenuRegistry: Registered 'Theme Editor' in 'Options' menu (hotkey=T order=10)
[2025-12-20 00:32:34.607] ServiceContainer: Registered 'TaskListScreen_NoDate' (singleton=False)
[2025-12-20 00:32:34.608] MenuRegistry: Registered screen factory 'TaskListScreen_NoDate' in container (viewMode=noduedate)
[2025-12-20 00:32:34.609] MenuRegistry: Registered 'No Due Date' in 'Tasks' menu (hotkey=D order=40)
[2025-12-20 00:32:34.611] ServiceContainer: Registered 'ChecklistsLauncherScreen' (singleton=False)
[2025-12-20 00:32:34.612] MenuRegistry: Registered screen factory 'ChecklistsLauncherScreen' in container (viewMode=)
[2025-12-20 00:32:34.613] MenuRegistry: Registered 'Checklists' in 'Tools' menu (hotkey=C order=25)
[2025-12-20 00:32:34.615] ServiceContainer: Registered 'NotesMenuScreen' (singleton=False)
[2025-12-20 00:32:34.616] MenuRegistry: Registered screen factory 'NotesMenuScreen' in container (viewMode=)
[2025-12-20 00:32:34.617] MenuRegistry: Registered 'Notes' in 'Tools' menu (hotkey=N order=20)
[2025-12-20 00:32:34.619] ServiceContainer: Registered 'TaskListScreen_Overdue' (singleton=False)
[2025-12-20 00:32:34.620] MenuRegistry: Registered screen factory 'TaskListScreen_Overdue' in container (viewMode=overdue)
[2025-12-20 00:32:34.622] MenuRegistry: Registered 'Overdue' in 'Tasks' menu (hotkey=O order=30)
[2025-12-20 00:32:34.624] ServiceContainer: Registered 'TimeListScreen' (singleton=False)
[2025-12-20 00:32:34.625] MenuRegistry: Registered screen factory 'TimeListScreen' in container (viewMode=)
[2025-12-20 00:32:34.627] MenuRegistry: Registered 'Time Tracking' in 'Time' menu (hotkey=T order=5)
[2025-12-20 00:32:34.630] ServiceContainer: Registered 'ChecklistTemplatesFolderScreen' (singleton=False)
[2025-12-20 00:32:34.631] MenuRegistry: Registered screen factory 'ChecklistTemplatesFolderScreen' in container (viewMode=)
[2025-12-20 00:32:34.633] MenuRegistry: Registered 'Checklist Templates' in 'Tools' menu (hotkey=H order=30)
[2025-12-20 00:32:34.636] ServiceContainer: Registered 'HelpViewScreen' (singleton=False)
[2025-12-20 00:32:34.637] MenuRegistry: Registered screen factory 'HelpViewScreen' in container (viewMode=)
[2025-12-20 00:32:34.639] MenuRegistry: Registered 'Help' in 'Help' menu (hotkey=H order=10)
[2025-12-20 00:32:34.642] ServiceContainer: Registered 'SettingsScreen' (singleton=False)
[2025-12-20 00:32:34.644] MenuRegistry: Registered screen factory 'SettingsScreen' in container (viewMode=)
[2025-12-20 00:32:34.646] MenuRegistry: Registered 'Settings' in 'Options' menu (hotkey=S order=20)
[2025-12-20 00:32:34.648] ServiceContainer: Registered 'CommandLibraryScreen' (singleton=False)
[2025-12-20 00:32:34.650] MenuRegistry: Registered screen factory 'CommandLibraryScreen' in container (viewMode=)
[2025-12-20 00:32:34.651] MenuRegistry: Registered 'Command Library' in 'Tools' menu (hotkey=L order=10)
[2025-12-20 00:32:34.653] ServiceContainer: Resolving 'TaskListScreen'...
[2025-12-20 00:32:34.655] ServiceContainer: Resolving 'TaskStore'...
[2025-12-20 00:32:34.858] ServiceContainer: Resolved 'TaskStore' successfully
[2025-12-20 00:32:35.627] _PopulateMenusFromRegistry: Menu 'Tasks' has 10 items from registry (array)
[2025-12-20 00:32:35.645] _PopulateMenusFromRegistry: Menu 'Tools' has 4 items from registry (array)
[2025-12-20 00:32:35.648] _PopulateMenusFromRegistry: Menu 'Projects' has 3 items from registry (array)
[2025-12-20 00:32:35.652] _PopulateMenusFromRegistry: Menu 'Help' has 1 items from registry (array)
[2025-12-20 00:32:35.654] _PopulateMenusFromRegistry: Menu 'Time' has 3 items from registry (array)
[2025-12-20 00:32:35.656] _PopulateMenusFromRegistry: Menu 'Options' has 2 items from registry (array)
[2025-12-20 00:32:35.658] ServiceContainer: Resolved 'TaskListScreen' successfully
