[2025-12-31 12:20:14.676] ServiceContainer: Registered 'Theme' (singleton=True)
[2025-12-31 12:20:14.681] ServiceContainer: Registered 'ThemeManager' (singleton=True)
[2025-12-31 12:20:14.683] ServiceContainer: Registered 'Config' (singleton=True)
[2025-12-31 12:20:14.685] ServiceContainer: Registered 'TaskStore' (singleton=True)
[2025-12-31 12:20:14.687] ServiceContainer: Registered 'MenuRegistry' (singleton=True)
[2025-12-31 12:20:14.689] ServiceContainer: Registered 'Application' (singleton=True)
[2025-12-31 12:20:14.691] ServiceContainer: Registered 'CommandService' (singleton=True)
[2025-12-31 12:20:14.692] ServiceContainer: Registered 'ChecklistService' (singleton=True)
[2025-12-31 12:20:14.695] ServiceContainer: Registered 'NoteService' (singleton=True)
[2025-12-31 12:20:14.696] ServiceContainer: Registered 'ExcelMappingService' (singleton=True)
[2025-12-31 12:20:14.698] ServiceContainer: Registered 'ExcelCopyService' (singleton=True)
[2025-12-31 12:20:14.700] ServiceContainer: Registered 'PreferencesService' (singleton=True)
[2025-12-31 12:20:14.702] ServiceContainer: Registered 'ExcelImportService' (singleton=True)
[2025-12-31 12:20:14.704] ServiceContainer: Registered 'TextExportService' (singleton=True)
[2025-12-31 12:20:14.705] ServiceContainer: Registered 'TaskListScreen' (singleton=False)
[2025-12-31 12:20:14.729] ServiceContainer: Resolving 'Application'...
[2025-12-31 12:20:14.733] ServiceContainer: Resolving 'Theme'...
[2025-12-31 12:20:14.892] ServiceContainer: Resolved 'Theme' successfully
[2025-12-31 12:20:14.970] ServiceContainer: Resolving 'ThemeManager'...
[2025-12-31 12:20:14.972] ServiceContainer: Resolved 'ThemeManager' successfully
[2025-12-31 12:20:14.984] ServiceContainer: Resolved 'Application' successfully
[2025-12-31 12:20:14.986] ServiceContainer: Resolving 'MenuRegistry'...
[2025-12-31 12:20:14.999] ServiceContainer: Resolved 'MenuRegistry' successfully
[2025-12-31 12:20:15.024] MenuRegistry: Loaded manifest with 16 entries
[2025-12-31 12:20:15.050] ServiceContainer: Registered 'TimeListScreen' (singleton=False)
[2025-12-31 12:20:15.051] MenuRegistry: Registered 'Time Tracking' in 'Time' menu (hotkey=T order=5)
[2025-12-31 12:20:15.067] MenuRegistry: Registered 'Time Tracking' in 'Time' menu (hotkey=T order=5)
[2025-12-31 12:20:15.070] ServiceContainer: Registered 'WeeklyTimeReportScreen' (singleton=False)
[2025-12-31 12:20:15.072] MenuRegistry: Registered 'Weekly Report' in 'Time' menu (hotkey=W order=10)
[2025-12-31 12:20:15.074] MenuRegistry: Registered 'Weekly Report' in 'Time' menu (hotkey=W order=10)
[2025-12-31 12:20:15.077] ServiceContainer: Registered 'ThemeEditorScreen' (singleton=False)
[2025-12-31 12:20:15.079] MenuRegistry: Registered 'Theme Editor' in 'Options' menu (hotkey=T order=10)
[2025-12-31 12:20:15.091] MenuRegistry: Registered 'Theme Editor' in 'Options' menu (hotkey=T order=10)
[2025-12-31 12:20:15.092] ServiceContainer: Registered 'HelpViewScreen' (singleton=False)
[2025-12-31 12:20:15.093] MenuRegistry: Registered 'Help' in 'Help' menu (hotkey=H order=10)
[2025-12-31 12:20:15.094] MenuRegistry: Registered 'Help' in 'Help' menu (hotkey=H order=10)
[2025-12-31 12:20:15.096] ServiceContainer: Registered 'TaskListScreen_Default' (singleton=False)
[2025-12-31 12:20:15.097] MenuRegistry: Registered 'Task List' in 'Tasks' menu (hotkey=L order=5)
[2025-12-31 12:20:15.099] MenuRegistry: Registered 'Task List' in 'Tasks' menu (hotkey=L order=5)
[2025-12-31 12:20:15.101] ServiceContainer: Registered 'CommandLibraryScreen' (singleton=False)
[2025-12-31 12:20:15.102] MenuRegistry: Registered 'Command Library' in 'Tools' menu (hotkey=L order=10)
[2025-12-31 12:20:15.104] MenuRegistry: Registered 'Command Library' in 'Tools' menu (hotkey=L order=10)
[2025-12-31 12:20:15.106] ServiceContainer: Registered 'TextExportProfileManagerScreen' (singleton=False)
[2025-12-31 12:20:15.107] MenuRegistry: Registered 'T2020 Export Profiles' in 'Tools' menu (hotkey=E order=45)
[2025-12-31 12:20:15.108] MenuRegistry: Registered 'T2020 Export Profiles' in 'Tools' menu (hotkey=E order=45)
[2025-12-31 12:20:15.110] ServiceContainer: Registered 'TimeReportScreen' (singleton=False)
[2025-12-31 12:20:15.111] MenuRegistry: Registered 'Time Report' in 'Time' menu (hotkey=R order=20)
[2025-12-31 12:20:15.112] MenuRegistry: Registered 'Time Report' in 'Time' menu (hotkey=R order=20)
[2025-12-31 12:20:15.114] ServiceContainer: Registered 'NotesMenuScreen' (singleton=False)
[2025-12-31 12:20:15.115] MenuRegistry: Registered 'Notes' in 'Tools' menu (hotkey=N order=20)
[2025-12-31 12:20:15.116] MenuRegistry: Registered 'Notes' in 'Tools' menu (hotkey=N order=20)
[2025-12-31 12:20:15.118] ServiceContainer: Registered 'ChecklistTemplatesFolderScreen' (singleton=False)
[2025-12-31 12:20:15.119] MenuRegistry: Registered 'Checklist Templates' in 'Tools' menu (hotkey=H order=30)
[2025-12-31 12:20:15.120] MenuRegistry: Registered 'Checklist Templates' in 'Tools' menu (hotkey=H order=30)
[2025-12-31 12:20:15.122] ServiceContainer: Registered 'ExcelProfileManagerScreen' (singleton=False)
[2025-12-31 12:20:15.123] MenuRegistry: Registered 'Excel Profiles' in 'Projects' menu (hotkey=M order=50)
[2025-12-31 12:20:15.125] MenuRegistry: Registered 'Excel Profiles' in 'Projects' menu (hotkey=M order=50)
[2025-12-31 12:20:15.128] ServiceContainer: Registered 'ProjectListScreen' (singleton=False)
[2025-12-31 12:20:15.129] MenuRegistry: Registered 'Project List' in 'Projects' menu (hotkey=L order=10)
[2025-12-31 12:20:15.131] MenuRegistry: Registered 'Project List' in 'Projects' menu (hotkey=L order=10)
[2025-12-31 12:20:15.133] ServiceContainer: Registered 'ChecklistsLauncherScreen' (singleton=False)
[2025-12-31 12:20:15.134] MenuRegistry: Registered 'Checklists' in 'Tools' menu (hotkey=C order=25)
[2025-12-31 12:20:15.135] MenuRegistry: Registered 'Checklists' in 'Tools' menu (hotkey=C order=25)
[2025-12-31 12:20:15.137] ServiceContainer: Registered 'SettingsScreen' (singleton=False)
[2025-12-31 12:20:15.138] MenuRegistry: Registered 'Settings' in 'Options' menu (hotkey=S order=20)
[2025-12-31 12:20:15.141] MenuRegistry: Registered 'Settings' in 'Options' menu (hotkey=S order=20)
[2025-12-31 12:20:15.143] ServiceContainer: Registered 'ExcelImportProfileManagerScreen' (singleton=False)
[2025-12-31 12:20:15.145] MenuRegistry: Registered 'Excel Import Profiles' in 'Tools' menu (hotkey=I order=40)
[2025-12-31 12:20:15.147] MenuRegistry: Registered 'Excel Import Profiles' in 'Tools' menu (hotkey=I order=40)
[2025-12-31 12:20:15.149] ServiceContainer: Registered 'ExcelImportScreen' (singleton=False)
[2025-12-31 12:20:15.151] MenuRegistry: Registered 'Import from Excel' in 'Projects' menu (hotkey=I order=40)
[2025-12-31 12:20:15.153] MenuRegistry: Registered 'Import from Excel' in 'Projects' menu (hotkey=I order=40)
[2025-12-31 12:20:15.178] ServiceContainer: Resolving 'TaskListScreen'...
[2025-12-31 12:20:15.180] ServiceContainer: Resolving 'TaskStore'...
[2025-12-31 12:20:15.612] ServiceContainer: Resolved 'TaskStore' successfully
[2025-12-31 12:20:16.454] _PopulateMenusFromRegistry: Menu 'Help' has 1 items from registry (array)
[2025-12-31 12:20:16.477] _PopulateMenusFromRegistry: Menu 'Tasks' has 1 items from registry (array)
[2025-12-31 12:20:16.481] _PopulateMenusFromRegistry: Menu 'Options' has 2 items from registry (array)
[2025-12-31 12:20:16.485] _PopulateMenusFromRegistry: Menu 'Projects' has 3 items from registry (array)
[2025-12-31 12:20:16.488] _PopulateMenusFromRegistry: Menu 'Time' has 3 items from registry (array)
[2025-12-31 12:20:16.492] _PopulateMenusFromRegistry: Menu 'Tools' has 6 items from registry (array)
[2025-12-31 12:20:16.494] ServiceContainer: Resolved 'TaskListScreen' successfully
