[2026-01-13 10:33:16.624] ServiceContainer: Registered 'Theme' (singleton=True)
[2026-01-13 10:33:16.627] ServiceContainer: Registered 'ThemeManager' (singleton=True)
[2026-01-13 10:33:16.627] ServiceContainer: Registered 'Config' (singleton=True)
[2026-01-13 10:33:16.628] ServiceContainer: Registered 'TaskStore' (singleton=True)
[2026-01-13 10:33:16.629] ServiceContainer: Registered 'MenuRegistry' (singleton=True)
[2026-01-13 10:33:16.629] ServiceContainer: Registered 'Application' (singleton=True)
[2026-01-13 10:33:16.630] ServiceContainer: Registered 'CommandService' (singleton=True)
[2026-01-13 10:33:16.631] ServiceContainer: Registered 'ChecklistService' (singleton=True)
[2026-01-13 10:33:16.631] ServiceContainer: Registered 'NoteService' (singleton=True)
[2026-01-13 10:33:16.632] ServiceContainer: Registered 'ExcelMappingService' (singleton=True)
[2026-01-13 10:33:16.633] ServiceContainer: Registered 'ExcelCopyService' (singleton=True)
[2026-01-13 10:33:16.633] ServiceContainer: Registered 'PreferencesService' (singleton=True)
[2026-01-13 10:33:16.634] ServiceContainer: Registered 'ExcelImportService' (singleton=True)
[2026-01-13 10:33:16.635] ServiceContainer: Registered 'TextExportService' (singleton=True)
[2026-01-13 10:33:16.635] ServiceContainer: Registered 'TaskListScreen' (singleton=False)
[2026-01-13 10:33:16.649] ServiceContainer: Resolving 'Application'...
[2026-01-13 10:33:16.650] ServiceContainer: Resolving 'Theme'...
[2026-01-13 10:33:16.809] ServiceContainer: Resolved 'Theme' successfully
[2026-01-13 10:33:16.868] ServiceContainer: Resolving 'ThemeManager'...
[2026-01-13 10:33:16.870] ServiceContainer: Resolved 'ThemeManager' successfully
[2026-01-13 10:33:16.880] ServiceContainer: Resolved 'Application' successfully
[2026-01-13 10:33:16.880] ServiceContainer: Resolving 'MenuRegistry'...
[2026-01-13 10:33:16.889] ServiceContainer: Resolved 'MenuRegistry' successfully
[2026-01-13 10:33:16.903] MenuRegistry: Loaded manifest with 17 entries
[2026-01-13 10:33:16.929] ServiceContainer: Registered 'CommandLibraryScreen' (singleton=False)
[2026-01-13 10:33:16.930] MenuRegistry: Registered factory for 'Command Library'
[2026-01-13 10:33:16.942] MenuRegistry: Registered 'Command Library' in 'Tools' menu (hotkey=L order=10)
[2026-01-13 10:33:16.943] ServiceContainer: Registered 'WeeklyTimeReportScreen' (singleton=False)
[2026-01-13 10:33:16.944] MenuRegistry: Registered factory for 'Weekly Report'
[2026-01-13 10:33:16.945] MenuRegistry: Registered 'Weekly Report' in 'Time' menu (hotkey=W order=10)
[2026-01-13 10:33:16.946] ServiceContainer: Registered 'TextExportProfileManagerScreen' (singleton=False)
[2026-01-13 10:33:16.947] MenuRegistry: Registered factory for 'T2020 Export Profiles'
[2026-01-13 10:33:16.948] MenuRegistry: Registered 'T2020 Export Profiles' in 'Tools' menu (hotkey=E order=45)
[2026-01-13 10:33:16.949] ServiceContainer: Registered 'ExcelImportScreen' (singleton=False)
[2026-01-13 10:33:16.949] MenuRegistry: Registered factory for 'Import from Excel'
[2026-01-13 10:33:16.950] MenuRegistry: Registered 'Import from Excel' in 'Projects' menu (hotkey=I order=40)
[2026-01-13 10:33:16.951] ServiceContainer: Registered 'TimeListScreen' (singleton=False)
[2026-01-13 10:33:16.952] MenuRegistry: Registered factory for 'Time Tracking'
[2026-01-13 10:33:16.953] MenuRegistry: Registered 'Time Tracking' in 'Time' menu (hotkey=T order=5)
[2026-01-13 10:33:16.954] ServiceContainer: Registered 'TaskListScreen_Default' (singleton=False)
[2026-01-13 10:33:16.954] MenuRegistry: Registered factory for 'Task List'
[2026-01-13 10:33:16.955] MenuRegistry: Registered 'Task List' in 'Tasks' menu (hotkey=L order=5)
[2026-01-13 10:33:16.956] ServiceContainer: Registered 'ChecklistTemplatesFolderScreen' (singleton=False)
[2026-01-13 10:33:16.957] MenuRegistry: Registered factory for 'Checklist Templates'
[2026-01-13 10:33:16.957] MenuRegistry: Registered 'Checklist Templates' in 'Tools' menu (hotkey=H order=30)
[2026-01-13 10:33:16.958] ServiceContainer: Registered 'HelpViewScreen' (singleton=False)
[2026-01-13 10:33:16.959] MenuRegistry: Registered factory for 'Help'
[2026-01-13 10:33:16.960] MenuRegistry: Registered 'Help' in 'Help' menu (hotkey=H order=10)
[2026-01-13 10:33:16.961] ServiceContainer: Registered 'ChecklistsLauncherScreen' (singleton=False)
[2026-01-13 10:33:16.961] MenuRegistry: Registered factory for 'Checklists'
[2026-01-13 10:33:16.962] MenuRegistry: Registered 'Checklists' in 'Tools' menu (hotkey=C order=25)
[2026-01-13 10:33:16.963] ServiceContainer: Registered 'SettingsScreen' (singleton=False)
[2026-01-13 10:33:16.964] MenuRegistry: Registered factory for 'Settings'
[2026-01-13 10:33:16.965] MenuRegistry: Registered 'Settings' in 'Options' menu (hotkey=S order=20)
[2026-01-13 10:33:16.966] ServiceContainer: Registered 'NotesMenuScreen' (singleton=False)
[2026-01-13 10:33:16.966] MenuRegistry: Registered factory for 'Notes'
[2026-01-13 10:33:16.967] MenuRegistry: Registered 'Notes' in 'Tools' menu (hotkey=N order=20)
[2026-01-13 10:33:16.968] ServiceContainer: Registered 'ProjectListScreen' (singleton=False)
[2026-01-13 10:33:16.969] MenuRegistry: Registered factory for 'Project List'
[2026-01-13 10:33:16.969] MenuRegistry: Registered 'Project List' in 'Projects' menu (hotkey=L order=10)
[2026-01-13 10:33:16.970] ServiceContainer: Registered 'ThemeEditorScreen' (singleton=False)
[2026-01-13 10:33:16.971] MenuRegistry: Registered factory for 'Theme Editor'
[2026-01-13 10:33:16.972] MenuRegistry: Registered 'Theme Editor' in 'Options' menu (hotkey=T order=10)
[2026-01-13 10:33:16.973] ServiceContainer: Registered 'TimeReportScreen' (singleton=False)
[2026-01-13 10:33:16.973] MenuRegistry: Registered factory for 'Time Report'
[2026-01-13 10:33:16.974] MenuRegistry: Registered 'Time Report' in 'Time' menu (hotkey=R order=20)
[2026-01-13 10:33:16.991] ServiceContainer: Registered 'CalendarScreen' (singleton=False)
[2026-01-13 10:33:16.992] MenuRegistry: Registered factory for 'Calendar'
[2026-01-13 10:33:16.993] MenuRegistry: Registered 'Calendar' in 'Tools' menu (hotkey=A order=50)
[2026-01-13 10:33:16.994] ServiceContainer: Registered 'ExcelProfileManagerScreen' (singleton=False)
[2026-01-13 10:33:16.995] MenuRegistry: Registered factory for 'Excel Profiles'
[2026-01-13 10:33:16.995] MenuRegistry: Registered 'Excel Profiles' in 'Projects' menu (hotkey=M order=50)
[2026-01-13 10:33:16.997] ServiceContainer: Registered 'ExcelImportProfileManagerScreen' (singleton=False)
[2026-01-13 10:33:16.997] MenuRegistry: Registered factory for 'Excel Import Profiles'
[2026-01-13 10:33:16.998] MenuRegistry: Registered 'Excel Import Profiles' in 'Tools' menu (hotkey=I order=40)
[2026-01-13 10:33:20.777] ServiceContainer: Resolving 'NotesMenuScreen'...
[2026-01-13 10:33:21.015] [INFO] StandardListScreen._ConfigureListActions: Configuring actions for Notes
[2026-01-13 10:33:21.026] [INFO] StandardListScreen: Added footer shortcut D -> Delete
[2026-01-13 10:33:21.038] [INFO] StandardListScreen._ConfigureListActions: Configured 6 footer shortcuts
[2026-01-13 10:33:21.064] ServiceContainer: Resolved 'NotesMenuScreen' successfully
[2026-01-13 10:33:21.164] [INFO] StandardListScreen._ConfigureListActions: Configuring actions for Notes
[2026-01-13 10:33:21.166] [INFO] StandardListScreen: Added footer shortcut D -> Delete
[2026-01-13 10:33:21.168] [INFO] StandardListScreen._ConfigureListActions: Configured 6 footer shortcuts
[10:33:21.429] [Z-BUFFER] REJECTED at (2,7): currentZ=10 < zBuffer=20 char='T'
[10:33:21.430] [Z-BUFFER] REJECTED at (3,7): currentZ=10 < zBuffer=20 char='i'
[10:33:21.430] [Z-BUFFER] REJECTED at (4,7): currentZ=10 < zBuffer=20 char='t'
[10:33:21.431] [Z-BUFFER] REJECTED at (5,7): currentZ=10 < zBuffer=20 char='l'
[10:33:21.432] [Z-BUFFER] REJECTED at (6,7): currentZ=10 < zBuffer=20 char='e'
[10:33:21.433] [Z-BUFFER] REJECTED at (62,7): currentZ=10 < zBuffer=20 char='L'
[10:33:21.434] [Z-BUFFER] REJECTED at (63,7): currentZ=10 < zBuffer=20 char='i'
[10:33:21.435] [Z-BUFFER] REJECTED at (64,7): currentZ=10 < zBuffer=20 char='n'
[10:33:21.436] [Z-BUFFER] REJECTED at (65,7): currentZ=10 < zBuffer=20 char='e'
[10:33:21.436] [Z-BUFFER] REJECTED at (66,7): currentZ=10 < zBuffer=20 char='s'
[10:33:21.437] [Z-BUFFER] REJECTED at (70,7): currentZ=10 < zBuffer=20 char='W'
[10:33:21.438] [Z-BUFFER] REJECTED at (71,7): currentZ=10 < zBuffer=20 char='o'
[10:33:21.439] [Z-BUFFER] REJECTED at (72,7): currentZ=10 < zBuffer=20 char='r'
[10:33:21.440] [Z-BUFFER] REJECTED at (73,7): currentZ=10 < zBuffer=20 char='d'
[10:33:21.440] [Z-BUFFER] REJECTED at (74,7): currentZ=10 < zBuffer=20 char='s'
[10:33:21.442] [Z-BUFFER] REJECTED at (98,7): currentZ=10 < zBuffer=20 char='T'
[10:33:21.465] [Z-BUFFER] REJECTED at (99,7): currentZ=10 < zBuffer=20 char='a'
[10:33:21.466] [Z-BUFFER] REJECTED at (100,7): currentZ=10 < zBuffer=20 char='g'
[10:33:21.467] [Z-BUFFER] REJECTED at (101,7): currentZ=10 < zBuffer=20 char='s'
[2026-01-13 10:33:22.945] [INFO] NoteEditorScreen: Constructor called for noteId=n1
[2026-01-13 10:33:22.990] [INFO] NoteEditorScreen: Constructor complete
[2026-01-13 10:33:22.997] [INFO] NoteEditorScreen.Initialize: Called with renderEngine and container
[2026-01-13 10:33:23.106] PreferencesService: Preferences path: /home/teej/ztest/module/Pmc.Strict/.pmc-data/preferences.json
[2026-01-13 10:33:23.110] PreferencesService: No preferences file found, using defaults
[2026-01-13 10:33:23.116] [INFO] NoteEditorScreen.Initialize: Complete
[2026-01-13 10:33:30.054] [INFO] NoteEditorScreen: ESCAPE DETECTED - Auto-saving and exiting
[2026-01-13 10:33:30.058] [INFO] NoteEditorScreen.SaveNote: Saving note n1
[2026-01-13 10:33:30.102] [INFO] NoteEditorScreen: Note saved successfully
[2026-01-13 10:33:30.109] [INFO] StandardListScreen._ConfigureListActions: Configuring actions for Notes
[2026-01-13 10:33:30.110] [INFO] StandardListScreen: Added footer shortcut D -> Delete
[2026-01-13 10:33:30.110] [INFO] StandardListScreen._ConfigureListActions: Configured 6 footer shortcuts
[10:33:30.135] [Z-BUFFER] REJECTED at (2,7): currentZ=10 < zBuffer=20 char='T'
[10:33:30.136] [Z-BUFFER] REJECTED at (3,7): currentZ=10 < zBuffer=20 char='i'
[10:33:30.136] [Z-BUFFER] REJECTED at (4,7): currentZ=10 < zBuffer=20 char='t'
[10:33:30.137] [Z-BUFFER] REJECTED at (5,7): currentZ=10 < zBuffer=20 char='l'
[10:33:30.137] [Z-BUFFER] REJECTED at (6,7): currentZ=10 < zBuffer=20 char='e'
[10:33:30.137] [Z-BUFFER] REJECTED at (62,7): currentZ=10 < zBuffer=20 char='L'
[10:33:30.138] [Z-BUFFER] REJECTED at (63,7): currentZ=10 < zBuffer=20 char='i'
[10:33:30.138] [Z-BUFFER] REJECTED at (64,7): currentZ=10 < zBuffer=20 char='n'
[10:33:30.139] [Z-BUFFER] REJECTED at (65,7): currentZ=10 < zBuffer=20 char='e'
[10:33:30.139] [Z-BUFFER] REJECTED at (66,7): currentZ=10 < zBuffer=20 char='s'
[10:33:30.139] [Z-BUFFER] REJECTED at (70,7): currentZ=10 < zBuffer=20 char='W'
[10:33:30.140] [Z-BUFFER] REJECTED at (71,7): currentZ=10 < zBuffer=20 char='o'
[10:33:30.140] [Z-BUFFER] REJECTED at (72,7): currentZ=10 < zBuffer=20 char='r'
[10:33:30.140] [Z-BUFFER] REJECTED at (73,7): currentZ=10 < zBuffer=20 char='d'
[10:33:30.141] [Z-BUFFER] REJECTED at (74,7): currentZ=10 < zBuffer=20 char='s'
[10:33:30.141] [Z-BUFFER] REJECTED at (98,7): currentZ=10 < zBuffer=20 char='T'
[10:33:30.142] [Z-BUFFER] REJECTED at (99,7): currentZ=10 < zBuffer=20 char='a'
[10:33:30.142] [Z-BUFFER] REJECTED at (100,7): currentZ=10 < zBuffer=20 char='g'
[10:33:30.142] [Z-BUFFER] REJECTED at (101,7): currentZ=10 < zBuffer=20 char='s'
[2026-01-13 10:33:30.907] [INFO] NoteEditorScreen: Constructor called for noteId=n1
[2026-01-13 10:33:30.914] [INFO] NoteEditorScreen: Constructor complete
[2026-01-13 10:33:30.915] [INFO] NoteEditorScreen.Initialize: Called with renderEngine and container
[2026-01-13 10:33:30.920] [INFO] NoteEditorScreen.Initialize: Complete
[2026-01-13 10:33:35.950] [INFO] NoteEditorScreen: ESCAPE DETECTED - Auto-saving and exiting
[2026-01-13 10:33:35.955] [INFO] StandardListScreen._ConfigureListActions: Configuring actions for Notes
[2026-01-13 10:33:35.956] [INFO] StandardListScreen: Added footer shortcut D -> Delete
[2026-01-13 10:33:35.958] [INFO] StandardListScreen._ConfigureListActions: Configured 6 footer shortcuts
[10:33:36.000] [Z-BUFFER] REJECTED at (2,7): currentZ=10 < zBuffer=20 char='T'
[10:33:36.001] [Z-BUFFER] REJECTED at (3,7): currentZ=10 < zBuffer=20 char='i'
[10:33:36.001] [Z-BUFFER] REJECTED at (4,7): currentZ=10 < zBuffer=20 char='t'
[10:33:36.002] [Z-BUFFER] REJECTED at (5,7): currentZ=10 < zBuffer=20 char='l'
[10:33:36.002] [Z-BUFFER] REJECTED at (6,7): currentZ=10 < zBuffer=20 char='e'
[10:33:36.002] [Z-BUFFER] REJECTED at (62,7): currentZ=10 < zBuffer=20 char='L'
[10:33:36.003] [Z-BUFFER] REJECTED at (63,7): currentZ=10 < zBuffer=20 char='i'
[10:33:36.003] [Z-BUFFER] REJECTED at (64,7): currentZ=10 < zBuffer=20 char='n'
[10:33:36.003] [Z-BUFFER] REJECTED at (65,7): currentZ=10 < zBuffer=20 char='e'
[10:33:36.004] [Z-BUFFER] REJECTED at (66,7): currentZ=10 < zBuffer=20 char='s'
[10:33:36.004] [Z-BUFFER] REJECTED at (70,7): currentZ=10 < zBuffer=20 char='W'
[10:33:36.004] [Z-BUFFER] REJECTED at (71,7): currentZ=10 < zBuffer=20 char='o'
[10:33:36.005] [Z-BUFFER] REJECTED at (72,7): currentZ=10 < zBuffer=20 char='r'
[10:33:36.005] [Z-BUFFER] REJECTED at (73,7): currentZ=10 < zBuffer=20 char='d'
[10:33:36.005] [Z-BUFFER] REJECTED at (74,7): currentZ=10 < zBuffer=20 char='s'
[10:33:36.006] [Z-BUFFER] REJECTED at (98,7): currentZ=10 < zBuffer=20 char='T'
[10:33:36.006] [Z-BUFFER] REJECTED at (99,7): currentZ=10 < zBuffer=20 char='a'
[10:33:36.006] [Z-BUFFER] REJECTED at (100,7): currentZ=10 < zBuffer=20 char='g'
[10:33:36.006] [Z-BUFFER] REJECTED at (101,7): currentZ=10 < zBuffer=20 char='s'
[10:33:39.119] [Z-BUFFER] REJECTED at (2,7): currentZ=10 < zBuffer=20 char='T'
[10:33:39.120] [Z-BUFFER] REJECTED at (3,7): currentZ=10 < zBuffer=20 char='i'
[10:33:39.120] [Z-BUFFER] REJECTED at (4,7): currentZ=10 < zBuffer=20 char='t'
[10:33:39.121] [Z-BUFFER] REJECTED at (5,7): currentZ=10 < zBuffer=20 char='l'
[10:33:39.122] [Z-BUFFER] REJECTED at (6,7): currentZ=10 < zBuffer=20 char='e'
[10:33:39.122] [Z-BUFFER] REJECTED at (62,7): currentZ=10 < zBuffer=20 char='L'
[10:33:39.123] [Z-BUFFER] REJECTED at (63,7): currentZ=10 < zBuffer=20 char='i'
[10:33:39.123] [Z-BUFFER] REJECTED at (64,7): currentZ=10 < zBuffer=20 char='n'
[10:33:39.124] [Z-BUFFER] REJECTED at (65,7): currentZ=10 < zBuffer=20 char='e'
[10:33:39.124] [Z-BUFFER] REJECTED at (66,7): currentZ=10 < zBuffer=20 char='s'
[10:33:39.126] [Z-BUFFER] REJECTED at (70,7): currentZ=10 < zBuffer=20 char='W'
[10:33:39.126] [Z-BUFFER] REJECTED at (71,7): currentZ=10 < zBuffer=20 char='o'
[10:33:39.126] [Z-BUFFER] REJECTED at (72,7): currentZ=10 < zBuffer=20 char='r'
[10:33:39.127] [Z-BUFFER] REJECTED at (73,7): currentZ=10 < zBuffer=20 char='d'
[10:33:39.127] [Z-BUFFER] REJECTED at (74,7): currentZ=10 < zBuffer=20 char='s'
[10:33:39.127] [Z-BUFFER] REJECTED at (98,7): currentZ=10 < zBuffer=20 char='T'
[10:33:39.128] [Z-BUFFER] REJECTED at (99,7): currentZ=10 < zBuffer=20 char='a'
[10:33:39.128] [Z-BUFFER] REJECTED at (100,7): currentZ=10 < zBuffer=20 char='g'
[10:33:39.128] [Z-BUFFER] REJECTED at (101,7): currentZ=10 < zBuffer=20 char='s'
[10:33:40.617] [Z-BUFFER] REJECTED at (2,7): currentZ=10 < zBuffer=20 char='T'
[10:33:40.617] [Z-BUFFER] REJECTED at (3,7): currentZ=10 < zBuffer=20 char='i'
[10:33:40.618] [Z-BUFFER] REJECTED at (4,7): currentZ=10 < zBuffer=20 char='t'
[10:33:40.619] [Z-BUFFER] REJECTED at (5,7): currentZ=10 < zBuffer=20 char='l'
[10:33:40.622] [Z-BUFFER] REJECTED at (6,7): currentZ=10 < zBuffer=20 char='e'
[10:33:40.623] [Z-BUFFER] REJECTED at (62,7): currentZ=10 < zBuffer=20 char='L'
[10:33:40.624] [Z-BUFFER] REJECTED at (63,7): currentZ=10 < zBuffer=20 char='i'
[10:33:40.624] [Z-BUFFER] REJECTED at (64,7): currentZ=10 < zBuffer=20 char='n'
[10:33:40.625] [Z-BUFFER] REJECTED at (65,7): currentZ=10 < zBuffer=20 char='e'
[10:33:40.625] [Z-BUFFER] REJECTED at (66,7): currentZ=10 < zBuffer=20 char='s'
[10:33:40.626] [Z-BUFFER] REJECTED at (70,7): currentZ=10 < zBuffer=20 char='W'
[10:33:40.626] [Z-BUFFER] REJECTED at (71,7): currentZ=10 < zBuffer=20 char='o'
[10:33:40.627] [Z-BUFFER] REJECTED at (72,7): currentZ=10 < zBuffer=20 char='r'
[10:33:40.628] [Z-BUFFER] REJECTED at (73,7): currentZ=10 < zBuffer=20 char='d'
[10:33:40.628] [Z-BUFFER] REJECTED at (74,7): currentZ=10 < zBuffer=20 char='s'
[10:33:40.629] [Z-BUFFER] REJECTED at (98,7): currentZ=10 < zBuffer=20 char='T'
[10:33:40.629] [Z-BUFFER] REJECTED at (99,7): currentZ=10 < zBuffer=20 char='a'
[10:33:40.630] [Z-BUFFER] REJECTED at (100,7): currentZ=10 < zBuffer=20 char='g'
[10:33:40.630] [Z-BUFFER] REJECTED at (101,7): currentZ=10 < zBuffer=20 char='s'
[10:33:40.758] [Z-BUFFER] REJECTED at (2,7): currentZ=10 < zBuffer=20 char='T'
[10:33:40.758] [Z-BUFFER] REJECTED at (3,7): currentZ=10 < zBuffer=20 char='i'
[10:33:40.759] [Z-BUFFER] REJECTED at (4,7): currentZ=10 < zBuffer=20 char='t'
[10:33:40.759] [Z-BUFFER] REJECTED at (5,7): currentZ=10 < zBuffer=20 char='l'
[10:33:40.761] [Z-BUFFER] REJECTED at (6,7): currentZ=10 < zBuffer=20 char='e'
[10:33:40.761] [Z-BUFFER] REJECTED at (62,7): currentZ=10 < zBuffer=20 char='L'
[10:33:40.762] [Z-BUFFER] REJECTED at (63,7): currentZ=10 < zBuffer=20 char='i'
[10:33:40.762] [Z-BUFFER] REJECTED at (64,7): currentZ=10 < zBuffer=20 char='n'
[10:33:40.763] [Z-BUFFER] REJECTED at (65,7): currentZ=10 < zBuffer=20 char='e'
[10:33:40.763] [Z-BUFFER] REJECTED at (66,7): currentZ=10 < zBuffer=20 char='s'
[10:33:40.764] [Z-BUFFER] REJECTED at (70,7): currentZ=10 < zBuffer=20 char='W'
[10:33:40.765] [Z-BUFFER] REJECTED at (71,7): currentZ=10 < zBuffer=20 char='o'
[10:33:40.765] [Z-BUFFER] REJECTED at (72,7): currentZ=10 < zBuffer=20 char='r'
[10:33:40.766] [Z-BUFFER] REJECTED at (73,7): currentZ=10 < zBuffer=20 char='d'
[10:33:40.766] [Z-BUFFER] REJECTED at (74,7): currentZ=10 < zBuffer=20 char='s'
[10:33:40.767] [Z-BUFFER] REJECTED at (98,7): currentZ=10 < zBuffer=20 char='T'
[10:33:40.768] [Z-BUFFER] REJECTED at (99,7): currentZ=10 < zBuffer=20 char='a'
[10:33:40.768] [Z-BUFFER] REJECTED at (100,7): currentZ=10 < zBuffer=20 char='g'
[10:33:40.771] [Z-BUFFER] REJECTED at (101,7): currentZ=10 < zBuffer=20 char='s'
[10:33:42.320] [Z-BUFFER] REJECTED at (2,7): currentZ=10 < zBuffer=20 char='T'
[10:33:42.321] [Z-BUFFER] REJECTED at (3,7): currentZ=10 < zBuffer=20 char='i'
[10:33:42.321] [Z-BUFFER] REJECTED at (4,7): currentZ=10 < zBuffer=20 char='t'
[10:33:42.322] [Z-BUFFER] REJECTED at (5,7): currentZ=10 < zBuffer=20 char='l'
[10:33:42.323] [Z-BUFFER] REJECTED at (6,7): currentZ=10 < zBuffer=20 char='e'
[10:33:42.323] [Z-BUFFER] REJECTED at (62,7): currentZ=10 < zBuffer=20 char='L'
[10:33:42.324] [Z-BUFFER] REJECTED at (63,7): currentZ=10 < zBuffer=20 char='i'
[10:33:42.324] [Z-BUFFER] REJECTED at (64,7): currentZ=10 < zBuffer=20 char='n'
[10:33:42.325] [Z-BUFFER] REJECTED at (65,7): currentZ=10 < zBuffer=20 char='e'
[10:33:42.326] [Z-BUFFER] REJECTED at (66,7): currentZ=10 < zBuffer=20 char='s'
[10:33:42.326] [Z-BUFFER] REJECTED at (70,7): currentZ=10 < zBuffer=20 char='W'
[10:33:42.327] [Z-BUFFER] REJECTED at (71,7): currentZ=10 < zBuffer=20 char='o'
[10:33:42.328] [Z-BUFFER] REJECTED at (72,7): currentZ=10 < zBuffer=20 char='r'
[10:33:42.328] [Z-BUFFER] REJECTED at (73,7): currentZ=10 < zBuffer=20 char='d'
[10:33:42.329] [Z-BUFFER] REJECTED at (74,7): currentZ=10 < zBuffer=20 char='s'
[10:33:42.330] [Z-BUFFER] REJECTED at (98,7): currentZ=10 < zBuffer=20 char='T'
[10:33:42.330] [Z-BUFFER] REJECTED at (99,7): currentZ=10 < zBuffer=20 char='a'
[10:33:42.331] [Z-BUFFER] REJECTED at (100,7): currentZ=10 < zBuffer=20 char='g'
[10:33:42.331] [Z-BUFFER] REJECTED at (101,7): currentZ=10 < zBuffer=20 char='s'
[10:33:42.579] [Z-BUFFER] REJECTED at (2,7): currentZ=10 < zBuffer=20 char='T'
[10:33:42.580] [Z-BUFFER] REJECTED at (3,7): currentZ=10 < zBuffer=20 char='i'
[10:33:42.580] [Z-BUFFER] REJECTED at (4,7): currentZ=10 < zBuffer=20 char='t'
[10:33:42.581] [Z-BUFFER] REJECTED at (5,7): currentZ=10 < zBuffer=20 char='l'
[10:33:42.581] [Z-BUFFER] REJECTED at (6,7): currentZ=10 < zBuffer=20 char='e'
[10:33:42.582] [Z-BUFFER] REJECTED at (62,7): currentZ=10 < zBuffer=20 char='L'
[10:33:42.583] [Z-BUFFER] REJECTED at (63,7): currentZ=10 < zBuffer=20 char='i'
[10:33:42.583] [Z-BUFFER] REJECTED at (64,7): currentZ=10 < zBuffer=20 char='n'
[10:33:42.584] [Z-BUFFER] REJECTED at (65,7): currentZ=10 < zBuffer=20 char='e'
[10:33:42.586] [Z-BUFFER] REJECTED at (66,7): currentZ=10 < zBuffer=20 char='s'
[10:33:42.587] [Z-BUFFER] REJECTED at (70,7): currentZ=10 < zBuffer=20 char='W'
[10:33:42.587] [Z-BUFFER] REJECTED at (71,7): currentZ=10 < zBuffer=20 char='o'
[10:33:42.588] [Z-BUFFER] REJECTED at (72,7): currentZ=10 < zBuffer=20 char='r'
[10:33:42.588] [Z-BUFFER] REJECTED at (73,7): currentZ=10 < zBuffer=20 char='d'
[10:33:42.588] [Z-BUFFER] REJECTED at (74,7): currentZ=10 < zBuffer=20 char='s'
[10:33:42.589] [Z-BUFFER] REJECTED at (98,7): currentZ=10 < zBuffer=20 char='T'
[10:33:42.589] [Z-BUFFER] REJECTED at (99,7): currentZ=10 < zBuffer=20 char='a'
[10:33:42.589] [Z-BUFFER] REJECTED at (100,7): currentZ=10 < zBuffer=20 char='g'
[10:33:42.590] [Z-BUFFER] REJECTED at (101,7): currentZ=10 < zBuffer=20 char='s'
[2026-01-13 10:33:43.498] ServiceContainer: Resolving 'ThemeEditorScreen'...
[2026-01-13 10:33:43.543] ServiceContainer: Resolved 'ThemeEditorScreen' successfully
[2026-01-13 10:33:47.381] RequestRender called from: Invoke-ThemeHotReload at line 74
[2026-01-13 10:34:01.172] RequestRender called from: Invoke-ThemeHotReload at line 74
[2026-01-13 10:34:08.604] ServiceContainer: Resolving 'SettingsScreen'...
[2026-01-13 10:34:08.647] ServiceContainer: Resolved 'SettingsScreen' successfully
[2026-01-13 10:34:33.652] ServiceContainer: Resolving 'TaskListScreen_Default'...
[2026-01-13 10:34:33.693] [INFO] StandardListScreen._ConfigureListActions: Configuring actions for Tasks
[2026-01-13 10:34:33.696] [INFO] StandardListScreen: Added footer shortcut D -> Delete
[2026-01-13 10:34:33.699] [INFO] StandardListScreen._ConfigureListActions: Configured 16 footer shortcuts
[2026-01-13 10:34:33.754] _PopulateMenusFromRegistry: Menu 'Tools' has 7 items from registry (array)
[2026-01-13 10:34:33.759] _PopulateMenusFromRegistry: Menu 'Tasks' has 1 items from registry (array)
[2026-01-13 10:34:33.759] _PopulateMenusFromRegistry: Menu 'Help' has 1 items from registry (array)
[2026-01-13 10:34:33.760] _PopulateMenusFromRegistry: Menu 'Projects' has 3 items from registry (array)
[2026-01-13 10:34:33.761] _PopulateMenusFromRegistry: Menu 'Options' has 2 items from registry (array)
[2026-01-13 10:34:33.763] _PopulateMenusFromRegistry: Menu 'Time' has 3 items from registry (array)
[2026-01-13 10:34:33.764] ServiceContainer: Resolved 'TaskListScreen_Default' successfully
[2026-01-13 10:34:33.817] [INFO] StandardListScreen._ConfigureListActions: Configuring actions for Tasks
[2026-01-13 10:34:33.817] [INFO] StandardListScreen: Added footer shortcut D -> Delete
[2026-01-13 10:34:33.818] [INFO] StandardListScreen._ConfigureListActions: Configured 16 footer shortcuts
[10:34:33.981] [Z-BUFFER] REJECTED at (4,4): currentZ=10 < zBuffer=20 char='T'
[10:34:33.981] [Z-BUFFER] REJECTED at (5,4): currentZ=10 < zBuffer=20 char='a'
[10:34:33.982] [Z-BUFFER] REJECTED at (6,4): currentZ=10 < zBuffer=20 char='s'
[10:34:33.982] [Z-BUFFER] REJECTED at (7,4): currentZ=10 < zBuffer=20 char='k'
[10:34:33.982] [Z-BUFFER] REJECTED at (27,4): currentZ=10 < zBuffer=20 char='D'
[10:34:33.982] [Z-BUFFER] REJECTED at (28,4): currentZ=10 < zBuffer=20 char='u'
[10:34:33.983] [Z-BUFFER] REJECTED at (29,4): currentZ=10 < zBuffer=20 char='e'
[10:34:33.983] [Z-BUFFER] REJECTED at (49,4): currentZ=10 < zBuffer=20 char='T'
[10:34:33.983] [Z-BUFFER] REJECTED at (50,4): currentZ=10 < zBuffer=20 char='a'
[10:34:33.984] [Z-BUFFER] REJECTED at (51,4): currentZ=10 < zBuffer=20 char='g'
[10:34:33.984] [Z-BUFFER] REJECTED at (52,4): currentZ=10 < zBuffer=20 char='s'
[10:34:35.309] [Z-BUFFER] REJECTED at (4,4): currentZ=10 < zBuffer=20 char='T'
[10:34:35.309] [Z-BUFFER] REJECTED at (5,4): currentZ=10 < zBuffer=20 char='a'
[10:34:35.309] [Z-BUFFER] REJECTED at (6,4): currentZ=10 < zBuffer=20 char='s'
[10:34:35.310] [Z-BUFFER] REJECTED at (7,4): currentZ=10 < zBuffer=20 char='k'
[10:34:35.310] [Z-BUFFER] REJECTED at (27,4): currentZ=10 < zBuffer=20 char='D'
[10:34:35.310] [Z-BUFFER] REJECTED at (28,4): currentZ=10 < zBuffer=20 char='u'
[10:34:35.310] [Z-BUFFER] REJECTED at (29,4): currentZ=10 < zBuffer=20 char='e'
[10:34:35.311] [Z-BUFFER] REJECTED at (49,4): currentZ=10 < zBuffer=20 char='T'
[10:34:35.311] [Z-BUFFER] REJECTED at (50,4): currentZ=10 < zBuffer=20 char='a'
[10:34:35.311] [Z-BUFFER] REJECTED at (51,4): currentZ=10 < zBuffer=20 char='g'
[10:34:35.312] [Z-BUFFER] REJECTED at (52,4): currentZ=10 < zBuffer=20 char='s'
[10:34:35.971] [Z-BUFFER] REJECTED at (4,4): currentZ=10 < zBuffer=20 char='T'
[10:34:35.971] [Z-BUFFER] REJECTED at (5,4): currentZ=10 < zBuffer=20 char='a'
[10:34:35.972] [Z-BUFFER] REJECTED at (6,4): currentZ=10 < zBuffer=20 char='s'
[10:34:35.973] [Z-BUFFER] REJECTED at (7,4): currentZ=10 < zBuffer=20 char='k'
[10:34:35.973] [Z-BUFFER] REJECTED at (27,4): currentZ=10 < zBuffer=20 char='D'
[10:34:35.974] [Z-BUFFER] REJECTED at (28,4): currentZ=10 < zBuffer=20 char='u'
[10:34:35.975] [Z-BUFFER] REJECTED at (29,4): currentZ=10 < zBuffer=20 char='e'
[10:34:35.976] [Z-BUFFER] REJECTED at (49,4): currentZ=10 < zBuffer=20 char='T'
[10:34:35.977] [Z-BUFFER] REJECTED at (50,4): currentZ=10 < zBuffer=20 char='a'
[10:34:35.977] [Z-BUFFER] REJECTED at (51,4): currentZ=10 < zBuffer=20 char='g'
[10:34:35.978] [Z-BUFFER] REJECTED at (52,4): currentZ=10 < zBuffer=20 char='s'
[10:34:36.126] [Z-BUFFER] REJECTED at (4,4): currentZ=10 < zBuffer=20 char='T'
[10:34:36.127] [Z-BUFFER] REJECTED at (5,4): currentZ=10 < zBuffer=20 char='a'
[10:34:36.127] [Z-BUFFER] REJECTED at (6,4): currentZ=10 < zBuffer=20 char='s'
[10:34:36.128] [Z-BUFFER] REJECTED at (7,4): currentZ=10 < zBuffer=20 char='k'
[10:34:36.128] [Z-BUFFER] REJECTED at (27,4): currentZ=10 < zBuffer=20 char='D'
[10:34:36.129] [Z-BUFFER] REJECTED at (28,4): currentZ=10 < zBuffer=20 char='u'
[10:34:36.129] [Z-BUFFER] REJECTED at (29,4): currentZ=10 < zBuffer=20 char='e'
[10:34:36.130] [Z-BUFFER] REJECTED at (49,4): currentZ=10 < zBuffer=20 char='T'
[10:34:36.130] [Z-BUFFER] REJECTED at (50,4): currentZ=10 < zBuffer=20 char='a'
[10:34:36.131] [Z-BUFFER] REJECTED at (51,4): currentZ=10 < zBuffer=20 char='g'
[10:34:36.131] [Z-BUFFER] REJECTED at (52,4): currentZ=10 < zBuffer=20 char='s'
[10:34:36.579] [Z-BUFFER] REJECTED at (4,4): currentZ=10 < zBuffer=20 char='T'
[10:34:36.579] [Z-BUFFER] REJECTED at (5,4): currentZ=10 < zBuffer=20 char='a'
[10:34:36.580] [Z-BUFFER] REJECTED at (6,4): currentZ=10 < zBuffer=20 char='s'
[10:34:36.581] [Z-BUFFER] REJECTED at (7,4): currentZ=10 < zBuffer=20 char='k'
[10:34:36.582] [Z-BUFFER] REJECTED at (27,4): currentZ=10 < zBuffer=20 char='D'
[10:34:36.582] [Z-BUFFER] REJECTED at (28,4): currentZ=10 < zBuffer=20 char='u'
[10:34:36.583] [Z-BUFFER] REJECTED at (29,4): currentZ=10 < zBuffer=20 char='e'
[10:34:36.584] [Z-BUFFER] REJECTED at (49,4): currentZ=10 < zBuffer=20 char='T'
[10:34:36.585] [Z-BUFFER] REJECTED at (50,4): currentZ=10 < zBuffer=20 char='a'
[10:34:36.586] [Z-BUFFER] REJECTED at (51,4): currentZ=10 < zBuffer=20 char='g'
[10:34:36.587] [Z-BUFFER] REJECTED at (52,4): currentZ=10 < zBuffer=20 char='s'
[10:34:37.325] [Z-BUFFER] REJECTED at (4,4): currentZ=10 < zBuffer=20 char='T'
[10:34:37.326] [Z-BUFFER] REJECTED at (5,4): currentZ=10 < zBuffer=20 char='a'
[10:34:37.327] [Z-BUFFER] REJECTED at (6,4): currentZ=10 < zBuffer=20 char='s'
[10:34:37.327] [Z-BUFFER] REJECTED at (7,4): currentZ=10 < zBuffer=20 char='k'
[10:34:37.328] [Z-BUFFER] REJECTED at (27,4): currentZ=10 < zBuffer=20 char='D'
[10:34:37.328] [Z-BUFFER] REJECTED at (28,4): currentZ=10 < zBuffer=20 char='u'
[10:34:37.329] [Z-BUFFER] REJECTED at (29,4): currentZ=10 < zBuffer=20 char='e'
[10:34:37.330] [Z-BUFFER] REJECTED at (49,4): currentZ=10 < zBuffer=20 char='T'
[10:34:37.330] [Z-BUFFER] REJECTED at (50,4): currentZ=10 < zBuffer=20 char='a'
[10:34:37.331] [Z-BUFFER] REJECTED at (51,4): currentZ=10 < zBuffer=20 char='g'
[10:34:37.331] [Z-BUFFER] REJECTED at (52,4): currentZ=10 < zBuffer=20 char='s'
[10:34:37.519] [Z-BUFFER] REJECTED at (4,4): currentZ=10 < zBuffer=20 char='T'
[10:34:37.520] [Z-BUFFER] REJECTED at (5,4): currentZ=10 < zBuffer=20 char='a'
[10:34:37.520] [Z-BUFFER] REJECTED at (6,4): currentZ=10 < zBuffer=20 char='s'
[10:34:37.521] [Z-BUFFER] REJECTED at (7,4): currentZ=10 < zBuffer=20 char='k'
[10:34:37.522] [Z-BUFFER] REJECTED at (27,4): currentZ=10 < zBuffer=20 char='D'
[10:34:37.522] [Z-BUFFER] REJECTED at (28,4): currentZ=10 < zBuffer=20 char='u'
[10:34:37.523] [Z-BUFFER] REJECTED at (29,4): currentZ=10 < zBuffer=20 char='e'
[10:34:37.523] [Z-BUFFER] REJECTED at (49,4): currentZ=10 < zBuffer=20 char='T'
[10:34:37.524] [Z-BUFFER] REJECTED at (50,4): currentZ=10 < zBuffer=20 char='a'
[10:34:37.524] [Z-BUFFER] REJECTED at (51,4): currentZ=10 < zBuffer=20 char='g'
[10:34:37.525] [Z-BUFFER] REJECTED at (52,4): currentZ=10 < zBuffer=20 char='s'
[10:34:37.660] [Z-BUFFER] REJECTED at (4,4): currentZ=10 < zBuffer=20 char='T'
[10:34:37.661] [Z-BUFFER] REJECTED at (5,4): currentZ=10 < zBuffer=20 char='a'
[10:34:37.661] [Z-BUFFER] REJECTED at (6,4): currentZ=10 < zBuffer=20 char='s'
[10:34:37.662] [Z-BUFFER] REJECTED at (7,4): currentZ=10 < zBuffer=20 char='k'
[10:34:37.663] [Z-BUFFER] REJECTED at (27,4): currentZ=10 < zBuffer=20 char='D'
[10:34:37.663] [Z-BUFFER] REJECTED at (28,4): currentZ=10 < zBuffer=20 char='u'
[10:34:37.664] [Z-BUFFER] REJECTED at (29,4): currentZ=10 < zBuffer=20 char='e'
[10:34:37.665] [Z-BUFFER] REJECTED at (49,4): currentZ=10 < zBuffer=20 char='T'
[10:34:37.665] [Z-BUFFER] REJECTED at (50,4): currentZ=10 < zBuffer=20 char='a'
[10:34:37.666] [Z-BUFFER] REJECTED at (51,4): currentZ=10 < zBuffer=20 char='g'
[10:34:37.666] [Z-BUFFER] REJECTED at (52,4): currentZ=10 < zBuffer=20 char='s'
[10:34:37.804] [Z-BUFFER] REJECTED at (4,4): currentZ=10 < zBuffer=20 char='T'
[10:34:37.805] [Z-BUFFER] REJECTED at (5,4): currentZ=10 < zBuffer=20 char='a'
[10:34:37.806] [Z-BUFFER] REJECTED at (6,4): currentZ=10 < zBuffer=20 char='s'
[10:34:37.806] [Z-BUFFER] REJECTED at (7,4): currentZ=10 < zBuffer=20 char='k'
[10:34:37.807] [Z-BUFFER] REJECTED at (27,4): currentZ=10 < zBuffer=20 char='D'
[10:34:37.807] [Z-BUFFER] REJECTED at (28,4): currentZ=10 < zBuffer=20 char='u'
[10:34:37.808] [Z-BUFFER] REJECTED at (29,4): currentZ=10 < zBuffer=20 char='e'
[10:34:37.808] [Z-BUFFER] REJECTED at (49,4): currentZ=10 < zBuffer=20 char='T'
[10:34:37.809] [Z-BUFFER] REJECTED at (50,4): currentZ=10 < zBuffer=20 char='a'
[10:34:37.810] [Z-BUFFER] REJECTED at (51,4): currentZ=10 < zBuffer=20 char='g'
[10:34:37.810] [Z-BUFFER] REJECTED at (52,4): currentZ=10 < zBuffer=20 char='s'
