[2026-01-08 10:08:32.627] ServiceContainer: Registered 'Theme' (singleton=True)
[2026-01-08 10:08:32.630] ServiceContainer: Registered 'ThemeManager' (singleton=True)
[2026-01-08 10:08:32.631] ServiceContainer: Registered 'Config' (singleton=True)
[2026-01-08 10:08:32.632] ServiceContainer: Registered 'TaskStore' (singleton=True)
[2026-01-08 10:08:32.633] ServiceContainer: Registered 'MenuRegistry' (singleton=True)
[2026-01-08 10:08:32.634] ServiceContainer: Registered 'Application' (singleton=True)
[2026-01-08 10:08:32.635] ServiceContainer: Registered 'CommandService' (singleton=True)
[2026-01-08 10:08:32.636] ServiceContainer: Registered 'ChecklistService' (singleton=True)
[2026-01-08 10:08:32.637] ServiceContainer: Registered 'NoteService' (singleton=True)
[2026-01-08 10:08:32.638] ServiceContainer: Registered 'ExcelMappingService' (singleton=True)
[2026-01-08 10:08:32.639] ServiceContainer: Registered 'ExcelCopyService' (singleton=True)
[2026-01-08 10:08:32.640] ServiceContainer: Registered 'PreferencesService' (singleton=True)
[2026-01-08 10:08:32.641] ServiceContainer: Registered 'ExcelImportService' (singleton=True)
[2026-01-08 10:08:32.642] ServiceContainer: Registered 'TextExportService' (singleton=True)
[2026-01-08 10:08:32.642] ServiceContainer: Registered 'TaskListScreen' (singleton=False)
[2026-01-08 10:08:32.657] ServiceContainer: Resolving 'Application'...
[2026-01-08 10:08:32.658] ServiceContainer: Resolving 'Theme'...
[2026-01-08 10:08:32.829] ServiceContainer: Resolved 'Theme' successfully
[2026-01-08 10:08:32.907] ServiceContainer: Resolving 'ThemeManager'...
[2026-01-08 10:08:32.908] ServiceContainer: Resolved 'ThemeManager' successfully
[2026-01-08 10:08:32.920] ServiceContainer: Resolved 'Application' successfully
[2026-01-08 10:08:32.921] ServiceContainer: Resolving 'MenuRegistry'...
[2026-01-08 10:08:32.931] ServiceContainer: Resolved 'MenuRegistry' successfully
[2026-01-08 10:08:32.947] MenuRegistry: Loaded manifest with 16 entries
[2026-01-08 10:08:32.970] ServiceContainer: Registered 'ChecklistsLauncherScreen' (singleton=False)
[2026-01-08 10:08:32.971] MenuRegistry: Registered 'Checklists' in 'Tools' menu (hotkey=C order=25)
[2026-01-08 10:08:32.983] MenuRegistry: Registered 'Checklists' in 'Tools' menu (hotkey=C order=25)
[2026-01-08 10:08:32.985] ServiceContainer: Registered 'CommandLibraryScreen' (singleton=False)
[2026-01-08 10:08:32.986] MenuRegistry: Registered 'Command Library' in 'Tools' menu (hotkey=L order=10)
[2026-01-08 10:08:32.988] MenuRegistry: Registered 'Command Library' in 'Tools' menu (hotkey=L order=10)
[2026-01-08 10:08:32.989] ServiceContainer: Registered 'WeeklyTimeReportScreen' (singleton=False)
[2026-01-08 10:08:32.990] MenuRegistry: Registered 'Weekly Report' in 'Time' menu (hotkey=W order=10)
[2026-01-08 10:08:32.991] MenuRegistry: Registered 'Weekly Report' in 'Time' menu (hotkey=W order=10)
[2026-01-08 10:08:32.992] ServiceContainer: Registered 'TaskListScreen_Default' (singleton=False)
[2026-01-08 10:08:32.993] MenuRegistry: Registered 'Task List' in 'Tasks' menu (hotkey=L order=5)
[2026-01-08 10:08:33.000] MenuRegistry: Registered 'Task List' in 'Tasks' menu (hotkey=L order=5)
[2026-01-08 10:08:33.002] ServiceContainer: Registered 'ExcelImportScreen' (singleton=False)
[2026-01-08 10:08:33.003] MenuRegistry: Registered 'Import from Excel' in 'Projects' menu (hotkey=I order=40)
[2026-01-08 10:08:33.004] MenuRegistry: Registered 'Import from Excel' in 'Projects' menu (hotkey=I order=40)
[2026-01-08 10:08:33.005] ServiceContainer: Registered 'TimeReportScreen' (singleton=False)
[2026-01-08 10:08:33.006] MenuRegistry: Registered 'Time Report' in 'Time' menu (hotkey=R order=20)
[2026-01-08 10:08:33.007] MenuRegistry: Registered 'Time Report' in 'Time' menu (hotkey=R order=20)
[2026-01-08 10:08:33.008] ServiceContainer: Registered 'ProjectListScreen' (singleton=False)
[2026-01-08 10:08:33.009] MenuRegistry: Registered 'Project List' in 'Projects' menu (hotkey=L order=10)
[2026-01-08 10:08:33.010] MenuRegistry: Registered 'Project List' in 'Projects' menu (hotkey=L order=10)
[2026-01-08 10:08:33.011] ServiceContainer: Registered 'HelpViewScreen' (singleton=False)
[2026-01-08 10:08:33.012] MenuRegistry: Registered 'Help' in 'Help' menu (hotkey=H order=10)
[2026-01-08 10:08:33.013] MenuRegistry: Registered 'Help' in 'Help' menu (hotkey=H order=10)
[2026-01-08 10:08:33.015] ServiceContainer: Registered 'TextExportProfileManagerScreen' (singleton=False)
[2026-01-08 10:08:33.016] MenuRegistry: Registered 'T2020 Export Profiles' in 'Tools' menu (hotkey=E order=45)
[2026-01-08 10:08:33.017] MenuRegistry: Registered 'T2020 Export Profiles' in 'Tools' menu (hotkey=E order=45)
[2026-01-08 10:08:33.018] ServiceContainer: Registered 'SettingsScreen' (singleton=False)
[2026-01-08 10:08:33.019] MenuRegistry: Registered 'Settings' in 'Options' menu (hotkey=S order=20)
[2026-01-08 10:08:33.020] MenuRegistry: Registered 'Settings' in 'Options' menu (hotkey=S order=20)
[2026-01-08 10:08:33.022] ServiceContainer: Registered 'ExcelProfileManagerScreen' (singleton=False)
[2026-01-08 10:08:33.022] MenuRegistry: Registered 'Excel Profiles' in 'Projects' menu (hotkey=M order=50)
[2026-01-08 10:08:33.024] MenuRegistry: Registered 'Excel Profiles' in 'Projects' menu (hotkey=M order=50)
[2026-01-08 10:08:33.025] ServiceContainer: Registered 'TimeListScreen' (singleton=False)
[2026-01-08 10:08:33.026] MenuRegistry: Registered 'Time Tracking' in 'Time' menu (hotkey=T order=5)
[2026-01-08 10:08:33.027] MenuRegistry: Registered 'Time Tracking' in 'Time' menu (hotkey=T order=5)
[2026-01-08 10:08:33.028] ServiceContainer: Registered 'NotesMenuScreen' (singleton=False)
[2026-01-08 10:08:33.029] MenuRegistry: Registered 'Notes' in 'Tools' menu (hotkey=N order=20)
[2026-01-08 10:08:33.030] MenuRegistry: Registered 'Notes' in 'Tools' menu (hotkey=N order=20)
[2026-01-08 10:08:33.031] ServiceContainer: Registered 'ChecklistTemplatesFolderScreen' (singleton=False)
[2026-01-08 10:08:33.032] MenuRegistry: Registered 'Checklist Templates' in 'Tools' menu (hotkey=H order=30)
[2026-01-08 10:08:33.033] MenuRegistry: Registered 'Checklist Templates' in 'Tools' menu (hotkey=H order=30)
[2026-01-08 10:08:33.035] ServiceContainer: Registered 'ThemeEditorScreen' (singleton=False)
[2026-01-08 10:08:33.035] MenuRegistry: Registered 'Theme Editor' in 'Options' menu (hotkey=T order=10)
[2026-01-08 10:08:33.037] MenuRegistry: Registered 'Theme Editor' in 'Options' menu (hotkey=T order=10)
[2026-01-08 10:08:33.038] ServiceContainer: Registered 'ExcelImportProfileManagerScreen' (singleton=False)
[2026-01-08 10:08:33.039] MenuRegistry: Registered 'Excel Import Profiles' in 'Tools' menu (hotkey=I order=40)
[2026-01-08 10:08:33.040] MenuRegistry: Registered 'Excel Import Profiles' in 'Tools' menu (hotkey=I order=40)
[2026-01-08 10:08:33.041] ServiceContainer: Resolving 'TaskListScreen'...
[2026-01-08 10:08:33.043] ServiceContainer: Resolving 'TaskStore'...
[2026-01-08 10:08:33.147] ServiceContainer: Resolved 'TaskStore' successfully
[2026-01-08 10:08:33.691] [INFO] StandardListScreen._ConfigureListActions: Configuring actions for Tasks
[2026-01-08 10:08:33.720] [INFO] StandardListScreen: Added footer shortcut D -> Delete
[2026-01-08 10:08:33.741] [INFO] StandardListScreen._ConfigureListActions: Configured 16 footer shortcuts
[2026-01-08 10:08:33.911] _PopulateMenusFromRegistry: Menu 'Tools' has 6 items from registry (array)
[2026-01-08 10:08:33.931] _PopulateMenusFromRegistry: Menu 'Tasks' has 1 items from registry (array)
[2026-01-08 10:08:33.934] _PopulateMenusFromRegistry: Menu 'Options' has 2 items from registry (array)
[2026-01-08 10:08:33.937] _PopulateMenusFromRegistry: Menu 'Help' has 1 items from registry (array)
[2026-01-08 10:08:33.940] _PopulateMenusFromRegistry: Menu 'Time' has 3 items from registry (array)
[2026-01-08 10:08:33.969] _PopulateMenusFromRegistry: Menu 'Projects' has 3 items from registry (array)
[2026-01-08 10:08:33.971] ServiceContainer: Resolved 'TaskListScreen' successfully
[2026-01-08 10:08:34.314] [INFO] StandardListScreen._ConfigureListActions: Configuring actions for Tasks
[2026-01-08 10:08:34.317] [INFO] StandardListScreen: Added footer shortcut D -> Delete
[2026-01-08 10:08:34.323] [INFO] StandardListScreen._ConfigureListActions: Configured 16 footer shortcuts
[10:08:36.268] [Z-BUFFER] REJECTED at (4,4): currentZ=10 < zBuffer=20 char='T'
[10:08:36.269] [Z-BUFFER] REJECTED at (5,4): currentZ=10 < zBuffer=20 char='a'
[10:08:36.271] [Z-BUFFER] REJECTED at (6,4): currentZ=10 < zBuffer=20 char='s'
[10:08:36.272] [Z-BUFFER] REJECTED at (7,4): currentZ=10 < zBuffer=20 char='k'
[10:08:36.274] [Z-BUFFER] REJECTED at (27,4): currentZ=10 < zBuffer=20 char='D'
[10:08:36.275] [Z-BUFFER] REJECTED at (28,4): currentZ=10 < zBuffer=20 char='u'
[10:08:36.276] [Z-BUFFER] REJECTED at (29,4): currentZ=10 < zBuffer=20 char='e'
[10:08:36.278] [Z-BUFFER] REJECTED at (49,4): currentZ=10 < zBuffer=20 char='T'
[10:08:36.279] [Z-BUFFER] REJECTED at (50,4): currentZ=10 < zBuffer=20 char='a'
[10:08:36.280] [Z-BUFFER] REJECTED at (51,4): currentZ=10 < zBuffer=20 char='g'
[10:08:36.281] [Z-BUFFER] REJECTED at (52,4): currentZ=10 < zBuffer=20 char='s'
[10:09:05.545] [Z-BUFFER] REJECTED at (4,4): currentZ=10 < zBuffer=20 char='T'
[10:09:05.546] [Z-BUFFER] REJECTED at (5,4): currentZ=10 < zBuffer=20 char='a'
[10:09:05.546] [Z-BUFFER] REJECTED at (6,4): currentZ=10 < zBuffer=20 char='s'
[10:09:05.547] [Z-BUFFER] REJECTED at (7,4): currentZ=10 < zBuffer=20 char='k'
[10:09:05.548] [Z-BUFFER] REJECTED at (27,4): currentZ=10 < zBuffer=20 char='D'
[10:09:05.548] [Z-BUFFER] REJECTED at (28,4): currentZ=10 < zBuffer=20 char='u'
[10:09:05.549] [Z-BUFFER] REJECTED at (29,4): currentZ=10 < zBuffer=20 char='e'
[10:09:05.549] [Z-BUFFER] REJECTED at (49,4): currentZ=10 < zBuffer=200 char='T'
[10:09:05.550] [Z-BUFFER] REJECTED at (50,4): currentZ=10 < zBuffer=200 char='a'
[10:09:05.550] [Z-BUFFER] REJECTED at (51,4): currentZ=10 < zBuffer=200 char='g'
[10:09:05.551] [Z-BUFFER] REJECTED at (52,4): currentZ=10 < zBuffer=200 char='s'
[2026-01-08 10:09:07.348] ServiceContainer: Resolving 'NotesMenuScreen'...
[2026-01-08 10:09:07.411] [INFO] StandardListScreen._ConfigureListActions: Configuring actions for Notes
[2026-01-08 10:09:07.414] [INFO] StandardListScreen: Added footer shortcut D -> Delete
[2026-01-08 10:09:07.417] [INFO] StandardListScreen._ConfigureListActions: Configured 7 footer shortcuts
[2026-01-08 10:09:07.443] ServiceContainer: Resolved 'NotesMenuScreen' successfully
[2026-01-08 10:09:07.468] [INFO] StandardListScreen._ConfigureListActions: Configuring actions for Notes
[2026-01-08 10:09:07.470] [INFO] StandardListScreen: Added footer shortcut D -> Delete
[2026-01-08 10:09:07.471] [INFO] StandardListScreen._ConfigureListActions: Configured 7 footer shortcuts
[10:09:07.546] [Z-BUFFER] REJECTED at (2,7): currentZ=10 < zBuffer=20 char='T'
[10:09:07.547] [Z-BUFFER] REJECTED at (3,7): currentZ=10 < zBuffer=20 char='i'
[10:09:07.547] [Z-BUFFER] REJECTED at (4,7): currentZ=10 < zBuffer=20 char='t'
[10:09:07.548] [Z-BUFFER] REJECTED at (5,7): currentZ=10 < zBuffer=20 char='l'
[10:09:07.548] [Z-BUFFER] REJECTED at (6,7): currentZ=10 < zBuffer=20 char='e'
[10:09:07.548] [Z-BUFFER] REJECTED at (62,7): currentZ=10 < zBuffer=20 char='L'
[10:09:07.549] [Z-BUFFER] REJECTED at (63,7): currentZ=10 < zBuffer=20 char='i'
[10:09:07.549] [Z-BUFFER] REJECTED at (64,7): currentZ=10 < zBuffer=20 char='n'
[10:09:07.549] [Z-BUFFER] REJECTED at (65,7): currentZ=10 < zBuffer=20 char='e'
[10:09:07.550] [Z-BUFFER] REJECTED at (66,7): currentZ=10 < zBuffer=20 char='s'
[10:09:07.550] [Z-BUFFER] REJECTED at (70,7): currentZ=10 < zBuffer=20 char='W'
[10:09:07.550] [Z-BUFFER] REJECTED at (71,7): currentZ=10 < zBuffer=20 char='o'
[10:09:07.551] [Z-BUFFER] REJECTED at (72,7): currentZ=10 < zBuffer=20 char='r'
[10:09:07.551] [Z-BUFFER] REJECTED at (73,7): currentZ=10 < zBuffer=20 char='d'
[10:09:07.551] [Z-BUFFER] REJECTED at (74,7): currentZ=10 < zBuffer=20 char='s'
[10:09:07.552] [Z-BUFFER] REJECTED at (78,7): currentZ=10 < zBuffer=20 char='T'
[10:09:07.552] [Z-BUFFER] REJECTED at (79,7): currentZ=10 < zBuffer=20 char='a'
[10:09:07.552] [Z-BUFFER] REJECTED at (80,7): currentZ=10 < zBuffer=20 char='g'
[10:09:07.553] [Z-BUFFER] REJECTED at (81,7): currentZ=10 < zBuffer=20 char='s'
[2026-01-08 10:09:09.214] [INFO] ========== _AssignToProject START ==========
[2026-01-08 10:09:09.214] [INFO] _AssignToProject: noteId=n1, noteTitle=n1
[2026-01-08 10:28:33.055] RequestRender called from:  at line 343
[2026-01-08 10:28:33.071] [ERROR] UniversalList callback error: The property 'name' cannot be found on this object. Verify that the property exists.
[2026-01-08 10:28:33.073] [ERROR] Stack trace: at _AssignToProject, /home/teej/ztest/module/Pmc.Strict/consoleui/screens/NotesMenuScreen.ps1: line 533
at <ScriptBlock>, /home/teej/ztest/module/Pmc.Strict/consoleui/screens/NotesMenuScreen.ps1: line 495
at _InvokeCallback, /home/teej/ztest/module/Pmc.Strict/consoleui/widgets/UniversalList.ps1: line 1415
at HandleInput, /home/teej/ztest/module/Pmc.Strict/consoleui/widgets/UniversalList.ps1: line 707
at HandleKeyPress, /home/teej/ztest/module/Pmc.Strict/consoleui/base/StandardListScreen.ps1: line 1171
at Run, /home/teej/ztest/module/Pmc.Strict/consoleui/PmcApplication.ps1: line 420
at Start-PmcTUI, /home/teej/ztest/module/Pmc.Strict/consoleui/Start-PmcTUI.ps1: line 620
at <ScriptBlock>, /home/teej/ztest/start.ps1: line 37
[10:28:33.099] [Z-BUFFER] REJECTED at (2,7): currentZ=10 < zBuffer=20 char='T'
[10:28:33.100] [Z-BUFFER] REJECTED at (3,7): currentZ=10 < zBuffer=20 char='i'
[10:28:33.100] [Z-BUFFER] REJECTED at (4,7): currentZ=10 < zBuffer=20 char='t'
[10:28:33.102] [Z-BUFFER] REJECTED at (5,7): currentZ=10 < zBuffer=20 char='l'
[10:28:33.103] [Z-BUFFER] REJECTED at (6,7): currentZ=10 < zBuffer=20 char='e'
[10:28:33.103] [Z-BUFFER] REJECTED at (62,7): currentZ=10 < zBuffer=20 char='L'
[10:28:33.103] [Z-BUFFER] REJECTED at (63,7): currentZ=10 < zBuffer=20 char='i'
[10:28:33.104] [Z-BUFFER] REJECTED at (64,7): currentZ=10 < zBuffer=20 char='n'
[10:28:33.104] [Z-BUFFER] REJECTED at (65,7): currentZ=10 < zBuffer=20 char='e'
[10:28:33.104] [Z-BUFFER] REJECTED at (66,7): currentZ=10 < zBuffer=20 char='s'
[10:28:33.104] [Z-BUFFER] REJECTED at (70,7): currentZ=10 < zBuffer=20 char='W'
[10:28:33.105] [Z-BUFFER] REJECTED at (71,7): currentZ=10 < zBuffer=20 char='o'
[10:28:33.105] [Z-BUFFER] REJECTED at (72,7): currentZ=10 < zBuffer=20 char='r'
[10:28:33.105] [Z-BUFFER] REJECTED at (73,7): currentZ=10 < zBuffer=20 char='d'
[10:28:33.106] [Z-BUFFER] REJECTED at (74,7): currentZ=10 < zBuffer=20 char='s'
[10:28:33.106] [Z-BUFFER] REJECTED at (78,7): currentZ=10 < zBuffer=20 char='T'
[10:28:33.106] [Z-BUFFER] REJECTED at (79,7): currentZ=10 < zBuffer=20 char='a'
[10:28:33.108] [Z-BUFFER] REJECTED at (80,7): currentZ=10 < zBuffer=20 char='g'
[10:28:33.108] [Z-BUFFER] REJECTED at (81,7): currentZ=10 < zBuffer=20 char='s'
