[2026-01-03 18:10:16.728] ServiceContainer: Registered 'Theme' (singleton=True)
[2026-01-03 18:10:16.731] ServiceContainer: Registered 'ThemeManager' (singleton=True)
[2026-01-03 18:10:16.732] ServiceContainer: Registered 'Config' (singleton=True)
[2026-01-03 18:10:16.733] ServiceContainer: Registered 'TaskStore' (singleton=True)
[2026-01-03 18:10:16.733] ServiceContainer: Registered 'MenuRegistry' (singleton=True)
[2026-01-03 18:10:16.734] ServiceContainer: Registered 'Application' (singleton=True)
[2026-01-03 18:10:16.735] ServiceContainer: Registered 'CommandService' (singleton=True)
[2026-01-03 18:10:16.736] ServiceContainer: Registered 'ChecklistService' (singleton=True)
[2026-01-03 18:10:16.736] ServiceContainer: Registered 'NoteService' (singleton=True)
[2026-01-03 18:10:16.737] ServiceContainer: Registered 'ExcelMappingService' (singleton=True)
[2026-01-03 18:10:16.738] ServiceContainer: Registered 'ExcelCopyService' (singleton=True)
[2026-01-03 18:10:16.739] ServiceContainer: Registered 'PreferencesService' (singleton=True)
[2026-01-03 18:10:16.739] ServiceContainer: Registered 'ExcelImportService' (singleton=True)
[2026-01-03 18:10:16.740] ServiceContainer: Registered 'TextExportService' (singleton=True)
[2026-01-03 18:10:16.741] ServiceContainer: Registered 'TaskListScreen' (singleton=False)
[2026-01-03 18:10:16.756] ServiceContainer: Resolving 'Application'...
[2026-01-03 18:10:16.757] ServiceContainer: Resolving 'Theme'...
[2026-01-03 18:10:16.937] ServiceContainer: Resolved 'Theme' successfully
[2026-01-03 18:10:17.003] ServiceContainer: Resolving 'ThemeManager'...
[2026-01-03 18:10:17.005] ServiceContainer: Resolved 'ThemeManager' successfully
[2026-01-03 18:10:17.016] ServiceContainer: Resolved 'Application' successfully
[2026-01-03 18:10:17.017] ServiceContainer: Resolving 'MenuRegistry'...
[2026-01-03 18:10:17.028] ServiceContainer: Resolved 'MenuRegistry' successfully
[2026-01-03 18:10:17.043] MenuRegistry: Loaded manifest with 16 entries
[2026-01-03 18:10:17.063] ServiceContainer: Registered 'HelpViewScreen' (singleton=False)
[2026-01-03 18:10:17.064] MenuRegistry: Registered 'Help' in 'Help' menu (hotkey=H order=10)
[2026-01-03 18:10:17.084] MenuRegistry: Registered 'Help' in 'Help' menu (hotkey=H order=10)
[2026-01-03 18:10:17.085] ServiceContainer: Registered 'ProjectListScreen' (singleton=False)
[2026-01-03 18:10:17.086] MenuRegistry: Registered 'Project List' in 'Projects' menu (hotkey=L order=10)
[2026-01-03 18:10:17.087] MenuRegistry: Registered 'Project List' in 'Projects' menu (hotkey=L order=10)
[2026-01-03 18:10:17.089] ServiceContainer: Registered 'TaskListScreen_Default' (singleton=False)
[2026-01-03 18:10:17.089] MenuRegistry: Registered 'Task List' in 'Tasks' menu (hotkey=L order=5)
[2026-01-03 18:10:17.090] MenuRegistry: Registered 'Task List' in 'Tasks' menu (hotkey=L order=5)
[2026-01-03 18:10:17.091] ServiceContainer: Registered 'ExcelImportScreen' (singleton=False)
[2026-01-03 18:10:17.092] MenuRegistry: Registered 'Import from Excel' in 'Projects' menu (hotkey=I order=40)
[2026-01-03 18:10:17.093] MenuRegistry: Registered 'Import from Excel' in 'Projects' menu (hotkey=I order=40)
[2026-01-03 18:10:17.094] ServiceContainer: Registered 'TimeListScreen' (singleton=False)
[2026-01-03 18:10:17.095] MenuRegistry: Registered 'Time Tracking' in 'Time' menu (hotkey=T order=5)
[2026-01-03 18:10:17.095] MenuRegistry: Registered 'Time Tracking' in 'Time' menu (hotkey=T order=5)
[2026-01-03 18:10:17.097] ServiceContainer: Registered 'SettingsScreen' (singleton=False)
[2026-01-03 18:10:17.097] MenuRegistry: Registered 'Settings' in 'Options' menu (hotkey=S order=20)
[2026-01-03 18:10:17.098] MenuRegistry: Registered 'Settings' in 'Options' menu (hotkey=S order=20)
[2026-01-03 18:10:17.099] ServiceContainer: Registered 'ExcelProfileManagerScreen' (singleton=False)
[2026-01-03 18:10:17.100] MenuRegistry: Registered 'Excel Profiles' in 'Projects' menu (hotkey=M order=50)
[2026-01-03 18:10:17.101] MenuRegistry: Registered 'Excel Profiles' in 'Projects' menu (hotkey=M order=50)
[2026-01-03 18:10:17.102] ServiceContainer: Registered 'ChecklistsLauncherScreen' (singleton=False)
[2026-01-03 18:10:17.103] MenuRegistry: Registered 'Checklists' in 'Tools' menu (hotkey=C order=25)
[2026-01-03 18:10:17.104] MenuRegistry: Registered 'Checklists' in 'Tools' menu (hotkey=C order=25)
[2026-01-03 18:10:17.105] ServiceContainer: Registered 'ChecklistTemplatesFolderScreen' (singleton=False)
[2026-01-03 18:10:17.106] MenuRegistry: Registered 'Checklist Templates' in 'Tools' menu (hotkey=H order=30)
[2026-01-03 18:10:17.106] MenuRegistry: Registered 'Checklist Templates' in 'Tools' menu (hotkey=H order=30)
[2026-01-03 18:10:17.107] ServiceContainer: Registered 'ThemeEditorScreen' (singleton=False)
[2026-01-03 18:10:17.108] MenuRegistry: Registered 'Theme Editor' in 'Options' menu (hotkey=T order=10)
[2026-01-03 18:10:17.109] MenuRegistry: Registered 'Theme Editor' in 'Options' menu (hotkey=T order=10)
[2026-01-03 18:10:17.110] ServiceContainer: Registered 'CommandLibraryScreen' (singleton=False)
[2026-01-03 18:10:17.111] MenuRegistry: Registered 'Command Library' in 'Tools' menu (hotkey=L order=10)
[2026-01-03 18:10:17.112] MenuRegistry: Registered 'Command Library' in 'Tools' menu (hotkey=L order=10)
[2026-01-03 18:10:17.113] ServiceContainer: Registered 'TimeReportScreen' (singleton=False)
[2026-01-03 18:10:17.114] MenuRegistry: Registered 'Time Report' in 'Time' menu (hotkey=R order=20)
[2026-01-03 18:10:17.115] MenuRegistry: Registered 'Time Report' in 'Time' menu (hotkey=R order=20)
[2026-01-03 18:10:17.116] ServiceContainer: Registered 'ExcelImportProfileManagerScreen' (singleton=False)
[2026-01-03 18:10:17.116] MenuRegistry: Registered 'Excel Import Profiles' in 'Tools' menu (hotkey=I order=40)
[2026-01-03 18:10:17.117] MenuRegistry: Registered 'Excel Import Profiles' in 'Tools' menu (hotkey=I order=40)
[2026-01-03 18:10:17.119] ServiceContainer: Registered 'TextExportProfileManagerScreen' (singleton=False)
[2026-01-03 18:10:17.119] MenuRegistry: Registered 'T2020 Export Profiles' in 'Tools' menu (hotkey=E order=45)
[2026-01-03 18:10:17.123] MenuRegistry: Registered 'T2020 Export Profiles' in 'Tools' menu (hotkey=E order=45)
[2026-01-03 18:10:17.124] ServiceContainer: Registered 'NotesMenuScreen' (singleton=False)
[2026-01-03 18:10:17.125] MenuRegistry: Registered 'Notes' in 'Tools' menu (hotkey=N order=20)
[2026-01-03 18:10:17.126] MenuRegistry: Registered 'Notes' in 'Tools' menu (hotkey=N order=20)
[2026-01-03 18:10:17.127] ServiceContainer: Registered 'WeeklyTimeReportScreen' (singleton=False)
[2026-01-03 18:10:17.127] MenuRegistry: Registered 'Weekly Report' in 'Time' menu (hotkey=W order=10)
[2026-01-03 18:10:17.128] MenuRegistry: Registered 'Weekly Report' in 'Time' menu (hotkey=W order=10)
[2026-01-03 18:10:17.129] ServiceContainer: Resolving 'TaskListScreen'...
[2026-01-03 18:10:17.131] ServiceContainer: Resolving 'TaskStore'...
[2026-01-03 18:10:17.212] ServiceContainer: Resolved 'TaskStore' successfully
[2026-01-03 18:10:17.899] _PopulateMenusFromRegistry: Menu 'Tools' has 6 items from registry (array)
[2026-01-03 18:10:17.923] _PopulateMenusFromRegistry: Menu 'Tasks' has 1 items from registry (array)
[2026-01-03 18:10:17.926] _PopulateMenusFromRegistry: Menu 'Options' has 2 items from registry (array)
[2026-01-03 18:10:17.928] _PopulateMenusFromRegistry: Menu 'Time' has 3 items from registry (array)
[2026-01-03 18:10:17.930] _PopulateMenusFromRegistry: Menu 'Projects' has 3 items from registry (array)
[2026-01-03 18:10:17.932] _PopulateMenusFromRegistry: Menu 'Help' has 1 items from registry (array)
[2026-01-03 18:10:17.934] ServiceContainer: Resolved 'TaskListScreen' successfully
[2026-01-03 18:10:18.474] [INFO] TaskListScreen.EditItem called - item.id=b16effa0-74b0-436c-a2ff-e09f3c42b2ca
[2026-01-03 18:10:19.522] [INFO] StandardListScreen.RenderContentToEngine: Rendering InlineEditor at Y=11
[2026-01-03 18:10:22.491] [INFO] StandardListScreen.RenderContentToEngine: Rendering InlineEditor at Y=11
