[2026-01-08 10:34:03.638] ServiceContainer: Registered 'Theme' (singleton=True)
[2026-01-08 10:34:03.640] ServiceContainer: Registered 'ThemeManager' (singleton=True)
[2026-01-08 10:34:03.641] ServiceContainer: Registered 'Config' (singleton=True)
[2026-01-08 10:34:03.642] ServiceContainer: Registered 'TaskStore' (singleton=True)
[2026-01-08 10:34:03.642] ServiceContainer: Registered 'MenuRegistry' (singleton=True)
[2026-01-08 10:34:03.643] ServiceContainer: Registered 'Application' (singleton=True)
[2026-01-08 10:34:03.643] ServiceContainer: Registered 'CommandService' (singleton=True)
[2026-01-08 10:34:03.644] ServiceContainer: Registered 'ChecklistService' (singleton=True)
[2026-01-08 10:34:03.644] ServiceContainer: Registered 'NoteService' (singleton=True)
[2026-01-08 10:34:03.645] ServiceContainer: Registered 'ExcelMappingService' (singleton=True)
[2026-01-08 10:34:03.645] ServiceContainer: Registered 'ExcelCopyService' (singleton=True)
[2026-01-08 10:34:03.646] ServiceContainer: Registered 'PreferencesService' (singleton=True)
[2026-01-08 10:34:03.647] ServiceContainer: Registered 'ExcelImportService' (singleton=True)
[2026-01-08 10:34:03.647] ServiceContainer: Registered 'TextExportService' (singleton=True)
[2026-01-08 10:34:03.648] ServiceContainer: Registered 'TaskListScreen' (singleton=False)
[2026-01-08 10:34:03.660] ServiceContainer: Resolving 'Application'...
[2026-01-08 10:34:03.661] ServiceContainer: Resolving 'Theme'...
[2026-01-08 10:34:03.807] ServiceContainer: Resolved 'Theme' successfully
[2026-01-08 10:34:03.869] ServiceContainer: Resolving 'ThemeManager'...
[2026-01-08 10:34:03.870] ServiceContainer: Resolved 'ThemeManager' successfully
[2026-01-08 10:34:03.880] ServiceContainer: Resolved 'Application' successfully
[2026-01-08 10:34:03.881] ServiceContainer: Resolving 'MenuRegistry'...
[2026-01-08 10:34:03.891] ServiceContainer: Resolved 'MenuRegistry' successfully
[2026-01-08 10:34:03.907] MenuRegistry: Loaded manifest with 16 entries
[2026-01-08 10:34:03.929] ServiceContainer: Registered 'TimeListScreen' (singleton=False)
[2026-01-08 10:34:03.930] MenuRegistry: Registered 'Time Tracking' in 'Time' menu (hotkey=T order=5)
[2026-01-08 10:34:03.943] MenuRegistry: Registered 'Time Tracking' in 'Time' menu (hotkey=T order=5)
[2026-01-08 10:34:03.945] ServiceContainer: Registered 'ExcelImportScreen' (singleton=False)
[2026-01-08 10:34:03.946] MenuRegistry: Registered 'Import from Excel' in 'Projects' menu (hotkey=I order=40)
[2026-01-08 10:34:03.948] MenuRegistry: Registered 'Import from Excel' in 'Projects' menu (hotkey=I order=40)
[2026-01-08 10:34:03.949] ServiceContainer: Registered 'ExcelImportProfileManagerScreen' (singleton=False)
[2026-01-08 10:34:03.950] MenuRegistry: Registered 'Excel Import Profiles' in 'Tools' menu (hotkey=I order=40)
[2026-01-08 10:34:03.951] MenuRegistry: Registered 'Excel Import Profiles' in 'Tools' menu (hotkey=I order=40)
[2026-01-08 10:34:03.953] ServiceContainer: Registered 'ThemeEditorScreen' (singleton=False)
[2026-01-08 10:34:03.953] MenuRegistry: Registered 'Theme Editor' in 'Options' menu (hotkey=T order=10)
[2026-01-08 10:34:03.954] MenuRegistry: Registered 'Theme Editor' in 'Options' menu (hotkey=T order=10)
[2026-01-08 10:34:03.956] ServiceContainer: Registered 'HelpViewScreen' (singleton=False)
[2026-01-08 10:34:03.956] MenuRegistry: Registered 'Help' in 'Help' menu (hotkey=H order=10)
[2026-01-08 10:34:03.963] MenuRegistry: Registered 'Help' in 'Help' menu (hotkey=H order=10)
[2026-01-08 10:34:03.964] ServiceContainer: Registered 'TextExportProfileManagerScreen' (singleton=False)
[2026-01-08 10:34:03.965] MenuRegistry: Registered 'T2020 Export Profiles' in 'Tools' menu (hotkey=E order=45)
[2026-01-08 10:34:03.965] MenuRegistry: Registered 'T2020 Export Profiles' in 'Tools' menu (hotkey=E order=45)
[2026-01-08 10:34:03.966] ServiceContainer: Registered 'CommandLibraryScreen' (singleton=False)
[2026-01-08 10:34:03.967] MenuRegistry: Registered 'Command Library' in 'Tools' menu (hotkey=L order=10)
[2026-01-08 10:34:03.968] MenuRegistry: Registered 'Command Library' in 'Tools' menu (hotkey=L order=10)
[2026-01-08 10:34:03.969] ServiceContainer: Registered 'WeeklyTimeReportScreen' (singleton=False)
[2026-01-08 10:34:03.969] MenuRegistry: Registered 'Weekly Report' in 'Time' menu (hotkey=W order=10)
[2026-01-08 10:34:03.970] MenuRegistry: Registered 'Weekly Report' in 'Time' menu (hotkey=W order=10)
[2026-01-08 10:34:03.971] ServiceContainer: Registered 'ChecklistsLauncherScreen' (singleton=False)
[2026-01-08 10:34:03.972] MenuRegistry: Registered 'Checklists' in 'Tools' menu (hotkey=C order=25)
[2026-01-08 10:34:03.973] MenuRegistry: Registered 'Checklists' in 'Tools' menu (hotkey=C order=25)
[2026-01-08 10:34:03.974] ServiceContainer: Registered 'ProjectListScreen' (singleton=False)
[2026-01-08 10:34:03.974] MenuRegistry: Registered 'Project List' in 'Projects' menu (hotkey=L order=10)
[2026-01-08 10:34:03.975] MenuRegistry: Registered 'Project List' in 'Projects' menu (hotkey=L order=10)
[2026-01-08 10:34:03.976] ServiceContainer: Registered 'ChecklistTemplatesFolderScreen' (singleton=False)
[2026-01-08 10:34:03.977] MenuRegistry: Registered 'Checklist Templates' in 'Tools' menu (hotkey=H order=30)
[2026-01-08 10:34:03.978] MenuRegistry: Registered 'Checklist Templates' in 'Tools' menu (hotkey=H order=30)
[2026-01-08 10:34:03.979] ServiceContainer: Registered 'TimeReportScreen' (singleton=False)
[2026-01-08 10:34:03.980] MenuRegistry: Registered 'Time Report' in 'Time' menu (hotkey=R order=20)
[2026-01-08 10:34:03.981] MenuRegistry: Registered 'Time Report' in 'Time' menu (hotkey=R order=20)
[2026-01-08 10:34:03.982] ServiceContainer: Registered 'ExcelProfileManagerScreen' (singleton=False)
[2026-01-08 10:34:03.982] MenuRegistry: Registered 'Excel Profiles' in 'Projects' menu (hotkey=M order=50)
[2026-01-08 10:34:03.983] MenuRegistry: Registered 'Excel Profiles' in 'Projects' menu (hotkey=M order=50)
[2026-01-08 10:34:03.984] ServiceContainer: Registered 'TaskListScreen_Default' (singleton=False)
[2026-01-08 10:34:03.985] MenuRegistry: Registered 'Task List' in 'Tasks' menu (hotkey=L order=5)
[2026-01-08 10:34:03.986] MenuRegistry: Registered 'Task List' in 'Tasks' menu (hotkey=L order=5)
[2026-01-08 10:34:03.987] ServiceContainer: Registered 'SettingsScreen' (singleton=False)
[2026-01-08 10:34:03.988] MenuRegistry: Registered 'Settings' in 'Options' menu (hotkey=S order=20)
[2026-01-08 10:34:03.989] MenuRegistry: Registered 'Settings' in 'Options' menu (hotkey=S order=20)
[2026-01-08 10:34:03.990] ServiceContainer: Registered 'NotesMenuScreen' (singleton=False)
[2026-01-08 10:34:03.990] MenuRegistry: Registered 'Notes' in 'Tools' menu (hotkey=N order=20)
[2026-01-08 10:34:03.991] MenuRegistry: Registered 'Notes' in 'Tools' menu (hotkey=N order=20)
[2026-01-08 10:34:03.992] ServiceContainer: Resolving 'TaskListScreen'...
[2026-01-08 10:34:03.994] ServiceContainer: Resolving 'TaskStore'...
[2026-01-08 10:34:04.086] ServiceContainer: Resolved 'TaskStore' successfully
[2026-01-08 10:34:04.549] [INFO] StandardListScreen._ConfigureListActions: Configuring actions for Tasks
[2026-01-08 10:34:04.564] [INFO] StandardListScreen: Added footer shortcut D -> Delete
[2026-01-08 10:34:04.587] [INFO] StandardListScreen._ConfigureListActions: Configured 16 footer shortcuts
[2026-01-08 10:34:04.707] _PopulateMenusFromRegistry: Menu 'Time' has 3 items from registry (array)
[2026-01-08 10:34:04.722] _PopulateMenusFromRegistry: Menu 'Projects' has 3 items from registry (array)
[2026-01-08 10:34:04.726] _PopulateMenusFromRegistry: Menu 'Tools' has 6 items from registry (array)
[2026-01-08 10:34:04.728] _PopulateMenusFromRegistry: Menu 'Tasks' has 1 items from registry (array)
[2026-01-08 10:34:04.729] _PopulateMenusFromRegistry: Menu 'Help' has 1 items from registry (array)
[2026-01-08 10:34:04.731] _PopulateMenusFromRegistry: Menu 'Options' has 2 items from registry (array)
[2026-01-08 10:34:04.733] ServiceContainer: Resolved 'TaskListScreen' successfully
[2026-01-08 10:34:04.977] [INFO] StandardListScreen._ConfigureListActions: Configuring actions for Tasks
[2026-01-08 10:34:04.979] [INFO] StandardListScreen: Added footer shortcut D -> Delete
[2026-01-08 10:34:04.984] [INFO] StandardListScreen._ConfigureListActions: Configured 16 footer shortcuts
[10:34:06.069] [Z-BUFFER] REJECTED at (4,4): currentZ=10 < zBuffer=20 char='T'
[10:34:06.070] [Z-BUFFER] REJECTED at (5,4): currentZ=10 < zBuffer=20 char='a'
[10:34:06.071] [Z-BUFFER] REJECTED at (6,4): currentZ=10 < zBuffer=20 char='s'
[10:34:06.072] [Z-BUFFER] REJECTED at (7,4): currentZ=10 < zBuffer=20 char='k'
[10:34:06.073] [Z-BUFFER] REJECTED at (27,4): currentZ=10 < zBuffer=20 char='D'
[10:34:06.073] [Z-BUFFER] REJECTED at (28,4): currentZ=10 < zBuffer=20 char='u'
[10:34:06.074] [Z-BUFFER] REJECTED at (29,4): currentZ=10 < zBuffer=20 char='e'
[10:34:06.075] [Z-BUFFER] REJECTED at (49,4): currentZ=10 < zBuffer=20 char='T'
[10:34:06.076] [Z-BUFFER] REJECTED at (50,4): currentZ=10 < zBuffer=20 char='a'
[10:34:06.077] [Z-BUFFER] REJECTED at (51,4): currentZ=10 < zBuffer=20 char='g'
[10:34:06.077] [Z-BUFFER] REJECTED at (52,4): currentZ=10 < zBuffer=20 char='s'
[10:34:14.140] [Z-BUFFER] REJECTED at (4,4): currentZ=10 < zBuffer=20 char='T'
[10:34:14.141] [Z-BUFFER] REJECTED at (5,4): currentZ=10 < zBuffer=20 char='a'
[10:34:14.141] [Z-BUFFER] REJECTED at (6,4): currentZ=10 < zBuffer=20 char='s'
[10:34:14.142] [Z-BUFFER] REJECTED at (7,4): currentZ=10 < zBuffer=20 char='k'
[10:34:14.143] [Z-BUFFER] REJECTED at (27,4): currentZ=10 < zBuffer=20 char='D'
[10:34:14.143] [Z-BUFFER] REJECTED at (28,4): currentZ=10 < zBuffer=20 char='u'
[10:34:14.143] [Z-BUFFER] REJECTED at (29,4): currentZ=10 < zBuffer=20 char='e'
[10:34:14.144] [Z-BUFFER] REJECTED at (49,4): currentZ=10 < zBuffer=200 char='T'
[10:34:14.145] [Z-BUFFER] REJECTED at (50,4): currentZ=10 < zBuffer=200 char='a'
[10:34:14.145] [Z-BUFFER] REJECTED at (51,4): currentZ=10 < zBuffer=200 char='g'
[10:34:14.146] [Z-BUFFER] REJECTED at (52,4): currentZ=10 < zBuffer=200 char='s'
[2026-01-08 10:34:14.326] ServiceContainer: Resolving 'NotesMenuScreen'...
[2026-01-08 10:34:14.388] [INFO] StandardListScreen._ConfigureListActions: Configuring actions for Notes
[2026-01-08 10:34:14.392] [INFO] StandardListScreen: Added footer shortcut D -> Delete
[2026-01-08 10:34:14.395] [INFO] StandardListScreen._ConfigureListActions: Configured 7 footer shortcuts
[2026-01-08 10:34:14.419] ServiceContainer: Resolved 'NotesMenuScreen' successfully
[2026-01-08 10:34:14.455] [INFO] StandardListScreen._ConfigureListActions: Configuring actions for Notes
[2026-01-08 10:34:14.457] [INFO] StandardListScreen: Added footer shortcut D -> Delete
[2026-01-08 10:34:14.458] [INFO] StandardListScreen._ConfigureListActions: Configured 7 footer shortcuts
[10:34:14.546] [Z-BUFFER] REJECTED at (2,7): currentZ=10 < zBuffer=20 char='T'
[10:34:14.547] [Z-BUFFER] REJECTED at (3,7): currentZ=10 < zBuffer=20 char='i'
[10:34:14.559] [Z-BUFFER] REJECTED at (4,7): currentZ=10 < zBuffer=20 char='t'
[10:34:14.560] [Z-BUFFER] REJECTED at (5,7): currentZ=10 < zBuffer=20 char='l'
[10:34:14.560] [Z-BUFFER] REJECTED at (6,7): currentZ=10 < zBuffer=20 char='e'
[10:34:14.561] [Z-BUFFER] REJECTED at (62,7): currentZ=10 < zBuffer=20 char='L'
[10:34:14.561] [Z-BUFFER] REJECTED at (63,7): currentZ=10 < zBuffer=20 char='i'
[10:34:14.562] [Z-BUFFER] REJECTED at (64,7): currentZ=10 < zBuffer=20 char='n'
[10:34:14.562] [Z-BUFFER] REJECTED at (65,7): currentZ=10 < zBuffer=20 char='e'
[10:34:14.563] [Z-BUFFER] REJECTED at (66,7): currentZ=10 < zBuffer=20 char='s'
[10:34:14.563] [Z-BUFFER] REJECTED at (70,7): currentZ=10 < zBuffer=20 char='W'
[10:34:14.564] [Z-BUFFER] REJECTED at (71,7): currentZ=10 < zBuffer=20 char='o'
[10:34:14.564] [Z-BUFFER] REJECTED at (72,7): currentZ=10 < zBuffer=20 char='r'
[10:34:14.565] [Z-BUFFER] REJECTED at (73,7): currentZ=10 < zBuffer=20 char='d'
[10:34:14.565] [Z-BUFFER] REJECTED at (74,7): currentZ=10 < zBuffer=20 char='s'
[10:34:14.566] [Z-BUFFER] REJECTED at (78,7): currentZ=10 < zBuffer=20 char='T'
[10:34:14.567] [Z-BUFFER] REJECTED at (79,7): currentZ=10 < zBuffer=20 char='a'
[10:34:14.567] [Z-BUFFER] REJECTED at (80,7): currentZ=10 < zBuffer=20 char='g'
[10:34:14.568] [Z-BUFFER] REJECTED at (81,7): currentZ=10 < zBuffer=20 char='s'
[2026-01-08 10:34:16.983] [INFO] ========== _AssignToProject START ==========
[2026-01-08 10:34:16.985] [INFO] _AssignToProject: noteId=n1, noteTitle=n1
