[2026-01-03 13:39:41.987] ServiceContainer: Registered 'Theme' (singleton=True)
[2026-01-03 13:39:41.990] ServiceContainer: Registered 'ThemeManager' (singleton=True)
[2026-01-03 13:39:41.991] ServiceContainer: Registered 'Config' (singleton=True)
[2026-01-03 13:39:41.992] ServiceContainer: Registered 'TaskStore' (singleton=True)
[2026-01-03 13:39:41.993] ServiceContainer: Registered 'MenuRegistry' (singleton=True)
[2026-01-03 13:39:41.993] ServiceContainer: Registered 'Application' (singleton=True)
[2026-01-03 13:39:41.994] ServiceContainer: Registered 'CommandService' (singleton=True)
[2026-01-03 13:39:41.995] ServiceContainer: Registered 'ChecklistService' (singleton=True)
[2026-01-03 13:39:41.996] ServiceContainer: Registered 'NoteService' (singleton=True)
[2026-01-03 13:39:41.996] ServiceContainer: Registered 'ExcelMappingService' (singleton=True)
[2026-01-03 13:39:41.997] ServiceContainer: Registered 'ExcelCopyService' (singleton=True)
[2026-01-03 13:39:41.998] ServiceContainer: Registered 'PreferencesService' (singleton=True)
[2026-01-03 13:39:41.998] ServiceContainer: Registered 'ExcelImportService' (singleton=True)
[2026-01-03 13:39:41.999] ServiceContainer: Registered 'TextExportService' (singleton=True)
[2026-01-03 13:39:42.000] ServiceContainer: Registered 'TaskListScreen' (singleton=False)
[2026-01-03 13:39:42.013] ServiceContainer: Resolving 'Application'...
[2026-01-03 13:39:42.015] ServiceContainer: Resolving 'Theme'...
[2026-01-03 13:39:42.179] ServiceContainer: Resolved 'Theme' successfully
[2026-01-03 13:39:42.244] ServiceContainer: Resolving 'ThemeManager'...
[2026-01-03 13:39:42.245] ServiceContainer: Resolved 'ThemeManager' successfully
[2026-01-03 13:39:42.256] ServiceContainer: Resolved 'Application' successfully
[2026-01-03 13:39:42.257] ServiceContainer: Resolving 'MenuRegistry'...
[2026-01-03 13:39:42.265] ServiceContainer: Resolved 'MenuRegistry' successfully
[2026-01-03 13:39:42.279] MenuRegistry: Loaded manifest with 16 entries
[2026-01-03 13:39:42.299] ServiceContainer: Registered 'TextExportProfileManagerScreen' (singleton=False)
[2026-01-03 13:39:42.300] MenuRegistry: Registered 'T2020 Export Profiles' in 'Tools' menu (hotkey=E order=45)
[2026-01-03 13:39:42.313] MenuRegistry: Registered 'T2020 Export Profiles' in 'Tools' menu (hotkey=E order=45)
[2026-01-03 13:39:42.315] ServiceContainer: Registered 'TaskListScreen_Default' (singleton=False)
[2026-01-03 13:39:42.316] MenuRegistry: Registered 'Task List' in 'Tasks' menu (hotkey=L order=5)
[2026-01-03 13:39:42.317] MenuRegistry: Registered 'Task List' in 'Tasks' menu (hotkey=L order=5)
[2026-01-03 13:39:42.319] ServiceContainer: Registered 'WeeklyTimeReportScreen' (singleton=False)
[2026-01-03 13:39:42.320] MenuRegistry: Registered 'Weekly Report' in 'Time' menu (hotkey=W order=10)
[2026-01-03 13:39:42.321] MenuRegistry: Registered 'Weekly Report' in 'Time' menu (hotkey=W order=10)
[2026-01-03 13:39:42.322] ServiceContainer: Registered 'ExcelImportProfileManagerScreen' (singleton=False)
[2026-01-03 13:39:42.323] MenuRegistry: Registered 'Excel Import Profiles' in 'Tools' menu (hotkey=I order=40)
[2026-01-03 13:39:42.330] MenuRegistry: Registered 'Excel Import Profiles' in 'Tools' menu (hotkey=I order=40)
[2026-01-03 13:39:42.331] ServiceContainer: Registered 'TimeListScreen' (singleton=False)
[2026-01-03 13:39:42.332] MenuRegistry: Registered 'Time Tracking' in 'Time' menu (hotkey=T order=5)
[2026-01-03 13:39:42.333] MenuRegistry: Registered 'Time Tracking' in 'Time' menu (hotkey=T order=5)
[2026-01-03 13:39:42.334] ServiceContainer: Registered 'TimeReportScreen' (singleton=False)
[2026-01-03 13:39:42.335] MenuRegistry: Registered 'Time Report' in 'Time' menu (hotkey=R order=20)
[2026-01-03 13:39:42.336] MenuRegistry: Registered 'Time Report' in 'Time' menu (hotkey=R order=20)
[2026-01-03 13:39:42.337] ServiceContainer: Registered 'ExcelImportScreen' (singleton=False)
[2026-01-03 13:39:42.338] MenuRegistry: Registered 'Import from Excel' in 'Projects' menu (hotkey=I order=40)
[2026-01-03 13:39:42.339] MenuRegistry: Registered 'Import from Excel' in 'Projects' menu (hotkey=I order=40)
[2026-01-03 13:39:42.340] ServiceContainer: Registered 'HelpViewScreen' (singleton=False)
[2026-01-03 13:39:42.341] MenuRegistry: Registered 'Help' in 'Help' menu (hotkey=H order=10)
[2026-01-03 13:39:42.342] MenuRegistry: Registered 'Help' in 'Help' menu (hotkey=H order=10)
[2026-01-03 13:39:42.343] ServiceContainer: Registered 'ExcelProfileManagerScreen' (singleton=False)
[2026-01-03 13:39:42.343] MenuRegistry: Registered 'Excel Profiles' in 'Projects' menu (hotkey=M order=50)
[2026-01-03 13:39:42.345] MenuRegistry: Registered 'Excel Profiles' in 'Projects' menu (hotkey=M order=50)
[2026-01-03 13:39:42.346] ServiceContainer: Registered 'ProjectListScreen' (singleton=False)
[2026-01-03 13:39:42.346] MenuRegistry: Registered 'Project List' in 'Projects' menu (hotkey=L order=10)
[2026-01-03 13:39:42.347] MenuRegistry: Registered 'Project List' in 'Projects' menu (hotkey=L order=10)
[2026-01-03 13:39:42.348] ServiceContainer: Registered 'ThemeEditorScreen' (singleton=False)
[2026-01-03 13:39:42.349] MenuRegistry: Registered 'Theme Editor' in 'Options' menu (hotkey=T order=10)
[2026-01-03 13:39:42.350] MenuRegistry: Registered 'Theme Editor' in 'Options' menu (hotkey=T order=10)
[2026-01-03 13:39:42.351] ServiceContainer: Registered 'SettingsScreen' (singleton=False)
[2026-01-03 13:39:42.352] MenuRegistry: Registered 'Settings' in 'Options' menu (hotkey=S order=20)
[2026-01-03 13:39:42.353] MenuRegistry: Registered 'Settings' in 'Options' menu (hotkey=S order=20)
[2026-01-03 13:39:42.354] ServiceContainer: Registered 'ChecklistsLauncherScreen' (singleton=False)
[2026-01-03 13:39:42.355] MenuRegistry: Registered 'Checklists' in 'Tools' menu (hotkey=C order=25)
[2026-01-03 13:39:42.356] MenuRegistry: Registered 'Checklists' in 'Tools' menu (hotkey=C order=25)
[2026-01-03 13:39:42.357] ServiceContainer: Registered 'ChecklistTemplatesFolderScreen' (singleton=False)
[2026-01-03 13:39:42.357] MenuRegistry: Registered 'Checklist Templates' in 'Tools' menu (hotkey=H order=30)
[2026-01-03 13:39:42.358] MenuRegistry: Registered 'Checklist Templates' in 'Tools' menu (hotkey=H order=30)
[2026-01-03 13:39:42.360] ServiceContainer: Registered 'CommandLibraryScreen' (singleton=False)
[2026-01-03 13:39:42.360] MenuRegistry: Registered 'Command Library' in 'Tools' menu (hotkey=L order=10)
[2026-01-03 13:39:42.361] MenuRegistry: Registered 'Command Library' in 'Tools' menu (hotkey=L order=10)
[2026-01-03 13:39:42.362] ServiceContainer: Registered 'NotesMenuScreen' (singleton=False)
[2026-01-03 13:39:42.363] MenuRegistry: Registered 'Notes' in 'Tools' menu (hotkey=N order=20)
[2026-01-03 13:39:42.364] MenuRegistry: Registered 'Notes' in 'Tools' menu (hotkey=N order=20)
[2026-01-03 13:39:42.365] ServiceContainer: Resolving 'TaskListScreen'...
[2026-01-03 13:39:42.367] ServiceContainer: Resolving 'TaskStore'...
[2026-01-03 13:39:42.494] ServiceContainer: Resolved 'TaskStore' successfully
[2026-01-03 13:39:43.220] _PopulateMenusFromRegistry: Menu 'Projects' has 3 items from registry (array)
[2026-01-03 13:39:43.237] _PopulateMenusFromRegistry: Menu 'Tasks' has 1 items from registry (array)
[2026-01-03 13:39:43.240] _PopulateMenusFromRegistry: Menu 'Time' has 3 items from registry (array)
[2026-01-03 13:39:43.243] _PopulateMenusFromRegistry: Menu 'Tools' has 6 items from registry (array)
[2026-01-03 13:39:43.245] _PopulateMenusFromRegistry: Menu 'Help' has 1 items from registry (array)
[2026-01-03 13:39:43.247] _PopulateMenusFromRegistry: Menu 'Options' has 2 items from registry (array)
[2026-01-03 13:39:43.249] ServiceContainer: Resolved 'TaskListScreen' successfully
