[2025-12-18 10:44:49.681] [INFO] Loading PMC module...
[2025-12-18 10:44:50.450] [INFO] PMC module loaded
[2025-12-18 10:44:50.452] [INFO] Loading dependencies (FieldSchemas, etc.)...
[2025-12-18 10:44:50.534] [INFO] Dependencies loaded
[2025-12-18 10:44:50.534] [INFO] Loading SpeedTUI framework...
[2025-12-18 10:44:51.430] [INFO] SpeedTUI framework loaded
[2025-12-18 10:44:51.431] [INFO] Loading PraxisVT...
[2025-12-18 10:44:51.432] [INFO] PraxisVT loaded
[2025-12-18 10:44:51.432] [INFO] Loading core dependencies...
[2025-12-18 10:44:51.455] [INFO] Core dependencies loaded
[2025-12-18 10:44:51.455] [INFO] Loading widget base classes...
[2025-12-18 10:44:51.484] [INFO] Widget base classes loaded
[2025-12-18 10:44:51.485] [INFO] Loading services...
[2025-12-18 10:44:51.563] [INFO] Services loaded
[2025-12-18 10:44:51.564] [INFO] Loading helpers...
[2025-12-18 10:44:51.716] [INFO] Helpers loaded
[2025-12-18 10:44:51.717] [INFO] Loading widgets...
[2025-12-18 10:44:51.949] [INFO] Widgets loaded
[2025-12-18 10:44:51.950] [INFO] Loading screen base class...
[2025-12-18 10:44:51.957] [INFO] Screen base class loaded
[2025-12-18 10:44:51.958] [INFO] Loading HelpViewScreen (needed by base classes)...
[2025-12-18 10:44:51.962] [INFO] HelpViewScreen loaded
[2025-12-18 10:44:51.963] [INFO] Loading base classes...
[2025-12-18 10:44:52.059] [INFO] Base classes loaded
[2025-12-18 10:44:52.060] [INFO] Loading ServiceContainer (needed by screens)...
[2025-12-18 10:44:52.065] [INFO] ServiceContainer loaded
[2025-12-18 10:44:52.066] [INFO] Loading remaining screens...
[2025-12-18 10:44:52.156] [INFO] Remaining screens loaded
[2025-12-18 10:44:52.157] [INFO] Loading PmcApplication...
[2025-12-18 10:44:52.171] [INFO] PmcApplication loaded
[2025-12-18 10:44:52.172] [INFO] All components loaded successfully
[2025-12-18 10:44:52.188] [INFO] Starting PMC TUI with screen: TaskList
[2025-12-18 10:44:52.194] [INFO] Cleared stale PmcSharedMenuBar and MenuRegistry singleton
[2025-12-18 10:44:52.195] [INFO] Creating ServiceContainer...
[2025-12-18 10:44:52.203] [INFO] ServiceContainer created
[2025-12-18 10:44:52.204] [INFO] Registering Theme service...
[2025-12-18 10:44:52.218] ServiceContainer: Registered 'Theme' (singleton=True)
[2025-12-18 10:44:52.221] [INFO] Registering ThemeManager...
[2025-12-18 10:44:52.222] ServiceContainer: Registered 'ThemeManager' (singleton=True)
[2025-12-18 10:44:52.227] [INFO] Registering Config service...
[2025-12-18 10:44:52.228] ServiceContainer: Registered 'Config' (singleton=True)
[2025-12-18 10:44:52.229] [INFO] Registering TaskStore service...
[2025-12-18 10:44:52.230] ServiceContainer: Registered 'TaskStore' (singleton=True)
[2025-12-18 10:44:52.231] [INFO] Registering MenuRegistry service...
[2025-12-18 10:44:52.231] ServiceContainer: Registered 'MenuRegistry' (singleton=True)
[2025-12-18 10:44:52.232] [INFO] Registering Application service...
[2025-12-18 10:44:52.233] ServiceContainer: Registered 'Application' (singleton=True)
[2025-12-18 10:44:52.233] [INFO] Registering CommandService...
[2025-12-18 10:44:52.234] ServiceContainer: Registered 'CommandService' (singleton=True)
[2025-12-18 10:44:52.235] [INFO] Registering ChecklistService...
[2025-12-18 10:44:52.236] ServiceContainer: Registered 'ChecklistService' (singleton=True)
[2025-12-18 10:44:52.236] [INFO] Registering NoteService...
[2025-12-18 10:44:52.237] ServiceContainer: Registered 'NoteService' (singleton=True)
[2025-12-18 10:44:52.238] [INFO] Registering ExcelMappingService...
[2025-12-18 10:44:52.238] ServiceContainer: Registered 'ExcelMappingService' (singleton=True)
[2025-12-18 10:44:52.239] [INFO] Registering PreferencesService...
[2025-12-18 10:44:52.240] ServiceContainer: Registered 'PreferencesService' (singleton=True)
[2025-12-18 10:44:52.240] [INFO] Registering screen factories...
[2025-12-18 10:44:52.241] ServiceContainer: Registered 'TaskListScreen' (singleton=False)
[2025-12-18 10:44:52.242] [INFO] Resolving Application from container...
[2025-12-18 10:44:52.253] ServiceContainer: Resolving 'Application'...
[2025-12-18 10:44:52.255] [INFO] Resolving Application...
[2025-12-18 10:44:52.255] ServiceContainer: Resolving 'Theme'...
[2025-12-18 10:44:52.262] [INFO] Resolving Theme: Calling Initialize-PmcThemeSystem...
[2025-12-18 10:44:52.271] [INFO] Theme resolved: #33aaff
[2025-12-18 10:44:52.272] [INFO] Loading PmcThemeEngine...
[2025-12-18 10:44:52.328] [INFO] LoadFromConfig: Loaded Properties with 23 items
[2025-12-18 10:44:52.335] [INFO] PmcThemeEngine initialized with PMC palette (14 colors)
[2025-12-18 10:44:52.337] ServiceContainer: Resolved 'Theme' successfully
[2025-12-18 10:44:52.392] ServiceContainer: Resolving 'ThemeManager'...
[2025-12-18 10:44:52.393] [INFO] Resolving ThemeManager...
[2025-12-18 10:44:52.417] ServiceContainer: Resolved 'ThemeManager' successfully
[2025-12-18 10:44:52.427] ServiceContainer: Resolved 'Application' successfully
[2025-12-18 10:44:52.427] [INFO] Application resolved and assigned to $global:PmcApp
[2025-12-18 10:44:52.428] [INFO] Loading menus from manifest...
[2025-12-18 10:44:52.429] ServiceContainer: Resolving 'MenuRegistry'...
[2025-12-18 10:44:52.430] [INFO] Resolving MenuRegistry...
[2025-12-18 10:44:52.444] ServiceContainer: Resolved 'MenuRegistry' successfully
[2025-12-18 10:44:52.458] MenuRegistry: Loaded manifest with 23 entries
[2025-12-18 10:44:52.475] ServiceContainer: Registered 'ChecklistTemplatesFolderScreen' (singleton=False)
[2025-12-18 10:44:52.476] MenuRegistry: Registered screen factory 'ChecklistTemplatesFolderScreen' in container (viewMode=)
[2025-12-18 10:44:52.488] MenuRegistry: Registered 'Checklist Templates' in 'Tools' menu (hotkey=H order=30)
[2025-12-18 10:44:52.491] ServiceContainer: Registered 'TaskListScreen_Upcoming' (singleton=False)
[2025-12-18 10:44:52.492] MenuRegistry: Registered screen factory 'TaskListScreen_Upcoming' in container (viewMode=upcoming)
[2025-12-18 10:44:52.493] MenuRegistry: Registered 'Upcoming' in 'Tasks' menu (hotkey=U order=25)
[2025-12-18 10:44:52.494] ServiceContainer: Registered 'TaskListScreen_Agenda' (singleton=False)
[2025-12-18 10:44:52.495] MenuRegistry: Registered screen factory 'TaskListScreen_Agenda' in container (viewMode=agenda)
[2025-12-18 10:44:52.496] MenuRegistry: Registered 'Agenda View' in 'Tasks' menu (hotkey=A order=50)
[2025-12-18 10:44:52.498] ServiceContainer: Registered 'TaskListScreen_Tomorrow' (singleton=False)
[2025-12-18 10:44:52.498] MenuRegistry: Registered screen factory 'TaskListScreen_Tomorrow' in container (viewMode=tomorrow)
[2025-12-18 10:44:52.499] MenuRegistry: Registered 'Tomorrow' in 'Tasks' menu (hotkey=T order=15)
[2025-12-18 10:44:52.501] ServiceContainer: Registered 'SettingsScreen' (singleton=False)
[2025-12-18 10:44:52.501] MenuRegistry: Registered screen factory 'SettingsScreen' in container (viewMode=)
[2025-12-18 10:44:52.502] MenuRegistry: Registered 'Settings' in 'Options' menu (hotkey=S order=20)
[2025-12-18 10:44:52.504] ServiceContainer: Registered 'TaskListScreen_Overdue' (singleton=False)
[2025-12-18 10:44:52.505] MenuRegistry: Registered screen factory 'TaskListScreen_Overdue' in container (viewMode=overdue)
[2025-12-18 10:44:52.506] MenuRegistry: Registered 'Overdue' in 'Tasks' menu (hotkey=O order=30)
[2025-12-18 10:44:52.507] ServiceContainer: Registered 'TaskListScreen_NoDate' (singleton=False)
[2025-12-18 10:44:52.508] MenuRegistry: Registered screen factory 'TaskListScreen_NoDate' in container (viewMode=noduedate)
[2025-12-18 10:44:52.509] MenuRegistry: Registered 'No Due Date' in 'Tasks' menu (hotkey=D order=40)
[2025-12-18 10:44:52.510] ServiceContainer: Registered 'ExcelProfileManagerScreen' (singleton=False)
[2025-12-18 10:44:52.511] MenuRegistry: Registered screen factory 'ExcelProfileManagerScreen' in container (viewMode=)
[2025-12-18 10:44:52.512] MenuRegistry: Registered 'Excel Profiles' in 'Projects' menu (hotkey=M order=50)
[2025-12-18 10:44:52.513] ServiceContainer: Registered 'ProjectListScreen' (singleton=False)
[2025-12-18 10:44:52.514] MenuRegistry: Registered screen factory 'ProjectListScreen' in container (viewMode=)
[2025-12-18 10:44:52.515] MenuRegistry: Registered 'Project List' in 'Projects' menu (hotkey=L order=10)
[2025-12-18 10:44:52.516] ServiceContainer: Registered 'TaskListScreen_Default' (singleton=False)
[2025-12-18 10:44:52.517] MenuRegistry: Registered screen factory 'TaskListScreen_Default' in container (viewMode=)
[2025-12-18 10:44:52.521] MenuRegistry: Registered 'Task List' in 'Tasks' menu (hotkey=L order=5)
[2025-12-18 10:44:52.522] ServiceContainer: Registered 'NotesMenuScreen' (singleton=False)
[2025-12-18 10:44:52.523] MenuRegistry: Registered screen factory 'NotesMenuScreen' in container (viewMode=)
[2025-12-18 10:44:52.524] MenuRegistry: Registered 'Notes' in 'Tools' menu (hotkey=N order=20)
[2025-12-18 10:44:52.525] ServiceContainer: Registered 'HelpViewScreen' (singleton=False)
[2025-12-18 10:44:52.525] MenuRegistry: Registered screen factory 'HelpViewScreen' in container (viewMode=)
[2025-12-18 10:44:52.526] MenuRegistry: Registered 'Help' in 'Help' menu (hotkey=H order=10)
[2025-12-18 10:44:52.527] ServiceContainer: Registered 'TaskListScreen_Month' (singleton=False)
[2025-12-18 10:44:52.528] MenuRegistry: Registered screen factory 'TaskListScreen_Month' in container (viewMode=month)
[2025-12-18 10:44:52.528] MenuRegistry: Registered 'Month View' in 'Tasks' menu (hotkey=M order=45)
[2025-12-18 10:44:52.530] ServiceContainer: Registered 'ThemeEditorScreen' (singleton=False)
[2025-12-18 10:44:52.530] MenuRegistry: Registered screen factory 'ThemeEditorScreen' in container (viewMode=)
[2025-12-18 10:44:52.531] MenuRegistry: Registered 'Theme Editor' in 'Options' menu (hotkey=T order=10)
[2025-12-18 10:44:52.532] ServiceContainer: Registered 'TaskListScreen_Week' (singleton=False)
[2025-12-18 10:44:52.532] MenuRegistry: Registered screen factory 'TaskListScreen_Week' in container (viewMode=week)
[2025-12-18 10:44:52.533] MenuRegistry: Registered 'Week View' in 'Tasks' menu (hotkey=W order=20)
[2025-12-18 10:44:52.534] ServiceContainer: Registered 'TimeReportScreen' (singleton=False)
[2025-12-18 10:44:52.535] MenuRegistry: Registered screen factory 'TimeReportScreen' in container (viewMode=)
[2025-12-18 10:44:52.536] MenuRegistry: Registered 'Time Report' in 'Time' menu (hotkey=R order=20)
[2025-12-18 10:44:52.537] ServiceContainer: Registered 'ChecklistsLauncherScreen' (singleton=False)
[2025-12-18 10:44:52.537] MenuRegistry: Registered screen factory 'ChecklistsLauncherScreen' in container (viewMode=)
[2025-12-18 10:44:52.538] MenuRegistry: Registered 'Checklists' in 'Tools' menu (hotkey=C order=25)
[2025-12-18 10:44:52.539] ServiceContainer: Registered 'TaskListScreen_Today' (singleton=False)
[2025-12-18 10:44:52.540] MenuRegistry: Registered screen factory 'TaskListScreen_Today' in container (viewMode=today)
[2025-12-18 10:44:52.541] MenuRegistry: Registered 'Today' in 'Tasks' menu (hotkey=Y order=10)
[2025-12-18 10:44:52.542] ServiceContainer: Registered 'WeeklyTimeReportScreen' (singleton=False)
[2025-12-18 10:44:52.542] MenuRegistry: Registered screen factory 'WeeklyTimeReportScreen' in container (viewMode=)
[2025-12-18 10:44:52.543] MenuRegistry: Registered 'Weekly Report' in 'Time' menu (hotkey=W order=10)
[2025-12-18 10:44:52.544] ServiceContainer: Registered 'ExcelImportScreen' (singleton=False)
[2025-12-18 10:44:52.545] MenuRegistry: Registered screen factory 'ExcelImportScreen' in container (viewMode=)
[2025-12-18 10:44:52.546] MenuRegistry: Registered 'Import from Excel' in 'Projects' menu (hotkey=I order=40)
[2025-12-18 10:44:52.547] ServiceContainer: Registered 'TimeListScreen' (singleton=False)
[2025-12-18 10:44:52.547] MenuRegistry: Registered screen factory 'TimeListScreen' in container (viewMode=)
[2025-12-18 10:44:52.548] MenuRegistry: Registered 'Time Tracking' in 'Time' menu (hotkey=T order=5)
[2025-12-18 10:44:52.549] ServiceContainer: Registered 'TaskListScreen_NextActions' (singleton=False)
[2025-12-18 10:44:52.550] MenuRegistry: Registered screen factory 'TaskListScreen_NextActions' in container (viewMode=nextactions)
[2025-12-18 10:44:52.551] MenuRegistry: Registered 'Next Actions' in 'Tasks' menu (hotkey=N order=35)
[2025-12-18 10:44:52.552] ServiceContainer: Registered 'CommandLibraryScreen' (singleton=False)
[2025-12-18 10:44:52.553] MenuRegistry: Registered screen factory 'CommandLibraryScreen' in container (viewMode=)
[2025-12-18 10:44:52.554] MenuRegistry: Registered 'Command Library' in 'Tools' menu (hotkey=L order=10)
[2025-12-18 10:44:52.555] [INFO] Menus loaded from /home/teej/ztest/module/Pmc.Strict/consoleui/screens/MenuItems.psd1
[2025-12-18 10:44:52.569] [INFO] Launching screen: TaskList
[2025-12-18 10:44:52.570] [INFO] Resolving TaskListScreen from container...
[2025-12-18 10:44:52.571] ServiceContainer: Resolving 'TaskListScreen'...
[2025-12-18 10:44:52.572] [INFO] Resolving TaskListScreen...
[2025-12-18 10:44:52.573] ServiceContainer: Resolving 'TaskStore'...
[2025-12-18 10:44:52.574] [INFO] Resolving TaskStore...
[2025-12-18 10:44:52.772] ServiceContainer: Resolved 'TaskStore' successfully
[2025-12-18 10:44:53.290] _PopulateMenusFromRegistry: Menu 'Projects' has 3 items from registry (array)
[2025-12-18 10:44:53.304] _PopulateMenusFromRegistry: Menu 'Help' has 1 items from registry (array)
[2025-12-18 10:44:53.307] _PopulateMenusFromRegistry: Menu 'Tools' has 4 items from registry (array)
[2025-12-18 10:44:53.310] _PopulateMenusFromRegistry: Menu 'Options' has 2 items from registry (array)
[2025-12-18 10:44:53.312] _PopulateMenusFromRegistry: Menu 'Time' has 3 items from registry (array)
[2025-12-18 10:44:53.317] _PopulateMenusFromRegistry: Menu 'Tasks' has 10 items from registry (array)
[2025-12-18 10:44:53.320] ServiceContainer: Resolved 'TaskListScreen' successfully
[2025-12-18 10:44:53.321] [INFO] Pushing screen to app...
[2025-12-18 10:44:53.617] [INFO] Screen pushed successfully
[2025-12-18 10:44:53.618] [INFO] Starting event loop...
[2025-12-18 10:44:59.335] ServiceContainer: Resolving 'ProjectListScreen'...
[2025-12-18 10:44:59.411] ServiceContainer: Resolved 'ProjectListScreen' successfully
[2025-12-18 10:45:04.090] ServiceContainer: Registered 'ProjectInfoScreenV4' (singleton=False)
[2025-12-18 10:45:04.092] ServiceContainer: Resolving 'ProjectInfoScreenV4'...
[2025-12-18 10:45:04.169] ServiceContainer: Resolved 'ProjectInfoScreenV4' successfully
[2025-12-18 10:45:05.097] ========== TabbedScreen.OnTabChanged: Switched to tab 1 'Request' ==========
[2025-12-18 10:45:05.595] ========== TabbedScreen.OnTabChanged: Switched to tab 2 'Audit' ==========
[2025-12-18 10:45:05.970] ========== TabbedScreen.OnTabChanged: Switched to tab 3 'Location' ==========
[2025-12-18 10:45:06.320] ========== TabbedScreen.OnTabChanged: Switched to tab 4 'Periods' ==========
[2025-12-18 10:45:06.640] ========== TabbedScreen.OnTabChanged: Switched to tab 5 'More' ==========
[2025-12-18 10:45:07.040] ========== TabbedScreen.OnTabChanged: Switched to tab 6 'Files' ==========
[2025-12-18 10:45:09.054] ========== TabbedScreen.OnTabChanged: Switched to tab 5 'More' ==========
[2025-12-18 10:45:09.427] ========== TabbedScreen.OnTabChanged: Switched to tab 4 'Periods' ==========
[2025-12-18 10:45:09.596] ========== TabbedScreen.OnTabChanged: Switched to tab 3 'Location' ==========
[2025-12-18 10:45:09.796] ========== TabbedScreen.OnTabChanged: Switched to tab 2 'Audit' ==========
[2025-12-18 10:45:09.964] ========== TabbedScreen.OnTabChanged: Switched to tab 1 'Request' ==========
[2025-12-18 10:45:10.565] ========== TabbedScreen.OnTabChanged: Switched to tab 0 'Identity' ==========
[2025-12-18 10:45:11.068] ========== TabbedScreen.OnTabChanged: Switched to tab 1 'Request' ==========
[2025-12-18 10:45:13.833] ========== TabbedScreen.OnTabChanged: Switched to tab 2 'Audit' ==========
[2025-12-18 10:45:14.080] ========== TabbedScreen.OnTabChanged: Switched to tab 3 'Location' ==========
[2025-12-18 10:45:14.245] ========== TabbedScreen.OnTabChanged: Switched to tab 4 'Periods' ==========
[2025-12-18 10:45:14.392] ========== TabbedScreen.OnTabChanged: Switched to tab 5 'More' ==========
[2025-12-18 10:45:14.838] ========== TabbedScreen.OnTabChanged: Switched to tab 6 'Files' ==========
[2025-12-18 10:45:31.235] ServiceContainer: Resolving 'TimeListScreen'...
[2025-12-18 10:45:31.335] ServiceContainer: Resolved 'TimeListScreen' successfully
[2025-12-18 10:45:33.616] [INFO] *** STANDARDLISTSCREEN.ADDITEM CALLED on type=TimeListScreen key=TimeList ***
[2025-12-18 10:45:40.980] [INFO] PadText: text='Type to filter...' rawLen=17 visibleLen=17 width=56 align=left
[2025-12-18 10:45:40.994] [INFO] PadText: text='Enter=Select | Alt+N=Create' rawLen=27 visibleLen=27 width=56 align=left
[2025-12-18 10:45:41.051] [INFO] PadText: text='Type to filter...' rawLen=17 visibleLen=17 width=56 align=left
[2025-12-18 10:45:41.056] [INFO] PadText: text='Enter=Select | Alt+N=Create' rawLen=27 visibleLen=27 width=56 align=left
[2025-12-18 10:45:41.134] [INFO] PadText: text='Type to filter...' rawLen=17 visibleLen=17 width=56 align=left
[2025-12-18 10:45:41.141] [INFO] PadText: text='Enter=Select | Alt+N=Create' rawLen=27 visibleLen=27 width=56 align=left
[2025-12-18 10:45:41.155] [INFO] PadText: text='Type to filter...' rawLen=17 visibleLen=17 width=56 align=left
[2025-12-18 10:45:41.161] [INFO] PadText: text='Enter=Select | Alt+N=Create' rawLen=27 visibleLen=27 width=56 align=left
[2025-12-18 10:45:42.287] [INFO] PadText: text='Type to filter...' rawLen=17 visibleLen=17 width=56 align=left
[2025-12-18 10:45:42.296] [INFO] PadText: text='Enter=Select | Alt+N=Create' rawLen=27 visibleLen=27 width=56 align=left
[2025-12-18 10:45:42.358] [INFO] PadText: text='Type to filter...' rawLen=17 visibleLen=17 width=56 align=left
[2025-12-18 10:45:42.363] [INFO] PadText: text='Enter=Select | Alt+N=Create' rawLen=27 visibleLen=27 width=56 align=left
[2025-12-18 10:45:42.439] [INFO] PadText: text='Type to filter...' rawLen=17 visibleLen=17 width=56 align=left
[2025-12-18 10:45:42.445] [INFO] PadText: text='Enter=Select | Alt+N=Create' rawLen=27 visibleLen=27 width=56 align=left
[2025-12-18 10:45:42.460] [INFO] PadText: text='Type to filter...' rawLen=17 visibleLen=17 width=56 align=left
[2025-12-18 10:45:42.466] [INFO] PadText: text='Enter=Select | Alt+N=Create' rawLen=27 visibleLen=27 width=56 align=left
[2025-12-18 10:45:49.182] [INFO] OnInlineEditConfirmed: Processing ADD mode for time entry
[2025-12-18 10:45:49.233] [INFO] TaskStore.SaveData: START - tasks=3 projects=1 timelogs=1
[2025-12-18 10:45:49.257] [INFO] _CreatePersistentBackup: Created backup at /home/teej/ztest/tasks.json.backup.20251218-104549
[2025-12-18 10:45:49.270] [INFO] TaskStore.SaveData: Data structure built - tasks=3 projects=1 timelogs=1
[2025-12-18 10:45:49.270] [INFO] TaskStore.SaveData: Calling Save-PmcData
[2025-12-18 10:45:49.354] [INFO] TaskStore.SaveData: Save-PmcData completed successfully
[2025-12-18 10:45:49.390] [INFO] TaskStore.SaveData: SUCCESS - Data saved and verified
[2025-12-18 10:45:53.144] [INFO] *** STANDARDLISTSCREEN.ADDITEM CALLED on type=TimeListScreen key=TimeList ***
[2025-12-18 10:46:02.174] [INFO] OnInlineEditConfirmed: Processing ADD mode for time entry
[2025-12-18 10:46:02.184] [INFO] TaskStore.SaveData: START - tasks=3 projects=1 timelogs=2
[2025-12-18 10:46:02.207] [INFO] _CreatePersistentBackup: Created backup at /home/teej/ztest/tasks.json.backup.20251218-104602
[2025-12-18 10:46:02.213] [INFO] TaskStore.SaveData: Data structure built - tasks=3 projects=1 timelogs=2
[2025-12-18 10:46:02.215] [INFO] TaskStore.SaveData: Calling Save-PmcData
[2025-12-18 10:46:02.238] [INFO] TaskStore.SaveData: Save-PmcData completed successfully
[2025-12-18 10:46:02.275] [INFO] TaskStore.SaveData: SUCCESS - Data saved and verified
[2025-12-18 11:08:44.971] [INFO] Event loop exited normally
[2025-12-18 11:08:44.972] [INFO] Cleanup - showing cursor and resetting terminal
