[2025-12-21 17:50:11.149] ServiceContainer: Registered 'Theme' (singleton=True)
[2025-12-21 17:50:11.156] ServiceContainer: Registered 'ThemeManager' (singleton=True)
[2025-12-21 17:50:11.158] ServiceContainer: Registered 'Config' (singleton=True)
[2025-12-21 17:50:11.160] ServiceContainer: Registered 'TaskStore' (singleton=True)
[2025-12-21 17:50:11.161] ServiceContainer: Registered 'MenuRegistry' (singleton=True)
[2025-12-21 17:50:11.163] ServiceContainer: Registered 'Application' (singleton=True)
[2025-12-21 17:50:11.165] ServiceContainer: Registered 'CommandService' (singleton=True)
[2025-12-21 17:50:11.166] ServiceContainer: Registered 'ChecklistService' (singleton=True)
[2025-12-21 17:50:11.168] ServiceContainer: Registered 'NoteService' (singleton=True)
[2025-12-21 17:50:11.179] ServiceContainer: Registered 'ExcelMappingService' (singleton=True)
[2025-12-21 17:50:11.180] ServiceContainer: Registered 'PreferencesService' (singleton=True)
[2025-12-21 17:50:11.182] ServiceContainer: Registered 'TaskListScreen' (singleton=False)
[2025-12-21 17:50:11.200] ServiceContainer: Resolving 'Application'...
[2025-12-21 17:50:11.203] ServiceContainer: Resolving 'Theme'...
[2025-12-21 17:50:11.477] ServiceContainer: Resolved 'Theme' successfully
[2025-12-21 17:50:11.576] ServiceContainer: Resolving 'ThemeManager'...
[2025-12-21 17:50:11.580] ServiceContainer: Resolved 'ThemeManager' successfully
[2025-12-21 17:50:11.599] ServiceContainer: Resolved 'Application' successfully
[2025-12-21 17:50:11.612] ServiceContainer: Resolving 'MenuRegistry'...
[2025-12-21 17:50:11.629] ServiceContainer: Resolved 'MenuRegistry' successfully
[2025-12-21 17:50:11.654] MenuRegistry: Loaded manifest with 14 entries
[2025-12-21 17:50:11.689] ServiceContainer: Registered 'TimeListScreen' (singleton=False)
[2025-12-21 17:50:11.691] MenuRegistry: Registered 'Time Tracking' in 'Time' menu (hotkey=T order=5)
[2025-12-21 17:50:11.712] MenuRegistry: Registered 'Time Tracking' in 'Time' menu (hotkey=T order=5)
[2025-12-21 17:50:11.715] ServiceContainer: Registered 'ThemeEditorScreen' (singleton=False)
[2025-12-21 17:50:11.717] MenuRegistry: Registered 'Theme Editor' in 'Options' menu (hotkey=T order=10)
[2025-12-21 17:50:11.719] MenuRegistry: Registered 'Theme Editor' in 'Options' menu (hotkey=T order=10)
[2025-12-21 17:50:11.722] ServiceContainer: Registered 'CommandLibraryScreen' (singleton=False)
[2025-12-21 17:50:11.723] MenuRegistry: Registered 'Command Library' in 'Tools' menu (hotkey=L order=10)
[2025-12-21 17:50:11.725] MenuRegistry: Registered 'Command Library' in 'Tools' menu (hotkey=L order=10)
[2025-12-21 17:50:11.727] ServiceContainer: Registered 'ExcelImportScreen' (singleton=False)
[2025-12-21 17:50:11.729] MenuRegistry: Registered 'Import from Excel' in 'Projects' menu (hotkey=I order=40)
[2025-12-21 17:50:11.731] MenuRegistry: Registered 'Import from Excel' in 'Projects' menu (hotkey=I order=40)
[2025-12-21 17:50:11.733] ServiceContainer: Registered 'SettingsScreen' (singleton=False)
[2025-12-21 17:50:11.734] MenuRegistry: Registered 'Settings' in 'Options' menu (hotkey=S order=20)
[2025-12-21 17:50:11.736] MenuRegistry: Registered 'Settings' in 'Options' menu (hotkey=S order=20)
[2025-12-21 17:50:11.738] ServiceContainer: Registered 'TimeReportScreen' (singleton=False)
[2025-12-21 17:50:11.739] MenuRegistry: Registered 'Time Report' in 'Time' menu (hotkey=R order=20)
[2025-12-21 17:50:11.742] MenuRegistry: Registered 'Time Report' in 'Time' menu (hotkey=R order=20)
[2025-12-21 17:50:11.744] ServiceContainer: Registered 'ChecklistsLauncherScreen' (singleton=False)
[2025-12-21 17:50:11.745] MenuRegistry: Registered 'Checklists' in 'Tools' menu (hotkey=C order=25)
[2025-12-21 17:50:11.747] MenuRegistry: Registered 'Checklists' in 'Tools' menu (hotkey=C order=25)
[2025-12-21 17:50:11.749] ServiceContainer: Registered 'ChecklistTemplatesFolderScreen' (singleton=False)
[2025-12-21 17:50:11.751] MenuRegistry: Registered 'Checklist Templates' in 'Tools' menu (hotkey=H order=30)
[2025-12-21 17:50:11.753] MenuRegistry: Registered 'Checklist Templates' in 'Tools' menu (hotkey=H order=30)
[2025-12-21 17:50:11.755] ServiceContainer: Registered 'NotesMenuScreen' (singleton=False)
[2025-12-21 17:50:11.756] MenuRegistry: Registered 'Notes' in 'Tools' menu (hotkey=N order=20)
[2025-12-21 17:50:11.765] MenuRegistry: Registered 'Notes' in 'Tools' menu (hotkey=N order=20)
[2025-12-21 17:50:11.767] ServiceContainer: Registered 'TaskListScreen_Default' (singleton=False)
[2025-12-21 17:50:11.768] MenuRegistry: Registered 'Task List' in 'Tasks' menu (hotkey=L order=5)
[2025-12-21 17:50:11.770] MenuRegistry: Registered 'Task List' in 'Tasks' menu (hotkey=L order=5)
[2025-12-21 17:50:11.772] ServiceContainer: Registered 'HelpViewScreen' (singleton=False)
[2025-12-21 17:50:11.773] MenuRegistry: Registered 'Help' in 'Help' menu (hotkey=H order=10)
[2025-12-21 17:50:11.774] MenuRegistry: Registered 'Help' in 'Help' menu (hotkey=H order=10)
[2025-12-21 17:50:11.776] ServiceContainer: Registered 'WeeklyTimeReportScreen' (singleton=False)
[2025-12-21 17:50:11.777] MenuRegistry: Registered 'Weekly Report' in 'Time' menu (hotkey=W order=10)
[2025-12-21 17:50:11.779] MenuRegistry: Registered 'Weekly Report' in 'Time' menu (hotkey=W order=10)
[2025-12-21 17:50:11.780] ServiceContainer: Registered 'ProjectListScreen' (singleton=False)
[2025-12-21 17:50:11.781] MenuRegistry: Registered 'Project List' in 'Projects' menu (hotkey=L order=10)
[2025-12-21 17:50:11.783] MenuRegistry: Registered 'Project List' in 'Projects' menu (hotkey=L order=10)
[2025-12-21 17:50:11.785] ServiceContainer: Registered 'ExcelProfileManagerScreen' (singleton=False)
[2025-12-21 17:50:11.786] MenuRegistry: Registered 'Excel Profiles' in 'Projects' menu (hotkey=M order=50)
[2025-12-21 17:50:11.787] MenuRegistry: Registered 'Excel Profiles' in 'Projects' menu (hotkey=M order=50)
[2025-12-21 17:50:11.790] ServiceContainer: Resolving 'TaskListScreen'...
[2025-12-21 17:50:11.793] ServiceContainer: Resolving 'TaskStore'...
[2025-12-21 17:50:12.187] ServiceContainer: Resolved 'TaskStore' successfully
[2025-12-21 17:50:13.249] _PopulateMenusFromRegistry: Menu 'Tools' has 4 items from registry (array)
[2025-12-21 17:50:13.274] _PopulateMenusFromRegistry: Menu 'Projects' has 3 items from registry (array)
[2025-12-21 17:50:13.277] _PopulateMenusFromRegistry: Menu 'Help' has 1 items from registry (array)
[2025-12-21 17:50:13.281] _PopulateMenusFromRegistry: Menu 'Time' has 3 items from registry (array)
[2025-12-21 17:50:13.285] _PopulateMenusFromRegistry: Menu 'Options' has 2 items from registry (array)
[2025-12-21 17:50:13.287] _PopulateMenusFromRegistry: Menu 'Tasks' has 1 items from registry (array)
[2025-12-21 17:50:13.290] ServiceContainer: Resolved 'TaskListScreen' successfully
[2025-12-21 17:50:20.184] ServiceContainer: Resolving 'ProjectListScreen'...
[2025-12-21 17:50:20.299] ServiceContainer: Resolved 'ProjectListScreen' successfully
[2025-12-21 17:50:22.836] ServiceContainer: Registered 'ProjectInfoScreenV4' (singleton=False)
[2025-12-21 17:50:22.837] ServiceContainer: Resolving 'ProjectInfoScreenV4'...
[2025-12-21 17:50:22.938] ServiceContainer: Resolved 'ProjectInfoScreenV4' successfully
[2025-12-21 17:50:23.124] [ERROR] Widget render error: RenderContent render failed: Method invocation failed because [HybridRenderEngine] does not contain a method named 'DrawLine'.
[2025-12-21 17:50:23.125] [ERROR] Stack: at RenderToEngine, /home/teej/ztest/module/Pmc.Strict/consoleui/widgets/TabPanel.ps1: line 371
at RenderContentToEngine, /home/teej/ztest/module/Pmc.Strict/consoleui/base/TabbedScreen.ps1: line 452
at RenderContentToEngine, /home/teej/ztest/module/Pmc.Strict/consoleui/screens/ProjectInfoScreenV4.ps1: line 612
at RenderToEngine, /home/teej/ztest/module/Pmc.Strict/consoleui/PmcScreen.ps1: line 410
at _RenderCurrentScreen, /home/teej/ztest/module/Pmc.Strict/consoleui/PmcApplication.ps1: line 233
at Run, /home/teej/ztest/module/Pmc.Strict/consoleui/PmcApplication.ps1: line 457
at Start-PmcTUI, /home/teej/ztest/module/Pmc.Strict/consoleui/Start-PmcTUI.ps1: line 599
at <ScriptBlock>, /home/teej/ztest/start.ps1: line 37
[2025-12-21 17:50:23.125] [ERROR] TargetObject: 
[2025-12-21 17:50:23.128] [ERROR] InvocationInfo:         $engine.DrawLine($this.X, $this.Y + 1, $this.Width, $false, $sepColor)

[2025-12-21 17:50:26.826] ========== TabbedScreen.OnTabChanged: Switched to tab 1 'Request' ==========
[2025-12-21 17:50:26.860] [ERROR] Widget render error: RenderContent render failed: Method invocation failed because [HybridRenderEngine] does not contain a method named 'DrawLine'.
[2025-12-21 17:50:26.861] [ERROR] Stack: at RenderToEngine, /home/teej/ztest/module/Pmc.Strict/consoleui/widgets/TabPanel.ps1: line 371
at RenderContentToEngine, /home/teej/ztest/module/Pmc.Strict/consoleui/base/TabbedScreen.ps1: line 452
at RenderContentToEngine, /home/teej/ztest/module/Pmc.Strict/consoleui/screens/ProjectInfoScreenV4.ps1: line 612
at RenderToEngine, /home/teej/ztest/module/Pmc.Strict/consoleui/PmcScreen.ps1: line 410
at _RenderCurrentScreen, /home/teej/ztest/module/Pmc.Strict/consoleui/PmcApplication.ps1: line 233
at Run, /home/teej/ztest/module/Pmc.Strict/consoleui/PmcApplication.ps1: line 457
at Start-PmcTUI, /home/teej/ztest/module/Pmc.Strict/consoleui/Start-PmcTUI.ps1: line 599
at <ScriptBlock>, /home/teej/ztest/start.ps1: line 37
[2025-12-21 17:50:26.861] [ERROR] TargetObject: 
[2025-12-21 17:50:26.864] [ERROR] InvocationInfo:         $engine.DrawLine($this.X, $this.Y + 1, $this.Width, $false, $sepColor)

[2025-12-21 17:50:27.235] ========== TabbedScreen.OnTabChanged: Switched to tab 2 'Audit' ==========
[2025-12-21 17:50:27.268] [ERROR] Widget render error: RenderContent render failed: Method invocation failed because [HybridRenderEngine] does not contain a method named 'DrawLine'.
[2025-12-21 17:50:27.269] [ERROR] Stack: at RenderToEngine, /home/teej/ztest/module/Pmc.Strict/consoleui/widgets/TabPanel.ps1: line 371
at RenderContentToEngine, /home/teej/ztest/module/Pmc.Strict/consoleui/base/TabbedScreen.ps1: line 452
at RenderContentToEngine, /home/teej/ztest/module/Pmc.Strict/consoleui/screens/ProjectInfoScreenV4.ps1: line 612
at RenderToEngine, /home/teej/ztest/module/Pmc.Strict/consoleui/PmcScreen.ps1: line 410
at _RenderCurrentScreen, /home/teej/ztest/module/Pmc.Strict/consoleui/PmcApplication.ps1: line 233
at Run, /home/teej/ztest/module/Pmc.Strict/consoleui/PmcApplication.ps1: line 457
at Start-PmcTUI, /home/teej/ztest/module/Pmc.Strict/consoleui/Start-PmcTUI.ps1: line 599
at <ScriptBlock>, /home/teej/ztest/start.ps1: line 37
[2025-12-21 17:50:27.270] [ERROR] TargetObject: 
[2025-12-21 17:50:27.271] [ERROR] InvocationInfo:         $engine.DrawLine($this.X, $this.Y + 1, $this.Width, $false, $sepColor)

[2025-12-21 17:50:27.537] ========== TabbedScreen.OnTabChanged: Switched to tab 3 'Location' ==========
[2025-12-21 17:50:27.573] [ERROR] Widget render error: RenderContent render failed: Method invocation failed because [HybridRenderEngine] does not contain a method named 'DrawLine'.
[2025-12-21 17:50:27.574] [ERROR] Stack: at RenderToEngine, /home/teej/ztest/module/Pmc.Strict/consoleui/widgets/TabPanel.ps1: line 371
at RenderContentToEngine, /home/teej/ztest/module/Pmc.Strict/consoleui/base/TabbedScreen.ps1: line 452
at RenderContentToEngine, /home/teej/ztest/module/Pmc.Strict/consoleui/screens/ProjectInfoScreenV4.ps1: line 612
at RenderToEngine, /home/teej/ztest/module/Pmc.Strict/consoleui/PmcScreen.ps1: line 410
at _RenderCurrentScreen, /home/teej/ztest/module/Pmc.Strict/consoleui/PmcApplication.ps1: line 233
at Run, /home/teej/ztest/module/Pmc.Strict/consoleui/PmcApplication.ps1: line 457
at Start-PmcTUI, /home/teej/ztest/module/Pmc.Strict/consoleui/Start-PmcTUI.ps1: line 599
at <ScriptBlock>, /home/teej/ztest/start.ps1: line 37
[2025-12-21 17:50:27.575] [ERROR] TargetObject: 
[2025-12-21 17:50:27.576] [ERROR] InvocationInfo:         $engine.DrawLine($this.X, $this.Y + 1, $this.Width, $false, $sepColor)

[2025-12-21 17:50:27.692] ========== TabbedScreen.OnTabChanged: Switched to tab 4 'Periods' ==========
[2025-12-21 17:50:27.729] [ERROR] Widget render error: RenderContent render failed: Method invocation failed because [HybridRenderEngine] does not contain a method named 'DrawLine'.
[2025-12-21 17:50:27.730] [ERROR] Stack: at RenderToEngine, /home/teej/ztest/module/Pmc.Strict/consoleui/widgets/TabPanel.ps1: line 371
at RenderContentToEngine, /home/teej/ztest/module/Pmc.Strict/consoleui/base/TabbedScreen.ps1: line 452
at RenderContentToEngine, /home/teej/ztest/module/Pmc.Strict/consoleui/screens/ProjectInfoScreenV4.ps1: line 612
at RenderToEngine, /home/teej/ztest/module/Pmc.Strict/consoleui/PmcScreen.ps1: line 410
at _RenderCurrentScreen, /home/teej/ztest/module/Pmc.Strict/consoleui/PmcApplication.ps1: line 233
at Run, /home/teej/ztest/module/Pmc.Strict/consoleui/PmcApplication.ps1: line 457
at Start-PmcTUI, /home/teej/ztest/module/Pmc.Strict/consoleui/Start-PmcTUI.ps1: line 599
at <ScriptBlock>, /home/teej/ztest/start.ps1: line 37
[2025-12-21 17:50:27.731] [ERROR] TargetObject: 
[2025-12-21 17:50:27.731] [ERROR] InvocationInfo:         $engine.DrawLine($this.X, $this.Y + 1, $this.Width, $false, $sepColor)

[2025-12-21 17:50:27.896] ========== TabbedScreen.OnTabChanged: Switched to tab 5 'More' ==========
[2025-12-21 17:50:27.931] [ERROR] Widget render error: RenderContent render failed: Method invocation failed because [HybridRenderEngine] does not contain a method named 'DrawLine'.
[2025-12-21 17:50:27.932] [ERROR] Stack: at RenderToEngine, /home/teej/ztest/module/Pmc.Strict/consoleui/widgets/TabPanel.ps1: line 371
at RenderContentToEngine, /home/teej/ztest/module/Pmc.Strict/consoleui/base/TabbedScreen.ps1: line 452
at RenderContentToEngine, /home/teej/ztest/module/Pmc.Strict/consoleui/screens/ProjectInfoScreenV4.ps1: line 612
at RenderToEngine, /home/teej/ztest/module/Pmc.Strict/consoleui/PmcScreen.ps1: line 410
at _RenderCurrentScreen, /home/teej/ztest/module/Pmc.Strict/consoleui/PmcApplication.ps1: line 233
at Run, /home/teej/ztest/module/Pmc.Strict/consoleui/PmcApplication.ps1: line 457
at Start-PmcTUI, /home/teej/ztest/module/Pmc.Strict/consoleui/Start-PmcTUI.ps1: line 599
at <ScriptBlock>, /home/teej/ztest/start.ps1: line 37
[2025-12-21 17:50:27.933] [ERROR] TargetObject: 
[2025-12-21 17:50:27.933] [ERROR] InvocationInfo:         $engine.DrawLine($this.X, $this.Y + 1, $this.Width, $false, $sepColor)

[2025-12-21 17:50:28.450] ========== TabbedScreen.OnTabChanged: Switched to tab 6 'Files' ==========
[2025-12-21 17:50:28.482] [ERROR] Widget render error: RenderContent render failed: Method invocation failed because [HybridRenderEngine] does not contain a method named 'DrawLine'.
[2025-12-21 17:50:28.483] [ERROR] Stack: at RenderToEngine, /home/teej/ztest/module/Pmc.Strict/consoleui/widgets/TabPanel.ps1: line 371
at RenderContentToEngine, /home/teej/ztest/module/Pmc.Strict/consoleui/base/TabbedScreen.ps1: line 452
at RenderContentToEngine, /home/teej/ztest/module/Pmc.Strict/consoleui/screens/ProjectInfoScreenV4.ps1: line 612
at RenderToEngine, /home/teej/ztest/module/Pmc.Strict/consoleui/PmcScreen.ps1: line 410
at _RenderCurrentScreen, /home/teej/ztest/module/Pmc.Strict/consoleui/PmcApplication.ps1: line 233
at Run, /home/teej/ztest/module/Pmc.Strict/consoleui/PmcApplication.ps1: line 457
at Start-PmcTUI, /home/teej/ztest/module/Pmc.Strict/consoleui/Start-PmcTUI.ps1: line 599
at <ScriptBlock>, /home/teej/ztest/start.ps1: line 37
[2025-12-21 17:50:28.484] [ERROR] TargetObject: 
[2025-12-21 17:50:28.484] [ERROR] InvocationInfo:         $engine.DrawLine($this.X, $this.Y + 1, $this.Width, $false, $sepColor)

[2025-12-21 17:50:28.702] ========== TabbedScreen.OnTabChanged: Switched to tab 5 'More' ==========
[2025-12-21 17:50:28.735] [ERROR] Widget render error: RenderContent render failed: Method invocation failed because [HybridRenderEngine] does not contain a method named 'DrawLine'.
[2025-12-21 17:50:28.736] [ERROR] Stack: at RenderToEngine, /home/teej/ztest/module/Pmc.Strict/consoleui/widgets/TabPanel.ps1: line 371
at RenderContentToEngine, /home/teej/ztest/module/Pmc.Strict/consoleui/base/TabbedScreen.ps1: line 452
at RenderContentToEngine, /home/teej/ztest/module/Pmc.Strict/consoleui/screens/ProjectInfoScreenV4.ps1: line 612
at RenderToEngine, /home/teej/ztest/module/Pmc.Strict/consoleui/PmcScreen.ps1: line 410
at _RenderCurrentScreen, /home/teej/ztest/module/Pmc.Strict/consoleui/PmcApplication.ps1: line 233
at Run, /home/teej/ztest/module/Pmc.Strict/consoleui/PmcApplication.ps1: line 457
at Start-PmcTUI, /home/teej/ztest/module/Pmc.Strict/consoleui/Start-PmcTUI.ps1: line 599
at <ScriptBlock>, /home/teej/ztest/start.ps1: line 37
[2025-12-21 17:50:28.737] [ERROR] TargetObject: 
[2025-12-21 17:50:28.737] [ERROR] InvocationInfo:         $engine.DrawLine($this.X, $this.Y + 1, $this.Width, $false, $sepColor)

[2025-12-21 17:50:28.901] ========== TabbedScreen.OnTabChanged: Switched to tab 4 'Periods' ==========
[2025-12-21 17:50:28.934] [ERROR] Widget render error: RenderContent render failed: Method invocation failed because [HybridRenderEngine] does not contain a method named 'DrawLine'.
[2025-12-21 17:50:28.935] [ERROR] Stack: at RenderToEngine, /home/teej/ztest/module/Pmc.Strict/consoleui/widgets/TabPanel.ps1: line 371
at RenderContentToEngine, /home/teej/ztest/module/Pmc.Strict/consoleui/base/TabbedScreen.ps1: line 452
at RenderContentToEngine, /home/teej/ztest/module/Pmc.Strict/consoleui/screens/ProjectInfoScreenV4.ps1: line 612
at RenderToEngine, /home/teej/ztest/module/Pmc.Strict/consoleui/PmcScreen.ps1: line 410
at _RenderCurrentScreen, /home/teej/ztest/module/Pmc.Strict/consoleui/PmcApplication.ps1: line 233
at Run, /home/teej/ztest/module/Pmc.Strict/consoleui/PmcApplication.ps1: line 457
at Start-PmcTUI, /home/teej/ztest/module/Pmc.Strict/consoleui/Start-PmcTUI.ps1: line 599
at <ScriptBlock>, /home/teej/ztest/start.ps1: line 37
[2025-12-21 17:50:28.935] [ERROR] TargetObject: 
[2025-12-21 17:50:28.936] [ERROR] InvocationInfo:         $engine.DrawLine($this.X, $this.Y + 1, $this.Width, $false, $sepColor)

[2025-12-21 17:50:29.053] ========== TabbedScreen.OnTabChanged: Switched to tab 3 'Location' ==========
[2025-12-21 17:50:29.084] [ERROR] Widget render error: RenderContent render failed: Method invocation failed because [HybridRenderEngine] does not contain a method named 'DrawLine'.
[2025-12-21 17:50:29.085] [ERROR] Stack: at RenderToEngine, /home/teej/ztest/module/Pmc.Strict/consoleui/widgets/TabPanel.ps1: line 371
at RenderContentToEngine, /home/teej/ztest/module/Pmc.Strict/consoleui/base/TabbedScreen.ps1: line 452
at RenderContentToEngine, /home/teej/ztest/module/Pmc.Strict/consoleui/screens/ProjectInfoScreenV4.ps1: line 612
at RenderToEngine, /home/teej/ztest/module/Pmc.Strict/consoleui/PmcScreen.ps1: line 410
at _RenderCurrentScreen, /home/teej/ztest/module/Pmc.Strict/consoleui/PmcApplication.ps1: line 233
at Run, /home/teej/ztest/module/Pmc.Strict/consoleui/PmcApplication.ps1: line 457
at Start-PmcTUI, /home/teej/ztest/module/Pmc.Strict/consoleui/Start-PmcTUI.ps1: line 599
at <ScriptBlock>, /home/teej/ztest/start.ps1: line 37
[2025-12-21 17:50:29.086] [ERROR] TargetObject: 
[2025-12-21 17:50:29.086] [ERROR] InvocationInfo:         $engine.DrawLine($this.X, $this.Y + 1, $this.Width, $false, $sepColor)

[2025-12-21 17:50:29.200] ========== TabbedScreen.OnTabChanged: Switched to tab 2 'Audit' ==========
[2025-12-21 17:50:29.231] [ERROR] Widget render error: RenderContent render failed: Method invocation failed because [HybridRenderEngine] does not contain a method named 'DrawLine'.
[2025-12-21 17:50:29.232] [ERROR] Stack: at RenderToEngine, /home/teej/ztest/module/Pmc.Strict/consoleui/widgets/TabPanel.ps1: line 371
at RenderContentToEngine, /home/teej/ztest/module/Pmc.Strict/consoleui/base/TabbedScreen.ps1: line 452
at RenderContentToEngine, /home/teej/ztest/module/Pmc.Strict/consoleui/screens/ProjectInfoScreenV4.ps1: line 612
at RenderToEngine, /home/teej/ztest/module/Pmc.Strict/consoleui/PmcScreen.ps1: line 410
at _RenderCurrentScreen, /home/teej/ztest/module/Pmc.Strict/consoleui/PmcApplication.ps1: line 233
at Run, /home/teej/ztest/module/Pmc.Strict/consoleui/PmcApplication.ps1: line 457
at Start-PmcTUI, /home/teej/ztest/module/Pmc.Strict/consoleui/Start-PmcTUI.ps1: line 599
at <ScriptBlock>, /home/teej/ztest/start.ps1: line 37
[2025-12-21 17:50:29.232] [ERROR] TargetObject: 
[2025-12-21 17:50:29.233] [ERROR] InvocationInfo:         $engine.DrawLine($this.X, $this.Y + 1, $this.Width, $false, $sepColor)

[2025-12-21 17:50:29.345] ========== TabbedScreen.OnTabChanged: Switched to tab 1 'Request' ==========
[2025-12-21 17:50:29.376] [ERROR] Widget render error: RenderContent render failed: Method invocation failed because [HybridRenderEngine] does not contain a method named 'DrawLine'.
[2025-12-21 17:50:29.377] [ERROR] Stack: at RenderToEngine, /home/teej/ztest/module/Pmc.Strict/consoleui/widgets/TabPanel.ps1: line 371
at RenderContentToEngine, /home/teej/ztest/module/Pmc.Strict/consoleui/base/TabbedScreen.ps1: line 452
at RenderContentToEngine, /home/teej/ztest/module/Pmc.Strict/consoleui/screens/ProjectInfoScreenV4.ps1: line 612
at RenderToEngine, /home/teej/ztest/module/Pmc.Strict/consoleui/PmcScreen.ps1: line 410
at _RenderCurrentScreen, /home/teej/ztest/module/Pmc.Strict/consoleui/PmcApplication.ps1: line 233
at Run, /home/teej/ztest/module/Pmc.Strict/consoleui/PmcApplication.ps1: line 457
at Start-PmcTUI, /home/teej/ztest/module/Pmc.Strict/consoleui/Start-PmcTUI.ps1: line 599
at <ScriptBlock>, /home/teej/ztest/start.ps1: line 37
[2025-12-21 17:50:29.378] [ERROR] TargetObject: 
[2025-12-21 17:50:29.378] [ERROR] InvocationInfo:         $engine.DrawLine($this.X, $this.Y + 1, $this.Width, $false, $sepColor)

[2025-12-21 17:50:29.490] ========== TabbedScreen.OnTabChanged: Switched to tab 0 'Identity' ==========
[2025-12-21 17:50:29.522] [ERROR] Widget render error: RenderContent render failed: Method invocation failed because [HybridRenderEngine] does not contain a method named 'DrawLine'.
[2025-12-21 17:50:29.522] [ERROR] Stack: at RenderToEngine, /home/teej/ztest/module/Pmc.Strict/consoleui/widgets/TabPanel.ps1: line 371
at RenderContentToEngine, /home/teej/ztest/module/Pmc.Strict/consoleui/base/TabbedScreen.ps1: line 452
at RenderContentToEngine, /home/teej/ztest/module/Pmc.Strict/consoleui/screens/ProjectInfoScreenV4.ps1: line 612
at RenderToEngine, /home/teej/ztest/module/Pmc.Strict/consoleui/PmcScreen.ps1: line 410
at _RenderCurrentScreen, /home/teej/ztest/module/Pmc.Strict/consoleui/PmcApplication.ps1: line 233
at Run, /home/teej/ztest/module/Pmc.Strict/consoleui/PmcApplication.ps1: line 457
at Start-PmcTUI, /home/teej/ztest/module/Pmc.Strict/consoleui/Start-PmcTUI.ps1: line 599
at <ScriptBlock>, /home/teej/ztest/start.ps1: line 37
[2025-12-21 17:50:29.523] [ERROR] TargetObject: 
[2025-12-21 17:50:29.523] [ERROR] InvocationInfo:         $engine.DrawLine($this.X, $this.Y + 1, $this.Width, $false, $sepColor)

