[2025-12-24 07:12:53.619] ServiceContainer: Registered 'Theme' (singleton=True)
[2025-12-24 07:12:53.624] ServiceContainer: Registered 'ThemeManager' (singleton=True)
[2025-12-24 07:12:53.625] ServiceContainer: Registered 'Config' (singleton=True)
[2025-12-24 07:12:53.634] ServiceContainer: Registered 'TaskStore' (singleton=True)
[2025-12-24 07:12:53.636] ServiceContainer: Registered 'MenuRegistry' (singleton=True)
[2025-12-24 07:12:53.637] ServiceContainer: Registered 'Application' (singleton=True)
[2025-12-24 07:12:53.637] ServiceContainer: Registered 'CommandService' (singleton=True)
[2025-12-24 07:12:53.639] ServiceContainer: Registered 'ChecklistService' (singleton=True)
[2025-12-24 07:12:53.640] ServiceContainer: Registered 'NoteService' (singleton=True)
[2025-12-24 07:12:53.642] ServiceContainer: Registered 'ExcelMappingService' (singleton=True)
[2025-12-24 07:12:53.643] ServiceContainer: Registered 'ExcelCopyService' (singleton=True)
[2025-12-24 07:12:53.644] ServiceContainer: Registered 'PreferencesService' (singleton=True)
[2025-12-24 07:12:53.645] ServiceContainer: Registered 'ExcelImportService' (singleton=True)
[2025-12-24 07:12:53.646] ServiceContainer: Registered 'TextExportService' (singleton=True)
[2025-12-24 07:12:53.647] ServiceContainer: Registered 'TaskListScreen' (singleton=False)
[2025-12-24 07:12:53.665] ServiceContainer: Resolving 'Application'...
[2025-12-24 07:12:53.668] ServiceContainer: Resolving 'Theme'...
[2025-12-24 07:12:53.998] ServiceContainer: Resolved 'Theme' successfully
[2025-12-24 07:12:54.119] ServiceContainer: Resolving 'ThemeManager'...
[2025-12-24 07:12:54.122] ServiceContainer: Resolved 'ThemeManager' successfully
[2025-12-24 07:12:54.143] ServiceContainer: Resolved 'Application' successfully
[2025-12-24 07:12:54.144] ServiceContainer: Resolving 'MenuRegistry'...
[2025-12-24 07:12:54.160] ServiceContainer: Resolved 'MenuRegistry' successfully
[2025-12-24 07:12:54.183] MenuRegistry: Loaded manifest with 16 entries
[2025-12-24 07:12:54.215] ServiceContainer: Registered 'CommandLibraryScreen' (singleton=False)
[2025-12-24 07:12:54.217] MenuRegistry: Registered 'Command Library' in 'Tools' menu (hotkey=L order=10)
[2025-12-24 07:12:54.239] MenuRegistry: Registered 'Command Library' in 'Tools' menu (hotkey=L order=10)
[2025-12-24 07:12:54.242] ServiceContainer: Registered 'ExcelProfileManagerScreen' (singleton=False)
[2025-12-24 07:12:54.243] MenuRegistry: Registered 'Excel Profiles' in 'Projects' menu (hotkey=M order=50)
[2025-12-24 07:12:54.245] MenuRegistry: Registered 'Excel Profiles' in 'Projects' menu (hotkey=M order=50)
[2025-12-24 07:12:54.248] ServiceContainer: Registered 'ChecklistTemplatesFolderScreen' (singleton=False)
[2025-12-24 07:12:54.248] MenuRegistry: Registered 'Checklist Templates' in 'Tools' menu (hotkey=H order=30)
[2025-12-24 07:12:54.250] MenuRegistry: Registered 'Checklist Templates' in 'Tools' menu (hotkey=H order=30)
[2025-12-24 07:12:54.253] ServiceContainer: Registered 'ExcelImportScreen' (singleton=False)
[2025-12-24 07:12:54.254] MenuRegistry: Registered 'Import from Excel' in 'Projects' menu (hotkey=I order=40)
[2025-12-24 07:12:54.256] MenuRegistry: Registered 'Import from Excel' in 'Projects' menu (hotkey=I order=40)
[2025-12-24 07:12:54.258] ServiceContainer: Registered 'HelpViewScreen' (singleton=False)
[2025-12-24 07:12:54.260] MenuRegistry: Registered 'Help' in 'Help' menu (hotkey=H order=10)
[2025-12-24 07:12:54.261] MenuRegistry: Registered 'Help' in 'Help' menu (hotkey=H order=10)
[2025-12-24 07:12:54.263] ServiceContainer: Registered 'ThemeEditorScreen' (singleton=False)
[2025-12-24 07:12:54.264] MenuRegistry: Registered 'Theme Editor' in 'Options' menu (hotkey=T order=10)
[2025-12-24 07:12:54.265] MenuRegistry: Registered 'Theme Editor' in 'Options' menu (hotkey=T order=10)
[2025-12-24 07:12:54.268] ServiceContainer: Registered 'SettingsScreen' (singleton=False)
[2025-12-24 07:12:54.300] MenuRegistry: Registered 'Settings' in 'Options' menu (hotkey=S order=20)
[2025-12-24 07:12:54.302] MenuRegistry: Registered 'Settings' in 'Options' menu (hotkey=S order=20)
[2025-12-24 07:12:54.304] ServiceContainer: Registered 'WeeklyTimeReportScreen' (singleton=False)
[2025-12-24 07:12:54.305] MenuRegistry: Registered 'Weekly Report' in 'Time' menu (hotkey=W order=10)
[2025-12-24 07:12:54.307] MenuRegistry: Registered 'Weekly Report' in 'Time' menu (hotkey=W order=10)
[2025-12-24 07:12:54.310] ServiceContainer: Registered 'ExcelImportProfileManagerScreen' (singleton=False)
[2025-12-24 07:12:54.311] MenuRegistry: Registered 'Excel Import Profiles' in 'Tools' menu (hotkey=I order=40)
[2025-12-24 07:12:54.314] MenuRegistry: Registered 'Excel Import Profiles' in 'Tools' menu (hotkey=I order=40)
[2025-12-24 07:12:54.317] ServiceContainer: Registered 'TextExportProfileManagerScreen' (singleton=False)
[2025-12-24 07:12:54.318] MenuRegistry: Registered 'T2020 Export Profiles' in 'Tools' menu (hotkey=E order=45)
[2025-12-24 07:12:54.321] MenuRegistry: Registered 'T2020 Export Profiles' in 'Tools' menu (hotkey=E order=45)
[2025-12-24 07:12:54.323] ServiceContainer: Registered 'TimeListScreen' (singleton=False)
[2025-12-24 07:12:54.324] MenuRegistry: Registered 'Time Tracking' in 'Time' menu (hotkey=T order=5)
[2025-12-24 07:12:54.326] MenuRegistry: Registered 'Time Tracking' in 'Time' menu (hotkey=T order=5)
[2025-12-24 07:12:54.328] ServiceContainer: Registered 'NotesMenuScreen' (singleton=False)
[2025-12-24 07:12:54.330] MenuRegistry: Registered 'Notes' in 'Tools' menu (hotkey=N order=20)
[2025-12-24 07:12:54.332] MenuRegistry: Registered 'Notes' in 'Tools' menu (hotkey=N order=20)
[2025-12-24 07:12:54.334] ServiceContainer: Registered 'TaskListScreen_Default' (singleton=False)
[2025-12-24 07:12:54.334] MenuRegistry: Registered 'Task List' in 'Tasks' menu (hotkey=L order=5)
[2025-12-24 07:12:54.336] MenuRegistry: Registered 'Task List' in 'Tasks' menu (hotkey=L order=5)
[2025-12-24 07:12:54.337] ServiceContainer: Registered 'TimeReportScreen' (singleton=False)
[2025-12-24 07:12:54.338] MenuRegistry: Registered 'Time Report' in 'Time' menu (hotkey=R order=20)
[2025-12-24 07:12:54.340] MenuRegistry: Registered 'Time Report' in 'Time' menu (hotkey=R order=20)
[2025-12-24 07:12:54.341] ServiceContainer: Registered 'ProjectListScreen' (singleton=False)
[2025-12-24 07:12:54.342] MenuRegistry: Registered 'Project List' in 'Projects' menu (hotkey=L order=10)
[2025-12-24 07:12:54.344] MenuRegistry: Registered 'Project List' in 'Projects' menu (hotkey=L order=10)
[2025-12-24 07:12:54.347] ServiceContainer: Registered 'ChecklistsLauncherScreen' (singleton=False)
[2025-12-24 07:12:54.348] MenuRegistry: Registered 'Checklists' in 'Tools' menu (hotkey=C order=25)
[2025-12-24 07:12:54.349] MenuRegistry: Registered 'Checklists' in 'Tools' menu (hotkey=C order=25)
[2025-12-24 07:12:54.351] ServiceContainer: Resolving 'TaskListScreen'...
[2025-12-24 07:12:54.354] ServiceContainer: Resolving 'TaskStore'...
[2025-12-24 07:12:54.591] ServiceContainer: Resolved 'TaskStore' successfully
[2025-12-24 07:12:55.785] _PopulateMenusFromRegistry: Menu 'Tasks' has 1 items from registry (array)
[2025-12-24 07:12:55.809] _PopulateMenusFromRegistry: Menu 'Help' has 1 items from registry (array)
[2025-12-24 07:12:55.815] _PopulateMenusFromRegistry: Menu 'Time' has 3 items from registry (array)
[2025-12-24 07:12:55.820] _PopulateMenusFromRegistry: Menu 'Options' has 2 items from registry (array)
[2025-12-24 07:12:55.825] _PopulateMenusFromRegistry: Menu 'Tools' has 6 items from registry (array)
[2025-12-24 07:12:55.829] _PopulateMenusFromRegistry: Menu 'Projects' has 3 items from registry (array)
[2025-12-24 07:12:55.832] ServiceContainer: Resolved 'TaskListScreen' successfully
