[2026-01-02 13:27:16.018] ServiceContainer: Registered 'Theme' (singleton=True)
[2026-01-02 13:27:16.020] ServiceContainer: Registered 'ThemeManager' (singleton=True)
[2026-01-02 13:27:16.021] ServiceContainer: Registered 'Config' (singleton=True)
[2026-01-02 13:27:16.022] ServiceContainer: Registered 'TaskStore' (singleton=True)
[2026-01-02 13:27:16.023] ServiceContainer: Registered 'MenuRegistry' (singleton=True)
[2026-01-02 13:27:16.024] ServiceContainer: Registered 'Application' (singleton=True)
[2026-01-02 13:27:16.025] ServiceContainer: Registered 'CommandService' (singleton=True)
[2026-01-02 13:27:16.026] ServiceContainer: Registered 'ChecklistService' (singleton=True)
[2026-01-02 13:27:16.027] ServiceContainer: Registered 'NoteService' (singleton=True)
[2026-01-02 13:27:16.028] ServiceContainer: Registered 'ExcelMappingService' (singleton=True)
[2026-01-02 13:27:16.029] ServiceContainer: Registered 'ExcelCopyService' (singleton=True)
[2026-01-02 13:27:16.029] ServiceContainer: Registered 'PreferencesService' (singleton=True)
[2026-01-02 13:27:16.030] ServiceContainer: Registered 'ExcelImportService' (singleton=True)
[2026-01-02 13:27:16.031] ServiceContainer: Registered 'TextExportService' (singleton=True)
[2026-01-02 13:27:16.032] ServiceContainer: Registered 'TaskListScreen' (singleton=False)
[2026-01-02 13:27:16.046] ServiceContainer: Resolving 'Application'...
[2026-01-02 13:27:16.048] ServiceContainer: Resolving 'Theme'...
[2026-01-02 13:27:16.222] ServiceContainer: Resolved 'Theme' successfully
[2026-01-02 13:27:16.298] ServiceContainer: Resolving 'ThemeManager'...
[2026-01-02 13:27:16.300] ServiceContainer: Resolved 'ThemeManager' successfully
[2026-01-02 13:27:16.311] ServiceContainer: Resolved 'Application' successfully
[2026-01-02 13:27:16.312] ServiceContainer: Resolving 'MenuRegistry'...
[2026-01-02 13:27:16.321] ServiceContainer: Resolved 'MenuRegistry' successfully
[2026-01-02 13:27:16.338] MenuRegistry: Loaded manifest with 16 entries
[2026-01-02 13:27:16.362] ServiceContainer: Registered 'ThemeEditorScreen' (singleton=False)
[2026-01-02 13:27:16.362] MenuRegistry: Registered 'Theme Editor' in 'Options' menu (hotkey=T order=10)
[2026-01-02 13:27:16.375] MenuRegistry: Registered 'Theme Editor' in 'Options' menu (hotkey=T order=10)
[2026-01-02 13:27:16.377] ServiceContainer: Registered 'WeeklyTimeReportScreen' (singleton=False)
[2026-01-02 13:27:16.378] MenuRegistry: Registered 'Weekly Report' in 'Time' menu (hotkey=W order=10)
[2026-01-02 13:27:16.379] MenuRegistry: Registered 'Weekly Report' in 'Time' menu (hotkey=W order=10)
[2026-01-02 13:27:16.381] ServiceContainer: Registered 'TimeReportScreen' (singleton=False)
[2026-01-02 13:27:16.382] MenuRegistry: Registered 'Time Report' in 'Time' menu (hotkey=R order=20)
[2026-01-02 13:27:16.383] MenuRegistry: Registered 'Time Report' in 'Time' menu (hotkey=R order=20)
[2026-01-02 13:27:16.384] ServiceContainer: Registered 'CommandLibraryScreen' (singleton=False)
[2026-01-02 13:27:16.385] MenuRegistry: Registered 'Command Library' in 'Tools' menu (hotkey=L order=10)
[2026-01-02 13:27:16.386] MenuRegistry: Registered 'Command Library' in 'Tools' menu (hotkey=L order=10)
[2026-01-02 13:27:16.387] ServiceContainer: Registered 'ChecklistsLauncherScreen' (singleton=False)
[2026-01-02 13:27:16.388] MenuRegistry: Registered 'Checklists' in 'Tools' menu (hotkey=C order=25)
[2026-01-02 13:27:16.395] MenuRegistry: Registered 'Checklists' in 'Tools' menu (hotkey=C order=25)
[2026-01-02 13:27:16.396] ServiceContainer: Registered 'NotesMenuScreen' (singleton=False)
[2026-01-02 13:27:16.397] MenuRegistry: Registered 'Notes' in 'Tools' menu (hotkey=N order=20)
[2026-01-02 13:27:16.398] MenuRegistry: Registered 'Notes' in 'Tools' menu (hotkey=N order=20)
[2026-01-02 13:27:16.399] ServiceContainer: Registered 'ExcelProfileManagerScreen' (singleton=False)
[2026-01-02 13:27:16.400] MenuRegistry: Registered 'Excel Profiles' in 'Projects' menu (hotkey=M order=50)
[2026-01-02 13:27:16.401] MenuRegistry: Registered 'Excel Profiles' in 'Projects' menu (hotkey=M order=50)
[2026-01-02 13:27:16.402] ServiceContainer: Registered 'HelpViewScreen' (singleton=False)
[2026-01-02 13:27:16.403] MenuRegistry: Registered 'Help' in 'Help' menu (hotkey=H order=10)
[2026-01-02 13:27:16.404] MenuRegistry: Registered 'Help' in 'Help' menu (hotkey=H order=10)
[2026-01-02 13:27:16.405] ServiceContainer: Registered 'TaskListScreen_Default' (singleton=False)
[2026-01-02 13:27:16.406] MenuRegistry: Registered 'Task List' in 'Tasks' menu (hotkey=L order=5)
[2026-01-02 13:27:16.407] MenuRegistry: Registered 'Task List' in 'Tasks' menu (hotkey=L order=5)
[2026-01-02 13:27:16.409] ServiceContainer: Registered 'ChecklistTemplatesFolderScreen' (singleton=False)
[2026-01-02 13:27:16.410] MenuRegistry: Registered 'Checklist Templates' in 'Tools' menu (hotkey=H order=30)
[2026-01-02 13:27:16.411] MenuRegistry: Registered 'Checklist Templates' in 'Tools' menu (hotkey=H order=30)
[2026-01-02 13:27:16.412] ServiceContainer: Registered 'SettingsScreen' (singleton=False)
[2026-01-02 13:27:16.413] MenuRegistry: Registered 'Settings' in 'Options' menu (hotkey=S order=20)
[2026-01-02 13:27:16.414] MenuRegistry: Registered 'Settings' in 'Options' menu (hotkey=S order=20)
[2026-01-02 13:27:16.415] ServiceContainer: Registered 'TextExportProfileManagerScreen' (singleton=False)
[2026-01-02 13:27:16.416] MenuRegistry: Registered 'T2020 Export Profiles' in 'Tools' menu (hotkey=E order=45)
[2026-01-02 13:27:16.417] MenuRegistry: Registered 'T2020 Export Profiles' in 'Tools' menu (hotkey=E order=45)
[2026-01-02 13:27:16.418] ServiceContainer: Registered 'TimeListScreen' (singleton=False)
[2026-01-02 13:27:16.419] MenuRegistry: Registered 'Time Tracking' in 'Time' menu (hotkey=T order=5)
[2026-01-02 13:27:16.420] MenuRegistry: Registered 'Time Tracking' in 'Time' menu (hotkey=T order=5)
[2026-01-02 13:27:16.421] ServiceContainer: Registered 'ProjectListScreen' (singleton=False)
[2026-01-02 13:27:16.422] MenuRegistry: Registered 'Project List' in 'Projects' menu (hotkey=L order=10)
[2026-01-02 13:27:16.423] MenuRegistry: Registered 'Project List' in 'Projects' menu (hotkey=L order=10)
[2026-01-02 13:27:16.424] ServiceContainer: Registered 'ExcelImportScreen' (singleton=False)
[2026-01-02 13:27:16.425] MenuRegistry: Registered 'Import from Excel' in 'Projects' menu (hotkey=I order=40)
[2026-01-02 13:27:16.426] MenuRegistry: Registered 'Import from Excel' in 'Projects' menu (hotkey=I order=40)
[2026-01-02 13:27:16.427] ServiceContainer: Registered 'ExcelImportProfileManagerScreen' (singleton=False)
[2026-01-02 13:27:16.428] MenuRegistry: Registered 'Excel Import Profiles' in 'Tools' menu (hotkey=I order=40)
[2026-01-02 13:27:16.429] MenuRegistry: Registered 'Excel Import Profiles' in 'Tools' menu (hotkey=I order=40)
[2026-01-02 13:27:16.431] ServiceContainer: Resolving 'TaskListScreen'...
[2026-01-02 13:27:16.432] ServiceContainer: Resolving 'TaskStore'...
[2026-01-02 13:27:16.533] ServiceContainer: Resolved 'TaskStore' successfully
[2026-01-02 13:27:17.244] _PopulateMenusFromRegistry: Menu 'Tasks' has 1 items from registry (array)
[2026-01-02 13:27:17.262] _PopulateMenusFromRegistry: Menu 'Time' has 3 items from registry (array)
[2026-01-02 13:27:17.266] _PopulateMenusFromRegistry: Menu 'Options' has 2 items from registry (array)
[2026-01-02 13:27:17.269] _PopulateMenusFromRegistry: Menu 'Tools' has 6 items from registry (array)
[2026-01-02 13:27:17.272] _PopulateMenusFromRegistry: Menu 'Projects' has 3 items from registry (array)
[2026-01-02 13:27:17.274] _PopulateMenusFromRegistry: Menu 'Help' has 1 items from registry (array)
[2026-01-02 13:27:17.275] ServiceContainer: Resolved 'TaskListScreen' successfully
[2026-01-02 13:27:23.849] ServiceContainer: Resolving 'CommandLibraryScreen'...
[2026-01-02 13:27:23.975] ServiceContainer: Resolved 'CommandLibraryScreen' successfully
[2026-01-02 13:27:40.351] ServiceContainer: Resolving 'TimeListScreen'...
[2026-01-02 13:27:40.469] ServiceContainer: Resolved 'TimeListScreen' successfully
[2026-01-02 13:28:26.990] ServiceContainer: Resolving 'TaskListScreen_Default'...
[2026-01-02 13:28:27.013] _PopulateMenusFromRegistry: Menu 'Tasks' has 1 items from registry (array)
[2026-01-02 13:28:27.017] _PopulateMenusFromRegistry: Menu 'Time' has 3 items from registry (array)
[2026-01-02 13:28:27.020] _PopulateMenusFromRegistry: Menu 'Options' has 2 items from registry (array)
[2026-01-02 13:28:27.024] _PopulateMenusFromRegistry: Menu 'Tools' has 6 items from registry (array)
[2026-01-02 13:28:27.027] _PopulateMenusFromRegistry: Menu 'Projects' has 3 items from registry (array)
[2026-01-02 13:28:27.029] _PopulateMenusFromRegistry: Menu 'Help' has 1 items from registry (array)
[2026-01-02 13:28:27.031] ServiceContainer: Resolved 'TaskListScreen_Default' successfully
