[2026-01-06 17:25:43.796] ServiceContainer: Registered 'Theme' (singleton=True)
[2026-01-06 17:25:43.806] ServiceContainer: Registered 'ThemeManager' (singleton=True)
[2026-01-06 17:25:43.807] ServiceContainer: Registered 'Config' (singleton=True)
[2026-01-06 17:25:43.809] ServiceContainer: Registered 'TaskStore' (singleton=True)
[2026-01-06 17:25:43.810] ServiceContainer: Registered 'MenuRegistry' (singleton=True)
[2026-01-06 17:25:43.811] ServiceContainer: Registered 'Application' (singleton=True)
[2026-01-06 17:25:43.813] ServiceContainer: Registered 'CommandService' (singleton=True)
[2026-01-06 17:25:43.814] ServiceContainer: Registered 'ChecklistService' (singleton=True)
[2026-01-06 17:25:43.815] ServiceContainer: Registered 'NoteService' (singleton=True)
[2026-01-06 17:25:43.816] ServiceContainer: Registered 'ExcelMappingService' (singleton=True)
[2026-01-06 17:25:43.818] ServiceContainer: Registered 'ExcelCopyService' (singleton=True)
[2026-01-06 17:25:43.819] ServiceContainer: Registered 'PreferencesService' (singleton=True)
[2026-01-06 17:25:43.820] ServiceContainer: Registered 'ExcelImportService' (singleton=True)
[2026-01-06 17:25:43.821] ServiceContainer: Registered 'TextExportService' (singleton=True)
[2026-01-06 17:25:43.822] ServiceContainer: Registered 'TaskListScreen' (singleton=False)
[2026-01-06 17:25:43.848] ServiceContainer: Resolving 'Application'...
[2026-01-06 17:25:43.851] ServiceContainer: Resolving 'Theme'...
[2026-01-06 17:25:44.148] ServiceContainer: Resolved 'Theme' successfully
[2026-01-06 17:25:44.272] ServiceContainer: Resolving 'ThemeManager'...
[2026-01-06 17:25:44.275] ServiceContainer: Resolved 'ThemeManager' successfully
[2026-01-06 17:25:44.295] ServiceContainer: Resolved 'Application' successfully
[2026-01-06 17:25:44.296] ServiceContainer: Resolving 'MenuRegistry'...
[2026-01-06 17:25:44.313] ServiceContainer: Resolved 'MenuRegistry' successfully
[2026-01-06 17:25:44.342] MenuRegistry: Loaded manifest with 16 entries
[2026-01-06 17:25:44.380] ServiceContainer: Registered 'ProjectListScreen' (singleton=False)
[2026-01-06 17:25:44.381] MenuRegistry: Registered 'Project List' in 'Projects' menu (hotkey=L order=10)
[2026-01-06 17:25:44.405] MenuRegistry: Registered 'Project List' in 'Projects' menu (hotkey=L order=10)
[2026-01-06 17:25:44.408] ServiceContainer: Registered 'CommandLibraryScreen' (singleton=False)
[2026-01-06 17:25:44.409] MenuRegistry: Registered 'Command Library' in 'Tools' menu (hotkey=L order=10)
[2026-01-06 17:25:44.411] MenuRegistry: Registered 'Command Library' in 'Tools' menu (hotkey=L order=10)
[2026-01-06 17:25:44.414] ServiceContainer: Registered 'TaskListScreen_Default' (singleton=False)
[2026-01-06 17:25:44.415] MenuRegistry: Registered 'Task List' in 'Tasks' menu (hotkey=L order=5)
[2026-01-06 17:25:44.417] MenuRegistry: Registered 'Task List' in 'Tasks' menu (hotkey=L order=5)
[2026-01-06 17:25:44.419] ServiceContainer: Registered 'ExcelImportProfileManagerScreen' (singleton=False)
[2026-01-06 17:25:44.420] MenuRegistry: Registered 'Excel Import Profiles' in 'Tools' menu (hotkey=I order=40)
[2026-01-06 17:25:44.422] MenuRegistry: Registered 'Excel Import Profiles' in 'Tools' menu (hotkey=I order=40)
[2026-01-06 17:25:44.436] ServiceContainer: Registered 'ExcelProfileManagerScreen' (singleton=False)
[2026-01-06 17:25:44.437] MenuRegistry: Registered 'Excel Profiles' in 'Projects' menu (hotkey=M order=50)
[2026-01-06 17:25:44.439] MenuRegistry: Registered 'Excel Profiles' in 'Projects' menu (hotkey=M order=50)
[2026-01-06 17:25:44.440] ServiceContainer: Registered 'ChecklistsLauncherScreen' (singleton=False)
[2026-01-06 17:25:44.442] MenuRegistry: Registered 'Checklists' in 'Tools' menu (hotkey=C order=25)
[2026-01-06 17:25:44.443] MenuRegistry: Registered 'Checklists' in 'Tools' menu (hotkey=C order=25)
[2026-01-06 17:25:44.445] ServiceContainer: Registered 'ExcelImportScreen' (singleton=False)
[2026-01-06 17:25:44.446] MenuRegistry: Registered 'Import from Excel' in 'Projects' menu (hotkey=I order=40)
[2026-01-06 17:25:44.447] MenuRegistry: Registered 'Import from Excel' in 'Projects' menu (hotkey=I order=40)
[2026-01-06 17:25:44.449] ServiceContainer: Registered 'ChecklistTemplatesFolderScreen' (singleton=False)
[2026-01-06 17:25:44.450] MenuRegistry: Registered 'Checklist Templates' in 'Tools' menu (hotkey=H order=30)
[2026-01-06 17:25:44.452] MenuRegistry: Registered 'Checklist Templates' in 'Tools' menu (hotkey=H order=30)
[2026-01-06 17:25:44.454] ServiceContainer: Registered 'NotesMenuScreen' (singleton=False)
[2026-01-06 17:25:44.455] MenuRegistry: Registered 'Notes' in 'Tools' menu (hotkey=N order=20)
[2026-01-06 17:25:44.457] MenuRegistry: Registered 'Notes' in 'Tools' menu (hotkey=N order=20)
[2026-01-06 17:25:44.458] ServiceContainer: Registered 'SettingsScreen' (singleton=False)
[2026-01-06 17:25:44.459] MenuRegistry: Registered 'Settings' in 'Options' menu (hotkey=S order=20)
[2026-01-06 17:25:44.461] MenuRegistry: Registered 'Settings' in 'Options' menu (hotkey=S order=20)
[2026-01-06 17:25:44.463] ServiceContainer: Registered 'ThemeEditorScreen' (singleton=False)
[2026-01-06 17:25:44.465] MenuRegistry: Registered 'Theme Editor' in 'Options' menu (hotkey=T order=10)
[2026-01-06 17:25:44.467] MenuRegistry: Registered 'Theme Editor' in 'Options' menu (hotkey=T order=10)
[2026-01-06 17:25:44.469] ServiceContainer: Registered 'TextExportProfileManagerScreen' (singleton=False)
[2026-01-06 17:25:44.470] MenuRegistry: Registered 'T2020 Export Profiles' in 'Tools' menu (hotkey=E order=45)
[2026-01-06 17:25:44.472] MenuRegistry: Registered 'T2020 Export Profiles' in 'Tools' menu (hotkey=E order=45)
[2026-01-06 17:25:44.475] ServiceContainer: Registered 'TimeReportScreen' (singleton=False)
[2026-01-06 17:25:44.476] MenuRegistry: Registered 'Time Report' in 'Time' menu (hotkey=R order=20)
[2026-01-06 17:25:44.478] MenuRegistry: Registered 'Time Report' in 'Time' menu (hotkey=R order=20)
[2026-01-06 17:25:44.480] ServiceContainer: Registered 'WeeklyTimeReportScreen' (singleton=False)
[2026-01-06 17:25:44.481] MenuRegistry: Registered 'Weekly Report' in 'Time' menu (hotkey=W order=10)
[2026-01-06 17:25:44.483] MenuRegistry: Registered 'Weekly Report' in 'Time' menu (hotkey=W order=10)
[2026-01-06 17:25:44.485] ServiceContainer: Registered 'TimeListScreen' (singleton=False)
[2026-01-06 17:25:44.487] MenuRegistry: Registered 'Time Tracking' in 'Time' menu (hotkey=T order=5)
[2026-01-06 17:25:44.489] MenuRegistry: Registered 'Time Tracking' in 'Time' menu (hotkey=T order=5)
[2026-01-06 17:25:44.491] ServiceContainer: Registered 'HelpViewScreen' (singleton=False)
[2026-01-06 17:25:44.492] MenuRegistry: Registered 'Help' in 'Help' menu (hotkey=H order=10)
[2026-01-06 17:25:44.494] MenuRegistry: Registered 'Help' in 'Help' menu (hotkey=H order=10)
[2026-01-06 17:25:44.496] ServiceContainer: Resolving 'TaskListScreen'...
[2026-01-06 17:25:44.499] ServiceContainer: Resolving 'TaskStore'...
[2026-01-06 17:25:44.699] ServiceContainer: Resolved 'TaskStore' successfully
[2026-01-06 17:25:45.927] _PopulateMenusFromRegistry: Menu 'Options' has 2 items from registry (array)
[2026-01-06 17:25:45.956] _PopulateMenusFromRegistry: Menu 'Tools' has 6 items from registry (array)
[2026-01-06 17:25:45.960] _PopulateMenusFromRegistry: Menu 'Projects' has 3 items from registry (array)
[2026-01-06 17:25:45.963] _PopulateMenusFromRegistry: Menu 'Help' has 1 items from registry (array)
[2026-01-06 17:25:45.966] _PopulateMenusFromRegistry: Menu 'Tasks' has 1 items from registry (array)
[2026-01-06 17:25:45.970] _PopulateMenusFromRegistry: Menu 'Time' has 3 items from registry (array)
[2026-01-06 17:25:45.973] ServiceContainer: Resolved 'TaskListScreen' successfully
[2026-01-06 17:25:52.185] [INFO] *** STANDARDLISTSCREEN.ADDITEM CALLED on type=TaskListScreen key=TaskList ***
[2026-01-06 17:25:52.334] [INFO] StandardListScreen.AddItem: ActiveModal set to InlineEditor. ShowInlineEditor=True
[2026-01-06 17:25:52.648] [INFO] StandardListScreen.RenderContentToEngine: Rendering InlineEditor at Y=14
[2026-01-06 17:26:07.890] [INFO] StandardListScreen.RenderContentToEngine: Rendering InlineEditor at Y=14
[2026-01-06 17:26:08.533] [INFO] StandardListScreen.RenderContentToEngine: Rendering InlineEditor at Y=14
[2026-01-06 17:26:10.117] [INFO] StandardListScreen.RenderContentToEngine: Rendering InlineEditor at Y=14
[2026-01-06 17:26:12.490] [INFO] StandardListScreen.RenderContentToEngine: Rendering InlineEditor at Y=14
[2026-01-06 17:26:15.318] [INFO] StandardListScreen.RenderContentToEngine: Rendering InlineEditor at Y=14
[2026-01-06 17:26:16.154] [INFO] StandardListScreen.RenderContentToEngine: Rendering InlineEditor at Y=14
[2026-01-06 17:26:16.730] [INFO] StandardListScreen.RenderContentToEngine: Rendering InlineEditor at Y=14
[2026-01-06 17:26:18.178] [INFO] StandardListScreen.RenderContentToEngine: Rendering InlineEditor at Y=14
[2026-01-06 17:26:19.134] [INFO] StandardListScreen.RenderContentToEngine: Rendering InlineEditor at Y=14
[2026-01-06 17:26:19.434] [INFO] StandardListScreen.RenderContentToEngine: Rendering InlineEditor at Y=14
[2026-01-06 17:26:20.374] [INFO] StandardListScreen.RenderContentToEngine: Rendering InlineEditor at Y=14
[2026-01-06 17:26:23.678] [INFO] TaskListScreen.OnInlineEditConfirmed called - EditorMode=add
[2026-01-06 17:26:23.736] [INFO] TaskListScreen.OnItemCreated: Called with values: {"project":"proj1","text":"t5","due":"2026-01-06T00:00:00","tags":[]}
[2026-01-06 17:26:23.944] [INFO] TaskListScreen.OnInlineEditConfirmed: Editor closed
[2026-01-06 17:27:38.418] [INFO] *** STANDARDLISTSCREEN.DELETEITEM CALLED ***
