[2025-12-19 22:13:05.670] ServiceContainer: Registered 'Theme' (singleton=True)
[2025-12-19 22:13:05.682] ServiceContainer: Registered 'ThemeManager' (singleton=True)
[2025-12-19 22:13:05.684] ServiceContainer: Registered 'Config' (singleton=True)
[2025-12-19 22:13:05.685] ServiceContainer: Registered 'TaskStore' (singleton=True)
[2025-12-19 22:13:05.686] ServiceContainer: Registered 'MenuRegistry' (singleton=True)
[2025-12-19 22:13:05.687] ServiceContainer: Registered 'Application' (singleton=True)
[2025-12-19 22:13:05.688] ServiceContainer: Registered 'CommandService' (singleton=True)
[2025-12-19 22:13:05.689] ServiceContainer: Registered 'ChecklistService' (singleton=True)
[2025-12-19 22:13:05.690] ServiceContainer: Registered 'NoteService' (singleton=True)
[2025-12-19 22:13:05.691] ServiceContainer: Registered 'ExcelMappingService' (singleton=True)
[2025-12-19 22:13:05.692] ServiceContainer: Registered 'PreferencesService' (singleton=True)
[2025-12-19 22:13:05.693] ServiceContainer: Registered 'TaskListScreen' (singleton=False)
[2025-12-19 22:13:05.712] ServiceContainer: Resolving 'Application'...
[2025-12-19 22:13:05.715] ServiceContainer: Resolving 'Theme'...
[2025-12-19 22:13:05.994] ServiceContainer: Resolved 'Theme' successfully
[2025-12-19 22:13:06.096] ServiceContainer: Resolving 'ThemeManager'...
[2025-12-19 22:13:06.099] ServiceContainer: Resolved 'ThemeManager' successfully
[2025-12-19 22:13:06.127] ServiceContainer: Resolved 'Application' successfully
[2025-12-19 22:13:06.129] ServiceContainer: Resolving 'MenuRegistry'...
[2025-12-19 22:13:06.146] ServiceContainer: Resolved 'MenuRegistry' successfully
[2025-12-19 22:13:06.171] MenuRegistry: Loaded manifest with 23 entries
[2025-12-19 22:13:06.202] ServiceContainer: Registered 'NotesMenuScreen' (singleton=False)
[2025-12-19 22:13:06.204] MenuRegistry: Registered screen factory 'NotesMenuScreen' in container (viewMode=)
[2025-12-19 22:13:06.223] MenuRegistry: Registered 'Notes' in 'Tools' menu (hotkey=N order=20)
[2025-12-19 22:13:06.226] ServiceContainer: Registered 'TimeListScreen' (singleton=False)
[2025-12-19 22:13:06.227] MenuRegistry: Registered screen factory 'TimeListScreen' in container (viewMode=)
[2025-12-19 22:13:06.229] MenuRegistry: Registered 'Time Tracking' in 'Time' menu (hotkey=T order=5)
[2025-12-19 22:13:06.233] ServiceContainer: Registered 'TaskListScreen_Agenda' (singleton=False)
[2025-12-19 22:13:06.234] MenuRegistry: Registered screen factory 'TaskListScreen_Agenda' in container (viewMode=agenda)
[2025-12-19 22:13:06.236] MenuRegistry: Registered 'Agenda View' in 'Tasks' menu (hotkey=A order=50)
[2025-12-19 22:13:06.237] ServiceContainer: Registered 'SettingsScreen' (singleton=False)
[2025-12-19 22:13:06.238] MenuRegistry: Registered screen factory 'SettingsScreen' in container (viewMode=)
[2025-12-19 22:13:06.240] MenuRegistry: Registered 'Settings' in 'Options' menu (hotkey=S order=20)
[2025-12-19 22:13:06.241] ServiceContainer: Registered 'ExcelImportScreen' (singleton=False)
[2025-12-19 22:13:06.242] MenuRegistry: Registered screen factory 'ExcelImportScreen' in container (viewMode=)
[2025-12-19 22:13:06.244] MenuRegistry: Registered 'Import from Excel' in 'Projects' menu (hotkey=I order=40)
[2025-12-19 22:13:06.245] ServiceContainer: Registered 'TaskListScreen_Today' (singleton=False)
[2025-12-19 22:13:06.246] MenuRegistry: Registered screen factory 'TaskListScreen_Today' in container (viewMode=today)
[2025-12-19 22:13:06.248] MenuRegistry: Registered 'Today' in 'Tasks' menu (hotkey=Y order=10)
[2025-12-19 22:13:06.249] ServiceContainer: Registered 'TaskListScreen_Default' (singleton=False)
[2025-12-19 22:13:06.250] MenuRegistry: Registered screen factory 'TaskListScreen_Default' in container (viewMode=)
[2025-12-19 22:13:06.251] MenuRegistry: Registered 'Task List' in 'Tasks' menu (hotkey=L order=5)
[2025-12-19 22:13:06.253] ServiceContainer: Registered 'TaskListScreen_NoDate' (singleton=False)
[2025-12-19 22:13:06.254] MenuRegistry: Registered screen factory 'TaskListScreen_NoDate' in container (viewMode=noduedate)
[2025-12-19 22:13:06.256] MenuRegistry: Registered 'No Due Date' in 'Tasks' menu (hotkey=D order=40)
[2025-12-19 22:13:06.258] ServiceContainer: Registered 'ProjectListScreen' (singleton=False)
[2025-12-19 22:13:06.259] MenuRegistry: Registered screen factory 'ProjectListScreen' in container (viewMode=)
[2025-12-19 22:13:06.261] MenuRegistry: Registered 'Project List' in 'Projects' menu (hotkey=L order=10)
[2025-12-19 22:13:06.269] ServiceContainer: Registered 'TaskListScreen_NextActions' (singleton=False)
[2025-12-19 22:13:06.270] MenuRegistry: Registered screen factory 'TaskListScreen_NextActions' in container (viewMode=nextactions)
[2025-12-19 22:13:06.272] MenuRegistry: Registered 'Next Actions' in 'Tasks' menu (hotkey=N order=35)
[2025-12-19 22:13:06.273] ServiceContainer: Registered 'ExcelProfileManagerScreen' (singleton=False)
[2025-12-19 22:13:06.274] MenuRegistry: Registered screen factory 'ExcelProfileManagerScreen' in container (viewMode=)
[2025-12-19 22:13:06.276] MenuRegistry: Registered 'Excel Profiles' in 'Projects' menu (hotkey=M order=50)
[2025-12-19 22:13:06.277] ServiceContainer: Registered 'TaskListScreen_Month' (singleton=False)
[2025-12-19 22:13:06.278] MenuRegistry: Registered screen factory 'TaskListScreen_Month' in container (viewMode=month)
[2025-12-19 22:13:06.279] MenuRegistry: Registered 'Month View' in 'Tasks' menu (hotkey=M order=45)
[2025-12-19 22:13:06.281] ServiceContainer: Registered 'ChecklistTemplatesFolderScreen' (singleton=False)
[2025-12-19 22:13:06.282] MenuRegistry: Registered screen factory 'ChecklistTemplatesFolderScreen' in container (viewMode=)
[2025-12-19 22:13:06.284] MenuRegistry: Registered 'Checklist Templates' in 'Tools' menu (hotkey=H order=30)
[2025-12-19 22:13:06.286] ServiceContainer: Registered 'TimeReportScreen' (singleton=False)
[2025-12-19 22:13:06.287] MenuRegistry: Registered screen factory 'TimeReportScreen' in container (viewMode=)
[2025-12-19 22:13:06.289] MenuRegistry: Registered 'Time Report' in 'Time' menu (hotkey=R order=20)
[2025-12-19 22:13:06.291] ServiceContainer: Registered 'TaskListScreen_Upcoming' (singleton=False)
[2025-12-19 22:13:06.293] MenuRegistry: Registered screen factory 'TaskListScreen_Upcoming' in container (viewMode=upcoming)
[2025-12-19 22:13:06.294] MenuRegistry: Registered 'Upcoming' in 'Tasks' menu (hotkey=U order=25)
[2025-12-19 22:13:06.297] ServiceContainer: Registered 'ChecklistsLauncherScreen' (singleton=False)
[2025-12-19 22:13:06.298] MenuRegistry: Registered screen factory 'ChecklistsLauncherScreen' in container (viewMode=)
[2025-12-19 22:13:06.299] MenuRegistry: Registered 'Checklists' in 'Tools' menu (hotkey=C order=25)
[2025-12-19 22:13:06.301] ServiceContainer: Registered 'CommandLibraryScreen' (singleton=False)
[2025-12-19 22:13:06.302] MenuRegistry: Registered screen factory 'CommandLibraryScreen' in container (viewMode=)
[2025-12-19 22:13:06.303] MenuRegistry: Registered 'Command Library' in 'Tools' menu (hotkey=L order=10)
[2025-12-19 22:13:06.305] ServiceContainer: Registered 'ThemeEditorScreen' (singleton=False)
[2025-12-19 22:13:06.307] MenuRegistry: Registered screen factory 'ThemeEditorScreen' in container (viewMode=)
[2025-12-19 22:13:06.308] MenuRegistry: Registered 'Theme Editor' in 'Options' menu (hotkey=T order=10)
[2025-12-19 22:13:06.310] ServiceContainer: Registered 'WeeklyTimeReportScreen' (singleton=False)
[2025-12-19 22:13:06.311] MenuRegistry: Registered screen factory 'WeeklyTimeReportScreen' in container (viewMode=)
[2025-12-19 22:13:06.313] MenuRegistry: Registered 'Weekly Report' in 'Time' menu (hotkey=W order=10)
[2025-12-19 22:13:06.315] ServiceContainer: Registered 'TaskListScreen_Tomorrow' (singleton=False)
[2025-12-19 22:13:06.316] MenuRegistry: Registered screen factory 'TaskListScreen_Tomorrow' in container (viewMode=tomorrow)
[2025-12-19 22:13:06.318] MenuRegistry: Registered 'Tomorrow' in 'Tasks' menu (hotkey=T order=15)
[2025-12-19 22:13:06.320] ServiceContainer: Registered 'TaskListScreen_Overdue' (singleton=False)
[2025-12-19 22:13:06.322] MenuRegistry: Registered screen factory 'TaskListScreen_Overdue' in container (viewMode=overdue)
[2025-12-19 22:13:06.324] MenuRegistry: Registered 'Overdue' in 'Tasks' menu (hotkey=O order=30)
[2025-12-19 22:13:06.328] ServiceContainer: Registered 'HelpViewScreen' (singleton=False)
[2025-12-19 22:13:06.330] MenuRegistry: Registered screen factory 'HelpViewScreen' in container (viewMode=)
[2025-12-19 22:13:06.332] MenuRegistry: Registered 'Help' in 'Help' menu (hotkey=H order=10)
[2025-12-19 22:13:06.336] ServiceContainer: Registered 'TaskListScreen_Week' (singleton=False)
[2025-12-19 22:13:06.338] MenuRegistry: Registered screen factory 'TaskListScreen_Week' in container (viewMode=week)
[2025-12-19 22:13:06.367] MenuRegistry: Registered 'Week View' in 'Tasks' menu (hotkey=W order=20)
[2025-12-19 22:13:06.369] ServiceContainer: Resolving 'TaskListScreen'...
[2025-12-19 22:13:06.371] ServiceContainer: Resolving 'TaskStore'...
[2025-12-19 22:13:06.693] ServiceContainer: Resolved 'TaskStore' successfully
[2025-12-19 22:13:07.783] _PopulateMenusFromRegistry: Menu 'Projects' has 3 items from registry (array)
[2025-12-19 22:13:07.809] _PopulateMenusFromRegistry: Menu 'Options' has 2 items from registry (array)
[2025-12-19 22:13:07.814] _PopulateMenusFromRegistry: Menu 'Help' has 1 items from registry (array)
[2025-12-19 22:13:07.818] _PopulateMenusFromRegistry: Menu 'Tools' has 4 items from registry (array)
[2025-12-19 22:13:07.825] _PopulateMenusFromRegistry: Menu 'Tasks' has 10 items from registry (array)
[2025-12-19 22:13:07.829] _PopulateMenusFromRegistry: Menu 'Time' has 3 items from registry (array)
[2025-12-19 22:13:07.832] ServiceContainer: Resolved 'TaskListScreen' successfully
