[2025-12-19 23:20:56.782] ServiceContainer: Registered 'Theme' (singleton=True)
[2025-12-19 23:20:56.800] ServiceContainer: Registered 'ThemeManager' (singleton=True)
[2025-12-19 23:20:56.802] ServiceContainer: Registered 'Config' (singleton=True)
[2025-12-19 23:20:56.804] ServiceContainer: Registered 'TaskStore' (singleton=True)
[2025-12-19 23:20:56.805] ServiceContainer: Registered 'MenuRegistry' (singleton=True)
[2025-12-19 23:20:56.807] ServiceContainer: Registered 'Application' (singleton=True)
[2025-12-19 23:20:56.819] ServiceContainer: Registered 'CommandService' (singleton=True)
[2025-12-19 23:20:56.820] ServiceContainer: Registered 'ChecklistService' (singleton=True)
[2025-12-19 23:20:56.821] ServiceContainer: Registered 'NoteService' (singleton=True)
[2025-12-19 23:20:56.822] ServiceContainer: Registered 'ExcelMappingService' (singleton=True)
[2025-12-19 23:20:56.824] ServiceContainer: Registered 'PreferencesService' (singleton=True)
[2025-12-19 23:20:56.825] ServiceContainer: Registered 'TaskListScreen' (singleton=False)
[2025-12-19 23:20:56.843] ServiceContainer: Resolving 'Application'...
[2025-12-19 23:20:56.844] ServiceContainer: Resolving 'Theme'...
[2025-12-19 23:20:57.019] ServiceContainer: Resolved 'Theme' successfully
[2025-12-19 23:20:57.121] ServiceContainer: Resolving 'ThemeManager'...
[2025-12-19 23:20:57.123] ServiceContainer: Resolved 'ThemeManager' successfully
[2025-12-19 23:20:57.140] ServiceContainer: Resolved 'Application' successfully
[2025-12-19 23:20:57.141] ServiceContainer: Resolving 'MenuRegistry'...
[2025-12-19 23:20:57.156] ServiceContainer: Resolved 'MenuRegistry' successfully
[2025-12-19 23:20:57.176] MenuRegistry: Loaded manifest with 23 entries
[2025-12-19 23:20:57.204] ServiceContainer: Registered 'HelpViewScreen' (singleton=False)
[2025-12-19 23:20:57.205] MenuRegistry: Registered screen factory 'HelpViewScreen' in container (viewMode=)
[2025-12-19 23:20:57.228] MenuRegistry: Registered 'Help' in 'Help' menu (hotkey=H order=10)
[2025-12-19 23:20:57.231] ServiceContainer: Registered 'TaskListScreen_NextActions' (singleton=False)
[2025-12-19 23:20:57.232] MenuRegistry: Registered screen factory 'TaskListScreen_NextActions' in container (viewMode=nextactions)
[2025-12-19 23:20:57.234] MenuRegistry: Registered 'Next Actions' in 'Tasks' menu (hotkey=N order=35)
[2025-12-19 23:20:57.235] ServiceContainer: Registered 'NotesMenuScreen' (singleton=False)
[2025-12-19 23:20:57.236] MenuRegistry: Registered screen factory 'NotesMenuScreen' in container (viewMode=)
[2025-12-19 23:20:57.237] MenuRegistry: Registered 'Notes' in 'Tools' menu (hotkey=N order=20)
[2025-12-19 23:20:57.239] ServiceContainer: Registered 'TaskListScreen_Tomorrow' (singleton=False)
[2025-12-19 23:20:57.239] MenuRegistry: Registered screen factory 'TaskListScreen_Tomorrow' in container (viewMode=tomorrow)
[2025-12-19 23:20:57.241] MenuRegistry: Registered 'Tomorrow' in 'Tasks' menu (hotkey=T order=15)
[2025-12-19 23:20:57.242] ServiceContainer: Registered 'TimeReportScreen' (singleton=False)
[2025-12-19 23:20:57.243] MenuRegistry: Registered screen factory 'TimeReportScreen' in container (viewMode=)
[2025-12-19 23:20:57.244] MenuRegistry: Registered 'Time Report' in 'Time' menu (hotkey=R order=20)
[2025-12-19 23:20:57.246] ServiceContainer: Registered 'SettingsScreen' (singleton=False)
[2025-12-19 23:20:57.246] MenuRegistry: Registered screen factory 'SettingsScreen' in container (viewMode=)
[2025-12-19 23:20:57.247] MenuRegistry: Registered 'Settings' in 'Options' menu (hotkey=S order=20)
[2025-12-19 23:20:57.249] ServiceContainer: Registered 'TaskListScreen_Overdue' (singleton=False)
[2025-12-19 23:20:57.250] MenuRegistry: Registered screen factory 'TaskListScreen_Overdue' in container (viewMode=overdue)
[2025-12-19 23:20:57.251] MenuRegistry: Registered 'Overdue' in 'Tasks' menu (hotkey=O order=30)
[2025-12-19 23:20:57.252] ServiceContainer: Registered 'TaskListScreen_Upcoming' (singleton=False)
[2025-12-19 23:20:57.253] MenuRegistry: Registered screen factory 'TaskListScreen_Upcoming' in container (viewMode=upcoming)
[2025-12-19 23:20:57.254] MenuRegistry: Registered 'Upcoming' in 'Tasks' menu (hotkey=U order=25)
[2025-12-19 23:20:57.255] ServiceContainer: Registered 'ProjectListScreen' (singleton=False)
[2025-12-19 23:20:57.256] MenuRegistry: Registered screen factory 'ProjectListScreen' in container (viewMode=)
[2025-12-19 23:20:57.258] MenuRegistry: Registered 'Project List' in 'Projects' menu (hotkey=L order=10)
[2025-12-19 23:20:57.259] ServiceContainer: Registered 'ChecklistsLauncherScreen' (singleton=False)
[2025-12-19 23:20:57.260] MenuRegistry: Registered screen factory 'ChecklistsLauncherScreen' in container (viewMode=)
[2025-12-19 23:20:57.261] MenuRegistry: Registered 'Checklists' in 'Tools' menu (hotkey=C order=25)
[2025-12-19 23:20:57.262] ServiceContainer: Registered 'TaskListScreen_NoDate' (singleton=False)
[2025-12-19 23:20:57.263] MenuRegistry: Registered screen factory 'TaskListScreen_NoDate' in container (viewMode=noduedate)
[2025-12-19 23:20:57.264] MenuRegistry: Registered 'No Due Date' in 'Tasks' menu (hotkey=D order=40)
[2025-12-19 23:20:57.266] ServiceContainer: Registered 'CommandLibraryScreen' (singleton=False)
[2025-12-19 23:20:57.267] MenuRegistry: Registered screen factory 'CommandLibraryScreen' in container (viewMode=)
[2025-12-19 23:20:57.268] MenuRegistry: Registered 'Command Library' in 'Tools' menu (hotkey=L order=10)
[2025-12-19 23:20:57.270] ServiceContainer: Registered 'ChecklistTemplatesFolderScreen' (singleton=False)
[2025-12-19 23:20:57.271] MenuRegistry: Registered screen factory 'ChecklistTemplatesFolderScreen' in container (viewMode=)
[2025-12-19 23:20:57.272] MenuRegistry: Registered 'Checklist Templates' in 'Tools' menu (hotkey=H order=30)
[2025-12-19 23:20:57.273] ServiceContainer: Registered 'TaskListScreen_Default' (singleton=False)
[2025-12-19 23:20:57.274] MenuRegistry: Registered screen factory 'TaskListScreen_Default' in container (viewMode=)
[2025-12-19 23:20:57.275] MenuRegistry: Registered 'Task List' in 'Tasks' menu (hotkey=L order=5)
[2025-12-19 23:20:57.276] ServiceContainer: Registered 'TimeListScreen' (singleton=False)
[2025-12-19 23:20:57.277] MenuRegistry: Registered screen factory 'TimeListScreen' in container (viewMode=)
[2025-12-19 23:20:57.298] MenuRegistry: Registered 'Time Tracking' in 'Time' menu (hotkey=T order=5)
[2025-12-19 23:20:57.299] ServiceContainer: Registered 'TaskListScreen_Week' (singleton=False)
[2025-12-19 23:20:57.300] MenuRegistry: Registered screen factory 'TaskListScreen_Week' in container (viewMode=week)
[2025-12-19 23:20:57.301] MenuRegistry: Registered 'Week View' in 'Tasks' menu (hotkey=W order=20)
[2025-12-19 23:20:57.303] ServiceContainer: Registered 'TaskListScreen_Agenda' (singleton=False)
[2025-12-19 23:20:57.303] MenuRegistry: Registered screen factory 'TaskListScreen_Agenda' in container (viewMode=agenda)
[2025-12-19 23:20:57.304] MenuRegistry: Registered 'Agenda View' in 'Tasks' menu (hotkey=A order=50)
[2025-12-19 23:20:57.306] ServiceContainer: Registered 'TaskListScreen_Month' (singleton=False)
[2025-12-19 23:20:57.307] MenuRegistry: Registered screen factory 'TaskListScreen_Month' in container (viewMode=month)
[2025-12-19 23:20:57.309] MenuRegistry: Registered 'Month View' in 'Tasks' menu (hotkey=M order=45)
[2025-12-19 23:20:57.311] ServiceContainer: Registered 'ExcelImportScreen' (singleton=False)
[2025-12-19 23:20:57.313] MenuRegistry: Registered screen factory 'ExcelImportScreen' in container (viewMode=)
[2025-12-19 23:20:57.314] MenuRegistry: Registered 'Import from Excel' in 'Projects' menu (hotkey=I order=40)
[2025-12-19 23:20:57.317] ServiceContainer: Registered 'TaskListScreen_Today' (singleton=False)
[2025-12-19 23:20:57.318] MenuRegistry: Registered screen factory 'TaskListScreen_Today' in container (viewMode=today)
[2025-12-19 23:20:57.319] MenuRegistry: Registered 'Today' in 'Tasks' menu (hotkey=Y order=10)
[2025-12-19 23:20:57.321] ServiceContainer: Registered 'ThemeEditorScreen' (singleton=False)
[2025-12-19 23:20:57.322] MenuRegistry: Registered screen factory 'ThemeEditorScreen' in container (viewMode=)
[2025-12-19 23:20:57.323] MenuRegistry: Registered 'Theme Editor' in 'Options' menu (hotkey=T order=10)
[2025-12-19 23:20:57.324] ServiceContainer: Registered 'WeeklyTimeReportScreen' (singleton=False)
[2025-12-19 23:20:57.325] MenuRegistry: Registered screen factory 'WeeklyTimeReportScreen' in container (viewMode=)
[2025-12-19 23:20:57.326] MenuRegistry: Registered 'Weekly Report' in 'Time' menu (hotkey=W order=10)
[2025-12-19 23:20:57.328] ServiceContainer: Registered 'ExcelProfileManagerScreen' (singleton=False)
[2025-12-19 23:20:57.329] MenuRegistry: Registered screen factory 'ExcelProfileManagerScreen' in container (viewMode=)
[2025-12-19 23:20:57.330] MenuRegistry: Registered 'Excel Profiles' in 'Projects' menu (hotkey=M order=50)
[2025-12-19 23:20:57.331] ServiceContainer: Resolving 'TaskListScreen'...
[2025-12-19 23:20:57.333] ServiceContainer: Resolving 'TaskStore'...
[2025-12-19 23:20:57.548] ServiceContainer: Resolved 'TaskStore' successfully
[2025-12-19 23:20:58.448] _PopulateMenusFromRegistry: Menu 'Options' has 2 items from registry (array)
[2025-12-19 23:20:58.475] _PopulateMenusFromRegistry: Menu 'Tools' has 4 items from registry (array)
[2025-12-19 23:20:58.481] _PopulateMenusFromRegistry: Menu 'Tasks' has 10 items from registry (array)
[2025-12-19 23:20:58.485] _PopulateMenusFromRegistry: Menu 'Projects' has 3 items from registry (array)
[2025-12-19 23:20:58.488] _PopulateMenusFromRegistry: Menu 'Help' has 1 items from registry (array)
[2025-12-19 23:20:58.491] _PopulateMenusFromRegistry: Menu 'Time' has 3 items from registry (array)
[2025-12-19 23:20:58.493] ServiceContainer: Resolved 'TaskListScreen' successfully
