[2025-12-31 11:19:08.585] ServiceContainer: Registered 'Theme' (singleton=True)
[2025-12-31 11:19:08.591] ServiceContainer: Registered 'ThemeManager' (singleton=True)
[2025-12-31 11:19:08.593] ServiceContainer: Registered 'Config' (singleton=True)
[2025-12-31 11:19:08.595] ServiceContainer: Registered 'TaskStore' (singleton=True)
[2025-12-31 11:19:08.597] ServiceContainer: Registered 'MenuRegistry' (singleton=True)
[2025-12-31 11:19:08.599] ServiceContainer: Registered 'Application' (singleton=True)
[2025-12-31 11:19:08.601] ServiceContainer: Registered 'CommandService' (singleton=True)
[2025-12-31 11:19:08.603] ServiceContainer: Registered 'ChecklistService' (singleton=True)
[2025-12-31 11:19:08.604] ServiceContainer: Registered 'NoteService' (singleton=True)
[2025-12-31 11:19:08.606] ServiceContainer: Registered 'ExcelMappingService' (singleton=True)
[2025-12-31 11:19:08.608] ServiceContainer: Registered 'ExcelCopyService' (singleton=True)
[2025-12-31 11:19:08.609] ServiceContainer: Registered 'PreferencesService' (singleton=True)
[2025-12-31 11:19:08.611] ServiceContainer: Registered 'ExcelImportService' (singleton=True)
[2025-12-31 11:19:08.613] ServiceContainer: Registered 'TextExportService' (singleton=True)
[2025-12-31 11:19:08.615] ServiceContainer: Registered 'TaskListScreen' (singleton=False)
[2025-12-31 11:19:08.639] ServiceContainer: Resolving 'Application'...
[2025-12-31 11:19:08.642] ServiceContainer: Resolving 'Theme'...
[2025-12-31 11:19:08.846] ServiceContainer: Resolved 'Theme' successfully
[2025-12-31 11:19:08.973] ServiceContainer: Resolving 'ThemeManager'...
[2025-12-31 11:19:08.977] ServiceContainer: Resolved 'ThemeManager' successfully
[2025-12-31 11:19:08.999] ServiceContainer: Resolved 'Application' successfully
[2025-12-31 11:19:09.001] ServiceContainer: Resolving 'MenuRegistry'...
[2025-12-31 11:19:09.023] ServiceContainer: Resolved 'MenuRegistry' successfully
[2025-12-31 11:19:09.053] MenuRegistry: Loaded manifest with 16 entries
[2025-12-31 11:19:09.099] ServiceContainer: Registered 'ExcelImportScreen' (singleton=False)
[2025-12-31 11:19:09.101] MenuRegistry: Registered 'Import from Excel' in 'Projects' menu (hotkey=I order=40)
[2025-12-31 11:19:09.126] MenuRegistry: Registered 'Import from Excel' in 'Projects' menu (hotkey=I order=40)
[2025-12-31 11:19:09.129] ServiceContainer: Registered 'ExcelImportProfileManagerScreen' (singleton=False)
[2025-12-31 11:19:09.130] MenuRegistry: Registered 'Excel Import Profiles' in 'Tools' menu (hotkey=I order=40)
[2025-12-31 11:19:09.133] MenuRegistry: Registered 'Excel Import Profiles' in 'Tools' menu (hotkey=I order=40)
[2025-12-31 11:19:09.136] ServiceContainer: Registered 'ChecklistTemplatesFolderScreen' (singleton=False)
[2025-12-31 11:19:09.177] MenuRegistry: Registered 'Checklist Templates' in 'Tools' menu (hotkey=H order=30)
[2025-12-31 11:19:09.180] MenuRegistry: Registered 'Checklist Templates' in 'Tools' menu (hotkey=H order=30)
[2025-12-31 11:19:09.182] ServiceContainer: Registered 'HelpViewScreen' (singleton=False)
[2025-12-31 11:19:09.184] MenuRegistry: Registered 'Help' in 'Help' menu (hotkey=H order=10)
[2025-12-31 11:19:09.186] MenuRegistry: Registered 'Help' in 'Help' menu (hotkey=H order=10)
[2025-12-31 11:19:09.189] ServiceContainer: Registered 'SettingsScreen' (singleton=False)
[2025-12-31 11:19:09.190] MenuRegistry: Registered 'Settings' in 'Options' menu (hotkey=S order=20)
[2025-12-31 11:19:09.193] MenuRegistry: Registered 'Settings' in 'Options' menu (hotkey=S order=20)
[2025-12-31 11:19:09.195] ServiceContainer: Registered 'ChecklistsLauncherScreen' (singleton=False)
[2025-12-31 11:19:09.197] MenuRegistry: Registered 'Checklists' in 'Tools' menu (hotkey=C order=25)
[2025-12-31 11:19:09.199] MenuRegistry: Registered 'Checklists' in 'Tools' menu (hotkey=C order=25)
[2025-12-31 11:19:09.202] ServiceContainer: Registered 'TaskListScreen_Default' (singleton=False)
[2025-12-31 11:19:09.203] MenuRegistry: Registered 'Task List' in 'Tasks' menu (hotkey=L order=5)
[2025-12-31 11:19:09.206] MenuRegistry: Registered 'Task List' in 'Tasks' menu (hotkey=L order=5)
[2025-12-31 11:19:09.208] ServiceContainer: Registered 'ExcelProfileManagerScreen' (singleton=False)
[2025-12-31 11:19:09.210] MenuRegistry: Registered 'Excel Profiles' in 'Projects' menu (hotkey=M order=50)
[2025-12-31 11:19:09.212] MenuRegistry: Registered 'Excel Profiles' in 'Projects' menu (hotkey=M order=50)
[2025-12-31 11:19:09.215] ServiceContainer: Registered 'TimeReportScreen' (singleton=False)
[2025-12-31 11:19:09.216] MenuRegistry: Registered 'Time Report' in 'Time' menu (hotkey=R order=20)
[2025-12-31 11:19:09.219] MenuRegistry: Registered 'Time Report' in 'Time' menu (hotkey=R order=20)
[2025-12-31 11:19:09.221] ServiceContainer: Registered 'ThemeEditorScreen' (singleton=False)
[2025-12-31 11:19:09.222] MenuRegistry: Registered 'Theme Editor' in 'Options' menu (hotkey=T order=10)
[2025-12-31 11:19:09.225] MenuRegistry: Registered 'Theme Editor' in 'Options' menu (hotkey=T order=10)
[2025-12-31 11:19:09.227] ServiceContainer: Registered 'WeeklyTimeReportScreen' (singleton=False)
[2025-12-31 11:19:09.229] MenuRegistry: Registered 'Weekly Report' in 'Time' menu (hotkey=W order=10)
[2025-12-31 11:19:09.231] MenuRegistry: Registered 'Weekly Report' in 'Time' menu (hotkey=W order=10)
[2025-12-31 11:19:09.234] ServiceContainer: Registered 'TextExportProfileManagerScreen' (singleton=False)
[2025-12-31 11:19:09.235] MenuRegistry: Registered 'T2020 Export Profiles' in 'Tools' menu (hotkey=E order=45)
[2025-12-31 11:19:09.238] MenuRegistry: Registered 'T2020 Export Profiles' in 'Tools' menu (hotkey=E order=45)
[2025-12-31 11:19:09.240] ServiceContainer: Registered 'TimeListScreen' (singleton=False)
[2025-12-31 11:19:09.242] MenuRegistry: Registered 'Time Tracking' in 'Time' menu (hotkey=T order=5)
[2025-12-31 11:19:09.244] MenuRegistry: Registered 'Time Tracking' in 'Time' menu (hotkey=T order=5)
[2025-12-31 11:19:09.247] ServiceContainer: Registered 'CommandLibraryScreen' (singleton=False)
[2025-12-31 11:19:09.248] MenuRegistry: Registered 'Command Library' in 'Tools' menu (hotkey=L order=10)
[2025-12-31 11:19:09.251] MenuRegistry: Registered 'Command Library' in 'Tools' menu (hotkey=L order=10)
[2025-12-31 11:19:09.253] ServiceContainer: Registered 'NotesMenuScreen' (singleton=False)
[2025-12-31 11:19:09.255] MenuRegistry: Registered 'Notes' in 'Tools' menu (hotkey=N order=20)
[2025-12-31 11:19:09.257] MenuRegistry: Registered 'Notes' in 'Tools' menu (hotkey=N order=20)
[2025-12-31 11:19:09.260] ServiceContainer: Registered 'ProjectListScreen' (singleton=False)
[2025-12-31 11:19:09.261] MenuRegistry: Registered 'Project List' in 'Projects' menu (hotkey=L order=10)
[2025-12-31 11:19:09.264] MenuRegistry: Registered 'Project List' in 'Projects' menu (hotkey=L order=10)
[2025-12-31 11:19:09.272] ServiceContainer: Resolving 'TaskListScreen'...
[2025-12-31 11:19:09.275] ServiceContainer: Resolving 'TaskStore'...
[2025-12-31 11:19:10.040] ServiceContainer: Resolved 'TaskStore' successfully
[2025-12-31 11:19:11.514] _PopulateMenusFromRegistry: Menu 'Options' has 2 items from registry (array)
[2025-12-31 11:19:11.553] _PopulateMenusFromRegistry: Menu 'Tools' has 6 items from registry (array)
[2025-12-31 11:19:11.558] _PopulateMenusFromRegistry: Menu 'Time' has 3 items from registry (array)
[2025-12-31 11:19:11.564] _PopulateMenusFromRegistry: Menu 'Projects' has 3 items from registry (array)
[2025-12-31 11:19:11.568] _PopulateMenusFromRegistry: Menu 'Help' has 1 items from registry (array)
[2025-12-31 11:19:11.572] _PopulateMenusFromRegistry: Menu 'Tasks' has 1 items from registry (array)
[2025-12-31 11:19:11.577] ServiceContainer: Resolved 'TaskListScreen' successfully
