[2026-01-10 14:27:16.529] ServiceContainer: Registered 'Theme' (singleton=True)
[2026-01-10 14:27:16.532] ServiceContainer: Registered 'ThemeManager' (singleton=True)
[2026-01-10 14:27:16.533] ServiceContainer: Registered 'Config' (singleton=True)
[2026-01-10 14:27:16.533] ServiceContainer: Registered 'TaskStore' (singleton=True)
[2026-01-10 14:27:16.534] ServiceContainer: Registered 'MenuRegistry' (singleton=True)
[2026-01-10 14:27:16.535] ServiceContainer: Registered 'Application' (singleton=True)
[2026-01-10 14:27:16.535] ServiceContainer: Registered 'CommandService' (singleton=True)
[2026-01-10 14:27:16.536] ServiceContainer: Registered 'ChecklistService' (singleton=True)
[2026-01-10 14:27:16.537] ServiceContainer: Registered 'NoteService' (singleton=True)
[2026-01-10 14:27:16.538] ServiceContainer: Registered 'ExcelMappingService' (singleton=True)
[2026-01-10 14:27:16.539] ServiceContainer: Registered 'ExcelCopyService' (singleton=True)
[2026-01-10 14:27:16.539] ServiceContainer: Registered 'PreferencesService' (singleton=True)
[2026-01-10 14:27:16.540] ServiceContainer: Registered 'ExcelImportService' (singleton=True)
[2026-01-10 14:27:16.541] ServiceContainer: Registered 'TextExportService' (singleton=True)
[2026-01-10 14:27:16.542] ServiceContainer: Registered 'TaskListScreen' (singleton=False)
[2026-01-10 14:27:16.556] ServiceContainer: Resolving 'Application'...
[2026-01-10 14:27:16.557] ServiceContainer: Resolving 'Theme'...
[2026-01-10 14:27:16.716] ServiceContainer: Resolved 'Theme' successfully
[2026-01-10 14:27:16.778] ServiceContainer: Resolving 'ThemeManager'...
[2026-01-10 14:27:16.780] ServiceContainer: Resolved 'ThemeManager' successfully
[2026-01-10 14:27:16.790] ServiceContainer: Resolved 'Application' successfully
[2026-01-10 14:27:16.791] ServiceContainer: Resolving 'MenuRegistry'...
[2026-01-10 14:27:16.800] ServiceContainer: Resolved 'MenuRegistry' successfully
[2026-01-10 14:27:16.815] MenuRegistry: Loaded manifest with 17 entries
[2026-01-10 14:27:16.836] ServiceContainer: Registered 'HelpViewScreen' (singleton=False)
[2026-01-10 14:27:16.836] MenuRegistry: Registered 'Help' in 'Help' menu (hotkey=H order=10)
[2026-01-10 14:27:16.856] MenuRegistry: Registered 'Help' in 'Help' menu (hotkey=H order=10)
[2026-01-10 14:27:16.857] ServiceContainer: Registered 'SettingsScreen' (singleton=False)
[2026-01-10 14:27:16.858] MenuRegistry: Registered 'Settings' in 'Options' menu (hotkey=S order=20)
[2026-01-10 14:27:16.860] MenuRegistry: Registered 'Settings' in 'Options' menu (hotkey=S order=20)
[2026-01-10 14:27:16.861] ServiceContainer: Registered 'TimeListScreen' (singleton=False)
[2026-01-10 14:27:16.861] MenuRegistry: Registered 'Time Tracking' in 'Time' menu (hotkey=T order=5)
[2026-01-10 14:27:16.862] MenuRegistry: Registered 'Time Tracking' in 'Time' menu (hotkey=T order=5)
[2026-01-10 14:27:16.864] ServiceContainer: Registered 'ProjectListScreen' (singleton=False)
[2026-01-10 14:27:16.864] MenuRegistry: Registered 'Project List' in 'Projects' menu (hotkey=L order=10)
[2026-01-10 14:27:16.865] MenuRegistry: Registered 'Project List' in 'Projects' menu (hotkey=L order=10)
[2026-01-10 14:27:16.866] ServiceContainer: Registered 'NotesMenuScreen' (singleton=False)
[2026-01-10 14:27:16.867] MenuRegistry: Registered 'Notes' in 'Tools' menu (hotkey=N order=20)
[2026-01-10 14:27:16.868] MenuRegistry: Registered 'Notes' in 'Tools' menu (hotkey=N order=20)
[2026-01-10 14:27:16.869] ServiceContainer: Registered 'ChecklistTemplatesFolderScreen' (singleton=False)
[2026-01-10 14:27:16.870] MenuRegistry: Registered 'Checklist Templates' in 'Tools' menu (hotkey=H order=30)
[2026-01-10 14:27:16.871] MenuRegistry: Registered 'Checklist Templates' in 'Tools' menu (hotkey=H order=30)
[2026-01-10 14:27:16.872] ServiceContainer: Registered 'ExcelProfileManagerScreen' (singleton=False)
[2026-01-10 14:27:16.872] MenuRegistry: Registered 'Excel Profiles' in 'Projects' menu (hotkey=M order=50)
[2026-01-10 14:27:16.873] MenuRegistry: Registered 'Excel Profiles' in 'Projects' menu (hotkey=M order=50)
[2026-01-10 14:27:16.874] ServiceContainer: Registered 'WeeklyTimeReportScreen' (singleton=False)
[2026-01-10 14:27:16.875] MenuRegistry: Registered 'Weekly Report' in 'Time' menu (hotkey=W order=10)
[2026-01-10 14:27:16.876] MenuRegistry: Registered 'Weekly Report' in 'Time' menu (hotkey=W order=10)
[2026-01-10 14:27:16.877] ServiceContainer: Registered 'ChecklistsLauncherScreen' (singleton=False)
[2026-01-10 14:27:16.878] MenuRegistry: Registered 'Checklists' in 'Tools' menu (hotkey=C order=25)
[2026-01-10 14:27:16.879] MenuRegistry: Registered 'Checklists' in 'Tools' menu (hotkey=C order=25)
[2026-01-10 14:27:16.880] ServiceContainer: Registered 'TimeReportScreen' (singleton=False)
[2026-01-10 14:27:16.880] MenuRegistry: Registered 'Time Report' in 'Time' menu (hotkey=R order=20)
[2026-01-10 14:27:16.881] MenuRegistry: Registered 'Time Report' in 'Time' menu (hotkey=R order=20)
[2026-01-10 14:27:16.882] ServiceContainer: Registered 'CommandLibraryScreen' (singleton=False)
[2026-01-10 14:27:16.883] MenuRegistry: Registered 'Command Library' in 'Tools' menu (hotkey=L order=10)
[2026-01-10 14:27:16.884] MenuRegistry: Registered 'Command Library' in 'Tools' menu (hotkey=L order=10)
[2026-01-10 14:27:16.885] ServiceContainer: Registered 'CalendarScreen' (singleton=False)
[2026-01-10 14:27:16.885] MenuRegistry: Registered 'Calendar' in 'Tools' menu (hotkey=A order=50)
[2026-01-10 14:27:16.886] MenuRegistry: Registered 'Calendar' in 'Tools' menu (hotkey=A order=50)
[2026-01-10 14:27:16.887] ServiceContainer: Registered 'ExcelImportProfileManagerScreen' (singleton=False)
[2026-01-10 14:27:16.888] MenuRegistry: Registered 'Excel Import Profiles' in 'Tools' menu (hotkey=I order=40)
[2026-01-10 14:27:16.889] MenuRegistry: Registered 'Excel Import Profiles' in 'Tools' menu (hotkey=I order=40)
[2026-01-10 14:27:16.890] ServiceContainer: Registered 'TextExportProfileManagerScreen' (singleton=False)
[2026-01-10 14:27:16.891] MenuRegistry: Registered 'T2020 Export Profiles' in 'Tools' menu (hotkey=E order=45)
[2026-01-10 14:27:16.910] MenuRegistry: Registered 'T2020 Export Profiles' in 'Tools' menu (hotkey=E order=45)
[2026-01-10 14:27:16.911] ServiceContainer: Registered 'TaskListScreen_Default' (singleton=False)
[2026-01-10 14:27:16.912] MenuRegistry: Registered 'Task List' in 'Tasks' menu (hotkey=L order=5)
[2026-01-10 14:27:16.913] MenuRegistry: Registered 'Task List' in 'Tasks' menu (hotkey=L order=5)
[2026-01-10 14:27:16.914] ServiceContainer: Registered 'ThemeEditorScreen' (singleton=False)
[2026-01-10 14:27:16.915] MenuRegistry: Registered 'Theme Editor' in 'Options' menu (hotkey=T order=10)
[2026-01-10 14:27:16.916] MenuRegistry: Registered 'Theme Editor' in 'Options' menu (hotkey=T order=10)
[2026-01-10 14:27:16.917] ServiceContainer: Registered 'ExcelImportScreen' (singleton=False)
[2026-01-10 14:27:16.917] MenuRegistry: Registered 'Import from Excel' in 'Projects' menu (hotkey=I order=40)
[2026-01-10 14:27:16.919] MenuRegistry: Registered 'Import from Excel' in 'Projects' menu (hotkey=I order=40)
[2026-01-10 14:27:20.477] ServiceContainer: Resolving 'ProjectListScreen'...
[2026-01-10 14:27:20.727] [INFO] StandardListScreen._ConfigureListActions: Configuring actions for Projects
[2026-01-10 14:27:20.738] [INFO] StandardListScreen: Added footer shortcut D -> Delete
[2026-01-10 14:27:20.757] [INFO] StandardListScreen._ConfigureListActions: Configured 12 footer shortcuts
[2026-01-10 14:27:20.768] [INFO] StandardListScreen._ConfigureListActions: Configuring actions for Projects
[2026-01-10 14:27:20.770] [INFO] StandardListScreen: Added footer shortcut D -> Delete
[2026-01-10 14:27:20.773] [INFO] StandardListScreen._ConfigureListActions: Configured 12 footer shortcuts
[2026-01-10 14:27:20.779] ServiceContainer: Resolved 'ProjectListScreen' successfully
[2026-01-10 14:27:20.890] [INFO] StandardListScreen._ConfigureListActions: Configuring actions for Projects
[2026-01-10 14:27:20.892] [INFO] StandardListScreen: Added footer shortcut D -> Delete
[2026-01-10 14:27:20.895] [INFO] StandardListScreen._ConfigureListActions: Configured 12 footer shortcuts
[14:27:21.182] [Z-BUFFER] REJECTED at (62,7): currentZ=10 < zBuffer=20 char='T'
[14:27:21.184] [Z-BUFFER] REJECTED at (63,7): currentZ=10 < zBuffer=20 char='a'
[14:27:21.185] [Z-BUFFER] REJECTED at (64,7): currentZ=10 < zBuffer=20 char='s'
[14:27:21.186] [Z-BUFFER] REJECTED at (65,7): currentZ=10 < zBuffer=20 char='k'
[14:27:21.187] [Z-BUFFER] REJECTED at (66,7): currentZ=10 < zBuffer=20 char='s'
[14:27:23.326] [Z-BUFFER] REJECTED at (62,7): currentZ=10 < zBuffer=20 char='T'
[14:27:23.327] [Z-BUFFER] REJECTED at (63,7): currentZ=10 < zBuffer=20 char='a'
[14:27:23.327] [Z-BUFFER] REJECTED at (64,7): currentZ=10 < zBuffer=20 char='s'
[14:27:23.328] [Z-BUFFER] REJECTED at (65,7): currentZ=10 < zBuffer=20 char='k'
[14:27:23.328] [Z-BUFFER] REJECTED at (66,7): currentZ=10 < zBuffer=20 char='s'
[2026-01-10 14:27:24.252] ServiceContainer: Registered 'ProjectInfoScreenV4' (singleton=False)
[2026-01-10 14:27:24.253] ServiceContainer: Resolving 'ProjectInfoScreenV4'...
[2026-01-10 14:27:24.321] ServiceContainer: Resolving 'TaskStore'...
[2026-01-10 14:27:24.324] ServiceContainer: Resolved 'TaskStore' successfully
[2026-01-10 14:27:24.329] ServiceContainer: Resolved 'ProjectInfoScreenV4' successfully
[2026-01-10 14:27:24.562] TabbedScreen.EditCurrentField: field='ID1' fieldIndex=0 visibleIndex=0
[2026-01-10 14:27:24.563] TabbedScreen.EditCurrentField: TabPanel.Y=8 TabBarHeight=2 contentY=10
[2026-01-10 14:27:24.563] TabbedScreen.EditCurrentField: Calculated editor position: X=26 Y=10
[2026-01-10 14:27:28.430] TabbedScreen.HandleKeyPress: After InlineEditor.HandleInput - Key=D1 handled=True IsConfirmed=False IsCancelled=False
[2026-01-10 14:27:28.791] TabbedScreen.HandleKeyPress: After InlineEditor.HandleInput - Key=Enter handled=True IsConfirmed=True IsCancelled=False
[2026-01-10 14:27:28.792] TabbedScreen.HandleKeyPress: IsConfirmed=true, calling _SaveEditedField
