[2025-12-20 19:00:10.540] ServiceContainer: Registered 'Theme' (singleton=True)
[2025-12-20 19:00:10.546] ServiceContainer: Registered 'ThemeManager' (singleton=True)
[2025-12-20 19:00:10.547] ServiceContainer: Registered 'Config' (singleton=True)
[2025-12-20 19:00:10.549] ServiceContainer: Registered 'TaskStore' (singleton=True)
[2025-12-20 19:00:10.550] ServiceContainer: Registered 'MenuRegistry' (singleton=True)
[2025-12-20 19:00:10.551] ServiceContainer: Registered 'Application' (singleton=True)
[2025-12-20 19:00:10.553] ServiceContainer: Registered 'CommandService' (singleton=True)
[2025-12-20 19:00:10.554] ServiceContainer: Registered 'ChecklistService' (singleton=True)
[2025-12-20 19:00:10.556] ServiceContainer: Registered 'NoteService' (singleton=True)
[2025-12-20 19:00:10.558] ServiceContainer: Registered 'ExcelMappingService' (singleton=True)
[2025-12-20 19:00:10.560] ServiceContainer: Registered 'PreferencesService' (singleton=True)
[2025-12-20 19:00:10.562] ServiceContainer: Registered 'TaskListScreen' (singleton=False)
[2025-12-20 19:00:10.596] ServiceContainer: Resolving 'Application'...
[2025-12-20 19:00:10.599] ServiceContainer: Resolving 'Theme'...
[2025-12-20 19:00:10.922] ServiceContainer: Resolved 'Theme' successfully
[2025-12-20 19:00:11.038] ServiceContainer: Resolving 'ThemeManager'...
[2025-12-20 19:00:11.040] ServiceContainer: Resolved 'ThemeManager' successfully
[2025-12-20 19:00:11.062] ServiceContainer: Resolved 'Application' successfully
[2025-12-20 19:00:11.065] ServiceContainer: Resolving 'MenuRegistry'...
[2025-12-20 19:00:11.083] ServiceContainer: Resolved 'MenuRegistry' successfully
[2025-12-20 19:00:11.120] MenuRegistry: Loaded manifest with 23 entries
[2025-12-20 19:00:11.158] ServiceContainer: Registered 'TaskListScreen_Week' (singleton=False)
[2025-12-20 19:00:11.159] MenuRegistry: Registered screen factory 'TaskListScreen_Week' in container (viewMode=week)
[2025-12-20 19:00:11.179] MenuRegistry: Registered 'Week View' in 'Tasks' menu (hotkey=W order=20)
[2025-12-20 19:00:11.181] ServiceContainer: Registered 'TaskListScreen_Tomorrow' (singleton=False)
[2025-12-20 19:00:11.182] MenuRegistry: Registered screen factory 'TaskListScreen_Tomorrow' in container (viewMode=tomorrow)
[2025-12-20 19:00:11.185] MenuRegistry: Registered 'Tomorrow' in 'Tasks' menu (hotkey=T order=15)
[2025-12-20 19:00:11.187] ServiceContainer: Registered 'ThemeEditorScreen' (singleton=False)
[2025-12-20 19:00:11.188] MenuRegistry: Registered screen factory 'ThemeEditorScreen' in container (viewMode=)
[2025-12-20 19:00:11.191] MenuRegistry: Registered 'Theme Editor' in 'Options' menu (hotkey=T order=10)
[2025-12-20 19:00:11.194] ServiceContainer: Registered 'ExcelProfileManagerScreen' (singleton=False)
[2025-12-20 19:00:11.195] MenuRegistry: Registered screen factory 'ExcelProfileManagerScreen' in container (viewMode=)
[2025-12-20 19:00:11.197] MenuRegistry: Registered 'Excel Profiles' in 'Projects' menu (hotkey=M order=50)
[2025-12-20 19:00:11.199] ServiceContainer: Registered 'TaskListScreen_Upcoming' (singleton=False)
[2025-12-20 19:00:11.200] MenuRegistry: Registered screen factory 'TaskListScreen_Upcoming' in container (viewMode=upcoming)
[2025-12-20 19:00:11.202] MenuRegistry: Registered 'Upcoming' in 'Tasks' menu (hotkey=U order=25)
[2025-12-20 19:00:11.204] ServiceContainer: Registered 'ChecklistTemplatesFolderScreen' (singleton=False)
[2025-12-20 19:00:11.205] MenuRegistry: Registered screen factory 'ChecklistTemplatesFolderScreen' in container (viewMode=)
[2025-12-20 19:00:11.207] MenuRegistry: Registered 'Checklist Templates' in 'Tools' menu (hotkey=H order=30)
[2025-12-20 19:00:11.209] ServiceContainer: Registered 'WeeklyTimeReportScreen' (singleton=False)
[2025-12-20 19:00:11.211] MenuRegistry: Registered screen factory 'WeeklyTimeReportScreen' in container (viewMode=)
[2025-12-20 19:00:11.212] MenuRegistry: Registered 'Weekly Report' in 'Time' menu (hotkey=W order=10)
[2025-12-20 19:00:11.215] ServiceContainer: Registered 'TimeListScreen' (singleton=False)
[2025-12-20 19:00:11.216] MenuRegistry: Registered screen factory 'TimeListScreen' in container (viewMode=)
[2025-12-20 19:00:11.218] MenuRegistry: Registered 'Time Tracking' in 'Time' menu (hotkey=T order=5)
[2025-12-20 19:00:11.220] ServiceContainer: Registered 'ExcelImportScreen' (singleton=False)
[2025-12-20 19:00:11.222] MenuRegistry: Registered screen factory 'ExcelImportScreen' in container (viewMode=)
[2025-12-20 19:00:11.224] MenuRegistry: Registered 'Import from Excel' in 'Projects' menu (hotkey=I order=40)
[2025-12-20 19:00:11.226] ServiceContainer: Registered 'TaskListScreen_NoDate' (singleton=False)
[2025-12-20 19:00:11.228] MenuRegistry: Registered screen factory 'TaskListScreen_NoDate' in container (viewMode=noduedate)
[2025-12-20 19:00:11.230] MenuRegistry: Registered 'No Due Date' in 'Tasks' menu (hotkey=D order=40)
[2025-12-20 19:00:11.233] ServiceContainer: Registered 'TaskListScreen_Default' (singleton=False)
[2025-12-20 19:00:11.234] MenuRegistry: Registered screen factory 'TaskListScreen_Default' in container (viewMode=)
[2025-12-20 19:00:11.236] MenuRegistry: Registered 'Task List' in 'Tasks' menu (hotkey=L order=5)
[2025-12-20 19:00:11.239] ServiceContainer: Registered 'SettingsScreen' (singleton=False)
[2025-12-20 19:00:11.246] MenuRegistry: Registered screen factory 'SettingsScreen' in container (viewMode=)
[2025-12-20 19:00:11.248] MenuRegistry: Registered 'Settings' in 'Options' menu (hotkey=S order=20)
[2025-12-20 19:00:11.250] ServiceContainer: Registered 'ProjectListScreen' (singleton=False)
[2025-12-20 19:00:11.252] MenuRegistry: Registered screen factory 'ProjectListScreen' in container (viewMode=)
[2025-12-20 19:00:11.253] MenuRegistry: Registered 'Project List' in 'Projects' menu (hotkey=L order=10)
[2025-12-20 19:00:11.255] ServiceContainer: Registered 'NotesMenuScreen' (singleton=False)
[2025-12-20 19:00:11.257] MenuRegistry: Registered screen factory 'NotesMenuScreen' in container (viewMode=)
[2025-12-20 19:00:11.259] MenuRegistry: Registered 'Notes' in 'Tools' menu (hotkey=N order=20)
[2025-12-20 19:00:11.261] ServiceContainer: Registered 'TaskListScreen_Month' (singleton=False)
[2025-12-20 19:00:11.262] MenuRegistry: Registered screen factory 'TaskListScreen_Month' in container (viewMode=month)
[2025-12-20 19:00:11.263] MenuRegistry: Registered 'Month View' in 'Tasks' menu (hotkey=M order=45)
[2025-12-20 19:00:11.266] ServiceContainer: Registered 'TaskListScreen_Agenda' (singleton=False)
[2025-12-20 19:00:11.267] MenuRegistry: Registered screen factory 'TaskListScreen_Agenda' in container (viewMode=agenda)
[2025-12-20 19:00:11.268] MenuRegistry: Registered 'Agenda View' in 'Tasks' menu (hotkey=A order=50)
[2025-12-20 19:00:11.271] ServiceContainer: Registered 'TaskListScreen_Today' (singleton=False)
[2025-12-20 19:00:11.272] MenuRegistry: Registered screen factory 'TaskListScreen_Today' in container (viewMode=today)
[2025-12-20 19:00:11.274] MenuRegistry: Registered 'Today' in 'Tasks' menu (hotkey=Y order=10)
[2025-12-20 19:00:11.276] ServiceContainer: Registered 'ChecklistsLauncherScreen' (singleton=False)
[2025-12-20 19:00:11.277] MenuRegistry: Registered screen factory 'ChecklistsLauncherScreen' in container (viewMode=)
[2025-12-20 19:00:11.279] MenuRegistry: Registered 'Checklists' in 'Tools' menu (hotkey=C order=25)
[2025-12-20 19:00:11.281] ServiceContainer: Registered 'CommandLibraryScreen' (singleton=False)
[2025-12-20 19:00:11.282] MenuRegistry: Registered screen factory 'CommandLibraryScreen' in container (viewMode=)
[2025-12-20 19:00:11.284] MenuRegistry: Registered 'Command Library' in 'Tools' menu (hotkey=L order=10)
[2025-12-20 19:00:11.287] ServiceContainer: Registered 'TimeReportScreen' (singleton=False)
[2025-12-20 19:00:11.288] MenuRegistry: Registered screen factory 'TimeReportScreen' in container (viewMode=)
[2025-12-20 19:00:11.290] MenuRegistry: Registered 'Time Report' in 'Time' menu (hotkey=R order=20)
[2025-12-20 19:00:11.292] ServiceContainer: Registered 'HelpViewScreen' (singleton=False)
[2025-12-20 19:00:11.294] MenuRegistry: Registered screen factory 'HelpViewScreen' in container (viewMode=)
[2025-12-20 19:00:11.296] MenuRegistry: Registered 'Help' in 'Help' menu (hotkey=H order=10)
[2025-12-20 19:00:11.298] ServiceContainer: Registered 'TaskListScreen_Overdue' (singleton=False)
[2025-12-20 19:00:11.300] MenuRegistry: Registered screen factory 'TaskListScreen_Overdue' in container (viewMode=overdue)
[2025-12-20 19:00:11.302] MenuRegistry: Registered 'Overdue' in 'Tasks' menu (hotkey=O order=30)
[2025-12-20 19:00:11.305] ServiceContainer: Registered 'TaskListScreen_NextActions' (singleton=False)
[2025-12-20 19:00:11.307] MenuRegistry: Registered screen factory 'TaskListScreen_NextActions' in container (viewMode=nextactions)
[2025-12-20 19:00:11.309] MenuRegistry: Registered 'Next Actions' in 'Tasks' menu (hotkey=N order=35)
[2025-12-20 19:00:11.312] ServiceContainer: Resolving 'TaskListScreen'...
[2025-12-20 19:00:11.315] ServiceContainer: Resolving 'TaskStore'...
[2025-12-20 19:00:11.681] ServiceContainer: Resolved 'TaskStore' successfully
[2025-12-20 19:00:12.888] _PopulateMenusFromRegistry: Menu 'Time' has 3 items from registry (array)
[2025-12-20 19:00:12.917] _PopulateMenusFromRegistry: Menu 'Options' has 2 items from registry (array)
[2025-12-20 19:00:12.925] _PopulateMenusFromRegistry: Menu 'Tasks' has 10 items from registry (array)
[2025-12-20 19:00:12.931] _PopulateMenusFromRegistry: Menu 'Help' has 1 items from registry (array)
[2025-12-20 19:00:12.937] _PopulateMenusFromRegistry: Menu 'Tools' has 4 items from registry (array)
[2025-12-20 19:00:12.942] _PopulateMenusFromRegistry: Menu 'Projects' has 3 items from registry (array)
[2025-12-20 19:00:12.945] ServiceContainer: Resolved 'TaskListScreen' successfully
[2025-12-20 19:00:28.447] ServiceContainer: Resolving 'ThemeEditorScreen'...
[2025-12-20 19:00:28.504] ServiceContainer: Resolved 'ThemeEditorScreen' successfully
[2025-12-20 19:00:36.149] ServiceContainer: Resolving 'ThemeEditorScreen'...
[2025-12-20 19:00:36.162] ServiceContainer: Resolved 'ThemeEditorScreen' successfully
