[2026-01-08 10:04:27.819] ServiceContainer: Registered 'Theme' (singleton=True)
[2026-01-08 10:04:27.822] ServiceContainer: Registered 'ThemeManager' (singleton=True)
[2026-01-08 10:04:27.823] ServiceContainer: Registered 'Config' (singleton=True)
[2026-01-08 10:04:27.824] ServiceContainer: Registered 'TaskStore' (singleton=True)
[2026-01-08 10:04:27.825] ServiceContainer: Registered 'MenuRegistry' (singleton=True)
[2026-01-08 10:04:27.825] ServiceContainer: Registered 'Application' (singleton=True)
[2026-01-08 10:04:27.826] ServiceContainer: Registered 'CommandService' (singleton=True)
[2026-01-08 10:04:27.827] ServiceContainer: Registered 'ChecklistService' (singleton=True)
[2026-01-08 10:04:27.828] ServiceContainer: Registered 'NoteService' (singleton=True)
[2026-01-08 10:04:27.829] ServiceContainer: Registered 'ExcelMappingService' (singleton=True)
[2026-01-08 10:04:27.829] ServiceContainer: Registered 'ExcelCopyService' (singleton=True)
[2026-01-08 10:04:27.830] ServiceContainer: Registered 'PreferencesService' (singleton=True)
[2026-01-08 10:04:27.831] ServiceContainer: Registered 'ExcelImportService' (singleton=True)
[2026-01-08 10:04:27.832] ServiceContainer: Registered 'TextExportService' (singleton=True)
[2026-01-08 10:04:27.832] ServiceContainer: Registered 'TaskListScreen' (singleton=False)
[2026-01-08 10:04:27.846] ServiceContainer: Resolving 'Application'...
[2026-01-08 10:04:27.848] ServiceContainer: Resolving 'Theme'...
[2026-01-08 10:04:28.018] ServiceContainer: Resolved 'Theme' successfully
[2026-01-08 10:04:28.086] ServiceContainer: Resolving 'ThemeManager'...
[2026-01-08 10:04:28.088] ServiceContainer: Resolved 'ThemeManager' successfully
[2026-01-08 10:04:28.098] ServiceContainer: Resolved 'Application' successfully
[2026-01-08 10:04:28.099] ServiceContainer: Resolving 'MenuRegistry'...
[2026-01-08 10:04:28.108] ServiceContainer: Resolved 'MenuRegistry' successfully
[2026-01-08 10:04:28.123] MenuRegistry: Loaded manifest with 16 entries
[2026-01-08 10:04:28.142] ServiceContainer: Registered 'CommandLibraryScreen' (singleton=False)
[2026-01-08 10:04:28.143] MenuRegistry: Registered 'Command Library' in 'Tools' menu (hotkey=L order=10)
[2026-01-08 10:04:28.156] MenuRegistry: Registered 'Command Library' in 'Tools' menu (hotkey=L order=10)
[2026-01-08 10:04:28.157] ServiceContainer: Registered 'ProjectListScreen' (singleton=False)
[2026-01-08 10:04:28.158] MenuRegistry: Registered 'Project List' in 'Projects' menu (hotkey=L order=10)
[2026-01-08 10:04:28.160] MenuRegistry: Registered 'Project List' in 'Projects' menu (hotkey=L order=10)
[2026-01-08 10:04:28.161] ServiceContainer: Registered 'TimeListScreen' (singleton=False)
[2026-01-08 10:04:28.162] MenuRegistry: Registered 'Time Tracking' in 'Time' menu (hotkey=T order=5)
[2026-01-08 10:04:28.163] MenuRegistry: Registered 'Time Tracking' in 'Time' menu (hotkey=T order=5)
[2026-01-08 10:04:28.164] ServiceContainer: Registered 'HelpViewScreen' (singleton=False)
[2026-01-08 10:04:28.165] MenuRegistry: Registered 'Help' in 'Help' menu (hotkey=H order=10)
[2026-01-08 10:04:28.166] MenuRegistry: Registered 'Help' in 'Help' menu (hotkey=H order=10)
[2026-01-08 10:04:28.173] ServiceContainer: Registered 'SettingsScreen' (singleton=False)
[2026-01-08 10:04:28.173] MenuRegistry: Registered 'Settings' in 'Options' menu (hotkey=S order=20)
[2026-01-08 10:04:28.174] MenuRegistry: Registered 'Settings' in 'Options' menu (hotkey=S order=20)
[2026-01-08 10:04:28.176] ServiceContainer: Registered 'ChecklistsLauncherScreen' (singleton=False)
[2026-01-08 10:04:28.176] MenuRegistry: Registered 'Checklists' in 'Tools' menu (hotkey=C order=25)
[2026-01-08 10:04:28.177] MenuRegistry: Registered 'Checklists' in 'Tools' menu (hotkey=C order=25)
[2026-01-08 10:04:28.178] ServiceContainer: Registered 'TaskListScreen_Default' (singleton=False)
[2026-01-08 10:04:28.179] MenuRegistry: Registered 'Task List' in 'Tasks' menu (hotkey=L order=5)
[2026-01-08 10:04:28.180] MenuRegistry: Registered 'Task List' in 'Tasks' menu (hotkey=L order=5)
[2026-01-08 10:04:28.181] ServiceContainer: Registered 'TimeReportScreen' (singleton=False)
[2026-01-08 10:04:28.182] MenuRegistry: Registered 'Time Report' in 'Time' menu (hotkey=R order=20)
[2026-01-08 10:04:28.183] MenuRegistry: Registered 'Time Report' in 'Time' menu (hotkey=R order=20)
[2026-01-08 10:04:28.184] ServiceContainer: Registered 'ExcelProfileManagerScreen' (singleton=False)
[2026-01-08 10:04:28.185] MenuRegistry: Registered 'Excel Profiles' in 'Projects' menu (hotkey=M order=50)
[2026-01-08 10:04:28.186] MenuRegistry: Registered 'Excel Profiles' in 'Projects' menu (hotkey=M order=50)
[2026-01-08 10:04:28.187] ServiceContainer: Registered 'ChecklistTemplatesFolderScreen' (singleton=False)
[2026-01-08 10:04:28.188] MenuRegistry: Registered 'Checklist Templates' in 'Tools' menu (hotkey=H order=30)
[2026-01-08 10:04:28.189] MenuRegistry: Registered 'Checklist Templates' in 'Tools' menu (hotkey=H order=30)
[2026-01-08 10:04:28.190] ServiceContainer: Registered 'TextExportProfileManagerScreen' (singleton=False)
[2026-01-08 10:04:28.191] MenuRegistry: Registered 'T2020 Export Profiles' in 'Tools' menu (hotkey=E order=45)
[2026-01-08 10:04:28.192] MenuRegistry: Registered 'T2020 Export Profiles' in 'Tools' menu (hotkey=E order=45)
[2026-01-08 10:04:28.193] ServiceContainer: Registered 'ExcelImportProfileManagerScreen' (singleton=False)
[2026-01-08 10:04:28.194] MenuRegistry: Registered 'Excel Import Profiles' in 'Tools' menu (hotkey=I order=40)
[2026-01-08 10:04:28.195] MenuRegistry: Registered 'Excel Import Profiles' in 'Tools' menu (hotkey=I order=40)
[2026-01-08 10:04:28.196] ServiceContainer: Registered 'NotesMenuScreen' (singleton=False)
[2026-01-08 10:04:28.197] MenuRegistry: Registered 'Notes' in 'Tools' menu (hotkey=N order=20)
[2026-01-08 10:04:28.198] MenuRegistry: Registered 'Notes' in 'Tools' menu (hotkey=N order=20)
[2026-01-08 10:04:28.199] ServiceContainer: Registered 'WeeklyTimeReportScreen' (singleton=False)
[2026-01-08 10:04:28.200] MenuRegistry: Registered 'Weekly Report' in 'Time' menu (hotkey=W order=10)
[2026-01-08 10:04:28.201] MenuRegistry: Registered 'Weekly Report' in 'Time' menu (hotkey=W order=10)
[2026-01-08 10:04:28.202] ServiceContainer: Registered 'ThemeEditorScreen' (singleton=False)
[2026-01-08 10:04:28.203] MenuRegistry: Registered 'Theme Editor' in 'Options' menu (hotkey=T order=10)
[2026-01-08 10:04:28.204] MenuRegistry: Registered 'Theme Editor' in 'Options' menu (hotkey=T order=10)
[2026-01-08 10:04:28.205] ServiceContainer: Registered 'ExcelImportScreen' (singleton=False)
[2026-01-08 10:04:28.206] MenuRegistry: Registered 'Import from Excel' in 'Projects' menu (hotkey=I order=40)
[2026-01-08 10:04:28.207] MenuRegistry: Registered 'Import from Excel' in 'Projects' menu (hotkey=I order=40)
[2026-01-08 10:04:28.208] ServiceContainer: Resolving 'TaskListScreen'...
[2026-01-08 10:04:28.210] ServiceContainer: Resolving 'TaskStore'...
[2026-01-08 10:04:28.321] ServiceContainer: Resolved 'TaskStore' successfully
[2026-01-08 10:04:28.814] [INFO] StandardListScreen._ConfigureListActions: Configuring actions for Tasks
[2026-01-08 10:04:28.839] [INFO] StandardListScreen: Added footer shortcut D -> Delete
[2026-01-08 10:04:28.855] [INFO] StandardListScreen._ConfigureListActions: Configured 16 footer shortcuts
[2026-01-08 10:04:28.991] _PopulateMenusFromRegistry: Menu 'Tasks' has 1 items from registry (array)
[2026-01-08 10:04:29.004] _PopulateMenusFromRegistry: Menu 'Help' has 1 items from registry (array)
[2026-01-08 10:04:29.008] _PopulateMenusFromRegistry: Menu 'Projects' has 3 items from registry (array)
[2026-01-08 10:04:29.011] _PopulateMenusFromRegistry: Menu 'Time' has 3 items from registry (array)
[2026-01-08 10:04:29.013] _PopulateMenusFromRegistry: Menu 'Options' has 2 items from registry (array)
[2026-01-08 10:04:29.037] _PopulateMenusFromRegistry: Menu 'Tools' has 6 items from registry (array)
[2026-01-08 10:04:29.039] ServiceContainer: Resolved 'TaskListScreen' successfully
[2026-01-08 10:04:29.271] [INFO] StandardListScreen._ConfigureListActions: Configuring actions for Tasks
[2026-01-08 10:04:29.273] [INFO] StandardListScreen: Added footer shortcut D -> Delete
[2026-01-08 10:04:29.278] [INFO] StandardListScreen._ConfigureListActions: Configured 16 footer shortcuts
[10:04:30.423] [Z-BUFFER] REJECTED at (4,4): currentZ=10 < zBuffer=20 char='T'
[10:04:30.424] [Z-BUFFER] REJECTED at (5,4): currentZ=10 < zBuffer=20 char='a'
[10:04:30.426] [Z-BUFFER] REJECTED at (6,4): currentZ=10 < zBuffer=20 char='s'
[10:04:30.426] [Z-BUFFER] REJECTED at (7,4): currentZ=10 < zBuffer=20 char='k'
[10:04:30.428] [Z-BUFFER] REJECTED at (27,4): currentZ=10 < zBuffer=20 char='D'
[10:04:30.429] [Z-BUFFER] REJECTED at (28,4): currentZ=10 < zBuffer=20 char='u'
[10:04:30.430] [Z-BUFFER] REJECTED at (29,4): currentZ=10 < zBuffer=20 char='e'
[10:04:30.431] [Z-BUFFER] REJECTED at (49,4): currentZ=10 < zBuffer=20 char='T'
[10:04:30.432] [Z-BUFFER] REJECTED at (50,4): currentZ=10 < zBuffer=20 char='a'
[10:04:30.433] [Z-BUFFER] REJECTED at (51,4): currentZ=10 < zBuffer=20 char='g'
[10:04:30.434] [Z-BUFFER] REJECTED at (52,4): currentZ=10 < zBuffer=20 char='s'
[10:04:32.917] [Z-BUFFER] REJECTED at (4,4): currentZ=10 < zBuffer=20 char='T'
[10:04:32.919] [Z-BUFFER] REJECTED at (5,4): currentZ=10 < zBuffer=20 char='a'
[10:04:32.920] [Z-BUFFER] REJECTED at (6,4): currentZ=10 < zBuffer=20 char='s'
[10:04:32.920] [Z-BUFFER] REJECTED at (7,4): currentZ=10 < zBuffer=20 char='k'
[10:04:32.921] [Z-BUFFER] REJECTED at (27,4): currentZ=10 < zBuffer=20 char='D'
[10:04:32.922] [Z-BUFFER] REJECTED at (28,4): currentZ=10 < zBuffer=20 char='u'
[10:04:32.923] [Z-BUFFER] REJECTED at (29,4): currentZ=10 < zBuffer=20 char='e'
[10:04:32.923] [Z-BUFFER] REJECTED at (49,4): currentZ=10 < zBuffer=200 char='T'
[10:04:32.924] [Z-BUFFER] REJECTED at (50,4): currentZ=10 < zBuffer=200 char='a'
[10:04:32.925] [Z-BUFFER] REJECTED at (51,4): currentZ=10 < zBuffer=200 char='g'
[10:04:32.925] [Z-BUFFER] REJECTED at (52,4): currentZ=10 < zBuffer=200 char='s'
[10:04:37.443] [Z-BUFFER] REJECTED at (4,4): currentZ=10 < zBuffer=20 char='T'
[10:04:37.444] [Z-BUFFER] REJECTED at (5,4): currentZ=10 < zBuffer=20 char='a'
[10:04:37.444] [Z-BUFFER] REJECTED at (6,4): currentZ=10 < zBuffer=20 char='s'
[10:04:37.445] [Z-BUFFER] REJECTED at (7,4): currentZ=10 < zBuffer=20 char='k'
[10:04:37.445] [Z-BUFFER] REJECTED at (27,4): currentZ=10 < zBuffer=20 char='D'
[10:04:37.446] [Z-BUFFER] REJECTED at (28,4): currentZ=10 < zBuffer=20 char='u'
[10:04:37.446] [Z-BUFFER] REJECTED at (29,4): currentZ=10 < zBuffer=20 char='e'
[10:04:37.447] [Z-BUFFER] REJECTED at (49,4): currentZ=10 < zBuffer=200 char='T'
[10:04:37.447] [Z-BUFFER] REJECTED at (50,4): currentZ=10 < zBuffer=200 char='a'
[10:04:37.447] [Z-BUFFER] REJECTED at (51,4): currentZ=10 < zBuffer=200 char='g'
[10:04:37.448] [Z-BUFFER] REJECTED at (52,4): currentZ=10 < zBuffer=200 char='s'
[2026-01-08 10:04:37.925] ServiceContainer: Resolving 'NotesMenuScreen'...
[2026-01-08 10:04:37.983] [INFO] StandardListScreen._ConfigureListActions: Configuring actions for Notes
[2026-01-08 10:04:37.986] [INFO] StandardListScreen: Added footer shortcut D -> Delete
[2026-01-08 10:04:37.989] [INFO] StandardListScreen._ConfigureListActions: Configured 7 footer shortcuts
[2026-01-08 10:04:38.009] ServiceContainer: Resolved 'NotesMenuScreen' successfully
[2026-01-08 10:04:38.039] [INFO] StandardListScreen._ConfigureListActions: Configuring actions for Notes
[2026-01-08 10:04:38.040] [INFO] StandardListScreen: Added footer shortcut D -> Delete
[2026-01-08 10:04:38.040] [INFO] StandardListScreen._ConfigureListActions: Configured 7 footer shortcuts
[10:04:38.103] [Z-BUFFER] REJECTED at (2,7): currentZ=10 < zBuffer=20 char='T'
[10:04:38.104] [Z-BUFFER] REJECTED at (3,7): currentZ=10 < zBuffer=20 char='i'
[10:04:38.104] [Z-BUFFER] REJECTED at (4,7): currentZ=10 < zBuffer=20 char='t'
[10:04:38.104] [Z-BUFFER] REJECTED at (5,7): currentZ=10 < zBuffer=20 char='l'
[10:04:38.105] [Z-BUFFER] REJECTED at (6,7): currentZ=10 < zBuffer=20 char='e'
[10:04:38.105] [Z-BUFFER] REJECTED at (62,7): currentZ=10 < zBuffer=20 char='L'
[10:04:38.105] [Z-BUFFER] REJECTED at (63,7): currentZ=10 < zBuffer=20 char='i'
[10:04:38.106] [Z-BUFFER] REJECTED at (64,7): currentZ=10 < zBuffer=20 char='n'
[10:04:38.106] [Z-BUFFER] REJECTED at (65,7): currentZ=10 < zBuffer=20 char='e'
[10:04:38.106] [Z-BUFFER] REJECTED at (66,7): currentZ=10 < zBuffer=20 char='s'
[10:04:38.110] [Z-BUFFER] REJECTED at (70,7): currentZ=10 < zBuffer=20 char='W'
[10:04:38.111] [Z-BUFFER] REJECTED at (71,7): currentZ=10 < zBuffer=20 char='o'
[10:04:38.111] [Z-BUFFER] REJECTED at (72,7): currentZ=10 < zBuffer=20 char='r'
[10:04:38.111] [Z-BUFFER] REJECTED at (73,7): currentZ=10 < zBuffer=20 char='d'
[10:04:38.112] [Z-BUFFER] REJECTED at (74,7): currentZ=10 < zBuffer=20 char='s'
[10:04:38.112] [Z-BUFFER] REJECTED at (78,7): currentZ=10 < zBuffer=20 char='T'
[10:04:38.112] [Z-BUFFER] REJECTED at (79,7): currentZ=10 < zBuffer=20 char='a'
[10:04:38.112] [Z-BUFFER] REJECTED at (80,7): currentZ=10 < zBuffer=20 char='g'
[10:04:38.113] [Z-BUFFER] REJECTED at (81,7): currentZ=10 < zBuffer=20 char='s'
[2026-01-08 10:04:40.533] [INFO] ========== _AssignToProject START ==========
[2026-01-08 10:04:40.534] [INFO] _AssignToProject: noteId=n1, noteTitle=n1
[2026-01-08 10:04:40.595] [ERROR] UniversalList callback error: Theme Property Missing: 'Foreground.Dim'
[2026-01-08 10:04:40.596] [ERROR] Stack trace: at GetThemeColorInt, /home/teej/ztest/module/Pmc.Strict/consoleui/src/PmcThemeEngine.ps1: line 117
at GetThemedColorInt, /home/teej/ztest/module/Pmc.Strict/consoleui/widgets/PmcDialog.ps1: line 32
at RenderToEngine, /home/teej/ztest/module/Pmc.Strict/consoleui/widgets/ProjectPickerDialog.ps1: line 51
at Show, /home/teej/ztest/module/Pmc.Strict/consoleui/widgets/ProjectPickerDialog.ps1: line 330
at _AssignToProject, /home/teej/ztest/module/Pmc.Strict/consoleui/screens/NotesMenuScreen.ps1: line 524
at <ScriptBlock>, /home/teej/ztest/module/Pmc.Strict/consoleui/screens/NotesMenuScreen.ps1: line 495
at _InvokeCallback, /home/teej/ztest/module/Pmc.Strict/consoleui/widgets/UniversalList.ps1: line 1415
at HandleInput, /home/teej/ztest/module/Pmc.Strict/consoleui/widgets/UniversalList.ps1: line 707
at HandleKeyPress, /home/teej/ztest/module/Pmc.Strict/consoleui/base/StandardListScreen.ps1: line 1171
at Run, /home/teej/ztest/module/Pmc.Strict/consoleui/PmcApplication.ps1: line 420
at Start-PmcTUI, /home/teej/ztest/module/Pmc.Strict/consoleui/Start-PmcTUI.ps1: line 620
at <ScriptBlock>, /home/teej/ztest/start.ps1: line 37
[10:04:40.621] [Z-BUFFER] REJECTED at (2,7): currentZ=10 < zBuffer=20 char='T'
[10:04:40.622] [Z-BUFFER] REJECTED at (3,7): currentZ=10 < zBuffer=20 char='i'
[10:04:40.623] [Z-BUFFER] REJECTED at (4,7): currentZ=10 < zBuffer=20 char='t'
[10:04:40.623] [Z-BUFFER] REJECTED at (5,7): currentZ=10 < zBuffer=20 char='l'
[10:04:40.634] [Z-BUFFER] REJECTED at (6,7): currentZ=10 < zBuffer=20 char='e'
[10:04:40.635] [Z-BUFFER] REJECTED at (62,7): currentZ=10 < zBuffer=20 char='L'
[10:04:40.635] [Z-BUFFER] REJECTED at (63,7): currentZ=10 < zBuffer=20 char='i'
[10:04:40.636] [Z-BUFFER] REJECTED at (64,7): currentZ=10 < zBuffer=20 char='n'
[10:04:40.636] [Z-BUFFER] REJECTED at (65,7): currentZ=10 < zBuffer=20 char='e'
[10:04:40.637] [Z-BUFFER] REJECTED at (66,7): currentZ=10 < zBuffer=20 char='s'
[10:04:40.638] [Z-BUFFER] REJECTED at (70,7): currentZ=10 < zBuffer=20 char='W'
[10:04:40.638] [Z-BUFFER] REJECTED at (71,7): currentZ=10 < zBuffer=20 char='o'
[10:04:40.639] [Z-BUFFER] REJECTED at (72,7): currentZ=10 < zBuffer=20 char='r'
[10:04:40.639] [Z-BUFFER] REJECTED at (73,7): currentZ=10 < zBuffer=20 char='d'
[10:04:40.640] [Z-BUFFER] REJECTED at (74,7): currentZ=10 < zBuffer=20 char='s'
[10:04:40.641] [Z-BUFFER] REJECTED at (78,7): currentZ=10 < zBuffer=20 char='T'
[10:04:40.641] [Z-BUFFER] REJECTED at (79,7): currentZ=10 < zBuffer=20 char='a'
[10:04:40.642] [Z-BUFFER] REJECTED at (80,7): currentZ=10 < zBuffer=20 char='g'
[10:04:40.644] [Z-BUFFER] REJECTED at (81,7): currentZ=10 < zBuffer=20 char='s'
