[2025-12-31 12:09:57.710] ServiceContainer: Registered 'Theme' (singleton=True)
[2025-12-31 12:09:57.717] ServiceContainer: Registered 'ThemeManager' (singleton=True)
[2025-12-31 12:09:57.718] ServiceContainer: Registered 'Config' (singleton=True)
[2025-12-31 12:09:57.720] ServiceContainer: Registered 'TaskStore' (singleton=True)
[2025-12-31 12:09:57.721] ServiceContainer: Registered 'MenuRegistry' (singleton=True)
[2025-12-31 12:09:57.723] ServiceContainer: Registered 'Application' (singleton=True)
[2025-12-31 12:09:57.724] ServiceContainer: Registered 'CommandService' (singleton=True)
[2025-12-31 12:09:57.726] ServiceContainer: Registered 'ChecklistService' (singleton=True)
[2025-12-31 12:09:57.728] ServiceContainer: Registered 'NoteService' (singleton=True)
[2025-12-31 12:09:57.729] ServiceContainer: Registered 'ExcelMappingService' (singleton=True)
[2025-12-31 12:09:57.731] ServiceContainer: Registered 'ExcelCopyService' (singleton=True)
[2025-12-31 12:09:57.733] ServiceContainer: Registered 'PreferencesService' (singleton=True)
[2025-12-31 12:09:57.735] ServiceContainer: Registered 'ExcelImportService' (singleton=True)
[2025-12-31 12:09:57.737] ServiceContainer: Registered 'TextExportService' (singleton=True)
[2025-12-31 12:09:57.739] ServiceContainer: Registered 'TaskListScreen' (singleton=False)
[2025-12-31 12:09:57.765] ServiceContainer: Resolving 'Application'...
[2025-12-31 12:09:57.769] ServiceContainer: Resolving 'Theme'...
[2025-12-31 12:09:57.925] ServiceContainer: Resolved 'Theme' successfully
[2025-12-31 12:09:58.004] ServiceContainer: Resolving 'ThemeManager'...
[2025-12-31 12:09:58.006] ServiceContainer: Resolved 'ThemeManager' successfully
[2025-12-31 12:09:58.022] ServiceContainer: Resolved 'Application' successfully
[2025-12-31 12:09:58.024] ServiceContainer: Resolving 'MenuRegistry'...
[2025-12-31 12:09:58.048] ServiceContainer: Resolved 'MenuRegistry' successfully
[2025-12-31 12:09:58.069] MenuRegistry: Loaded manifest with 16 entries
[2025-12-31 12:09:58.103] ServiceContainer: Registered 'ChecklistTemplatesFolderScreen' (singleton=False)
[2025-12-31 12:09:58.105] MenuRegistry: Registered 'Checklist Templates' in 'Tools' menu (hotkey=H order=30)
[2025-12-31 12:09:58.127] MenuRegistry: Registered 'Checklist Templates' in 'Tools' menu (hotkey=H order=30)
[2025-12-31 12:09:58.130] ServiceContainer: Registered 'TextExportProfileManagerScreen' (singleton=False)
[2025-12-31 12:09:58.131] MenuRegistry: Registered 'T2020 Export Profiles' in 'Tools' menu (hotkey=E order=45)
[2025-12-31 12:09:58.134] MenuRegistry: Registered 'T2020 Export Profiles' in 'Tools' menu (hotkey=E order=45)
[2025-12-31 12:09:58.136] ServiceContainer: Registered 'WeeklyTimeReportScreen' (singleton=False)
[2025-12-31 12:09:58.137] MenuRegistry: Registered 'Weekly Report' in 'Time' menu (hotkey=W order=10)
[2025-12-31 12:09:58.139] MenuRegistry: Registered 'Weekly Report' in 'Time' menu (hotkey=W order=10)
[2025-12-31 12:09:58.141] ServiceContainer: Registered 'TimeReportScreen' (singleton=False)
[2025-12-31 12:09:58.142] MenuRegistry: Registered 'Time Report' in 'Time' menu (hotkey=R order=20)
[2025-12-31 12:09:58.144] MenuRegistry: Registered 'Time Report' in 'Time' menu (hotkey=R order=20)
[2025-12-31 12:09:58.147] ServiceContainer: Registered 'HelpViewScreen' (singleton=False)
[2025-12-31 12:09:58.148] MenuRegistry: Registered 'Help' in 'Help' menu (hotkey=H order=10)
[2025-12-31 12:09:58.151] MenuRegistry: Registered 'Help' in 'Help' menu (hotkey=H order=10)
[2025-12-31 12:09:58.153] ServiceContainer: Registered 'ExcelImportScreen' (singleton=False)
[2025-12-31 12:09:58.154] MenuRegistry: Registered 'Import from Excel' in 'Projects' menu (hotkey=I order=40)
[2025-12-31 12:09:58.157] MenuRegistry: Registered 'Import from Excel' in 'Projects' menu (hotkey=I order=40)
[2025-12-31 12:09:58.159] ServiceContainer: Registered 'TimeListScreen' (singleton=False)
[2025-12-31 12:09:58.160] MenuRegistry: Registered 'Time Tracking' in 'Time' menu (hotkey=T order=5)
[2025-12-31 12:09:58.163] MenuRegistry: Registered 'Time Tracking' in 'Time' menu (hotkey=T order=5)
[2025-12-31 12:09:58.165] ServiceContainer: Registered 'NotesMenuScreen' (singleton=False)
[2025-12-31 12:09:58.167] MenuRegistry: Registered 'Notes' in 'Tools' menu (hotkey=N order=20)
[2025-12-31 12:09:58.169] MenuRegistry: Registered 'Notes' in 'Tools' menu (hotkey=N order=20)
[2025-12-31 12:09:58.171] ServiceContainer: Registered 'ProjectListScreen' (singleton=False)
[2025-12-31 12:09:58.172] MenuRegistry: Registered 'Project List' in 'Projects' menu (hotkey=L order=10)
[2025-12-31 12:09:58.173] MenuRegistry: Registered 'Project List' in 'Projects' menu (hotkey=L order=10)
[2025-12-31 12:09:58.175] ServiceContainer: Registered 'CommandLibraryScreen' (singleton=False)
[2025-12-31 12:09:58.176] MenuRegistry: Registered 'Command Library' in 'Tools' menu (hotkey=L order=10)
[2025-12-31 12:09:58.185] MenuRegistry: Registered 'Command Library' in 'Tools' menu (hotkey=L order=10)
[2025-12-31 12:09:58.187] ServiceContainer: Registered 'ChecklistsLauncherScreen' (singleton=False)
[2025-12-31 12:09:58.188] MenuRegistry: Registered 'Checklists' in 'Tools' menu (hotkey=C order=25)
[2025-12-31 12:09:58.189] MenuRegistry: Registered 'Checklists' in 'Tools' menu (hotkey=C order=25)
[2025-12-31 12:09:58.191] ServiceContainer: Registered 'ExcelProfileManagerScreen' (singleton=False)
[2025-12-31 12:09:58.192] MenuRegistry: Registered 'Excel Profiles' in 'Projects' menu (hotkey=M order=50)
[2025-12-31 12:09:58.193] MenuRegistry: Registered 'Excel Profiles' in 'Projects' menu (hotkey=M order=50)
[2025-12-31 12:09:58.196] ServiceContainer: Registered 'SettingsScreen' (singleton=False)
[2025-12-31 12:09:58.197] MenuRegistry: Registered 'Settings' in 'Options' menu (hotkey=S order=20)
[2025-12-31 12:09:58.199] MenuRegistry: Registered 'Settings' in 'Options' menu (hotkey=S order=20)
[2025-12-31 12:09:58.201] ServiceContainer: Registered 'ThemeEditorScreen' (singleton=False)
[2025-12-31 12:09:58.201] MenuRegistry: Registered 'Theme Editor' in 'Options' menu (hotkey=T order=10)
[2025-12-31 12:09:58.202] MenuRegistry: Registered 'Theme Editor' in 'Options' menu (hotkey=T order=10)
[2025-12-31 12:09:58.204] ServiceContainer: Registered 'TaskListScreen_Default' (singleton=False)
[2025-12-31 12:09:58.204] MenuRegistry: Registered 'Task List' in 'Tasks' menu (hotkey=L order=5)
[2025-12-31 12:09:58.206] MenuRegistry: Registered 'Task List' in 'Tasks' menu (hotkey=L order=5)
[2025-12-31 12:09:58.207] ServiceContainer: Registered 'ExcelImportProfileManagerScreen' (singleton=False)
[2025-12-31 12:09:58.208] MenuRegistry: Registered 'Excel Import Profiles' in 'Tools' menu (hotkey=I order=40)
[2025-12-31 12:09:58.210] MenuRegistry: Registered 'Excel Import Profiles' in 'Tools' menu (hotkey=I order=40)
[2025-12-31 12:09:58.212] ServiceContainer: Resolving 'TaskListScreen'...
[2025-12-31 12:09:58.214] ServiceContainer: Resolving 'TaskStore'...
[2025-12-31 12:09:58.643] ServiceContainer: Resolved 'TaskStore' successfully
[2025-12-31 12:09:59.504] _PopulateMenusFromRegistry: Menu 'Tools' has 6 items from registry (array)
[2025-12-31 12:09:59.528] _PopulateMenusFromRegistry: Menu 'Time' has 3 items from registry (array)
[2025-12-31 12:09:59.532] _PopulateMenusFromRegistry: Menu 'Help' has 1 items from registry (array)
[2025-12-31 12:09:59.535] _PopulateMenusFromRegistry: Menu 'Projects' has 3 items from registry (array)
[2025-12-31 12:09:59.539] _PopulateMenusFromRegistry: Menu 'Options' has 2 items from registry (array)
[2025-12-31 12:09:59.542] _PopulateMenusFromRegistry: Menu 'Tasks' has 1 items from registry (array)
[2025-12-31 12:09:59.544] ServiceContainer: Resolved 'TaskListScreen' successfully
