[2025-12-19 21:27:48.725] ServiceContainer: Registered 'Theme' (singleton=True)
[2025-12-19 21:27:48.737] ServiceContainer: Registered 'ThemeManager' (singleton=True)
[2025-12-19 21:27:48.739] ServiceContainer: Registered 'Config' (singleton=True)
[2025-12-19 21:27:48.740] ServiceContainer: Registered 'TaskStore' (singleton=True)
[2025-12-19 21:27:48.742] ServiceContainer: Registered 'MenuRegistry' (singleton=True)
[2025-12-19 21:27:48.743] ServiceContainer: Registered 'Application' (singleton=True)
[2025-12-19 21:27:48.745] ServiceContainer: Registered 'CommandService' (singleton=True)
[2025-12-19 21:27:48.746] ServiceContainer: Registered 'ChecklistService' (singleton=True)
[2025-12-19 21:27:48.747] ServiceContainer: Registered 'NoteService' (singleton=True)
[2025-12-19 21:27:48.748] ServiceContainer: Registered 'ExcelMappingService' (singleton=True)
[2025-12-19 21:27:48.762] ServiceContainer: Registered 'PreferencesService' (singleton=True)
[2025-12-19 21:27:48.764] ServiceContainer: Registered 'TaskListScreen' (singleton=False)
[2025-12-19 21:27:48.787] ServiceContainer: Resolving 'Application'...
[2025-12-19 21:27:48.791] ServiceContainer: Resolving 'Theme'...
[2025-12-19 21:27:49.104] ServiceContainer: Resolved 'Theme' successfully
[2025-12-19 21:27:49.223] ServiceContainer: Resolving 'ThemeManager'...
[2025-12-19 21:27:49.225] ServiceContainer: Resolved 'ThemeManager' successfully
[2025-12-19 21:27:49.245] ServiceContainer: Resolved 'Application' successfully
[2025-12-19 21:27:49.247] ServiceContainer: Resolving 'MenuRegistry'...
[2025-12-19 21:27:49.268] ServiceContainer: Resolved 'MenuRegistry' successfully
[2025-12-19 21:27:49.294] MenuRegistry: Loaded manifest with 23 entries
[2025-12-19 21:27:49.332] ServiceContainer: Registered 'TaskListScreen_NoDate' (singleton=False)
[2025-12-19 21:27:49.333] MenuRegistry: Registered screen factory 'TaskListScreen_NoDate' in container (viewMode=noduedate)
[2025-12-19 21:27:49.352] MenuRegistry: Registered 'No Due Date' in 'Tasks' menu (hotkey=D order=40)
[2025-12-19 21:27:49.354] ServiceContainer: Registered 'ExcelImportScreen' (singleton=False)
[2025-12-19 21:27:49.356] MenuRegistry: Registered screen factory 'ExcelImportScreen' in container (viewMode=)
[2025-12-19 21:27:49.361] MenuRegistry: Registered 'Import from Excel' in 'Projects' menu (hotkey=I order=40)
[2025-12-19 21:27:49.364] ServiceContainer: Registered 'TaskListScreen_Month' (singleton=False)
[2025-12-19 21:27:49.365] MenuRegistry: Registered screen factory 'TaskListScreen_Month' in container (viewMode=month)
[2025-12-19 21:27:49.367] MenuRegistry: Registered 'Month View' in 'Tasks' menu (hotkey=M order=45)
[2025-12-19 21:27:49.401] ServiceContainer: Registered 'ExcelProfileManagerScreen' (singleton=False)
[2025-12-19 21:27:49.403] MenuRegistry: Registered screen factory 'ExcelProfileManagerScreen' in container (viewMode=)
[2025-12-19 21:27:49.405] MenuRegistry: Registered 'Excel Profiles' in 'Projects' menu (hotkey=M order=50)
[2025-12-19 21:27:49.407] ServiceContainer: Registered 'CommandLibraryScreen' (singleton=False)
[2025-12-19 21:27:49.408] MenuRegistry: Registered screen factory 'CommandLibraryScreen' in container (viewMode=)
[2025-12-19 21:27:49.410] MenuRegistry: Registered 'Command Library' in 'Tools' menu (hotkey=L order=10)
[2025-12-19 21:27:49.412] ServiceContainer: Registered 'HelpViewScreen' (singleton=False)
[2025-12-19 21:27:49.412] MenuRegistry: Registered screen factory 'HelpViewScreen' in container (viewMode=)
[2025-12-19 21:27:49.414] MenuRegistry: Registered 'Help' in 'Help' menu (hotkey=H order=10)
[2025-12-19 21:27:49.416] ServiceContainer: Registered 'TimeListScreen' (singleton=False)
[2025-12-19 21:27:49.417] MenuRegistry: Registered screen factory 'TimeListScreen' in container (viewMode=)
[2025-12-19 21:27:49.418] MenuRegistry: Registered 'Time Tracking' in 'Time' menu (hotkey=T order=5)
[2025-12-19 21:27:49.419] ServiceContainer: Registered 'TaskListScreen_Week' (singleton=False)
[2025-12-19 21:27:49.420] MenuRegistry: Registered screen factory 'TaskListScreen_Week' in container (viewMode=week)
[2025-12-19 21:27:49.421] MenuRegistry: Registered 'Week View' in 'Tasks' menu (hotkey=W order=20)
[2025-12-19 21:27:49.423] ServiceContainer: Registered 'TaskListScreen_Upcoming' (singleton=False)
[2025-12-19 21:27:49.424] MenuRegistry: Registered screen factory 'TaskListScreen_Upcoming' in container (viewMode=upcoming)
[2025-12-19 21:27:49.426] MenuRegistry: Registered 'Upcoming' in 'Tasks' menu (hotkey=U order=25)
[2025-12-19 21:27:49.427] ServiceContainer: Registered 'TaskListScreen_NextActions' (singleton=False)
[2025-12-19 21:27:49.428] MenuRegistry: Registered screen factory 'TaskListScreen_NextActions' in container (viewMode=nextactions)
[2025-12-19 21:27:49.429] MenuRegistry: Registered 'Next Actions' in 'Tasks' menu (hotkey=N order=35)
[2025-12-19 21:27:49.432] ServiceContainer: Registered 'WeeklyTimeReportScreen' (singleton=False)
[2025-12-19 21:27:49.434] MenuRegistry: Registered screen factory 'WeeklyTimeReportScreen' in container (viewMode=)
[2025-12-19 21:27:49.435] MenuRegistry: Registered 'Weekly Report' in 'Time' menu (hotkey=W order=10)
[2025-12-19 21:27:49.437] ServiceContainer: Registered 'ChecklistsLauncherScreen' (singleton=False)
[2025-12-19 21:27:49.438] MenuRegistry: Registered screen factory 'ChecklistsLauncherScreen' in container (viewMode=)
[2025-12-19 21:27:49.440] MenuRegistry: Registered 'Checklists' in 'Tools' menu (hotkey=C order=25)
[2025-12-19 21:27:49.443] ServiceContainer: Registered 'ThemeEditorScreen' (singleton=False)
[2025-12-19 21:27:49.444] MenuRegistry: Registered screen factory 'ThemeEditorScreen' in container (viewMode=)
[2025-12-19 21:27:49.445] MenuRegistry: Registered 'Theme Editor' in 'Options' menu (hotkey=T order=10)
[2025-12-19 21:27:49.447] ServiceContainer: Registered 'TaskListScreen_Tomorrow' (singleton=False)
[2025-12-19 21:27:49.448] MenuRegistry: Registered screen factory 'TaskListScreen_Tomorrow' in container (viewMode=tomorrow)
[2025-12-19 21:27:49.449] MenuRegistry: Registered 'Tomorrow' in 'Tasks' menu (hotkey=T order=15)
[2025-12-19 21:27:49.451] ServiceContainer: Registered 'TimeReportScreen' (singleton=False)
[2025-12-19 21:27:49.452] MenuRegistry: Registered screen factory 'TimeReportScreen' in container (viewMode=)
[2025-12-19 21:27:49.453] MenuRegistry: Registered 'Time Report' in 'Time' menu (hotkey=R order=20)
[2025-12-19 21:27:49.455] ServiceContainer: Registered 'ChecklistTemplatesFolderScreen' (singleton=False)
[2025-12-19 21:27:49.456] MenuRegistry: Registered screen factory 'ChecklistTemplatesFolderScreen' in container (viewMode=)
[2025-12-19 21:27:49.457] MenuRegistry: Registered 'Checklist Templates' in 'Tools' menu (hotkey=H order=30)
[2025-12-19 21:27:49.461] ServiceContainer: Registered 'TaskListScreen_Agenda' (singleton=False)
[2025-12-19 21:27:49.462] MenuRegistry: Registered screen factory 'TaskListScreen_Agenda' in container (viewMode=agenda)
[2025-12-19 21:27:49.465] MenuRegistry: Registered 'Agenda View' in 'Tasks' menu (hotkey=A order=50)
[2025-12-19 21:27:49.470] ServiceContainer: Registered 'TaskListScreen_Overdue' (singleton=False)
[2025-12-19 21:27:49.471] MenuRegistry: Registered screen factory 'TaskListScreen_Overdue' in container (viewMode=overdue)
[2025-12-19 21:27:49.473] MenuRegistry: Registered 'Overdue' in 'Tasks' menu (hotkey=O order=30)
[2025-12-19 21:27:49.476] ServiceContainer: Registered 'TaskListScreen_Today' (singleton=False)
[2025-12-19 21:27:49.477] MenuRegistry: Registered screen factory 'TaskListScreen_Today' in container (viewMode=today)
[2025-12-19 21:27:49.479] MenuRegistry: Registered 'Today' in 'Tasks' menu (hotkey=Y order=10)
[2025-12-19 21:27:49.482] ServiceContainer: Registered 'NotesMenuScreen' (singleton=False)
[2025-12-19 21:27:49.483] MenuRegistry: Registered screen factory 'NotesMenuScreen' in container (viewMode=)
[2025-12-19 21:27:49.485] MenuRegistry: Registered 'Notes' in 'Tools' menu (hotkey=N order=20)
[2025-12-19 21:27:49.487] ServiceContainer: Registered 'TaskListScreen_Default' (singleton=False)
[2025-12-19 21:27:49.489] MenuRegistry: Registered screen factory 'TaskListScreen_Default' in container (viewMode=)
[2025-12-19 21:27:49.491] MenuRegistry: Registered 'Task List' in 'Tasks' menu (hotkey=L order=5)
[2025-12-19 21:27:49.493] ServiceContainer: Registered 'ProjectListScreen' (singleton=False)
[2025-12-19 21:27:49.495] MenuRegistry: Registered screen factory 'ProjectListScreen' in container (viewMode=)
[2025-12-19 21:27:49.497] MenuRegistry: Registered 'Project List' in 'Projects' menu (hotkey=L order=10)
[2025-12-19 21:27:49.499] ServiceContainer: Registered 'SettingsScreen' (singleton=False)
[2025-12-19 21:27:49.501] MenuRegistry: Registered screen factory 'SettingsScreen' in container (viewMode=)
[2025-12-19 21:27:49.502] MenuRegistry: Registered 'Settings' in 'Options' menu (hotkey=S order=20)
[2025-12-19 21:27:49.504] ServiceContainer: Resolving 'TaskListScreen'...
[2025-12-19 21:27:49.507] ServiceContainer: Resolving 'TaskStore'...
[2025-12-19 21:27:49.804] ServiceContainer: Resolved 'TaskStore' successfully
[2025-12-19 21:27:50.762] _PopulateMenusFromRegistry: Menu 'Tasks' has 10 items from registry (array)
[2025-12-19 21:27:50.787] _PopulateMenusFromRegistry: Menu 'Time' has 3 items from registry (array)
[2025-12-19 21:27:50.791] _PopulateMenusFromRegistry: Menu 'Help' has 1 items from registry (array)
[2025-12-19 21:27:50.795] _PopulateMenusFromRegistry: Menu 'Options' has 2 items from registry (array)
[2025-12-19 21:27:50.798] _PopulateMenusFromRegistry: Menu 'Projects' has 3 items from registry (array)
[2025-12-19 21:27:50.802] _PopulateMenusFromRegistry: Menu 'Tools' has 4 items from registry (array)
[2025-12-19 21:27:50.805] ServiceContainer: Resolved 'TaskListScreen' successfully
