[2025-12-20 15:35:58.483] ServiceContainer: Registered 'Theme' (singleton=True)
[2025-12-20 15:35:58.491] ServiceContainer: Registered 'ThemeManager' (singleton=True)
[2025-12-20 15:35:58.492] ServiceContainer: Registered 'Config' (singleton=True)
[2025-12-20 15:35:58.493] ServiceContainer: Registered 'TaskStore' (singleton=True)
[2025-12-20 15:35:58.494] ServiceContainer: Registered 'MenuRegistry' (singleton=True)
[2025-12-20 15:35:58.500] ServiceContainer: Registered 'Application' (singleton=True)
[2025-12-20 15:35:58.501] ServiceContainer: Registered 'CommandService' (singleton=True)
[2025-12-20 15:35:58.502] ServiceContainer: Registered 'ChecklistService' (singleton=True)
[2025-12-20 15:35:58.503] ServiceContainer: Registered 'NoteService' (singleton=True)
[2025-12-20 15:35:58.504] ServiceContainer: Registered 'ExcelMappingService' (singleton=True)
[2025-12-20 15:35:58.505] ServiceContainer: Registered 'PreferencesService' (singleton=True)
[2025-12-20 15:35:58.506] ServiceContainer: Registered 'TaskListScreen' (singleton=False)
[2025-12-20 15:35:58.519] ServiceContainer: Resolving 'Application'...
[2025-12-20 15:35:58.521] ServiceContainer: Resolving 'Theme'...
[2025-12-20 15:35:58.676] ServiceContainer: Resolved 'Theme' successfully
[2025-12-20 15:35:58.734] ServiceContainer: Resolving 'ThemeManager'...
[2025-12-20 15:35:58.736] ServiceContainer: Resolved 'ThemeManager' successfully
[2025-12-20 15:35:58.748] ServiceContainer: Resolved 'Application' successfully
[2025-12-20 15:35:58.749] ServiceContainer: Resolving 'MenuRegistry'...
[2025-12-20 15:35:58.759] ServiceContainer: Resolved 'MenuRegistry' successfully
[2025-12-20 15:35:58.783] MenuRegistry: Loaded manifest with 23 entries
[2025-12-20 15:35:58.802] ServiceContainer: Registered 'ExcelProfileManagerScreen' (singleton=False)
[2025-12-20 15:35:58.803] MenuRegistry: Registered screen factory 'ExcelProfileManagerScreen' in container (viewMode=)
[2025-12-20 15:35:58.817] MenuRegistry: Registered 'Excel Profiles' in 'Projects' menu (hotkey=M order=50)
[2025-12-20 15:35:58.819] ServiceContainer: Registered 'TaskListScreen_Default' (singleton=False)
[2025-12-20 15:35:58.820] MenuRegistry: Registered screen factory 'TaskListScreen_Default' in container (viewMode=)
[2025-12-20 15:35:58.821] MenuRegistry: Registered 'Task List' in 'Tasks' menu (hotkey=L order=5)
[2025-12-20 15:35:58.823] ServiceContainer: Registered 'ThemeEditorScreen' (singleton=False)
[2025-12-20 15:35:58.824] MenuRegistry: Registered screen factory 'ThemeEditorScreen' in container (viewMode=)
[2025-12-20 15:35:58.825] MenuRegistry: Registered 'Theme Editor' in 'Options' menu (hotkey=T order=10)
[2025-12-20 15:35:58.826] ServiceContainer: Registered 'HelpViewScreen' (singleton=False)
[2025-12-20 15:35:58.827] MenuRegistry: Registered screen factory 'HelpViewScreen' in container (viewMode=)
[2025-12-20 15:35:58.828] MenuRegistry: Registered 'Help' in 'Help' menu (hotkey=H order=10)
[2025-12-20 15:35:58.829] ServiceContainer: Registered 'ChecklistsLauncherScreen' (singleton=False)
[2025-12-20 15:35:58.830] MenuRegistry: Registered screen factory 'ChecklistsLauncherScreen' in container (viewMode=)
[2025-12-20 15:35:58.831] MenuRegistry: Registered 'Checklists' in 'Tools' menu (hotkey=C order=25)
[2025-12-20 15:35:58.832] ServiceContainer: Registered 'ChecklistTemplatesFolderScreen' (singleton=False)
[2025-12-20 15:35:58.833] MenuRegistry: Registered screen factory 'ChecklistTemplatesFolderScreen' in container (viewMode=)
[2025-12-20 15:35:58.834] MenuRegistry: Registered 'Checklist Templates' in 'Tools' menu (hotkey=H order=30)
[2025-12-20 15:35:58.835] ServiceContainer: Registered 'NotesMenuScreen' (singleton=False)
[2025-12-20 15:35:58.835] MenuRegistry: Registered screen factory 'NotesMenuScreen' in container (viewMode=)
[2025-12-20 15:35:58.836] MenuRegistry: Registered 'Notes' in 'Tools' menu (hotkey=N order=20)
[2025-12-20 15:35:58.839] ServiceContainer: Registered 'TaskListScreen_Today' (singleton=False)
[2025-12-20 15:35:58.840] MenuRegistry: Registered screen factory 'TaskListScreen_Today' in container (viewMode=today)
[2025-12-20 15:35:58.841] MenuRegistry: Registered 'Today' in 'Tasks' menu (hotkey=Y order=10)
[2025-12-20 15:35:58.842] ServiceContainer: Registered 'CommandLibraryScreen' (singleton=False)
[2025-12-20 15:35:58.843] MenuRegistry: Registered screen factory 'CommandLibraryScreen' in container (viewMode=)
[2025-12-20 15:35:58.844] MenuRegistry: Registered 'Command Library' in 'Tools' menu (hotkey=L order=10)
[2025-12-20 15:35:58.845] ServiceContainer: Registered 'ProjectListScreen' (singleton=False)
[2025-12-20 15:35:58.846] MenuRegistry: Registered screen factory 'ProjectListScreen' in container (viewMode=)
[2025-12-20 15:35:58.847] MenuRegistry: Registered 'Project List' in 'Projects' menu (hotkey=L order=10)
[2025-12-20 15:35:58.849] ServiceContainer: Registered 'TaskListScreen_Month' (singleton=False)
[2025-12-20 15:35:58.849] MenuRegistry: Registered screen factory 'TaskListScreen_Month' in container (viewMode=month)
[2025-12-20 15:35:58.850] MenuRegistry: Registered 'Month View' in 'Tasks' menu (hotkey=M order=45)
[2025-12-20 15:35:58.851] ServiceContainer: Registered 'TaskListScreen_NextActions' (singleton=False)
[2025-12-20 15:35:58.852] MenuRegistry: Registered screen factory 'TaskListScreen_NextActions' in container (viewMode=nextactions)
[2025-12-20 15:35:58.853] MenuRegistry: Registered 'Next Actions' in 'Tasks' menu (hotkey=N order=35)
[2025-12-20 15:35:58.855] ServiceContainer: Registered 'TaskListScreen_Agenda' (singleton=False)
[2025-12-20 15:35:58.873] MenuRegistry: Registered screen factory 'TaskListScreen_Agenda' in container (viewMode=agenda)
[2025-12-20 15:35:58.875] MenuRegistry: Registered 'Agenda View' in 'Tasks' menu (hotkey=A order=50)
[2025-12-20 15:35:58.876] ServiceContainer: Registered 'TaskListScreen_Upcoming' (singleton=False)
[2025-12-20 15:35:58.877] MenuRegistry: Registered screen factory 'TaskListScreen_Upcoming' in container (viewMode=upcoming)
[2025-12-20 15:35:58.878] MenuRegistry: Registered 'Upcoming' in 'Tasks' menu (hotkey=U order=25)
[2025-12-20 15:35:58.880] ServiceContainer: Registered 'TaskListScreen_NoDate' (singleton=False)
[2025-12-20 15:35:58.880] MenuRegistry: Registered screen factory 'TaskListScreen_NoDate' in container (viewMode=noduedate)
[2025-12-20 15:35:58.881] MenuRegistry: Registered 'No Due Date' in 'Tasks' menu (hotkey=D order=40)
[2025-12-20 15:35:58.883] ServiceContainer: Registered 'TaskListScreen_Overdue' (singleton=False)
[2025-12-20 15:35:58.883] MenuRegistry: Registered screen factory 'TaskListScreen_Overdue' in container (viewMode=overdue)
[2025-12-20 15:35:58.884] MenuRegistry: Registered 'Overdue' in 'Tasks' menu (hotkey=O order=30)
[2025-12-20 15:35:58.885] ServiceContainer: Registered 'TimeReportScreen' (singleton=False)
[2025-12-20 15:35:58.886] MenuRegistry: Registered screen factory 'TimeReportScreen' in container (viewMode=)
[2025-12-20 15:35:58.887] MenuRegistry: Registered 'Time Report' in 'Time' menu (hotkey=R order=20)
[2025-12-20 15:35:58.889] ServiceContainer: Registered 'TaskListScreen_Tomorrow' (singleton=False)
[2025-12-20 15:35:58.890] MenuRegistry: Registered screen factory 'TaskListScreen_Tomorrow' in container (viewMode=tomorrow)
[2025-12-20 15:35:58.891] MenuRegistry: Registered 'Tomorrow' in 'Tasks' menu (hotkey=T order=15)
[2025-12-20 15:35:58.892] ServiceContainer: Registered 'WeeklyTimeReportScreen' (singleton=False)
[2025-12-20 15:35:58.893] MenuRegistry: Registered screen factory 'WeeklyTimeReportScreen' in container (viewMode=)
[2025-12-20 15:35:58.895] MenuRegistry: Registered 'Weekly Report' in 'Time' menu (hotkey=W order=10)
[2025-12-20 15:35:58.896] ServiceContainer: Registered 'ExcelImportScreen' (singleton=False)
[2025-12-20 15:35:58.897] MenuRegistry: Registered screen factory 'ExcelImportScreen' in container (viewMode=)
[2025-12-20 15:35:58.898] MenuRegistry: Registered 'Import from Excel' in 'Projects' menu (hotkey=I order=40)
[2025-12-20 15:35:58.900] ServiceContainer: Registered 'TaskListScreen_Week' (singleton=False)
[2025-12-20 15:35:58.901] MenuRegistry: Registered screen factory 'TaskListScreen_Week' in container (viewMode=week)
[2025-12-20 15:35:58.903] MenuRegistry: Registered 'Week View' in 'Tasks' menu (hotkey=W order=20)
[2025-12-20 15:35:58.905] ServiceContainer: Registered 'TimeListScreen' (singleton=False)
[2025-12-20 15:35:58.906] MenuRegistry: Registered screen factory 'TimeListScreen' in container (viewMode=)
[2025-12-20 15:35:58.907] MenuRegistry: Registered 'Time Tracking' in 'Time' menu (hotkey=T order=5)
[2025-12-20 15:35:58.909] ServiceContainer: Registered 'SettingsScreen' (singleton=False)
[2025-12-20 15:35:58.910] MenuRegistry: Registered screen factory 'SettingsScreen' in container (viewMode=)
[2025-12-20 15:35:58.912] MenuRegistry: Registered 'Settings' in 'Options' menu (hotkey=S order=20)
[2025-12-20 15:35:58.914] ServiceContainer: Resolving 'TaskListScreen'...
[2025-12-20 15:35:58.916] ServiceContainer: Resolving 'TaskStore'...
[2025-12-20 15:35:59.154] ServiceContainer: Resolved 'TaskStore' successfully
[2025-12-20 15:35:59.845] _PopulateMenusFromRegistry: Menu 'Options' has 2 items from registry (array)
[2025-12-20 15:35:59.861] _PopulateMenusFromRegistry: Menu 'Help' has 1 items from registry (array)
[2025-12-20 15:35:59.863] _PopulateMenusFromRegistry: Menu 'Projects' has 3 items from registry (array)
[2025-12-20 15:35:59.868] _PopulateMenusFromRegistry: Menu 'Tasks' has 10 items from registry (array)
[2025-12-20 15:35:59.871] _PopulateMenusFromRegistry: Menu 'Time' has 3 items from registry (array)
[2025-12-20 15:35:59.875] _PopulateMenusFromRegistry: Menu 'Tools' has 4 items from registry (array)
[2025-12-20 15:35:59.877] ServiceContainer: Resolved 'TaskListScreen' successfully
[2025-12-20 15:36:22.426] ServiceContainer: Resolving 'ThemeEditorScreen'...
[2025-12-20 15:36:22.461] ServiceContainer: Resolved 'ThemeEditorScreen' successfully
