[2026-01-10 14:21:39.188] ServiceContainer: Registered 'Theme' (singleton=True)
[2026-01-10 14:21:39.193] ServiceContainer: Registered 'ThemeManager' (singleton=True)
[2026-01-10 14:21:39.194] ServiceContainer: Registered 'Config' (singleton=True)
[2026-01-10 14:21:39.196] ServiceContainer: Registered 'TaskStore' (singleton=True)
[2026-01-10 14:21:39.197] ServiceContainer: Registered 'MenuRegistry' (singleton=True)
[2026-01-10 14:21:39.198] ServiceContainer: Registered 'Application' (singleton=True)
[2026-01-10 14:21:39.199] ServiceContainer: Registered 'CommandService' (singleton=True)
[2026-01-10 14:21:39.201] ServiceContainer: Registered 'ChecklistService' (singleton=True)
[2026-01-10 14:21:39.202] ServiceContainer: Registered 'NoteService' (singleton=True)
[2026-01-10 14:21:39.204] ServiceContainer: Registered 'ExcelMappingService' (singleton=True)
[2026-01-10 14:21:39.206] ServiceContainer: Registered 'ExcelCopyService' (singleton=True)
[2026-01-10 14:21:39.207] ServiceContainer: Registered 'PreferencesService' (singleton=True)
[2026-01-10 14:21:39.209] ServiceContainer: Registered 'ExcelImportService' (singleton=True)
[2026-01-10 14:21:39.210] ServiceContainer: Registered 'TextExportService' (singleton=True)
[2026-01-10 14:21:39.212] ServiceContainer: Registered 'TaskListScreen' (singleton=False)
[2026-01-10 14:21:39.239] ServiceContainer: Resolving 'Application'...
[2026-01-10 14:21:39.242] ServiceContainer: Resolving 'Theme'...
[2026-01-10 14:21:39.535] ServiceContainer: Resolved 'Theme' successfully
[2026-01-10 14:21:39.642] ServiceContainer: Resolving 'ThemeManager'...
[2026-01-10 14:21:39.645] ServiceContainer: Resolved 'ThemeManager' successfully
[2026-01-10 14:21:39.663] ServiceContainer: Resolved 'Application' successfully
[2026-01-10 14:21:39.664] ServiceContainer: Resolving 'MenuRegistry'...
[2026-01-10 14:21:39.680] ServiceContainer: Resolved 'MenuRegistry' successfully
[2026-01-10 14:21:39.704] MenuRegistry: Loaded manifest with 17 entries
[2026-01-10 14:21:39.748] ServiceContainer: Registered 'ExcelImportProfileManagerScreen' (singleton=False)
[2026-01-10 14:21:39.750] MenuRegistry: Registered 'Excel Import Profiles' in 'Tools' menu (hotkey=I order=40)
[2026-01-10 14:21:39.770] MenuRegistry: Registered 'Excel Import Profiles' in 'Tools' menu (hotkey=I order=40)
[2026-01-10 14:21:39.772] ServiceContainer: Registered 'ExcelProfileManagerScreen' (singleton=False)
[2026-01-10 14:21:39.773] MenuRegistry: Registered 'Excel Profiles' in 'Projects' menu (hotkey=M order=50)
[2026-01-10 14:21:39.776] MenuRegistry: Registered 'Excel Profiles' in 'Projects' menu (hotkey=M order=50)
[2026-01-10 14:21:39.778] ServiceContainer: Registered 'TimeReportScreen' (singleton=False)
[2026-01-10 14:21:39.779] MenuRegistry: Registered 'Time Report' in 'Time' menu (hotkey=R order=20)
[2026-01-10 14:21:39.780] MenuRegistry: Registered 'Time Report' in 'Time' menu (hotkey=R order=20)
[2026-01-10 14:21:39.782] ServiceContainer: Registered 'ChecklistTemplatesFolderScreen' (singleton=False)
[2026-01-10 14:21:39.783] MenuRegistry: Registered 'Checklist Templates' in 'Tools' menu (hotkey=H order=30)
[2026-01-10 14:21:39.784] MenuRegistry: Registered 'Checklist Templates' in 'Tools' menu (hotkey=H order=30)
[2026-01-10 14:21:39.786] ServiceContainer: Registered 'SettingsScreen' (singleton=False)
[2026-01-10 14:21:39.787] MenuRegistry: Registered 'Settings' in 'Options' menu (hotkey=S order=20)
[2026-01-10 14:21:39.789] MenuRegistry: Registered 'Settings' in 'Options' menu (hotkey=S order=20)
[2026-01-10 14:21:39.790] ServiceContainer: Registered 'TaskListScreen_Default' (singleton=False)
[2026-01-10 14:21:39.791] MenuRegistry: Registered 'Task List' in 'Tasks' menu (hotkey=L order=5)
[2026-01-10 14:21:39.793] MenuRegistry: Registered 'Task List' in 'Tasks' menu (hotkey=L order=5)
[2026-01-10 14:21:39.795] ServiceContainer: Registered 'WeeklyTimeReportScreen' (singleton=False)
[2026-01-10 14:21:39.796] MenuRegistry: Registered 'Weekly Report' in 'Time' menu (hotkey=W order=10)
[2026-01-10 14:21:39.797] MenuRegistry: Registered 'Weekly Report' in 'Time' menu (hotkey=W order=10)
[2026-01-10 14:21:39.799] ServiceContainer: Registered 'TextExportProfileManagerScreen' (singleton=False)
[2026-01-10 14:21:39.800] MenuRegistry: Registered 'T2020 Export Profiles' in 'Tools' menu (hotkey=E order=45)
[2026-01-10 14:21:39.802] MenuRegistry: Registered 'T2020 Export Profiles' in 'Tools' menu (hotkey=E order=45)
[2026-01-10 14:21:39.803] ServiceContainer: Registered 'NotesMenuScreen' (singleton=False)
[2026-01-10 14:21:39.804] MenuRegistry: Registered 'Notes' in 'Tools' menu (hotkey=N order=20)
[2026-01-10 14:21:39.806] MenuRegistry: Registered 'Notes' in 'Tools' menu (hotkey=N order=20)
[2026-01-10 14:21:39.807] ServiceContainer: Registered 'ThemeEditorScreen' (singleton=False)
[2026-01-10 14:21:39.808] MenuRegistry: Registered 'Theme Editor' in 'Options' menu (hotkey=T order=10)
[2026-01-10 14:21:39.810] MenuRegistry: Registered 'Theme Editor' in 'Options' menu (hotkey=T order=10)
[2026-01-10 14:21:39.812] ServiceContainer: Registered 'ProjectListScreen' (singleton=False)
[2026-01-10 14:21:39.813] MenuRegistry: Registered 'Project List' in 'Projects' menu (hotkey=L order=10)
[2026-01-10 14:21:39.814] MenuRegistry: Registered 'Project List' in 'Projects' menu (hotkey=L order=10)
[2026-01-10 14:21:39.816] ServiceContainer: Registered 'TimeListScreen' (singleton=False)
[2026-01-10 14:21:39.817] MenuRegistry: Registered 'Time Tracking' in 'Time' menu (hotkey=T order=5)
[2026-01-10 14:21:39.818] MenuRegistry: Registered 'Time Tracking' in 'Time' menu (hotkey=T order=5)
[2026-01-10 14:21:39.820] ServiceContainer: Registered 'CalendarScreen' (singleton=False)
[2026-01-10 14:21:39.821] MenuRegistry: Registered 'Calendar' in 'Tools' menu (hotkey=A order=50)
[2026-01-10 14:21:39.823] MenuRegistry: Registered 'Calendar' in 'Tools' menu (hotkey=A order=50)
[2026-01-10 14:21:39.852] ServiceContainer: Registered 'ExcelImportScreen' (singleton=False)
[2026-01-10 14:21:39.853] MenuRegistry: Registered 'Import from Excel' in 'Projects' menu (hotkey=I order=40)
[2026-01-10 14:21:39.855] MenuRegistry: Registered 'Import from Excel' in 'Projects' menu (hotkey=I order=40)
[2026-01-10 14:21:39.857] ServiceContainer: Registered 'CommandLibraryScreen' (singleton=False)
[2026-01-10 14:21:39.858] MenuRegistry: Registered 'Command Library' in 'Tools' menu (hotkey=L order=10)
[2026-01-10 14:21:39.859] MenuRegistry: Registered 'Command Library' in 'Tools' menu (hotkey=L order=10)
[2026-01-10 14:21:39.861] ServiceContainer: Registered 'ChecklistsLauncherScreen' (singleton=False)
[2026-01-10 14:21:39.862] MenuRegistry: Registered 'Checklists' in 'Tools' menu (hotkey=C order=25)
[2026-01-10 14:21:39.864] MenuRegistry: Registered 'Checklists' in 'Tools' menu (hotkey=C order=25)
[2026-01-10 14:21:39.865] ServiceContainer: Registered 'HelpViewScreen' (singleton=False)
[2026-01-10 14:21:39.867] MenuRegistry: Registered 'Help' in 'Help' menu (hotkey=H order=10)
[2026-01-10 14:21:39.869] MenuRegistry: Registered 'Help' in 'Help' menu (hotkey=H order=10)
[2026-01-10 14:21:48.278] ServiceContainer: Resolving 'ProjectListScreen'...
[2026-01-10 14:21:48.638] [INFO] StandardListScreen._ConfigureListActions: Configuring actions for Projects
[2026-01-10 14:21:48.652] [INFO] StandardListScreen: Added footer shortcut D -> Delete
[2026-01-10 14:21:48.671] [INFO] StandardListScreen._ConfigureListActions: Configured 12 footer shortcuts
[2026-01-10 14:21:48.689] [INFO] StandardListScreen._ConfigureListActions: Configuring actions for Projects
[2026-01-10 14:21:48.692] [INFO] StandardListScreen: Added footer shortcut D -> Delete
[2026-01-10 14:21:48.695] [INFO] StandardListScreen._ConfigureListActions: Configured 12 footer shortcuts
[2026-01-10 14:21:48.704] ServiceContainer: Resolved 'ProjectListScreen' successfully
[2026-01-10 14:21:48.860] [INFO] StandardListScreen._ConfigureListActions: Configuring actions for Projects
[2026-01-10 14:21:48.862] [INFO] StandardListScreen: Added footer shortcut D -> Delete
[2026-01-10 14:21:48.865] [INFO] StandardListScreen._ConfigureListActions: Configured 12 footer shortcuts
[14:21:49.260] [Z-BUFFER] REJECTED at (62,7): currentZ=10 < zBuffer=20 char='T'
[14:21:49.262] [Z-BUFFER] REJECTED at (63,7): currentZ=10 < zBuffer=20 char='a'
[14:21:49.264] [Z-BUFFER] REJECTED at (64,7): currentZ=10 < zBuffer=20 char='s'
[14:21:49.265] [Z-BUFFER] REJECTED at (65,7): currentZ=10 < zBuffer=20 char='k'
[14:21:49.266] [Z-BUFFER] REJECTED at (66,7): currentZ=10 < zBuffer=20 char='s'
[14:21:54.379] [Z-BUFFER] REJECTED at (62,7): currentZ=10 < zBuffer=20 char='T'
[14:21:54.380] [Z-BUFFER] REJECTED at (63,7): currentZ=10 < zBuffer=20 char='a'
[14:21:54.381] [Z-BUFFER] REJECTED at (64,7): currentZ=10 < zBuffer=20 char='s'
[14:21:54.382] [Z-BUFFER] REJECTED at (65,7): currentZ=10 < zBuffer=20 char='k'
[14:21:54.383] [Z-BUFFER] REJECTED at (66,7): currentZ=10 < zBuffer=20 char='s'
[2026-01-10 14:21:56.518] ServiceContainer: Registered 'ProjectInfoScreenV4' (singleton=False)
[2026-01-10 14:21:56.519] ServiceContainer: Resolving 'ProjectInfoScreenV4'...
[2026-01-10 14:21:56.612] ServiceContainer: Resolving 'TaskStore'...
[2026-01-10 14:21:56.617] ServiceContainer: Resolved 'TaskStore' successfully
[2026-01-10 14:21:56.626] ServiceContainer: Resolved 'ProjectInfoScreenV4' successfully
[2026-01-10 14:22:00.162] TabbedScreen.EditCurrentField: field='ID2' fieldIndex=1 visibleIndex=1
[2026-01-10 14:22:00.163] TabbedScreen.EditCurrentField: TabPanel.Y=8 TabBarHeight=2 contentY=10
[2026-01-10 14:22:00.164] TabbedScreen.EditCurrentField: Calculated editor position: X=26 Y=11
