[2025-12-19 20:18:55.387] ServiceContainer: Registered 'Theme' (singleton=True)
[2025-12-19 20:18:55.399] ServiceContainer: Registered 'ThemeManager' (singleton=True)
[2025-12-19 20:18:55.401] ServiceContainer: Registered 'Config' (singleton=True)
[2025-12-19 20:18:55.402] ServiceContainer: Registered 'TaskStore' (singleton=True)
[2025-12-19 20:18:55.403] ServiceContainer: Registered 'MenuRegistry' (singleton=True)
[2025-12-19 20:18:55.404] ServiceContainer: Registered 'Application' (singleton=True)
[2025-12-19 20:18:55.405] ServiceContainer: Registered 'CommandService' (singleton=True)
[2025-12-19 20:18:55.406] ServiceContainer: Registered 'ChecklistService' (singleton=True)
[2025-12-19 20:18:55.408] ServiceContainer: Registered 'NoteService' (singleton=True)
[2025-12-19 20:18:55.409] ServiceContainer: Registered 'ExcelMappingService' (singleton=True)
[2025-12-19 20:18:55.410] ServiceContainer: Registered 'PreferencesService' (singleton=True)
[2025-12-19 20:18:55.411] ServiceContainer: Registered 'TaskListScreen' (singleton=False)
[2025-12-19 20:18:55.439] ServiceContainer: Resolving 'Application'...
[2025-12-19 20:18:55.442] ServiceContainer: Resolving 'Theme'...
[2025-12-19 20:18:55.813] ServiceContainer: Resolved 'Theme' successfully
[2025-12-19 20:18:55.924] ServiceContainer: Resolving 'ThemeManager'...
[2025-12-19 20:18:55.939] ServiceContainer: Resolved 'ThemeManager' successfully
[2025-12-19 20:18:55.960] ServiceContainer: Resolved 'Application' successfully
[2025-12-19 20:18:55.962] ServiceContainer: Resolving 'MenuRegistry'...
[2025-12-19 20:18:55.978] ServiceContainer: Resolved 'MenuRegistry' successfully
[2025-12-19 20:18:56.002] MenuRegistry: Loaded manifest with 23 entries
[2025-12-19 20:18:56.033] ServiceContainer: Registered 'TaskListScreen_Overdue' (singleton=False)
[2025-12-19 20:18:56.034] MenuRegistry: Registered screen factory 'TaskListScreen_Overdue' in container (viewMode=overdue)
[2025-12-19 20:18:56.052] MenuRegistry: Registered 'Overdue' in 'Tasks' menu (hotkey=O order=30)
[2025-12-19 20:18:56.055] ServiceContainer: Registered 'ChecklistsLauncherScreen' (singleton=False)
[2025-12-19 20:18:56.056] MenuRegistry: Registered screen factory 'ChecklistsLauncherScreen' in container (viewMode=)
[2025-12-19 20:18:56.059] MenuRegistry: Registered 'Checklists' in 'Tools' menu (hotkey=C order=25)
[2025-12-19 20:18:56.061] ServiceContainer: Registered 'TimeListScreen' (singleton=False)
[2025-12-19 20:18:56.062] MenuRegistry: Registered screen factory 'TimeListScreen' in container (viewMode=)
[2025-12-19 20:18:56.063] MenuRegistry: Registered 'Time Tracking' in 'Time' menu (hotkey=T order=5)
[2025-12-19 20:18:56.065] ServiceContainer: Registered 'TaskListScreen_Tomorrow' (singleton=False)
[2025-12-19 20:18:56.066] MenuRegistry: Registered screen factory 'TaskListScreen_Tomorrow' in container (viewMode=tomorrow)
[2025-12-19 20:18:56.067] MenuRegistry: Registered 'Tomorrow' in 'Tasks' menu (hotkey=T order=15)
[2025-12-19 20:18:56.069] ServiceContainer: Registered 'ChecklistTemplatesFolderScreen' (singleton=False)
[2025-12-19 20:18:56.070] MenuRegistry: Registered screen factory 'ChecklistTemplatesFolderScreen' in container (viewMode=)
[2025-12-19 20:18:56.071] MenuRegistry: Registered 'Checklist Templates' in 'Tools' menu (hotkey=H order=30)
[2025-12-19 20:18:56.073] ServiceContainer: Registered 'HelpViewScreen' (singleton=False)
[2025-12-19 20:18:56.074] MenuRegistry: Registered screen factory 'HelpViewScreen' in container (viewMode=)
[2025-12-19 20:18:56.075] MenuRegistry: Registered 'Help' in 'Help' menu (hotkey=H order=10)
[2025-12-19 20:18:56.077] ServiceContainer: Registered 'ExcelProfileManagerScreen' (singleton=False)
[2025-12-19 20:18:56.077] MenuRegistry: Registered screen factory 'ExcelProfileManagerScreen' in container (viewMode=)
[2025-12-19 20:18:56.079] MenuRegistry: Registered 'Excel Profiles' in 'Projects' menu (hotkey=M order=50)
[2025-12-19 20:18:56.080] ServiceContainer: Registered 'TaskListScreen_NextActions' (singleton=False)
[2025-12-19 20:18:56.081] MenuRegistry: Registered screen factory 'TaskListScreen_NextActions' in container (viewMode=nextactions)
[2025-12-19 20:18:56.082] MenuRegistry: Registered 'Next Actions' in 'Tasks' menu (hotkey=N order=35)
[2025-12-19 20:18:56.112] ServiceContainer: Registered 'SettingsScreen' (singleton=False)
[2025-12-19 20:18:56.113] MenuRegistry: Registered screen factory 'SettingsScreen' in container (viewMode=)
[2025-12-19 20:18:56.114] MenuRegistry: Registered 'Settings' in 'Options' menu (hotkey=S order=20)
[2025-12-19 20:18:56.116] ServiceContainer: Registered 'TaskListScreen_Agenda' (singleton=False)
[2025-12-19 20:18:56.117] MenuRegistry: Registered screen factory 'TaskListScreen_Agenda' in container (viewMode=agenda)
[2025-12-19 20:18:56.118] MenuRegistry: Registered 'Agenda View' in 'Tasks' menu (hotkey=A order=50)
[2025-12-19 20:18:56.120] ServiceContainer: Registered 'TimeReportScreen' (singleton=False)
[2025-12-19 20:18:56.121] MenuRegistry: Registered screen factory 'TimeReportScreen' in container (viewMode=)
[2025-12-19 20:18:56.122] MenuRegistry: Registered 'Time Report' in 'Time' menu (hotkey=R order=20)
[2025-12-19 20:18:56.124] ServiceContainer: Registered 'TaskListScreen_Week' (singleton=False)
[2025-12-19 20:18:56.125] MenuRegistry: Registered screen factory 'TaskListScreen_Week' in container (viewMode=week)
[2025-12-19 20:18:56.126] MenuRegistry: Registered 'Week View' in 'Tasks' menu (hotkey=W order=20)
[2025-12-19 20:18:56.128] ServiceContainer: Registered 'TaskListScreen_Default' (singleton=False)
[2025-12-19 20:18:56.129] MenuRegistry: Registered screen factory 'TaskListScreen_Default' in container (viewMode=)
[2025-12-19 20:18:56.130] MenuRegistry: Registered 'Task List' in 'Tasks' menu (hotkey=L order=5)
[2025-12-19 20:18:56.132] ServiceContainer: Registered 'ExcelImportScreen' (singleton=False)
[2025-12-19 20:18:56.133] MenuRegistry: Registered screen factory 'ExcelImportScreen' in container (viewMode=)
[2025-12-19 20:18:56.134] MenuRegistry: Registered 'Import from Excel' in 'Projects' menu (hotkey=I order=40)
[2025-12-19 20:18:56.136] ServiceContainer: Registered 'ThemeEditorScreen' (singleton=False)
[2025-12-19 20:18:56.137] MenuRegistry: Registered screen factory 'ThemeEditorScreen' in container (viewMode=)
[2025-12-19 20:18:56.138] MenuRegistry: Registered 'Theme Editor' in 'Options' menu (hotkey=T order=10)
[2025-12-19 20:18:56.140] ServiceContainer: Registered 'TaskListScreen_Today' (singleton=False)
[2025-12-19 20:18:56.141] MenuRegistry: Registered screen factory 'TaskListScreen_Today' in container (viewMode=today)
[2025-12-19 20:18:56.142] MenuRegistry: Registered 'Today' in 'Tasks' menu (hotkey=Y order=10)
[2025-12-19 20:18:56.144] ServiceContainer: Registered 'TaskListScreen_Upcoming' (singleton=False)
[2025-12-19 20:18:56.145] MenuRegistry: Registered screen factory 'TaskListScreen_Upcoming' in container (viewMode=upcoming)
[2025-12-19 20:18:56.147] MenuRegistry: Registered 'Upcoming' in 'Tasks' menu (hotkey=U order=25)
[2025-12-19 20:18:56.148] ServiceContainer: Registered 'WeeklyTimeReportScreen' (singleton=False)
[2025-12-19 20:18:56.150] MenuRegistry: Registered screen factory 'WeeklyTimeReportScreen' in container (viewMode=)
[2025-12-19 20:18:56.151] MenuRegistry: Registered 'Weekly Report' in 'Time' menu (hotkey=W order=10)
[2025-12-19 20:18:56.153] ServiceContainer: Registered 'TaskListScreen_NoDate' (singleton=False)
[2025-12-19 20:18:56.154] MenuRegistry: Registered screen factory 'TaskListScreen_NoDate' in container (viewMode=noduedate)
[2025-12-19 20:18:56.156] MenuRegistry: Registered 'No Due Date' in 'Tasks' menu (hotkey=D order=40)
[2025-12-19 20:18:56.158] ServiceContainer: Registered 'ProjectListScreen' (singleton=False)
[2025-12-19 20:18:56.159] MenuRegistry: Registered screen factory 'ProjectListScreen' in container (viewMode=)
[2025-12-19 20:18:56.161] MenuRegistry: Registered 'Project List' in 'Projects' menu (hotkey=L order=10)
[2025-12-19 20:18:56.163] ServiceContainer: Registered 'TaskListScreen_Month' (singleton=False)
[2025-12-19 20:18:56.164] MenuRegistry: Registered screen factory 'TaskListScreen_Month' in container (viewMode=month)
[2025-12-19 20:18:56.166] MenuRegistry: Registered 'Month View' in 'Tasks' menu (hotkey=M order=45)
[2025-12-19 20:18:56.169] ServiceContainer: Registered 'CommandLibraryScreen' (singleton=False)
[2025-12-19 20:18:56.170] MenuRegistry: Registered screen factory 'CommandLibraryScreen' in container (viewMode=)
[2025-12-19 20:18:56.177] MenuRegistry: Registered 'Command Library' in 'Tools' menu (hotkey=L order=10)
[2025-12-19 20:18:56.179] ServiceContainer: Registered 'NotesMenuScreen' (singleton=False)
[2025-12-19 20:18:56.181] MenuRegistry: Registered screen factory 'NotesMenuScreen' in container (viewMode=)
[2025-12-19 20:18:56.182] MenuRegistry: Registered 'Notes' in 'Tools' menu (hotkey=N order=20)
[2025-12-19 20:18:56.185] ServiceContainer: Resolving 'TaskListScreen'...
[2025-12-19 20:18:56.188] ServiceContainer: Resolving 'TaskStore'...
[2025-12-19 20:18:56.500] ServiceContainer: Resolved 'TaskStore' successfully
[2025-12-19 20:18:57.485] _PopulateMenusFromRegistry: Menu 'Time' has 3 items from registry (array)
[2025-12-19 20:18:57.512] _PopulateMenusFromRegistry: Menu 'Help' has 1 items from registry (array)
[2025-12-19 20:18:57.516] _PopulateMenusFromRegistry: Menu 'Projects' has 3 items from registry (array)
[2025-12-19 20:18:57.523] _PopulateMenusFromRegistry: Menu 'Tasks' has 10 items from registry (array)
[2025-12-19 20:18:57.527] _PopulateMenusFromRegistry: Menu 'Options' has 2 items from registry (array)
[2025-12-19 20:18:57.532] _PopulateMenusFromRegistry: Menu 'Tools' has 4 items from registry (array)
[2025-12-19 20:18:57.536] ServiceContainer: Resolved 'TaskListScreen' successfully
