[2025-12-19 21:31:56.047] ServiceContainer: Registered 'Theme' (singleton=True)
[2025-12-19 21:31:56.059] ServiceContainer: Registered 'ThemeManager' (singleton=True)
[2025-12-19 21:31:56.060] ServiceContainer: Registered 'Config' (singleton=True)
[2025-12-19 21:31:56.061] ServiceContainer: Registered 'TaskStore' (singleton=True)
[2025-12-19 21:31:56.062] ServiceContainer: Registered 'MenuRegistry' (singleton=True)
[2025-12-19 21:31:56.063] ServiceContainer: Registered 'Application' (singleton=True)
[2025-12-19 21:31:56.064] ServiceContainer: Registered 'CommandService' (singleton=True)
[2025-12-19 21:31:56.065] ServiceContainer: Registered 'ChecklistService' (singleton=True)
[2025-12-19 21:31:56.066] ServiceContainer: Registered 'NoteService' (singleton=True)
[2025-12-19 21:31:56.067] ServiceContainer: Registered 'ExcelMappingService' (singleton=True)
[2025-12-19 21:31:56.068] ServiceContainer: Registered 'PreferencesService' (singleton=True)
[2025-12-19 21:31:56.069] ServiceContainer: Registered 'TaskListScreen' (singleton=False)
[2025-12-19 21:31:56.087] ServiceContainer: Resolving 'Application'...
[2025-12-19 21:31:56.090] ServiceContainer: Resolving 'Theme'...
[2025-12-19 21:31:56.391] ServiceContainer: Resolved 'Theme' successfully
[2025-12-19 21:31:56.500] ServiceContainer: Resolving 'ThemeManager'...
[2025-12-19 21:31:56.502] ServiceContainer: Resolved 'ThemeManager' successfully
[2025-12-19 21:31:56.520] ServiceContainer: Resolved 'Application' successfully
[2025-12-19 21:31:56.521] ServiceContainer: Resolving 'MenuRegistry'...
[2025-12-19 21:31:56.539] ServiceContainer: Resolved 'MenuRegistry' successfully
[2025-12-19 21:31:56.576] MenuRegistry: Loaded manifest with 23 entries
[2025-12-19 21:31:56.610] ServiceContainer: Registered 'ProjectListScreen' (singleton=False)
[2025-12-19 21:31:56.611] MenuRegistry: Registered screen factory 'ProjectListScreen' in container (viewMode=)
[2025-12-19 21:31:56.634] MenuRegistry: Registered 'Project List' in 'Projects' menu (hotkey=L order=10)
[2025-12-19 21:31:56.636] ServiceContainer: Registered 'SettingsScreen' (singleton=False)
[2025-12-19 21:31:56.637] MenuRegistry: Registered screen factory 'SettingsScreen' in container (viewMode=)
[2025-12-19 21:31:56.639] MenuRegistry: Registered 'Settings' in 'Options' menu (hotkey=S order=20)
[2025-12-19 21:31:56.644] ServiceContainer: Registered 'TaskListScreen_Week' (singleton=False)
[2025-12-19 21:31:56.645] MenuRegistry: Registered screen factory 'TaskListScreen_Week' in container (viewMode=week)
[2025-12-19 21:31:56.647] MenuRegistry: Registered 'Week View' in 'Tasks' menu (hotkey=W order=20)
[2025-12-19 21:31:56.649] ServiceContainer: Registered 'TimeListScreen' (singleton=False)
[2025-12-19 21:31:56.650] MenuRegistry: Registered screen factory 'TimeListScreen' in container (viewMode=)
[2025-12-19 21:31:56.652] MenuRegistry: Registered 'Time Tracking' in 'Time' menu (hotkey=T order=5)
[2025-12-19 21:31:56.654] ServiceContainer: Registered 'CommandLibraryScreen' (singleton=False)
[2025-12-19 21:31:56.655] MenuRegistry: Registered screen factory 'CommandLibraryScreen' in container (viewMode=)
[2025-12-19 21:31:56.656] MenuRegistry: Registered 'Command Library' in 'Tools' menu (hotkey=L order=10)
[2025-12-19 21:31:56.658] ServiceContainer: Registered 'TaskListScreen_Agenda' (singleton=False)
[2025-12-19 21:31:56.659] MenuRegistry: Registered screen factory 'TaskListScreen_Agenda' in container (viewMode=agenda)
[2025-12-19 21:31:56.660] MenuRegistry: Registered 'Agenda View' in 'Tasks' menu (hotkey=A order=50)
[2025-12-19 21:31:56.662] ServiceContainer: Registered 'ThemeEditorScreen' (singleton=False)
[2025-12-19 21:31:56.663] MenuRegistry: Registered screen factory 'ThemeEditorScreen' in container (viewMode=)
[2025-12-19 21:31:56.665] MenuRegistry: Registered 'Theme Editor' in 'Options' menu (hotkey=T order=10)
[2025-12-19 21:31:56.666] ServiceContainer: Registered 'ChecklistsLauncherScreen' (singleton=False)
[2025-12-19 21:31:56.667] MenuRegistry: Registered screen factory 'ChecklistsLauncherScreen' in container (viewMode=)
[2025-12-19 21:31:56.669] MenuRegistry: Registered 'Checklists' in 'Tools' menu (hotkey=C order=25)
[2025-12-19 21:31:56.670] ServiceContainer: Registered 'TaskListScreen_Month' (singleton=False)
[2025-12-19 21:31:56.671] MenuRegistry: Registered screen factory 'TaskListScreen_Month' in container (viewMode=month)
[2025-12-19 21:31:56.673] MenuRegistry: Registered 'Month View' in 'Tasks' menu (hotkey=M order=45)
[2025-12-19 21:31:56.675] ServiceContainer: Registered 'ExcelImportScreen' (singleton=False)
[2025-12-19 21:31:56.676] MenuRegistry: Registered screen factory 'ExcelImportScreen' in container (viewMode=)
[2025-12-19 21:31:56.677] MenuRegistry: Registered 'Import from Excel' in 'Projects' menu (hotkey=I order=40)
[2025-12-19 21:31:56.679] ServiceContainer: Registered 'TaskListScreen_Upcoming' (singleton=False)
[2025-12-19 21:31:56.680] MenuRegistry: Registered screen factory 'TaskListScreen_Upcoming' in container (viewMode=upcoming)
[2025-12-19 21:31:56.681] MenuRegistry: Registered 'Upcoming' in 'Tasks' menu (hotkey=U order=25)
[2025-12-19 21:31:56.689] ServiceContainer: Registered 'NotesMenuScreen' (singleton=False)
[2025-12-19 21:31:56.690] MenuRegistry: Registered screen factory 'NotesMenuScreen' in container (viewMode=)
[2025-12-19 21:31:56.692] MenuRegistry: Registered 'Notes' in 'Tools' menu (hotkey=N order=20)
[2025-12-19 21:31:56.694] ServiceContainer: Registered 'TaskListScreen_Default' (singleton=False)
[2025-12-19 21:31:56.695] MenuRegistry: Registered screen factory 'TaskListScreen_Default' in container (viewMode=)
[2025-12-19 21:31:56.696] MenuRegistry: Registered 'Task List' in 'Tasks' menu (hotkey=L order=5)
[2025-12-19 21:31:56.698] ServiceContainer: Registered 'TaskListScreen_Overdue' (singleton=False)
[2025-12-19 21:31:56.699] MenuRegistry: Registered screen factory 'TaskListScreen_Overdue' in container (viewMode=overdue)
[2025-12-19 21:31:56.700] MenuRegistry: Registered 'Overdue' in 'Tasks' menu (hotkey=O order=30)
[2025-12-19 21:31:56.702] ServiceContainer: Registered 'WeeklyTimeReportScreen' (singleton=False)
[2025-12-19 21:31:56.703] MenuRegistry: Registered screen factory 'WeeklyTimeReportScreen' in container (viewMode=)
[2025-12-19 21:31:56.704] MenuRegistry: Registered 'Weekly Report' in 'Time' menu (hotkey=W order=10)
[2025-12-19 21:31:56.706] ServiceContainer: Registered 'TaskListScreen_NoDate' (singleton=False)
[2025-12-19 21:31:56.708] MenuRegistry: Registered screen factory 'TaskListScreen_NoDate' in container (viewMode=noduedate)
[2025-12-19 21:31:56.709] MenuRegistry: Registered 'No Due Date' in 'Tasks' menu (hotkey=D order=40)
[2025-12-19 21:31:56.711] ServiceContainer: Registered 'HelpViewScreen' (singleton=False)
[2025-12-19 21:31:56.713] MenuRegistry: Registered screen factory 'HelpViewScreen' in container (viewMode=)
[2025-12-19 21:31:56.714] MenuRegistry: Registered 'Help' in 'Help' menu (hotkey=H order=10)
[2025-12-19 21:31:56.717] ServiceContainer: Registered 'ExcelProfileManagerScreen' (singleton=False)
[2025-12-19 21:31:56.718] MenuRegistry: Registered screen factory 'ExcelProfileManagerScreen' in container (viewMode=)
[2025-12-19 21:31:56.720] MenuRegistry: Registered 'Excel Profiles' in 'Projects' menu (hotkey=M order=50)
[2025-12-19 21:31:56.722] ServiceContainer: Registered 'TimeReportScreen' (singleton=False)
[2025-12-19 21:31:56.723] MenuRegistry: Registered screen factory 'TimeReportScreen' in container (viewMode=)
[2025-12-19 21:31:56.725] MenuRegistry: Registered 'Time Report' in 'Time' menu (hotkey=R order=20)
[2025-12-19 21:31:56.728] ServiceContainer: Registered 'TaskListScreen_Today' (singleton=False)
[2025-12-19 21:31:56.729] MenuRegistry: Registered screen factory 'TaskListScreen_Today' in container (viewMode=today)
[2025-12-19 21:31:56.731] MenuRegistry: Registered 'Today' in 'Tasks' menu (hotkey=Y order=10)
[2025-12-19 21:31:56.734] ServiceContainer: Registered 'TaskListScreen_NextActions' (singleton=False)
[2025-12-19 21:31:56.735] MenuRegistry: Registered screen factory 'TaskListScreen_NextActions' in container (viewMode=nextactions)
[2025-12-19 21:31:56.737] MenuRegistry: Registered 'Next Actions' in 'Tasks' menu (hotkey=N order=35)
[2025-12-19 21:31:56.739] ServiceContainer: Registered 'ChecklistTemplatesFolderScreen' (singleton=False)
[2025-12-19 21:31:56.740] MenuRegistry: Registered screen factory 'ChecklistTemplatesFolderScreen' in container (viewMode=)
[2025-12-19 21:31:56.742] MenuRegistry: Registered 'Checklist Templates' in 'Tools' menu (hotkey=H order=30)
[2025-12-19 21:31:56.744] ServiceContainer: Registered 'TaskListScreen_Tomorrow' (singleton=False)
[2025-12-19 21:31:56.746] MenuRegistry: Registered screen factory 'TaskListScreen_Tomorrow' in container (viewMode=tomorrow)
[2025-12-19 21:31:56.748] MenuRegistry: Registered 'Tomorrow' in 'Tasks' menu (hotkey=T order=15)
[2025-12-19 21:31:56.750] ServiceContainer: Resolving 'TaskListScreen'...
[2025-12-19 21:31:56.753] ServiceContainer: Resolving 'TaskStore'...
[2025-12-19 21:31:57.107] ServiceContainer: Resolved 'TaskStore' successfully
[2025-12-19 21:31:58.106] _PopulateMenusFromRegistry: Menu 'Tools' has 4 items from registry (array)
[2025-12-19 21:31:58.135] _PopulateMenusFromRegistry: Menu 'Time' has 3 items from registry (array)
[2025-12-19 21:31:58.154] _PopulateMenusFromRegistry: Menu 'Help' has 1 items from registry (array)
[2025-12-19 21:31:58.158] _PopulateMenusFromRegistry: Menu 'Options' has 2 items from registry (array)
[2025-12-19 21:31:58.165] _PopulateMenusFromRegistry: Menu 'Tasks' has 10 items from registry (array)
[2025-12-19 21:31:58.170] _PopulateMenusFromRegistry: Menu 'Projects' has 3 items from registry (array)
[2025-12-19 21:31:58.174] ServiceContainer: Resolved 'TaskListScreen' successfully
