[2026-01-10 14:15:43.547] ServiceContainer: Registered 'Theme' (singleton=True)
[2026-01-10 14:15:43.553] ServiceContainer: Registered 'ThemeManager' (singleton=True)
[2026-01-10 14:15:43.555] ServiceContainer: Registered 'Config' (singleton=True)
[2026-01-10 14:15:43.557] ServiceContainer: Registered 'TaskStore' (singleton=True)
[2026-01-10 14:15:43.559] ServiceContainer: Registered 'MenuRegistry' (singleton=True)
[2026-01-10 14:15:43.560] ServiceContainer: Registered 'Application' (singleton=True)
[2026-01-10 14:15:43.562] ServiceContainer: Registered 'CommandService' (singleton=True)
[2026-01-10 14:15:43.564] ServiceContainer: Registered 'ChecklistService' (singleton=True)
[2026-01-10 14:15:43.565] ServiceContainer: Registered 'NoteService' (singleton=True)
[2026-01-10 14:15:43.567] ServiceContainer: Registered 'ExcelMappingService' (singleton=True)
[2026-01-10 14:15:43.569] ServiceContainer: Registered 'ExcelCopyService' (singleton=True)
[2026-01-10 14:15:43.570] ServiceContainer: Registered 'PreferencesService' (singleton=True)
[2026-01-10 14:15:43.572] ServiceContainer: Registered 'ExcelImportService' (singleton=True)
[2026-01-10 14:15:43.573] ServiceContainer: Registered 'TextExportService' (singleton=True)
[2026-01-10 14:15:43.574] ServiceContainer: Registered 'TaskListScreen' (singleton=False)
[2026-01-10 14:15:43.598] ServiceContainer: Resolving 'Application'...
[2026-01-10 14:15:43.601] ServiceContainer: Resolving 'Theme'...
[2026-01-10 14:15:43.883] ServiceContainer: Resolved 'Theme' successfully
[2026-01-10 14:15:43.985] ServiceContainer: Resolving 'ThemeManager'...
[2026-01-10 14:15:43.988] ServiceContainer: Resolved 'ThemeManager' successfully
[2026-01-10 14:15:44.005] ServiceContainer: Resolved 'Application' successfully
[2026-01-10 14:15:44.007] ServiceContainer: Resolving 'MenuRegistry'...
[2026-01-10 14:15:44.024] ServiceContainer: Resolved 'MenuRegistry' successfully
[2026-01-10 14:15:44.047] MenuRegistry: Loaded manifest with 17 entries
[2026-01-10 14:15:44.093] ServiceContainer: Registered 'NotesMenuScreen' (singleton=False)
[2026-01-10 14:15:44.094] MenuRegistry: Registered 'Notes' in 'Tools' menu (hotkey=N order=20)
[2026-01-10 14:15:44.115] MenuRegistry: Registered 'Notes' in 'Tools' menu (hotkey=N order=20)
[2026-01-10 14:15:44.118] ServiceContainer: Registered 'TimeListScreen' (singleton=False)
[2026-01-10 14:15:44.119] MenuRegistry: Registered 'Time Tracking' in 'Time' menu (hotkey=T order=5)
[2026-01-10 14:15:44.121] MenuRegistry: Registered 'Time Tracking' in 'Time' menu (hotkey=T order=5)
[2026-01-10 14:15:44.123] ServiceContainer: Registered 'TimeReportScreen' (singleton=False)
[2026-01-10 14:15:44.124] MenuRegistry: Registered 'Time Report' in 'Time' menu (hotkey=R order=20)
[2026-01-10 14:15:44.126] MenuRegistry: Registered 'Time Report' in 'Time' menu (hotkey=R order=20)
[2026-01-10 14:15:44.128] ServiceContainer: Registered 'TextExportProfileManagerScreen' (singleton=False)
[2026-01-10 14:15:44.129] MenuRegistry: Registered 'T2020 Export Profiles' in 'Tools' menu (hotkey=E order=45)
[2026-01-10 14:15:44.131] MenuRegistry: Registered 'T2020 Export Profiles' in 'Tools' menu (hotkey=E order=45)
[2026-01-10 14:15:44.133] ServiceContainer: Registered 'SettingsScreen' (singleton=False)
[2026-01-10 14:15:44.134] MenuRegistry: Registered 'Settings' in 'Options' menu (hotkey=S order=20)
[2026-01-10 14:15:44.135] MenuRegistry: Registered 'Settings' in 'Options' menu (hotkey=S order=20)
[2026-01-10 14:15:44.137] ServiceContainer: Registered 'HelpViewScreen' (singleton=False)
[2026-01-10 14:15:44.138] MenuRegistry: Registered 'Help' in 'Help' menu (hotkey=H order=10)
[2026-01-10 14:15:44.140] MenuRegistry: Registered 'Help' in 'Help' menu (hotkey=H order=10)
[2026-01-10 14:15:44.141] ServiceContainer: Registered 'ProjectListScreen' (singleton=False)
[2026-01-10 14:15:44.142] MenuRegistry: Registered 'Project List' in 'Projects' menu (hotkey=L order=10)
[2026-01-10 14:15:44.144] MenuRegistry: Registered 'Project List' in 'Projects' menu (hotkey=L order=10)
[2026-01-10 14:15:44.146] ServiceContainer: Registered 'ExcelImportScreen' (singleton=False)
[2026-01-10 14:15:44.147] MenuRegistry: Registered 'Import from Excel' in 'Projects' menu (hotkey=I order=40)
[2026-01-10 14:15:44.148] MenuRegistry: Registered 'Import from Excel' in 'Projects' menu (hotkey=I order=40)
[2026-01-10 14:15:44.150] ServiceContainer: Registered 'TaskListScreen_Default' (singleton=False)
[2026-01-10 14:15:44.151] MenuRegistry: Registered 'Task List' in 'Tasks' menu (hotkey=L order=5)
[2026-01-10 14:15:44.153] MenuRegistry: Registered 'Task List' in 'Tasks' menu (hotkey=L order=5)
[2026-01-10 14:15:44.155] ServiceContainer: Registered 'CalendarScreen' (singleton=False)
[2026-01-10 14:15:44.156] MenuRegistry: Registered 'Calendar' in 'Tools' menu (hotkey=A order=50)
[2026-01-10 14:15:44.157] MenuRegistry: Registered 'Calendar' in 'Tools' menu (hotkey=A order=50)
[2026-01-10 14:15:44.159] ServiceContainer: Registered 'ThemeEditorScreen' (singleton=False)
[2026-01-10 14:15:44.160] MenuRegistry: Registered 'Theme Editor' in 'Options' menu (hotkey=T order=10)
[2026-01-10 14:15:44.162] MenuRegistry: Registered 'Theme Editor' in 'Options' menu (hotkey=T order=10)
[2026-01-10 14:15:44.163] ServiceContainer: Registered 'WeeklyTimeReportScreen' (singleton=False)
[2026-01-10 14:15:44.164] MenuRegistry: Registered 'Weekly Report' in 'Time' menu (hotkey=W order=10)
[2026-01-10 14:15:44.166] MenuRegistry: Registered 'Weekly Report' in 'Time' menu (hotkey=W order=10)
[2026-01-10 14:15:44.168] ServiceContainer: Registered 'ChecklistsLauncherScreen' (singleton=False)
[2026-01-10 14:15:44.169] MenuRegistry: Registered 'Checklists' in 'Tools' menu (hotkey=C order=25)
[2026-01-10 14:15:44.170] MenuRegistry: Registered 'Checklists' in 'Tools' menu (hotkey=C order=25)
[2026-01-10 14:15:44.201] ServiceContainer: Registered 'ExcelImportProfileManagerScreen' (singleton=False)
[2026-01-10 14:15:44.202] MenuRegistry: Registered 'Excel Import Profiles' in 'Tools' menu (hotkey=I order=40)
[2026-01-10 14:15:44.204] MenuRegistry: Registered 'Excel Import Profiles' in 'Tools' menu (hotkey=I order=40)
[2026-01-10 14:15:44.206] ServiceContainer: Registered 'CommandLibraryScreen' (singleton=False)
[2026-01-10 14:15:44.207] MenuRegistry: Registered 'Command Library' in 'Tools' menu (hotkey=L order=10)
[2026-01-10 14:15:44.209] MenuRegistry: Registered 'Command Library' in 'Tools' menu (hotkey=L order=10)
[2026-01-10 14:15:44.210] ServiceContainer: Registered 'ExcelProfileManagerScreen' (singleton=False)
[2026-01-10 14:15:44.211] MenuRegistry: Registered 'Excel Profiles' in 'Projects' menu (hotkey=M order=50)
[2026-01-10 14:15:44.213] MenuRegistry: Registered 'Excel Profiles' in 'Projects' menu (hotkey=M order=50)
[2026-01-10 14:15:44.215] ServiceContainer: Registered 'ChecklistTemplatesFolderScreen' (singleton=False)
[2026-01-10 14:15:44.216] MenuRegistry: Registered 'Checklist Templates' in 'Tools' menu (hotkey=H order=30)
[2026-01-10 14:15:44.218] MenuRegistry: Registered 'Checklist Templates' in 'Tools' menu (hotkey=H order=30)
[2026-01-10 14:15:49.699] ServiceContainer: Resolving 'ProjectListScreen'...
[2026-01-10 14:15:50.143] [INFO] StandardListScreen._ConfigureListActions: Configuring actions for Projects
[2026-01-10 14:15:50.163] [INFO] StandardListScreen: Added footer shortcut D -> Delete
[2026-01-10 14:15:50.187] [INFO] StandardListScreen._ConfigureListActions: Configured 12 footer shortcuts
[2026-01-10 14:15:50.206] [INFO] StandardListScreen._ConfigureListActions: Configuring actions for Projects
[2026-01-10 14:15:50.209] [INFO] StandardListScreen: Added footer shortcut D -> Delete
[2026-01-10 14:15:50.213] [INFO] StandardListScreen._ConfigureListActions: Configured 12 footer shortcuts
[2026-01-10 14:15:50.222] ServiceContainer: Resolved 'ProjectListScreen' successfully
[2026-01-10 14:15:50.413] [INFO] StandardListScreen._ConfigureListActions: Configuring actions for Projects
[2026-01-10 14:15:50.415] [INFO] StandardListScreen: Added footer shortcut D -> Delete
[2026-01-10 14:15:50.418] [INFO] StandardListScreen._ConfigureListActions: Configured 12 footer shortcuts
[14:15:50.899] [Z-BUFFER] REJECTED at (62,7): currentZ=10 < zBuffer=20 char='T'
[14:15:50.901] [Z-BUFFER] REJECTED at (63,7): currentZ=10 < zBuffer=20 char='a'
[14:15:50.902] [Z-BUFFER] REJECTED at (64,7): currentZ=10 < zBuffer=20 char='s'
[14:15:50.905] [Z-BUFFER] REJECTED at (65,7): currentZ=10 < zBuffer=20 char='k'
[14:15:50.906] [Z-BUFFER] REJECTED at (66,7): currentZ=10 < zBuffer=20 char='s'
[2026-01-10 14:15:51.578] ServiceContainer: Registered 'ProjectInfoScreenV4' (singleton=False)
[2026-01-10 14:15:51.580] ServiceContainer: Resolving 'ProjectInfoScreenV4'...
[2026-01-10 14:15:51.698] ServiceContainer: Resolving 'TaskStore'...
[2026-01-10 14:15:51.704] ServiceContainer: Resolved 'TaskStore' successfully
[2026-01-10 14:15:51.717] ServiceContainer: Resolved 'ProjectInfoScreenV4' successfully
[2026-01-10 14:15:53.284] [INFO] StandardListScreen._ConfigureListActions: Configuring actions for Projects
[2026-01-10 14:15:53.288] [INFO] StandardListScreen: Added footer shortcut D -> Delete
[2026-01-10 14:15:53.291] [INFO] StandardListScreen._ConfigureListActions: Configured 12 footer shortcuts
[14:15:53.369] [Z-BUFFER] REJECTED at (62,7): currentZ=10 < zBuffer=20 char='T'
[14:15:53.370] [Z-BUFFER] REJECTED at (63,7): currentZ=10 < zBuffer=20 char='a'
[14:15:53.371] [Z-BUFFER] REJECTED at (64,7): currentZ=10 < zBuffer=20 char='s'
[14:15:53.372] [Z-BUFFER] REJECTED at (65,7): currentZ=10 < zBuffer=20 char='k'
[14:15:53.374] [Z-BUFFER] REJECTED at (66,7): currentZ=10 < zBuffer=20 char='s'
[14:15:54.401] [Z-BUFFER] REJECTED at (62,7): currentZ=10 < zBuffer=20 char='T'
[14:15:54.402] [Z-BUFFER] REJECTED at (63,7): currentZ=10 < zBuffer=20 char='a'
[14:15:54.403] [Z-BUFFER] REJECTED at (64,7): currentZ=10 < zBuffer=20 char='s'
[14:15:54.405] [Z-BUFFER] REJECTED at (65,7): currentZ=10 < zBuffer=20 char='k'
[14:15:54.406] [Z-BUFFER] REJECTED at (66,7): currentZ=10 < zBuffer=20 char='s'
[2026-01-10 14:15:55.670] ServiceContainer: Resolving 'ProjectInfoScreenV4'...
[2026-01-10 14:15:55.683] ServiceContainer: Resolved 'ProjectInfoScreenV4' successfully
[2026-01-10 14:15:57.317] TabbedScreen.EditCurrentField: field='ID1' fieldIndex=0 visibleIndex=0
[2026-01-10 14:15:57.318] TabbedScreen.EditCurrentField: TabPanel.Y=8 TabBarHeight=2 contentY=10
[2026-01-10 14:15:57.319] TabbedScreen.EditCurrentField: Calculated editor position: X=26 Y=10
