[2026-01-02 07:35:42.543] ServiceContainer: Registered 'Theme' (singleton=True)
[2026-01-02 07:35:42.548] ServiceContainer: Registered 'ThemeManager' (singleton=True)
[2026-01-02 07:35:42.550] ServiceContainer: Registered 'Config' (singleton=True)
[2026-01-02 07:35:42.551] ServiceContainer: Registered 'TaskStore' (singleton=True)
[2026-01-02 07:35:42.553] ServiceContainer: Registered 'MenuRegistry' (singleton=True)
[2026-01-02 07:35:42.554] ServiceContainer: Registered 'Application' (singleton=True)
[2026-01-02 07:35:42.556] ServiceContainer: Registered 'CommandService' (singleton=True)
[2026-01-02 07:35:42.557] ServiceContainer: Registered 'ChecklistService' (singleton=True)
[2026-01-02 07:35:42.558] ServiceContainer: Registered 'NoteService' (singleton=True)
[2026-01-02 07:35:42.560] ServiceContainer: Registered 'ExcelMappingService' (singleton=True)
[2026-01-02 07:35:42.561] ServiceContainer: Registered 'ExcelCopyService' (singleton=True)
[2026-01-02 07:35:42.563] ServiceContainer: Registered 'PreferencesService' (singleton=True)
[2026-01-02 07:35:42.564] ServiceContainer: Registered 'ExcelImportService' (singleton=True)
[2026-01-02 07:35:42.565] ServiceContainer: Registered 'TextExportService' (singleton=True)
[2026-01-02 07:35:42.566] ServiceContainer: Registered 'TaskListScreen' (singleton=False)
[2026-01-02 07:35:42.589] ServiceContainer: Resolving 'Application'...
[2026-01-02 07:35:42.592] ServiceContainer: Resolving 'Theme'...
[2026-01-02 07:35:42.920] ServiceContainer: Resolved 'Theme' successfully
[2026-01-02 07:35:43.047] ServiceContainer: Resolving 'ThemeManager'...
[2026-01-02 07:35:43.051] ServiceContainer: Resolved 'ThemeManager' successfully
[2026-01-02 07:35:43.069] ServiceContainer: Resolved 'Application' successfully
[2026-01-02 07:35:43.071] ServiceContainer: Resolving 'MenuRegistry'...
[2026-01-02 07:35:43.089] ServiceContainer: Resolved 'MenuRegistry' successfully
[2026-01-02 07:35:43.114] MenuRegistry: Loaded manifest with 16 entries
[2026-01-02 07:35:43.153] ServiceContainer: Registered 'ExcelImportProfileManagerScreen' (singleton=False)
[2026-01-02 07:35:43.154] MenuRegistry: Registered 'Excel Import Profiles' in 'Tools' menu (hotkey=I order=40)
[2026-01-02 07:35:43.177] MenuRegistry: Registered 'Excel Import Profiles' in 'Tools' menu (hotkey=I order=40)
[2026-01-02 07:35:43.180] ServiceContainer: Registered 'TextExportProfileManagerScreen' (singleton=False)
[2026-01-02 07:35:43.181] MenuRegistry: Registered 'T2020 Export Profiles' in 'Tools' menu (hotkey=E order=45)
[2026-01-02 07:35:43.183] MenuRegistry: Registered 'T2020 Export Profiles' in 'Tools' menu (hotkey=E order=45)
[2026-01-02 07:35:43.185] ServiceContainer: Registered 'ProjectListScreen' (singleton=False)
[2026-01-02 07:35:43.186] MenuRegistry: Registered 'Project List' in 'Projects' menu (hotkey=L order=10)
[2026-01-02 07:35:43.188] MenuRegistry: Registered 'Project List' in 'Projects' menu (hotkey=L order=10)
[2026-01-02 07:35:43.191] ServiceContainer: Registered 'ChecklistTemplatesFolderScreen' (singleton=False)
[2026-01-02 07:35:43.192] MenuRegistry: Registered 'Checklist Templates' in 'Tools' menu (hotkey=H order=30)
[2026-01-02 07:35:43.204] MenuRegistry: Registered 'Checklist Templates' in 'Tools' menu (hotkey=H order=30)
[2026-01-02 07:35:43.206] ServiceContainer: Registered 'CommandLibraryScreen' (singleton=False)
[2026-01-02 07:35:43.207] MenuRegistry: Registered 'Command Library' in 'Tools' menu (hotkey=L order=10)
[2026-01-02 07:35:43.209] MenuRegistry: Registered 'Command Library' in 'Tools' menu (hotkey=L order=10)
[2026-01-02 07:35:43.211] ServiceContainer: Registered 'HelpViewScreen' (singleton=False)
[2026-01-02 07:35:43.212] MenuRegistry: Registered 'Help' in 'Help' menu (hotkey=H order=10)
[2026-01-02 07:35:43.214] MenuRegistry: Registered 'Help' in 'Help' menu (hotkey=H order=10)
[2026-01-02 07:35:43.216] ServiceContainer: Registered 'TaskListScreen_Default' (singleton=False)
[2026-01-02 07:35:43.217] MenuRegistry: Registered 'Task List' in 'Tasks' menu (hotkey=L order=5)
[2026-01-02 07:35:43.219] MenuRegistry: Registered 'Task List' in 'Tasks' menu (hotkey=L order=5)
[2026-01-02 07:35:43.221] ServiceContainer: Registered 'SettingsScreen' (singleton=False)
[2026-01-02 07:35:43.222] MenuRegistry: Registered 'Settings' in 'Options' menu (hotkey=S order=20)
[2026-01-02 07:35:43.224] MenuRegistry: Registered 'Settings' in 'Options' menu (hotkey=S order=20)
[2026-01-02 07:35:43.227] ServiceContainer: Registered 'TimeReportScreen' (singleton=False)
[2026-01-02 07:35:43.228] MenuRegistry: Registered 'Time Report' in 'Time' menu (hotkey=R order=20)
[2026-01-02 07:35:43.230] MenuRegistry: Registered 'Time Report' in 'Time' menu (hotkey=R order=20)
[2026-01-02 07:35:43.232] ServiceContainer: Registered 'ThemeEditorScreen' (singleton=False)
[2026-01-02 07:35:43.233] MenuRegistry: Registered 'Theme Editor' in 'Options' menu (hotkey=T order=10)
[2026-01-02 07:35:43.234] MenuRegistry: Registered 'Theme Editor' in 'Options' menu (hotkey=T order=10)
[2026-01-02 07:35:43.237] ServiceContainer: Registered 'ChecklistsLauncherScreen' (singleton=False)
[2026-01-02 07:35:43.238] MenuRegistry: Registered 'Checklists' in 'Tools' menu (hotkey=C order=25)
[2026-01-02 07:35:43.240] MenuRegistry: Registered 'Checklists' in 'Tools' menu (hotkey=C order=25)
[2026-01-02 07:35:43.242] ServiceContainer: Registered 'ExcelImportScreen' (singleton=False)
[2026-01-02 07:35:43.243] MenuRegistry: Registered 'Import from Excel' in 'Projects' menu (hotkey=I order=40)
[2026-01-02 07:35:43.245] MenuRegistry: Registered 'Import from Excel' in 'Projects' menu (hotkey=I order=40)
[2026-01-02 07:35:43.247] ServiceContainer: Registered 'WeeklyTimeReportScreen' (singleton=False)
[2026-01-02 07:35:43.248] MenuRegistry: Registered 'Weekly Report' in 'Time' menu (hotkey=W order=10)
[2026-01-02 07:35:43.249] MenuRegistry: Registered 'Weekly Report' in 'Time' menu (hotkey=W order=10)
[2026-01-02 07:35:43.251] ServiceContainer: Registered 'TimeListScreen' (singleton=False)
[2026-01-02 07:35:43.252] MenuRegistry: Registered 'Time Tracking' in 'Time' menu (hotkey=T order=5)
[2026-01-02 07:35:43.254] MenuRegistry: Registered 'Time Tracking' in 'Time' menu (hotkey=T order=5)
[2026-01-02 07:35:43.256] ServiceContainer: Registered 'NotesMenuScreen' (singleton=False)
[2026-01-02 07:35:43.258] MenuRegistry: Registered 'Notes' in 'Tools' menu (hotkey=N order=20)
[2026-01-02 07:35:43.259] MenuRegistry: Registered 'Notes' in 'Tools' menu (hotkey=N order=20)
[2026-01-02 07:35:43.261] ServiceContainer: Registered 'ExcelProfileManagerScreen' (singleton=False)
[2026-01-02 07:35:43.263] MenuRegistry: Registered 'Excel Profiles' in 'Projects' menu (hotkey=M order=50)
[2026-01-02 07:35:43.264] MenuRegistry: Registered 'Excel Profiles' in 'Projects' menu (hotkey=M order=50)
[2026-01-02 07:35:43.266] ServiceContainer: Resolving 'TaskListScreen'...
[2026-01-02 07:35:43.269] ServiceContainer: Resolving 'TaskStore'...
[2026-01-02 07:35:43.431] ServiceContainer: Resolved 'TaskStore' successfully
[2026-01-02 07:35:44.639] _PopulateMenusFromRegistry: Menu 'Tasks' has 1 items from registry (array)
[2026-01-02 07:35:44.667] _PopulateMenusFromRegistry: Menu 'Options' has 2 items from registry (array)
[2026-01-02 07:35:44.673] _PopulateMenusFromRegistry: Menu 'Time' has 3 items from registry (array)
[2026-01-02 07:35:44.676] _PopulateMenusFromRegistry: Menu 'Help' has 1 items from registry (array)
[2026-01-02 07:35:44.682] _PopulateMenusFromRegistry: Menu 'Tools' has 6 items from registry (array)
[2026-01-02 07:35:44.686] _PopulateMenusFromRegistry: Menu 'Projects' has 3 items from registry (array)
[2026-01-02 07:35:44.689] ServiceContainer: Resolved 'TaskListScreen' successfully
[2026-01-02 07:35:49.936] ServiceContainer: Resolving 'NotesMenuScreen'...
[2026-01-02 07:35:50.120] ServiceContainer: Resolved 'NotesMenuScreen' successfully
