[2025-12-19 23:27:04.894] ServiceContainer: Registered 'Theme' (singleton=True)
[2025-12-19 23:27:04.902] ServiceContainer: Registered 'ThemeManager' (singleton=True)
[2025-12-19 23:27:04.929] ServiceContainer: Registered 'Config' (singleton=True)
[2025-12-19 23:27:04.930] ServiceContainer: Registered 'TaskStore' (singleton=True)
[2025-12-19 23:27:04.931] ServiceContainer: Registered 'MenuRegistry' (singleton=True)
[2025-12-19 23:27:04.932] ServiceContainer: Registered 'Application' (singleton=True)
[2025-12-19 23:27:04.933] ServiceContainer: Registered 'CommandService' (singleton=True)
[2025-12-19 23:27:04.935] ServiceContainer: Registered 'ChecklistService' (singleton=True)
[2025-12-19 23:27:04.936] ServiceContainer: Registered 'NoteService' (singleton=True)
[2025-12-19 23:27:04.937] ServiceContainer: Registered 'ExcelMappingService' (singleton=True)
[2025-12-19 23:27:04.939] ServiceContainer: Registered 'PreferencesService' (singleton=True)
[2025-12-19 23:27:04.940] ServiceContainer: Registered 'TaskListScreen' (singleton=False)
[2025-12-19 23:27:04.955] ServiceContainer: Resolving 'Application'...
[2025-12-19 23:27:04.957] ServiceContainer: Resolving 'Theme'...
[2025-12-19 23:27:05.167] ServiceContainer: Resolved 'Theme' successfully
[2025-12-19 23:27:05.264] ServiceContainer: Resolving 'ThemeManager'...
[2025-12-19 23:27:05.274] ServiceContainer: Resolved 'ThemeManager' successfully
[2025-12-19 23:27:05.289] ServiceContainer: Resolved 'Application' successfully
[2025-12-19 23:27:05.290] ServiceContainer: Resolving 'MenuRegistry'...
[2025-12-19 23:27:05.303] ServiceContainer: Resolved 'MenuRegistry' successfully
[2025-12-19 23:27:05.322] MenuRegistry: Loaded manifest with 23 entries
[2025-12-19 23:27:05.351] ServiceContainer: Registered 'TaskListScreen_NextActions' (singleton=False)
[2025-12-19 23:27:05.352] MenuRegistry: Registered screen factory 'TaskListScreen_NextActions' in container (viewMode=nextactions)
[2025-12-19 23:27:05.369] MenuRegistry: Registered 'Next Actions' in 'Tasks' menu (hotkey=N order=35)
[2025-12-19 23:27:05.371] ServiceContainer: Registered 'TimeReportScreen' (singleton=False)
[2025-12-19 23:27:05.372] MenuRegistry: Registered screen factory 'TimeReportScreen' in container (viewMode=)
[2025-12-19 23:27:05.375] MenuRegistry: Registered 'Time Report' in 'Time' menu (hotkey=R order=20)
[2025-12-19 23:27:05.379] ServiceContainer: Registered 'ProjectListScreen' (singleton=False)
[2025-12-19 23:27:05.381] MenuRegistry: Registered screen factory 'ProjectListScreen' in container (viewMode=)
[2025-12-19 23:27:05.382] MenuRegistry: Registered 'Project List' in 'Projects' menu (hotkey=L order=10)
[2025-12-19 23:27:05.384] ServiceContainer: Registered 'ExcelProfileManagerScreen' (singleton=False)
[2025-12-19 23:27:05.385] MenuRegistry: Registered screen factory 'ExcelProfileManagerScreen' in container (viewMode=)
[2025-12-19 23:27:05.387] MenuRegistry: Registered 'Excel Profiles' in 'Projects' menu (hotkey=M order=50)
[2025-12-19 23:27:05.389] ServiceContainer: Registered 'HelpViewScreen' (singleton=False)
[2025-12-19 23:27:05.390] MenuRegistry: Registered screen factory 'HelpViewScreen' in container (viewMode=)
[2025-12-19 23:27:05.391] MenuRegistry: Registered 'Help' in 'Help' menu (hotkey=H order=10)
[2025-12-19 23:27:05.393] ServiceContainer: Registered 'TaskListScreen_Tomorrow' (singleton=False)
[2025-12-19 23:27:05.394] MenuRegistry: Registered screen factory 'TaskListScreen_Tomorrow' in container (viewMode=tomorrow)
[2025-12-19 23:27:05.395] MenuRegistry: Registered 'Tomorrow' in 'Tasks' menu (hotkey=T order=15)
[2025-12-19 23:27:05.397] ServiceContainer: Registered 'ExcelImportScreen' (singleton=False)
[2025-12-19 23:27:05.398] MenuRegistry: Registered screen factory 'ExcelImportScreen' in container (viewMode=)
[2025-12-19 23:27:05.400] MenuRegistry: Registered 'Import from Excel' in 'Projects' menu (hotkey=I order=40)
[2025-12-19 23:27:05.402] ServiceContainer: Registered 'ChecklistsLauncherScreen' (singleton=False)
[2025-12-19 23:27:05.403] MenuRegistry: Registered screen factory 'ChecklistsLauncherScreen' in container (viewMode=)
[2025-12-19 23:27:05.405] MenuRegistry: Registered 'Checklists' in 'Tools' menu (hotkey=C order=25)
[2025-12-19 23:27:05.415] ServiceContainer: Registered 'TimeListScreen' (singleton=False)
[2025-12-19 23:27:05.416] MenuRegistry: Registered screen factory 'TimeListScreen' in container (viewMode=)
[2025-12-19 23:27:05.418] MenuRegistry: Registered 'Time Tracking' in 'Time' menu (hotkey=T order=5)
[2025-12-19 23:27:05.421] ServiceContainer: Registered 'TaskListScreen_Upcoming' (singleton=False)
[2025-12-19 23:27:05.422] MenuRegistry: Registered screen factory 'TaskListScreen_Upcoming' in container (viewMode=upcoming)
[2025-12-19 23:27:05.424] MenuRegistry: Registered 'Upcoming' in 'Tasks' menu (hotkey=U order=25)
[2025-12-19 23:27:05.427] ServiceContainer: Registered 'TaskListScreen_Week' (singleton=False)
[2025-12-19 23:27:05.428] MenuRegistry: Registered screen factory 'TaskListScreen_Week' in container (viewMode=week)
[2025-12-19 23:27:05.430] MenuRegistry: Registered 'Week View' in 'Tasks' menu (hotkey=W order=20)
[2025-12-19 23:27:05.432] ServiceContainer: Registered 'TaskListScreen_Month' (singleton=False)
[2025-12-19 23:27:05.434] MenuRegistry: Registered screen factory 'TaskListScreen_Month' in container (viewMode=month)
[2025-12-19 23:27:05.436] MenuRegistry: Registered 'Month View' in 'Tasks' menu (hotkey=M order=45)
[2025-12-19 23:27:05.439] ServiceContainer: Registered 'TaskListScreen_Overdue' (singleton=False)
[2025-12-19 23:27:05.440] MenuRegistry: Registered screen factory 'TaskListScreen_Overdue' in container (viewMode=overdue)
[2025-12-19 23:27:05.442] MenuRegistry: Registered 'Overdue' in 'Tasks' menu (hotkey=O order=30)
[2025-12-19 23:27:05.446] ServiceContainer: Registered 'ChecklistTemplatesFolderScreen' (singleton=False)
[2025-12-19 23:27:05.448] MenuRegistry: Registered screen factory 'ChecklistTemplatesFolderScreen' in container (viewMode=)
[2025-12-19 23:27:05.451] MenuRegistry: Registered 'Checklist Templates' in 'Tools' menu (hotkey=H order=30)
[2025-12-19 23:27:05.454] ServiceContainer: Registered 'CommandLibraryScreen' (singleton=False)
[2025-12-19 23:27:05.456] MenuRegistry: Registered screen factory 'CommandLibraryScreen' in container (viewMode=)
[2025-12-19 23:27:05.458] MenuRegistry: Registered 'Command Library' in 'Tools' menu (hotkey=L order=10)
[2025-12-19 23:27:05.461] ServiceContainer: Registered 'TaskListScreen_Agenda' (singleton=False)
[2025-12-19 23:27:05.464] MenuRegistry: Registered screen factory 'TaskListScreen_Agenda' in container (viewMode=agenda)
[2025-12-19 23:27:05.467] MenuRegistry: Registered 'Agenda View' in 'Tasks' menu (hotkey=A order=50)
[2025-12-19 23:27:05.470] ServiceContainer: Registered 'SettingsScreen' (singleton=False)
[2025-12-19 23:27:05.472] MenuRegistry: Registered screen factory 'SettingsScreen' in container (viewMode=)
[2025-12-19 23:27:05.475] MenuRegistry: Registered 'Settings' in 'Options' menu (hotkey=S order=20)
[2025-12-19 23:27:05.478] ServiceContainer: Registered 'NotesMenuScreen' (singleton=False)
[2025-12-19 23:27:05.481] MenuRegistry: Registered screen factory 'NotesMenuScreen' in container (viewMode=)
[2025-12-19 23:27:05.483] MenuRegistry: Registered 'Notes' in 'Tools' menu (hotkey=N order=20)
[2025-12-19 23:27:05.487] ServiceContainer: Registered 'TaskListScreen_NoDate' (singleton=False)
[2025-12-19 23:27:05.489] MenuRegistry: Registered screen factory 'TaskListScreen_NoDate' in container (viewMode=noduedate)
[2025-12-19 23:27:05.491] MenuRegistry: Registered 'No Due Date' in 'Tasks' menu (hotkey=D order=40)
[2025-12-19 23:27:05.495] ServiceContainer: Registered 'TaskListScreen_Default' (singleton=False)
[2025-12-19 23:27:05.497] MenuRegistry: Registered screen factory 'TaskListScreen_Default' in container (viewMode=)
[2025-12-19 23:27:05.500] MenuRegistry: Registered 'Task List' in 'Tasks' menu (hotkey=L order=5)
[2025-12-19 23:27:05.504] ServiceContainer: Registered 'TaskListScreen_Today' (singleton=False)
[2025-12-19 23:27:05.506] MenuRegistry: Registered screen factory 'TaskListScreen_Today' in container (viewMode=today)
[2025-12-19 23:27:05.509] MenuRegistry: Registered 'Today' in 'Tasks' menu (hotkey=Y order=10)
[2025-12-19 23:27:05.513] ServiceContainer: Registered 'WeeklyTimeReportScreen' (singleton=False)
[2025-12-19 23:27:05.515] MenuRegistry: Registered screen factory 'WeeklyTimeReportScreen' in container (viewMode=)
[2025-12-19 23:27:05.549] MenuRegistry: Registered 'Weekly Report' in 'Time' menu (hotkey=W order=10)
[2025-12-19 23:27:05.554] ServiceContainer: Registered 'ThemeEditorScreen' (singleton=False)
[2025-12-19 23:27:05.556] MenuRegistry: Registered screen factory 'ThemeEditorScreen' in container (viewMode=)
[2025-12-19 23:27:05.559] MenuRegistry: Registered 'Theme Editor' in 'Options' menu (hotkey=T order=10)
[2025-12-19 23:27:05.562] ServiceContainer: Resolving 'TaskListScreen'...
[2025-12-19 23:27:05.567] ServiceContainer: Resolving 'TaskStore'...
[2025-12-19 23:27:05.938] ServiceContainer: Resolved 'TaskStore' successfully
[2025-12-19 23:27:06.950] _PopulateMenusFromRegistry: Menu 'Tasks' has 10 items from registry (array)
[2025-12-19 23:27:06.990] _PopulateMenusFromRegistry: Menu 'Tools' has 4 items from registry (array)
[2025-12-19 23:27:06.997] _PopulateMenusFromRegistry: Menu 'Time' has 3 items from registry (array)
[2025-12-19 23:27:07.003] _PopulateMenusFromRegistry: Menu 'Options' has 2 items from registry (array)
[2025-12-19 23:27:07.008] _PopulateMenusFromRegistry: Menu 'Help' has 1 items from registry (array)
[2025-12-19 23:27:07.015] _PopulateMenusFromRegistry: Menu 'Projects' has 3 items from registry (array)
[2025-12-19 23:27:07.019] ServiceContainer: Resolved 'TaskListScreen' successfully
