[2025-12-20 13:00:51.432] ServiceContainer: Registered 'Theme' (singleton=True)
[2025-12-20 13:00:51.444] ServiceContainer: Registered 'ThemeManager' (singleton=True)
[2025-12-20 13:00:51.446] ServiceContainer: Registered 'Config' (singleton=True)
[2025-12-20 13:00:51.447] ServiceContainer: Registered 'TaskStore' (singleton=True)
[2025-12-20 13:00:51.449] ServiceContainer: Registered 'MenuRegistry' (singleton=True)
[2025-12-20 13:00:51.451] ServiceContainer: Registered 'Application' (singleton=True)
[2025-12-20 13:00:51.452] ServiceContainer: Registered 'CommandService' (singleton=True)
[2025-12-20 13:00:51.466] ServiceContainer: Registered 'ChecklistService' (singleton=True)
[2025-12-20 13:00:51.467] ServiceContainer: Registered 'NoteService' (singleton=True)
[2025-12-20 13:00:51.469] ServiceContainer: Registered 'ExcelMappingService' (singleton=True)
[2025-12-20 13:00:51.470] ServiceContainer: Registered 'PreferencesService' (singleton=True)
[2025-12-20 13:00:51.472] ServiceContainer: Registered 'TaskListScreen' (singleton=False)
[2025-12-20 13:00:51.493] ServiceContainer: Resolving 'Application'...
[2025-12-20 13:00:51.496] ServiceContainer: Resolving 'Theme'...
[2025-12-20 13:00:51.797] ServiceContainer: Resolved 'Theme' successfully
[2025-12-20 13:00:51.910] ServiceContainer: Resolving 'ThemeManager'...
[2025-12-20 13:00:51.915] ServiceContainer: Resolved 'ThemeManager' successfully
[2025-12-20 13:00:51.937] ServiceContainer: Resolved 'Application' successfully
[2025-12-20 13:00:51.939] ServiceContainer: Resolving 'MenuRegistry'...
[2025-12-20 13:00:51.957] ServiceContainer: Resolved 'MenuRegistry' successfully
[2025-12-20 13:00:52.026] MenuRegistry: Loaded manifest with 23 entries
[2025-12-20 13:00:52.061] ServiceContainer: Registered 'NotesMenuScreen' (singleton=False)
[2025-12-20 13:00:52.063] MenuRegistry: Registered screen factory 'NotesMenuScreen' in container (viewMode=)
[2025-12-20 13:00:52.089] MenuRegistry: Registered 'Notes' in 'Tools' menu (hotkey=N order=20)
[2025-12-20 13:00:52.092] ServiceContainer: Registered 'HelpViewScreen' (singleton=False)
[2025-12-20 13:00:52.093] MenuRegistry: Registered screen factory 'HelpViewScreen' in container (viewMode=)
[2025-12-20 13:00:52.095] MenuRegistry: Registered 'Help' in 'Help' menu (hotkey=H order=10)
[2025-12-20 13:00:52.097] ServiceContainer: Registered 'TaskListScreen_Default' (singleton=False)
[2025-12-20 13:00:52.098] MenuRegistry: Registered screen factory 'TaskListScreen_Default' in container (viewMode=)
[2025-12-20 13:00:52.100] MenuRegistry: Registered 'Task List' in 'Tasks' menu (hotkey=L order=5)
[2025-12-20 13:00:52.104] ServiceContainer: Registered 'TaskListScreen_Overdue' (singleton=False)
[2025-12-20 13:00:52.105] MenuRegistry: Registered screen factory 'TaskListScreen_Overdue' in container (viewMode=overdue)
[2025-12-20 13:00:52.107] MenuRegistry: Registered 'Overdue' in 'Tasks' menu (hotkey=O order=30)
[2025-12-20 13:00:52.109] ServiceContainer: Registered 'TaskListScreen_Agenda' (singleton=False)
[2025-12-20 13:00:52.110] MenuRegistry: Registered screen factory 'TaskListScreen_Agenda' in container (viewMode=agenda)
[2025-12-20 13:00:52.111] MenuRegistry: Registered 'Agenda View' in 'Tasks' menu (hotkey=A order=50)
[2025-12-20 13:00:52.114] ServiceContainer: Registered 'TaskListScreen_Week' (singleton=False)
[2025-12-20 13:00:52.115] MenuRegistry: Registered screen factory 'TaskListScreen_Week' in container (viewMode=week)
[2025-12-20 13:00:52.117] MenuRegistry: Registered 'Week View' in 'Tasks' menu (hotkey=W order=20)
[2025-12-20 13:00:52.119] ServiceContainer: Registered 'ChecklistTemplatesFolderScreen' (singleton=False)
[2025-12-20 13:00:52.120] MenuRegistry: Registered screen factory 'ChecklistTemplatesFolderScreen' in container (viewMode=)
[2025-12-20 13:00:52.121] MenuRegistry: Registered 'Checklist Templates' in 'Tools' menu (hotkey=H order=30)
[2025-12-20 13:00:52.123] ServiceContainer: Registered 'ExcelImportScreen' (singleton=False)
[2025-12-20 13:00:52.124] MenuRegistry: Registered screen factory 'ExcelImportScreen' in container (viewMode=)
[2025-12-20 13:00:52.126] MenuRegistry: Registered 'Import from Excel' in 'Projects' menu (hotkey=I order=40)
[2025-12-20 13:00:52.127] ServiceContainer: Registered 'TaskListScreen_NoDate' (singleton=False)
[2025-12-20 13:00:52.128] MenuRegistry: Registered screen factory 'TaskListScreen_NoDate' in container (viewMode=noduedate)
[2025-12-20 13:00:52.130] MenuRegistry: Registered 'No Due Date' in 'Tasks' menu (hotkey=D order=40)
[2025-12-20 13:00:52.132] ServiceContainer: Registered 'TimeReportScreen' (singleton=False)
[2025-12-20 13:00:52.133] MenuRegistry: Registered screen factory 'TimeReportScreen' in container (viewMode=)
[2025-12-20 13:00:52.134] MenuRegistry: Registered 'Time Report' in 'Time' menu (hotkey=R order=20)
[2025-12-20 13:00:52.136] ServiceContainer: Registered 'ChecklistsLauncherScreen' (singleton=False)
[2025-12-20 13:00:52.137] MenuRegistry: Registered screen factory 'ChecklistsLauncherScreen' in container (viewMode=)
[2025-12-20 13:00:52.138] MenuRegistry: Registered 'Checklists' in 'Tools' menu (hotkey=C order=25)
[2025-12-20 13:00:52.140] ServiceContainer: Registered 'WeeklyTimeReportScreen' (singleton=False)
[2025-12-20 13:00:52.141] MenuRegistry: Registered screen factory 'WeeklyTimeReportScreen' in container (viewMode=)
[2025-12-20 13:00:52.142] MenuRegistry: Registered 'Weekly Report' in 'Time' menu (hotkey=W order=10)
[2025-12-20 13:00:52.144] ServiceContainer: Registered 'ThemeEditorScreen' (singleton=False)
[2025-12-20 13:00:52.145] MenuRegistry: Registered screen factory 'ThemeEditorScreen' in container (viewMode=)
[2025-12-20 13:00:52.151] MenuRegistry: Registered 'Theme Editor' in 'Options' menu (hotkey=T order=10)
[2025-12-20 13:00:52.153] ServiceContainer: Registered 'CommandLibraryScreen' (singleton=False)
[2025-12-20 13:00:52.154] MenuRegistry: Registered screen factory 'CommandLibraryScreen' in container (viewMode=)
[2025-12-20 13:00:52.156] MenuRegistry: Registered 'Command Library' in 'Tools' menu (hotkey=L order=10)
[2025-12-20 13:00:52.157] ServiceContainer: Registered 'TaskListScreen_Tomorrow' (singleton=False)
[2025-12-20 13:00:52.159] MenuRegistry: Registered screen factory 'TaskListScreen_Tomorrow' in container (viewMode=tomorrow)
[2025-12-20 13:00:52.160] MenuRegistry: Registered 'Tomorrow' in 'Tasks' menu (hotkey=T order=15)
[2025-12-20 13:00:52.162] ServiceContainer: Registered 'SettingsScreen' (singleton=False)
[2025-12-20 13:00:52.163] MenuRegistry: Registered screen factory 'SettingsScreen' in container (viewMode=)
[2025-12-20 13:00:52.164] MenuRegistry: Registered 'Settings' in 'Options' menu (hotkey=S order=20)
[2025-12-20 13:00:52.166] ServiceContainer: Registered 'TaskListScreen_Upcoming' (singleton=False)
[2025-12-20 13:00:52.167] MenuRegistry: Registered screen factory 'TaskListScreen_Upcoming' in container (viewMode=upcoming)
[2025-12-20 13:00:52.169] MenuRegistry: Registered 'Upcoming' in 'Tasks' menu (hotkey=U order=25)
[2025-12-20 13:00:52.171] ServiceContainer: Registered 'ExcelProfileManagerScreen' (singleton=False)
[2025-12-20 13:00:52.172] MenuRegistry: Registered screen factory 'ExcelProfileManagerScreen' in container (viewMode=)
[2025-12-20 13:00:52.173] MenuRegistry: Registered 'Excel Profiles' in 'Projects' menu (hotkey=M order=50)
[2025-12-20 13:00:52.175] ServiceContainer: Registered 'TaskListScreen_NextActions' (singleton=False)
[2025-12-20 13:00:52.177] MenuRegistry: Registered screen factory 'TaskListScreen_NextActions' in container (viewMode=nextactions)
[2025-12-20 13:00:52.178] MenuRegistry: Registered 'Next Actions' in 'Tasks' menu (hotkey=N order=35)
[2025-12-20 13:00:52.180] ServiceContainer: Registered 'TaskListScreen_Today' (singleton=False)
[2025-12-20 13:00:52.182] MenuRegistry: Registered screen factory 'TaskListScreen_Today' in container (viewMode=today)
[2025-12-20 13:00:52.184] MenuRegistry: Registered 'Today' in 'Tasks' menu (hotkey=Y order=10)
[2025-12-20 13:00:52.186] ServiceContainer: Registered 'TaskListScreen_Month' (singleton=False)
[2025-12-20 13:00:52.188] MenuRegistry: Registered screen factory 'TaskListScreen_Month' in container (viewMode=month)
[2025-12-20 13:00:52.189] MenuRegistry: Registered 'Month View' in 'Tasks' menu (hotkey=M order=45)
[2025-12-20 13:00:52.192] ServiceContainer: Registered 'ProjectListScreen' (singleton=False)
[2025-12-20 13:00:52.193] MenuRegistry: Registered screen factory 'ProjectListScreen' in container (viewMode=)
[2025-12-20 13:00:52.195] MenuRegistry: Registered 'Project List' in 'Projects' menu (hotkey=L order=10)
[2025-12-20 13:00:52.198] ServiceContainer: Registered 'TimeListScreen' (singleton=False)
[2025-12-20 13:00:52.199] MenuRegistry: Registered screen factory 'TimeListScreen' in container (viewMode=)
[2025-12-20 13:00:52.201] MenuRegistry: Registered 'Time Tracking' in 'Time' menu (hotkey=T order=5)
[2025-12-20 13:00:52.204] ServiceContainer: Resolving 'TaskListScreen'...
[2025-12-20 13:00:52.207] ServiceContainer: Resolving 'TaskStore'...
[2025-12-20 13:00:52.567] ServiceContainer: Resolved 'TaskStore' successfully
[2025-12-20 13:00:53.705] _PopulateMenusFromRegistry: Menu 'Projects' has 3 items from registry (array)
[2025-12-20 13:00:53.751] _PopulateMenusFromRegistry: Menu 'Tasks' has 10 items from registry (array)
[2025-12-20 13:00:53.756] _PopulateMenusFromRegistry: Menu 'Time' has 3 items from registry (array)
[2025-12-20 13:00:53.760] _PopulateMenusFromRegistry: Menu 'Options' has 2 items from registry (array)
[2025-12-20 13:00:53.765] _PopulateMenusFromRegistry: Menu 'Help' has 1 items from registry (array)
[2025-12-20 13:00:53.769] _PopulateMenusFromRegistry: Menu 'Tools' has 4 items from registry (array)
[2025-12-20 13:00:53.772] ServiceContainer: Resolved 'TaskListScreen' successfully
