[2025-12-21 19:48:24.029] ServiceContainer: Registered 'Theme' (singleton=True)
[2025-12-21 19:48:24.034] ServiceContainer: Registered 'ThemeManager' (singleton=True)
[2025-12-21 19:48:24.036] ServiceContainer: Registered 'Config' (singleton=True)
[2025-12-21 19:48:24.037] ServiceContainer: Registered 'TaskStore' (singleton=True)
[2025-12-21 19:48:24.039] ServiceContainer: Registered 'MenuRegistry' (singleton=True)
[2025-12-21 19:48:24.041] ServiceContainer: Registered 'Application' (singleton=True)
[2025-12-21 19:48:24.042] ServiceContainer: Registered 'CommandService' (singleton=True)
[2025-12-21 19:48:24.043] ServiceContainer: Registered 'ChecklistService' (singleton=True)
[2025-12-21 19:48:24.044] ServiceContainer: Registered 'NoteService' (singleton=True)
[2025-12-21 19:48:24.045] ServiceContainer: Registered 'ExcelMappingService' (singleton=True)
[2025-12-21 19:48:24.046] ServiceContainer: Registered 'PreferencesService' (singleton=True)
[2025-12-21 19:48:24.047] ServiceContainer: Registered 'TaskListScreen' (singleton=False)
[2025-12-21 19:48:24.068] ServiceContainer: Resolving 'Application'...
[2025-12-21 19:48:24.070] ServiceContainer: Resolving 'Theme'...
[2025-12-21 19:48:24.361] ServiceContainer: Resolved 'Theme' successfully
[2025-12-21 19:48:24.461] ServiceContainer: Resolving 'ThemeManager'...
[2025-12-21 19:48:24.463] ServiceContainer: Resolved 'ThemeManager' successfully
[2025-12-21 19:48:24.482] ServiceContainer: Resolved 'Application' successfully
[2025-12-21 19:48:24.483] ServiceContainer: Resolving 'MenuRegistry'...
[2025-12-21 19:48:24.500] ServiceContainer: Resolved 'MenuRegistry' successfully
[2025-12-21 19:48:24.525] MenuRegistry: Loaded manifest with 14 entries
[2025-12-21 19:48:24.558] ServiceContainer: Registered 'NotesMenuScreen' (singleton=False)
[2025-12-21 19:48:24.559] MenuRegistry: Registered 'Notes' in 'Tools' menu (hotkey=N order=20)
[2025-12-21 19:48:24.579] MenuRegistry: Registered 'Notes' in 'Tools' menu (hotkey=N order=20)
[2025-12-21 19:48:24.600] ServiceContainer: Registered 'TaskListScreen_Default' (singleton=False)
[2025-12-21 19:48:24.602] MenuRegistry: Registered 'Task List' in 'Tasks' menu (hotkey=L order=5)
[2025-12-21 19:48:24.604] MenuRegistry: Registered 'Task List' in 'Tasks' menu (hotkey=L order=5)
[2025-12-21 19:48:24.607] ServiceContainer: Registered 'TimeReportScreen' (singleton=False)
[2025-12-21 19:48:24.608] MenuRegistry: Registered 'Time Report' in 'Time' menu (hotkey=R order=20)
[2025-12-21 19:48:24.610] MenuRegistry: Registered 'Time Report' in 'Time' menu (hotkey=R order=20)
[2025-12-21 19:48:24.612] ServiceContainer: Registered 'ChecklistTemplatesFolderScreen' (singleton=False)
[2025-12-21 19:48:24.614] MenuRegistry: Registered 'Checklist Templates' in 'Tools' menu (hotkey=H order=30)
[2025-12-21 19:48:24.616] MenuRegistry: Registered 'Checklist Templates' in 'Tools' menu (hotkey=H order=30)
[2025-12-21 19:48:24.619] ServiceContainer: Registered 'CommandLibraryScreen' (singleton=False)
[2025-12-21 19:48:24.620] MenuRegistry: Registered 'Command Library' in 'Tools' menu (hotkey=L order=10)
[2025-12-21 19:48:24.622] MenuRegistry: Registered 'Command Library' in 'Tools' menu (hotkey=L order=10)
[2025-12-21 19:48:24.625] ServiceContainer: Registered 'WeeklyTimeReportScreen' (singleton=False)
[2025-12-21 19:48:24.626] MenuRegistry: Registered 'Weekly Report' in 'Time' menu (hotkey=W order=10)
[2025-12-21 19:48:24.628] MenuRegistry: Registered 'Weekly Report' in 'Time' menu (hotkey=W order=10)
[2025-12-21 19:48:24.630] ServiceContainer: Registered 'ThemeEditorScreen' (singleton=False)
[2025-12-21 19:48:24.631] MenuRegistry: Registered 'Theme Editor' in 'Options' menu (hotkey=T order=10)
[2025-12-21 19:48:24.634] MenuRegistry: Registered 'Theme Editor' in 'Options' menu (hotkey=T order=10)
[2025-12-21 19:48:24.636] ServiceContainer: Registered 'ExcelImportScreen' (singleton=False)
[2025-12-21 19:48:24.638] MenuRegistry: Registered 'Import from Excel' in 'Projects' menu (hotkey=I order=40)
[2025-12-21 19:48:24.640] MenuRegistry: Registered 'Import from Excel' in 'Projects' menu (hotkey=I order=40)
[2025-12-21 19:48:24.643] ServiceContainer: Registered 'ExcelProfileManagerScreen' (singleton=False)
[2025-12-21 19:48:24.644] MenuRegistry: Registered 'Excel Profiles' in 'Projects' menu (hotkey=M order=50)
[2025-12-21 19:48:24.646] MenuRegistry: Registered 'Excel Profiles' in 'Projects' menu (hotkey=M order=50)
[2025-12-21 19:48:24.648] ServiceContainer: Registered 'ProjectListScreen' (singleton=False)
[2025-12-21 19:48:24.649] MenuRegistry: Registered 'Project List' in 'Projects' menu (hotkey=L order=10)
[2025-12-21 19:48:24.651] MenuRegistry: Registered 'Project List' in 'Projects' menu (hotkey=L order=10)
[2025-12-21 19:48:24.653] ServiceContainer: Registered 'TimeListScreen' (singleton=False)
[2025-12-21 19:48:24.655] MenuRegistry: Registered 'Time Tracking' in 'Time' menu (hotkey=T order=5)
[2025-12-21 19:48:24.657] MenuRegistry: Registered 'Time Tracking' in 'Time' menu (hotkey=T order=5)
[2025-12-21 19:48:24.660] ServiceContainer: Registered 'SettingsScreen' (singleton=False)
[2025-12-21 19:48:24.661] MenuRegistry: Registered 'Settings' in 'Options' menu (hotkey=S order=20)
[2025-12-21 19:48:24.663] MenuRegistry: Registered 'Settings' in 'Options' menu (hotkey=S order=20)
[2025-12-21 19:48:24.666] ServiceContainer: Registered 'ChecklistsLauncherScreen' (singleton=False)
[2025-12-21 19:48:24.667] MenuRegistry: Registered 'Checklists' in 'Tools' menu (hotkey=C order=25)
[2025-12-21 19:48:24.670] MenuRegistry: Registered 'Checklists' in 'Tools' menu (hotkey=C order=25)
[2025-12-21 19:48:24.672] ServiceContainer: Registered 'HelpViewScreen' (singleton=False)
[2025-12-21 19:48:24.673] MenuRegistry: Registered 'Help' in 'Help' menu (hotkey=H order=10)
[2025-12-21 19:48:24.675] MenuRegistry: Registered 'Help' in 'Help' menu (hotkey=H order=10)
[2025-12-21 19:48:24.678] ServiceContainer: Resolving 'TaskListScreen'...
[2025-12-21 19:48:24.680] ServiceContainer: Resolving 'TaskStore'...
[2025-12-21 19:48:25.092] ServiceContainer: Resolved 'TaskStore' successfully
[2025-12-21 19:48:26.171] _PopulateMenusFromRegistry: Menu 'Options' has 2 items from registry (array)
[2025-12-21 19:48:26.211] _PopulateMenusFromRegistry: Menu 'Tasks' has 1 items from registry (array)
[2025-12-21 19:48:26.216] _PopulateMenusFromRegistry: Menu 'Tools' has 4 items from registry (array)
[2025-12-21 19:48:26.220] _PopulateMenusFromRegistry: Menu 'Projects' has 3 items from registry (array)
[2025-12-21 19:48:26.223] _PopulateMenusFromRegistry: Menu 'Help' has 1 items from registry (array)
[2025-12-21 19:48:26.227] _PopulateMenusFromRegistry: Menu 'Time' has 3 items from registry (array)
[2025-12-21 19:48:26.230] ServiceContainer: Resolved 'TaskListScreen' successfully
[2025-12-21 19:48:31.181] ServiceContainer: Resolving 'ProjectListScreen'...
[2025-12-21 19:48:31.310] ServiceContainer: Resolved 'ProjectListScreen' successfully
[2025-12-21 19:48:32.893] ServiceContainer: Registered 'ProjectInfoScreenV4' (singleton=False)
[2025-12-21 19:48:32.895] ServiceContainer: Resolving 'ProjectInfoScreenV4'...
[2025-12-21 19:48:33.052] ServiceContainer: Resolved 'ProjectInfoScreenV4' successfully
[2025-12-21 19:48:36.587] ========== TabbedScreen.OnTabChanged: Switched to tab 1 'Request' ==========
[2025-12-21 19:48:37.443] ========== TabbedScreen.OnTabChanged: Switched to tab 2 'Audit' ==========
[2025-12-21 19:48:38.034] ========== TabbedScreen.OnTabChanged: Switched to tab 3 'Location' ==========
[2025-12-21 19:48:38.656] ========== TabbedScreen.OnTabChanged: Switched to tab 4 'Periods' ==========
[2025-12-21 19:48:38.872] ========== TabbedScreen.OnTabChanged: Switched to tab 5 'More' ==========
[2025-12-21 19:48:42.566] ========== TabbedScreen.OnTabChanged: Switched to tab 4 'Periods' ==========
[2025-12-21 19:48:42.716] ========== TabbedScreen.OnTabChanged: Switched to tab 3 'Location' ==========
[2025-12-21 19:48:42.903] ========== TabbedScreen.OnTabChanged: Switched to tab 2 'Audit' ==========
[2025-12-21 19:48:43.087] ========== TabbedScreen.OnTabChanged: Switched to tab 1 'Request' ==========
[2025-12-21 19:48:43.580] ========== TabbedScreen.OnTabChanged: Switched to tab 0 'Identity' ==========
[2025-12-21 19:48:44.562] TabbedScreen.EditCurrentField: field='ID1' fieldIndex=0 visibleIndex=0
[2025-12-21 19:48:44.563] TabbedScreen.EditCurrentField: TabPanel.Y=8 TabBarHeight=2 contentY=10
[2025-12-21 19:48:44.564] TabbedScreen.EditCurrentField: Calculated editor position: X=26 Y=10
[2025-12-21 19:48:46.603] TabbedScreen._SaveEditedField: Closing editor, field='ID1' newValue='111'
[2025-12-21 19:48:46.668] TabbedScreen._SaveEditedField: Invalidated editor region Y=10-13 (differential rendering - no full invalidation)
[2025-12-21 19:48:46.669] TabbedScreen._SaveEditedField: Editor closed, TabPanel invalidated
[2025-12-21 19:48:48.921] TabbedScreen.EditCurrentField: field='ID2' fieldIndex=1 visibleIndex=1
[2025-12-21 19:48:48.922] TabbedScreen.EditCurrentField: TabPanel.Y=8 TabBarHeight=2 contentY=10
[2025-12-21 19:48:48.923] TabbedScreen.EditCurrentField: Calculated editor position: X=26 Y=11
[2025-12-21 19:48:50.454] TabbedScreen._SaveEditedField: Closing editor, field='ID2' newValue='222'
[2025-12-21 19:48:50.460] TabbedScreen._SaveEditedField: Invalidated editor region Y=11-14 (differential rendering - no full invalidation)
[2025-12-21 19:48:50.461] TabbedScreen._SaveEditedField: Editor closed, TabPanel invalidated
[2025-12-21 19:48:53.928] ========== TabbedScreen.OnTabChanged: Switched to tab 1 'Request' ==========
[2025-12-21 19:48:54.320] ========== TabbedScreen.OnTabChanged: Switched to tab 2 'Audit' ==========
[2025-12-21 19:48:54.485] ========== TabbedScreen.OnTabChanged: Switched to tab 3 'Location' ==========
[2025-12-21 19:48:54.611] ========== TabbedScreen.OnTabChanged: Switched to tab 4 'Periods' ==========
[2025-12-21 19:48:54.788] ========== TabbedScreen.OnTabChanged: Switched to tab 5 'More' ==========
[2025-12-21 19:48:54.972] ========== TabbedScreen.OnTabChanged: Switched to tab 6 'Files' ==========
