[2025-12-18 08:17:46.381] [INFO] Loading PMC module...
[2025-12-18 08:17:47.900] [INFO] PMC module loaded
[2025-12-18 08:17:47.904] [INFO] Loading dependencies (FieldSchemas, etc.)...
[2025-12-18 08:17:48.047] [INFO] Dependencies loaded
[2025-12-18 08:17:48.049] [INFO] Loading SpeedTUI framework...
[2025-12-18 08:17:48.423] [INFO] SpeedTUI framework loaded
[2025-12-18 08:17:48.425] [INFO] Loading PraxisVT...
[2025-12-18 08:17:48.429] [INFO] PraxisVT loaded
[2025-12-18 08:17:48.431] [INFO] Loading core dependencies...
[2025-12-18 08:17:48.515] [INFO] Core dependencies loaded
[2025-12-18 08:17:48.517] [INFO] Loading widget base classes...
[2025-12-18 08:17:48.576] [INFO] Widget base classes loaded
[2025-12-18 08:17:48.593] [INFO] Loading services...
[2025-12-18 08:17:48.785] [INFO] Services loaded
[2025-12-18 08:17:48.787] [INFO] Loading helpers...
[2025-12-18 08:17:49.583] [INFO] Helpers loaded
[2025-12-18 08:17:49.585] [INFO] Loading widgets...
[2025-12-18 08:17:50.031] [INFO] Widgets loaded
[2025-12-18 08:17:50.033] [INFO] Loading screen base class...
[2025-12-18 08:17:50.051] [INFO] Screen base class loaded
[2025-12-18 08:17:50.053] [INFO] Loading HelpViewScreen (needed by base classes)...
[2025-12-18 08:17:50.097] [INFO] HelpViewScreen loaded
[2025-12-18 08:17:50.099] [INFO] Loading base classes...
[2025-12-18 08:17:50.168] [INFO] Base classes loaded
[2025-12-18 08:17:50.171] [INFO] Loading ServiceContainer (needed by screens)...
[2025-12-18 08:17:50.190] [INFO] ServiceContainer loaded
[2025-12-18 08:17:50.192] [INFO] Loading remaining screens...
[2025-12-18 08:17:50.316] [INFO] Remaining screens loaded
[2025-12-18 08:17:50.318] [INFO] Loading PmcApplication...
[2025-12-18 08:17:50.341] [INFO] PmcApplication loaded
[2025-12-18 08:17:50.343] [INFO] All components loaded successfully
[2025-12-18 08:17:50.377] [INFO] Starting PMC TUI with screen: TaskList
[2025-12-18 08:17:50.389] [INFO] Cleared stale PmcSharedMenuBar and MenuRegistry singleton
[2025-12-18 08:17:50.391] [INFO] Creating ServiceContainer...
[2025-12-18 08:17:50.407] [INFO] ServiceContainer created
[2025-12-18 08:17:50.409] [INFO] Registering Theme service...
[2025-12-18 08:17:50.442] ServiceContainer: Registered 'Theme' (singleton=True)
[2025-12-18 08:17:50.450] [INFO] Registering ThemeManager...
[2025-12-18 08:17:50.453] ServiceContainer: Registered 'ThemeManager' (singleton=True)
[2025-12-18 08:17:50.455] [INFO] Registering Config service...
[2025-12-18 08:17:50.458] ServiceContainer: Registered 'Config' (singleton=True)
[2025-12-18 08:17:50.461] [INFO] Registering TaskStore service...
[2025-12-18 08:17:50.464] ServiceContainer: Registered 'TaskStore' (singleton=True)
[2025-12-18 08:17:50.466] [INFO] Registering MenuRegistry service...
[2025-12-18 08:17:50.469] ServiceContainer: Registered 'MenuRegistry' (singleton=True)
[2025-12-18 08:17:50.471] [INFO] Registering Application service...
[2025-12-18 08:17:50.473] ServiceContainer: Registered 'Application' (singleton=True)
[2025-12-18 08:17:50.476] [INFO] Registering CommandService...
[2025-12-18 08:17:50.478] ServiceContainer: Registered 'CommandService' (singleton=True)
[2025-12-18 08:17:50.481] [INFO] Registering ChecklistService...
[2025-12-18 08:17:50.483] ServiceContainer: Registered 'ChecklistService' (singleton=True)
[2025-12-18 08:17:50.485] [INFO] Registering NoteService...
[2025-12-18 08:17:50.488] ServiceContainer: Registered 'NoteService' (singleton=True)
[2025-12-18 08:17:50.490] [INFO] Registering ExcelMappingService...
[2025-12-18 08:17:50.493] ServiceContainer: Registered 'ExcelMappingService' (singleton=True)
[2025-12-18 08:17:50.495] [INFO] Registering PreferencesService...
[2025-12-18 08:17:50.498] ServiceContainer: Registered 'PreferencesService' (singleton=True)
[2025-12-18 08:17:50.500] [INFO] Registering screen factories...
[2025-12-18 08:17:50.502] ServiceContainer: Registered 'TaskListScreen' (singleton=False)
[2025-12-18 08:17:50.505] [INFO] Resolving Application from container...
[2025-12-18 08:17:50.541] ServiceContainer: Resolving 'Application'...
[2025-12-18 08:17:50.555] [INFO] Resolving Application...
[2025-12-18 08:17:50.558] ServiceContainer: Resolving 'Theme'...
[2025-12-18 08:17:50.572] [INFO] Resolving Theme: Calling Initialize-PmcThemeSystem...
[2025-12-18 08:17:50.598] [INFO] Theme resolved: #33aaff
[2025-12-18 08:17:50.599] [INFO] Loading PmcThemeEngine...
