[2026-01-01 13:48:48.356] ServiceContainer: Registered 'Theme' (singleton=True)
[2026-01-01 13:48:48.365] ServiceContainer: Registered 'ThemeManager' (singleton=True)
[2026-01-01 13:48:48.368] ServiceContainer: Registered 'Config' (singleton=True)
[2026-01-01 13:48:48.371] ServiceContainer: Registered 'TaskStore' (singleton=True)
[2026-01-01 13:48:48.374] ServiceContainer: Registered 'MenuRegistry' (singleton=True)
[2026-01-01 13:48:48.377] ServiceContainer: Registered 'Application' (singleton=True)
[2026-01-01 13:48:48.379] ServiceContainer: Registered 'CommandService' (singleton=True)
[2026-01-01 13:48:48.381] ServiceContainer: Registered 'ChecklistService' (singleton=True)
[2026-01-01 13:48:48.383] ServiceContainer: Registered 'NoteService' (singleton=True)
[2026-01-01 13:48:48.386] ServiceContainer: Registered 'ExcelMappingService' (singleton=True)
[2026-01-01 13:48:48.389] ServiceContainer: Registered 'ExcelCopyService' (singleton=True)
[2026-01-01 13:48:48.392] ServiceContainer: Registered 'PreferencesService' (singleton=True)
[2026-01-01 13:48:48.394] ServiceContainer: Registered 'ExcelImportService' (singleton=True)
[2026-01-01 13:48:48.397] ServiceContainer: Registered 'TextExportService' (singleton=True)
[2026-01-01 13:48:48.399] ServiceContainer: Registered 'TaskListScreen' (singleton=False)
[2026-01-01 13:48:48.425] ServiceContainer: Resolving 'Application'...
[2026-01-01 13:48:48.428] ServiceContainer: Resolving 'Theme'...
[2026-01-01 13:48:48.706] ServiceContainer: Resolved 'Theme' successfully
[2026-01-01 13:48:48.826] ServiceContainer: Resolving 'ThemeManager'...
[2026-01-01 13:48:48.829] ServiceContainer: Resolved 'ThemeManager' successfully
[2026-01-01 13:48:48.850] ServiceContainer: Resolved 'Application' successfully
[2026-01-01 13:48:48.851] ServiceContainer: Resolving 'MenuRegistry'...
[2026-01-01 13:48:48.867] ServiceContainer: Resolved 'MenuRegistry' successfully
[2026-01-01 13:48:48.891] MenuRegistry: Loaded manifest with 16 entries
[2026-01-01 13:48:48.929] ServiceContainer: Registered 'ExcelProfileManagerScreen' (singleton=False)
[2026-01-01 13:48:48.930] MenuRegistry: Registered 'Excel Profiles' in 'Projects' menu (hotkey=M order=50)
[2026-01-01 13:48:48.956] MenuRegistry: Registered 'Excel Profiles' in 'Projects' menu (hotkey=M order=50)
[2026-01-01 13:48:48.959] ServiceContainer: Registered 'ProjectListScreen' (singleton=False)
[2026-01-01 13:48:48.960] MenuRegistry: Registered 'Project List' in 'Projects' menu (hotkey=L order=10)
[2026-01-01 13:48:48.963] MenuRegistry: Registered 'Project List' in 'Projects' menu (hotkey=L order=10)
[2026-01-01 13:48:48.965] ServiceContainer: Registered 'WeeklyTimeReportScreen' (singleton=False)
[2026-01-01 13:48:48.967] MenuRegistry: Registered 'Weekly Report' in 'Time' menu (hotkey=W order=10)
[2026-01-01 13:48:48.969] MenuRegistry: Registered 'Weekly Report' in 'Time' menu (hotkey=W order=10)
[2026-01-01 13:48:48.971] ServiceContainer: Registered 'ChecklistTemplatesFolderScreen' (singleton=False)
[2026-01-01 13:48:48.972] MenuRegistry: Registered 'Checklist Templates' in 'Tools' menu (hotkey=H order=30)
[2026-01-01 13:48:48.974] MenuRegistry: Registered 'Checklist Templates' in 'Tools' menu (hotkey=H order=30)
[2026-01-01 13:48:48.985] ServiceContainer: Registered 'ThemeEditorScreen' (singleton=False)
[2026-01-01 13:48:48.987] MenuRegistry: Registered 'Theme Editor' in 'Options' menu (hotkey=T order=10)
[2026-01-01 13:48:48.989] MenuRegistry: Registered 'Theme Editor' in 'Options' menu (hotkey=T order=10)
[2026-01-01 13:48:48.991] ServiceContainer: Registered 'SettingsScreen' (singleton=False)
[2026-01-01 13:48:48.992] MenuRegistry: Registered 'Settings' in 'Options' menu (hotkey=S order=20)
[2026-01-01 13:48:48.994] MenuRegistry: Registered 'Settings' in 'Options' menu (hotkey=S order=20)
[2026-01-01 13:48:48.996] ServiceContainer: Registered 'TimeReportScreen' (singleton=False)
[2026-01-01 13:48:48.997] MenuRegistry: Registered 'Time Report' in 'Time' menu (hotkey=R order=20)
[2026-01-01 13:48:48.999] MenuRegistry: Registered 'Time Report' in 'Time' menu (hotkey=R order=20)
[2026-01-01 13:48:49.000] ServiceContainer: Registered 'TaskListScreen_Default' (singleton=False)
[2026-01-01 13:48:49.002] MenuRegistry: Registered 'Task List' in 'Tasks' menu (hotkey=L order=5)
[2026-01-01 13:48:49.003] MenuRegistry: Registered 'Task List' in 'Tasks' menu (hotkey=L order=5)
[2026-01-01 13:48:49.005] ServiceContainer: Registered 'TimeListScreen' (singleton=False)
[2026-01-01 13:48:49.006] MenuRegistry: Registered 'Time Tracking' in 'Time' menu (hotkey=T order=5)
[2026-01-01 13:48:49.008] MenuRegistry: Registered 'Time Tracking' in 'Time' menu (hotkey=T order=5)
[2026-01-01 13:48:49.010] ServiceContainer: Registered 'ExcelImportScreen' (singleton=False)
[2026-01-01 13:48:49.011] MenuRegistry: Registered 'Import from Excel' in 'Projects' menu (hotkey=I order=40)
[2026-01-01 13:48:49.013] MenuRegistry: Registered 'Import from Excel' in 'Projects' menu (hotkey=I order=40)
[2026-01-01 13:48:49.014] ServiceContainer: Registered 'ExcelImportProfileManagerScreen' (singleton=False)
[2026-01-01 13:48:49.015] MenuRegistry: Registered 'Excel Import Profiles' in 'Tools' menu (hotkey=I order=40)
[2026-01-01 13:48:49.017] MenuRegistry: Registered 'Excel Import Profiles' in 'Tools' menu (hotkey=I order=40)
[2026-01-01 13:48:49.019] ServiceContainer: Registered 'ChecklistsLauncherScreen' (singleton=False)
[2026-01-01 13:48:49.020] MenuRegistry: Registered 'Checklists' in 'Tools' menu (hotkey=C order=25)
[2026-01-01 13:48:49.022] MenuRegistry: Registered 'Checklists' in 'Tools' menu (hotkey=C order=25)
[2026-01-01 13:48:49.023] ServiceContainer: Registered 'CommandLibraryScreen' (singleton=False)
[2026-01-01 13:48:49.024] MenuRegistry: Registered 'Command Library' in 'Tools' menu (hotkey=L order=10)
[2026-01-01 13:48:49.026] MenuRegistry: Registered 'Command Library' in 'Tools' menu (hotkey=L order=10)
[2026-01-01 13:48:49.028] ServiceContainer: Registered 'TextExportProfileManagerScreen' (singleton=False)
[2026-01-01 13:48:49.029] MenuRegistry: Registered 'T2020 Export Profiles' in 'Tools' menu (hotkey=E order=45)
[2026-01-01 13:48:49.031] MenuRegistry: Registered 'T2020 Export Profiles' in 'Tools' menu (hotkey=E order=45)
[2026-01-01 13:48:49.032] ServiceContainer: Registered 'NotesMenuScreen' (singleton=False)
[2026-01-01 13:48:49.033] MenuRegistry: Registered 'Notes' in 'Tools' menu (hotkey=N order=20)
[2026-01-01 13:48:49.035] MenuRegistry: Registered 'Notes' in 'Tools' menu (hotkey=N order=20)
[2026-01-01 13:48:49.037] ServiceContainer: Registered 'HelpViewScreen' (singleton=False)
[2026-01-01 13:48:49.038] MenuRegistry: Registered 'Help' in 'Help' menu (hotkey=H order=10)
[2026-01-01 13:48:49.040] MenuRegistry: Registered 'Help' in 'Help' menu (hotkey=H order=10)
[2026-01-01 13:48:49.042] ServiceContainer: Resolving 'TaskListScreen'...
[2026-01-01 13:48:49.045] ServiceContainer: Resolving 'TaskStore'...
[2026-01-01 13:48:49.201] ServiceContainer: Resolved 'TaskStore' successfully
[2026-01-01 13:48:50.335] _PopulateMenusFromRegistry: Menu 'Projects' has 3 items from registry (array)
[2026-01-01 13:48:50.361] _PopulateMenusFromRegistry: Menu 'Time' has 3 items from registry (array)
[2026-01-01 13:48:50.364] _PopulateMenusFromRegistry: Menu 'Tasks' has 1 items from registry (array)
[2026-01-01 13:48:50.367] _PopulateMenusFromRegistry: Menu 'Help' has 1 items from registry (array)
[2026-01-01 13:48:50.372] _PopulateMenusFromRegistry: Menu 'Tools' has 6 items from registry (array)
[2026-01-01 13:48:50.376] _PopulateMenusFromRegistry: Menu 'Options' has 2 items from registry (array)
[2026-01-01 13:48:50.379] ServiceContainer: Resolved 'TaskListScreen' successfully
[2026-01-01 13:48:59.780] ServiceContainer: Resolving 'ChecklistTemplatesFolderScreen'...
[2026-01-01 13:49:00.026] ServiceContainer: Resolved 'ChecklistTemplatesFolderScreen' successfully
