[2025-12-21 20:27:35.414] ServiceContainer: Registered 'Theme' (singleton=True)
[2025-12-21 20:27:35.417] ServiceContainer: Registered 'ThemeManager' (singleton=True)
[2025-12-21 20:27:35.418] ServiceContainer: Registered 'Config' (singleton=True)
[2025-12-21 20:27:35.419] ServiceContainer: Registered 'TaskStore' (singleton=True)
[2025-12-21 20:27:35.419] ServiceContainer: Registered 'MenuRegistry' (singleton=True)
[2025-12-21 20:27:35.420] ServiceContainer: Registered 'Application' (singleton=True)
[2025-12-21 20:27:35.421] ServiceContainer: Registered 'CommandService' (singleton=True)
[2025-12-21 20:27:35.422] ServiceContainer: Registered 'ChecklistService' (singleton=True)
[2025-12-21 20:27:35.429] ServiceContainer: Registered 'NoteService' (singleton=True)
[2025-12-21 20:27:35.430] ServiceContainer: Registered 'ExcelMappingService' (singleton=True)
[2025-12-21 20:27:35.430] ServiceContainer: Registered 'PreferencesService' (singleton=True)
[2025-12-21 20:27:35.431] ServiceContainer: Registered 'TaskListScreen' (singleton=False)
[2025-12-21 20:27:35.442] ServiceContainer: Resolving 'Application'...
[2025-12-21 20:27:35.443] ServiceContainer: Resolving 'Theme'...
[2025-12-21 20:27:35.599] ServiceContainer: Resolved 'Theme' successfully
[2025-12-21 20:27:35.658] ServiceContainer: Resolving 'ThemeManager'...
[2025-12-21 20:27:35.660] ServiceContainer: Resolved 'ThemeManager' successfully
[2025-12-21 20:27:35.680] ServiceContainer: Resolved 'Application' successfully
[2025-12-21 20:27:35.681] ServiceContainer: Resolving 'MenuRegistry'...
[2025-12-21 20:27:35.690] ServiceContainer: Resolved 'MenuRegistry' successfully
[2025-12-21 20:27:35.704] MenuRegistry: Loaded manifest with 14 entries
[2025-12-21 20:27:35.722] ServiceContainer: Registered 'HelpViewScreen' (singleton=False)
[2025-12-21 20:27:35.723] MenuRegistry: Registered 'Help' in 'Help' menu (hotkey=H order=10)
[2025-12-21 20:27:35.736] MenuRegistry: Registered 'Help' in 'Help' menu (hotkey=H order=10)
[2025-12-21 20:27:35.737] ServiceContainer: Registered 'CommandLibraryScreen' (singleton=False)
[2025-12-21 20:27:35.738] MenuRegistry: Registered 'Command Library' in 'Tools' menu (hotkey=L order=10)
[2025-12-21 20:27:35.740] MenuRegistry: Registered 'Command Library' in 'Tools' menu (hotkey=L order=10)
[2025-12-21 20:27:35.741] ServiceContainer: Registered 'WeeklyTimeReportScreen' (singleton=False)
[2025-12-21 20:27:35.742] MenuRegistry: Registered 'Weekly Report' in 'Time' menu (hotkey=W order=10)
[2025-12-21 20:27:35.743] MenuRegistry: Registered 'Weekly Report' in 'Time' menu (hotkey=W order=10)
[2025-12-21 20:27:35.744] ServiceContainer: Registered 'SettingsScreen' (singleton=False)
[2025-12-21 20:27:35.745] MenuRegistry: Registered 'Settings' in 'Options' menu (hotkey=S order=20)
[2025-12-21 20:27:35.746] MenuRegistry: Registered 'Settings' in 'Options' menu (hotkey=S order=20)
[2025-12-21 20:27:35.748] ServiceContainer: Registered 'TaskListScreen_Default' (singleton=False)
[2025-12-21 20:27:35.748] MenuRegistry: Registered 'Task List' in 'Tasks' menu (hotkey=L order=5)
[2025-12-21 20:27:35.749] MenuRegistry: Registered 'Task List' in 'Tasks' menu (hotkey=L order=5)
[2025-12-21 20:27:35.751] ServiceContainer: Registered 'ChecklistTemplatesFolderScreen' (singleton=False)
[2025-12-21 20:27:35.751] MenuRegistry: Registered 'Checklist Templates' in 'Tools' menu (hotkey=H order=30)
[2025-12-21 20:27:35.753] MenuRegistry: Registered 'Checklist Templates' in 'Tools' menu (hotkey=H order=30)
[2025-12-21 20:27:35.754] ServiceContainer: Registered 'ExcelProfileManagerScreen' (singleton=False)
[2025-12-21 20:27:35.755] MenuRegistry: Registered 'Excel Profiles' in 'Projects' menu (hotkey=M order=50)
[2025-12-21 20:27:35.756] MenuRegistry: Registered 'Excel Profiles' in 'Projects' menu (hotkey=M order=50)
[2025-12-21 20:27:35.757] ServiceContainer: Registered 'ChecklistsLauncherScreen' (singleton=False)
[2025-12-21 20:27:35.758] MenuRegistry: Registered 'Checklists' in 'Tools' menu (hotkey=C order=25)
[2025-12-21 20:27:35.759] MenuRegistry: Registered 'Checklists' in 'Tools' menu (hotkey=C order=25)
[2025-12-21 20:27:35.760] ServiceContainer: Registered 'TimeReportScreen' (singleton=False)
[2025-12-21 20:27:35.761] MenuRegistry: Registered 'Time Report' in 'Time' menu (hotkey=R order=20)
[2025-12-21 20:27:35.766] MenuRegistry: Registered 'Time Report' in 'Time' menu (hotkey=R order=20)
[2025-12-21 20:27:35.767] ServiceContainer: Registered 'NotesMenuScreen' (singleton=False)
[2025-12-21 20:27:35.768] MenuRegistry: Registered 'Notes' in 'Tools' menu (hotkey=N order=20)
[2025-12-21 20:27:35.769] MenuRegistry: Registered 'Notes' in 'Tools' menu (hotkey=N order=20)
[2025-12-21 20:27:35.770] ServiceContainer: Registered 'ThemeEditorScreen' (singleton=False)
[2025-12-21 20:27:35.771] MenuRegistry: Registered 'Theme Editor' in 'Options' menu (hotkey=T order=10)
[2025-12-21 20:27:35.772] MenuRegistry: Registered 'Theme Editor' in 'Options' menu (hotkey=T order=10)
[2025-12-21 20:27:35.773] ServiceContainer: Registered 'ExcelImportScreen' (singleton=False)
[2025-12-21 20:27:35.774] MenuRegistry: Registered 'Import from Excel' in 'Projects' menu (hotkey=I order=40)
[2025-12-21 20:27:35.776] MenuRegistry: Registered 'Import from Excel' in 'Projects' menu (hotkey=I order=40)
[2025-12-21 20:27:35.777] ServiceContainer: Registered 'ProjectListScreen' (singleton=False)
[2025-12-21 20:27:35.778] MenuRegistry: Registered 'Project List' in 'Projects' menu (hotkey=L order=10)
[2025-12-21 20:27:35.779] MenuRegistry: Registered 'Project List' in 'Projects' menu (hotkey=L order=10)
[2025-12-21 20:27:35.780] ServiceContainer: Registered 'TimeListScreen' (singleton=False)
[2025-12-21 20:27:35.780] MenuRegistry: Registered 'Time Tracking' in 'Time' menu (hotkey=T order=5)
[2025-12-21 20:27:35.781] MenuRegistry: Registered 'Time Tracking' in 'Time' menu (hotkey=T order=5)
[2025-12-21 20:27:35.782] ServiceContainer: Resolving 'TaskListScreen'...
[2025-12-21 20:27:35.784] ServiceContainer: Resolving 'TaskStore'...
[2025-12-21 20:27:36.006] ServiceContainer: Resolved 'TaskStore' successfully
[2025-12-21 20:27:36.631] _PopulateMenusFromRegistry: Menu 'Projects' has 3 items from registry (array)
[2025-12-21 20:27:36.648] _PopulateMenusFromRegistry: Menu 'Tools' has 4 items from registry (array)
[2025-12-21 20:27:36.650] _PopulateMenusFromRegistry: Menu 'Tasks' has 1 items from registry (array)
[2025-12-21 20:27:36.651] _PopulateMenusFromRegistry: Menu 'Help' has 1 items from registry (array)
[2025-12-21 20:27:36.653] _PopulateMenusFromRegistry: Menu 'Options' has 2 items from registry (array)
[2025-12-21 20:27:36.656] _PopulateMenusFromRegistry: Menu 'Time' has 3 items from registry (array)
[2025-12-21 20:27:36.657] ServiceContainer: Resolved 'TaskListScreen' successfully
[2025-12-21 20:27:40.507] ServiceContainer: Resolving 'ProjectListScreen'...
[2025-12-21 20:27:40.586] ServiceContainer: Resolved 'ProjectListScreen' successfully
[2025-12-21 20:27:41.820] ServiceContainer: Registered 'ProjectInfoScreenV4' (singleton=False)
[2025-12-21 20:27:41.821] ServiceContainer: Resolving 'ProjectInfoScreenV4'...
[2025-12-21 20:27:41.903] ServiceContainer: Resolved 'ProjectInfoScreenV4' successfully
[2025-12-21 20:27:44.329] ========== TabbedScreen.OnTabChanged: Switched to tab 6 'Files' ==========
[2025-12-21 20:27:50.284] [INFO] ProjectInfoScreenV4._HandleFileAction: action=_action_folder_browse ProjectName='p1'
[2025-12-21 20:27:50.291] [INFO] ProjectInfoScreenV4._BrowseForFile: fieldName=ProjFolder directoriesOnly=True
[2025-12-21 20:27:50.363] [INFO] ProjectInfoScreenV4._BrowseForFile: FilePicker created, ShowFilePicker=True
[2025-12-21 20:28:03.267] [INFO] ProjectInfoScreenV4._HandleFileAction: action=_action_folder_open ProjectName='p1'
[2025-12-21 20:28:33.106] ServiceContainer: Resolving 'CommandLibraryScreen'...
[2025-12-21 20:28:33.110] [ERROR] ServiceContainer: Failed to resolve 'CommandLibraryScreen': At /home/teej/ztest/module/Pmc.Strict/consoleui/screens/CommandLibraryScreen.ps1:12 char:1
+ <#
+ ~~
The terminator '#>' is missing from the multiline comment.
[2025-12-21 20:28:33.111] Stack trace: at <ScriptBlock>, /home/teej/ztest/module/Pmc.Strict/consoleui/services/MenuRegistry.ps1: line 242
at Resolve, /home/teej/ztest/module/Pmc.Strict/consoleui/ServiceContainer.ps1: line 130
at <ScriptBlock>, <No file>: line 2
at ExecuteSelectedItem, /home/teej/ztest/module/Pmc.Strict/consoleui/widgets/PmcMenuBar.ps1: line 299
at HandleKeyPress, /home/teej/ztest/module/Pmc.Strict/consoleui/widgets/PmcMenuBar.ps1: line 504
at HandleKeyPress, /home/teej/ztest/module/Pmc.Strict/consoleui/base/TabbedScreen.ps1: line 382
at HandleKeyPress, /home/teej/ztest/module/Pmc.Strict/consoleui/screens/ProjectInfoScreenV4.ps1: line 717
at Run, /home/teej/ztest/module/Pmc.Strict/consoleui/PmcApplication.ps1: line 413
at Start-PmcTUI, /home/teej/ztest/module/Pmc.Strict/consoleui/Start-PmcTUI.ps1: line 599
at <ScriptBlock>, /home/teej/ztest/start.ps1: line 37
[2025-12-21 20:28:33.114] [ERROR] MenuRegistry: Error launching 'CommandLibraryScreen': At /home/teej/ztest/module/Pmc.Strict/consoleui/screens/CommandLibraryScreen.ps1:12 char:1
+ <#
+ ~~
The terminator '#>' is missing from the multiline comment.
[2025-12-21 20:28:33.117] Stack trace: 
at <ScriptBlock>, /home/teej/ztest/module/Pmc.Strict/consoleui/services/MenuRegistry.ps1: line 242
at Resolve, /home/teej/ztest/module/Pmc.Strict/consoleui/ServiceContainer.ps1: line 130
at <ScriptBlock>, <No file>: line 2
at ExecuteSelectedItem, /home/teej/ztest/module/Pmc.Strict/consoleui/widgets/PmcMenuBar.ps1: line 299
at HandleKeyPress, /home/teej/ztest/module/Pmc.Strict/consoleui/widgets/PmcMenuBar.ps1: line 504
at HandleKeyPress, /home/teej/ztest/module/Pmc.Strict/consoleui/base/TabbedScreen.ps1: line 382
at HandleKeyPress, /home/teej/ztest/module/Pmc.Strict/consoleui/screens/ProjectInfoScreenV4.ps1: line 717
at Run, /home/teej/ztest/module/Pmc.Strict/consoleui/PmcApplication.ps1: line 413
at Start-PmcTUI, /home/teej/ztest/module/Pmc.Strict/consoleui/Start-PmcTUI.ps1: line 599
at <ScriptBlock>, /home/teej/ztest/start.ps1: line 37
[2025-12-21 20:28:40.496] ServiceContainer: Resolving 'CommandLibraryScreen'...
[2025-12-21 20:28:40.499] [ERROR] ServiceContainer: Failed to resolve 'CommandLibraryScreen': At /home/teej/ztest/module/Pmc.Strict/consoleui/screens/CommandLibraryScreen.ps1:12 char:1
+ <#
+ ~~
The terminator '#>' is missing from the multiline comment.
[2025-12-21 20:28:40.500] Stack trace: at <ScriptBlock>, /home/teej/ztest/module/Pmc.Strict/consoleui/services/MenuRegistry.ps1: line 242
at Resolve, /home/teej/ztest/module/Pmc.Strict/consoleui/ServiceContainer.ps1: line 130
at <ScriptBlock>, <No file>: line 2
at ExecuteSelectedItem, /home/teej/ztest/module/Pmc.Strict/consoleui/widgets/PmcMenuBar.ps1: line 299
at HandleKeyPress, /home/teej/ztest/module/Pmc.Strict/consoleui/widgets/PmcMenuBar.ps1: line 504
at HandleKeyPress, /home/teej/ztest/module/Pmc.Strict/consoleui/base/StandardListScreen.ps1: line 979
at HandleKeyPress, /home/teej/ztest/module/Pmc.Strict/consoleui/screens/ProjectListScreen.ps1: line 771
at Run, /home/teej/ztest/module/Pmc.Strict/consoleui/PmcApplication.ps1: line 413
at Start-PmcTUI, /home/teej/ztest/module/Pmc.Strict/consoleui/Start-PmcTUI.ps1: line 599
at <ScriptBlock>, /home/teej/ztest/start.ps1: line 37
[2025-12-21 20:28:40.502] [ERROR] MenuRegistry: Error launching 'CommandLibraryScreen': At /home/teej/ztest/module/Pmc.Strict/consoleui/screens/CommandLibraryScreen.ps1:12 char:1
+ <#
+ ~~
The terminator '#>' is missing from the multiline comment.
[2025-12-21 20:28:40.503] Stack trace: 
at <ScriptBlock>, /home/teej/ztest/module/Pmc.Strict/consoleui/services/MenuRegistry.ps1: line 242
at Resolve, /home/teej/ztest/module/Pmc.Strict/consoleui/ServiceContainer.ps1: line 130
at <ScriptBlock>, <No file>: line 2
at ExecuteSelectedItem, /home/teej/ztest/module/Pmc.Strict/consoleui/widgets/PmcMenuBar.ps1: line 299
at HandleKeyPress, /home/teej/ztest/module/Pmc.Strict/consoleui/widgets/PmcMenuBar.ps1: line 504
at HandleKeyPress, /home/teej/ztest/module/Pmc.Strict/consoleui/base/StandardListScreen.ps1: line 979
at HandleKeyPress, /home/teej/ztest/module/Pmc.Strict/consoleui/screens/ProjectListScreen.ps1: line 771
at Run, /home/teej/ztest/module/Pmc.Strict/consoleui/PmcApplication.ps1: line 413
at Start-PmcTUI, /home/teej/ztest/module/Pmc.Strict/consoleui/Start-PmcTUI.ps1: line 599
at <ScriptBlock>, /home/teej/ztest/start.ps1: line 37
[2025-12-21 20:28:42.548] ServiceContainer: Resolving 'NotesMenuScreen'...
[2025-12-21 20:28:42.633] ServiceContainer: Resolved 'NotesMenuScreen' successfully
[2025-12-21 20:28:47.844] ServiceContainer: Resolving 'ChecklistsLauncherScreen'...
[2025-12-21 20:28:47.917] ServiceContainer: Resolved 'ChecklistsLauncherScreen' successfully
