[2026-01-07 11:31:50.026] ServiceContainer: Registered 'Theme' (singleton=True)
[2026-01-07 11:31:50.031] ServiceContainer: Registered 'ThemeManager' (singleton=True)
[2026-01-07 11:31:50.032] ServiceContainer: Registered 'Config' (singleton=True)
[2026-01-07 11:31:50.033] ServiceContainer: Registered 'TaskStore' (singleton=True)
[2026-01-07 11:31:50.034] ServiceContainer: Registered 'MenuRegistry' (singleton=True)
[2026-01-07 11:31:50.035] ServiceContainer: Registered 'Application' (singleton=True)
[2026-01-07 11:31:50.036] ServiceContainer: Registered 'CommandService' (singleton=True)
[2026-01-07 11:31:50.037] ServiceContainer: Registered 'ChecklistService' (singleton=True)
[2026-01-07 11:31:50.038] ServiceContainer: Registered 'NoteService' (singleton=True)
[2026-01-07 11:31:50.039] ServiceContainer: Registered 'ExcelMappingService' (singleton=True)
[2026-01-07 11:31:50.040] ServiceContainer: Registered 'ExcelCopyService' (singleton=True)
[2026-01-07 11:31:50.042] ServiceContainer: Registered 'PreferencesService' (singleton=True)
[2026-01-07 11:31:50.043] ServiceContainer: Registered 'ExcelImportService' (singleton=True)
[2026-01-07 11:31:50.044] ServiceContainer: Registered 'TextExportService' (singleton=True)
[2026-01-07 11:31:50.045] ServiceContainer: Registered 'TaskListScreen' (singleton=False)
[2026-01-07 11:31:50.062] ServiceContainer: Resolving 'Application'...
[2026-01-07 11:31:50.064] ServiceContainer: Resolving 'Theme'...
[2026-01-07 11:31:50.270] ServiceContainer: Resolved 'Theme' successfully
[2026-01-07 11:31:50.356] ServiceContainer: Resolving 'ThemeManager'...
[2026-01-07 11:31:50.358] ServiceContainer: Resolved 'ThemeManager' successfully
[2026-01-07 11:31:50.370] ServiceContainer: Resolved 'Application' successfully
[2026-01-07 11:31:50.371] ServiceContainer: Resolving 'MenuRegistry'...
[2026-01-07 11:31:50.382] ServiceContainer: Resolved 'MenuRegistry' successfully
[2026-01-07 11:31:50.399] MenuRegistry: Loaded manifest with 16 entries
[2026-01-07 11:31:50.419] ServiceContainer: Registered 'ProjectListScreen' (singleton=False)
[2026-01-07 11:31:50.420] MenuRegistry: Registered 'Project List' in 'Projects' menu (hotkey=L order=10)
[2026-01-07 11:31:50.434] MenuRegistry: Registered 'Project List' in 'Projects' menu (hotkey=L order=10)
[2026-01-07 11:31:50.436] ServiceContainer: Registered 'TaskListScreen_Default' (singleton=False)
[2026-01-07 11:31:50.437] MenuRegistry: Registered 'Task List' in 'Tasks' menu (hotkey=L order=5)
[2026-01-07 11:31:50.438] MenuRegistry: Registered 'Task List' in 'Tasks' menu (hotkey=L order=5)
[2026-01-07 11:31:50.440] ServiceContainer: Registered 'TimeListScreen' (singleton=False)
[2026-01-07 11:31:50.441] MenuRegistry: Registered 'Time Tracking' in 'Time' menu (hotkey=T order=5)
[2026-01-07 11:31:50.442] MenuRegistry: Registered 'Time Tracking' in 'Time' menu (hotkey=T order=5)
[2026-01-07 11:31:50.444] ServiceContainer: Registered 'TextExportProfileManagerScreen' (singleton=False)
[2026-01-07 11:31:50.444] MenuRegistry: Registered 'T2020 Export Profiles' in 'Tools' menu (hotkey=E order=45)
[2026-01-07 11:31:50.453] MenuRegistry: Registered 'T2020 Export Profiles' in 'Tools' menu (hotkey=E order=45)
[2026-01-07 11:31:50.455] ServiceContainer: Registered 'ChecklistsLauncherScreen' (singleton=False)
[2026-01-07 11:31:50.456] MenuRegistry: Registered 'Checklists' in 'Tools' menu (hotkey=C order=25)
[2026-01-07 11:31:50.457] MenuRegistry: Registered 'Checklists' in 'Tools' menu (hotkey=C order=25)
[2026-01-07 11:31:50.459] ServiceContainer: Registered 'SettingsScreen' (singleton=False)
[2026-01-07 11:31:50.459] MenuRegistry: Registered 'Settings' in 'Options' menu (hotkey=S order=20)
[2026-01-07 11:31:50.461] MenuRegistry: Registered 'Settings' in 'Options' menu (hotkey=S order=20)
[2026-01-07 11:31:50.462] ServiceContainer: Registered 'NotesMenuScreen' (singleton=False)
[2026-01-07 11:31:50.463] MenuRegistry: Registered 'Notes' in 'Tools' menu (hotkey=N order=20)
[2026-01-07 11:31:50.464] MenuRegistry: Registered 'Notes' in 'Tools' menu (hotkey=N order=20)
[2026-01-07 11:31:50.465] ServiceContainer: Registered 'ChecklistTemplatesFolderScreen' (singleton=False)
[2026-01-07 11:31:50.466] MenuRegistry: Registered 'Checklist Templates' in 'Tools' menu (hotkey=H order=30)
[2026-01-07 11:31:50.467] MenuRegistry: Registered 'Checklist Templates' in 'Tools' menu (hotkey=H order=30)
[2026-01-07 11:31:50.469] ServiceContainer: Registered 'ExcelImportProfileManagerScreen' (singleton=False)
[2026-01-07 11:31:50.469] MenuRegistry: Registered 'Excel Import Profiles' in 'Tools' menu (hotkey=I order=40)
[2026-01-07 11:31:50.471] MenuRegistry: Registered 'Excel Import Profiles' in 'Tools' menu (hotkey=I order=40)
[2026-01-07 11:31:50.472] ServiceContainer: Registered 'TimeReportScreen' (singleton=False)
[2026-01-07 11:31:50.473] MenuRegistry: Registered 'Time Report' in 'Time' menu (hotkey=R order=20)
[2026-01-07 11:31:50.475] MenuRegistry: Registered 'Time Report' in 'Time' menu (hotkey=R order=20)
[2026-01-07 11:31:50.476] ServiceContainer: Registered 'CommandLibraryScreen' (singleton=False)
[2026-01-07 11:31:50.477] MenuRegistry: Registered 'Command Library' in 'Tools' menu (hotkey=L order=10)
[2026-01-07 11:31:50.478] MenuRegistry: Registered 'Command Library' in 'Tools' menu (hotkey=L order=10)
[2026-01-07 11:31:50.479] ServiceContainer: Registered 'ThemeEditorScreen' (singleton=False)
[2026-01-07 11:31:50.480] MenuRegistry: Registered 'Theme Editor' in 'Options' menu (hotkey=T order=10)
[2026-01-07 11:31:50.481] MenuRegistry: Registered 'Theme Editor' in 'Options' menu (hotkey=T order=10)
[2026-01-07 11:31:50.483] ServiceContainer: Registered 'HelpViewScreen' (singleton=False)
[2026-01-07 11:31:50.484] MenuRegistry: Registered 'Help' in 'Help' menu (hotkey=H order=10)
[2026-01-07 11:31:50.485] MenuRegistry: Registered 'Help' in 'Help' menu (hotkey=H order=10)
[2026-01-07 11:31:50.486] ServiceContainer: Registered 'ExcelProfileManagerScreen' (singleton=False)
[2026-01-07 11:31:50.487] MenuRegistry: Registered 'Excel Profiles' in 'Projects' menu (hotkey=M order=50)
[2026-01-07 11:31:50.489] MenuRegistry: Registered 'Excel Profiles' in 'Projects' menu (hotkey=M order=50)
[2026-01-07 11:31:50.490] ServiceContainer: Registered 'ExcelImportScreen' (singleton=False)
[2026-01-07 11:31:50.491] MenuRegistry: Registered 'Import from Excel' in 'Projects' menu (hotkey=I order=40)
[2026-01-07 11:31:50.492] MenuRegistry: Registered 'Import from Excel' in 'Projects' menu (hotkey=I order=40)
[2026-01-07 11:31:50.494] ServiceContainer: Registered 'WeeklyTimeReportScreen' (singleton=False)
[2026-01-07 11:31:50.494] MenuRegistry: Registered 'Weekly Report' in 'Time' menu (hotkey=W order=10)
[2026-01-07 11:31:50.496] MenuRegistry: Registered 'Weekly Report' in 'Time' menu (hotkey=W order=10)
[2026-01-07 11:31:50.497] ServiceContainer: Resolving 'TaskListScreen'...
[2026-01-07 11:31:50.498] ServiceContainer: Resolving 'TaskStore'...
[2026-01-07 11:31:50.603] ServiceContainer: Resolved 'TaskStore' successfully
[2026-01-07 11:31:51.159] [INFO] StandardListScreen._ConfigureListActions: Configuring actions for Tasks
[2026-01-07 11:31:51.185] [INFO] StandardListScreen: Added footer shortcut D -> Delete
[2026-01-07 11:31:51.201] [INFO] StandardListScreen._ConfigureListActions: Configured 16 footer shortcuts
[2026-01-07 11:31:51.355] _PopulateMenusFromRegistry: Menu 'Tools' has 6 items from registry (array)
[2026-01-07 11:31:51.373] _PopulateMenusFromRegistry: Menu 'Projects' has 3 items from registry (array)
[2026-01-07 11:31:51.376] _PopulateMenusFromRegistry: Menu 'Tasks' has 1 items from registry (array)
[2026-01-07 11:31:51.378] _PopulateMenusFromRegistry: Menu 'Options' has 2 items from registry (array)
[2026-01-07 11:31:51.402] _PopulateMenusFromRegistry: Menu 'Time' has 3 items from registry (array)
[2026-01-07 11:31:51.404] _PopulateMenusFromRegistry: Menu 'Help' has 1 items from registry (array)
[2026-01-07 11:31:51.406] ServiceContainer: Resolved 'TaskListScreen' successfully
[2026-01-07 11:31:51.668] [INFO] StandardListScreen._ConfigureListActions: Configuring actions for Tasks
[2026-01-07 11:31:51.670] [INFO] StandardListScreen: Added footer shortcut D -> Delete
[2026-01-07 11:31:51.675] [INFO] StandardListScreen._ConfigureListActions: Configured 16 footer shortcuts
[2026-01-07 11:32:04.078] ServiceContainer: Resolving 'NotesMenuScreen'...
[2026-01-07 11:32:04.145] [INFO] StandardListScreen._ConfigureListActions: Configuring actions for Notes
[2026-01-07 11:32:04.155] [INFO] StandardListScreen: Added footer shortcut D -> Delete
[2026-01-07 11:32:04.158] [INFO] StandardListScreen._ConfigureListActions: Configured 7 footer shortcuts
[2026-01-07 11:32:04.183] ServiceContainer: Resolved 'NotesMenuScreen' successfully
[2026-01-07 11:32:04.211] [INFO] StandardListScreen._ConfigureListActions: Configuring actions for Notes
[2026-01-07 11:32:04.212] [INFO] StandardListScreen: Added footer shortcut D -> Delete
[2026-01-07 11:32:04.213] [INFO] StandardListScreen._ConfigureListActions: Configured 7 footer shortcuts
[2026-01-07 11:32:06.530] [INFO] UniversalList.RenderToEngine: SKIPPING row 0 (editor active, filling with blank)
[2026-01-07 11:32:06.621] [INFO] UniversalList.RenderToEngine: SKIPPING row 0 (editor active, filling with blank)
[2026-01-07 11:32:06.626] [INFO] StandardListScreen.RenderContentToEngine: Rendering InlineEditor at Y=9
[2026-01-07 11:32:09.415] [INFO] UniversalList.RenderToEngine: SKIPPING row 0 (editor active, filling with blank)
[2026-01-07 11:32:09.455] [INFO] UniversalList.RenderToEngine: SKIPPING row 0 (editor active, filling with blank)
[2026-01-07 11:32:09.459] [INFO] StandardListScreen.RenderContentToEngine: Rendering InlineEditor at Y=9
[2026-01-07 11:32:10.597] [INFO] StandardListScreen.OnInlineEditConfirmed: Dispatching to _SaveEditedItem
[2026-01-07 11:32:10.723] RequestRender called from:  at line 972
[2026-01-07 11:32:15.124] [INFO] NotesMenuScreen.OnItemActivated: Opening note newnote12
[2026-01-07 11:32:15.163] [INFO] NoteEditorScreen: Constructor called for noteId='newnote12'
[2026-01-07 11:32:15.170] [WARN] FileNoteService.GetNote: File not found, returning null
[2026-01-07 11:32:15.172] [ERROR] NoteEditorScreen: GetNote returned null or missing, creating stub note
[2026-01-07 11:32:15.174] [WARN] NoteEditorScreen: Created stub note with file= - NOTE: SAVING WILL FAIL
[2026-01-07 11:32:15.179] [INFO] NoteEditorScreen: Constructor complete
[2026-01-07 11:32:15.187] [INFO] NoteEditorScreen.Initialize: Called with renderEngine and container
[2026-01-07 11:32:15.274] PreferencesService: Preferences path: /home/teej/ztest/module/Pmc.Strict/.pmc-data/preferences.json
[2026-01-07 11:32:15.277] PreferencesService: No preferences file found, using defaults
[2026-01-07 11:32:15.291] [INFO] NoteEditorScreen.Initialize: Complete
[2026-01-07 11:32:15.309] [ERROR] FileNoteService.LoadNoteContent: File not found, throwing
[2026-01-07 11:32:15.311] [ERROR] NoteEditorScreen.LoadData: Error - Note not found: newnote12
[2026-01-07 11:32:15.313] [ERROR] NoteEditorScreen.LoadData: Stack trace - at LoadNoteContent, /home/teej/ztest/module/Pmc.Strict/consoleui/services/FileNoteService.ps1: line 221
at LoadData, /home/teej/ztest/module/Pmc.Strict/consoleui/screens/NoteEditorScreen.ps1: line 159
at OnEnter, /home/teej/ztest/module/Pmc.Strict/consoleui/PmcScreen.ps1: line 184
at OnEnter, /home/teej/ztest/module/Pmc.Strict/consoleui/screens/NoteEditorScreen.ps1: line 184
at PushScreen, /home/teej/ztest/module/Pmc.Strict/consoleui/PmcApplication.ps1: line 130
at OnItemActivated, /home/teej/ztest/module/Pmc.Strict/consoleui/screens/NotesMenuScreen.ps1: line 253
at <ScriptBlock>, /home/teej/ztest/module/Pmc.Strict/consoleui/screens/NotesMenuScreen.ps1: line 418
at _InvokeCallback, /home/teej/ztest/module/Pmc.Strict/consoleui/widgets/UniversalList.ps1: line 1415
at HandleInput, /home/teej/ztest/module/Pmc.Strict/consoleui/widgets/UniversalList.ps1: line 707
at HandleKeyPress, /home/teej/ztest/module/Pmc.Strict/consoleui/base/StandardListScreen.ps1: line 1171
at Run, /home/teej/ztest/module/Pmc.Strict/consoleui/PmcApplication.ps1: line 420
at Start-PmcTUI, /home/teej/ztest/module/Pmc.Strict/consoleui/Start-PmcTUI.ps1: line 620
at <ScriptBlock>, /home/teej/ztest/start.ps1: line 37
[2026-01-07 11:32:15.315] [INFO] NotesMenuScreen.OnItemActivated: Screen pushed successfully
[2026-01-07 11:32:17.323] [INFO] NoteEditorScreen: ESCAPE DETECTED - Auto-saving and exiting
[2026-01-07 11:32:17.333] [INFO] StandardListScreen._ConfigureListActions: Configuring actions for Notes
[2026-01-07 11:32:17.335] [INFO] StandardListScreen: Added footer shortcut D -> Delete
[2026-01-07 11:32:17.337] [INFO] StandardListScreen._ConfigureListActions: Configured 7 footer shortcuts
[2026-01-07 11:32:18.414] [INFO] NotesMenuScreen.OnItemActivated: Opening note newnote122
[2026-01-07 11:32:18.421] [INFO] NoteEditorScreen: Constructor called for noteId='newnote122'
[2026-01-07 11:32:18.437] [INFO] NoteEditorScreen: Constructor complete
[2026-01-07 11:32:18.438] [INFO] NoteEditorScreen.Initialize: Called with renderEngine and container
[2026-01-07 11:32:18.442] [INFO] NoteEditorScreen.Initialize: Complete
[2026-01-07 11:32:18.450] [ERROR] NoteEditorScreen.LoadData: Error - You cannot call a method on a null-valued expression.
[2026-01-07 11:32:18.451] [ERROR] NoteEditorScreen.LoadData: Stack trace - at LoadNoteContent, /home/teej/ztest/module/Pmc.Strict/consoleui/services/FileNoteService.ps1: line 225
at LoadData, /home/teej/ztest/module/Pmc.Strict/consoleui/screens/NoteEditorScreen.ps1: line 159
at OnEnter, /home/teej/ztest/module/Pmc.Strict/consoleui/PmcScreen.ps1: line 184
at OnEnter, /home/teej/ztest/module/Pmc.Strict/consoleui/screens/NoteEditorScreen.ps1: line 184
at PushScreen, /home/teej/ztest/module/Pmc.Strict/consoleui/PmcApplication.ps1: line 130
at OnItemActivated, /home/teej/ztest/module/Pmc.Strict/consoleui/screens/NotesMenuScreen.ps1: line 253
at <ScriptBlock>, /home/teej/ztest/module/Pmc.Strict/consoleui/base/StandardListScreen.ps1: line 466
at _InvokeCallback, /home/teej/ztest/module/Pmc.Strict/consoleui/widgets/UniversalList.ps1: line 1415
at HandleInput, /home/teej/ztest/module/Pmc.Strict/consoleui/widgets/UniversalList.ps1: line 692
at HandleKeyPress, /home/teej/ztest/module/Pmc.Strict/consoleui/base/StandardListScreen.ps1: line 1171
at Run, /home/teej/ztest/module/Pmc.Strict/consoleui/PmcApplication.ps1: line 420
at Start-PmcTUI, /home/teej/ztest/module/Pmc.Strict/consoleui/Start-PmcTUI.ps1: line 620
at <ScriptBlock>, /home/teej/ztest/start.ps1: line 37
[2026-01-07 11:32:18.452] [INFO] NotesMenuScreen.OnItemActivated: Screen pushed successfully
[2026-01-07 11:32:19.220] [INFO] NoteEditorScreen: ESCAPE DETECTED - Auto-saving and exiting
[2026-01-07 11:32:19.225] [INFO] StandardListScreen._ConfigureListActions: Configuring actions for Notes
[2026-01-07 11:32:19.226] [INFO] StandardListScreen: Added footer shortcut D -> Delete
[2026-01-07 11:32:19.237] [INFO] StandardListScreen._ConfigureListActions: Configured 7 footer shortcuts
