[2026-01-13 09:39:47.470] ServiceContainer: Registered 'Theme' (singleton=True)
[2026-01-13 09:39:47.473] ServiceContainer: Registered 'ThemeManager' (singleton=True)
[2026-01-13 09:39:47.474] ServiceContainer: Registered 'Config' (singleton=True)
[2026-01-13 09:39:47.475] ServiceContainer: Registered 'TaskStore' (singleton=True)
[2026-01-13 09:39:47.475] ServiceContainer: Registered 'MenuRegistry' (singleton=True)
[2026-01-13 09:39:47.476] ServiceContainer: Registered 'Application' (singleton=True)
[2026-01-13 09:39:47.477] ServiceContainer: Registered 'CommandService' (singleton=True)
[2026-01-13 09:39:47.477] ServiceContainer: Registered 'ChecklistService' (singleton=True)
[2026-01-13 09:39:47.478] ServiceContainer: Registered 'NoteService' (singleton=True)
[2026-01-13 09:39:47.478] ServiceContainer: Registered 'ExcelMappingService' (singleton=True)
[2026-01-13 09:39:47.479] ServiceContainer: Registered 'ExcelCopyService' (singleton=True)
[2026-01-13 09:39:47.480] ServiceContainer: Registered 'PreferencesService' (singleton=True)
[2026-01-13 09:39:47.480] ServiceContainer: Registered 'ExcelImportService' (singleton=True)
[2026-01-13 09:39:47.481] ServiceContainer: Registered 'TextExportService' (singleton=True)
[2026-01-13 09:39:47.481] ServiceContainer: Registered 'TaskListScreen' (singleton=False)
[2026-01-13 09:39:47.494] ServiceContainer: Resolving 'Application'...
[2026-01-13 09:39:47.496] ServiceContainer: Resolving 'Theme'...
[2026-01-13 09:39:47.659] ServiceContainer: Resolved 'Theme' successfully
[2026-01-13 09:39:47.724] ServiceContainer: Resolving 'ThemeManager'...
[2026-01-13 09:39:47.726] ServiceContainer: Resolved 'ThemeManager' successfully
[2026-01-13 09:39:47.736] ServiceContainer: Resolved 'Application' successfully
[2026-01-13 09:39:47.737] ServiceContainer: Resolving 'MenuRegistry'...
[2026-01-13 09:39:47.746] ServiceContainer: Resolved 'MenuRegistry' successfully
[2026-01-13 09:39:47.766] MenuRegistry: Loaded manifest with 17 entries
[2026-01-13 09:39:47.793] ServiceContainer: Registered 'ProjectListScreen' (singleton=False)
[2026-01-13 09:39:47.794] MenuRegistry: Registered factory for 'Project List'
[2026-01-13 09:39:47.806] MenuRegistry: Registered 'Project List' in 'Projects' menu (hotkey=L order=10)
[2026-01-13 09:39:47.808] ServiceContainer: Registered 'WeeklyTimeReportScreen' (singleton=False)
[2026-01-13 09:39:47.808] MenuRegistry: Registered factory for 'Weekly Report'
[2026-01-13 09:39:47.809] MenuRegistry: Registered 'Weekly Report' in 'Time' menu (hotkey=W order=10)
[2026-01-13 09:39:47.811] ServiceContainer: Registered 'ExcelProfileManagerScreen' (singleton=False)
[2026-01-13 09:39:47.811] MenuRegistry: Registered factory for 'Excel Profiles'
[2026-01-13 09:39:47.812] MenuRegistry: Registered 'Excel Profiles' in 'Projects' menu (hotkey=M order=50)
[2026-01-13 09:39:47.813] ServiceContainer: Registered 'CalendarScreen' (singleton=False)
[2026-01-13 09:39:47.814] MenuRegistry: Registered factory for 'Calendar'
[2026-01-13 09:39:47.815] MenuRegistry: Registered 'Calendar' in 'Tools' menu (hotkey=A order=50)
[2026-01-13 09:39:47.816] ServiceContainer: Registered 'TextExportProfileManagerScreen' (singleton=False)
[2026-01-13 09:39:47.816] MenuRegistry: Registered factory for 'T2020 Export Profiles'
[2026-01-13 09:39:47.817] MenuRegistry: Registered 'T2020 Export Profiles' in 'Tools' menu (hotkey=E order=45)
[2026-01-13 09:39:47.818] ServiceContainer: Registered 'SettingsScreen' (singleton=False)
[2026-01-13 09:39:47.819] MenuRegistry: Registered factory for 'Settings'
[2026-01-13 09:39:47.820] MenuRegistry: Registered 'Settings' in 'Options' menu (hotkey=S order=20)
[2026-01-13 09:39:47.821] ServiceContainer: Registered 'HelpViewScreen' (singleton=False)
[2026-01-13 09:39:47.822] MenuRegistry: Registered factory for 'Help'
[2026-01-13 09:39:47.822] MenuRegistry: Registered 'Help' in 'Help' menu (hotkey=H order=10)
[2026-01-13 09:39:47.823] ServiceContainer: Registered 'ExcelImportScreen' (singleton=False)
[2026-01-13 09:39:47.824] MenuRegistry: Registered factory for 'Import from Excel'
[2026-01-13 09:39:47.825] MenuRegistry: Registered 'Import from Excel' in 'Projects' menu (hotkey=I order=40)
[2026-01-13 09:39:47.826] ServiceContainer: Registered 'TimeReportScreen' (singleton=False)
[2026-01-13 09:39:47.827] MenuRegistry: Registered factory for 'Time Report'
[2026-01-13 09:39:47.828] MenuRegistry: Registered 'Time Report' in 'Time' menu (hotkey=R order=20)
[2026-01-13 09:39:47.829] ServiceContainer: Registered 'TimeListScreen' (singleton=False)
[2026-01-13 09:39:47.829] MenuRegistry: Registered factory for 'Time Tracking'
[2026-01-13 09:39:47.830] MenuRegistry: Registered 'Time Tracking' in 'Time' menu (hotkey=T order=5)
[2026-01-13 09:39:47.831] ServiceContainer: Registered 'ExcelImportProfileManagerScreen' (singleton=False)
[2026-01-13 09:39:47.832] MenuRegistry: Registered factory for 'Excel Import Profiles'
[2026-01-13 09:39:47.832] MenuRegistry: Registered 'Excel Import Profiles' in 'Tools' menu (hotkey=I order=40)
[2026-01-13 09:39:47.834] ServiceContainer: Registered 'ChecklistTemplatesFolderScreen' (singleton=False)
[2026-01-13 09:39:47.834] MenuRegistry: Registered factory for 'Checklist Templates'
[2026-01-13 09:39:47.835] MenuRegistry: Registered 'Checklist Templates' in 'Tools' menu (hotkey=H order=30)
[2026-01-13 09:39:47.836] ServiceContainer: Registered 'CommandLibraryScreen' (singleton=False)
[2026-01-13 09:39:47.837] MenuRegistry: Registered factory for 'Command Library'
[2026-01-13 09:39:47.838] MenuRegistry: Registered 'Command Library' in 'Tools' menu (hotkey=L order=10)
[2026-01-13 09:39:47.839] ServiceContainer: Registered 'TaskListScreen_Default' (singleton=False)
[2026-01-13 09:39:47.840] MenuRegistry: Registered factory for 'Task List'
[2026-01-13 09:39:47.858] MenuRegistry: Registered 'Task List' in 'Tasks' menu (hotkey=L order=5)
[2026-01-13 09:39:47.859] ServiceContainer: Registered 'ChecklistsLauncherScreen' (singleton=False)
[2026-01-13 09:39:47.859] MenuRegistry: Registered factory for 'Checklists'
[2026-01-13 09:39:47.860] MenuRegistry: Registered 'Checklists' in 'Tools' menu (hotkey=C order=25)
[2026-01-13 09:39:47.861] ServiceContainer: Registered 'NotesMenuScreen' (singleton=False)
[2026-01-13 09:39:47.862] MenuRegistry: Registered factory for 'Notes'
[2026-01-13 09:39:47.863] MenuRegistry: Registered 'Notes' in 'Tools' menu (hotkey=N order=20)
[2026-01-13 09:39:47.864] ServiceContainer: Registered 'ThemeEditorScreen' (singleton=False)
[2026-01-13 09:39:47.864] MenuRegistry: Registered factory for 'Theme Editor'
[2026-01-13 09:39:47.865] MenuRegistry: Registered 'Theme Editor' in 'Options' menu (hotkey=T order=10)
[2026-01-13 09:39:52.414] ServiceContainer: Resolving 'TimeListScreen'...
[2026-01-13 09:39:52.659] [INFO] StandardListScreen._ConfigureListActions: Configuring actions for Time Tracking
[2026-01-13 09:39:52.668] [INFO] StandardListScreen: Added footer shortcut D -> Delete
[2026-01-13 09:39:52.678] [INFO] StandardListScreen._ConfigureListActions: Configured 7 footer shortcuts
[2026-01-13 09:39:52.763] ServiceContainer: Resolved 'TimeListScreen' successfully
[2026-01-13 09:39:52.844] [INFO] StandardListScreen._ConfigureListActions: Configuring actions for Time Tracking
[2026-01-13 09:39:52.845] [INFO] StandardListScreen: Added footer shortcut D -> Delete
[2026-01-13 09:39:52.847] [INFO] StandardListScreen._ConfigureListActions: Configured 7 footer shortcuts
[09:39:53.009] [Z-BUFFER] REJECTED at (2,7): currentZ=10 < zBuffer=20 char='D'
[09:39:53.010] [Z-BUFFER] REJECTED at (3,7): currentZ=10 < zBuffer=20 char='a'
[09:39:53.011] [Z-BUFFER] REJECTED at (4,7): currentZ=10 < zBuffer=20 char='t'
[09:39:53.014] [Z-BUFFER] REJECTED at (5,7): currentZ=10 < zBuffer=20 char='e'
[09:39:53.015] [Z-BUFFER] REJECTED at (14,7): currentZ=10 < zBuffer=20 char='T'
[09:39:53.015] [Z-BUFFER] REJECTED at (15,7): currentZ=10 < zBuffer=20 char='a'
[09:39:53.016] [Z-BUFFER] REJECTED at (16,7): currentZ=10 < zBuffer=20 char='s'
[09:39:53.017] [Z-BUFFER] REJECTED at (17,7): currentZ=10 < zBuffer=20 char='k'
[09:39:53.018] [Z-BUFFER] REJECTED at (55,7): currentZ=10 < zBuffer=20 char='I'
[09:39:53.019] [Z-BUFFER] REJECTED at (56,7): currentZ=10 < zBuffer=20 char='D'
[09:39:53.019] [Z-BUFFER] REJECTED at (57,7): currentZ=10 < zBuffer=20 char='1'
[09:39:53.023] [Z-BUFFER] REJECTED at (65,7): currentZ=10 < zBuffer=20 char='I'
[09:39:53.023] [Z-BUFFER] REJECTED at (66,7): currentZ=10 < zBuffer=20 char='D'
[09:39:53.024] [Z-BUFFER] REJECTED at (67,7): currentZ=10 < zBuffer=20 char='2'
[09:39:53.047] [Z-BUFFER] REJECTED at (93,7): currentZ=10 < zBuffer=20 char='N'
[09:39:53.048] [Z-BUFFER] REJECTED at (94,7): currentZ=10 < zBuffer=20 char='o'
[09:39:53.048] [Z-BUFFER] REJECTED at (95,7): currentZ=10 < zBuffer=20 char='t'
[09:39:53.049] [Z-BUFFER] REJECTED at (96,7): currentZ=10 < zBuffer=20 char='e'
[09:39:53.052] [Z-BUFFER] REJECTED at (97,7): currentZ=10 < zBuffer=20 char='s'
[09:39:54.130] [Z-BUFFER] REJECTED at (2,7): currentZ=10 < zBuffer=20 char='D'
[09:39:54.136] [Z-BUFFER] REJECTED at (3,7): currentZ=10 < zBuffer=20 char='a'
[09:39:54.136] [Z-BUFFER] REJECTED at (4,7): currentZ=10 < zBuffer=20 char='t'
[09:39:54.137] [Z-BUFFER] REJECTED at (5,7): currentZ=10 < zBuffer=20 char='e'
[09:39:54.137] [Z-BUFFER] REJECTED at (14,7): currentZ=10 < zBuffer=20 char='T'
[09:39:54.138] [Z-BUFFER] REJECTED at (15,7): currentZ=10 < zBuffer=20 char='a'
[09:39:54.138] [Z-BUFFER] REJECTED at (16,7): currentZ=10 < zBuffer=20 char='s'
[09:39:54.139] [Z-BUFFER] REJECTED at (17,7): currentZ=10 < zBuffer=20 char='k'
[09:39:54.139] [Z-BUFFER] REJECTED at (55,7): currentZ=10 < zBuffer=20 char='I'
[09:39:54.140] [Z-BUFFER] REJECTED at (56,7): currentZ=10 < zBuffer=20 char='D'
[09:39:54.140] [Z-BUFFER] REJECTED at (57,7): currentZ=10 < zBuffer=20 char='1'
[09:39:54.141] [Z-BUFFER] REJECTED at (65,7): currentZ=10 < zBuffer=20 char='I'
[09:39:54.141] [Z-BUFFER] REJECTED at (66,7): currentZ=10 < zBuffer=20 char='D'
[09:39:54.141] [Z-BUFFER] REJECTED at (67,7): currentZ=10 < zBuffer=20 char='2'
[09:39:54.142] [Z-BUFFER] REJECTED at (93,7): currentZ=10 < zBuffer=20 char='N'
[09:39:54.142] [Z-BUFFER] REJECTED at (94,7): currentZ=10 < zBuffer=20 char='o'
[09:39:54.143] [Z-BUFFER] REJECTED at (95,7): currentZ=10 < zBuffer=20 char='t'
[09:39:54.143] [Z-BUFFER] REJECTED at (96,7): currentZ=10 < zBuffer=20 char='e'
[09:39:54.143] [Z-BUFFER] REJECTED at (97,7): currentZ=10 < zBuffer=20 char='s'
[09:39:54.794] [Z-BUFFER] REJECTED at (2,7): currentZ=10 < zBuffer=20 char='D'
[09:39:54.795] [Z-BUFFER] REJECTED at (3,7): currentZ=10 < zBuffer=20 char='a'
[09:39:54.795] [Z-BUFFER] REJECTED at (4,7): currentZ=10 < zBuffer=20 char='t'
[09:39:54.796] [Z-BUFFER] REJECTED at (5,7): currentZ=10 < zBuffer=20 char='e'
[09:39:54.796] [Z-BUFFER] REJECTED at (14,7): currentZ=10 < zBuffer=20 char='T'
[09:39:54.800] [Z-BUFFER] REJECTED at (15,7): currentZ=10 < zBuffer=20 char='a'
[09:39:54.800] [Z-BUFFER] REJECTED at (16,7): currentZ=10 < zBuffer=20 char='s'
[09:39:54.801] [Z-BUFFER] REJECTED at (17,7): currentZ=10 < zBuffer=20 char='k'
[09:39:54.802] [Z-BUFFER] REJECTED at (55,7): currentZ=10 < zBuffer=20 char='I'
[09:39:54.802] [Z-BUFFER] REJECTED at (56,7): currentZ=10 < zBuffer=20 char='D'
[09:39:54.803] [Z-BUFFER] REJECTED at (57,7): currentZ=10 < zBuffer=20 char='1'
[09:39:54.803] [Z-BUFFER] REJECTED at (65,7): currentZ=10 < zBuffer=20 char='I'
[09:39:54.804] [Z-BUFFER] REJECTED at (66,7): currentZ=10 < zBuffer=20 char='D'
[09:39:54.804] [Z-BUFFER] REJECTED at (67,7): currentZ=10 < zBuffer=20 char='2'
[09:39:54.805] [Z-BUFFER] REJECTED at (93,7): currentZ=10 < zBuffer=20 char='N'
[09:39:54.805] [Z-BUFFER] REJECTED at (94,7): currentZ=10 < zBuffer=20 char='o'
[09:39:54.805] [Z-BUFFER] REJECTED at (95,7): currentZ=10 < zBuffer=20 char='t'
[09:39:54.806] [Z-BUFFER] REJECTED at (96,7): currentZ=10 < zBuffer=20 char='e'
[09:39:54.806] [Z-BUFFER] REJECTED at (97,7): currentZ=10 < zBuffer=20 char='s'
[09:40:09.051] [Z-BUFFER] REJECTED at (2,7): currentZ=10 < zBuffer=20 char='D'
[09:40:09.051] [Z-BUFFER] REJECTED at (3,7): currentZ=10 < zBuffer=20 char='a'
[09:40:09.052] [Z-BUFFER] REJECTED at (4,7): currentZ=10 < zBuffer=20 char='t'
[09:40:09.052] [Z-BUFFER] REJECTED at (5,7): currentZ=10 < zBuffer=20 char='e'
[09:40:09.052] [Z-BUFFER] REJECTED at (14,7): currentZ=10 < zBuffer=20 char='T'
[09:40:09.053] [Z-BUFFER] REJECTED at (15,7): currentZ=10 < zBuffer=20 char='a'
[09:40:09.053] [Z-BUFFER] REJECTED at (16,7): currentZ=10 < zBuffer=20 char='s'
[09:40:09.053] [Z-BUFFER] REJECTED at (17,7): currentZ=10 < zBuffer=20 char='k'
[09:40:09.053] [Z-BUFFER] REJECTED at (55,7): currentZ=10 < zBuffer=20 char='I'
[09:40:09.054] [Z-BUFFER] REJECTED at (56,7): currentZ=10 < zBuffer=20 char='D'
[09:40:09.054] [Z-BUFFER] REJECTED at (57,7): currentZ=10 < zBuffer=20 char='1'
[09:40:09.054] [Z-BUFFER] REJECTED at (65,7): currentZ=10 < zBuffer=20 char='I'
[09:40:09.055] [Z-BUFFER] REJECTED at (66,7): currentZ=10 < zBuffer=20 char='D'
[09:40:09.055] [Z-BUFFER] REJECTED at (67,7): currentZ=10 < zBuffer=20 char='2'
[09:40:09.056] [Z-BUFFER] REJECTED at (93,7): currentZ=10 < zBuffer=20 char='N'
[09:40:09.057] [Z-BUFFER] REJECTED at (94,7): currentZ=10 < zBuffer=20 char='o'
[09:40:09.057] [Z-BUFFER] REJECTED at (95,7): currentZ=10 < zBuffer=20 char='t'
[09:40:09.057] [Z-BUFFER] REJECTED at (96,7): currentZ=10 < zBuffer=20 char='e'
[09:40:09.057] [Z-BUFFER] REJECTED at (97,7): currentZ=10 < zBuffer=20 char='s'
