[2026-01-09 08:40:48.480] ServiceContainer: Registered 'Theme' (singleton=True)
[2026-01-09 08:40:48.486] ServiceContainer: Registered 'ThemeManager' (singleton=True)
[2026-01-09 08:40:48.488] ServiceContainer: Registered 'Config' (singleton=True)
[2026-01-09 08:40:48.490] ServiceContainer: Registered 'TaskStore' (singleton=True)
[2026-01-09 08:40:48.492] ServiceContainer: Registered 'MenuRegistry' (singleton=True)
[2026-01-09 08:40:48.494] ServiceContainer: Registered 'Application' (singleton=True)
[2026-01-09 08:40:48.496] ServiceContainer: Registered 'CommandService' (singleton=True)
[2026-01-09 08:40:48.498] ServiceContainer: Registered 'ChecklistService' (singleton=True)
[2026-01-09 08:40:48.500] ServiceContainer: Registered 'NoteService' (singleton=True)
[2026-01-09 08:40:48.501] ServiceContainer: Registered 'ExcelMappingService' (singleton=True)
[2026-01-09 08:40:48.503] ServiceContainer: Registered 'ExcelCopyService' (singleton=True)
[2026-01-09 08:40:48.505] ServiceContainer: Registered 'PreferencesService' (singleton=True)
[2026-01-09 08:40:48.507] ServiceContainer: Registered 'ExcelImportService' (singleton=True)
[2026-01-09 08:40:48.509] ServiceContainer: Registered 'TextExportService' (singleton=True)
[2026-01-09 08:40:48.511] ServiceContainer: Registered 'TaskListScreen' (singleton=False)
[2026-01-09 08:40:48.543] ServiceContainer: Resolving 'Application'...
[2026-01-09 08:40:48.546] ServiceContainer: Resolving 'Theme'...
[2026-01-09 08:40:48.957] ServiceContainer: Resolved 'Theme' successfully
[2026-01-09 08:40:49.088] ServiceContainer: Resolving 'ThemeManager'...
[2026-01-09 08:40:49.091] ServiceContainer: Resolved 'ThemeManager' successfully
[2026-01-09 08:40:49.111] ServiceContainer: Resolved 'Application' successfully
[2026-01-09 08:40:49.112] ServiceContainer: Resolving 'MenuRegistry'...
[2026-01-09 08:40:49.130] ServiceContainer: Resolved 'MenuRegistry' successfully
[2026-01-09 08:40:49.155] MenuRegistry: Loaded manifest with 16 entries
[2026-01-09 08:40:49.192] ServiceContainer: Registered 'ChecklistTemplatesFolderScreen' (singleton=False)
[2026-01-09 08:40:49.193] MenuRegistry: Registered 'Checklist Templates' in 'Tools' menu (hotkey=H order=30)
[2026-01-09 08:40:49.215] MenuRegistry: Registered 'Checklist Templates' in 'Tools' menu (hotkey=H order=30)
[2026-01-09 08:40:49.218] ServiceContainer: Registered 'TaskListScreen_Default' (singleton=False)
[2026-01-09 08:40:49.219] MenuRegistry: Registered 'Task List' in 'Tasks' menu (hotkey=L order=5)
[2026-01-09 08:40:49.222] MenuRegistry: Registered 'Task List' in 'Tasks' menu (hotkey=L order=5)
[2026-01-09 08:40:49.224] ServiceContainer: Registered 'ChecklistsLauncherScreen' (singleton=False)
[2026-01-09 08:40:49.225] MenuRegistry: Registered 'Checklists' in 'Tools' menu (hotkey=C order=25)
[2026-01-09 08:40:49.241] MenuRegistry: Registered 'Checklists' in 'Tools' menu (hotkey=C order=25)
[2026-01-09 08:40:49.244] ServiceContainer: Registered 'CommandLibraryScreen' (singleton=False)
[2026-01-09 08:40:49.245] MenuRegistry: Registered 'Command Library' in 'Tools' menu (hotkey=L order=10)
[2026-01-09 08:40:49.248] MenuRegistry: Registered 'Command Library' in 'Tools' menu (hotkey=L order=10)
[2026-01-09 08:40:49.250] ServiceContainer: Registered 'ProjectListScreen' (singleton=False)
[2026-01-09 08:40:49.252] MenuRegistry: Registered 'Project List' in 'Projects' menu (hotkey=L order=10)
[2026-01-09 08:40:49.254] MenuRegistry: Registered 'Project List' in 'Projects' menu (hotkey=L order=10)
[2026-01-09 08:40:49.256] ServiceContainer: Registered 'SettingsScreen' (singleton=False)
[2026-01-09 08:40:49.258] MenuRegistry: Registered 'Settings' in 'Options' menu (hotkey=S order=20)
[2026-01-09 08:40:49.260] MenuRegistry: Registered 'Settings' in 'Options' menu (hotkey=S order=20)
[2026-01-09 08:40:49.263] ServiceContainer: Registered 'ExcelImportProfileManagerScreen' (singleton=False)
[2026-01-09 08:40:49.265] MenuRegistry: Registered 'Excel Import Profiles' in 'Tools' menu (hotkey=I order=40)
[2026-01-09 08:40:49.267] MenuRegistry: Registered 'Excel Import Profiles' in 'Tools' menu (hotkey=I order=40)
[2026-01-09 08:40:49.269] ServiceContainer: Registered 'ExcelImportScreen' (singleton=False)
[2026-01-09 08:40:49.271] MenuRegistry: Registered 'Import from Excel' in 'Projects' menu (hotkey=I order=40)
[2026-01-09 08:40:49.272] MenuRegistry: Registered 'Import from Excel' in 'Projects' menu (hotkey=I order=40)
[2026-01-09 08:40:49.274] ServiceContainer: Registered 'HelpViewScreen' (singleton=False)
[2026-01-09 08:40:49.276] MenuRegistry: Registered 'Help' in 'Help' menu (hotkey=H order=10)
[2026-01-09 08:40:49.278] MenuRegistry: Registered 'Help' in 'Help' menu (hotkey=H order=10)
[2026-01-09 08:40:49.280] ServiceContainer: Registered 'WeeklyTimeReportScreen' (singleton=False)
[2026-01-09 08:40:49.281] MenuRegistry: Registered 'Weekly Report' in 'Time' menu (hotkey=W order=10)
[2026-01-09 08:40:49.283] MenuRegistry: Registered 'Weekly Report' in 'Time' menu (hotkey=W order=10)
[2026-01-09 08:40:49.285] ServiceContainer: Registered 'NotesMenuScreen' (singleton=False)
[2026-01-09 08:40:49.287] MenuRegistry: Registered 'Notes' in 'Tools' menu (hotkey=N order=20)
[2026-01-09 08:40:49.288] MenuRegistry: Registered 'Notes' in 'Tools' menu (hotkey=N order=20)
[2026-01-09 08:40:49.290] ServiceContainer: Registered 'TimeListScreen' (singleton=False)
[2026-01-09 08:40:49.291] MenuRegistry: Registered 'Time Tracking' in 'Time' menu (hotkey=T order=5)
[2026-01-09 08:40:49.293] MenuRegistry: Registered 'Time Tracking' in 'Time' menu (hotkey=T order=5)
[2026-01-09 08:40:49.296] ServiceContainer: Registered 'ThemeEditorScreen' (singleton=False)
[2026-01-09 08:40:49.297] MenuRegistry: Registered 'Theme Editor' in 'Options' menu (hotkey=T order=10)
[2026-01-09 08:40:49.299] MenuRegistry: Registered 'Theme Editor' in 'Options' menu (hotkey=T order=10)
[2026-01-09 08:40:49.301] ServiceContainer: Registered 'TextExportProfileManagerScreen' (singleton=False)
[2026-01-09 08:40:49.302] MenuRegistry: Registered 'T2020 Export Profiles' in 'Tools' menu (hotkey=E order=45)
[2026-01-09 08:40:49.304] MenuRegistry: Registered 'T2020 Export Profiles' in 'Tools' menu (hotkey=E order=45)
[2026-01-09 08:40:49.306] ServiceContainer: Registered 'TimeReportScreen' (singleton=False)
[2026-01-09 08:40:49.308] MenuRegistry: Registered 'Time Report' in 'Time' menu (hotkey=R order=20)
[2026-01-09 08:40:49.309] MenuRegistry: Registered 'Time Report' in 'Time' menu (hotkey=R order=20)
[2026-01-09 08:40:49.312] ServiceContainer: Registered 'ExcelProfileManagerScreen' (singleton=False)
[2026-01-09 08:40:49.313] MenuRegistry: Registered 'Excel Profiles' in 'Projects' menu (hotkey=M order=50)
[2026-01-09 08:40:49.315] MenuRegistry: Registered 'Excel Profiles' in 'Projects' menu (hotkey=M order=50)
[2026-01-09 08:40:49.345] ServiceContainer: Resolving 'TaskListScreen'...
[2026-01-09 08:40:49.348] ServiceContainer: Resolving 'TaskStore'...
[2026-01-09 08:40:49.502] ServiceContainer: Resolved 'TaskStore' successfully
[2026-01-09 08:40:50.441] [INFO] StandardListScreen._ConfigureListActions: Configuring actions for Tasks
[2026-01-09 08:40:50.469] [INFO] StandardListScreen: Added footer shortcut D -> Delete
[2026-01-09 08:40:50.496] [INFO] StandardListScreen._ConfigureListActions: Configured 16 footer shortcuts
[2026-01-09 08:40:50.734] _PopulateMenusFromRegistry: Menu 'Help' has 1 items from registry (array)
[2026-01-09 08:40:50.763] _PopulateMenusFromRegistry: Menu 'Options' has 2 items from registry (array)
[2026-01-09 08:40:50.783] _PopulateMenusFromRegistry: Menu 'Tasks' has 1 items from registry (array)
[2026-01-09 08:40:50.788] _PopulateMenusFromRegistry: Menu 'Tools' has 6 items from registry (array)
[2026-01-09 08:40:50.792] _PopulateMenusFromRegistry: Menu 'Projects' has 3 items from registry (array)
[2026-01-09 08:40:50.796] _PopulateMenusFromRegistry: Menu 'Time' has 3 items from registry (array)
[2026-01-09 08:40:50.800] ServiceContainer: Resolved 'TaskListScreen' successfully
[2026-01-09 08:40:51.347] [INFO] StandardListScreen._ConfigureListActions: Configuring actions for Tasks
[2026-01-09 08:40:51.351] [INFO] StandardListScreen: Added footer shortcut D -> Delete
[2026-01-09 08:40:51.360] [INFO] StandardListScreen._ConfigureListActions: Configured 16 footer shortcuts
[08:40:53.543] [Z-BUFFER] REJECTED at (4,4): currentZ=10 < zBuffer=20 char='T'
[08:40:53.546] [Z-BUFFER] REJECTED at (5,4): currentZ=10 < zBuffer=20 char='a'
[08:40:53.571] [Z-BUFFER] REJECTED at (6,4): currentZ=10 < zBuffer=20 char='s'
[08:40:53.573] [Z-BUFFER] REJECTED at (7,4): currentZ=10 < zBuffer=20 char='k'
[08:40:53.575] [Z-BUFFER] REJECTED at (27,4): currentZ=10 < zBuffer=20 char='D'
[08:40:53.577] [Z-BUFFER] REJECTED at (28,4): currentZ=10 < zBuffer=20 char='u'
[08:40:53.578] [Z-BUFFER] REJECTED at (29,4): currentZ=10 < zBuffer=20 char='e'
[08:40:53.580] [Z-BUFFER] REJECTED at (49,4): currentZ=10 < zBuffer=20 char='T'
[08:40:53.582] [Z-BUFFER] REJECTED at (50,4): currentZ=10 < zBuffer=20 char='a'
[08:40:53.583] [Z-BUFFER] REJECTED at (51,4): currentZ=10 < zBuffer=20 char='g'
[08:40:53.585] [Z-BUFFER] REJECTED at (52,4): currentZ=10 < zBuffer=20 char='s'
[08:40:56.000] [Z-BUFFER] REJECTED at (4,4): currentZ=10 < zBuffer=20 char='T'
[08:40:56.002] [Z-BUFFER] REJECTED at (5,4): currentZ=10 < zBuffer=20 char='a'
[08:40:56.003] [Z-BUFFER] REJECTED at (6,4): currentZ=10 < zBuffer=20 char='s'
[08:40:56.005] [Z-BUFFER] REJECTED at (7,4): currentZ=10 < zBuffer=20 char='k'
[08:40:56.006] [Z-BUFFER] REJECTED at (27,4): currentZ=10 < zBuffer=20 char='D'
[08:40:56.008] [Z-BUFFER] REJECTED at (28,4): currentZ=10 < zBuffer=20 char='u'
[08:40:56.025] [Z-BUFFER] REJECTED at (29,4): currentZ=10 < zBuffer=20 char='e'
[08:40:56.027] [Z-BUFFER] REJECTED at (49,4): currentZ=10 < zBuffer=200 char='T'
[08:40:56.029] [Z-BUFFER] REJECTED at (50,4): currentZ=10 < zBuffer=200 char='a'
[08:40:56.030] [Z-BUFFER] REJECTED at (51,4): currentZ=10 < zBuffer=200 char='g'
[08:40:56.031] [Z-BUFFER] REJECTED at (52,4): currentZ=10 < zBuffer=200 char='s'
[2026-01-09 08:40:56.593] ServiceContainer: Resolving 'ThemeEditorScreen'...
[2026-01-09 08:40:56.665] ServiceContainer: Resolved 'ThemeEditorScreen' successfully
[2026-01-09 08:41:32.753] ServiceContainer: Resolving 'SettingsScreen'...
[2026-01-09 08:41:32.805] ServiceContainer: Resolved 'SettingsScreen' successfully
