[2025-12-19 09:22:06.626] ServiceContainer: Registered 'Theme' (singleton=True)
[2025-12-19 09:22:06.632] ServiceContainer: Registered 'ThemeManager' (singleton=True)
[2025-12-19 09:22:06.633] ServiceContainer: Registered 'Config' (singleton=True)
[2025-12-19 09:22:06.634] ServiceContainer: Registered 'TaskStore' (singleton=True)
[2025-12-19 09:22:06.635] ServiceContainer: Registered 'MenuRegistry' (singleton=True)
[2025-12-19 09:22:06.635] ServiceContainer: Registered 'Application' (singleton=True)
[2025-12-19 09:22:06.636] ServiceContainer: Registered 'CommandService' (singleton=True)
[2025-12-19 09:22:06.637] ServiceContainer: Registered 'ChecklistService' (singleton=True)
[2025-12-19 09:22:06.637] ServiceContainer: Registered 'NoteService' (singleton=True)
[2025-12-19 09:22:06.638] ServiceContainer: Registered 'ExcelMappingService' (singleton=True)
[2025-12-19 09:22:06.639] ServiceContainer: Registered 'PreferencesService' (singleton=True)
[2025-12-19 09:22:06.639] ServiceContainer: Registered 'TaskListScreen' (singleton=False)
[2025-12-19 09:22:06.655] ServiceContainer: Resolving 'Application'...
[2025-12-19 09:22:06.657] ServiceContainer: Resolving 'Theme'...
[2025-12-19 09:22:06.782] ServiceContainer: Resolved 'Theme' successfully
[2025-12-19 09:22:06.843] ServiceContainer: Resolving 'ThemeManager'...
[2025-12-19 09:22:06.845] ServiceContainer: Resolved 'ThemeManager' successfully
[2025-12-19 09:22:06.856] ServiceContainer: Resolved 'Application' successfully
[2025-12-19 09:22:06.856] ServiceContainer: Resolving 'MenuRegistry'...
[2025-12-19 09:22:06.865] ServiceContainer: Resolved 'MenuRegistry' successfully
[2025-12-19 09:22:06.880] MenuRegistry: Loaded manifest with 23 entries
[2025-12-19 09:22:06.900] ServiceContainer: Registered 'SettingsScreen' (singleton=False)
[2025-12-19 09:22:06.901] MenuRegistry: Registered screen factory 'SettingsScreen' in container (viewMode=)
[2025-12-19 09:22:06.913] MenuRegistry: Registered 'Settings' in 'Options' menu (hotkey=S order=20)
[2025-12-19 09:22:06.915] ServiceContainer: Registered 'ThemeEditorScreen' (singleton=False)
[2025-12-19 09:22:06.916] MenuRegistry: Registered screen factory 'ThemeEditorScreen' in container (viewMode=)
[2025-12-19 09:22:06.917] MenuRegistry: Registered 'Theme Editor' in 'Options' menu (hotkey=T order=10)
[2025-12-19 09:22:06.918] ServiceContainer: Registered 'CommandLibraryScreen' (singleton=False)
[2025-12-19 09:22:06.919] MenuRegistry: Registered screen factory 'CommandLibraryScreen' in container (viewMode=)
[2025-12-19 09:22:06.920] MenuRegistry: Registered 'Command Library' in 'Tools' menu (hotkey=L order=10)
[2025-12-19 09:22:06.921] ServiceContainer: Registered 'ChecklistsLauncherScreen' (singleton=False)
[2025-12-19 09:22:06.922] MenuRegistry: Registered screen factory 'ChecklistsLauncherScreen' in container (viewMode=)
[2025-12-19 09:22:06.929] MenuRegistry: Registered 'Checklists' in 'Tools' menu (hotkey=C order=25)
[2025-12-19 09:22:06.930] ServiceContainer: Registered 'HelpViewScreen' (singleton=False)
[2025-12-19 09:22:06.931] MenuRegistry: Registered screen factory 'HelpViewScreen' in container (viewMode=)
[2025-12-19 09:22:06.932] MenuRegistry: Registered 'Help' in 'Help' menu (hotkey=H order=10)
[2025-12-19 09:22:06.934] ServiceContainer: Registered 'ProjectListScreen' (singleton=False)
[2025-12-19 09:22:06.934] MenuRegistry: Registered screen factory 'ProjectListScreen' in container (viewMode=)
[2025-12-19 09:22:06.935] MenuRegistry: Registered 'Project List' in 'Projects' menu (hotkey=L order=10)
[2025-12-19 09:22:06.938] ServiceContainer: Registered 'TaskListScreen_Tomorrow' (singleton=False)
[2025-12-19 09:22:06.939] MenuRegistry: Registered screen factory 'TaskListScreen_Tomorrow' in container (viewMode=tomorrow)
[2025-12-19 09:22:06.940] MenuRegistry: Registered 'Tomorrow' in 'Tasks' menu (hotkey=T order=15)
[2025-12-19 09:22:06.941] ServiceContainer: Registered 'TimeReportScreen' (singleton=False)
[2025-12-19 09:22:06.941] MenuRegistry: Registered screen factory 'TimeReportScreen' in container (viewMode=)
[2025-12-19 09:22:06.942] MenuRegistry: Registered 'Time Report' in 'Time' menu (hotkey=R order=20)
[2025-12-19 09:22:06.943] ServiceContainer: Registered 'ExcelProfileManagerScreen' (singleton=False)
[2025-12-19 09:22:06.944] MenuRegistry: Registered screen factory 'ExcelProfileManagerScreen' in container (viewMode=)
[2025-12-19 09:22:06.945] MenuRegistry: Registered 'Excel Profiles' in 'Projects' menu (hotkey=M order=50)
[2025-12-19 09:22:06.946] ServiceContainer: Registered 'TaskListScreen_Agenda' (singleton=False)
[2025-12-19 09:22:06.947] MenuRegistry: Registered screen factory 'TaskListScreen_Agenda' in container (viewMode=agenda)
[2025-12-19 09:22:06.948] MenuRegistry: Registered 'Agenda View' in 'Tasks' menu (hotkey=A order=50)
[2025-12-19 09:22:06.949] ServiceContainer: Registered 'ChecklistTemplatesFolderScreen' (singleton=False)
[2025-12-19 09:22:06.950] MenuRegistry: Registered screen factory 'ChecklistTemplatesFolderScreen' in container (viewMode=)
[2025-12-19 09:22:06.951] MenuRegistry: Registered 'Checklist Templates' in 'Tools' menu (hotkey=H order=30)
[2025-12-19 09:22:06.952] ServiceContainer: Registered 'TaskListScreen_Week' (singleton=False)
[2025-12-19 09:22:06.952] MenuRegistry: Registered screen factory 'TaskListScreen_Week' in container (viewMode=week)
[2025-12-19 09:22:06.953] MenuRegistry: Registered 'Week View' in 'Tasks' menu (hotkey=W order=20)
[2025-12-19 09:22:06.954] ServiceContainer: Registered 'TaskListScreen_NextActions' (singleton=False)
[2025-12-19 09:22:06.955] MenuRegistry: Registered screen factory 'TaskListScreen_NextActions' in container (viewMode=nextactions)
[2025-12-19 09:22:06.956] MenuRegistry: Registered 'Next Actions' in 'Tasks' menu (hotkey=N order=35)
[2025-12-19 09:22:06.957] ServiceContainer: Registered 'TaskListScreen_Default' (singleton=False)
[2025-12-19 09:22:06.958] MenuRegistry: Registered screen factory 'TaskListScreen_Default' in container (viewMode=)
[2025-12-19 09:22:06.959] MenuRegistry: Registered 'Task List' in 'Tasks' menu (hotkey=L order=5)
[2025-12-19 09:22:06.960] ServiceContainer: Registered 'TaskListScreen_Month' (singleton=False)
[2025-12-19 09:22:06.961] MenuRegistry: Registered screen factory 'TaskListScreen_Month' in container (viewMode=month)
[2025-12-19 09:22:06.961] MenuRegistry: Registered 'Month View' in 'Tasks' menu (hotkey=M order=45)
[2025-12-19 09:22:06.963] ServiceContainer: Registered 'TaskListScreen_NoDate' (singleton=False)
[2025-12-19 09:22:06.963] MenuRegistry: Registered screen factory 'TaskListScreen_NoDate' in container (viewMode=noduedate)
[2025-12-19 09:22:06.964] MenuRegistry: Registered 'No Due Date' in 'Tasks' menu (hotkey=D order=40)
[2025-12-19 09:22:06.966] ServiceContainer: Registered 'TaskListScreen_Overdue' (singleton=False)
[2025-12-19 09:22:06.966] MenuRegistry: Registered screen factory 'TaskListScreen_Overdue' in container (viewMode=overdue)
[2025-12-19 09:22:06.967] MenuRegistry: Registered 'Overdue' in 'Tasks' menu (hotkey=O order=30)
[2025-12-19 09:22:06.969] ServiceContainer: Registered 'NotesMenuScreen' (singleton=False)
[2025-12-19 09:22:06.969] MenuRegistry: Registered screen factory 'NotesMenuScreen' in container (viewMode=)
[2025-12-19 09:22:06.970] MenuRegistry: Registered 'Notes' in 'Tools' menu (hotkey=N order=20)
[2025-12-19 09:22:06.989] ServiceContainer: Registered 'ExcelImportScreen' (singleton=False)
[2025-12-19 09:22:06.990] MenuRegistry: Registered screen factory 'ExcelImportScreen' in container (viewMode=)
[2025-12-19 09:22:06.991] MenuRegistry: Registered 'Import from Excel' in 'Projects' menu (hotkey=I order=40)
[2025-12-19 09:22:06.992] ServiceContainer: Registered 'WeeklyTimeReportScreen' (singleton=False)
[2025-12-19 09:22:06.992] MenuRegistry: Registered screen factory 'WeeklyTimeReportScreen' in container (viewMode=)
[2025-12-19 09:22:06.993] MenuRegistry: Registered 'Weekly Report' in 'Time' menu (hotkey=W order=10)
[2025-12-19 09:22:06.995] ServiceContainer: Registered 'TimeListScreen' (singleton=False)
[2025-12-19 09:22:06.996] MenuRegistry: Registered screen factory 'TimeListScreen' in container (viewMode=)
[2025-12-19 09:22:06.997] MenuRegistry: Registered 'Time Tracking' in 'Time' menu (hotkey=T order=5)
[2025-12-19 09:22:06.998] ServiceContainer: Registered 'TaskListScreen_Upcoming' (singleton=False)
[2025-12-19 09:22:06.999] MenuRegistry: Registered screen factory 'TaskListScreen_Upcoming' in container (viewMode=upcoming)
[2025-12-19 09:22:07.000] MenuRegistry: Registered 'Upcoming' in 'Tasks' menu (hotkey=U order=25)
[2025-12-19 09:22:07.001] ServiceContainer: Registered 'TaskListScreen_Today' (singleton=False)
[2025-12-19 09:22:07.003] MenuRegistry: Registered screen factory 'TaskListScreen_Today' in container (viewMode=today)
[2025-12-19 09:22:07.004] MenuRegistry: Registered 'Today' in 'Tasks' menu (hotkey=Y order=10)
[2025-12-19 09:22:07.005] ServiceContainer: Resolving 'TaskListScreen'...
[2025-12-19 09:22:07.007] ServiceContainer: Resolving 'TaskStore'...
[2025-12-19 09:22:07.223] ServiceContainer: Resolved 'TaskStore' successfully
[2025-12-19 09:22:07.828] _PopulateMenusFromRegistry: Menu 'Tools' has 4 items from registry (array)
[2025-12-19 09:22:07.844] _PopulateMenusFromRegistry: Menu 'Help' has 1 items from registry (array)
[2025-12-19 09:22:07.847] _PopulateMenusFromRegistry: Menu 'Time' has 3 items from registry (array)
[2025-12-19 09:22:07.849] _PopulateMenusFromRegistry: Menu 'Options' has 2 items from registry (array)
[2025-12-19 09:22:07.853] _PopulateMenusFromRegistry: Menu 'Tasks' has 10 items from registry (array)
[2025-12-19 09:22:07.856] _PopulateMenusFromRegistry: Menu 'Projects' has 3 items from registry (array)
[2025-12-19 09:22:07.858] ServiceContainer: Resolved 'TaskListScreen' successfully
[2025-12-19 09:22:09.146] [ERROR] Widget render error: Panel render failed: Cannot convert argument "fg", with value: "rounded", for "DrawBox" to type "System.Int32": "Cannot convert value "rounded" to type "System.Int32". Error: "The input string 'rounded' was not in a correct format.""
[2025-12-19 09:22:09.147] [ERROR] Stack: at RenderToEngine, /home/teej/ztest/module/Pmc.Strict/consoleui/widgets/PmcPanel.ps1: line 150
at RenderToEngine, /home/teej/ztest/module/Pmc.Strict/consoleui/PmcScreen.ps1: line 397
at RenderToEngine, /home/teej/ztest/module/Pmc.Strict/consoleui/base/StandardListScreen.ps1: line 217
at RenderToEngine, /home/teej/ztest/module/Pmc.Strict/consoleui/screens/TaskListScreen.ps1: line 1979
at _RenderCurrentScreen, /home/teej/ztest/module/Pmc.Strict/consoleui/PmcApplication.ps1: line 233
at Run, /home/teej/ztest/module/Pmc.Strict/consoleui/PmcApplication.ps1: line 457
at Start-PmcTUI, /home/teej/ztest/module/Pmc.Strict/consoleui/Start-PmcTUI.ps1: line 572
at <ScriptBlock>, /home/teej/ztest/start.ps1: line 38
[2025-12-19 09:22:09.148] [ERROR] TargetObject: 
[2025-12-19 09:22:09.149] [ERROR] InvocationInfo:             $engine.DrawBox($this.X, $this.Y, $this.Width, $this.Height, $this.BorderStyle, $borderColor, $bg)

[2025-12-19 09:22:13.908] [ERROR] Widget render error: Panel render failed: Cannot convert argument "fg", with value: "rounded", for "DrawBox" to type "System.Int32": "Cannot convert value "rounded" to type "System.Int32". Error: "The input string 'rounded' was not in a correct format.""
[2025-12-19 09:22:13.909] [ERROR] Stack: at RenderToEngine, /home/teej/ztest/module/Pmc.Strict/consoleui/widgets/PmcPanel.ps1: line 150
at RenderToEngine, /home/teej/ztest/module/Pmc.Strict/consoleui/PmcScreen.ps1: line 397
at RenderToEngine, /home/teej/ztest/module/Pmc.Strict/consoleui/base/StandardListScreen.ps1: line 217
at RenderToEngine, /home/teej/ztest/module/Pmc.Strict/consoleui/screens/TaskListScreen.ps1: line 1979
at _RenderCurrentScreen, /home/teej/ztest/module/Pmc.Strict/consoleui/PmcApplication.ps1: line 233
at Run, /home/teej/ztest/module/Pmc.Strict/consoleui/PmcApplication.ps1: line 457
at Start-PmcTUI, /home/teej/ztest/module/Pmc.Strict/consoleui/Start-PmcTUI.ps1: line 572
at <ScriptBlock>, /home/teej/ztest/start.ps1: line 38
[2025-12-19 09:22:13.909] [ERROR] TargetObject: 
[2025-12-19 09:22:13.910] [ERROR] InvocationInfo:             $engine.DrawBox($this.X, $this.Y, $this.Width, $this.Height, $this.BorderStyle, $borderColor, $bg)

[2025-12-19 09:22:14.805] [ERROR] Widget render error: Panel render failed: Cannot convert argument "fg", with value: "rounded", for "DrawBox" to type "System.Int32": "Cannot convert value "rounded" to type "System.Int32". Error: "The input string 'rounded' was not in a correct format.""
[2025-12-19 09:22:14.806] [ERROR] Stack: at RenderToEngine, /home/teej/ztest/module/Pmc.Strict/consoleui/widgets/PmcPanel.ps1: line 150
at RenderToEngine, /home/teej/ztest/module/Pmc.Strict/consoleui/PmcScreen.ps1: line 397
at RenderToEngine, /home/teej/ztest/module/Pmc.Strict/consoleui/base/StandardListScreen.ps1: line 217
at RenderToEngine, /home/teej/ztest/module/Pmc.Strict/consoleui/screens/TaskListScreen.ps1: line 1979
at _RenderCurrentScreen, /home/teej/ztest/module/Pmc.Strict/consoleui/PmcApplication.ps1: line 233
at Run, /home/teej/ztest/module/Pmc.Strict/consoleui/PmcApplication.ps1: line 457
at Start-PmcTUI, /home/teej/ztest/module/Pmc.Strict/consoleui/Start-PmcTUI.ps1: line 572
at <ScriptBlock>, /home/teej/ztest/start.ps1: line 38
[2025-12-19 09:22:14.806] [ERROR] TargetObject: 
[2025-12-19 09:22:14.807] [ERROR] InvocationInfo:             $engine.DrawBox($this.X, $this.Y, $this.Width, $this.Height, $this.BorderStyle, $borderColor, $bg)

[2025-12-19 09:22:15.175] [ERROR] Widget render error: Panel render failed: Cannot convert argument "fg", with value: "rounded", for "DrawBox" to type "System.Int32": "Cannot convert value "rounded" to type "System.Int32". Error: "The input string 'rounded' was not in a correct format.""
[2025-12-19 09:22:15.177] [ERROR] Stack: at RenderToEngine, /home/teej/ztest/module/Pmc.Strict/consoleui/widgets/PmcPanel.ps1: line 150
at RenderToEngine, /home/teej/ztest/module/Pmc.Strict/consoleui/PmcScreen.ps1: line 397
at RenderToEngine, /home/teej/ztest/module/Pmc.Strict/consoleui/base/StandardListScreen.ps1: line 217
at RenderToEngine, /home/teej/ztest/module/Pmc.Strict/consoleui/screens/TaskListScreen.ps1: line 1979
at _RenderCurrentScreen, /home/teej/ztest/module/Pmc.Strict/consoleui/PmcApplication.ps1: line 233
at Run, /home/teej/ztest/module/Pmc.Strict/consoleui/PmcApplication.ps1: line 457
at Start-PmcTUI, /home/teej/ztest/module/Pmc.Strict/consoleui/Start-PmcTUI.ps1: line 572
at <ScriptBlock>, /home/teej/ztest/start.ps1: line 38
[2025-12-19 09:22:15.178] [ERROR] TargetObject: 
[2025-12-19 09:22:15.178] [ERROR] InvocationInfo:             $engine.DrawBox($this.X, $this.Y, $this.Width, $this.Height, $this.BorderStyle, $borderColor, $bg)

[2025-12-19 09:22:15.737] [ERROR] Widget render error: Panel render failed: Cannot convert argument "fg", with value: "rounded", for "DrawBox" to type "System.Int32": "Cannot convert value "rounded" to type "System.Int32". Error: "The input string 'rounded' was not in a correct format.""
[2025-12-19 09:22:15.737] [ERROR] Stack: at RenderToEngine, /home/teej/ztest/module/Pmc.Strict/consoleui/widgets/PmcPanel.ps1: line 150
at RenderToEngine, /home/teej/ztest/module/Pmc.Strict/consoleui/PmcScreen.ps1: line 397
at RenderToEngine, /home/teej/ztest/module/Pmc.Strict/consoleui/base/StandardListScreen.ps1: line 217
at RenderToEngine, /home/teej/ztest/module/Pmc.Strict/consoleui/screens/TaskListScreen.ps1: line 1979
at _RenderCurrentScreen, /home/teej/ztest/module/Pmc.Strict/consoleui/PmcApplication.ps1: line 233
at Run, /home/teej/ztest/module/Pmc.Strict/consoleui/PmcApplication.ps1: line 457
at Start-PmcTUI, /home/teej/ztest/module/Pmc.Strict/consoleui/Start-PmcTUI.ps1: line 572
at <ScriptBlock>, /home/teej/ztest/start.ps1: line 38
[2025-12-19 09:22:15.738] [ERROR] TargetObject: 
[2025-12-19 09:22:15.738] [ERROR] InvocationInfo:             $engine.DrawBox($this.X, $this.Y, $this.Width, $this.Height, $this.BorderStyle, $borderColor, $bg)

[2025-12-19 09:22:15.910] [ERROR] Widget render error: Panel render failed: Cannot convert argument "fg", with value: "rounded", for "DrawBox" to type "System.Int32": "Cannot convert value "rounded" to type "System.Int32". Error: "The input string 'rounded' was not in a correct format.""
[2025-12-19 09:22:15.910] [ERROR] Stack: at RenderToEngine, /home/teej/ztest/module/Pmc.Strict/consoleui/widgets/PmcPanel.ps1: line 150
at RenderToEngine, /home/teej/ztest/module/Pmc.Strict/consoleui/PmcScreen.ps1: line 397
at RenderToEngine, /home/teej/ztest/module/Pmc.Strict/consoleui/base/StandardListScreen.ps1: line 217
at RenderToEngine, /home/teej/ztest/module/Pmc.Strict/consoleui/screens/TaskListScreen.ps1: line 1979
at _RenderCurrentScreen, /home/teej/ztest/module/Pmc.Strict/consoleui/PmcApplication.ps1: line 233
at Run, /home/teej/ztest/module/Pmc.Strict/consoleui/PmcApplication.ps1: line 457
at Start-PmcTUI, /home/teej/ztest/module/Pmc.Strict/consoleui/Start-PmcTUI.ps1: line 572
at <ScriptBlock>, /home/teej/ztest/start.ps1: line 38
[2025-12-19 09:22:15.911] [ERROR] TargetObject: 
[2025-12-19 09:22:15.911] [ERROR] InvocationInfo:             $engine.DrawBox($this.X, $this.Y, $this.Width, $this.Height, $this.BorderStyle, $borderColor, $bg)

[2025-12-19 09:22:16.095] [ERROR] Widget render error: Panel render failed: Cannot convert argument "fg", with value: "rounded", for "DrawBox" to type "System.Int32": "Cannot convert value "rounded" to type "System.Int32". Error: "The input string 'rounded' was not in a correct format.""
[2025-12-19 09:22:16.096] [ERROR] Stack: at RenderToEngine, /home/teej/ztest/module/Pmc.Strict/consoleui/widgets/PmcPanel.ps1: line 150
at RenderToEngine, /home/teej/ztest/module/Pmc.Strict/consoleui/PmcScreen.ps1: line 397
at RenderToEngine, /home/teej/ztest/module/Pmc.Strict/consoleui/base/StandardListScreen.ps1: line 217
at RenderToEngine, /home/teej/ztest/module/Pmc.Strict/consoleui/screens/TaskListScreen.ps1: line 1979
at _RenderCurrentScreen, /home/teej/ztest/module/Pmc.Strict/consoleui/PmcApplication.ps1: line 233
at Run, /home/teej/ztest/module/Pmc.Strict/consoleui/PmcApplication.ps1: line 457
at Start-PmcTUI, /home/teej/ztest/module/Pmc.Strict/consoleui/Start-PmcTUI.ps1: line 572
at <ScriptBlock>, /home/teej/ztest/start.ps1: line 38
[2025-12-19 09:22:16.096] [ERROR] TargetObject: 
[2025-12-19 09:22:16.098] [ERROR] InvocationInfo:             $engine.DrawBox($this.X, $this.Y, $this.Width, $this.Height, $this.BorderStyle, $borderColor, $bg)

[2025-12-19 09:22:21.488] [ERROR] Widget render error: Panel render failed: Cannot convert argument "fg", with value: "rounded", for "DrawBox" to type "System.Int32": "Cannot convert value "rounded" to type "System.Int32". Error: "The input string 'rounded' was not in a correct format.""
[2025-12-19 09:22:21.488] [ERROR] Stack: at RenderToEngine, /home/teej/ztest/module/Pmc.Strict/consoleui/widgets/PmcPanel.ps1: line 150
at RenderToEngine, /home/teej/ztest/module/Pmc.Strict/consoleui/PmcScreen.ps1: line 397
at RenderToEngine, /home/teej/ztest/module/Pmc.Strict/consoleui/base/StandardListScreen.ps1: line 217
at RenderToEngine, /home/teej/ztest/module/Pmc.Strict/consoleui/screens/TaskListScreen.ps1: line 1979
at _RenderCurrentScreen, /home/teej/ztest/module/Pmc.Strict/consoleui/PmcApplication.ps1: line 233
at Run, /home/teej/ztest/module/Pmc.Strict/consoleui/PmcApplication.ps1: line 457
at Start-PmcTUI, /home/teej/ztest/module/Pmc.Strict/consoleui/Start-PmcTUI.ps1: line 572
at <ScriptBlock>, /home/teej/ztest/start.ps1: line 38
[2025-12-19 09:22:21.488] [ERROR] TargetObject: 
[2025-12-19 09:22:21.489] [ERROR] InvocationInfo:             $engine.DrawBox($this.X, $this.Y, $this.Width, $this.Height, $this.BorderStyle, $borderColor, $bg)

[2025-12-19 09:22:24.924] [ERROR] Widget render error: Panel render failed: Cannot convert argument "fg", with value: "rounded", for "DrawBox" to type "System.Int32": "Cannot convert value "rounded" to type "System.Int32". Error: "The input string 'rounded' was not in a correct format.""
[2025-12-19 09:22:24.925] [ERROR] Stack: at RenderToEngine, /home/teej/ztest/module/Pmc.Strict/consoleui/widgets/PmcPanel.ps1: line 150
at RenderToEngine, /home/teej/ztest/module/Pmc.Strict/consoleui/PmcScreen.ps1: line 397
at RenderToEngine, /home/teej/ztest/module/Pmc.Strict/consoleui/base/StandardListScreen.ps1: line 217
at RenderToEngine, /home/teej/ztest/module/Pmc.Strict/consoleui/screens/TaskListScreen.ps1: line 1979
at _RenderCurrentScreen, /home/teej/ztest/module/Pmc.Strict/consoleui/PmcApplication.ps1: line 233
at Run, /home/teej/ztest/module/Pmc.Strict/consoleui/PmcApplication.ps1: line 457
at Start-PmcTUI, /home/teej/ztest/module/Pmc.Strict/consoleui/Start-PmcTUI.ps1: line 572
at <ScriptBlock>, /home/teej/ztest/start.ps1: line 38
[2025-12-19 09:22:24.925] [ERROR] TargetObject: 
[2025-12-19 09:22:24.925] [ERROR] InvocationInfo:             $engine.DrawBox($this.X, $this.Y, $this.Width, $this.Height, $this.BorderStyle, $borderColor, $bg)

[2025-12-19 09:22:27.130] [ERROR] Widget render error: Panel render failed: Cannot convert argument "fg", with value: "rounded", for "DrawBox" to type "System.Int32": "Cannot convert value "rounded" to type "System.Int32". Error: "The input string 'rounded' was not in a correct format.""
[2025-12-19 09:22:27.131] [ERROR] Stack: at RenderToEngine, /home/teej/ztest/module/Pmc.Strict/consoleui/widgets/PmcPanel.ps1: line 150
at RenderToEngine, /home/teej/ztest/module/Pmc.Strict/consoleui/PmcScreen.ps1: line 397
at RenderToEngine, /home/teej/ztest/module/Pmc.Strict/consoleui/base/StandardListScreen.ps1: line 217
at RenderToEngine, /home/teej/ztest/module/Pmc.Strict/consoleui/screens/TaskListScreen.ps1: line 1979
at _RenderCurrentScreen, /home/teej/ztest/module/Pmc.Strict/consoleui/PmcApplication.ps1: line 233
at Run, /home/teej/ztest/module/Pmc.Strict/consoleui/PmcApplication.ps1: line 457
at Start-PmcTUI, /home/teej/ztest/module/Pmc.Strict/consoleui/Start-PmcTUI.ps1: line 572
at <ScriptBlock>, /home/teej/ztest/start.ps1: line 38
[2025-12-19 09:22:27.131] [ERROR] TargetObject: 
[2025-12-19 09:22:27.132] [ERROR] InvocationInfo:             $engine.DrawBox($this.X, $this.Y, $this.Width, $this.Height, $this.BorderStyle, $borderColor, $bg)

[2025-12-19 09:22:27.557] ServiceContainer: Resolving 'NotesMenuScreen'...
[2025-12-19 09:22:27.589] [ERROR] ServiceContainer: Failed to resolve 'NotesMenuScreen': At /home/teej/ztest/module/Pmc.Strict/consoleui/screens/NotesMenuScreen.ps1:20 char:13
+     hidden [FileNoteService]$_noteService = $null
+             ~~~~~~~~~~~~~~~
Unable to find type [FileNoteService].

At /home/teej/ztest/module/Pmc.Strict/consoleui/screens/NotesMenuScreen.ps1:52 char:31
+         $this._noteService = [FileNoteService]::GetInstance()
+                               ~~~~~~~~~~~~~~~
Unable to find type [FileNoteService].
[2025-12-19 09:22:27.590] Stack trace: at <ScriptBlock>, /home/teej/ztest/module/Pmc.Strict/consoleui/services/MenuRegistry.ps1: line 242
at Resolve, /home/teej/ztest/module/Pmc.Strict/consoleui/ServiceContainer.ps1: line 130
at <ScriptBlock>, <No file>: line 1
at ExecuteSelectedItem, /home/teej/ztest/module/Pmc.Strict/consoleui/widgets/PmcMenuBar.ps1: line 299
at HandleKeyPress, /home/teej/ztest/module/Pmc.Strict/consoleui/widgets/PmcMenuBar.ps1: line 504
at HandleKeyPress, /home/teej/ztest/module/Pmc.Strict/consoleui/base/StandardListScreen.ps1: line 952
at HandleKeyPress, /home/teej/ztest/module/Pmc.Strict/consoleui/screens/TaskListScreen.ps1: line 1876
at Run, /home/teej/ztest/module/Pmc.Strict/consoleui/PmcApplication.ps1: line 413
at Start-PmcTUI, /home/teej/ztest/module/Pmc.Strict/consoleui/Start-PmcTUI.ps1: line 572
at <ScriptBlock>, /home/teej/ztest/start.ps1: line 38
[2025-12-19 09:22:27.593] [ERROR] PmcMenuBar: Action failed for 'Notes': At /home/teej/ztest/module/Pmc.Strict/consoleui/screens/NotesMenuScreen.ps1:20 char:13
+     hidden [FileNoteService]$_noteService = $null
+             ~~~~~~~~~~~~~~~
Unable to find type [FileNoteService].

At /home/teej/ztest/module/Pmc.Strict/consoleui/screens/NotesMenuScreen.ps1:52 char:31
+         $this._noteService = [FileNoteService]::GetInstance()
+                               ~~~~~~~~~~~~~~~
Unable to find type [FileNoteService].
[2025-12-19 09:22:27.594] [ERROR] Stack: at <ScriptBlock>, /home/teej/ztest/module/Pmc.Strict/consoleui/services/MenuRegistry.ps1: line 242
at Resolve, /home/teej/ztest/module/Pmc.Strict/consoleui/ServiceContainer.ps1: line 130
at <ScriptBlock>, <No file>: line 1
at ExecuteSelectedItem, /home/teej/ztest/module/Pmc.Strict/consoleui/widgets/PmcMenuBar.ps1: line 299
at HandleKeyPress, /home/teej/ztest/module/Pmc.Strict/consoleui/widgets/PmcMenuBar.ps1: line 504
at HandleKeyPress, /home/teej/ztest/module/Pmc.Strict/consoleui/base/StandardListScreen.ps1: line 952
at HandleKeyPress, /home/teej/ztest/module/Pmc.Strict/consoleui/screens/TaskListScreen.ps1: line 1876
at Run, /home/teej/ztest/module/Pmc.Strict/consoleui/PmcApplication.ps1: line 413
at Start-PmcTUI, /home/teej/ztest/module/Pmc.Strict/consoleui/Start-PmcTUI.ps1: line 572
at <ScriptBlock>, /home/teej/ztest/start.ps1: line 38
[2025-12-19 09:22:27.696] [ERROR] Widget render error: Panel render failed: Cannot convert argument "fg", with value: "rounded", for "DrawBox" to type "System.Int32": "Cannot convert value "rounded" to type "System.Int32". Error: "The input string 'rounded' was not in a correct format.""
[2025-12-19 09:22:27.696] [ERROR] Stack: at RenderToEngine, /home/teej/ztest/module/Pmc.Strict/consoleui/widgets/PmcPanel.ps1: line 150
at RenderToEngine, /home/teej/ztest/module/Pmc.Strict/consoleui/PmcScreen.ps1: line 397
at RenderToEngine, /home/teej/ztest/module/Pmc.Strict/consoleui/base/StandardListScreen.ps1: line 217
at RenderToEngine, /home/teej/ztest/module/Pmc.Strict/consoleui/screens/TaskListScreen.ps1: line 1979
at _RenderCurrentScreen, /home/teej/ztest/module/Pmc.Strict/consoleui/PmcApplication.ps1: line 233
at Run, /home/teej/ztest/module/Pmc.Strict/consoleui/PmcApplication.ps1: line 457
at Start-PmcTUI, /home/teej/ztest/module/Pmc.Strict/consoleui/Start-PmcTUI.ps1: line 572
at <ScriptBlock>, /home/teej/ztest/start.ps1: line 38
[2025-12-19 09:22:27.697] [ERROR] TargetObject: 
[2025-12-19 09:22:27.697] [ERROR] InvocationInfo:             $engine.DrawBox($this.X, $this.Y, $this.Width, $this.Height, $this.BorderStyle, $borderColor, $bg)

