[2025-12-31 11:51:24.402] ServiceContainer: Registered 'Theme' (singleton=True)
[2025-12-31 11:51:24.406] ServiceContainer: Registered 'ThemeManager' (singleton=True)
[2025-12-31 11:51:24.407] ServiceContainer: Registered 'Config' (singleton=True)
[2025-12-31 11:51:24.408] ServiceContainer: Registered 'TaskStore' (singleton=True)
[2025-12-31 11:51:24.409] ServiceContainer: Registered 'MenuRegistry' (singleton=True)
[2025-12-31 11:51:24.409] ServiceContainer: Registered 'Application' (singleton=True)
[2025-12-31 11:51:24.410] ServiceContainer: Registered 'CommandService' (singleton=True)
[2025-12-31 11:51:24.411] ServiceContainer: Registered 'ChecklistService' (singleton=True)
[2025-12-31 11:51:24.412] ServiceContainer: Registered 'NoteService' (singleton=True)
[2025-12-31 11:51:24.413] ServiceContainer: Registered 'ExcelMappingService' (singleton=True)
[2025-12-31 11:51:24.414] ServiceContainer: Registered 'ExcelCopyService' (singleton=True)
[2025-12-31 11:51:24.415] ServiceContainer: Registered 'PreferencesService' (singleton=True)
[2025-12-31 11:51:24.416] ServiceContainer: Registered 'ExcelImportService' (singleton=True)
[2025-12-31 11:51:24.417] ServiceContainer: Registered 'TextExportService' (singleton=True)
[2025-12-31 11:51:24.417] ServiceContainer: Registered 'TaskListScreen' (singleton=False)
[2025-12-31 11:51:24.430] ServiceContainer: Resolving 'Application'...
[2025-12-31 11:51:24.432] ServiceContainer: Resolving 'Theme'...
[2025-12-31 11:51:24.538] ServiceContainer: Resolved 'Theme' successfully
[2025-12-31 11:51:24.606] ServiceContainer: Resolving 'ThemeManager'...
[2025-12-31 11:51:24.608] ServiceContainer: Resolved 'ThemeManager' successfully
[2025-12-31 11:51:24.620] ServiceContainer: Resolved 'Application' successfully
[2025-12-31 11:51:24.621] ServiceContainer: Resolving 'MenuRegistry'...
[2025-12-31 11:51:24.632] ServiceContainer: Resolved 'MenuRegistry' successfully
[2025-12-31 11:51:24.649] MenuRegistry: Loaded manifest with 16 entries
[2025-12-31 11:51:24.672] ServiceContainer: Registered 'ThemeEditorScreen' (singleton=False)
[2025-12-31 11:51:24.673] MenuRegistry: Registered 'Theme Editor' in 'Options' menu (hotkey=T order=10)
[2025-12-31 11:51:24.686] MenuRegistry: Registered 'Theme Editor' in 'Options' menu (hotkey=T order=10)
[2025-12-31 11:51:24.688] ServiceContainer: Registered 'ExcelProfileManagerScreen' (singleton=False)
[2025-12-31 11:51:24.689] MenuRegistry: Registered 'Excel Profiles' in 'Projects' menu (hotkey=M order=50)
[2025-12-31 11:51:24.691] MenuRegistry: Registered 'Excel Profiles' in 'Projects' menu (hotkey=M order=50)
[2025-12-31 11:51:24.692] ServiceContainer: Registered 'HelpViewScreen' (singleton=False)
[2025-12-31 11:51:24.693] MenuRegistry: Registered 'Help' in 'Help' menu (hotkey=H order=10)
[2025-12-31 11:51:24.703] MenuRegistry: Registered 'Help' in 'Help' menu (hotkey=H order=10)
[2025-12-31 11:51:24.704] ServiceContainer: Registered 'ChecklistTemplatesFolderScreen' (singleton=False)
[2025-12-31 11:51:24.705] MenuRegistry: Registered 'Checklist Templates' in 'Tools' menu (hotkey=H order=30)
[2025-12-31 11:51:24.706] MenuRegistry: Registered 'Checklist Templates' in 'Tools' menu (hotkey=H order=30)
[2025-12-31 11:51:24.708] ServiceContainer: Registered 'SettingsScreen' (singleton=False)
[2025-12-31 11:51:24.708] MenuRegistry: Registered 'Settings' in 'Options' menu (hotkey=S order=20)
[2025-12-31 11:51:24.709] MenuRegistry: Registered 'Settings' in 'Options' menu (hotkey=S order=20)
[2025-12-31 11:51:24.711] ServiceContainer: Registered 'ProjectListScreen' (singleton=False)
[2025-12-31 11:51:24.711] MenuRegistry: Registered 'Project List' in 'Projects' menu (hotkey=L order=10)
[2025-12-31 11:51:24.713] MenuRegistry: Registered 'Project List' in 'Projects' menu (hotkey=L order=10)
[2025-12-31 11:51:24.715] ServiceContainer: Registered 'CommandLibraryScreen' (singleton=False)
[2025-12-31 11:51:24.715] MenuRegistry: Registered 'Command Library' in 'Tools' menu (hotkey=L order=10)
[2025-12-31 11:51:24.717] MenuRegistry: Registered 'Command Library' in 'Tools' menu (hotkey=L order=10)
[2025-12-31 11:51:24.718] ServiceContainer: Registered 'WeeklyTimeReportScreen' (singleton=False)
[2025-12-31 11:51:24.719] MenuRegistry: Registered 'Weekly Report' in 'Time' menu (hotkey=W order=10)
[2025-12-31 11:51:24.720] MenuRegistry: Registered 'Weekly Report' in 'Time' menu (hotkey=W order=10)
[2025-12-31 11:51:24.722] ServiceContainer: Registered 'ChecklistsLauncherScreen' (singleton=False)
[2025-12-31 11:51:24.722] MenuRegistry: Registered 'Checklists' in 'Tools' menu (hotkey=C order=25)
[2025-12-31 11:51:24.724] MenuRegistry: Registered 'Checklists' in 'Tools' menu (hotkey=C order=25)
[2025-12-31 11:51:24.725] ServiceContainer: Registered 'TextExportProfileManagerScreen' (singleton=False)
[2025-12-31 11:51:24.726] MenuRegistry: Registered 'T2020 Export Profiles' in 'Tools' menu (hotkey=E order=45)
[2025-12-31 11:51:24.727] MenuRegistry: Registered 'T2020 Export Profiles' in 'Tools' menu (hotkey=E order=45)
[2025-12-31 11:51:24.728] ServiceContainer: Registered 'TimeReportScreen' (singleton=False)
[2025-12-31 11:51:24.729] MenuRegistry: Registered 'Time Report' in 'Time' menu (hotkey=R order=20)
[2025-12-31 11:51:24.730] MenuRegistry: Registered 'Time Report' in 'Time' menu (hotkey=R order=20)
[2025-12-31 11:51:24.731] ServiceContainer: Registered 'TaskListScreen_Default' (singleton=False)
[2025-12-31 11:51:24.732] MenuRegistry: Registered 'Task List' in 'Tasks' menu (hotkey=L order=5)
[2025-12-31 11:51:24.733] MenuRegistry: Registered 'Task List' in 'Tasks' menu (hotkey=L order=5)
[2025-12-31 11:51:24.735] ServiceContainer: Registered 'ExcelImportProfileManagerScreen' (singleton=False)
[2025-12-31 11:51:24.735] MenuRegistry: Registered 'Excel Import Profiles' in 'Tools' menu (hotkey=I order=40)
[2025-12-31 11:51:24.737] MenuRegistry: Registered 'Excel Import Profiles' in 'Tools' menu (hotkey=I order=40)
[2025-12-31 11:51:24.738] ServiceContainer: Registered 'NotesMenuScreen' (singleton=False)
[2025-12-31 11:51:24.739] MenuRegistry: Registered 'Notes' in 'Tools' menu (hotkey=N order=20)
[2025-12-31 11:51:24.740] MenuRegistry: Registered 'Notes' in 'Tools' menu (hotkey=N order=20)
[2025-12-31 11:51:24.741] ServiceContainer: Registered 'ExcelImportScreen' (singleton=False)
[2025-12-31 11:51:24.742] MenuRegistry: Registered 'Import from Excel' in 'Projects' menu (hotkey=I order=40)
[2025-12-31 11:51:24.744] MenuRegistry: Registered 'Import from Excel' in 'Projects' menu (hotkey=I order=40)
[2025-12-31 11:51:24.745] ServiceContainer: Registered 'TimeListScreen' (singleton=False)
[2025-12-31 11:51:24.746] MenuRegistry: Registered 'Time Tracking' in 'Time' menu (hotkey=T order=5)
[2025-12-31 11:51:24.747] MenuRegistry: Registered 'Time Tracking' in 'Time' menu (hotkey=T order=5)
[2025-12-31 11:51:24.768] ServiceContainer: Resolving 'TaskListScreen'...
[2025-12-31 11:51:24.770] ServiceContainer: Resolving 'TaskStore'...
[2025-12-31 11:51:25.120] ServiceContainer: Resolved 'TaskStore' successfully
[2025-12-31 11:51:25.910] _PopulateMenusFromRegistry: Menu 'Tasks' has 1 items from registry (array)
[2025-12-31 11:51:25.926] _PopulateMenusFromRegistry: Menu 'Options' has 2 items from registry (array)
[2025-12-31 11:51:25.930] _PopulateMenusFromRegistry: Menu 'Time' has 3 items from registry (array)
[2025-12-31 11:51:25.933] _PopulateMenusFromRegistry: Menu 'Tools' has 6 items from registry (array)
[2025-12-31 11:51:25.936] _PopulateMenusFromRegistry: Menu 'Projects' has 3 items from registry (array)
[2025-12-31 11:51:25.938] _PopulateMenusFromRegistry: Menu 'Help' has 1 items from registry (array)
[2025-12-31 11:51:25.940] ServiceContainer: Resolved 'TaskListScreen' successfully
