[2025-12-18 14:24:28.730] [INFO] Loading PMC module...
[2025-12-18 14:24:29.510] [INFO] PMC module loaded
[2025-12-18 14:24:29.511] [INFO] Loading dependencies (FieldSchemas, etc.)...
[2025-12-18 14:24:29.580] [INFO] Dependencies loaded
[2025-12-18 14:24:29.581] [INFO] Loading SpeedTUI framework...
[2025-12-18 14:24:30.448] [INFO] SpeedTUI framework loaded
[2025-12-18 14:24:30.449] [INFO] Loading PraxisVT...
[2025-12-18 14:24:30.450] [INFO] PraxisVT loaded
[2025-12-18 14:24:30.450] [INFO] Loading core dependencies...
[2025-12-18 14:24:30.475] [INFO] Core dependencies loaded
[2025-12-18 14:24:30.476] [INFO] Loading widget base classes...
[2025-12-18 14:24:30.511] [INFO] Widget base classes loaded
[2025-12-18 14:24:30.511] [INFO] Loading services...
[2025-12-18 14:24:30.585] [INFO] Services loaded
[2025-12-18 14:24:30.586] [INFO] Loading helpers...
[2025-12-18 14:24:30.681] [INFO] Helpers loaded
[2025-12-18 14:24:30.699] [INFO] Loading widgets...
[2025-12-18 14:24:30.959] [INFO] Widgets loaded
[2025-12-18 14:24:30.961] [INFO] Loading screen base class...
[2025-12-18 14:24:30.973] [INFO] Screen base class loaded
[2025-12-18 14:24:30.974] [INFO] Loading HelpViewScreen (needed by base classes)...
[2025-12-18 14:24:30.980] [INFO] HelpViewScreen loaded
[2025-12-18 14:24:30.986] [INFO] Loading base classes...
[2025-12-18 14:24:31.022] [INFO] Base classes loaded
[2025-12-18 14:24:31.023] [INFO] Loading ServiceContainer (needed by screens)...
[2025-12-18 14:24:31.028] [INFO] ServiceContainer loaded
[2025-12-18 14:24:31.029] [INFO] Loading remaining screens...
[2025-12-18 14:24:31.113] [INFO] Remaining screens loaded
[2025-12-18 14:24:31.114] [INFO] Loading PmcApplication...
[2025-12-18 14:24:31.124] [INFO] PmcApplication loaded
[2025-12-18 14:24:31.125] [INFO] All components loaded successfully
[2025-12-18 14:24:31.157] [INFO] Starting PMC TUI with screen: TaskList
[2025-12-18 14:24:31.162] [INFO] Cleared stale PmcSharedMenuBar and MenuRegistry singleton
[2025-12-18 14:24:31.163] [INFO] Creating ServiceContainer...
[2025-12-18 14:24:31.174] [INFO] ServiceContainer created
[2025-12-18 14:24:31.175] [INFO] Registering Theme service...
[2025-12-18 14:24:31.189] ServiceContainer: Registered 'Theme' (singleton=True)
[2025-12-18 14:24:31.192] [INFO] Registering ThemeManager...
[2025-12-18 14:24:31.192] ServiceContainer: Registered 'ThemeManager' (singleton=True)
[2025-12-18 14:24:31.193] [INFO] Registering Config service...
[2025-12-18 14:24:31.194] ServiceContainer: Registered 'Config' (singleton=True)
[2025-12-18 14:24:31.195] [INFO] Registering TaskStore service...
[2025-12-18 14:24:31.195] ServiceContainer: Registered 'TaskStore' (singleton=True)
[2025-12-18 14:24:31.196] [INFO] Registering MenuRegistry service...
[2025-12-18 14:24:31.197] ServiceContainer: Registered 'MenuRegistry' (singleton=True)
[2025-12-18 14:24:31.197] [INFO] Registering Application service...
[2025-12-18 14:24:31.198] ServiceContainer: Registered 'Application' (singleton=True)
[2025-12-18 14:24:31.199] [INFO] Registering CommandService...
[2025-12-18 14:24:31.199] ServiceContainer: Registered 'CommandService' (singleton=True)
[2025-12-18 14:24:31.200] [INFO] Registering ChecklistService...
[2025-12-18 14:24:31.201] ServiceContainer: Registered 'ChecklistService' (singleton=True)
[2025-12-18 14:24:31.201] [INFO] Registering NoteService...
[2025-12-18 14:24:31.202] ServiceContainer: Registered 'NoteService' (singleton=True)
[2025-12-18 14:24:31.203] [INFO] Registering ExcelMappingService...
[2025-12-18 14:24:31.203] ServiceContainer: Registered 'ExcelMappingService' (singleton=True)
[2025-12-18 14:24:31.204] [INFO] Registering PreferencesService...
[2025-12-18 14:24:31.205] ServiceContainer: Registered 'PreferencesService' (singleton=True)
[2025-12-18 14:24:31.205] [INFO] Registering screen factories...
[2025-12-18 14:24:31.206] ServiceContainer: Registered 'TaskListScreen' (singleton=False)
[2025-12-18 14:24:31.207] [INFO] Resolving Application from container...
[2025-12-18 14:24:31.218] ServiceContainer: Resolving 'Application'...
[2025-12-18 14:24:31.220] [INFO] Resolving Application...
[2025-12-18 14:24:31.221] ServiceContainer: Resolving 'Theme'...
[2025-12-18 14:24:31.223] [INFO] Resolving Theme: Calling Initialize-PmcThemeSystem...
[2025-12-18 14:24:31.310] [INFO] Theme initialized: #33aaff
[2025-12-18 14:24:31.312] ServiceContainer: Resolved 'Theme' successfully
[2025-12-18 14:24:31.374] ServiceContainer: Resolving 'ThemeManager'...
[2025-12-18 14:24:31.375] [INFO] Resolving ThemeManager...
[2025-12-18 14:24:31.377] ServiceContainer: Resolved 'ThemeManager' successfully
[2025-12-18 14:24:31.394] ServiceContainer: Resolved 'Application' successfully
[2025-12-18 14:24:31.394] [INFO] Application resolved and assigned to $global:PmcApp
[2025-12-18 14:24:31.395] [INFO] Loading menus from manifest...
[2025-12-18 14:24:31.396] ServiceContainer: Resolving 'MenuRegistry'...
[2025-12-18 14:24:31.397] [INFO] Resolving MenuRegistry...
[2025-12-18 14:24:31.406] ServiceContainer: Resolved 'MenuRegistry' successfully
[2025-12-18 14:24:31.421] MenuRegistry: Loaded manifest with 23 entries
[2025-12-18 14:24:31.438] ServiceContainer: Registered 'TaskListScreen_Default' (singleton=False)
[2025-12-18 14:24:31.438] MenuRegistry: Registered screen factory 'TaskListScreen_Default' in container (viewMode=)
[2025-12-18 14:24:31.450] MenuRegistry: Registered 'Task List' in 'Tasks' menu (hotkey=L order=5)
[2025-12-18 14:24:31.452] ServiceContainer: Registered 'ExcelProfileManagerScreen' (singleton=False)
[2025-12-18 14:24:31.452] MenuRegistry: Registered screen factory 'ExcelProfileManagerScreen' in container (viewMode=)
[2025-12-18 14:24:31.453] MenuRegistry: Registered 'Excel Profiles' in 'Projects' menu (hotkey=M order=50)
[2025-12-18 14:24:31.456] ServiceContainer: Registered 'TaskListScreen_Agenda' (singleton=False)
[2025-12-18 14:24:31.456] MenuRegistry: Registered screen factory 'TaskListScreen_Agenda' in container (viewMode=agenda)
[2025-12-18 14:24:31.457] MenuRegistry: Registered 'Agenda View' in 'Tasks' menu (hotkey=A order=50)
[2025-12-18 14:24:31.458] ServiceContainer: Registered 'ProjectListScreen' (singleton=False)
[2025-12-18 14:24:31.459] MenuRegistry: Registered screen factory 'ProjectListScreen' in container (viewMode=)
[2025-12-18 14:24:31.459] MenuRegistry: Registered 'Project List' in 'Projects' menu (hotkey=L order=10)
[2025-12-18 14:24:31.460] ServiceContainer: Registered 'TaskListScreen_NextActions' (singleton=False)
[2025-12-18 14:24:31.461] MenuRegistry: Registered screen factory 'TaskListScreen_NextActions' in container (viewMode=nextactions)
[2025-12-18 14:24:31.462] MenuRegistry: Registered 'Next Actions' in 'Tasks' menu (hotkey=N order=35)
[2025-12-18 14:24:31.463] ServiceContainer: Registered 'TaskListScreen_Upcoming' (singleton=False)
[2025-12-18 14:24:31.463] MenuRegistry: Registered screen factory 'TaskListScreen_Upcoming' in container (viewMode=upcoming)
[2025-12-18 14:24:31.464] MenuRegistry: Registered 'Upcoming' in 'Tasks' menu (hotkey=U order=25)
[2025-12-18 14:24:31.465] ServiceContainer: Registered 'TaskListScreen_Overdue' (singleton=False)
[2025-12-18 14:24:31.465] MenuRegistry: Registered screen factory 'TaskListScreen_Overdue' in container (viewMode=overdue)
[2025-12-18 14:24:31.466] MenuRegistry: Registered 'Overdue' in 'Tasks' menu (hotkey=O order=30)
[2025-12-18 14:24:31.467] ServiceContainer: Registered 'TaskListScreen_Today' (singleton=False)
[2025-12-18 14:24:31.468] MenuRegistry: Registered screen factory 'TaskListScreen_Today' in container (viewMode=today)
[2025-12-18 14:24:31.472] MenuRegistry: Registered 'Today' in 'Tasks' menu (hotkey=Y order=10)
[2025-12-18 14:24:31.473] ServiceContainer: Registered 'TimeReportScreen' (singleton=False)
[2025-12-18 14:24:31.474] MenuRegistry: Registered screen factory 'TimeReportScreen' in container (viewMode=)
[2025-12-18 14:24:31.474] MenuRegistry: Registered 'Time Report' in 'Time' menu (hotkey=R order=20)
[2025-12-18 14:24:31.475] ServiceContainer: Registered 'ChecklistTemplatesFolderScreen' (singleton=False)
[2025-12-18 14:24:31.476] MenuRegistry: Registered screen factory 'ChecklistTemplatesFolderScreen' in container (viewMode=)
[2025-12-18 14:24:31.477] MenuRegistry: Registered 'Checklist Templates' in 'Tools' menu (hotkey=H order=30)
[2025-12-18 14:24:31.478] ServiceContainer: Registered 'TaskListScreen_NoDate' (singleton=False)
[2025-12-18 14:24:31.478] MenuRegistry: Registered screen factory 'TaskListScreen_NoDate' in container (viewMode=noduedate)
[2025-12-18 14:24:31.479] MenuRegistry: Registered 'No Due Date' in 'Tasks' menu (hotkey=D order=40)
[2025-12-18 14:24:31.480] ServiceContainer: Registered 'TaskListScreen_Week' (singleton=False)
[2025-12-18 14:24:31.480] MenuRegistry: Registered screen factory 'TaskListScreen_Week' in container (viewMode=week)
[2025-12-18 14:24:31.481] MenuRegistry: Registered 'Week View' in 'Tasks' menu (hotkey=W order=20)
[2025-12-18 14:24:31.482] ServiceContainer: Registered 'TimeListScreen' (singleton=False)
[2025-12-18 14:24:31.483] MenuRegistry: Registered screen factory 'TimeListScreen' in container (viewMode=)
[2025-12-18 14:24:31.483] MenuRegistry: Registered 'Time Tracking' in 'Time' menu (hotkey=T order=5)
[2025-12-18 14:24:31.485] ServiceContainer: Registered 'TaskListScreen_Month' (singleton=False)
[2025-12-18 14:24:31.485] MenuRegistry: Registered screen factory 'TaskListScreen_Month' in container (viewMode=month)
[2025-12-18 14:24:31.486] MenuRegistry: Registered 'Month View' in 'Tasks' menu (hotkey=M order=45)
[2025-12-18 14:24:31.488] ServiceContainer: Registered 'SettingsScreen' (singleton=False)
[2025-12-18 14:24:31.488] MenuRegistry: Registered screen factory 'SettingsScreen' in container (viewMode=)
[2025-12-18 14:24:31.489] MenuRegistry: Registered 'Settings' in 'Options' menu (hotkey=S order=20)
[2025-12-18 14:24:31.490] ServiceContainer: Registered 'ThemeEditorScreen' (singleton=False)
[2025-12-18 14:24:31.491] MenuRegistry: Registered screen factory 'ThemeEditorScreen' in container (viewMode=)
[2025-12-18 14:24:31.492] MenuRegistry: Registered 'Theme Editor' in 'Options' menu (hotkey=T order=10)
[2025-12-18 14:24:31.494] ServiceContainer: Registered 'TaskListScreen_Tomorrow' (singleton=False)
[2025-12-18 14:24:31.495] MenuRegistry: Registered screen factory 'TaskListScreen_Tomorrow' in container (viewMode=tomorrow)
[2025-12-18 14:24:31.496] MenuRegistry: Registered 'Tomorrow' in 'Tasks' menu (hotkey=T order=15)
[2025-12-18 14:24:31.498] ServiceContainer: Registered 'WeeklyTimeReportScreen' (singleton=False)
[2025-12-18 14:24:31.499] MenuRegistry: Registered screen factory 'WeeklyTimeReportScreen' in container (viewMode=)
[2025-12-18 14:24:31.500] MenuRegistry: Registered 'Weekly Report' in 'Time' menu (hotkey=W order=10)
[2025-12-18 14:24:31.502] ServiceContainer: Registered 'ExcelImportScreen' (singleton=False)
[2025-12-18 14:24:31.503] MenuRegistry: Registered screen factory 'ExcelImportScreen' in container (viewMode=)
[2025-12-18 14:24:31.505] MenuRegistry: Registered 'Import from Excel' in 'Projects' menu (hotkey=I order=40)
[2025-12-18 14:24:31.507] ServiceContainer: Registered 'CommandLibraryScreen' (singleton=False)
[2025-12-18 14:24:31.508] MenuRegistry: Registered screen factory 'CommandLibraryScreen' in container (viewMode=)
[2025-12-18 14:24:31.509] MenuRegistry: Registered 'Command Library' in 'Tools' menu (hotkey=L order=10)
[2025-12-18 14:24:31.511] ServiceContainer: Registered 'ChecklistsLauncherScreen' (singleton=False)
[2025-12-18 14:24:31.513] MenuRegistry: Registered screen factory 'ChecklistsLauncherScreen' in container (viewMode=)
[2025-12-18 14:24:31.514] MenuRegistry: Registered 'Checklists' in 'Tools' menu (hotkey=C order=25)
[2025-12-18 14:24:31.515] ServiceContainer: Registered 'NotesMenuScreen' (singleton=False)
[2025-12-18 14:24:31.528] MenuRegistry: Registered screen factory 'NotesMenuScreen' in container (viewMode=)
[2025-12-18 14:24:31.529] MenuRegistry: Registered 'Notes' in 'Tools' menu (hotkey=N order=20)
[2025-12-18 14:24:31.530] ServiceContainer: Registered 'HelpViewScreen' (singleton=False)
[2025-12-18 14:24:31.531] MenuRegistry: Registered screen factory 'HelpViewScreen' in container (viewMode=)
[2025-12-18 14:24:31.532] MenuRegistry: Registered 'Help' in 'Help' menu (hotkey=H order=10)
[2025-12-18 14:24:31.532] [INFO] Menus loaded from /home/teej/ztest/module/Pmc.Strict/consoleui/screens/MenuItems.psd1
[2025-12-18 14:24:31.533] [INFO] Launching screen: TaskList
[2025-12-18 14:24:31.534] [INFO] Resolving TaskListScreen from container...
[2025-12-18 14:24:31.534] ServiceContainer: Resolving 'TaskListScreen'...
[2025-12-18 14:24:31.536] [INFO] Resolving TaskListScreen...
[2025-12-18 14:24:31.536] ServiceContainer: Resolving 'TaskStore'...
[2025-12-18 14:24:31.538] [INFO] Resolving TaskStore...
[2025-12-18 14:24:31.734] ServiceContainer: Resolved 'TaskStore' successfully
[2025-12-18 14:24:32.268] _PopulateMenusFromRegistry: Menu 'Projects' has 3 items from registry (array)
[2025-12-18 14:24:32.284] _PopulateMenusFromRegistry: Menu 'Tools' has 4 items from registry (array)
[2025-12-18 14:24:32.286] _PopulateMenusFromRegistry: Menu 'Options' has 2 items from registry (array)
[2025-12-18 14:24:32.290] _PopulateMenusFromRegistry: Menu 'Tasks' has 10 items from registry (array)
[2025-12-18 14:24:32.293] _PopulateMenusFromRegistry: Menu 'Help' has 1 items from registry (array)
[2025-12-18 14:24:32.295] _PopulateMenusFromRegistry: Menu 'Time' has 3 items from registry (array)
[2025-12-18 14:24:32.297] ServiceContainer: Resolved 'TaskListScreen' successfully
[2025-12-18 14:24:32.298] [INFO] Pushing screen to app...
[2025-12-18 14:24:32.601] [INFO] Screen pushed successfully
[2025-12-18 14:24:32.602] [INFO] Starting event loop...
[2025-12-18 14:24:37.972] ServiceContainer: Resolving 'ThemeEditorScreen'...
[2025-12-18 14:24:37.998] [ERROR] ServiceContainer: Failed to resolve 'ThemeEditorScreen': At /home/teej/ztest/module/Pmc.Strict/consoleui/screens/ThemeEditorScreen.ps1:272 char:9
+         }
+         ~
Unexpected token '}' in expression or statement.

At /home/teej/ztest/module/Pmc.Strict/consoleui/screens/ThemeEditorScreen.ps1:276 char:5
+     }
+     ~
Unexpected token '}' in expression or statement.

At /home/teej/ztest/module/Pmc.Strict/consoleui/screens/ThemeEditorScreen.ps1:278 char:30
+     hidden [void] _TestTheme() {
+                              ~
An expression was expected after '('.

At /home/teej/ztest/module/Pmc.Strict/consoleui/screens/ThemeEditorScreen.ps1:284 char:31
+     hidden [void] _ResetTheme() {
+                               ~
An expression was expected after '('.

At /home/teej/ztest/module/Pmc.Strict/consoleui/screens/ThemeEditorScreen.ps1:289 char:1
+ }
+ ~
Unexpected token '}' in expression or statement.
[2025-12-18 14:24:37.999] Stack trace: at <ScriptBlock>, /home/teej/ztest/module/Pmc.Strict/consoleui/services/MenuRegistry.ps1: line 242
at Resolve, /home/teej/ztest/module/Pmc.Strict/consoleui/ServiceContainer.ps1: line 130
at <ScriptBlock>, <No file>: line 1
at ExecuteSelectedItem, /home/teej/ztest/module/Pmc.Strict/consoleui/widgets/PmcMenuBar.ps1: line 299
at HandleKeyPress, /home/teej/ztest/module/Pmc.Strict/consoleui/widgets/PmcMenuBar.ps1: line 500
at HandleKeyPress, /home/teej/ztest/module/Pmc.Strict/consoleui/base/StandardListScreen.ps1: line 952
at HandleKeyPress, /home/teej/ztest/module/Pmc.Strict/consoleui/screens/TaskListScreen.ps1: line 1675
at Run, /home/teej/ztest/module/Pmc.Strict/consoleui/PmcApplication.ps1: line 413
at Start-PmcTUI, /home/teej/ztest/module/Pmc.Strict/consoleui/Start-PmcTUI.ps1: line 567
at <ScriptBlock>, /home/teej/ztest/start.ps1: line 38
[2025-12-18 14:24:45.660] [INFO] Event loop exited normally
[2025-12-18 14:24:45.661] [INFO] Cleanup - showing cursor and resetting terminal
