[2026-01-02 07:51:18.928] ServiceContainer: Registered 'Theme' (singleton=True)
[2026-01-02 07:51:18.934] ServiceContainer: Registered 'ThemeManager' (singleton=True)
[2026-01-02 07:51:18.935] ServiceContainer: Registered 'Config' (singleton=True)
[2026-01-02 07:51:18.937] ServiceContainer: Registered 'TaskStore' (singleton=True)
[2026-01-02 07:51:18.938] ServiceContainer: Registered 'MenuRegistry' (singleton=True)
[2026-01-02 07:51:18.940] ServiceContainer: Registered 'Application' (singleton=True)
[2026-01-02 07:51:18.941] ServiceContainer: Registered 'CommandService' (singleton=True)
[2026-01-02 07:51:18.943] ServiceContainer: Registered 'ChecklistService' (singleton=True)
[2026-01-02 07:51:18.944] ServiceContainer: Registered 'NoteService' (singleton=True)
[2026-01-02 07:51:18.945] ServiceContainer: Registered 'ExcelMappingService' (singleton=True)
[2026-01-02 07:51:18.947] ServiceContainer: Registered 'ExcelCopyService' (singleton=True)
[2026-01-02 07:51:18.948] ServiceContainer: Registered 'PreferencesService' (singleton=True)
[2026-01-02 07:51:18.950] ServiceContainer: Registered 'ExcelImportService' (singleton=True)
[2026-01-02 07:51:18.951] ServiceContainer: Registered 'TextExportService' (singleton=True)
[2026-01-02 07:51:18.952] ServiceContainer: Registered 'TaskListScreen' (singleton=False)
[2026-01-02 07:51:18.977] ServiceContainer: Resolving 'Application'...
[2026-01-02 07:51:18.980] ServiceContainer: Resolving 'Theme'...
[2026-01-02 07:51:19.281] ServiceContainer: Resolved 'Theme' successfully
[2026-01-02 07:51:19.412] ServiceContainer: Resolving 'ThemeManager'...
[2026-01-02 07:51:19.415] ServiceContainer: Resolved 'ThemeManager' successfully
[2026-01-02 07:51:19.434] ServiceContainer: Resolved 'Application' successfully
[2026-01-02 07:51:19.436] ServiceContainer: Resolving 'MenuRegistry'...
[2026-01-02 07:51:19.454] ServiceContainer: Resolved 'MenuRegistry' successfully
[2026-01-02 07:51:19.479] MenuRegistry: Loaded manifest with 16 entries
[2026-01-02 07:51:19.518] ServiceContainer: Registered 'ExcelImportProfileManagerScreen' (singleton=False)
[2026-01-02 07:51:19.519] MenuRegistry: Registered 'Excel Import Profiles' in 'Tools' menu (hotkey=I order=40)
[2026-01-02 07:51:19.541] MenuRegistry: Registered 'Excel Import Profiles' in 'Tools' menu (hotkey=I order=40)
[2026-01-02 07:51:19.544] ServiceContainer: Registered 'TextExportProfileManagerScreen' (singleton=False)
[2026-01-02 07:51:19.545] MenuRegistry: Registered 'T2020 Export Profiles' in 'Tools' menu (hotkey=E order=45)
[2026-01-02 07:51:19.548] MenuRegistry: Registered 'T2020 Export Profiles' in 'Tools' menu (hotkey=E order=45)
[2026-01-02 07:51:19.550] ServiceContainer: Registered 'ExcelImportScreen' (singleton=False)
[2026-01-02 07:51:19.551] MenuRegistry: Registered 'Import from Excel' in 'Projects' menu (hotkey=I order=40)
[2026-01-02 07:51:19.553] MenuRegistry: Registered 'Import from Excel' in 'Projects' menu (hotkey=I order=40)
[2026-01-02 07:51:19.555] ServiceContainer: Registered 'CommandLibraryScreen' (singleton=False)
[2026-01-02 07:51:19.556] MenuRegistry: Registered 'Command Library' in 'Tools' menu (hotkey=L order=10)
[2026-01-02 07:51:19.569] MenuRegistry: Registered 'Command Library' in 'Tools' menu (hotkey=L order=10)
[2026-01-02 07:51:19.572] ServiceContainer: Registered 'TaskListScreen_Default' (singleton=False)
[2026-01-02 07:51:19.573] MenuRegistry: Registered 'Task List' in 'Tasks' menu (hotkey=L order=5)
[2026-01-02 07:51:19.575] MenuRegistry: Registered 'Task List' in 'Tasks' menu (hotkey=L order=5)
[2026-01-02 07:51:19.577] ServiceContainer: Registered 'TimeReportScreen' (singleton=False)
[2026-01-02 07:51:19.578] MenuRegistry: Registered 'Time Report' in 'Time' menu (hotkey=R order=20)
[2026-01-02 07:51:19.580] MenuRegistry: Registered 'Time Report' in 'Time' menu (hotkey=R order=20)
[2026-01-02 07:51:19.582] ServiceContainer: Registered 'ChecklistsLauncherScreen' (singleton=False)
[2026-01-02 07:51:19.583] MenuRegistry: Registered 'Checklists' in 'Tools' menu (hotkey=C order=25)
[2026-01-02 07:51:19.585] MenuRegistry: Registered 'Checklists' in 'Tools' menu (hotkey=C order=25)
[2026-01-02 07:51:19.587] ServiceContainer: Registered 'ChecklistTemplatesFolderScreen' (singleton=False)
[2026-01-02 07:51:19.589] MenuRegistry: Registered 'Checklist Templates' in 'Tools' menu (hotkey=H order=30)
[2026-01-02 07:51:19.590] MenuRegistry: Registered 'Checklist Templates' in 'Tools' menu (hotkey=H order=30)
[2026-01-02 07:51:19.593] ServiceContainer: Registered 'ThemeEditorScreen' (singleton=False)
[2026-01-02 07:51:19.594] MenuRegistry: Registered 'Theme Editor' in 'Options' menu (hotkey=T order=10)
[2026-01-02 07:51:19.596] MenuRegistry: Registered 'Theme Editor' in 'Options' menu (hotkey=T order=10)
[2026-01-02 07:51:19.598] ServiceContainer: Registered 'WeeklyTimeReportScreen' (singleton=False)
[2026-01-02 07:51:19.599] MenuRegistry: Registered 'Weekly Report' in 'Time' menu (hotkey=W order=10)
[2026-01-02 07:51:19.601] MenuRegistry: Registered 'Weekly Report' in 'Time' menu (hotkey=W order=10)
[2026-01-02 07:51:19.603] ServiceContainer: Registered 'SettingsScreen' (singleton=False)
[2026-01-02 07:51:19.605] MenuRegistry: Registered 'Settings' in 'Options' menu (hotkey=S order=20)
[2026-01-02 07:51:19.607] MenuRegistry: Registered 'Settings' in 'Options' menu (hotkey=S order=20)
[2026-01-02 07:51:19.608] ServiceContainer: Registered 'ExcelProfileManagerScreen' (singleton=False)
[2026-01-02 07:51:19.609] MenuRegistry: Registered 'Excel Profiles' in 'Projects' menu (hotkey=M order=50)
[2026-01-02 07:51:19.611] MenuRegistry: Registered 'Excel Profiles' in 'Projects' menu (hotkey=M order=50)
[2026-01-02 07:51:19.613] ServiceContainer: Registered 'NotesMenuScreen' (singleton=False)
[2026-01-02 07:51:19.615] MenuRegistry: Registered 'Notes' in 'Tools' menu (hotkey=N order=20)
[2026-01-02 07:51:19.617] MenuRegistry: Registered 'Notes' in 'Tools' menu (hotkey=N order=20)
[2026-01-02 07:51:19.619] ServiceContainer: Registered 'HelpViewScreen' (singleton=False)
[2026-01-02 07:51:19.620] MenuRegistry: Registered 'Help' in 'Help' menu (hotkey=H order=10)
[2026-01-02 07:51:19.622] MenuRegistry: Registered 'Help' in 'Help' menu (hotkey=H order=10)
[2026-01-02 07:51:19.624] ServiceContainer: Registered 'TimeListScreen' (singleton=False)
[2026-01-02 07:51:19.625] MenuRegistry: Registered 'Time Tracking' in 'Time' menu (hotkey=T order=5)
[2026-01-02 07:51:19.627] MenuRegistry: Registered 'Time Tracking' in 'Time' menu (hotkey=T order=5)
[2026-01-02 07:51:19.629] ServiceContainer: Registered 'ProjectListScreen' (singleton=False)
[2026-01-02 07:51:19.630] MenuRegistry: Registered 'Project List' in 'Projects' menu (hotkey=L order=10)
[2026-01-02 07:51:19.632] MenuRegistry: Registered 'Project List' in 'Projects' menu (hotkey=L order=10)
[2026-01-02 07:51:19.635] ServiceContainer: Resolving 'TaskListScreen'...
[2026-01-02 07:51:19.638] ServiceContainer: Resolving 'TaskStore'...
[2026-01-02 07:51:19.798] ServiceContainer: Resolved 'TaskStore' successfully
[2026-01-02 07:51:20.999] _PopulateMenusFromRegistry: Menu 'Tools' has 6 items from registry (array)
[2026-01-02 07:51:21.028] _PopulateMenusFromRegistry: Menu 'Tasks' has 1 items from registry (array)
[2026-01-02 07:51:21.032] _PopulateMenusFromRegistry: Menu 'Projects' has 3 items from registry (array)
[2026-01-02 07:51:21.036] _PopulateMenusFromRegistry: Menu 'Time' has 3 items from registry (array)
[2026-01-02 07:51:21.040] _PopulateMenusFromRegistry: Menu 'Options' has 2 items from registry (array)
[2026-01-02 07:51:21.043] _PopulateMenusFromRegistry: Menu 'Help' has 1 items from registry (array)
[2026-01-02 07:51:21.046] ServiceContainer: Resolved 'TaskListScreen' successfully
[2026-01-02 07:51:27.691] ServiceContainer: Resolving 'NotesMenuScreen'...
[2026-01-02 07:51:27.867] ServiceContainer: Resolved 'NotesMenuScreen' successfully
