[2025-12-19 08:18:53.815] [INFO] Loading PMC module...
[2025-12-19 08:18:54.747] [INFO] PMC module loaded
[2025-12-19 08:18:54.748] [INFO] Loading dependencies (FieldSchemas, etc.)...
[2025-12-19 08:18:54.846] [INFO] Dependencies loaded
[2025-12-19 08:18:54.847] [INFO] Loading SpeedTUI framework...
[2025-12-19 08:18:55.931] [INFO] SpeedTUI framework loaded
[2025-12-19 08:18:55.932] [INFO] Loading PraxisVT...
[2025-12-19 08:18:55.933] [INFO] PraxisVT loaded
[2025-12-19 08:18:55.934] [INFO] Loading core dependencies...
[2025-12-19 08:18:55.966] [INFO] Core dependencies loaded
[2025-12-19 08:18:55.967] [INFO] Loading widget base classes...
[2025-12-19 08:18:56.005] [INFO] Widget base classes loaded
[2025-12-19 08:18:56.006] [INFO] Loading services...
[2025-12-19 08:18:56.076] [INFO] Services loaded
[2025-12-19 08:18:56.077] [INFO] Loading helpers...
[2025-12-19 08:18:56.222] [INFO] Helpers loaded
[2025-12-19 08:18:56.223] [INFO] Loading widgets...
[2025-12-19 08:18:56.500] [INFO] Widgets loaded
[2025-12-19 08:18:56.501] [INFO] Loading screen base class...
[2025-12-19 08:18:56.512] [INFO] Screen base class loaded
[2025-12-19 08:18:56.514] [INFO] Loading HelpViewScreen (needed by base classes)...
[2025-12-19 08:18:56.519] [INFO] HelpViewScreen loaded
[2025-12-19 08:18:56.520] [INFO] Loading base classes...
[2025-12-19 08:18:56.577] [INFO] Base classes loaded
[2025-12-19 08:18:56.578] [INFO] Loading ServiceContainer (needed by screens)...
[2025-12-19 08:18:56.582] [INFO] ServiceContainer loaded
[2025-12-19 08:18:56.583] [INFO] Loading remaining screens...
[2025-12-19 08:18:56.658] [INFO] Remaining screens loaded
[2025-12-19 08:18:56.659] [INFO] Loading PmcApplication...
[2025-12-19 08:18:56.670] [INFO] PmcApplication loaded
[2025-12-19 08:18:56.671] [INFO] All components loaded successfully
[2025-12-19 08:18:56.687] [INFO] Starting PMC TUI with screen: TaskList
[2025-12-19 08:18:56.693] [INFO] Cleared stale PmcSharedMenuBar and MenuRegistry singleton
[2025-12-19 08:18:56.700] [INFO] Creating ServiceContainer...
[2025-12-19 08:18:56.707] [INFO] ServiceContainer created
[2025-12-19 08:18:56.708] [INFO] Registering Theme service...
[2025-12-19 08:18:56.723] ServiceContainer: Registered 'Theme' (singleton=True)
[2025-12-19 08:18:56.726] [INFO] Registering ThemeManager...
[2025-12-19 08:18:56.726] ServiceContainer: Registered 'ThemeManager' (singleton=True)
[2025-12-19 08:18:56.727] [INFO] Registering Config service...
[2025-12-19 08:18:56.728] ServiceContainer: Registered 'Config' (singleton=True)
[2025-12-19 08:18:56.729] [INFO] Registering TaskStore service...
[2025-12-19 08:18:56.730] ServiceContainer: Registered 'TaskStore' (singleton=True)
[2025-12-19 08:18:56.731] [INFO] Registering MenuRegistry service...
[2025-12-19 08:18:56.732] ServiceContainer: Registered 'MenuRegistry' (singleton=True)
[2025-12-19 08:18:56.733] [INFO] Registering Application service...
[2025-12-19 08:18:56.733] ServiceContainer: Registered 'Application' (singleton=True)
[2025-12-19 08:18:56.734] [INFO] Registering CommandService...
[2025-12-19 08:18:56.735] ServiceContainer: Registered 'CommandService' (singleton=True)
[2025-12-19 08:18:56.736] [INFO] Registering ChecklistService...
[2025-12-19 08:18:56.737] ServiceContainer: Registered 'ChecklistService' (singleton=True)
[2025-12-19 08:18:56.738] [INFO] Registering NoteService...
[2025-12-19 08:18:56.738] ServiceContainer: Registered 'NoteService' (singleton=True)
[2025-12-19 08:18:56.739] [INFO] Registering ExcelMappingService...
[2025-12-19 08:18:56.740] ServiceContainer: Registered 'ExcelMappingService' (singleton=True)
[2025-12-19 08:18:56.741] [INFO] Registering PreferencesService...
[2025-12-19 08:18:56.742] ServiceContainer: Registered 'PreferencesService' (singleton=True)
[2025-12-19 08:18:56.743] [INFO] Registering screen factories...
[2025-12-19 08:18:56.744] ServiceContainer: Registered 'TaskListScreen' (singleton=False)
[2025-12-19 08:18:56.745] [INFO] Resolving Application from container...
[2025-12-19 08:18:56.759] ServiceContainer: Resolving 'Application'...
[2025-12-19 08:18:56.761] [INFO] Resolving Application...
[2025-12-19 08:18:56.762] ServiceContainer: Resolving 'Theme'...
[2025-12-19 08:18:56.765] [INFO] Resolving Theme: Resetting singletons and initializing...
[2025-12-19 08:18:56.898] [INFO] Theme initialized: #ff00ff
[2025-12-19 08:18:56.901] ServiceContainer: Resolved 'Theme' successfully
[2025-12-19 08:18:56.978] ServiceContainer: Resolving 'ThemeManager'...
[2025-12-19 08:18:56.979] [INFO] Resolving ThemeManager...
[2025-12-19 08:18:56.981] ServiceContainer: Resolved 'ThemeManager' successfully
[2025-12-19 08:18:56.991] ServiceContainer: Resolved 'Application' successfully
[2025-12-19 08:18:56.992] [INFO] Application resolved and assigned to $global:PmcApp
[2025-12-19 08:18:56.993] [INFO] Loading menus from manifest...
[2025-12-19 08:18:56.994] ServiceContainer: Resolving 'MenuRegistry'...
[2025-12-19 08:18:56.995] [INFO] Resolving MenuRegistry...
[2025-12-19 08:18:57.005] ServiceContainer: Resolved 'MenuRegistry' successfully
[2025-12-19 08:18:57.023] MenuRegistry: Loaded manifest with 23 entries
[2025-12-19 08:18:57.046] ServiceContainer: Registered 'CommandLibraryScreen' (singleton=False)
[2025-12-19 08:18:57.047] MenuRegistry: Registered screen factory 'CommandLibraryScreen' in container (viewMode=)
[2025-12-19 08:18:57.061] MenuRegistry: Registered 'Command Library' in 'Tools' menu (hotkey=L order=10)
[2025-12-19 08:18:57.065] ServiceContainer: Registered 'TaskListScreen_Agenda' (singleton=False)
[2025-12-19 08:18:57.066] MenuRegistry: Registered screen factory 'TaskListScreen_Agenda' in container (viewMode=agenda)
[2025-12-19 08:18:57.067] MenuRegistry: Registered 'Agenda View' in 'Tasks' menu (hotkey=A order=50)
[2025-12-19 08:18:57.069] ServiceContainer: Registered 'ProjectListScreen' (singleton=False)
[2025-12-19 08:18:57.070] MenuRegistry: Registered screen factory 'ProjectListScreen' in container (viewMode=)
[2025-12-19 08:18:57.071] MenuRegistry: Registered 'Project List' in 'Projects' menu (hotkey=L order=10)
[2025-12-19 08:18:57.073] ServiceContainer: Registered 'ChecklistTemplatesFolderScreen' (singleton=False)
[2025-12-19 08:18:57.074] MenuRegistry: Registered screen factory 'ChecklistTemplatesFolderScreen' in container (viewMode=)
[2025-12-19 08:18:57.075] MenuRegistry: Registered 'Checklist Templates' in 'Tools' menu (hotkey=H order=30)
[2025-12-19 08:18:57.076] ServiceContainer: Registered 'ExcelImportScreen' (singleton=False)
[2025-12-19 08:18:57.077] MenuRegistry: Registered screen factory 'ExcelImportScreen' in container (viewMode=)
[2025-12-19 08:18:57.078] MenuRegistry: Registered 'Import from Excel' in 'Projects' menu (hotkey=I order=40)
[2025-12-19 08:18:57.080] ServiceContainer: Registered 'TimeListScreen' (singleton=False)
[2025-12-19 08:18:57.086] MenuRegistry: Registered screen factory 'TimeListScreen' in container (viewMode=)
[2025-12-19 08:18:57.087] MenuRegistry: Registered 'Time Tracking' in 'Time' menu (hotkey=T order=5)
[2025-12-19 08:18:57.089] ServiceContainer: Registered 'TaskListScreen_NoDate' (singleton=False)
[2025-12-19 08:18:57.090] MenuRegistry: Registered screen factory 'TaskListScreen_NoDate' in container (viewMode=noduedate)
[2025-12-19 08:18:57.091] MenuRegistry: Registered 'No Due Date' in 'Tasks' menu (hotkey=D order=40)
[2025-12-19 08:18:57.093] ServiceContainer: Registered 'ExcelProfileManagerScreen' (singleton=False)
[2025-12-19 08:18:57.093] MenuRegistry: Registered screen factory 'ExcelProfileManagerScreen' in container (viewMode=)
[2025-12-19 08:18:57.095] MenuRegistry: Registered 'Excel Profiles' in 'Projects' menu (hotkey=M order=50)
[2025-12-19 08:18:57.096] ServiceContainer: Registered 'ChecklistsLauncherScreen' (singleton=False)
[2025-12-19 08:18:57.097] MenuRegistry: Registered screen factory 'ChecklistsLauncherScreen' in container (viewMode=)
[2025-12-19 08:18:57.098] MenuRegistry: Registered 'Checklists' in 'Tools' menu (hotkey=C order=25)
[2025-12-19 08:18:57.100] ServiceContainer: Registered 'TaskListScreen_Upcoming' (singleton=False)
[2025-12-19 08:18:57.101] MenuRegistry: Registered screen factory 'TaskListScreen_Upcoming' in container (viewMode=upcoming)
[2025-12-19 08:18:57.102] MenuRegistry: Registered 'Upcoming' in 'Tasks' menu (hotkey=U order=25)
[2025-12-19 08:18:57.103] ServiceContainer: Registered 'SettingsScreen' (singleton=False)
[2025-12-19 08:18:57.104] MenuRegistry: Registered screen factory 'SettingsScreen' in container (viewMode=)
[2025-12-19 08:18:57.106] MenuRegistry: Registered 'Settings' in 'Options' menu (hotkey=S order=20)
[2025-12-19 08:18:57.107] ServiceContainer: Registered 'TaskListScreen_Today' (singleton=False)
[2025-12-19 08:18:57.108] MenuRegistry: Registered screen factory 'TaskListScreen_Today' in container (viewMode=today)
[2025-12-19 08:18:57.109] MenuRegistry: Registered 'Today' in 'Tasks' menu (hotkey=Y order=10)
[2025-12-19 08:18:57.111] ServiceContainer: Registered 'NotesMenuScreen' (singleton=False)
[2025-12-19 08:18:57.112] MenuRegistry: Registered screen factory 'NotesMenuScreen' in container (viewMode=)
[2025-12-19 08:18:57.113] MenuRegistry: Registered 'Notes' in 'Tools' menu (hotkey=N order=20)
[2025-12-19 08:18:57.114] ServiceContainer: Registered 'TimeReportScreen' (singleton=False)
[2025-12-19 08:18:57.115] MenuRegistry: Registered screen factory 'TimeReportScreen' in container (viewMode=)
[2025-12-19 08:18:57.116] MenuRegistry: Registered 'Time Report' in 'Time' menu (hotkey=R order=20)
[2025-12-19 08:18:57.118] ServiceContainer: Registered 'TaskListScreen_Default' (singleton=False)
[2025-12-19 08:18:57.119] MenuRegistry: Registered screen factory 'TaskListScreen_Default' in container (viewMode=)
[2025-12-19 08:18:57.120] MenuRegistry: Registered 'Task List' in 'Tasks' menu (hotkey=L order=5)
[2025-12-19 08:18:57.122] ServiceContainer: Registered 'TaskListScreen_Overdue' (singleton=False)
[2025-12-19 08:18:57.123] MenuRegistry: Registered screen factory 'TaskListScreen_Overdue' in container (viewMode=overdue)
[2025-12-19 08:18:57.125] MenuRegistry: Registered 'Overdue' in 'Tasks' menu (hotkey=O order=30)
[2025-12-19 08:18:57.126] ServiceContainer: Registered 'HelpViewScreen' (singleton=False)
[2025-12-19 08:18:57.127] MenuRegistry: Registered screen factory 'HelpViewScreen' in container (viewMode=)
[2025-12-19 08:18:57.129] MenuRegistry: Registered 'Help' in 'Help' menu (hotkey=H order=10)
[2025-12-19 08:18:57.130] ServiceContainer: Registered 'WeeklyTimeReportScreen' (singleton=False)
[2025-12-19 08:18:57.131] MenuRegistry: Registered screen factory 'WeeklyTimeReportScreen' in container (viewMode=)
[2025-12-19 08:18:57.133] MenuRegistry: Registered 'Weekly Report' in 'Time' menu (hotkey=W order=10)
[2025-12-19 08:18:57.135] ServiceContainer: Registered 'TaskListScreen_Tomorrow' (singleton=False)
[2025-12-19 08:18:57.137] MenuRegistry: Registered screen factory 'TaskListScreen_Tomorrow' in container (viewMode=tomorrow)
[2025-12-19 08:18:57.138] MenuRegistry: Registered 'Tomorrow' in 'Tasks' menu (hotkey=T order=15)
[2025-12-19 08:18:57.140] ServiceContainer: Registered 'TaskListScreen_Week' (singleton=False)
[2025-12-19 08:18:57.150] MenuRegistry: Registered screen factory 'TaskListScreen_Week' in container (viewMode=week)
[2025-12-19 08:18:57.151] MenuRegistry: Registered 'Week View' in 'Tasks' menu (hotkey=W order=20)
[2025-12-19 08:18:57.153] ServiceContainer: Registered 'TaskListScreen_NextActions' (singleton=False)
[2025-12-19 08:18:57.154] MenuRegistry: Registered screen factory 'TaskListScreen_NextActions' in container (viewMode=nextactions)
[2025-12-19 08:18:57.155] MenuRegistry: Registered 'Next Actions' in 'Tasks' menu (hotkey=N order=35)
[2025-12-19 08:18:57.157] ServiceContainer: Registered 'TaskListScreen_Month' (singleton=False)
[2025-12-19 08:18:57.158] MenuRegistry: Registered screen factory 'TaskListScreen_Month' in container (viewMode=month)
[2025-12-19 08:18:57.160] MenuRegistry: Registered 'Month View' in 'Tasks' menu (hotkey=M order=45)
[2025-12-19 08:18:57.162] ServiceContainer: Registered 'ThemeEditorScreen' (singleton=False)
[2025-12-19 08:18:57.163] MenuRegistry: Registered screen factory 'ThemeEditorScreen' in container (viewMode=)
[2025-12-19 08:18:57.164] MenuRegistry: Registered 'Theme Editor' in 'Options' menu (hotkey=T order=10)
[2025-12-19 08:18:57.166] [INFO] Menus loaded from /home/teej/ztest/module/Pmc.Strict/consoleui/screens/MenuItems.psd1
[2025-12-19 08:18:57.167] [INFO] Launching screen: TaskList
[2025-12-19 08:18:57.168] [INFO] Resolving TaskListScreen from container...
[2025-12-19 08:18:57.169] ServiceContainer: Resolving 'TaskListScreen'...
[2025-12-19 08:18:57.172] [INFO] Resolving TaskListScreen...
[2025-12-19 08:18:57.173] ServiceContainer: Resolving 'TaskStore'...
[2025-12-19 08:18:57.176] [INFO] Resolving TaskStore...
[2025-12-19 08:18:57.489] ServiceContainer: Resolved 'TaskStore' successfully
[2025-12-19 08:18:58.122] _PopulateMenusFromRegistry: Menu 'Help' has 1 items from registry (array)
[2025-12-19 08:18:58.137] _PopulateMenusFromRegistry: Menu 'Projects' has 3 items from registry (array)
[2025-12-19 08:18:58.140] _PopulateMenusFromRegistry: Menu 'Options' has 2 items from registry (array)
[2025-12-19 08:18:58.143] _PopulateMenusFromRegistry: Menu 'Tools' has 4 items from registry (array)
[2025-12-19 08:18:58.148] _PopulateMenusFromRegistry: Menu 'Tasks' has 10 items from registry (array)
[2025-12-19 08:18:58.152] _PopulateMenusFromRegistry: Menu 'Time' has 3 items from registry (array)
[2025-12-19 08:18:58.154] ServiceContainer: Resolved 'TaskListScreen' successfully
[2025-12-19 08:18:58.156] [INFO] Pushing screen to app...
