[2026-01-10 22:20:43.573] ServiceContainer: Registered 'Theme' (singleton=True)
[2026-01-10 22:20:43.576] ServiceContainer: Registered 'ThemeManager' (singleton=True)
[2026-01-10 22:20:43.577] ServiceContainer: Registered 'Config' (singleton=True)
[2026-01-10 22:20:43.578] ServiceContainer: Registered 'TaskStore' (singleton=True)
[2026-01-10 22:20:43.579] ServiceContainer: Registered 'MenuRegistry' (singleton=True)
[2026-01-10 22:20:43.580] ServiceContainer: Registered 'Application' (singleton=True)
[2026-01-10 22:20:43.581] ServiceContainer: Registered 'CommandService' (singleton=True)
[2026-01-10 22:20:43.581] ServiceContainer: Registered 'ChecklistService' (singleton=True)
[2026-01-10 22:20:43.582] ServiceContainer: Registered 'NoteService' (singleton=True)
[2026-01-10 22:20:43.583] ServiceContainer: Registered 'ExcelMappingService' (singleton=True)
[2026-01-10 22:20:43.584] ServiceContainer: Registered 'ExcelCopyService' (singleton=True)
[2026-01-10 22:20:43.585] ServiceContainer: Registered 'PreferencesService' (singleton=True)
[2026-01-10 22:20:43.586] ServiceContainer: Registered 'ExcelImportService' (singleton=True)
[2026-01-10 22:20:43.587] ServiceContainer: Registered 'TextExportService' (singleton=True)
[2026-01-10 22:20:43.587] ServiceContainer: Registered 'TaskListScreen' (singleton=False)
[2026-01-10 22:20:43.605] ServiceContainer: Resolving 'Application'...
[2026-01-10 22:20:43.607] ServiceContainer: Resolving 'Theme'...
[2026-01-10 22:20:43.839] ServiceContainer: Resolved 'Theme' successfully
[2026-01-10 22:20:43.922] ServiceContainer: Resolving 'ThemeManager'...
[2026-01-10 22:20:43.923] ServiceContainer: Resolved 'ThemeManager' successfully
[2026-01-10 22:20:43.935] ServiceContainer: Resolved 'Application' successfully
[2026-01-10 22:20:43.936] ServiceContainer: Resolving 'MenuRegistry'...
[2026-01-10 22:20:43.947] ServiceContainer: Resolved 'MenuRegistry' successfully
[2026-01-10 22:20:43.968] MenuRegistry: Loaded manifest with 17 entries
[2026-01-10 22:20:43.991] ServiceContainer: Registered 'TimeReportScreen' (singleton=False)
[2026-01-10 22:20:44.000] MenuRegistry: Registered 'Time Report' in 'Time' menu (hotkey=R order=20)
[2026-01-10 22:20:44.013] MenuRegistry: Registered 'Time Report' in 'Time' menu (hotkey=R order=20)
[2026-01-10 22:20:44.015] ServiceContainer: Registered 'TextExportProfileManagerScreen' (singleton=False)
[2026-01-10 22:20:44.015] MenuRegistry: Registered 'T2020 Export Profiles' in 'Tools' menu (hotkey=E order=45)
[2026-01-10 22:20:44.017] MenuRegistry: Registered 'T2020 Export Profiles' in 'Tools' menu (hotkey=E order=45)
[2026-01-10 22:20:44.018] ServiceContainer: Registered 'ProjectListScreen' (singleton=False)
[2026-01-10 22:20:44.019] MenuRegistry: Registered 'Project List' in 'Projects' menu (hotkey=L order=10)
[2026-01-10 22:20:44.020] MenuRegistry: Registered 'Project List' in 'Projects' menu (hotkey=L order=10)
[2026-01-10 22:20:44.021] ServiceContainer: Registered 'NotesMenuScreen' (singleton=False)
[2026-01-10 22:20:44.022] MenuRegistry: Registered 'Notes' in 'Tools' menu (hotkey=N order=20)
[2026-01-10 22:20:44.023] MenuRegistry: Registered 'Notes' in 'Tools' menu (hotkey=N order=20)
[2026-01-10 22:20:44.024] ServiceContainer: Registered 'ExcelImportProfileManagerScreen' (singleton=False)
[2026-01-10 22:20:44.025] MenuRegistry: Registered 'Excel Import Profiles' in 'Tools' menu (hotkey=I order=40)
[2026-01-10 22:20:44.026] MenuRegistry: Registered 'Excel Import Profiles' in 'Tools' menu (hotkey=I order=40)
[2026-01-10 22:20:44.028] ServiceContainer: Registered 'CommandLibraryScreen' (singleton=False)
[2026-01-10 22:20:44.028] MenuRegistry: Registered 'Command Library' in 'Tools' menu (hotkey=L order=10)
[2026-01-10 22:20:44.029] MenuRegistry: Registered 'Command Library' in 'Tools' menu (hotkey=L order=10)
[2026-01-10 22:20:44.031] ServiceContainer: Registered 'HelpViewScreen' (singleton=False)
[2026-01-10 22:20:44.031] MenuRegistry: Registered 'Help' in 'Help' menu (hotkey=H order=10)
[2026-01-10 22:20:44.033] MenuRegistry: Registered 'Help' in 'Help' menu (hotkey=H order=10)
[2026-01-10 22:20:44.034] ServiceContainer: Registered 'ExcelProfileManagerScreen' (singleton=False)
[2026-01-10 22:20:44.035] MenuRegistry: Registered 'Excel Profiles' in 'Projects' menu (hotkey=M order=50)
[2026-01-10 22:20:44.036] MenuRegistry: Registered 'Excel Profiles' in 'Projects' menu (hotkey=M order=50)
[2026-01-10 22:20:44.037] ServiceContainer: Registered 'ThemeEditorScreen' (singleton=False)
[2026-01-10 22:20:44.038] MenuRegistry: Registered 'Theme Editor' in 'Options' menu (hotkey=T order=10)
[2026-01-10 22:20:44.039] MenuRegistry: Registered 'Theme Editor' in 'Options' menu (hotkey=T order=10)
[2026-01-10 22:20:44.040] ServiceContainer: Registered 'ChecklistsLauncherScreen' (singleton=False)
[2026-01-10 22:20:44.041] MenuRegistry: Registered 'Checklists' in 'Tools' menu (hotkey=C order=25)
[2026-01-10 22:20:44.042] MenuRegistry: Registered 'Checklists' in 'Tools' menu (hotkey=C order=25)
[2026-01-10 22:20:44.043] ServiceContainer: Registered 'TaskListScreen_Default' (singleton=False)
[2026-01-10 22:20:44.044] MenuRegistry: Registered 'Task List' in 'Tasks' menu (hotkey=L order=5)
[2026-01-10 22:20:44.045] MenuRegistry: Registered 'Task List' in 'Tasks' menu (hotkey=L order=5)
[2026-01-10 22:20:44.046] ServiceContainer: Registered 'CalendarScreen' (singleton=False)
[2026-01-10 22:20:44.047] MenuRegistry: Registered 'Calendar' in 'Tools' menu (hotkey=A order=50)
[2026-01-10 22:20:44.048] MenuRegistry: Registered 'Calendar' in 'Tools' menu (hotkey=A order=50)
[2026-01-10 22:20:44.049] ServiceContainer: Registered 'TimeListScreen' (singleton=False)
[2026-01-10 22:20:44.050] MenuRegistry: Registered 'Time Tracking' in 'Time' menu (hotkey=T order=5)
[2026-01-10 22:20:44.051] MenuRegistry: Registered 'Time Tracking' in 'Time' menu (hotkey=T order=5)
[2026-01-10 22:20:44.073] ServiceContainer: Registered 'WeeklyTimeReportScreen' (singleton=False)
[2026-01-10 22:20:44.074] MenuRegistry: Registered 'Weekly Report' in 'Time' menu (hotkey=W order=10)
[2026-01-10 22:20:44.075] MenuRegistry: Registered 'Weekly Report' in 'Time' menu (hotkey=W order=10)
[2026-01-10 22:20:44.077] ServiceContainer: Registered 'ExcelImportScreen' (singleton=False)
[2026-01-10 22:20:44.077] MenuRegistry: Registered 'Import from Excel' in 'Projects' menu (hotkey=I order=40)
[2026-01-10 22:20:44.079] MenuRegistry: Registered 'Import from Excel' in 'Projects' menu (hotkey=I order=40)
[2026-01-10 22:20:44.080] ServiceContainer: Registered 'ChecklistTemplatesFolderScreen' (singleton=False)
[2026-01-10 22:20:44.081] MenuRegistry: Registered 'Checklist Templates' in 'Tools' menu (hotkey=H order=30)
[2026-01-10 22:20:44.082] MenuRegistry: Registered 'Checklist Templates' in 'Tools' menu (hotkey=H order=30)
[2026-01-10 22:20:44.083] ServiceContainer: Registered 'SettingsScreen' (singleton=False)
[2026-01-10 22:20:44.084] MenuRegistry: Registered 'Settings' in 'Options' menu (hotkey=S order=20)
[2026-01-10 22:20:44.085] MenuRegistry: Registered 'Settings' in 'Options' menu (hotkey=S order=20)
