[2026-01-08 10:44:35.905] ServiceContainer: Registered 'Theme' (singleton=True)
[2026-01-08 10:44:35.908] ServiceContainer: Registered 'ThemeManager' (singleton=True)
[2026-01-08 10:44:35.909] ServiceContainer: Registered 'Config' (singleton=True)
[2026-01-08 10:44:35.909] ServiceContainer: Registered 'TaskStore' (singleton=True)
[2026-01-08 10:44:35.910] ServiceContainer: Registered 'MenuRegistry' (singleton=True)
[2026-01-08 10:44:35.911] ServiceContainer: Registered 'Application' (singleton=True)
[2026-01-08 10:44:35.911] ServiceContainer: Registered 'CommandService' (singleton=True)
[2026-01-08 10:44:35.912] ServiceContainer: Registered 'ChecklistService' (singleton=True)
[2026-01-08 10:44:35.913] ServiceContainer: Registered 'NoteService' (singleton=True)
[2026-01-08 10:44:35.913] ServiceContainer: Registered 'ExcelMappingService' (singleton=True)
[2026-01-08 10:44:35.914] ServiceContainer: Registered 'ExcelCopyService' (singleton=True)
[2026-01-08 10:44:35.915] ServiceContainer: Registered 'PreferencesService' (singleton=True)
[2026-01-08 10:44:35.916] ServiceContainer: Registered 'ExcelImportService' (singleton=True)
[2026-01-08 10:44:35.916] ServiceContainer: Registered 'TextExportService' (singleton=True)
[2026-01-08 10:44:35.917] ServiceContainer: Registered 'TaskListScreen' (singleton=False)
[2026-01-08 10:44:35.930] ServiceContainer: Resolving 'Application'...
[2026-01-08 10:44:35.932] ServiceContainer: Resolving 'Theme'...
[2026-01-08 10:44:36.093] ServiceContainer: Resolved 'Theme' successfully
[2026-01-08 10:44:36.162] ServiceContainer: Resolving 'ThemeManager'...
[2026-01-08 10:44:36.164] ServiceContainer: Resolved 'ThemeManager' successfully
[2026-01-08 10:44:36.175] ServiceContainer: Resolved 'Application' successfully
[2026-01-08 10:44:36.176] ServiceContainer: Resolving 'MenuRegistry'...
[2026-01-08 10:44:36.186] ServiceContainer: Resolved 'MenuRegistry' successfully
[2026-01-08 10:44:36.202] MenuRegistry: Loaded manifest with 16 entries
[2026-01-08 10:44:36.225] ServiceContainer: Registered 'TextExportProfileManagerScreen' (singleton=False)
[2026-01-08 10:44:36.226] MenuRegistry: Registered 'T2020 Export Profiles' in 'Tools' menu (hotkey=E order=45)
[2026-01-08 10:44:36.239] MenuRegistry: Registered 'T2020 Export Profiles' in 'Tools' menu (hotkey=E order=45)
[2026-01-08 10:44:36.241] ServiceContainer: Registered 'ProjectListScreen' (singleton=False)
[2026-01-08 10:44:36.242] MenuRegistry: Registered 'Project List' in 'Projects' menu (hotkey=L order=10)
[2026-01-08 10:44:36.243] MenuRegistry: Registered 'Project List' in 'Projects' menu (hotkey=L order=10)
[2026-01-08 10:44:36.245] ServiceContainer: Registered 'WeeklyTimeReportScreen' (singleton=False)
[2026-01-08 10:44:36.246] MenuRegistry: Registered 'Weekly Report' in 'Time' menu (hotkey=W order=10)
[2026-01-08 10:44:36.247] MenuRegistry: Registered 'Weekly Report' in 'Time' menu (hotkey=W order=10)
[2026-01-08 10:44:36.248] ServiceContainer: Registered 'CommandLibraryScreen' (singleton=False)
[2026-01-08 10:44:36.249] MenuRegistry: Registered 'Command Library' in 'Tools' menu (hotkey=L order=10)
[2026-01-08 10:44:36.250] MenuRegistry: Registered 'Command Library' in 'Tools' menu (hotkey=L order=10)
[2026-01-08 10:44:36.252] ServiceContainer: Registered 'ChecklistTemplatesFolderScreen' (singleton=False)
[2026-01-08 10:44:36.253] MenuRegistry: Registered 'Checklist Templates' in 'Tools' menu (hotkey=H order=30)
[2026-01-08 10:44:36.259] MenuRegistry: Registered 'Checklist Templates' in 'Tools' menu (hotkey=H order=30)
[2026-01-08 10:44:36.261] ServiceContainer: Registered 'TaskListScreen_Default' (singleton=False)
[2026-01-08 10:44:36.261] MenuRegistry: Registered 'Task List' in 'Tasks' menu (hotkey=L order=5)
[2026-01-08 10:44:36.262] MenuRegistry: Registered 'Task List' in 'Tasks' menu (hotkey=L order=5)
[2026-01-08 10:44:36.264] ServiceContainer: Registered 'ExcelProfileManagerScreen' (singleton=False)
[2026-01-08 10:44:36.264] MenuRegistry: Registered 'Excel Profiles' in 'Projects' menu (hotkey=M order=50)
[2026-01-08 10:44:36.265] MenuRegistry: Registered 'Excel Profiles' in 'Projects' menu (hotkey=M order=50)
[2026-01-08 10:44:36.266] ServiceContainer: Registered 'ThemeEditorScreen' (singleton=False)
[2026-01-08 10:44:36.267] MenuRegistry: Registered 'Theme Editor' in 'Options' menu (hotkey=T order=10)
[2026-01-08 10:44:36.268] MenuRegistry: Registered 'Theme Editor' in 'Options' menu (hotkey=T order=10)
[2026-01-08 10:44:36.269] ServiceContainer: Registered 'NotesMenuScreen' (singleton=False)
[2026-01-08 10:44:36.270] MenuRegistry: Registered 'Notes' in 'Tools' menu (hotkey=N order=20)
[2026-01-08 10:44:36.271] MenuRegistry: Registered 'Notes' in 'Tools' menu (hotkey=N order=20)
[2026-01-08 10:44:36.272] ServiceContainer: Registered 'TimeReportScreen' (singleton=False)
[2026-01-08 10:44:36.273] MenuRegistry: Registered 'Time Report' in 'Time' menu (hotkey=R order=20)
[2026-01-08 10:44:36.274] MenuRegistry: Registered 'Time Report' in 'Time' menu (hotkey=R order=20)
[2026-01-08 10:44:36.275] ServiceContainer: Registered 'ChecklistsLauncherScreen' (singleton=False)
[2026-01-08 10:44:36.276] MenuRegistry: Registered 'Checklists' in 'Tools' menu (hotkey=C order=25)
[2026-01-08 10:44:36.277] MenuRegistry: Registered 'Checklists' in 'Tools' menu (hotkey=C order=25)
[2026-01-08 10:44:36.278] ServiceContainer: Registered 'ExcelImportScreen' (singleton=False)
[2026-01-08 10:44:36.278] MenuRegistry: Registered 'Import from Excel' in 'Projects' menu (hotkey=I order=40)
[2026-01-08 10:44:36.279] MenuRegistry: Registered 'Import from Excel' in 'Projects' menu (hotkey=I order=40)
[2026-01-08 10:44:36.281] ServiceContainer: Registered 'TimeListScreen' (singleton=False)
[2026-01-08 10:44:36.281] MenuRegistry: Registered 'Time Tracking' in 'Time' menu (hotkey=T order=5)
[2026-01-08 10:44:36.282] MenuRegistry: Registered 'Time Tracking' in 'Time' menu (hotkey=T order=5)
[2026-01-08 10:44:36.283] ServiceContainer: Registered 'HelpViewScreen' (singleton=False)
[2026-01-08 10:44:36.284] MenuRegistry: Registered 'Help' in 'Help' menu (hotkey=H order=10)
[2026-01-08 10:44:36.285] MenuRegistry: Registered 'Help' in 'Help' menu (hotkey=H order=10)
[2026-01-08 10:44:36.286] ServiceContainer: Registered 'SettingsScreen' (singleton=False)
[2026-01-08 10:44:36.287] MenuRegistry: Registered 'Settings' in 'Options' menu (hotkey=S order=20)
[2026-01-08 10:44:36.288] MenuRegistry: Registered 'Settings' in 'Options' menu (hotkey=S order=20)
[2026-01-08 10:44:36.289] ServiceContainer: Registered 'ExcelImportProfileManagerScreen' (singleton=False)
[2026-01-08 10:44:36.290] MenuRegistry: Registered 'Excel Import Profiles' in 'Tools' menu (hotkey=I order=40)
[2026-01-08 10:44:36.291] MenuRegistry: Registered 'Excel Import Profiles' in 'Tools' menu (hotkey=I order=40)
[2026-01-08 10:44:36.292] ServiceContainer: Resolving 'TaskListScreen'...
[2026-01-08 10:44:36.294] ServiceContainer: Resolving 'TaskStore'...
[2026-01-08 10:44:36.409] ServiceContainer: Resolved 'TaskStore' successfully
[2026-01-08 10:44:36.925] [INFO] StandardListScreen._ConfigureListActions: Configuring actions for Tasks
[2026-01-08 10:44:36.941] [INFO] StandardListScreen: Added footer shortcut D -> Delete
[2026-01-08 10:44:36.965] [INFO] StandardListScreen._ConfigureListActions: Configured 16 footer shortcuts
[2026-01-08 10:44:37.102] _PopulateMenusFromRegistry: Menu 'Time' has 3 items from registry (array)
[2026-01-08 10:44:37.117] _PopulateMenusFromRegistry: Menu 'Projects' has 3 items from registry (array)
[2026-01-08 10:44:37.119] _PopulateMenusFromRegistry: Menu 'Tasks' has 1 items from registry (array)
[2026-01-08 10:44:37.122] _PopulateMenusFromRegistry: Menu 'Tools' has 6 items from registry (array)
[2026-01-08 10:44:37.124] _PopulateMenusFromRegistry: Menu 'Options' has 2 items from registry (array)
[2026-01-08 10:44:37.126] _PopulateMenusFromRegistry: Menu 'Help' has 1 items from registry (array)
[2026-01-08 10:44:37.127] ServiceContainer: Resolved 'TaskListScreen' successfully
[2026-01-08 10:44:37.438] [INFO] StandardListScreen._ConfigureListActions: Configuring actions for Tasks
[2026-01-08 10:44:37.440] [INFO] StandardListScreen: Added footer shortcut D -> Delete
[2026-01-08 10:44:37.444] [INFO] StandardListScreen._ConfigureListActions: Configured 16 footer shortcuts
[10:44:38.902] [Z-BUFFER] REJECTED at (4,4): currentZ=10 < zBuffer=20 char='T'
[10:44:38.904] [Z-BUFFER] REJECTED at (5,4): currentZ=10 < zBuffer=20 char='a'
[10:44:38.905] [Z-BUFFER] REJECTED at (6,4): currentZ=10 < zBuffer=20 char='s'
[10:44:38.906] [Z-BUFFER] REJECTED at (7,4): currentZ=10 < zBuffer=20 char='k'
[10:44:38.908] [Z-BUFFER] REJECTED at (27,4): currentZ=10 < zBuffer=20 char='D'
[10:44:38.909] [Z-BUFFER] REJECTED at (28,4): currentZ=10 < zBuffer=20 char='u'
[10:44:38.910] [Z-BUFFER] REJECTED at (29,4): currentZ=10 < zBuffer=20 char='e'
[10:44:38.912] [Z-BUFFER] REJECTED at (49,4): currentZ=10 < zBuffer=20 char='T'
[10:44:38.913] [Z-BUFFER] REJECTED at (50,4): currentZ=10 < zBuffer=20 char='a'
[10:44:38.914] [Z-BUFFER] REJECTED at (51,4): currentZ=10 < zBuffer=20 char='g'
[10:44:38.915] [Z-BUFFER] REJECTED at (52,4): currentZ=10 < zBuffer=20 char='s'
[10:44:41.720] [Z-BUFFER] REJECTED at (4,4): currentZ=10 < zBuffer=20 char='T'
[10:44:41.722] [Z-BUFFER] REJECTED at (5,4): currentZ=10 < zBuffer=20 char='a'
[10:44:41.723] [Z-BUFFER] REJECTED at (6,4): currentZ=10 < zBuffer=20 char='s'
[10:44:41.723] [Z-BUFFER] REJECTED at (7,4): currentZ=10 < zBuffer=20 char='k'
[10:44:41.725] [Z-BUFFER] REJECTED at (27,4): currentZ=10 < zBuffer=20 char='D'
[10:44:41.726] [Z-BUFFER] REJECTED at (28,4): currentZ=10 < zBuffer=20 char='u'
[10:44:41.727] [Z-BUFFER] REJECTED at (29,4): currentZ=10 < zBuffer=20 char='e'
[10:44:41.727] [Z-BUFFER] REJECTED at (49,4): currentZ=10 < zBuffer=200 char='T'
[10:44:41.728] [Z-BUFFER] REJECTED at (50,4): currentZ=10 < zBuffer=200 char='a'
[10:44:41.729] [Z-BUFFER] REJECTED at (51,4): currentZ=10 < zBuffer=200 char='g'
[10:44:41.730] [Z-BUFFER] REJECTED at (52,4): currentZ=10 < zBuffer=200 char='s'
[2026-01-08 10:44:41.920] ServiceContainer: Resolving 'NotesMenuScreen'...
[2026-01-08 10:44:41.950] [ERROR] ServiceContainer: Failed to resolve 'NotesMenuScreen': At /home/teej/ztest/module/Pmc.Strict/consoleui/screens/NotesMenuScreen.ps1:658 char:1
+ }
+ ~
Unexpected token '}' in expression or statement.

At /home/teej/ztest/module/Pmc.Strict/consoleui/screens/NotesMenuScreen.ps1:604 char:20
+         $editor = [NoteEditorScreen]::new($item.id)
+                    ~~~~~~~~~~~~~~~~
Unable to find type [NoteEditorScreen].
[2026-01-08 10:44:41.952] Stack trace: at <ScriptBlock>, /home/teej/ztest/module/Pmc.Strict/consoleui/services/MenuRegistry.ps1: line 242
at Resolve, /home/teej/ztest/module/Pmc.Strict/consoleui/ServiceContainer.ps1: line 130
at <ScriptBlock>, <No file>: line 2
at ExecuteSelectedItem, /home/teej/ztest/module/Pmc.Strict/consoleui/widgets/PmcMenuBar.ps1: line 299
at _HandleItemHotkey, /home/teej/ztest/module/Pmc.Strict/consoleui/widgets/PmcMenuBar.ps1: line 587
at HandleKeyPress, /home/teej/ztest/module/Pmc.Strict/consoleui/widgets/PmcMenuBar.ps1: line 522
at HandleKeyPress, /home/teej/ztest/module/Pmc.Strict/consoleui/base/StandardListScreen.ps1: line 1128
at HandleKeyPress, /home/teej/ztest/module/Pmc.Strict/consoleui/screens/TaskListScreen.ps1: line 2178
at Run, /home/teej/ztest/module/Pmc.Strict/consoleui/PmcApplication.ps1: line 420
at Start-PmcTUI, /home/teej/ztest/module/Pmc.Strict/consoleui/Start-PmcTUI.ps1: line 620
at <ScriptBlock>, /home/teej/ztest/start.ps1: line 37
[2026-01-08 10:44:41.955] [ERROR] MenuRegistry: Error launching 'NotesMenuScreen': At /home/teej/ztest/module/Pmc.Strict/consoleui/screens/NotesMenuScreen.ps1:658 char:1
+ }
+ ~
Unexpected token '}' in expression or statement.

At /home/teej/ztest/module/Pmc.Strict/consoleui/screens/NotesMenuScreen.ps1:604 char:20
+         $editor = [NoteEditorScreen]::new($item.id)
+                    ~~~~~~~~~~~~~~~~
Unable to find type [NoteEditorScreen].
[2026-01-08 10:44:41.956] Stack trace: 
at <ScriptBlock>, /home/teej/ztest/module/Pmc.Strict/consoleui/services/MenuRegistry.ps1: line 242
at Resolve, /home/teej/ztest/module/Pmc.Strict/consoleui/ServiceContainer.ps1: line 130
at <ScriptBlock>, <No file>: line 2
at ExecuteSelectedItem, /home/teej/ztest/module/Pmc.Strict/consoleui/widgets/PmcMenuBar.ps1: line 299
at _HandleItemHotkey, /home/teej/ztest/module/Pmc.Strict/consoleui/widgets/PmcMenuBar.ps1: line 587
at HandleKeyPress, /home/teej/ztest/module/Pmc.Strict/consoleui/widgets/PmcMenuBar.ps1: line 522
at HandleKeyPress, /home/teej/ztest/module/Pmc.Strict/consoleui/base/StandardListScreen.ps1: line 1128
at HandleKeyPress, /home/teej/ztest/module/Pmc.Strict/consoleui/screens/TaskListScreen.ps1: line 2178
at Run, /home/teej/ztest/module/Pmc.Strict/consoleui/PmcApplication.ps1: line 420
at Start-PmcTUI, /home/teej/ztest/module/Pmc.Strict/consoleui/Start-PmcTUI.ps1: line 620
at <ScriptBlock>, /home/teej/ztest/start.ps1: line 37
[10:44:42.017] [Z-BUFFER] REJECTED at (4,4): currentZ=10 < zBuffer=20 char='T'
[10:44:42.019] [Z-BUFFER] REJECTED at (5,4): currentZ=10 < zBuffer=20 char='a'
[10:44:42.020] [Z-BUFFER] REJECTED at (6,4): currentZ=10 < zBuffer=20 char='s'
[10:44:42.021] [Z-BUFFER] REJECTED at (7,4): currentZ=10 < zBuffer=20 char='k'
[10:44:42.026] [Z-BUFFER] REJECTED at (27,4): currentZ=10 < zBuffer=20 char='D'
[10:44:42.027] [Z-BUFFER] REJECTED at (28,4): currentZ=10 < zBuffer=20 char='u'
[10:44:42.029] [Z-BUFFER] REJECTED at (29,4): currentZ=10 < zBuffer=20 char='e'
[10:44:42.030] [Z-BUFFER] REJECTED at (49,4): currentZ=10 < zBuffer=20 char='T'
[10:44:42.032] [Z-BUFFER] REJECTED at (50,4): currentZ=10 < zBuffer=20 char='a'
[10:44:42.033] [Z-BUFFER] REJECTED at (51,4): currentZ=10 < zBuffer=20 char='g'
[10:44:42.034] [Z-BUFFER] REJECTED at (52,4): currentZ=10 < zBuffer=20 char='s'
[10:44:44.868] [Z-BUFFER] REJECTED at (4,4): currentZ=10 < zBuffer=20 char='T'
[10:44:44.871] [Z-BUFFER] REJECTED at (5,4): currentZ=10 < zBuffer=20 char='a'
[10:44:44.872] [Z-BUFFER] REJECTED at (6,4): currentZ=10 < zBuffer=20 char='s'
[10:44:44.873] [Z-BUFFER] REJECTED at (7,4): currentZ=10 < zBuffer=20 char='k'
[10:44:44.874] [Z-BUFFER] REJECTED at (27,4): currentZ=10 < zBuffer=20 char='D'
[10:44:44.875] [Z-BUFFER] REJECTED at (28,4): currentZ=10 < zBuffer=20 char='u'
[10:44:44.876] [Z-BUFFER] REJECTED at (29,4): currentZ=10 < zBuffer=20 char='e'
[10:44:44.877] [Z-BUFFER] REJECTED at (49,4): currentZ=10 < zBuffer=200 char='T'
[10:44:44.878] [Z-BUFFER] REJECTED at (50,4): currentZ=10 < zBuffer=200 char='a'
[10:44:44.878] [Z-BUFFER] REJECTED at (51,4): currentZ=10 < zBuffer=200 char='g'
[10:44:44.879] [Z-BUFFER] REJECTED at (52,4): currentZ=10 < zBuffer=200 char='s'
[2026-01-08 10:44:45.441] ServiceContainer: Resolving 'NotesMenuScreen'...
[2026-01-08 10:44:45.491] [ERROR] ServiceContainer: Failed to resolve 'NotesMenuScreen': At /home/teej/ztest/module/Pmc.Strict/consoleui/screens/NotesMenuScreen.ps1:658 char:1
+ }
+ ~
Unexpected token '}' in expression or statement.

At /home/teej/ztest/module/Pmc.Strict/consoleui/screens/NotesMenuScreen.ps1:604 char:20
+         $editor = [NoteEditorScreen]::new($item.id)
+                    ~~~~~~~~~~~~~~~~
Unable to find type [NoteEditorScreen].
[2026-01-08 10:44:45.494] Stack trace: at <ScriptBlock>, /home/teej/ztest/module/Pmc.Strict/consoleui/services/MenuRegistry.ps1: line 242
at Resolve, /home/teej/ztest/module/Pmc.Strict/consoleui/ServiceContainer.ps1: line 130
at <ScriptBlock>, <No file>: line 2
at ExecuteSelectedItem, /home/teej/ztest/module/Pmc.Strict/consoleui/widgets/PmcMenuBar.ps1: line 299
at _HandleItemHotkey, /home/teej/ztest/module/Pmc.Strict/consoleui/widgets/PmcMenuBar.ps1: line 587
at HandleKeyPress, /home/teej/ztest/module/Pmc.Strict/consoleui/widgets/PmcMenuBar.ps1: line 522
at HandleKeyPress, /home/teej/ztest/module/Pmc.Strict/consoleui/base/StandardListScreen.ps1: line 1128
at HandleKeyPress, /home/teej/ztest/module/Pmc.Strict/consoleui/screens/TaskListScreen.ps1: line 2178
at Run, /home/teej/ztest/module/Pmc.Strict/consoleui/PmcApplication.ps1: line 420
at Start-PmcTUI, /home/teej/ztest/module/Pmc.Strict/consoleui/Start-PmcTUI.ps1: line 620
at <ScriptBlock>, /home/teej/ztest/start.ps1: line 37
[2026-01-08 10:44:45.497] [ERROR] MenuRegistry: Error launching 'NotesMenuScreen': At /home/teej/ztest/module/Pmc.Strict/consoleui/screens/NotesMenuScreen.ps1:658 char:1
+ }
+ ~
Unexpected token '}' in expression or statement.

At /home/teej/ztest/module/Pmc.Strict/consoleui/screens/NotesMenuScreen.ps1:604 char:20
+         $editor = [NoteEditorScreen]::new($item.id)
+                    ~~~~~~~~~~~~~~~~
Unable to find type [NoteEditorScreen].
[2026-01-08 10:44:45.498] Stack trace: 
at <ScriptBlock>, /home/teej/ztest/module/Pmc.Strict/consoleui/services/MenuRegistry.ps1: line 242
at Resolve, /home/teej/ztest/module/Pmc.Strict/consoleui/ServiceContainer.ps1: line 130
at <ScriptBlock>, <No file>: line 2
at ExecuteSelectedItem, /home/teej/ztest/module/Pmc.Strict/consoleui/widgets/PmcMenuBar.ps1: line 299
at _HandleItemHotkey, /home/teej/ztest/module/Pmc.Strict/consoleui/widgets/PmcMenuBar.ps1: line 587
at HandleKeyPress, /home/teej/ztest/module/Pmc.Strict/consoleui/widgets/PmcMenuBar.ps1: line 522
at HandleKeyPress, /home/teej/ztest/module/Pmc.Strict/consoleui/base/StandardListScreen.ps1: line 1128
at HandleKeyPress, /home/teej/ztest/module/Pmc.Strict/consoleui/screens/TaskListScreen.ps1: line 2178
at Run, /home/teej/ztest/module/Pmc.Strict/consoleui/PmcApplication.ps1: line 420
at Start-PmcTUI, /home/teej/ztest/module/Pmc.Strict/consoleui/Start-PmcTUI.ps1: line 620
at <ScriptBlock>, /home/teej/ztest/start.ps1: line 37
[10:44:45.596] [Z-BUFFER] REJECTED at (4,4): currentZ=10 < zBuffer=20 char='T'
[10:44:45.597] [Z-BUFFER] REJECTED at (5,4): currentZ=10 < zBuffer=20 char='a'
[10:44:45.598] [Z-BUFFER] REJECTED at (6,4): currentZ=10 < zBuffer=20 char='s'
[10:44:45.599] [Z-BUFFER] REJECTED at (7,4): currentZ=10 < zBuffer=20 char='k'
[10:44:45.599] [Z-BUFFER] REJECTED at (27,4): currentZ=10 < zBuffer=20 char='D'
[10:44:45.600] [Z-BUFFER] REJECTED at (28,4): currentZ=10 < zBuffer=20 char='u'
[10:44:45.601] [Z-BUFFER] REJECTED at (29,4): currentZ=10 < zBuffer=20 char='e'
[10:44:45.602] [Z-BUFFER] REJECTED at (49,4): currentZ=10 < zBuffer=20 char='T'
[10:44:45.602] [Z-BUFFER] REJECTED at (50,4): currentZ=10 < zBuffer=20 char='a'
[10:44:45.603] [Z-BUFFER] REJECTED at (51,4): currentZ=10 < zBuffer=20 char='g'
[10:44:45.604] [Z-BUFFER] REJECTED at (52,4): currentZ=10 < zBuffer=20 char='s'
