[2025-12-18 14:34:10.439] [INFO] Loading PMC module...
[2025-12-18 14:34:11.224] [INFO] PMC module loaded
[2025-12-18 14:34:11.225] [INFO] Loading dependencies (FieldSchemas, etc.)...
[2025-12-18 14:34:11.299] [INFO] Dependencies loaded
[2025-12-18 14:34:11.299] [INFO] Loading SpeedTUI framework...
[2025-12-18 14:34:12.204] [INFO] SpeedTUI framework loaded
[2025-12-18 14:34:12.205] [INFO] Loading PraxisVT...
[2025-12-18 14:34:12.206] [INFO] PraxisVT loaded
[2025-12-18 14:34:12.206] [INFO] Loading core dependencies...
[2025-12-18 14:34:12.231] [INFO] Core dependencies loaded
[2025-12-18 14:34:12.232] [INFO] Loading widget base classes...
[2025-12-18 14:34:12.269] [INFO] Widget base classes loaded
[2025-12-18 14:34:12.269] [INFO] Loading services...
[2025-12-18 14:34:12.353] [INFO] Services loaded
[2025-12-18 14:34:12.354] [INFO] Loading helpers...
[2025-12-18 14:34:12.479] [INFO] Helpers loaded
[2025-12-18 14:34:12.480] [INFO] Loading widgets...
[2025-12-18 14:34:12.764] [INFO] Widgets loaded
[2025-12-18 14:34:12.767] [INFO] Loading screen base class...
[2025-12-18 14:34:12.778] [INFO] Screen base class loaded
[2025-12-18 14:34:12.779] [INFO] Loading HelpViewScreen (needed by base classes)...
[2025-12-18 14:34:12.786] [INFO] HelpViewScreen loaded
[2025-12-18 14:34:12.792] [INFO] Loading base classes...
[2025-12-18 14:34:12.830] [INFO] Base classes loaded
[2025-12-18 14:34:12.831] [INFO] Loading ServiceContainer (needed by screens)...
[2025-12-18 14:34:12.836] [INFO] ServiceContainer loaded
[2025-12-18 14:34:12.837] [INFO] Loading remaining screens...
[2025-12-18 14:34:12.916] [INFO] Remaining screens loaded
[2025-12-18 14:34:12.917] [INFO] Loading PmcApplication...
[2025-12-18 14:34:12.928] [INFO] PmcApplication loaded
[2025-12-18 14:34:12.929] [INFO] All components loaded successfully
[2025-12-18 14:34:12.966] [INFO] Starting PMC TUI with screen: TaskList
[2025-12-18 14:34:12.971] [INFO] Cleared stale PmcSharedMenuBar and MenuRegistry singleton
[2025-12-18 14:34:12.972] [INFO] Creating ServiceContainer...
[2025-12-18 14:34:12.979] [INFO] ServiceContainer created
[2025-12-18 14:34:12.980] [INFO] Registering Theme service...
[2025-12-18 14:34:12.994] ServiceContainer: Registered 'Theme' (singleton=True)
[2025-12-18 14:34:12.996] [INFO] Registering ThemeManager...
[2025-12-18 14:34:12.997] ServiceContainer: Registered 'ThemeManager' (singleton=True)
[2025-12-18 14:34:12.998] [INFO] Registering Config service...
[2025-12-18 14:34:12.998] ServiceContainer: Registered 'Config' (singleton=True)
[2025-12-18 14:34:12.999] [INFO] Registering TaskStore service...
[2025-12-18 14:34:13.000] ServiceContainer: Registered 'TaskStore' (singleton=True)
[2025-12-18 14:34:13.000] [INFO] Registering MenuRegistry service...
[2025-12-18 14:34:13.001] ServiceContainer: Registered 'MenuRegistry' (singleton=True)
[2025-12-18 14:34:13.002] [INFO] Registering Application service...
[2025-12-18 14:34:13.002] ServiceContainer: Registered 'Application' (singleton=True)
[2025-12-18 14:34:13.003] [INFO] Registering CommandService...
[2025-12-18 14:34:13.004] ServiceContainer: Registered 'CommandService' (singleton=True)
[2025-12-18 14:34:13.004] [INFO] Registering ChecklistService...
[2025-12-18 14:34:13.005] ServiceContainer: Registered 'ChecklistService' (singleton=True)
[2025-12-18 14:34:13.006] [INFO] Registering NoteService...
[2025-12-18 14:34:13.007] ServiceContainer: Registered 'NoteService' (singleton=True)
[2025-12-18 14:34:13.007] [INFO] Registering ExcelMappingService...
[2025-12-18 14:34:13.008] ServiceContainer: Registered 'ExcelMappingService' (singleton=True)
[2025-12-18 14:34:13.009] [INFO] Registering PreferencesService...
[2025-12-18 14:34:13.009] ServiceContainer: Registered 'PreferencesService' (singleton=True)
[2025-12-18 14:34:13.010] [INFO] Registering screen factories...
[2025-12-18 14:34:13.011] ServiceContainer: Registered 'TaskListScreen' (singleton=False)
[2025-12-18 14:34:13.011] [INFO] Resolving Application from container...
[2025-12-18 14:34:13.022] ServiceContainer: Resolving 'Application'...
[2025-12-18 14:34:13.024] [INFO] Resolving Application...
[2025-12-18 14:34:13.024] ServiceContainer: Resolving 'Theme'...
[2025-12-18 14:34:13.027] [INFO] Resolving Theme: Calling Initialize-PmcThemeSystem...
[2025-12-18 14:34:13.112] [INFO] Theme initialized: #33aaff
[2025-12-18 14:34:13.115] ServiceContainer: Resolved 'Theme' successfully
[2025-12-18 14:34:13.174] ServiceContainer: Resolving 'ThemeManager'...
[2025-12-18 14:34:13.176] [INFO] Resolving ThemeManager...
[2025-12-18 14:34:13.177] ServiceContainer: Resolved 'ThemeManager' successfully
[2025-12-18 14:34:13.196] ServiceContainer: Resolved 'Application' successfully
[2025-12-18 14:34:13.197] [INFO] Application resolved and assigned to $global:PmcApp
[2025-12-18 14:34:13.198] [INFO] Loading menus from manifest...
[2025-12-18 14:34:13.199] ServiceContainer: Resolving 'MenuRegistry'...
[2025-12-18 14:34:13.200] [INFO] Resolving MenuRegistry...
[2025-12-18 14:34:13.209] ServiceContainer: Resolved 'MenuRegistry' successfully
[2025-12-18 14:34:13.224] MenuRegistry: Loaded manifest with 23 entries
[2025-12-18 14:34:13.243] ServiceContainer: Registered 'ExcelProfileManagerScreen' (singleton=False)
[2025-12-18 14:34:13.244] MenuRegistry: Registered screen factory 'ExcelProfileManagerScreen' in container (viewMode=)
[2025-12-18 14:34:13.256] MenuRegistry: Registered 'Excel Profiles' in 'Projects' menu (hotkey=M order=50)
[2025-12-18 14:34:13.259] ServiceContainer: Registered 'TaskListScreen_Month' (singleton=False)
[2025-12-18 14:34:13.259] MenuRegistry: Registered screen factory 'TaskListScreen_Month' in container (viewMode=month)
[2025-12-18 14:34:13.260] MenuRegistry: Registered 'Month View' in 'Tasks' menu (hotkey=M order=45)
[2025-12-18 14:34:13.261] ServiceContainer: Registered 'CommandLibraryScreen' (singleton=False)
[2025-12-18 14:34:13.262] MenuRegistry: Registered screen factory 'CommandLibraryScreen' in container (viewMode=)
[2025-12-18 14:34:13.263] MenuRegistry: Registered 'Command Library' in 'Tools' menu (hotkey=L order=10)
[2025-12-18 14:34:13.264] ServiceContainer: Registered 'ChecklistTemplatesFolderScreen' (singleton=False)
[2025-12-18 14:34:13.265] MenuRegistry: Registered screen factory 'ChecklistTemplatesFolderScreen' in container (viewMode=)
[2025-12-18 14:34:13.266] MenuRegistry: Registered 'Checklist Templates' in 'Tools' menu (hotkey=H order=30)
[2025-12-18 14:34:13.267] ServiceContainer: Registered 'TaskListScreen_Default' (singleton=False)
[2025-12-18 14:34:13.268] MenuRegistry: Registered screen factory 'TaskListScreen_Default' in container (viewMode=)
[2025-12-18 14:34:13.269] MenuRegistry: Registered 'Task List' in 'Tasks' menu (hotkey=L order=5)
[2025-12-18 14:34:13.270] ServiceContainer: Registered 'WeeklyTimeReportScreen' (singleton=False)
[2025-12-18 14:34:13.270] MenuRegistry: Registered screen factory 'WeeklyTimeReportScreen' in container (viewMode=)
[2025-12-18 14:34:13.271] MenuRegistry: Registered 'Weekly Report' in 'Time' menu (hotkey=W order=10)
[2025-12-18 14:34:13.272] ServiceContainer: Registered 'TaskListScreen_Tomorrow' (singleton=False)
[2025-12-18 14:34:13.273] MenuRegistry: Registered screen factory 'TaskListScreen_Tomorrow' in container (viewMode=tomorrow)
[2025-12-18 14:34:13.274] MenuRegistry: Registered 'Tomorrow' in 'Tasks' menu (hotkey=T order=15)
[2025-12-18 14:34:13.275] ServiceContainer: Registered 'TaskListScreen_Upcoming' (singleton=False)
[2025-12-18 14:34:13.276] MenuRegistry: Registered screen factory 'TaskListScreen_Upcoming' in container (viewMode=upcoming)
[2025-12-18 14:34:13.280] MenuRegistry: Registered 'Upcoming' in 'Tasks' menu (hotkey=U order=25)
[2025-12-18 14:34:13.281] ServiceContainer: Registered 'TaskListScreen_Overdue' (singleton=False)
[2025-12-18 14:34:13.282] MenuRegistry: Registered screen factory 'TaskListScreen_Overdue' in container (viewMode=overdue)
[2025-12-18 14:34:13.283] MenuRegistry: Registered 'Overdue' in 'Tasks' menu (hotkey=O order=30)
[2025-12-18 14:34:13.285] ServiceContainer: Registered 'ExcelImportScreen' (singleton=False)
[2025-12-18 14:34:13.285] MenuRegistry: Registered screen factory 'ExcelImportScreen' in container (viewMode=)
[2025-12-18 14:34:13.286] MenuRegistry: Registered 'Import from Excel' in 'Projects' menu (hotkey=I order=40)
[2025-12-18 14:34:13.287] ServiceContainer: Registered 'ChecklistsLauncherScreen' (singleton=False)
[2025-12-18 14:34:13.288] MenuRegistry: Registered screen factory 'ChecklistsLauncherScreen' in container (viewMode=)
[2025-12-18 14:34:13.289] MenuRegistry: Registered 'Checklists' in 'Tools' menu (hotkey=C order=25)
[2025-12-18 14:34:13.290] ServiceContainer: Registered 'NotesMenuScreen' (singleton=False)
[2025-12-18 14:34:13.291] MenuRegistry: Registered screen factory 'NotesMenuScreen' in container (viewMode=)
[2025-12-18 14:34:13.292] MenuRegistry: Registered 'Notes' in 'Tools' menu (hotkey=N order=20)
[2025-12-18 14:34:13.293] ServiceContainer: Registered 'SettingsScreen' (singleton=False)
[2025-12-18 14:34:13.293] MenuRegistry: Registered screen factory 'SettingsScreen' in container (viewMode=)
[2025-12-18 14:34:13.294] MenuRegistry: Registered 'Settings' in 'Options' menu (hotkey=S order=20)
[2025-12-18 14:34:13.295] ServiceContainer: Registered 'ProjectListScreen' (singleton=False)
[2025-12-18 14:34:13.296] MenuRegistry: Registered screen factory 'ProjectListScreen' in container (viewMode=)
[2025-12-18 14:34:13.297] MenuRegistry: Registered 'Project List' in 'Projects' menu (hotkey=L order=10)
[2025-12-18 14:34:13.299] ServiceContainer: Registered 'ThemeEditorScreen' (singleton=False)
[2025-12-18 14:34:13.300] MenuRegistry: Registered screen factory 'ThemeEditorScreen' in container (viewMode=)
[2025-12-18 14:34:13.301] MenuRegistry: Registered 'Theme Editor' in 'Options' menu (hotkey=T order=10)
[2025-12-18 14:34:13.302] ServiceContainer: Registered 'TaskListScreen_Agenda' (singleton=False)
[2025-12-18 14:34:13.303] MenuRegistry: Registered screen factory 'TaskListScreen_Agenda' in container (viewMode=agenda)
[2025-12-18 14:34:13.304] MenuRegistry: Registered 'Agenda View' in 'Tasks' menu (hotkey=A order=50)
[2025-12-18 14:34:13.305] ServiceContainer: Registered 'TimeReportScreen' (singleton=False)
[2025-12-18 14:34:13.306] MenuRegistry: Registered screen factory 'TimeReportScreen' in container (viewMode=)
[2025-12-18 14:34:13.307] MenuRegistry: Registered 'Time Report' in 'Time' menu (hotkey=R order=20)
[2025-12-18 14:34:13.309] ServiceContainer: Registered 'TaskListScreen_NoDate' (singleton=False)
[2025-12-18 14:34:13.309] MenuRegistry: Registered screen factory 'TaskListScreen_NoDate' in container (viewMode=noduedate)
[2025-12-18 14:34:13.310] MenuRegistry: Registered 'No Due Date' in 'Tasks' menu (hotkey=D order=40)
[2025-12-18 14:34:13.312] ServiceContainer: Registered 'TaskListScreen_NextActions' (singleton=False)
[2025-12-18 14:34:13.312] MenuRegistry: Registered screen factory 'TaskListScreen_NextActions' in container (viewMode=nextactions)
[2025-12-18 14:34:13.314] MenuRegistry: Registered 'Next Actions' in 'Tasks' menu (hotkey=N order=35)
[2025-12-18 14:34:13.315] ServiceContainer: Registered 'TaskListScreen_Today' (singleton=False)
[2025-12-18 14:34:13.316] MenuRegistry: Registered screen factory 'TaskListScreen_Today' in container (viewMode=today)
[2025-12-18 14:34:13.317] MenuRegistry: Registered 'Today' in 'Tasks' menu (hotkey=Y order=10)
[2025-12-18 14:34:13.319] ServiceContainer: Registered 'TaskListScreen_Week' (singleton=False)
[2025-12-18 14:34:13.320] MenuRegistry: Registered screen factory 'TaskListScreen_Week' in container (viewMode=week)
[2025-12-18 14:34:13.321] MenuRegistry: Registered 'Week View' in 'Tasks' menu (hotkey=W order=20)
[2025-12-18 14:34:13.322] ServiceContainer: Registered 'TimeListScreen' (singleton=False)
[2025-12-18 14:34:13.335] MenuRegistry: Registered screen factory 'TimeListScreen' in container (viewMode=)
[2025-12-18 14:34:13.336] MenuRegistry: Registered 'Time Tracking' in 'Time' menu (hotkey=T order=5)
[2025-12-18 14:34:13.338] ServiceContainer: Registered 'HelpViewScreen' (singleton=False)
[2025-12-18 14:34:13.339] MenuRegistry: Registered screen factory 'HelpViewScreen' in container (viewMode=)
[2025-12-18 14:34:13.340] MenuRegistry: Registered 'Help' in 'Help' menu (hotkey=H order=10)
[2025-12-18 14:34:13.340] [INFO] Menus loaded from /home/teej/ztest/module/Pmc.Strict/consoleui/screens/MenuItems.psd1
[2025-12-18 14:34:13.341] [INFO] Launching screen: TaskList
[2025-12-18 14:34:13.342] [INFO] Resolving TaskListScreen from container...
[2025-12-18 14:34:13.343] ServiceContainer: Resolving 'TaskListScreen'...
[2025-12-18 14:34:13.344] [INFO] Resolving TaskListScreen...
[2025-12-18 14:34:13.345] ServiceContainer: Resolving 'TaskStore'...
[2025-12-18 14:34:13.347] [INFO] Resolving TaskStore...
[2025-12-18 14:34:13.549] ServiceContainer: Resolved 'TaskStore' successfully
[2025-12-18 14:34:14.080] _PopulateMenusFromRegistry: Menu 'Options' has 2 items from registry (array)
[2025-12-18 14:34:14.096] _PopulateMenusFromRegistry: Menu 'Tools' has 4 items from registry (array)
[2025-12-18 14:34:14.099] _PopulateMenusFromRegistry: Menu 'Help' has 1 items from registry (array)
[2025-12-18 14:34:14.102] _PopulateMenusFromRegistry: Menu 'Time' has 3 items from registry (array)
[2025-12-18 14:34:14.105] _PopulateMenusFromRegistry: Menu 'Projects' has 3 items from registry (array)
[2025-12-18 14:34:14.110] _PopulateMenusFromRegistry: Menu 'Tasks' has 10 items from registry (array)
[2025-12-18 14:34:14.112] ServiceContainer: Resolved 'TaskListScreen' successfully
[2025-12-18 14:34:14.113] [INFO] Pushing screen to app...
[2025-12-18 14:34:14.427] [INFO] Screen pushed successfully
[2025-12-18 14:34:14.427] [INFO] Starting event loop...
[2025-12-18 14:34:22.608] ServiceContainer: Resolving 'ThemeEditorScreen'...
[2025-12-18 14:34:22.656] ServiceContainer: Resolved 'ThemeEditorScreen' successfully
[2025-12-18 14:34:27.812] RequestRender called from:  at line 395
[2025-12-18 14:34:29.453] RequestRender called from:  at line 395
[2025-12-18 14:34:52.110] [INFO] Event loop exited normally
[2025-12-18 14:34:52.111] [INFO] Cleanup - showing cursor and resetting terminal
