[2026-01-09 10:08:33.593] ServiceContainer: Registered 'Theme' (singleton=True)
[2026-01-09 10:08:33.596] ServiceContainer: Registered 'ThemeManager' (singleton=True)
[2026-01-09 10:08:33.597] ServiceContainer: Registered 'Config' (singleton=True)
[2026-01-09 10:08:33.598] ServiceContainer: Registered 'TaskStore' (singleton=True)
[2026-01-09 10:08:33.599] ServiceContainer: Registered 'MenuRegistry' (singleton=True)
[2026-01-09 10:08:33.600] ServiceContainer: Registered 'Application' (singleton=True)
[2026-01-09 10:08:33.601] ServiceContainer: Registered 'CommandService' (singleton=True)
[2026-01-09 10:08:33.602] ServiceContainer: Registered 'ChecklistService' (singleton=True)
[2026-01-09 10:08:33.603] ServiceContainer: Registered 'NoteService' (singleton=True)
[2026-01-09 10:08:33.603] ServiceContainer: Registered 'ExcelMappingService' (singleton=True)
[2026-01-09 10:08:33.604] ServiceContainer: Registered 'ExcelCopyService' (singleton=True)
[2026-01-09 10:08:33.605] ServiceContainer: Registered 'PreferencesService' (singleton=True)
[2026-01-09 10:08:33.606] ServiceContainer: Registered 'ExcelImportService' (singleton=True)
[2026-01-09 10:08:33.606] ServiceContainer: Registered 'TextExportService' (singleton=True)
[2026-01-09 10:08:33.607] ServiceContainer: Registered 'TaskListScreen' (singleton=False)
[2026-01-09 10:08:33.621] ServiceContainer: Resolving 'Application'...
[2026-01-09 10:08:33.623] ServiceContainer: Resolving 'Theme'...
[2026-01-09 10:08:33.785] ServiceContainer: Resolved 'Theme' successfully
[2026-01-09 10:08:33.855] ServiceContainer: Resolving 'ThemeManager'...
[2026-01-09 10:08:33.856] ServiceContainer: Resolved 'ThemeManager' successfully
[2026-01-09 10:08:33.868] ServiceContainer: Resolved 'Application' successfully
[2026-01-09 10:08:33.869] ServiceContainer: Resolving 'MenuRegistry'...
[2026-01-09 10:08:33.880] ServiceContainer: Resolved 'MenuRegistry' successfully
[2026-01-09 10:08:33.895] MenuRegistry: Loaded manifest with 16 entries
[2026-01-09 10:08:33.916] ServiceContainer: Registered 'TimeReportScreen' (singleton=False)
[2026-01-09 10:08:33.917] MenuRegistry: Registered 'Time Report' in 'Time' menu (hotkey=R order=20)
[2026-01-09 10:08:33.931] MenuRegistry: Registered 'Time Report' in 'Time' menu (hotkey=R order=20)
[2026-01-09 10:08:33.933] ServiceContainer: Registered 'WeeklyTimeReportScreen' (singleton=False)
[2026-01-09 10:08:33.934] MenuRegistry: Registered 'Weekly Report' in 'Time' menu (hotkey=W order=10)
[2026-01-09 10:08:33.935] MenuRegistry: Registered 'Weekly Report' in 'Time' menu (hotkey=W order=10)
[2026-01-09 10:08:33.937] ServiceContainer: Registered 'NotesMenuScreen' (singleton=False)
[2026-01-09 10:08:33.938] MenuRegistry: Registered 'Notes' in 'Tools' menu (hotkey=N order=20)
[2026-01-09 10:08:33.945] MenuRegistry: Registered 'Notes' in 'Tools' menu (hotkey=N order=20)
[2026-01-09 10:08:33.946] ServiceContainer: Registered 'ChecklistsLauncherScreen' (singleton=False)
[2026-01-09 10:08:33.947] MenuRegistry: Registered 'Checklists' in 'Tools' menu (hotkey=C order=25)
[2026-01-09 10:08:33.948] MenuRegistry: Registered 'Checklists' in 'Tools' menu (hotkey=C order=25)
[2026-01-09 10:08:33.950] ServiceContainer: Registered 'TaskListScreen_Default' (singleton=False)
[2026-01-09 10:08:33.951] MenuRegistry: Registered 'Task List' in 'Tasks' menu (hotkey=L order=5)
[2026-01-09 10:08:33.952] MenuRegistry: Registered 'Task List' in 'Tasks' menu (hotkey=L order=5)
[2026-01-09 10:08:33.953] ServiceContainer: Registered 'ThemeEditorScreen' (singleton=False)
[2026-01-09 10:08:33.954] MenuRegistry: Registered 'Theme Editor' in 'Options' menu (hotkey=T order=10)
[2026-01-09 10:08:33.955] MenuRegistry: Registered 'Theme Editor' in 'Options' menu (hotkey=T order=10)
[2026-01-09 10:08:33.956] ServiceContainer: Registered 'ExcelImportScreen' (singleton=False)
[2026-01-09 10:08:33.957] MenuRegistry: Registered 'Import from Excel' in 'Projects' menu (hotkey=I order=40)
[2026-01-09 10:08:33.958] MenuRegistry: Registered 'Import from Excel' in 'Projects' menu (hotkey=I order=40)
[2026-01-09 10:08:33.959] ServiceContainer: Registered 'ChecklistTemplatesFolderScreen' (singleton=False)
[2026-01-09 10:08:33.960] MenuRegistry: Registered 'Checklist Templates' in 'Tools' menu (hotkey=H order=30)
[2026-01-09 10:08:33.961] MenuRegistry: Registered 'Checklist Templates' in 'Tools' menu (hotkey=H order=30)
[2026-01-09 10:08:33.962] ServiceContainer: Registered 'ExcelImportProfileManagerScreen' (singleton=False)
[2026-01-09 10:08:33.963] MenuRegistry: Registered 'Excel Import Profiles' in 'Tools' menu (hotkey=I order=40)
[2026-01-09 10:08:33.964] MenuRegistry: Registered 'Excel Import Profiles' in 'Tools' menu (hotkey=I order=40)
[2026-01-09 10:08:33.965] ServiceContainer: Registered 'TextExportProfileManagerScreen' (singleton=False)
[2026-01-09 10:08:33.966] MenuRegistry: Registered 'T2020 Export Profiles' in 'Tools' menu (hotkey=E order=45)
[2026-01-09 10:08:33.967] MenuRegistry: Registered 'T2020 Export Profiles' in 'Tools' menu (hotkey=E order=45)
[2026-01-09 10:08:33.969] ServiceContainer: Registered 'SettingsScreen' (singleton=False)
[2026-01-09 10:08:33.969] MenuRegistry: Registered 'Settings' in 'Options' menu (hotkey=S order=20)
[2026-01-09 10:08:33.971] MenuRegistry: Registered 'Settings' in 'Options' menu (hotkey=S order=20)
[2026-01-09 10:08:33.972] ServiceContainer: Registered 'CommandLibraryScreen' (singleton=False)
[2026-01-09 10:08:33.972] MenuRegistry: Registered 'Command Library' in 'Tools' menu (hotkey=L order=10)
[2026-01-09 10:08:33.974] MenuRegistry: Registered 'Command Library' in 'Tools' menu (hotkey=L order=10)
[2026-01-09 10:08:33.975] ServiceContainer: Registered 'ExcelProfileManagerScreen' (singleton=False)
[2026-01-09 10:08:33.976] MenuRegistry: Registered 'Excel Profiles' in 'Projects' menu (hotkey=M order=50)
[2026-01-09 10:08:33.977] MenuRegistry: Registered 'Excel Profiles' in 'Projects' menu (hotkey=M order=50)
[2026-01-09 10:08:33.978] ServiceContainer: Registered 'ProjectListScreen' (singleton=False)
[2026-01-09 10:08:33.979] MenuRegistry: Registered 'Project List' in 'Projects' menu (hotkey=L order=10)
[2026-01-09 10:08:33.980] MenuRegistry: Registered 'Project List' in 'Projects' menu (hotkey=L order=10)
[2026-01-09 10:08:33.981] ServiceContainer: Registered 'HelpViewScreen' (singleton=False)
[2026-01-09 10:08:33.982] MenuRegistry: Registered 'Help' in 'Help' menu (hotkey=H order=10)
[2026-01-09 10:08:33.984] MenuRegistry: Registered 'Help' in 'Help' menu (hotkey=H order=10)
[2026-01-09 10:08:33.985] ServiceContainer: Registered 'TimeListScreen' (singleton=False)
[2026-01-09 10:08:33.986] MenuRegistry: Registered 'Time Tracking' in 'Time' menu (hotkey=T order=5)
[2026-01-09 10:08:33.987] MenuRegistry: Registered 'Time Tracking' in 'Time' menu (hotkey=T order=5)
[2026-01-09 10:08:33.988] ServiceContainer: Resolving 'TaskListScreen'...
[2026-01-09 10:08:34.007] ServiceContainer: Resolving 'TaskStore'...
[2026-01-09 10:08:34.094] ServiceContainer: Resolved 'TaskStore' successfully
[2026-01-09 10:08:34.632] [INFO] StandardListScreen._ConfigureListActions: Configuring actions for Tasks
[2026-01-09 10:08:34.648] [INFO] StandardListScreen: Added footer shortcut D -> Delete
[2026-01-09 10:08:34.665] [INFO] StandardListScreen._ConfigureListActions: Configured 16 footer shortcuts
[2026-01-09 10:08:34.808] _PopulateMenusFromRegistry: Menu 'Tools' has 6 items from registry (array)
[2026-01-09 10:08:34.824] _PopulateMenusFromRegistry: Menu 'Help' has 1 items from registry (array)
[2026-01-09 10:08:34.835] _PopulateMenusFromRegistry: Menu 'Options' has 2 items from registry (array)
[2026-01-09 10:08:34.838] _PopulateMenusFromRegistry: Menu 'Time' has 3 items from registry (array)
[2026-01-09 10:08:34.840] _PopulateMenusFromRegistry: Menu 'Projects' has 3 items from registry (array)
[2026-01-09 10:08:34.842] _PopulateMenusFromRegistry: Menu 'Tasks' has 1 items from registry (array)
[2026-01-09 10:08:34.844] ServiceContainer: Resolved 'TaskListScreen' successfully
[2026-01-09 10:08:35.116] [INFO] StandardListScreen._ConfigureListActions: Configuring actions for Tasks
[2026-01-09 10:08:35.118] [INFO] StandardListScreen: Added footer shortcut D -> Delete
[2026-01-09 10:08:35.123] [INFO] StandardListScreen._ConfigureListActions: Configured 16 footer shortcuts
[10:08:36.262] [Z-BUFFER] REJECTED at (4,4): currentZ=10 < zBuffer=20 char='T'
[10:08:36.264] [Z-BUFFER] REJECTED at (5,4): currentZ=10 < zBuffer=20 char='a'
[10:08:36.265] [Z-BUFFER] REJECTED at (6,4): currentZ=10 < zBuffer=20 char='s'
[10:08:36.267] [Z-BUFFER] REJECTED at (7,4): currentZ=10 < zBuffer=20 char='k'
[10:08:36.275] [Z-BUFFER] REJECTED at (27,4): currentZ=10 < zBuffer=20 char='D'
[10:08:36.276] [Z-BUFFER] REJECTED at (28,4): currentZ=10 < zBuffer=20 char='u'
[10:08:36.276] [Z-BUFFER] REJECTED at (29,4): currentZ=10 < zBuffer=20 char='e'
[10:08:36.278] [Z-BUFFER] REJECTED at (49,4): currentZ=10 < zBuffer=20 char='T'
[10:08:36.279] [Z-BUFFER] REJECTED at (50,4): currentZ=10 < zBuffer=20 char='a'
[10:08:36.280] [Z-BUFFER] REJECTED at (51,4): currentZ=10 < zBuffer=20 char='g'
[10:08:36.281] [Z-BUFFER] REJECTED at (52,4): currentZ=10 < zBuffer=20 char='s'
[10:08:56.389] [Z-BUFFER] REJECTED at (4,4): currentZ=10 < zBuffer=20 char='T'
[10:08:56.390] [Z-BUFFER] REJECTED at (5,4): currentZ=10 < zBuffer=20 char='a'
[10:08:56.390] [Z-BUFFER] REJECTED at (6,4): currentZ=10 < zBuffer=20 char='s'
[10:08:56.391] [Z-BUFFER] REJECTED at (7,4): currentZ=10 < zBuffer=20 char='k'
[10:08:56.391] [Z-BUFFER] REJECTED at (27,4): currentZ=10 < zBuffer=20 char='D'
[10:08:56.392] [Z-BUFFER] REJECTED at (28,4): currentZ=10 < zBuffer=20 char='u'
[10:08:56.392] [Z-BUFFER] REJECTED at (29,4): currentZ=10 < zBuffer=20 char='e'
[10:08:56.393] [Z-BUFFER] REJECTED at (49,4): currentZ=10 < zBuffer=200 char='T'
[10:08:56.393] [Z-BUFFER] REJECTED at (50,4): currentZ=10 < zBuffer=200 char='a'
[10:08:56.394] [Z-BUFFER] REJECTED at (51,4): currentZ=10 < zBuffer=200 char='g'
[10:08:56.394] [Z-BUFFER] REJECTED at (52,4): currentZ=10 < zBuffer=200 char='s'
[2026-01-09 10:08:57.482] ServiceContainer: Resolving 'ThemeEditorScreen'...
[2026-01-09 10:08:57.538] ServiceContainer: Resolved 'ThemeEditorScreen' successfully
