[2026-01-09 10:39:11.059] ServiceContainer: Registered 'Theme' (singleton=True)
[2026-01-09 10:39:11.062] ServiceContainer: Registered 'ThemeManager' (singleton=True)
[2026-01-09 10:39:11.063] ServiceContainer: Registered 'Config' (singleton=True)
[2026-01-09 10:39:11.063] ServiceContainer: Registered 'TaskStore' (singleton=True)
[2026-01-09 10:39:11.064] ServiceContainer: Registered 'MenuRegistry' (singleton=True)
[2026-01-09 10:39:11.065] ServiceContainer: Registered 'Application' (singleton=True)
[2026-01-09 10:39:11.066] ServiceContainer: Registered 'CommandService' (singleton=True)
[2026-01-09 10:39:11.066] ServiceContainer: Registered 'ChecklistService' (singleton=True)
[2026-01-09 10:39:11.067] ServiceContainer: Registered 'NoteService' (singleton=True)
[2026-01-09 10:39:11.068] ServiceContainer: Registered 'ExcelMappingService' (singleton=True)
[2026-01-09 10:39:11.069] ServiceContainer: Registered 'ExcelCopyService' (singleton=True)
[2026-01-09 10:39:11.069] ServiceContainer: Registered 'PreferencesService' (singleton=True)
[2026-01-09 10:39:11.070] ServiceContainer: Registered 'ExcelImportService' (singleton=True)
[2026-01-09 10:39:11.071] ServiceContainer: Registered 'TextExportService' (singleton=True)
[2026-01-09 10:39:11.072] ServiceContainer: Registered 'TaskListScreen' (singleton=False)
[2026-01-09 10:39:11.090] ServiceContainer: Resolving 'Application'...
[2026-01-09 10:39:11.092] ServiceContainer: Resolving 'Theme'...
[2026-01-09 10:39:11.248] ServiceContainer: Resolved 'Theme' successfully
[2026-01-09 10:39:11.312] ServiceContainer: Resolving 'ThemeManager'...
[2026-01-09 10:39:11.313] ServiceContainer: Resolved 'ThemeManager' successfully
[2026-01-09 10:39:11.324] ServiceContainer: Resolved 'Application' successfully
[2026-01-09 10:39:11.325] ServiceContainer: Resolving 'MenuRegistry'...
[2026-01-09 10:39:11.335] ServiceContainer: Resolved 'MenuRegistry' successfully
[2026-01-09 10:39:11.355] MenuRegistry: Loaded manifest with 17 entries
[2026-01-09 10:39:11.375] ServiceContainer: Registered 'ThemeEditorScreen' (singleton=False)
[2026-01-09 10:39:11.376] MenuRegistry: Registered 'Theme Editor' in 'Options' menu (hotkey=T order=10)
[2026-01-09 10:39:11.389] MenuRegistry: Registered 'Theme Editor' in 'Options' menu (hotkey=T order=10)
[2026-01-09 10:39:11.390] ServiceContainer: Registered 'CalendarScreen' (singleton=False)
[2026-01-09 10:39:11.391] MenuRegistry: Registered 'Calendar' in 'Tools' menu (hotkey=A order=50)
[2026-01-09 10:39:11.393] MenuRegistry: Registered 'Calendar' in 'Tools' menu (hotkey=A order=50)
[2026-01-09 10:39:11.394] ServiceContainer: Registered 'ExcelProfileManagerScreen' (singleton=False)
[2026-01-09 10:39:11.395] MenuRegistry: Registered 'Excel Profiles' in 'Projects' menu (hotkey=M order=50)
[2026-01-09 10:39:11.396] MenuRegistry: Registered 'Excel Profiles' in 'Projects' menu (hotkey=M order=50)
[2026-01-09 10:39:11.397] ServiceContainer: Registered 'WeeklyTimeReportScreen' (singleton=False)
[2026-01-09 10:39:11.398] MenuRegistry: Registered 'Weekly Report' in 'Time' menu (hotkey=W order=10)
[2026-01-09 10:39:11.399] MenuRegistry: Registered 'Weekly Report' in 'Time' menu (hotkey=W order=10)
[2026-01-09 10:39:11.400] ServiceContainer: Registered 'TextExportProfileManagerScreen' (singleton=False)
[2026-01-09 10:39:11.400] MenuRegistry: Registered 'T2020 Export Profiles' in 'Tools' menu (hotkey=E order=45)
[2026-01-09 10:39:11.401] MenuRegistry: Registered 'T2020 Export Profiles' in 'Tools' menu (hotkey=E order=45)
[2026-01-09 10:39:11.403] ServiceContainer: Registered 'TaskListScreen_Default' (singleton=False)
[2026-01-09 10:39:11.403] MenuRegistry: Registered 'Task List' in 'Tasks' menu (hotkey=L order=5)
[2026-01-09 10:39:11.405] MenuRegistry: Registered 'Task List' in 'Tasks' menu (hotkey=L order=5)
[2026-01-09 10:39:11.406] ServiceContainer: Registered 'ExcelImportProfileManagerScreen' (singleton=False)
[2026-01-09 10:39:11.407] MenuRegistry: Registered 'Excel Import Profiles' in 'Tools' menu (hotkey=I order=40)
[2026-01-09 10:39:11.408] MenuRegistry: Registered 'Excel Import Profiles' in 'Tools' menu (hotkey=I order=40)
[2026-01-09 10:39:11.409] ServiceContainer: Registered 'ProjectListScreen' (singleton=False)
[2026-01-09 10:39:11.410] MenuRegistry: Registered 'Project List' in 'Projects' menu (hotkey=L order=10)
[2026-01-09 10:39:11.411] MenuRegistry: Registered 'Project List' in 'Projects' menu (hotkey=L order=10)
[2026-01-09 10:39:11.412] ServiceContainer: Registered 'SettingsScreen' (singleton=False)
[2026-01-09 10:39:11.413] MenuRegistry: Registered 'Settings' in 'Options' menu (hotkey=S order=20)
[2026-01-09 10:39:11.414] MenuRegistry: Registered 'Settings' in 'Options' menu (hotkey=S order=20)
[2026-01-09 10:39:11.415] ServiceContainer: Registered 'TimeListScreen' (singleton=False)
[2026-01-09 10:39:11.416] MenuRegistry: Registered 'Time Tracking' in 'Time' menu (hotkey=T order=5)
[2026-01-09 10:39:11.417] MenuRegistry: Registered 'Time Tracking' in 'Time' menu (hotkey=T order=5)
[2026-01-09 10:39:11.418] ServiceContainer: Registered 'NotesMenuScreen' (singleton=False)
[2026-01-09 10:39:11.418] MenuRegistry: Registered 'Notes' in 'Tools' menu (hotkey=N order=20)
[2026-01-09 10:39:11.420] MenuRegistry: Registered 'Notes' in 'Tools' menu (hotkey=N order=20)
[2026-01-09 10:39:11.421] ServiceContainer: Registered 'ChecklistTemplatesFolderScreen' (singleton=False)
[2026-01-09 10:39:11.422] MenuRegistry: Registered 'Checklist Templates' in 'Tools' menu (hotkey=H order=30)
[2026-01-09 10:39:11.442] MenuRegistry: Registered 'Checklist Templates' in 'Tools' menu (hotkey=H order=30)
[2026-01-09 10:39:11.443] ServiceContainer: Registered 'ExcelImportScreen' (singleton=False)
[2026-01-09 10:39:11.444] MenuRegistry: Registered 'Import from Excel' in 'Projects' menu (hotkey=I order=40)
[2026-01-09 10:39:11.445] MenuRegistry: Registered 'Import from Excel' in 'Projects' menu (hotkey=I order=40)
[2026-01-09 10:39:11.446] ServiceContainer: Registered 'HelpViewScreen' (singleton=False)
[2026-01-09 10:39:11.446] MenuRegistry: Registered 'Help' in 'Help' menu (hotkey=H order=10)
[2026-01-09 10:39:11.448] MenuRegistry: Registered 'Help' in 'Help' menu (hotkey=H order=10)
[2026-01-09 10:39:11.449] ServiceContainer: Registered 'ChecklistsLauncherScreen' (singleton=False)
[2026-01-09 10:39:11.449] MenuRegistry: Registered 'Checklists' in 'Tools' menu (hotkey=C order=25)
[2026-01-09 10:39:11.450] MenuRegistry: Registered 'Checklists' in 'Tools' menu (hotkey=C order=25)
[2026-01-09 10:39:11.452] ServiceContainer: Registered 'CommandLibraryScreen' (singleton=False)
[2026-01-09 10:39:11.453] MenuRegistry: Registered 'Command Library' in 'Tools' menu (hotkey=L order=10)
[2026-01-09 10:39:11.454] MenuRegistry: Registered 'Command Library' in 'Tools' menu (hotkey=L order=10)
[2026-01-09 10:39:11.456] ServiceContainer: Registered 'TimeReportScreen' (singleton=False)
[2026-01-09 10:39:11.457] MenuRegistry: Registered 'Time Report' in 'Time' menu (hotkey=R order=20)
[2026-01-09 10:39:11.458] MenuRegistry: Registered 'Time Report' in 'Time' menu (hotkey=R order=20)
[2026-01-09 10:39:11.460] ServiceContainer: Resolving 'TaskListScreen'...
[2026-01-09 10:39:11.462] ServiceContainer: Resolving 'TaskStore'...
[2026-01-09 10:39:11.553] ServiceContainer: Resolved 'TaskStore' successfully
[2026-01-09 10:39:12.050] [INFO] StandardListScreen._ConfigureListActions: Configuring actions for Tasks
[2026-01-09 10:39:12.066] [INFO] StandardListScreen: Added footer shortcut D -> Delete
[2026-01-09 10:39:12.083] [INFO] StandardListScreen._ConfigureListActions: Configured 16 footer shortcuts
[2026-01-09 10:39:12.232] _PopulateMenusFromRegistry: Menu 'Tools' has 7 items from registry (array)
[2026-01-09 10:39:12.247] _PopulateMenusFromRegistry: Menu 'Help' has 1 items from registry (array)
[2026-01-09 10:39:12.249] _PopulateMenusFromRegistry: Menu 'Time' has 3 items from registry (array)
[2026-01-09 10:39:12.251] _PopulateMenusFromRegistry: Menu 'Tasks' has 1 items from registry (array)
[2026-01-09 10:39:12.254] _PopulateMenusFromRegistry: Menu 'Projects' has 3 items from registry (array)
[2026-01-09 10:39:12.256] _PopulateMenusFromRegistry: Menu 'Options' has 2 items from registry (array)
[2026-01-09 10:39:12.258] ServiceContainer: Resolved 'TaskListScreen' successfully
[2026-01-09 10:39:12.545] [INFO] StandardListScreen._ConfigureListActions: Configuring actions for Tasks
[2026-01-09 10:39:12.546] [INFO] StandardListScreen: Added footer shortcut D -> Delete
[2026-01-09 10:39:12.551] [INFO] StandardListScreen._ConfigureListActions: Configured 16 footer shortcuts
[10:39:13.651] [Z-BUFFER] REJECTED at (4,4): currentZ=10 < zBuffer=20 char='T'
[10:39:13.652] [Z-BUFFER] REJECTED at (5,4): currentZ=10 < zBuffer=20 char='a'
[10:39:13.653] [Z-BUFFER] REJECTED at (6,4): currentZ=10 < zBuffer=20 char='s'
[10:39:13.654] [Z-BUFFER] REJECTED at (7,4): currentZ=10 < zBuffer=20 char='k'
[10:39:13.655] [Z-BUFFER] REJECTED at (27,4): currentZ=10 < zBuffer=20 char='D'
[10:39:13.656] [Z-BUFFER] REJECTED at (28,4): currentZ=10 < zBuffer=20 char='u'
[10:39:13.658] [Z-BUFFER] REJECTED at (29,4): currentZ=10 < zBuffer=20 char='e'
[10:39:13.659] [Z-BUFFER] REJECTED at (49,4): currentZ=10 < zBuffer=20 char='T'
[10:39:13.660] [Z-BUFFER] REJECTED at (50,4): currentZ=10 < zBuffer=20 char='a'
[10:39:13.661] [Z-BUFFER] REJECTED at (51,4): currentZ=10 < zBuffer=20 char='g'
[10:39:13.661] [Z-BUFFER] REJECTED at (52,4): currentZ=10 < zBuffer=20 char='s'
[10:39:19.111] [Z-BUFFER] REJECTED at (4,4): currentZ=10 < zBuffer=20 char='T'
[10:39:19.112] [Z-BUFFER] REJECTED at (5,4): currentZ=10 < zBuffer=20 char='a'
[10:39:19.113] [Z-BUFFER] REJECTED at (6,4): currentZ=10 < zBuffer=20 char='s'
[10:39:19.114] [Z-BUFFER] REJECTED at (7,4): currentZ=10 < zBuffer=20 char='k'
[10:39:19.114] [Z-BUFFER] REJECTED at (27,4): currentZ=10 < zBuffer=20 char='D'
[10:39:19.118] [Z-BUFFER] REJECTED at (28,4): currentZ=10 < zBuffer=20 char='u'
[10:39:19.118] [Z-BUFFER] REJECTED at (29,4): currentZ=10 < zBuffer=20 char='e'
[10:39:19.119] [Z-BUFFER] REJECTED at (49,4): currentZ=10 < zBuffer=200 char='T'
[10:39:19.120] [Z-BUFFER] REJECTED at (50,4): currentZ=10 < zBuffer=200 char='a'
[10:39:19.120] [Z-BUFFER] REJECTED at (51,4): currentZ=10 < zBuffer=200 char='g'
[10:39:19.120] [Z-BUFFER] REJECTED at (52,4): currentZ=10 < zBuffer=200 char='s'
[2026-01-09 10:39:21.825] ServiceContainer: Resolving 'CalendarScreen'...
[2026-01-09 10:39:21.930] ServiceContainer: Resolved 'CalendarScreen' successfully
