[2026-01-03 11:01:28.383] ServiceContainer: Registered 'Theme' (singleton=True)
[2026-01-03 11:01:28.388] ServiceContainer: Registered 'ThemeManager' (singleton=True)
[2026-01-03 11:01:28.389] ServiceContainer: Registered 'Config' (singleton=True)
[2026-01-03 11:01:28.391] ServiceContainer: Registered 'TaskStore' (singleton=True)
[2026-01-03 11:01:28.392] ServiceContainer: Registered 'MenuRegistry' (singleton=True)
[2026-01-03 11:01:28.393] ServiceContainer: Registered 'Application' (singleton=True)
[2026-01-03 11:01:28.394] ServiceContainer: Registered 'CommandService' (singleton=True)
[2026-01-03 11:01:28.395] ServiceContainer: Registered 'ChecklistService' (singleton=True)
[2026-01-03 11:01:28.396] ServiceContainer: Registered 'NoteService' (singleton=True)
[2026-01-03 11:01:28.397] ServiceContainer: Registered 'ExcelMappingService' (singleton=True)
[2026-01-03 11:01:28.398] ServiceContainer: Registered 'ExcelCopyService' (singleton=True)
[2026-01-03 11:01:28.399] ServiceContainer: Registered 'PreferencesService' (singleton=True)
[2026-01-03 11:01:28.401] ServiceContainer: Registered 'ExcelImportService' (singleton=True)
[2026-01-03 11:01:28.402] ServiceContainer: Registered 'TextExportService' (singleton=True)
[2026-01-03 11:01:28.403] ServiceContainer: Registered 'TaskListScreen' (singleton=False)
[2026-01-03 11:01:28.425] ServiceContainer: Resolving 'Application'...
[2026-01-03 11:01:28.428] ServiceContainer: Resolving 'Theme'...
[2026-01-03 11:01:28.701] ServiceContainer: Resolved 'Theme' successfully
[2026-01-03 11:01:28.834] ServiceContainer: Resolving 'ThemeManager'...
[2026-01-03 11:01:28.837] ServiceContainer: Resolved 'ThemeManager' successfully
[2026-01-03 11:01:28.855] ServiceContainer: Resolved 'Application' successfully
[2026-01-03 11:01:28.856] ServiceContainer: Resolving 'MenuRegistry'...
[2026-01-03 11:01:28.873] ServiceContainer: Resolved 'MenuRegistry' successfully
[2026-01-03 11:01:28.898] MenuRegistry: Loaded manifest with 16 entries
[2026-01-03 11:01:28.932] ServiceContainer: Registered 'NotesMenuScreen' (singleton=False)
[2026-01-03 11:01:28.933] MenuRegistry: Registered 'Notes' in 'Tools' menu (hotkey=N order=20)
[2026-01-03 11:01:28.954] MenuRegistry: Registered 'Notes' in 'Tools' menu (hotkey=N order=20)
[2026-01-03 11:01:28.957] ServiceContainer: Registered 'ExcelImportProfileManagerScreen' (singleton=False)
[2026-01-03 11:01:28.958] MenuRegistry: Registered 'Excel Import Profiles' in 'Tools' menu (hotkey=I order=40)
[2026-01-03 11:01:28.961] MenuRegistry: Registered 'Excel Import Profiles' in 'Tools' menu (hotkey=I order=40)
[2026-01-03 11:01:28.963] ServiceContainer: Registered 'SettingsScreen' (singleton=False)
[2026-01-03 11:01:28.963] MenuRegistry: Registered 'Settings' in 'Options' menu (hotkey=S order=20)
[2026-01-03 11:01:28.965] MenuRegistry: Registered 'Settings' in 'Options' menu (hotkey=S order=20)
[2026-01-03 11:01:28.978] ServiceContainer: Registered 'WeeklyTimeReportScreen' (singleton=False)
[2026-01-03 11:01:28.980] MenuRegistry: Registered 'Weekly Report' in 'Time' menu (hotkey=W order=10)
[2026-01-03 11:01:28.981] MenuRegistry: Registered 'Weekly Report' in 'Time' menu (hotkey=W order=10)
[2026-01-03 11:01:28.983] ServiceContainer: Registered 'TimeListScreen' (singleton=False)
[2026-01-03 11:01:28.984] MenuRegistry: Registered 'Time Tracking' in 'Time' menu (hotkey=T order=5)
[2026-01-03 11:01:28.986] MenuRegistry: Registered 'Time Tracking' in 'Time' menu (hotkey=T order=5)
[2026-01-03 11:01:28.988] ServiceContainer: Registered 'ChecklistsLauncherScreen' (singleton=False)
[2026-01-03 11:01:28.989] MenuRegistry: Registered 'Checklists' in 'Tools' menu (hotkey=C order=25)
[2026-01-03 11:01:28.990] MenuRegistry: Registered 'Checklists' in 'Tools' menu (hotkey=C order=25)
[2026-01-03 11:01:28.992] ServiceContainer: Registered 'ThemeEditorScreen' (singleton=False)
[2026-01-03 11:01:28.993] MenuRegistry: Registered 'Theme Editor' in 'Options' menu (hotkey=T order=10)
[2026-01-03 11:01:28.995] MenuRegistry: Registered 'Theme Editor' in 'Options' menu (hotkey=T order=10)
[2026-01-03 11:01:28.997] ServiceContainer: Registered 'TimeReportScreen' (singleton=False)
[2026-01-03 11:01:28.999] MenuRegistry: Registered 'Time Report' in 'Time' menu (hotkey=R order=20)
[2026-01-03 11:01:29.001] MenuRegistry: Registered 'Time Report' in 'Time' menu (hotkey=R order=20)
[2026-01-03 11:01:29.003] ServiceContainer: Registered 'TaskListScreen_Default' (singleton=False)
[2026-01-03 11:01:29.004] MenuRegistry: Registered 'Task List' in 'Tasks' menu (hotkey=L order=5)
[2026-01-03 11:01:29.005] MenuRegistry: Registered 'Task List' in 'Tasks' menu (hotkey=L order=5)
[2026-01-03 11:01:29.007] ServiceContainer: Registered 'ExcelImportScreen' (singleton=False)
[2026-01-03 11:01:29.009] MenuRegistry: Registered 'Import from Excel' in 'Projects' menu (hotkey=I order=40)
[2026-01-03 11:01:29.011] MenuRegistry: Registered 'Import from Excel' in 'Projects' menu (hotkey=I order=40)
[2026-01-03 11:01:29.013] ServiceContainer: Registered 'ProjectListScreen' (singleton=False)
[2026-01-03 11:01:29.014] MenuRegistry: Registered 'Project List' in 'Projects' menu (hotkey=L order=10)
[2026-01-03 11:01:29.016] MenuRegistry: Registered 'Project List' in 'Projects' menu (hotkey=L order=10)
[2026-01-03 11:01:29.018] ServiceContainer: Registered 'TextExportProfileManagerScreen' (singleton=False)
[2026-01-03 11:01:29.019] MenuRegistry: Registered 'T2020 Export Profiles' in 'Tools' menu (hotkey=E order=45)
[2026-01-03 11:01:29.021] MenuRegistry: Registered 'T2020 Export Profiles' in 'Tools' menu (hotkey=E order=45)
[2026-01-03 11:01:29.023] ServiceContainer: Registered 'CommandLibraryScreen' (singleton=False)
[2026-01-03 11:01:29.024] MenuRegistry: Registered 'Command Library' in 'Tools' menu (hotkey=L order=10)
[2026-01-03 11:01:29.026] MenuRegistry: Registered 'Command Library' in 'Tools' menu (hotkey=L order=10)
[2026-01-03 11:01:29.028] ServiceContainer: Registered 'ExcelProfileManagerScreen' (singleton=False)
[2026-01-03 11:01:29.029] MenuRegistry: Registered 'Excel Profiles' in 'Projects' menu (hotkey=M order=50)
[2026-01-03 11:01:29.030] MenuRegistry: Registered 'Excel Profiles' in 'Projects' menu (hotkey=M order=50)
[2026-01-03 11:01:29.033] ServiceContainer: Registered 'ChecklistTemplatesFolderScreen' (singleton=False)
[2026-01-03 11:01:29.034] MenuRegistry: Registered 'Checklist Templates' in 'Tools' menu (hotkey=H order=30)
[2026-01-03 11:01:29.036] MenuRegistry: Registered 'Checklist Templates' in 'Tools' menu (hotkey=H order=30)
[2026-01-03 11:01:29.038] ServiceContainer: Registered 'HelpViewScreen' (singleton=False)
[2026-01-03 11:01:29.039] MenuRegistry: Registered 'Help' in 'Help' menu (hotkey=H order=10)
[2026-01-03 11:01:29.041] MenuRegistry: Registered 'Help' in 'Help' menu (hotkey=H order=10)
[2026-01-03 11:01:29.043] ServiceContainer: Resolving 'TaskListScreen'...
[2026-01-03 11:01:29.045] ServiceContainer: Resolving 'TaskStore'...
[2026-01-03 11:01:29.212] ServiceContainer: Resolved 'TaskStore' successfully
[2026-01-03 11:01:30.329] _PopulateMenusFromRegistry: Menu 'Options' has 2 items from registry (array)
[2026-01-03 11:01:30.357] _PopulateMenusFromRegistry: Menu 'Help' has 1 items from registry (array)
[2026-01-03 11:01:30.360] _PopulateMenusFromRegistry: Menu 'Time' has 3 items from registry (array)
[2026-01-03 11:01:30.363] _PopulateMenusFromRegistry: Menu 'Tasks' has 1 items from registry (array)
[2026-01-03 11:01:30.369] _PopulateMenusFromRegistry: Menu 'Tools' has 6 items from registry (array)
[2026-01-03 11:01:30.373] _PopulateMenusFromRegistry: Menu 'Projects' has 3 items from registry (array)
[2026-01-03 11:01:30.376] ServiceContainer: Resolved 'TaskListScreen' successfully
[2026-01-03 11:01:35.899] ServiceContainer: Resolving 'ProjectListScreen'...
[2026-01-03 11:01:36.044] ServiceContainer: Resolved 'ProjectListScreen' successfully
