[2025-12-19 20:32:51.291] ServiceContainer: Registered 'Theme' (singleton=True)
[2025-12-19 20:32:51.302] ServiceContainer: Registered 'ThemeManager' (singleton=True)
[2025-12-19 20:32:51.304] ServiceContainer: Registered 'Config' (singleton=True)
[2025-12-19 20:32:51.305] ServiceContainer: Registered 'TaskStore' (singleton=True)
[2025-12-19 20:32:51.306] ServiceContainer: Registered 'MenuRegistry' (singleton=True)
[2025-12-19 20:32:51.307] ServiceContainer: Registered 'Application' (singleton=True)
[2025-12-19 20:32:51.308] ServiceContainer: Registered 'CommandService' (singleton=True)
[2025-12-19 20:32:51.309] ServiceContainer: Registered 'ChecklistService' (singleton=True)
[2025-12-19 20:32:51.311] ServiceContainer: Registered 'NoteService' (singleton=True)
[2025-12-19 20:32:51.312] ServiceContainer: Registered 'ExcelMappingService' (singleton=True)
[2025-12-19 20:32:51.313] ServiceContainer: Registered 'PreferencesService' (singleton=True)
[2025-12-19 20:32:51.314] ServiceContainer: Registered 'TaskListScreen' (singleton=False)
[2025-12-19 20:32:51.337] ServiceContainer: Resolving 'Application'...
[2025-12-19 20:32:51.340] ServiceContainer: Resolving 'Theme'...
[2025-12-19 20:32:51.713] ServiceContainer: Resolved 'Theme' successfully
[2025-12-19 20:32:51.828] ServiceContainer: Resolving 'ThemeManager'...
[2025-12-19 20:32:51.843] ServiceContainer: Resolved 'ThemeManager' successfully
[2025-12-19 20:32:51.863] ServiceContainer: Resolved 'Application' successfully
[2025-12-19 20:32:51.865] ServiceContainer: Resolving 'MenuRegistry'...
[2025-12-19 20:32:51.887] ServiceContainer: Resolved 'MenuRegistry' successfully
[2025-12-19 20:32:51.911] MenuRegistry: Loaded manifest with 23 entries
[2025-12-19 20:32:51.945] ServiceContainer: Registered 'ChecklistsLauncherScreen' (singleton=False)
[2025-12-19 20:32:51.946] MenuRegistry: Registered screen factory 'ChecklistsLauncherScreen' in container (viewMode=)
[2025-12-19 20:32:51.966] MenuRegistry: Registered 'Checklists' in 'Tools' menu (hotkey=C order=25)
[2025-12-19 20:32:51.968] ServiceContainer: Registered 'ProjectListScreen' (singleton=False)
[2025-12-19 20:32:51.969] MenuRegistry: Registered screen factory 'ProjectListScreen' in container (viewMode=)
[2025-12-19 20:32:51.972] MenuRegistry: Registered 'Project List' in 'Projects' menu (hotkey=L order=10)
[2025-12-19 20:32:51.976] ServiceContainer: Registered 'TaskListScreen_Month' (singleton=False)
[2025-12-19 20:32:51.977] MenuRegistry: Registered screen factory 'TaskListScreen_Month' in container (viewMode=month)
[2025-12-19 20:32:51.978] MenuRegistry: Registered 'Month View' in 'Tasks' menu (hotkey=M order=45)
[2025-12-19 20:32:51.980] ServiceContainer: Registered 'TimeReportScreen' (singleton=False)
[2025-12-19 20:32:51.981] MenuRegistry: Registered screen factory 'TimeReportScreen' in container (viewMode=)
[2025-12-19 20:32:51.982] MenuRegistry: Registered 'Time Report' in 'Time' menu (hotkey=R order=20)
[2025-12-19 20:32:51.984] ServiceContainer: Registered 'TaskListScreen_Tomorrow' (singleton=False)
[2025-12-19 20:32:51.985] MenuRegistry: Registered screen factory 'TaskListScreen_Tomorrow' in container (viewMode=tomorrow)
[2025-12-19 20:32:51.987] MenuRegistry: Registered 'Tomorrow' in 'Tasks' menu (hotkey=T order=15)
[2025-12-19 20:32:51.988] ServiceContainer: Registered 'ChecklistTemplatesFolderScreen' (singleton=False)
[2025-12-19 20:32:51.989] MenuRegistry: Registered screen factory 'ChecklistTemplatesFolderScreen' in container (viewMode=)
[2025-12-19 20:32:51.991] MenuRegistry: Registered 'Checklist Templates' in 'Tools' menu (hotkey=H order=30)
[2025-12-19 20:32:51.992] ServiceContainer: Registered 'TaskListScreen_Agenda' (singleton=False)
[2025-12-19 20:32:51.993] MenuRegistry: Registered screen factory 'TaskListScreen_Agenda' in container (viewMode=agenda)
[2025-12-19 20:32:51.994] MenuRegistry: Registered 'Agenda View' in 'Tasks' menu (hotkey=A order=50)
[2025-12-19 20:32:51.996] ServiceContainer: Registered 'TaskListScreen_Week' (singleton=False)
[2025-12-19 20:32:51.997] MenuRegistry: Registered screen factory 'TaskListScreen_Week' in container (viewMode=week)
[2025-12-19 20:32:51.999] MenuRegistry: Registered 'Week View' in 'Tasks' menu (hotkey=W order=20)
[2025-12-19 20:32:52.029] ServiceContainer: Registered 'TaskListScreen_NoDate' (singleton=False)
[2025-12-19 20:32:52.030] MenuRegistry: Registered screen factory 'TaskListScreen_NoDate' in container (viewMode=noduedate)
[2025-12-19 20:32:52.032] MenuRegistry: Registered 'No Due Date' in 'Tasks' menu (hotkey=D order=40)
[2025-12-19 20:32:52.033] ServiceContainer: Registered 'TaskListScreen_Default' (singleton=False)
[2025-12-19 20:32:52.034] MenuRegistry: Registered screen factory 'TaskListScreen_Default' in container (viewMode=)
[2025-12-19 20:32:52.036] MenuRegistry: Registered 'Task List' in 'Tasks' menu (hotkey=L order=5)
[2025-12-19 20:32:52.037] ServiceContainer: Registered 'TaskListScreen_NextActions' (singleton=False)
[2025-12-19 20:32:52.038] MenuRegistry: Registered screen factory 'TaskListScreen_NextActions' in container (viewMode=nextactions)
[2025-12-19 20:32:52.040] MenuRegistry: Registered 'Next Actions' in 'Tasks' menu (hotkey=N order=35)
[2025-12-19 20:32:52.041] ServiceContainer: Registered 'ExcelImportScreen' (singleton=False)
[2025-12-19 20:32:52.042] MenuRegistry: Registered screen factory 'ExcelImportScreen' in container (viewMode=)
[2025-12-19 20:32:52.044] MenuRegistry: Registered 'Import from Excel' in 'Projects' menu (hotkey=I order=40)
[2025-12-19 20:32:52.045] ServiceContainer: Registered 'NotesMenuScreen' (singleton=False)
[2025-12-19 20:32:52.046] MenuRegistry: Registered screen factory 'NotesMenuScreen' in container (viewMode=)
[2025-12-19 20:32:52.048] MenuRegistry: Registered 'Notes' in 'Tools' menu (hotkey=N order=20)
[2025-12-19 20:32:52.049] ServiceContainer: Registered 'ThemeEditorScreen' (singleton=False)
[2025-12-19 20:32:52.050] MenuRegistry: Registered screen factory 'ThemeEditorScreen' in container (viewMode=)
[2025-12-19 20:32:52.051] MenuRegistry: Registered 'Theme Editor' in 'Options' menu (hotkey=T order=10)
[2025-12-19 20:32:52.053] ServiceContainer: Registered 'TaskListScreen_Upcoming' (singleton=False)
[2025-12-19 20:32:52.054] MenuRegistry: Registered screen factory 'TaskListScreen_Upcoming' in container (viewMode=upcoming)
[2025-12-19 20:32:52.055] MenuRegistry: Registered 'Upcoming' in 'Tasks' menu (hotkey=U order=25)
[2025-12-19 20:32:52.057] ServiceContainer: Registered 'TaskListScreen_Overdue' (singleton=False)
[2025-12-19 20:32:52.058] MenuRegistry: Registered screen factory 'TaskListScreen_Overdue' in container (viewMode=overdue)
[2025-12-19 20:32:52.060] MenuRegistry: Registered 'Overdue' in 'Tasks' menu (hotkey=O order=30)
[2025-12-19 20:32:52.061] ServiceContainer: Registered 'CommandLibraryScreen' (singleton=False)
[2025-12-19 20:32:52.062] MenuRegistry: Registered screen factory 'CommandLibraryScreen' in container (viewMode=)
[2025-12-19 20:32:52.064] MenuRegistry: Registered 'Command Library' in 'Tools' menu (hotkey=L order=10)
[2025-12-19 20:32:52.066] ServiceContainer: Registered 'WeeklyTimeReportScreen' (singleton=False)
[2025-12-19 20:32:52.067] MenuRegistry: Registered screen factory 'WeeklyTimeReportScreen' in container (viewMode=)
[2025-12-19 20:32:52.069] MenuRegistry: Registered 'Weekly Report' in 'Time' menu (hotkey=W order=10)
[2025-12-19 20:32:52.071] ServiceContainer: Registered 'TaskListScreen_Today' (singleton=False)
[2025-12-19 20:32:52.072] MenuRegistry: Registered screen factory 'TaskListScreen_Today' in container (viewMode=today)
[2025-12-19 20:32:52.075] MenuRegistry: Registered 'Today' in 'Tasks' menu (hotkey=Y order=10)
[2025-12-19 20:32:52.078] ServiceContainer: Registered 'TimeListScreen' (singleton=False)
[2025-12-19 20:32:52.079] MenuRegistry: Registered screen factory 'TimeListScreen' in container (viewMode=)
[2025-12-19 20:32:52.081] MenuRegistry: Registered 'Time Tracking' in 'Time' menu (hotkey=T order=5)
[2025-12-19 20:32:52.084] ServiceContainer: Registered 'ExcelProfileManagerScreen' (singleton=False)
[2025-12-19 20:32:52.085] MenuRegistry: Registered screen factory 'ExcelProfileManagerScreen' in container (viewMode=)
[2025-12-19 20:32:52.087] MenuRegistry: Registered 'Excel Profiles' in 'Projects' menu (hotkey=M order=50)
[2025-12-19 20:32:52.089] ServiceContainer: Registered 'SettingsScreen' (singleton=False)
[2025-12-19 20:32:52.091] MenuRegistry: Registered screen factory 'SettingsScreen' in container (viewMode=)
[2025-12-19 20:32:52.098] MenuRegistry: Registered 'Settings' in 'Options' menu (hotkey=S order=20)
[2025-12-19 20:32:52.101] ServiceContainer: Registered 'HelpViewScreen' (singleton=False)
[2025-12-19 20:32:52.103] MenuRegistry: Registered screen factory 'HelpViewScreen' in container (viewMode=)
[2025-12-19 20:32:52.105] MenuRegistry: Registered 'Help' in 'Help' menu (hotkey=H order=10)
[2025-12-19 20:32:52.107] ServiceContainer: Resolving 'TaskListScreen'...
[2025-12-19 20:32:52.109] ServiceContainer: Resolving 'TaskStore'...
[2025-12-19 20:32:52.430] ServiceContainer: Resolved 'TaskStore' successfully
[2025-12-19 20:32:53.401] _PopulateMenusFromRegistry: Menu 'Tasks' has 10 items from registry (array)
[2025-12-19 20:32:53.430] _PopulateMenusFromRegistry: Menu 'Projects' has 3 items from registry (array)
[2025-12-19 20:32:53.434] _PopulateMenusFromRegistry: Menu 'Tools' has 4 items from registry (array)
[2025-12-19 20:32:53.437] _PopulateMenusFromRegistry: Menu 'Options' has 2 items from registry (array)
[2025-12-19 20:32:53.442] _PopulateMenusFromRegistry: Menu 'Help' has 1 items from registry (array)
[2025-12-19 20:32:53.446] _PopulateMenusFromRegistry: Menu 'Time' has 3 items from registry (array)
[2025-12-19 20:32:53.449] ServiceContainer: Resolved 'TaskListScreen' successfully
