[2025-12-20 08:09:45.066] ServiceContainer: Registered 'Theme' (singleton=True)
[2025-12-20 08:09:45.074] ServiceContainer: Registered 'ThemeManager' (singleton=True)
[2025-12-20 08:09:45.076] ServiceContainer: Registered 'Config' (singleton=True)
[2025-12-20 08:09:45.077] ServiceContainer: Registered 'TaskStore' (singleton=True)
[2025-12-20 08:09:45.078] ServiceContainer: Registered 'MenuRegistry' (singleton=True)
[2025-12-20 08:09:45.080] ServiceContainer: Registered 'Application' (singleton=True)
[2025-12-20 08:09:45.081] ServiceContainer: Registered 'CommandService' (singleton=True)
[2025-12-20 08:09:45.082] ServiceContainer: Registered 'ChecklistService' (singleton=True)
[2025-12-20 08:09:45.083] ServiceContainer: Registered 'NoteService' (singleton=True)
[2025-12-20 08:09:45.093] ServiceContainer: Registered 'ExcelMappingService' (singleton=True)
[2025-12-20 08:09:45.094] ServiceContainer: Registered 'PreferencesService' (singleton=True)
[2025-12-20 08:09:45.095] ServiceContainer: Registered 'TaskListScreen' (singleton=False)
[2025-12-20 08:09:45.110] ServiceContainer: Resolving 'Application'...
[2025-12-20 08:09:45.113] ServiceContainer: Resolving 'Theme'...
[2025-12-20 08:09:45.327] ServiceContainer: Resolved 'Theme' successfully
[2025-12-20 08:09:45.420] ServiceContainer: Resolving 'ThemeManager'...
[2025-12-20 08:09:45.422] ServiceContainer: Resolved 'ThemeManager' successfully
[2025-12-20 08:09:45.437] ServiceContainer: Resolved 'Application' successfully
[2025-12-20 08:09:45.438] ServiceContainer: Resolving 'MenuRegistry'...
[2025-12-20 08:09:45.451] ServiceContainer: Resolved 'MenuRegistry' successfully
[2025-12-20 08:09:45.473] MenuRegistry: Loaded manifest with 23 entries
[2025-12-20 08:09:45.529] ServiceContainer: Registered 'TaskListScreen_NoDate' (singleton=False)
[2025-12-20 08:09:45.530] MenuRegistry: Registered screen factory 'TaskListScreen_NoDate' in container (viewMode=noduedate)
[2025-12-20 08:09:45.546] MenuRegistry: Registered 'No Due Date' in 'Tasks' menu (hotkey=D order=40)
[2025-12-20 08:09:45.548] ServiceContainer: Registered 'TaskListScreen_Upcoming' (singleton=False)
[2025-12-20 08:09:45.549] MenuRegistry: Registered screen factory 'TaskListScreen_Upcoming' in container (viewMode=upcoming)
[2025-12-20 08:09:45.551] MenuRegistry: Registered 'Upcoming' in 'Tasks' menu (hotkey=U order=25)
[2025-12-20 08:09:45.553] ServiceContainer: Registered 'SettingsScreen' (singleton=False)
[2025-12-20 08:09:45.555] MenuRegistry: Registered screen factory 'SettingsScreen' in container (viewMode=)
[2025-12-20 08:09:45.557] MenuRegistry: Registered 'Settings' in 'Options' menu (hotkey=S order=20)
[2025-12-20 08:09:45.559] ServiceContainer: Registered 'TaskListScreen_Default' (singleton=False)
[2025-12-20 08:09:45.561] MenuRegistry: Registered screen factory 'TaskListScreen_Default' in container (viewMode=)
[2025-12-20 08:09:45.562] MenuRegistry: Registered 'Task List' in 'Tasks' menu (hotkey=L order=5)
[2025-12-20 08:09:45.564] ServiceContainer: Registered 'TimeListScreen' (singleton=False)
[2025-12-20 08:09:45.565] MenuRegistry: Registered screen factory 'TimeListScreen' in container (viewMode=)
[2025-12-20 08:09:45.566] MenuRegistry: Registered 'Time Tracking' in 'Time' menu (hotkey=T order=5)
[2025-12-20 08:09:45.569] ServiceContainer: Registered 'TaskListScreen_Tomorrow' (singleton=False)
[2025-12-20 08:09:45.570] MenuRegistry: Registered screen factory 'TaskListScreen_Tomorrow' in container (viewMode=tomorrow)
[2025-12-20 08:09:45.571] MenuRegistry: Registered 'Tomorrow' in 'Tasks' menu (hotkey=T order=15)
[2025-12-20 08:09:45.573] ServiceContainer: Registered 'TaskListScreen_Today' (singleton=False)
[2025-12-20 08:09:45.574] MenuRegistry: Registered screen factory 'TaskListScreen_Today' in container (viewMode=today)
[2025-12-20 08:09:45.575] MenuRegistry: Registered 'Today' in 'Tasks' menu (hotkey=Y order=10)
[2025-12-20 08:09:45.577] ServiceContainer: Registered 'TaskListScreen_NextActions' (singleton=False)
[2025-12-20 08:09:45.578] MenuRegistry: Registered screen factory 'TaskListScreen_NextActions' in container (viewMode=nextactions)
[2025-12-20 08:09:45.579] MenuRegistry: Registered 'Next Actions' in 'Tasks' menu (hotkey=N order=35)
[2025-12-20 08:09:45.581] ServiceContainer: Registered 'NotesMenuScreen' (singleton=False)
[2025-12-20 08:09:45.582] MenuRegistry: Registered screen factory 'NotesMenuScreen' in container (viewMode=)
[2025-12-20 08:09:45.584] MenuRegistry: Registered 'Notes' in 'Tools' menu (hotkey=N order=20)
[2025-12-20 08:09:45.585] ServiceContainer: Registered 'ExcelProfileManagerScreen' (singleton=False)
[2025-12-20 08:09:45.587] MenuRegistry: Registered screen factory 'ExcelProfileManagerScreen' in container (viewMode=)
[2025-12-20 08:09:45.588] MenuRegistry: Registered 'Excel Profiles' in 'Projects' menu (hotkey=M order=50)
[2025-12-20 08:09:45.589] ServiceContainer: Registered 'TaskListScreen_Week' (singleton=False)
[2025-12-20 08:09:45.590] MenuRegistry: Registered screen factory 'TaskListScreen_Week' in container (viewMode=week)
[2025-12-20 08:09:45.592] MenuRegistry: Registered 'Week View' in 'Tasks' menu (hotkey=W order=20)
[2025-12-20 08:09:45.594] ServiceContainer: Registered 'ExcelImportScreen' (singleton=False)
[2025-12-20 08:09:45.595] MenuRegistry: Registered screen factory 'ExcelImportScreen' in container (viewMode=)
[2025-12-20 08:09:45.596] MenuRegistry: Registered 'Import from Excel' in 'Projects' menu (hotkey=I order=40)
[2025-12-20 08:09:45.598] ServiceContainer: Registered 'TaskListScreen_Agenda' (singleton=False)
[2025-12-20 08:09:45.599] MenuRegistry: Registered screen factory 'TaskListScreen_Agenda' in container (viewMode=agenda)
[2025-12-20 08:09:45.600] MenuRegistry: Registered 'Agenda View' in 'Tasks' menu (hotkey=A order=50)
[2025-12-20 08:09:45.602] ServiceContainer: Registered 'TimeReportScreen' (singleton=False)
[2025-12-20 08:09:45.607] MenuRegistry: Registered screen factory 'TimeReportScreen' in container (viewMode=)
[2025-12-20 08:09:45.609] MenuRegistry: Registered 'Time Report' in 'Time' menu (hotkey=R order=20)
[2025-12-20 08:09:45.611] ServiceContainer: Registered 'ThemeEditorScreen' (singleton=False)
[2025-12-20 08:09:45.611] MenuRegistry: Registered screen factory 'ThemeEditorScreen' in container (viewMode=)
[2025-12-20 08:09:45.613] MenuRegistry: Registered 'Theme Editor' in 'Options' menu (hotkey=T order=10)
[2025-12-20 08:09:45.614] ServiceContainer: Registered 'TaskListScreen_Overdue' (singleton=False)
[2025-12-20 08:09:45.615] MenuRegistry: Registered screen factory 'TaskListScreen_Overdue' in container (viewMode=overdue)
[2025-12-20 08:09:45.616] MenuRegistry: Registered 'Overdue' in 'Tasks' menu (hotkey=O order=30)
[2025-12-20 08:09:45.618] ServiceContainer: Registered 'CommandLibraryScreen' (singleton=False)
[2025-12-20 08:09:45.620] MenuRegistry: Registered screen factory 'CommandLibraryScreen' in container (viewMode=)
[2025-12-20 08:09:45.622] MenuRegistry: Registered 'Command Library' in 'Tools' menu (hotkey=L order=10)
[2025-12-20 08:09:45.624] ServiceContainer: Registered 'WeeklyTimeReportScreen' (singleton=False)
[2025-12-20 08:09:45.625] MenuRegistry: Registered screen factory 'WeeklyTimeReportScreen' in container (viewMode=)
[2025-12-20 08:09:45.627] MenuRegistry: Registered 'Weekly Report' in 'Time' menu (hotkey=W order=10)
[2025-12-20 08:09:45.630] ServiceContainer: Registered 'ChecklistsLauncherScreen' (singleton=False)
[2025-12-20 08:09:45.631] MenuRegistry: Registered screen factory 'ChecklistsLauncherScreen' in container (viewMode=)
[2025-12-20 08:09:45.633] MenuRegistry: Registered 'Checklists' in 'Tools' menu (hotkey=C order=25)
[2025-12-20 08:09:45.635] ServiceContainer: Registered 'HelpViewScreen' (singleton=False)
[2025-12-20 08:09:45.636] MenuRegistry: Registered screen factory 'HelpViewScreen' in container (viewMode=)
[2025-12-20 08:09:45.638] MenuRegistry: Registered 'Help' in 'Help' menu (hotkey=H order=10)
[2025-12-20 08:09:45.640] ServiceContainer: Registered 'TaskListScreen_Month' (singleton=False)
[2025-12-20 08:09:45.642] MenuRegistry: Registered screen factory 'TaskListScreen_Month' in container (viewMode=month)
[2025-12-20 08:09:45.643] MenuRegistry: Registered 'Month View' in 'Tasks' menu (hotkey=M order=45)
[2025-12-20 08:09:45.646] ServiceContainer: Registered 'ProjectListScreen' (singleton=False)
[2025-12-20 08:09:45.648] MenuRegistry: Registered screen factory 'ProjectListScreen' in container (viewMode=)
[2025-12-20 08:09:45.650] MenuRegistry: Registered 'Project List' in 'Projects' menu (hotkey=L order=10)
[2025-12-20 08:09:45.652] ServiceContainer: Registered 'ChecklistTemplatesFolderScreen' (singleton=False)
[2025-12-20 08:09:45.653] MenuRegistry: Registered screen factory 'ChecklistTemplatesFolderScreen' in container (viewMode=)
[2025-12-20 08:09:45.655] MenuRegistry: Registered 'Checklist Templates' in 'Tools' menu (hotkey=H order=30)
[2025-12-20 08:09:45.657] ServiceContainer: Resolving 'TaskListScreen'...
[2025-12-20 08:09:45.659] ServiceContainer: Resolving 'TaskStore'...
[2025-12-20 08:09:45.888] ServiceContainer: Resolved 'TaskStore' successfully
[2025-12-20 08:09:46.689] _PopulateMenusFromRegistry: Menu 'Tasks' has 10 items from registry (array)
[2025-12-20 08:09:46.707] _PopulateMenusFromRegistry: Menu 'Time' has 3 items from registry (array)
[2025-12-20 08:09:46.710] _PopulateMenusFromRegistry: Menu 'Tools' has 4 items from registry (array)
[2025-12-20 08:09:46.712] _PopulateMenusFromRegistry: Menu 'Projects' has 3 items from registry (array)
[2025-12-20 08:09:46.715] _PopulateMenusFromRegistry: Menu 'Options' has 2 items from registry (array)
[2025-12-20 08:09:46.718] _PopulateMenusFromRegistry: Menu 'Help' has 1 items from registry (array)
[2025-12-20 08:09:46.720] ServiceContainer: Resolved 'TaskListScreen' successfully
