[2026-01-03 09:50:54.502] ServiceContainer: Registered 'Theme' (singleton=True)
[2026-01-03 09:50:54.507] ServiceContainer: Registered 'ThemeManager' (singleton=True)
[2026-01-03 09:50:54.508] ServiceContainer: Registered 'Config' (singleton=True)
[2026-01-03 09:50:54.509] ServiceContainer: Registered 'TaskStore' (singleton=True)
[2026-01-03 09:50:54.510] ServiceContainer: Registered 'MenuRegistry' (singleton=True)
[2026-01-03 09:50:54.511] ServiceContainer: Registered 'Application' (singleton=True)
[2026-01-03 09:50:54.512] ServiceContainer: Registered 'CommandService' (singleton=True)
[2026-01-03 09:50:54.514] ServiceContainer: Registered 'ChecklistService' (singleton=True)
[2026-01-03 09:50:54.515] ServiceContainer: Registered 'NoteService' (singleton=True)
[2026-01-03 09:50:54.516] ServiceContainer: Registered 'ExcelMappingService' (singleton=True)
[2026-01-03 09:50:54.517] ServiceContainer: Registered 'ExcelCopyService' (singleton=True)
[2026-01-03 09:50:54.517] ServiceContainer: Registered 'PreferencesService' (singleton=True)
[2026-01-03 09:50:54.518] ServiceContainer: Registered 'ExcelImportService' (singleton=True)
[2026-01-03 09:50:54.519] ServiceContainer: Registered 'TextExportService' (singleton=True)
[2026-01-03 09:50:54.520] ServiceContainer: Registered 'TaskListScreen' (singleton=False)
[2026-01-03 09:50:54.540] ServiceContainer: Resolving 'Application'...
[2026-01-03 09:50:54.543] ServiceContainer: Resolving 'Theme'...
[2026-01-03 09:50:54.805] ServiceContainer: Resolved 'Theme' successfully
[2026-01-03 09:50:54.918] ServiceContainer: Resolving 'ThemeManager'...
[2026-01-03 09:50:54.921] ServiceContainer: Resolved 'ThemeManager' successfully
[2026-01-03 09:50:54.939] ServiceContainer: Resolved 'Application' successfully
[2026-01-03 09:50:54.940] ServiceContainer: Resolving 'MenuRegistry'...
[2026-01-03 09:50:54.955] ServiceContainer: Resolved 'MenuRegistry' successfully
[2026-01-03 09:50:54.977] MenuRegistry: Loaded manifest with 16 entries
[2026-01-03 09:50:55.018] ServiceContainer: Registered 'ProjectListScreen' (singleton=False)
[2026-01-03 09:50:55.019] MenuRegistry: Registered 'Project List' in 'Projects' menu (hotkey=L order=10)
[2026-01-03 09:50:55.041] MenuRegistry: Registered 'Project List' in 'Projects' menu (hotkey=L order=10)
[2026-01-03 09:50:55.044] ServiceContainer: Registered 'TimeListScreen' (singleton=False)
[2026-01-03 09:50:55.045] MenuRegistry: Registered 'Time Tracking' in 'Time' menu (hotkey=T order=5)
[2026-01-03 09:50:55.047] MenuRegistry: Registered 'Time Tracking' in 'Time' menu (hotkey=T order=5)
[2026-01-03 09:50:55.049] ServiceContainer: Registered 'TimeReportScreen' (singleton=False)
[2026-01-03 09:50:55.050] MenuRegistry: Registered 'Time Report' in 'Time' menu (hotkey=R order=20)
[2026-01-03 09:50:55.051] MenuRegistry: Registered 'Time Report' in 'Time' menu (hotkey=R order=20)
[2026-01-03 09:50:55.053] ServiceContainer: Registered 'ExcelProfileManagerScreen' (singleton=False)
[2026-01-03 09:50:55.054] MenuRegistry: Registered 'Excel Profiles' in 'Projects' menu (hotkey=M order=50)
[2026-01-03 09:50:55.055] MenuRegistry: Registered 'Excel Profiles' in 'Projects' menu (hotkey=M order=50)
[2026-01-03 09:50:55.066] ServiceContainer: Registered 'ChecklistsLauncherScreen' (singleton=False)
[2026-01-03 09:50:55.067] MenuRegistry: Registered 'Checklists' in 'Tools' menu (hotkey=C order=25)
[2026-01-03 09:50:55.069] MenuRegistry: Registered 'Checklists' in 'Tools' menu (hotkey=C order=25)
[2026-01-03 09:50:55.070] ServiceContainer: Registered 'CommandLibraryScreen' (singleton=False)
[2026-01-03 09:50:55.071] MenuRegistry: Registered 'Command Library' in 'Tools' menu (hotkey=L order=10)
[2026-01-03 09:50:55.073] MenuRegistry: Registered 'Command Library' in 'Tools' menu (hotkey=L order=10)
[2026-01-03 09:50:55.075] ServiceContainer: Registered 'NotesMenuScreen' (singleton=False)
[2026-01-03 09:50:55.075] MenuRegistry: Registered 'Notes' in 'Tools' menu (hotkey=N order=20)
[2026-01-03 09:50:55.077] MenuRegistry: Registered 'Notes' in 'Tools' menu (hotkey=N order=20)
[2026-01-03 09:50:55.079] ServiceContainer: Registered 'ChecklistTemplatesFolderScreen' (singleton=False)
[2026-01-03 09:50:55.079] MenuRegistry: Registered 'Checklist Templates' in 'Tools' menu (hotkey=H order=30)
[2026-01-03 09:50:55.081] MenuRegistry: Registered 'Checklist Templates' in 'Tools' menu (hotkey=H order=30)
[2026-01-03 09:50:55.082] ServiceContainer: Registered 'ThemeEditorScreen' (singleton=False)
[2026-01-03 09:50:55.083] MenuRegistry: Registered 'Theme Editor' in 'Options' menu (hotkey=T order=10)
[2026-01-03 09:50:55.085] MenuRegistry: Registered 'Theme Editor' in 'Options' menu (hotkey=T order=10)
[2026-01-03 09:50:55.086] ServiceContainer: Registered 'TextExportProfileManagerScreen' (singleton=False)
[2026-01-03 09:50:55.087] MenuRegistry: Registered 'T2020 Export Profiles' in 'Tools' menu (hotkey=E order=45)
[2026-01-03 09:50:55.089] MenuRegistry: Registered 'T2020 Export Profiles' in 'Tools' menu (hotkey=E order=45)
[2026-01-03 09:50:55.091] ServiceContainer: Registered 'ExcelImportScreen' (singleton=False)
[2026-01-03 09:50:55.091] MenuRegistry: Registered 'Import from Excel' in 'Projects' menu (hotkey=I order=40)
[2026-01-03 09:50:55.093] MenuRegistry: Registered 'Import from Excel' in 'Projects' menu (hotkey=I order=40)
[2026-01-03 09:50:55.094] ServiceContainer: Registered 'ExcelImportProfileManagerScreen' (singleton=False)
[2026-01-03 09:50:55.095] MenuRegistry: Registered 'Excel Import Profiles' in 'Tools' menu (hotkey=I order=40)
[2026-01-03 09:50:55.097] MenuRegistry: Registered 'Excel Import Profiles' in 'Tools' menu (hotkey=I order=40)
[2026-01-03 09:50:55.098] ServiceContainer: Registered 'HelpViewScreen' (singleton=False)
[2026-01-03 09:50:55.099] MenuRegistry: Registered 'Help' in 'Help' menu (hotkey=H order=10)
[2026-01-03 09:50:55.101] MenuRegistry: Registered 'Help' in 'Help' menu (hotkey=H order=10)
[2026-01-03 09:50:55.102] ServiceContainer: Registered 'WeeklyTimeReportScreen' (singleton=False)
[2026-01-03 09:50:55.103] MenuRegistry: Registered 'Weekly Report' in 'Time' menu (hotkey=W order=10)
[2026-01-03 09:50:55.105] MenuRegistry: Registered 'Weekly Report' in 'Time' menu (hotkey=W order=10)
[2026-01-03 09:50:55.106] ServiceContainer: Registered 'SettingsScreen' (singleton=False)
[2026-01-03 09:50:55.107] MenuRegistry: Registered 'Settings' in 'Options' menu (hotkey=S order=20)
[2026-01-03 09:50:55.109] MenuRegistry: Registered 'Settings' in 'Options' menu (hotkey=S order=20)
[2026-01-03 09:50:55.111] ServiceContainer: Registered 'TaskListScreen_Default' (singleton=False)
[2026-01-03 09:50:55.111] MenuRegistry: Registered 'Task List' in 'Tasks' menu (hotkey=L order=5)
[2026-01-03 09:50:55.113] MenuRegistry: Registered 'Task List' in 'Tasks' menu (hotkey=L order=5)
[2026-01-03 09:50:55.115] ServiceContainer: Resolving 'TaskListScreen'...
[2026-01-03 09:50:55.117] ServiceContainer: Resolving 'TaskStore'...
[2026-01-03 09:50:55.270] ServiceContainer: Resolved 'TaskStore' successfully
[2026-01-03 09:50:56.345] _PopulateMenusFromRegistry: Menu 'Time' has 3 items from registry (array)
[2026-01-03 09:50:56.372] _PopulateMenusFromRegistry: Menu 'Projects' has 3 items from registry (array)
[2026-01-03 09:50:56.378] _PopulateMenusFromRegistry: Menu 'Tools' has 6 items from registry (array)
[2026-01-03 09:50:56.381] _PopulateMenusFromRegistry: Menu 'Help' has 1 items from registry (array)
[2026-01-03 09:50:56.384] _PopulateMenusFromRegistry: Menu 'Tasks' has 1 items from registry (array)
[2026-01-03 09:50:56.388] _PopulateMenusFromRegistry: Menu 'Options' has 2 items from registry (array)
[2026-01-03 09:50:56.391] ServiceContainer: Resolved 'TaskListScreen' successfully
[2026-01-03 09:53:42.427] ServiceContainer: Resolving 'ProjectListScreen'...
[2026-01-03 09:53:42.507] ServiceContainer: Resolved 'ProjectListScreen' successfully
[2026-01-03 09:53:55.542] ServiceContainer: Registered 'ProjectInfoScreenV4' (singleton=False)
[2026-01-03 09:53:55.544] ServiceContainer: Resolving 'ProjectInfoScreenV4'...
[2026-01-03 09:53:55.647] ServiceContainer: Resolved 'ProjectInfoScreenV4' successfully
[2026-01-03 09:53:55.807] [ERROR] Widget render error: RenderContent render failed: Theme Property Missing: 'Background.Accent'
[2026-01-03 09:53:55.809] [ERROR] Stack: at GetForegroundInt, /home/teej/ztest/module/Pmc.Strict/consoleui/src/PmcThemeEngine.ps1: line 170
at GetThemedInt, /home/teej/ztest/module/Pmc.Strict/consoleui/widgets/PmcWidget.ps1: line 228
at RenderToEngine, /home/teej/ztest/module/Pmc.Strict/consoleui/widgets/TabPanel.ps1: line 351
at RenderContentToEngine, /home/teej/ztest/module/Pmc.Strict/consoleui/base/TabbedScreen.ps1: line 452
at RenderContentToEngine, /home/teej/ztest/module/Pmc.Strict/consoleui/screens/ProjectInfoScreenV4.ps1: line 776
at RenderToEngine, /home/teej/ztest/module/Pmc.Strict/consoleui/PmcScreen.ps1: line 414
at _RenderCurrentScreen, /home/teej/ztest/module/Pmc.Strict/consoleui/PmcApplication.ps1: line 234
at Run, /home/teej/ztest/module/Pmc.Strict/consoleui/PmcApplication.ps1: line 464
at Start-PmcTUI, /home/teej/ztest/module/Pmc.Strict/consoleui/Start-PmcTUI.ps1: line 614
at <ScriptBlock>, /home/teej/ztest/start.ps1: line 37
[2026-01-03 09:53:55.809] [ERROR] TargetObject: Theme Property Missing: 'Background.Accent'
[2026-01-03 09:53:55.811] [ERROR] InvocationInfo:             throw "Theme Property Missing: '$propertyName'"

