[2025-12-31 09:28:59.620] ServiceContainer: Registered 'Theme' (singleton=True)
[2025-12-31 09:28:59.628] ServiceContainer: Registered 'ThemeManager' (singleton=True)
[2025-12-31 09:28:59.631] ServiceContainer: Registered 'Config' (singleton=True)
[2025-12-31 09:28:59.633] ServiceContainer: Registered 'TaskStore' (singleton=True)
[2025-12-31 09:28:59.635] ServiceContainer: Registered 'MenuRegistry' (singleton=True)
[2025-12-31 09:28:59.637] ServiceContainer: Registered 'Application' (singleton=True)
[2025-12-31 09:28:59.639] ServiceContainer: Registered 'CommandService' (singleton=True)
[2025-12-31 09:28:59.641] ServiceContainer: Registered 'ChecklistService' (singleton=True)
[2025-12-31 09:28:59.644] ServiceContainer: Registered 'NoteService' (singleton=True)
[2025-12-31 09:28:59.646] ServiceContainer: Registered 'ExcelMappingService' (singleton=True)
[2025-12-31 09:28:59.648] ServiceContainer: Registered 'ExcelCopyService' (singleton=True)
[2025-12-31 09:28:59.650] ServiceContainer: Registered 'PreferencesService' (singleton=True)
[2025-12-31 09:28:59.652] ServiceContainer: Registered 'ExcelImportService' (singleton=True)
[2025-12-31 09:28:59.654] ServiceContainer: Registered 'TextExportService' (singleton=True)
[2025-12-31 09:28:59.656] ServiceContainer: Registered 'TaskListScreen' (singleton=False)
[2025-12-31 09:28:59.689] ServiceContainer: Resolving 'Application'...
[2025-12-31 09:28:59.693] ServiceContainer: Resolving 'Theme'...
[2025-12-31 09:29:00.151] ServiceContainer: Resolved 'Theme' successfully
[2025-12-31 09:29:00.235] ServiceContainer: Resolving 'ThemeManager'...
[2025-12-31 09:29:00.237] ServiceContainer: Resolved 'ThemeManager' successfully
[2025-12-31 09:29:00.255] ServiceContainer: Resolved 'Application' successfully
[2025-12-31 09:29:00.257] ServiceContainer: Resolving 'MenuRegistry'...
[2025-12-31 09:29:00.271] ServiceContainer: Resolved 'MenuRegistry' successfully
[2025-12-31 09:29:00.294] MenuRegistry: Loaded manifest with 16 entries
[2025-12-31 09:29:00.322] ServiceContainer: Registered 'ExcelProfileManagerScreen' (singleton=False)
[2025-12-31 09:29:00.323] MenuRegistry: Registered 'Excel Profiles' in 'Projects' menu (hotkey=M order=50)
[2025-12-31 09:29:00.361] MenuRegistry: Registered 'Excel Profiles' in 'Projects' menu (hotkey=M order=50)
[2025-12-31 09:29:00.363] ServiceContainer: Registered 'TimeReportScreen' (singleton=False)
[2025-12-31 09:29:00.364] MenuRegistry: Registered 'Time Report' in 'Time' menu (hotkey=R order=20)
[2025-12-31 09:29:00.366] MenuRegistry: Registered 'Time Report' in 'Time' menu (hotkey=R order=20)
[2025-12-31 09:29:00.368] ServiceContainer: Registered 'ExcelImportProfileManagerScreen' (singleton=False)
[2025-12-31 09:29:00.368] MenuRegistry: Registered 'Excel Import Profiles' in 'Tools' menu (hotkey=I order=40)
[2025-12-31 09:29:00.370] MenuRegistry: Registered 'Excel Import Profiles' in 'Tools' menu (hotkey=I order=40)
[2025-12-31 09:29:00.371] ServiceContainer: Registered 'CommandLibraryScreen' (singleton=False)
[2025-12-31 09:29:00.372] MenuRegistry: Registered 'Command Library' in 'Tools' menu (hotkey=L order=10)
[2025-12-31 09:29:00.374] MenuRegistry: Registered 'Command Library' in 'Tools' menu (hotkey=L order=10)
[2025-12-31 09:29:00.375] ServiceContainer: Registered 'ExcelImportScreen' (singleton=False)
[2025-12-31 09:29:00.376] MenuRegistry: Registered 'Import from Excel' in 'Projects' menu (hotkey=I order=40)
[2025-12-31 09:29:00.377] MenuRegistry: Registered 'Import from Excel' in 'Projects' menu (hotkey=I order=40)
[2025-12-31 09:29:00.379] ServiceContainer: Registered 'ChecklistsLauncherScreen' (singleton=False)
[2025-12-31 09:29:00.380] MenuRegistry: Registered 'Checklists' in 'Tools' menu (hotkey=C order=25)
[2025-12-31 09:29:00.381] MenuRegistry: Registered 'Checklists' in 'Tools' menu (hotkey=C order=25)
[2025-12-31 09:29:00.382] ServiceContainer: Registered 'WeeklyTimeReportScreen' (singleton=False)
[2025-12-31 09:29:00.383] MenuRegistry: Registered 'Weekly Report' in 'Time' menu (hotkey=W order=10)
[2025-12-31 09:29:00.385] MenuRegistry: Registered 'Weekly Report' in 'Time' menu (hotkey=W order=10)
[2025-12-31 09:29:00.386] ServiceContainer: Registered 'ProjectListScreen' (singleton=False)
[2025-12-31 09:29:00.387] MenuRegistry: Registered 'Project List' in 'Projects' menu (hotkey=L order=10)
[2025-12-31 09:29:00.388] MenuRegistry: Registered 'Project List' in 'Projects' menu (hotkey=L order=10)
[2025-12-31 09:29:00.390] ServiceContainer: Registered 'NotesMenuScreen' (singleton=False)
[2025-12-31 09:29:00.391] MenuRegistry: Registered 'Notes' in 'Tools' menu (hotkey=N order=20)
[2025-12-31 09:29:00.392] MenuRegistry: Registered 'Notes' in 'Tools' menu (hotkey=N order=20)
[2025-12-31 09:29:00.394] ServiceContainer: Registered 'SettingsScreen' (singleton=False)
[2025-12-31 09:29:00.394] MenuRegistry: Registered 'Settings' in 'Options' menu (hotkey=S order=20)
[2025-12-31 09:29:00.396] MenuRegistry: Registered 'Settings' in 'Options' menu (hotkey=S order=20)
[2025-12-31 09:29:00.397] ServiceContainer: Registered 'HelpViewScreen' (singleton=False)
[2025-12-31 09:29:00.398] MenuRegistry: Registered 'Help' in 'Help' menu (hotkey=H order=10)
[2025-12-31 09:29:00.399] MenuRegistry: Registered 'Help' in 'Help' menu (hotkey=H order=10)
[2025-12-31 09:29:00.401] ServiceContainer: Registered 'TaskListScreen_Default' (singleton=False)
[2025-12-31 09:29:00.402] MenuRegistry: Registered 'Task List' in 'Tasks' menu (hotkey=L order=5)
[2025-12-31 09:29:00.403] MenuRegistry: Registered 'Task List' in 'Tasks' menu (hotkey=L order=5)
[2025-12-31 09:29:00.405] ServiceContainer: Registered 'TimeListScreen' (singleton=False)
[2025-12-31 09:29:00.406] MenuRegistry: Registered 'Time Tracking' in 'Time' menu (hotkey=T order=5)
[2025-12-31 09:29:00.407] MenuRegistry: Registered 'Time Tracking' in 'Time' menu (hotkey=T order=5)
[2025-12-31 09:29:00.409] ServiceContainer: Registered 'ChecklistTemplatesFolderScreen' (singleton=False)
[2025-12-31 09:29:00.410] MenuRegistry: Registered 'Checklist Templates' in 'Tools' menu (hotkey=H order=30)
[2025-12-31 09:29:00.416] MenuRegistry: Registered 'Checklist Templates' in 'Tools' menu (hotkey=H order=30)
[2025-12-31 09:29:00.418] ServiceContainer: Registered 'TextExportProfileManagerScreen' (singleton=False)
[2025-12-31 09:29:00.419] MenuRegistry: Registered 'T2020 Export Profiles' in 'Tools' menu (hotkey=E order=45)
[2025-12-31 09:29:00.420] MenuRegistry: Registered 'T2020 Export Profiles' in 'Tools' menu (hotkey=E order=45)
[2025-12-31 09:29:00.422] ServiceContainer: Registered 'ThemeEditorScreen' (singleton=False)
[2025-12-31 09:29:00.422] MenuRegistry: Registered 'Theme Editor' in 'Options' menu (hotkey=T order=10)
[2025-12-31 09:29:00.424] MenuRegistry: Registered 'Theme Editor' in 'Options' menu (hotkey=T order=10)
[2025-12-31 09:29:00.425] ServiceContainer: Resolving 'TaskListScreen'...
[2025-12-31 09:29:00.428] ServiceContainer: Resolving 'TaskStore'...
[2025-12-31 09:29:00.913] ServiceContainer: Resolved 'TaskStore' successfully
[2025-12-31 09:29:01.859] _PopulateMenusFromRegistry: Menu 'Projects' has 3 items from registry (array)
[2025-12-31 09:29:01.883] _PopulateMenusFromRegistry: Menu 'Tools' has 6 items from registry (array)
[2025-12-31 09:29:01.887] _PopulateMenusFromRegistry: Menu 'Options' has 2 items from registry (array)
[2025-12-31 09:29:01.889] _PopulateMenusFromRegistry: Menu 'Tasks' has 1 items from registry (array)
[2025-12-31 09:29:01.892] _PopulateMenusFromRegistry: Menu 'Time' has 3 items from registry (array)
[2025-12-31 09:29:01.895] _PopulateMenusFromRegistry: Menu 'Help' has 1 items from registry (array)
[2025-12-31 09:29:01.897] ServiceContainer: Resolved 'TaskListScreen' successfully
[2025-12-31 09:29:43.497] ServiceContainer: Resolving 'ThemeEditorScreen'...
[2025-12-31 09:29:43.548] ServiceContainer: Resolved 'ThemeEditorScreen' successfully
