[2026-01-08 13:17:47.563] ServiceContainer: Registered 'Theme' (singleton=True)
[2026-01-08 13:17:47.569] ServiceContainer: Registered 'ThemeManager' (singleton=True)
[2026-01-08 13:17:47.570] ServiceContainer: Registered 'Config' (singleton=True)
[2026-01-08 13:17:47.571] ServiceContainer: Registered 'TaskStore' (singleton=True)
[2026-01-08 13:17:47.573] ServiceContainer: Registered 'MenuRegistry' (singleton=True)
[2026-01-08 13:17:47.574] ServiceContainer: Registered 'Application' (singleton=True)
[2026-01-08 13:17:47.576] ServiceContainer: Registered 'CommandService' (singleton=True)
[2026-01-08 13:17:47.578] ServiceContainer: Registered 'ChecklistService' (singleton=True)
[2026-01-08 13:17:47.579] ServiceContainer: Registered 'NoteService' (singleton=True)
[2026-01-08 13:17:47.581] ServiceContainer: Registered 'ExcelMappingService' (singleton=True)
[2026-01-08 13:17:47.582] ServiceContainer: Registered 'ExcelCopyService' (singleton=True)
[2026-01-08 13:17:47.584] ServiceContainer: Registered 'PreferencesService' (singleton=True)
[2026-01-08 13:17:47.585] ServiceContainer: Registered 'ExcelImportService' (singleton=True)
[2026-01-08 13:17:47.587] ServiceContainer: Registered 'TextExportService' (singleton=True)
[2026-01-08 13:17:47.588] ServiceContainer: Registered 'TaskListScreen' (singleton=False)
[2026-01-08 13:17:47.619] ServiceContainer: Resolving 'Application'...
[2026-01-08 13:17:47.622] ServiceContainer: Resolving 'Theme'...
[2026-01-08 13:17:48.084] ServiceContainer: Resolved 'Theme' successfully
[2026-01-08 13:17:48.233] ServiceContainer: Resolving 'ThemeManager'...
[2026-01-08 13:17:48.237] ServiceContainer: Resolved 'ThemeManager' successfully
[2026-01-08 13:17:48.257] ServiceContainer: Resolved 'Application' successfully
[2026-01-08 13:17:48.259] ServiceContainer: Resolving 'MenuRegistry'...
[2026-01-08 13:17:48.278] ServiceContainer: Resolved 'MenuRegistry' successfully
[2026-01-08 13:17:48.305] MenuRegistry: Loaded manifest with 16 entries
[2026-01-08 13:17:48.350] ServiceContainer: Registered 'SettingsScreen' (singleton=False)
[2026-01-08 13:17:48.352] MenuRegistry: Registered 'Settings' in 'Options' menu (hotkey=S order=20)
[2026-01-08 13:17:48.378] MenuRegistry: Registered 'Settings' in 'Options' menu (hotkey=S order=20)
[2026-01-08 13:17:48.381] ServiceContainer: Registered 'HelpViewScreen' (singleton=False)
[2026-01-08 13:17:48.383] MenuRegistry: Registered 'Help' in 'Help' menu (hotkey=H order=10)
[2026-01-08 13:17:48.385] MenuRegistry: Registered 'Help' in 'Help' menu (hotkey=H order=10)
[2026-01-08 13:17:48.401] ServiceContainer: Registered 'TextExportProfileManagerScreen' (singleton=False)
[2026-01-08 13:17:48.402] MenuRegistry: Registered 'T2020 Export Profiles' in 'Tools' menu (hotkey=E order=45)
[2026-01-08 13:17:48.405] MenuRegistry: Registered 'T2020 Export Profiles' in 'Tools' menu (hotkey=E order=45)
[2026-01-08 13:17:48.407] ServiceContainer: Registered 'ThemeEditorScreen' (singleton=False)
[2026-01-08 13:17:48.408] MenuRegistry: Registered 'Theme Editor' in 'Options' menu (hotkey=T order=10)
[2026-01-08 13:17:48.410] MenuRegistry: Registered 'Theme Editor' in 'Options' menu (hotkey=T order=10)
[2026-01-08 13:17:48.413] ServiceContainer: Registered 'ExcelImportProfileManagerScreen' (singleton=False)
[2026-01-08 13:17:48.414] MenuRegistry: Registered 'Excel Import Profiles' in 'Tools' menu (hotkey=I order=40)
[2026-01-08 13:17:48.416] MenuRegistry: Registered 'Excel Import Profiles' in 'Tools' menu (hotkey=I order=40)
[2026-01-08 13:17:48.418] ServiceContainer: Registered 'WeeklyTimeReportScreen' (singleton=False)
[2026-01-08 13:17:48.420] MenuRegistry: Registered 'Weekly Report' in 'Time' menu (hotkey=W order=10)
[2026-01-08 13:17:48.422] MenuRegistry: Registered 'Weekly Report' in 'Time' menu (hotkey=W order=10)
[2026-01-08 13:17:48.424] ServiceContainer: Registered 'ExcelProfileManagerScreen' (singleton=False)
[2026-01-08 13:17:48.425] MenuRegistry: Registered 'Excel Profiles' in 'Projects' menu (hotkey=M order=50)
[2026-01-08 13:17:48.427] MenuRegistry: Registered 'Excel Profiles' in 'Projects' menu (hotkey=M order=50)
[2026-01-08 13:17:48.430] ServiceContainer: Registered 'ChecklistsLauncherScreen' (singleton=False)
[2026-01-08 13:17:48.431] MenuRegistry: Registered 'Checklists' in 'Tools' menu (hotkey=C order=25)
[2026-01-08 13:17:48.433] MenuRegistry: Registered 'Checklists' in 'Tools' menu (hotkey=C order=25)
[2026-01-08 13:17:48.435] ServiceContainer: Registered 'TimeReportScreen' (singleton=False)
[2026-01-08 13:17:48.437] MenuRegistry: Registered 'Time Report' in 'Time' menu (hotkey=R order=20)
[2026-01-08 13:17:48.439] MenuRegistry: Registered 'Time Report' in 'Time' menu (hotkey=R order=20)
[2026-01-08 13:17:48.441] ServiceContainer: Registered 'ExcelImportScreen' (singleton=False)
[2026-01-08 13:17:48.442] MenuRegistry: Registered 'Import from Excel' in 'Projects' menu (hotkey=I order=40)
[2026-01-08 13:17:48.444] MenuRegistry: Registered 'Import from Excel' in 'Projects' menu (hotkey=I order=40)
[2026-01-08 13:17:48.447] ServiceContainer: Registered 'CommandLibraryScreen' (singleton=False)
[2026-01-08 13:17:48.448] MenuRegistry: Registered 'Command Library' in 'Tools' menu (hotkey=L order=10)
[2026-01-08 13:17:48.450] MenuRegistry: Registered 'Command Library' in 'Tools' menu (hotkey=L order=10)
[2026-01-08 13:17:48.452] ServiceContainer: Registered 'TaskListScreen_Default' (singleton=False)
[2026-01-08 13:17:48.453] MenuRegistry: Registered 'Task List' in 'Tasks' menu (hotkey=L order=5)
[2026-01-08 13:17:48.456] MenuRegistry: Registered 'Task List' in 'Tasks' menu (hotkey=L order=5)
[2026-01-08 13:17:48.458] ServiceContainer: Registered 'ProjectListScreen' (singleton=False)
[2026-01-08 13:17:48.459] MenuRegistry: Registered 'Project List' in 'Projects' menu (hotkey=L order=10)
[2026-01-08 13:17:48.461] MenuRegistry: Registered 'Project List' in 'Projects' menu (hotkey=L order=10)
[2026-01-08 13:17:48.463] ServiceContainer: Registered 'ChecklistTemplatesFolderScreen' (singleton=False)
[2026-01-08 13:17:48.465] MenuRegistry: Registered 'Checklist Templates' in 'Tools' menu (hotkey=H order=30)
[2026-01-08 13:17:48.467] MenuRegistry: Registered 'Checklist Templates' in 'Tools' menu (hotkey=H order=30)
[2026-01-08 13:17:48.469] ServiceContainer: Registered 'TimeListScreen' (singleton=False)
[2026-01-08 13:17:48.470] MenuRegistry: Registered 'Time Tracking' in 'Time' menu (hotkey=T order=5)
[2026-01-08 13:17:48.472] MenuRegistry: Registered 'Time Tracking' in 'Time' menu (hotkey=T order=5)
[2026-01-08 13:17:48.474] ServiceContainer: Registered 'NotesMenuScreen' (singleton=False)
[2026-01-08 13:17:48.476] MenuRegistry: Registered 'Notes' in 'Tools' menu (hotkey=N order=20)
[2026-01-08 13:17:48.505] MenuRegistry: Registered 'Notes' in 'Tools' menu (hotkey=N order=20)
[2026-01-08 13:17:48.508] ServiceContainer: Resolving 'TaskListScreen'...
[2026-01-08 13:17:48.511] ServiceContainer: Resolving 'TaskStore'...
[2026-01-08 13:17:48.686] ServiceContainer: Resolved 'TaskStore' successfully
[2026-01-08 13:17:49.788] [INFO] StandardListScreen._ConfigureListActions: Configuring actions for Tasks
[2026-01-08 13:17:49.819] [INFO] StandardListScreen: Added footer shortcut D -> Delete
[2026-01-08 13:17:49.850] [INFO] StandardListScreen._ConfigureListActions: Configured 16 footer shortcuts
[2026-01-08 13:17:50.191] _PopulateMenusFromRegistry: Menu 'Tools' has 6 items from registry (array)
[2026-01-08 13:17:50.237] _PopulateMenusFromRegistry: Menu 'Help' has 1 items from registry (array)
[2026-01-08 13:17:50.241] _PopulateMenusFromRegistry: Menu 'Options' has 2 items from registry (array)
[2026-01-08 13:17:50.246] _PopulateMenusFromRegistry: Menu 'Projects' has 3 items from registry (array)
[2026-01-08 13:17:50.250] _PopulateMenusFromRegistry: Menu 'Time' has 3 items from registry (array)
[2026-01-08 13:17:50.254] _PopulateMenusFromRegistry: Menu 'Tasks' has 1 items from registry (array)
[2026-01-08 13:17:50.257] ServiceContainer: Resolved 'TaskListScreen' successfully
[2026-01-08 13:17:50.779] [INFO] StandardListScreen._ConfigureListActions: Configuring actions for Tasks
[2026-01-08 13:17:50.783] [INFO] StandardListScreen: Added footer shortcut D -> Delete
[2026-01-08 13:17:50.792] [INFO] StandardListScreen._ConfigureListActions: Configured 16 footer shortcuts
[13:17:53.080] [Z-BUFFER] REJECTED at (4,4): currentZ=10 < zBuffer=20 char='T'
[13:17:53.082] [Z-BUFFER] REJECTED at (5,4): currentZ=10 < zBuffer=20 char='a'
[13:17:53.084] [Z-BUFFER] REJECTED at (6,4): currentZ=10 < zBuffer=20 char='s'
[13:17:53.085] [Z-BUFFER] REJECTED at (7,4): currentZ=10 < zBuffer=20 char='k'
[13:17:53.087] [Z-BUFFER] REJECTED at (27,4): currentZ=10 < zBuffer=20 char='D'
[13:17:53.088] [Z-BUFFER] REJECTED at (28,4): currentZ=10 < zBuffer=20 char='u'
[13:17:53.090] [Z-BUFFER] REJECTED at (29,4): currentZ=10 < zBuffer=20 char='e'
[13:17:53.091] [Z-BUFFER] REJECTED at (49,4): currentZ=10 < zBuffer=20 char='T'
[13:17:53.093] [Z-BUFFER] REJECTED at (50,4): currentZ=10 < zBuffer=20 char='a'
[13:17:53.094] [Z-BUFFER] REJECTED at (51,4): currentZ=10 < zBuffer=20 char='g'
[13:17:53.095] [Z-BUFFER] REJECTED at (52,4): currentZ=10 < zBuffer=20 char='s'
[13:17:55.873] [Z-BUFFER] REJECTED at (4,4): currentZ=10 < zBuffer=20 char='T'
[13:17:55.875] [Z-BUFFER] REJECTED at (5,4): currentZ=10 < zBuffer=20 char='a'
[13:17:55.877] [Z-BUFFER] REJECTED at (6,4): currentZ=10 < zBuffer=20 char='s'
[13:17:55.878] [Z-BUFFER] REJECTED at (7,4): currentZ=10 < zBuffer=20 char='k'
[13:17:55.897] [Z-BUFFER] REJECTED at (27,4): currentZ=10 < zBuffer=20 char='D'
[13:17:55.899] [Z-BUFFER] REJECTED at (28,4): currentZ=10 < zBuffer=20 char='u'
[13:17:55.901] [Z-BUFFER] REJECTED at (29,4): currentZ=10 < zBuffer=20 char='e'
[13:17:55.903] [Z-BUFFER] REJECTED at (49,4): currentZ=10 < zBuffer=200 char='T'
[13:17:55.904] [Z-BUFFER] REJECTED at (50,4): currentZ=10 < zBuffer=200 char='a'
[13:17:55.905] [Z-BUFFER] REJECTED at (51,4): currentZ=10 < zBuffer=200 char='g'
[13:17:55.907] [Z-BUFFER] REJECTED at (52,4): currentZ=10 < zBuffer=200 char='s'
[2026-01-08 13:17:57.338] ServiceContainer: Resolving 'NotesMenuScreen'...
[2026-01-08 13:17:57.472] [INFO] StandardListScreen._ConfigureListActions: Configuring actions for Notes
[2026-01-08 13:17:57.480] [INFO] StandardListScreen: Added footer shortcut D -> Delete
[2026-01-08 13:17:57.487] [INFO] StandardListScreen._ConfigureListActions: Configured 6 footer shortcuts
[2026-01-08 13:17:57.540] ServiceContainer: Resolved 'NotesMenuScreen' successfully
[2026-01-08 13:17:57.612] [INFO] StandardListScreen._ConfigureListActions: Configuring actions for Notes
[2026-01-08 13:17:57.615] [INFO] StandardListScreen: Added footer shortcut D -> Delete
[2026-01-08 13:17:57.618] [INFO] StandardListScreen._ConfigureListActions: Configured 6 footer shortcuts
[13:17:57.812] [Z-BUFFER] REJECTED at (2,7): currentZ=10 < zBuffer=20 char='T'
[13:17:57.814] [Z-BUFFER] REJECTED at (3,7): currentZ=10 < zBuffer=20 char='i'
[13:17:57.815] [Z-BUFFER] REJECTED at (4,7): currentZ=10 < zBuffer=20 char='t'
[13:17:57.816] [Z-BUFFER] REJECTED at (5,7): currentZ=10 < zBuffer=20 char='l'
[13:17:57.817] [Z-BUFFER] REJECTED at (6,7): currentZ=10 < zBuffer=20 char='e'
[13:17:57.819] [Z-BUFFER] REJECTED at (62,7): currentZ=10 < zBuffer=20 char='L'
[13:17:57.820] [Z-BUFFER] REJECTED at (63,7): currentZ=10 < zBuffer=20 char='i'
[13:17:57.821] [Z-BUFFER] REJECTED at (64,7): currentZ=10 < zBuffer=20 char='n'
[13:17:57.823] [Z-BUFFER] REJECTED at (65,7): currentZ=10 < zBuffer=20 char='e'
[13:17:57.824] [Z-BUFFER] REJECTED at (66,7): currentZ=10 < zBuffer=20 char='s'
[13:17:57.825] [Z-BUFFER] REJECTED at (70,7): currentZ=10 < zBuffer=20 char='W'
[13:17:57.827] [Z-BUFFER] REJECTED at (71,7): currentZ=10 < zBuffer=20 char='o'
[13:17:57.828] [Z-BUFFER] REJECTED at (72,7): currentZ=10 < zBuffer=20 char='r'
[13:17:57.829] [Z-BUFFER] REJECTED at (73,7): currentZ=10 < zBuffer=20 char='d'
[13:17:57.831] [Z-BUFFER] REJECTED at (74,7): currentZ=10 < zBuffer=20 char='s'
[13:17:57.832] [Z-BUFFER] REJECTED at (78,7): currentZ=10 < zBuffer=20 char='T'
[13:17:57.834] [Z-BUFFER] REJECTED at (79,7): currentZ=10 < zBuffer=20 char='a'
[13:17:57.835] [Z-BUFFER] REJECTED at (80,7): currentZ=10 < zBuffer=20 char='g'
[13:17:57.836] [Z-BUFFER] REJECTED at (81,7): currentZ=10 < zBuffer=20 char='s'
