[2026-01-07 10:16:48.441] ServiceContainer: Registered 'Theme' (singleton=True)
[2026-01-07 10:16:48.444] ServiceContainer: Registered 'ThemeManager' (singleton=True)
[2026-01-07 10:16:48.445] ServiceContainer: Registered 'Config' (singleton=True)
[2026-01-07 10:16:48.446] ServiceContainer: Registered 'TaskStore' (singleton=True)
[2026-01-07 10:16:48.447] ServiceContainer: Registered 'MenuRegistry' (singleton=True)
[2026-01-07 10:16:48.447] ServiceContainer: Registered 'Application' (singleton=True)
[2026-01-07 10:16:48.448] ServiceContainer: Registered 'CommandService' (singleton=True)
[2026-01-07 10:16:48.449] ServiceContainer: Registered 'ChecklistService' (singleton=True)
[2026-01-07 10:16:48.450] ServiceContainer: Registered 'NoteService' (singleton=True)
[2026-01-07 10:16:48.451] ServiceContainer: Registered 'ExcelMappingService' (singleton=True)
[2026-01-07 10:16:48.452] ServiceContainer: Registered 'ExcelCopyService' (singleton=True)
[2026-01-07 10:16:48.452] ServiceContainer: Registered 'PreferencesService' (singleton=True)
[2026-01-07 10:16:48.453] ServiceContainer: Registered 'ExcelImportService' (singleton=True)
[2026-01-07 10:16:48.454] ServiceContainer: Registered 'TextExportService' (singleton=True)
[2026-01-07 10:16:48.455] ServiceContainer: Registered 'TaskListScreen' (singleton=False)
[2026-01-07 10:16:48.469] ServiceContainer: Resolving 'Application'...
[2026-01-07 10:16:48.471] ServiceContainer: Resolving 'Theme'...
[2026-01-07 10:16:48.657] ServiceContainer: Resolved 'Theme' successfully
[2026-01-07 10:16:48.736] ServiceContainer: Resolving 'ThemeManager'...
[2026-01-07 10:16:48.738] ServiceContainer: Resolved 'ThemeManager' successfully
[2026-01-07 10:16:48.750] ServiceContainer: Resolved 'Application' successfully
[2026-01-07 10:16:48.752] ServiceContainer: Resolving 'MenuRegistry'...
[2026-01-07 10:16:48.763] ServiceContainer: Resolved 'MenuRegistry' successfully
[2026-01-07 10:16:48.779] MenuRegistry: Loaded manifest with 16 entries
[2026-01-07 10:16:48.804] ServiceContainer: Registered 'HelpViewScreen' (singleton=False)
[2026-01-07 10:16:48.805] MenuRegistry: Registered 'Help' in 'Help' menu (hotkey=H order=10)
[2026-01-07 10:16:48.820] MenuRegistry: Registered 'Help' in 'Help' menu (hotkey=H order=10)
[2026-01-07 10:16:48.822] ServiceContainer: Registered 'TaskListScreen_Default' (singleton=False)
[2026-01-07 10:16:48.823] MenuRegistry: Registered 'Task List' in 'Tasks' menu (hotkey=L order=5)
[2026-01-07 10:16:48.825] MenuRegistry: Registered 'Task List' in 'Tasks' menu (hotkey=L order=5)
[2026-01-07 10:16:48.826] ServiceContainer: Registered 'ChecklistTemplatesFolderScreen' (singleton=False)
[2026-01-07 10:16:48.827] MenuRegistry: Registered 'Checklist Templates' in 'Tools' menu (hotkey=H order=30)
[2026-01-07 10:16:48.828] MenuRegistry: Registered 'Checklist Templates' in 'Tools' menu (hotkey=H order=30)
[2026-01-07 10:16:48.830] ServiceContainer: Registered 'SettingsScreen' (singleton=False)
[2026-01-07 10:16:48.831] MenuRegistry: Registered 'Settings' in 'Options' menu (hotkey=S order=20)
[2026-01-07 10:16:48.839] MenuRegistry: Registered 'Settings' in 'Options' menu (hotkey=S order=20)
[2026-01-07 10:16:48.841] ServiceContainer: Registered 'ExcelImportProfileManagerScreen' (singleton=False)
[2026-01-07 10:16:48.842] MenuRegistry: Registered 'Excel Import Profiles' in 'Tools' menu (hotkey=I order=40)
[2026-01-07 10:16:48.843] MenuRegistry: Registered 'Excel Import Profiles' in 'Tools' menu (hotkey=I order=40)
[2026-01-07 10:16:48.844] ServiceContainer: Registered 'ExcelImportScreen' (singleton=False)
[2026-01-07 10:16:48.845] MenuRegistry: Registered 'Import from Excel' in 'Projects' menu (hotkey=I order=40)
[2026-01-07 10:16:48.846] MenuRegistry: Registered 'Import from Excel' in 'Projects' menu (hotkey=I order=40)
[2026-01-07 10:16:48.848] ServiceContainer: Registered 'ChecklistsLauncherScreen' (singleton=False)
[2026-01-07 10:16:48.849] MenuRegistry: Registered 'Checklists' in 'Tools' menu (hotkey=C order=25)
[2026-01-07 10:16:48.850] MenuRegistry: Registered 'Checklists' in 'Tools' menu (hotkey=C order=25)
[2026-01-07 10:16:48.852] ServiceContainer: Registered 'CommandLibraryScreen' (singleton=False)
[2026-01-07 10:16:48.852] MenuRegistry: Registered 'Command Library' in 'Tools' menu (hotkey=L order=10)
[2026-01-07 10:16:48.854] MenuRegistry: Registered 'Command Library' in 'Tools' menu (hotkey=L order=10)
[2026-01-07 10:16:48.855] ServiceContainer: Registered 'ProjectListScreen' (singleton=False)
[2026-01-07 10:16:48.856] MenuRegistry: Registered 'Project List' in 'Projects' menu (hotkey=L order=10)
[2026-01-07 10:16:48.857] MenuRegistry: Registered 'Project List' in 'Projects' menu (hotkey=L order=10)
[2026-01-07 10:16:48.858] ServiceContainer: Registered 'TimeListScreen' (singleton=False)
[2026-01-07 10:16:48.859] MenuRegistry: Registered 'Time Tracking' in 'Time' menu (hotkey=T order=5)
[2026-01-07 10:16:48.860] MenuRegistry: Registered 'Time Tracking' in 'Time' menu (hotkey=T order=5)
[2026-01-07 10:16:48.862] ServiceContainer: Registered 'WeeklyTimeReportScreen' (singleton=False)
[2026-01-07 10:16:48.863] MenuRegistry: Registered 'Weekly Report' in 'Time' menu (hotkey=W order=10)
[2026-01-07 10:16:48.864] MenuRegistry: Registered 'Weekly Report' in 'Time' menu (hotkey=W order=10)
[2026-01-07 10:16:48.865] ServiceContainer: Registered 'ExcelProfileManagerScreen' (singleton=False)
[2026-01-07 10:16:48.866] MenuRegistry: Registered 'Excel Profiles' in 'Projects' menu (hotkey=M order=50)
[2026-01-07 10:16:48.867] MenuRegistry: Registered 'Excel Profiles' in 'Projects' menu (hotkey=M order=50)
[2026-01-07 10:16:48.869] ServiceContainer: Registered 'TimeReportScreen' (singleton=False)
[2026-01-07 10:16:48.870] MenuRegistry: Registered 'Time Report' in 'Time' menu (hotkey=R order=20)
[2026-01-07 10:16:48.871] MenuRegistry: Registered 'Time Report' in 'Time' menu (hotkey=R order=20)
[2026-01-07 10:16:48.873] ServiceContainer: Registered 'TextExportProfileManagerScreen' (singleton=False)
[2026-01-07 10:16:48.873] MenuRegistry: Registered 'T2020 Export Profiles' in 'Tools' menu (hotkey=E order=45)
[2026-01-07 10:16:48.875] MenuRegistry: Registered 'T2020 Export Profiles' in 'Tools' menu (hotkey=E order=45)
[2026-01-07 10:16:48.876] ServiceContainer: Registered 'NotesMenuScreen' (singleton=False)
[2026-01-07 10:16:48.877] MenuRegistry: Registered 'Notes' in 'Tools' menu (hotkey=N order=20)
[2026-01-07 10:16:48.878] MenuRegistry: Registered 'Notes' in 'Tools' menu (hotkey=N order=20)
[2026-01-07 10:16:48.879] ServiceContainer: Registered 'ThemeEditorScreen' (singleton=False)
[2026-01-07 10:16:48.880] MenuRegistry: Registered 'Theme Editor' in 'Options' menu (hotkey=T order=10)
[2026-01-07 10:16:48.882] MenuRegistry: Registered 'Theme Editor' in 'Options' menu (hotkey=T order=10)
[2026-01-07 10:16:48.883] ServiceContainer: Resolving 'TaskListScreen'...
[2026-01-07 10:16:48.885] ServiceContainer: Resolving 'TaskStore'...
[2026-01-07 10:16:49.002] ServiceContainer: Resolved 'TaskStore' successfully
[2026-01-07 10:16:49.584] [INFO] StandardListScreen._ConfigureListActions: Configuring actions for Tasks
[2026-01-07 10:16:49.613] [INFO] StandardListScreen: Added footer shortcut D -> Delete
[2026-01-07 10:16:49.631] [INFO] StandardListScreen._ConfigureListActions: Configured 16 footer shortcuts
[2026-01-07 10:16:49.775] _PopulateMenusFromRegistry: Menu 'Help' has 1 items from registry (array)
[2026-01-07 10:16:49.793] _PopulateMenusFromRegistry: Menu 'Tools' has 6 items from registry (array)
[2026-01-07 10:16:49.796] _PopulateMenusFromRegistry: Menu 'Options' has 2 items from registry (array)
[2026-01-07 10:16:49.799] _PopulateMenusFromRegistry: Menu 'Projects' has 3 items from registry (array)
[2026-01-07 10:16:49.824] _PopulateMenusFromRegistry: Menu 'Time' has 3 items from registry (array)
[2026-01-07 10:16:49.826] _PopulateMenusFromRegistry: Menu 'Tasks' has 1 items from registry (array)
[2026-01-07 10:16:49.828] ServiceContainer: Resolved 'TaskListScreen' successfully
[2026-01-07 10:16:50.108] [INFO] StandardListScreen._ConfigureListActions: Configuring actions for Tasks
[2026-01-07 10:16:50.110] [INFO] StandardListScreen: Added footer shortcut D -> Delete
[2026-01-07 10:16:50.115] [INFO] StandardListScreen._ConfigureListActions: Configured 16 footer shortcuts
[2026-01-07 10:16:56.695] ServiceContainer: Resolving 'NotesMenuScreen'...
[2026-01-07 10:16:56.765] [INFO] StandardListScreen._ConfigureListActions: Configuring actions for Notes
[2026-01-07 10:16:56.769] [INFO] StandardListScreen: Added footer shortcut D -> Delete
[2026-01-07 10:16:56.772] [INFO] StandardListScreen._ConfigureListActions: Configured 7 footer shortcuts
[2026-01-07 10:16:56.797] ServiceContainer: Resolved 'NotesMenuScreen' successfully
[2026-01-07 10:16:56.827] [INFO] StandardListScreen._ConfigureListActions: Configuring actions for Notes
[2026-01-07 10:16:56.829] [INFO] StandardListScreen: Added footer shortcut D -> Delete
[2026-01-07 10:16:56.829] [INFO] StandardListScreen._ConfigureListActions: Configured 7 footer shortcuts
[2026-01-07 10:16:59.798] [INFO] UniversalList.RenderToEngine: SKIPPING row 0 (editor active, filling with blank)
[2026-01-07 10:16:59.889] [INFO] UniversalList.RenderToEngine: SKIPPING row 0 (editor active, filling with blank)
[2026-01-07 10:16:59.894] [INFO] StandardListScreen.RenderContentToEngine: Rendering InlineEditor at Y=9
[2026-01-07 10:17:01.074] [INFO] UniversalList.RenderToEngine: SKIPPING row 0 (editor active, filling with blank)
[2026-01-07 10:17:01.113] [INFO] UniversalList.RenderToEngine: SKIPPING row 0 (editor active, filling with blank)
[2026-01-07 10:17:01.117] [INFO] StandardListScreen.RenderContentToEngine: Rendering InlineEditor at Y=9
[2026-01-07 10:17:01.866] [INFO] StandardListScreen.OnInlineEditConfirmed: Dispatching to _SaveEditedItem
[2026-01-07 10:17:01.952] RequestRender called from:  at line 972
[2026-01-07 10:17:07.106] [ERROR] UniversalList callback error: The property 'AllowNone' cannot be found on this object. Verify that the property exists and can be set.
[2026-01-07 10:17:07.107] [ERROR] Stack trace: at _AssignToProject, /home/teej/ztest/module/Pmc.Strict/consoleui/screens/NotesMenuScreen.ps1: line 434
at <ScriptBlock>, /home/teej/ztest/module/Pmc.Strict/consoleui/screens/NotesMenuScreen.ps1: line 418
at _InvokeCallback, /home/teej/ztest/module/Pmc.Strict/consoleui/widgets/UniversalList.ps1: line 1415
at HandleInput, /home/teej/ztest/module/Pmc.Strict/consoleui/widgets/UniversalList.ps1: line 707
at HandleKeyPress, /home/teej/ztest/module/Pmc.Strict/consoleui/base/StandardListScreen.ps1: line 1171
at Run, /home/teej/ztest/module/Pmc.Strict/consoleui/PmcApplication.ps1: line 420
at Start-PmcTUI, /home/teej/ztest/module/Pmc.Strict/consoleui/Start-PmcTUI.ps1: line 620
at <ScriptBlock>, /home/teej/ztest/start.ps1: line 37
