[2025-12-18 10:32:36.142] [INFO] Loading PMC module...
[2025-12-18 10:32:37.029] [INFO] PMC module loaded
[2025-12-18 10:32:37.030] [INFO] Loading dependencies (FieldSchemas, etc.)...
[2025-12-18 10:32:37.114] [INFO] Dependencies loaded
[2025-12-18 10:32:37.115] [INFO] Loading SpeedTUI framework...
[2025-12-18 10:32:38.112] [INFO] SpeedTUI framework loaded
[2025-12-18 10:32:38.113] [INFO] Loading PraxisVT...
[2025-12-18 10:32:38.115] [INFO] PraxisVT loaded
[2025-12-18 10:32:38.116] [INFO] Loading core dependencies...
[2025-12-18 10:32:38.147] [INFO] Core dependencies loaded
[2025-12-18 10:32:38.148] [INFO] Loading widget base classes...
[2025-12-18 10:32:38.187] [INFO] Widget base classes loaded
[2025-12-18 10:32:38.190] [INFO] Loading services...
[2025-12-18 10:32:38.320] [INFO] Services loaded
[2025-12-18 10:32:38.321] [INFO] Loading helpers...
[2025-12-18 10:32:38.454] [INFO] Helpers loaded
[2025-12-18 10:32:38.455] [INFO] Loading widgets...
[2025-12-18 10:32:38.731] [INFO] Widgets loaded
[2025-12-18 10:32:38.732] [INFO] Loading screen base class...
[2025-12-18 10:32:38.742] [INFO] Screen base class loaded
[2025-12-18 10:32:38.743] [INFO] Loading HelpViewScreen (needed by base classes)...
[2025-12-18 10:32:38.748] [INFO] HelpViewScreen loaded
[2025-12-18 10:32:38.749] [INFO] Loading base classes...
[2025-12-18 10:32:38.802] [INFO] Base classes loaded
[2025-12-18 10:32:38.803] [INFO] Loading ServiceContainer (needed by screens)...
[2025-12-18 10:32:38.808] [INFO] ServiceContainer loaded
[2025-12-18 10:32:38.810] [INFO] Loading remaining screens...
[2025-12-18 10:32:38.909] [INFO] Remaining screens loaded
[2025-12-18 10:32:38.910] [INFO] Loading PmcApplication...
[2025-12-18 10:32:38.924] [INFO] PmcApplication loaded
[2025-12-18 10:32:38.925] [INFO] All components loaded successfully
[2025-12-18 10:32:38.943] [INFO] Starting PMC TUI with screen: TaskList
[2025-12-18 10:32:38.951] [INFO] Cleared stale PmcSharedMenuBar and MenuRegistry singleton
[2025-12-18 10:32:38.952] [INFO] Creating ServiceContainer...
[2025-12-18 10:32:38.961] [INFO] ServiceContainer created
[2025-12-18 10:32:38.962] [INFO] Registering Theme service...
[2025-12-18 10:32:38.976] ServiceContainer: Registered 'Theme' (singleton=True)
[2025-12-18 10:32:38.985] [INFO] Registering ThemeManager...
[2025-12-18 10:32:38.986] ServiceContainer: Registered 'ThemeManager' (singleton=True)
[2025-12-18 10:32:38.987] [INFO] Registering Config service...
[2025-12-18 10:32:38.988] ServiceContainer: Registered 'Config' (singleton=True)
[2025-12-18 10:32:38.989] [INFO] Registering TaskStore service...
[2025-12-18 10:32:38.989] ServiceContainer: Registered 'TaskStore' (singleton=True)
[2025-12-18 10:32:38.990] [INFO] Registering MenuRegistry service...
[2025-12-18 10:32:38.991] ServiceContainer: Registered 'MenuRegistry' (singleton=True)
[2025-12-18 10:32:38.992] [INFO] Registering Application service...
[2025-12-18 10:32:38.993] ServiceContainer: Registered 'Application' (singleton=True)
[2025-12-18 10:32:38.993] [INFO] Registering CommandService...
[2025-12-18 10:32:38.994] ServiceContainer: Registered 'CommandService' (singleton=True)
[2025-12-18 10:32:38.995] [INFO] Registering ChecklistService...
[2025-12-18 10:32:38.996] ServiceContainer: Registered 'ChecklistService' (singleton=True)
[2025-12-18 10:32:38.997] [INFO] Registering NoteService...
[2025-12-18 10:32:38.998] ServiceContainer: Registered 'NoteService' (singleton=True)
[2025-12-18 10:32:38.998] [INFO] Registering ExcelMappingService...
[2025-12-18 10:32:38.999] ServiceContainer: Registered 'ExcelMappingService' (singleton=True)
[2025-12-18 10:32:39.000] [INFO] Registering PreferencesService...
[2025-12-18 10:32:39.001] ServiceContainer: Registered 'PreferencesService' (singleton=True)
[2025-12-18 10:32:39.001] [INFO] Registering screen factories...
[2025-12-18 10:32:39.002] ServiceContainer: Registered 'TaskListScreen' (singleton=False)
[2025-12-18 10:32:39.003] [INFO] Resolving Application from container...
[2025-12-18 10:32:39.014] ServiceContainer: Resolving 'Application'...
[2025-12-18 10:32:39.016] [INFO] Resolving Application...
[2025-12-18 10:32:39.016] ServiceContainer: Resolving 'Theme'...
[2025-12-18 10:32:39.022] [INFO] Resolving Theme: Calling Initialize-PmcThemeSystem...
[2025-12-18 10:32:39.032] [INFO] Theme resolved: #33aaff
[2025-12-18 10:32:39.033] [INFO] Loading PmcThemeEngine...
[2025-12-18 10:32:39.095] [INFO] LoadFromConfig: Loaded Properties with 23 items
[2025-12-18 10:32:39.103] [INFO] PmcThemeEngine initialized with PMC palette (14 colors)
[2025-12-18 10:32:39.106] ServiceContainer: Resolved 'Theme' successfully
[2025-12-18 10:32:39.168] ServiceContainer: Resolving 'ThemeManager'...
[2025-12-18 10:32:39.169] [INFO] Resolving ThemeManager...
[2025-12-18 10:32:39.194] ServiceContainer: Resolved 'ThemeManager' successfully
[2025-12-18 10:32:39.204] ServiceContainer: Resolved 'Application' successfully
[2025-12-18 10:32:39.205] [INFO] Application resolved and assigned to $global:PmcApp
[2025-12-18 10:32:39.206] [INFO] Loading menus from manifest...
[2025-12-18 10:32:39.207] ServiceContainer: Resolving 'MenuRegistry'...
[2025-12-18 10:32:39.208] [INFO] Resolving MenuRegistry...
[2025-12-18 10:32:39.237] ServiceContainer: Resolved 'MenuRegistry' successfully
[2025-12-18 10:32:39.251] MenuRegistry: Loaded manifest with 23 entries
[2025-12-18 10:32:39.272] ServiceContainer: Registered 'TaskListScreen_Upcoming' (singleton=False)
[2025-12-18 10:32:39.273] MenuRegistry: Registered screen factory 'TaskListScreen_Upcoming' in container (viewMode=upcoming)
[2025-12-18 10:32:39.285] MenuRegistry: Registered 'Upcoming' in 'Tasks' menu (hotkey=U order=25)
[2025-12-18 10:32:39.287] ServiceContainer: Registered 'TaskListScreen_Month' (singleton=False)
[2025-12-18 10:32:39.287] MenuRegistry: Registered screen factory 'TaskListScreen_Month' in container (viewMode=month)
[2025-12-18 10:32:39.289] MenuRegistry: Registered 'Month View' in 'Tasks' menu (hotkey=M order=45)
[2025-12-18 10:32:39.290] ServiceContainer: Registered 'TaskListScreen_NextActions' (singleton=False)
[2025-12-18 10:32:39.291] MenuRegistry: Registered screen factory 'TaskListScreen_NextActions' in container (viewMode=nextactions)
[2025-12-18 10:32:39.292] MenuRegistry: Registered 'Next Actions' in 'Tasks' menu (hotkey=N order=35)
[2025-12-18 10:32:39.294] ServiceContainer: Registered 'HelpViewScreen' (singleton=False)
[2025-12-18 10:32:39.294] MenuRegistry: Registered screen factory 'HelpViewScreen' in container (viewMode=)
[2025-12-18 10:32:39.296] MenuRegistry: Registered 'Help' in 'Help' menu (hotkey=H order=10)
[2025-12-18 10:32:39.298] ServiceContainer: Registered 'SettingsScreen' (singleton=False)
[2025-12-18 10:32:39.299] MenuRegistry: Registered screen factory 'SettingsScreen' in container (viewMode=)
[2025-12-18 10:32:39.300] MenuRegistry: Registered 'Settings' in 'Options' menu (hotkey=S order=20)
[2025-12-18 10:32:39.301] ServiceContainer: Registered 'TaskListScreen_Agenda' (singleton=False)
[2025-12-18 10:32:39.302] MenuRegistry: Registered screen factory 'TaskListScreen_Agenda' in container (viewMode=agenda)
[2025-12-18 10:32:39.303] MenuRegistry: Registered 'Agenda View' in 'Tasks' menu (hotkey=A order=50)
[2025-12-18 10:32:39.304] ServiceContainer: Registered 'ChecklistTemplatesFolderScreen' (singleton=False)
[2025-12-18 10:32:39.305] MenuRegistry: Registered screen factory 'ChecklistTemplatesFolderScreen' in container (viewMode=)
[2025-12-18 10:32:39.306] MenuRegistry: Registered 'Checklist Templates' in 'Tools' menu (hotkey=H order=30)
[2025-12-18 10:32:39.308] ServiceContainer: Registered 'TaskListScreen_NoDate' (singleton=False)
[2025-12-18 10:32:39.308] MenuRegistry: Registered screen factory 'TaskListScreen_NoDate' in container (viewMode=noduedate)
[2025-12-18 10:32:39.309] MenuRegistry: Registered 'No Due Date' in 'Tasks' menu (hotkey=D order=40)
[2025-12-18 10:32:39.311] ServiceContainer: Registered 'TaskListScreen_Tomorrow' (singleton=False)
[2025-12-18 10:32:39.312] MenuRegistry: Registered screen factory 'TaskListScreen_Tomorrow' in container (viewMode=tomorrow)
[2025-12-18 10:32:39.313] MenuRegistry: Registered 'Tomorrow' in 'Tasks' menu (hotkey=T order=15)
[2025-12-18 10:32:39.314] ServiceContainer: Registered 'WeeklyTimeReportScreen' (singleton=False)
[2025-12-18 10:32:39.319] MenuRegistry: Registered screen factory 'WeeklyTimeReportScreen' in container (viewMode=)
[2025-12-18 10:32:39.320] MenuRegistry: Registered 'Weekly Report' in 'Time' menu (hotkey=W order=10)
[2025-12-18 10:32:39.321] ServiceContainer: Registered 'TaskListScreen_Today' (singleton=False)
[2025-12-18 10:32:39.322] MenuRegistry: Registered screen factory 'TaskListScreen_Today' in container (viewMode=today)
[2025-12-18 10:32:39.323] MenuRegistry: Registered 'Today' in 'Tasks' menu (hotkey=Y order=10)
[2025-12-18 10:32:39.324] ServiceContainer: Registered 'TaskListScreen_Default' (singleton=False)
[2025-12-18 10:32:39.325] MenuRegistry: Registered screen factory 'TaskListScreen_Default' in container (viewMode=)
[2025-12-18 10:32:39.325] MenuRegistry: Registered 'Task List' in 'Tasks' menu (hotkey=L order=5)
[2025-12-18 10:32:39.327] ServiceContainer: Registered 'ChecklistsLauncherScreen' (singleton=False)
[2025-12-18 10:32:39.327] MenuRegistry: Registered screen factory 'ChecklistsLauncherScreen' in container (viewMode=)
[2025-12-18 10:32:39.328] MenuRegistry: Registered 'Checklists' in 'Tools' menu (hotkey=C order=25)
[2025-12-18 10:32:39.329] ServiceContainer: Registered 'ExcelImportScreen' (singleton=False)
[2025-12-18 10:32:39.330] MenuRegistry: Registered screen factory 'ExcelImportScreen' in container (viewMode=)
[2025-12-18 10:32:39.330] MenuRegistry: Registered 'Import from Excel' in 'Projects' menu (hotkey=I order=40)
[2025-12-18 10:32:39.332] ServiceContainer: Registered 'TimeListScreen' (singleton=False)
[2025-12-18 10:32:39.332] MenuRegistry: Registered screen factory 'TimeListScreen' in container (viewMode=)
[2025-12-18 10:32:39.333] MenuRegistry: Registered 'Time Tracking' in 'Time' menu (hotkey=T order=5)
[2025-12-18 10:32:39.335] ServiceContainer: Registered 'TimeReportScreen' (singleton=False)
[2025-12-18 10:32:39.335] MenuRegistry: Registered screen factory 'TimeReportScreen' in container (viewMode=)
[2025-12-18 10:32:39.336] MenuRegistry: Registered 'Time Report' in 'Time' menu (hotkey=R order=20)
[2025-12-18 10:32:39.337] ServiceContainer: Registered 'ExcelProfileManagerScreen' (singleton=False)
[2025-12-18 10:32:39.338] MenuRegistry: Registered screen factory 'ExcelProfileManagerScreen' in container (viewMode=)
[2025-12-18 10:32:39.339] MenuRegistry: Registered 'Excel Profiles' in 'Projects' menu (hotkey=M order=50)
[2025-12-18 10:32:39.340] ServiceContainer: Registered 'ThemeEditorScreen' (singleton=False)
[2025-12-18 10:32:39.340] MenuRegistry: Registered screen factory 'ThemeEditorScreen' in container (viewMode=)
[2025-12-18 10:32:39.341] MenuRegistry: Registered 'Theme Editor' in 'Options' menu (hotkey=T order=10)
[2025-12-18 10:32:39.342] ServiceContainer: Registered 'TaskListScreen_Overdue' (singleton=False)
[2025-12-18 10:32:39.343] MenuRegistry: Registered screen factory 'TaskListScreen_Overdue' in container (viewMode=overdue)
[2025-12-18 10:32:39.344] MenuRegistry: Registered 'Overdue' in 'Tasks' menu (hotkey=O order=30)
[2025-12-18 10:32:39.345] ServiceContainer: Registered 'TaskListScreen_Week' (singleton=False)
[2025-12-18 10:32:39.346] MenuRegistry: Registered screen factory 'TaskListScreen_Week' in container (viewMode=week)
[2025-12-18 10:32:39.346] MenuRegistry: Registered 'Week View' in 'Tasks' menu (hotkey=W order=20)
[2025-12-18 10:32:39.348] ServiceContainer: Registered 'ProjectListScreen' (singleton=False)
[2025-12-18 10:32:39.349] MenuRegistry: Registered screen factory 'ProjectListScreen' in container (viewMode=)
[2025-12-18 10:32:39.350] MenuRegistry: Registered 'Project List' in 'Projects' menu (hotkey=L order=10)
[2025-12-18 10:32:39.352] ServiceContainer: Registered 'CommandLibraryScreen' (singleton=False)
[2025-12-18 10:32:39.353] MenuRegistry: Registered screen factory 'CommandLibraryScreen' in container (viewMode=)
[2025-12-18 10:32:39.354] MenuRegistry: Registered 'Command Library' in 'Tools' menu (hotkey=L order=10)
[2025-12-18 10:32:39.356] ServiceContainer: Registered 'NotesMenuScreen' (singleton=False)
[2025-12-18 10:32:39.357] MenuRegistry: Registered screen factory 'NotesMenuScreen' in container (viewMode=)
[2025-12-18 10:32:39.358] MenuRegistry: Registered 'Notes' in 'Tools' menu (hotkey=N order=20)
[2025-12-18 10:32:39.363] [INFO] Menus loaded from /home/teej/ztest/module/Pmc.Strict/consoleui/screens/MenuItems.psd1
[2025-12-18 10:32:39.364] [INFO] Launching screen: TaskList
[2025-12-18 10:32:39.365] [INFO] Resolving TaskListScreen from container...
[2025-12-18 10:32:39.366] ServiceContainer: Resolving 'TaskListScreen'...
[2025-12-18 10:32:39.367] [INFO] Resolving TaskListScreen...
[2025-12-18 10:32:39.368] ServiceContainer: Resolving 'TaskStore'...
[2025-12-18 10:32:39.370] [INFO] Resolving TaskStore...
[2025-12-18 10:32:39.581] ServiceContainer: Resolved 'TaskStore' successfully
[2025-12-18 10:32:40.132] _PopulateMenusFromRegistry: Menu 'Tools' has 4 items from registry (array)
[2025-12-18 10:32:40.157] _PopulateMenusFromRegistry: Menu 'Projects' has 3 items from registry (array)
[2025-12-18 10:32:40.159] _PopulateMenusFromRegistry: Menu 'Help' has 1 items from registry (array)
[2025-12-18 10:32:40.161] _PopulateMenusFromRegistry: Menu 'Options' has 2 items from registry (array)
[2025-12-18 10:32:40.165] _PopulateMenusFromRegistry: Menu 'Tasks' has 10 items from registry (array)
[2025-12-18 10:32:40.169] _PopulateMenusFromRegistry: Menu 'Time' has 3 items from registry (array)
[2025-12-18 10:32:40.171] ServiceContainer: Resolved 'TaskListScreen' successfully
[2025-12-18 10:32:40.172] [INFO] Pushing screen to app...
[2025-12-18 10:32:40.520] [INFO] Screen pushed successfully
[2025-12-18 10:32:40.521] [INFO] Starting event loop...
[2025-12-18 10:32:42.754] [INFO] *** STANDARDLISTSCREEN.ADDITEM CALLED on type=TaskListScreen key=TaskList ***
[2025-12-18 10:32:46.954] [INFO] OnInlineEditConfirmed: Processing ADD operation
[2025-12-18 10:32:46.967] [INFO] OnItemUpdated: Processing ADD (new task) mode
[2025-12-18 10:32:47.023] [INFO] TaskStore.SaveData: START - tasks=3 projects=1 timelogs=0
[2025-12-18 10:32:47.052] [INFO] _CreatePersistentBackup: Created backup at /home/teej/ztest/tasks.json.backup.20251218-103247
[2025-12-18 10:32:47.068] [INFO] TaskStore.SaveData: Data structure built - tasks=3 projects=1 timelogs=0
[2025-12-18 10:32:47.077] [INFO] TaskStore.SaveData: Calling Save-PmcData
[2025-12-18 10:32:47.190] [INFO] TaskStore.SaveData: Save-PmcData completed successfully
[2025-12-18 10:32:47.242] [INFO] TaskStore.SaveData: SUCCESS - Data saved and verified
[2025-12-18 10:32:54.083] ServiceContainer: Resolving 'ProjectListScreen'...
[2025-12-18 10:32:54.154] ServiceContainer: Resolved 'ProjectListScreen' successfully
[2025-12-18 10:32:55.629] ServiceContainer: Registered 'ProjectInfoScreenV4' (singleton=False)
[2025-12-18 10:32:55.631] ServiceContainer: Resolving 'ProjectInfoScreenV4'...
[2025-12-18 10:32:55.696] ServiceContainer: Resolved 'ProjectInfoScreenV4' successfully
[2025-12-18 10:32:58.170] ========== TabbedScreen.OnTabChanged: Switched to tab 1 'Request' ==========
[2025-12-18 10:32:58.179] TabbedScreen.OnTabChanged: Invalidated cache region Y=10-45 (differential rendering - no full invalidation)
[2025-12-18 10:32:58.629] ========== TabbedScreen.OnTabChanged: Switched to tab 2 'Audit' ==========
[2025-12-18 10:32:58.635] TabbedScreen.OnTabChanged: Invalidated cache region Y=10-45 (differential rendering - no full invalidation)
[2025-12-18 10:32:59.003] ========== TabbedScreen.OnTabChanged: Switched to tab 3 'Location' ==========
[2025-12-18 10:32:59.008] TabbedScreen.OnTabChanged: Invalidated cache region Y=10-45 (differential rendering - no full invalidation)
[2025-12-18 10:32:59.371] ========== TabbedScreen.OnTabChanged: Switched to tab 4 'Periods' ==========
[2025-12-18 10:32:59.375] TabbedScreen.OnTabChanged: Invalidated cache region Y=10-45 (differential rendering - no full invalidation)
[2025-12-18 10:32:59.745] ========== TabbedScreen.OnTabChanged: Switched to tab 5 'More' ==========
[2025-12-18 10:32:59.752] TabbedScreen.OnTabChanged: Invalidated cache region Y=10-45 (differential rendering - no full invalidation)
[2025-12-18 10:33:00.833] [INFO] Event loop exited normally
[2025-12-18 10:33:00.834] [INFO] Cleanup - showing cursor and resetting terminal
