[2025-12-18 14:47:39.118] [INFO] Loading PMC module...
[2025-12-18 14:47:39.914] [INFO] PMC module loaded
[2025-12-18 14:47:39.915] [INFO] Loading dependencies (FieldSchemas, etc.)...
[2025-12-18 14:47:39.986] [INFO] Dependencies loaded
[2025-12-18 14:47:39.987] [INFO] Loading SpeedTUI framework...
[2025-12-18 14:47:40.936] [INFO] SpeedTUI framework loaded
[2025-12-18 14:47:40.937] [INFO] Loading PraxisVT...
[2025-12-18 14:47:40.938] [INFO] PraxisVT loaded
[2025-12-18 14:47:40.938] [INFO] Loading core dependencies...
[2025-12-18 14:47:40.963] [INFO] Core dependencies loaded
[2025-12-18 14:47:40.963] [INFO] Loading widget base classes...
[2025-12-18 14:47:40.999] [INFO] Widget base classes loaded
[2025-12-18 14:47:41.000] [INFO] Loading services...
[2025-12-18 14:47:41.095] [INFO] Services loaded
[2025-12-18 14:47:41.096] [INFO] Loading helpers...
[2025-12-18 14:47:41.232] [INFO] Helpers loaded
[2025-12-18 14:47:41.240] [INFO] Loading widgets...
[2025-12-18 14:47:41.482] [INFO] Widgets loaded
[2025-12-18 14:47:41.482] [INFO] Loading screen base class...
[2025-12-18 14:47:41.519] [INFO] Screen base class loaded
[2025-12-18 14:47:41.521] [INFO] Loading HelpViewScreen (needed by base classes)...
[2025-12-18 14:47:41.545] [INFO] HelpViewScreen loaded
[2025-12-18 14:47:41.547] [INFO] Loading base classes...
[2025-12-18 14:47:41.595] [INFO] Base classes loaded
[2025-12-18 14:47:41.596] [INFO] Loading ServiceContainer (needed by screens)...
[2025-12-18 14:47:41.605] [INFO] ServiceContainer loaded
[2025-12-18 14:47:41.606] [INFO] Loading remaining screens...
[2025-12-18 14:47:41.675] [INFO] Remaining screens loaded
[2025-12-18 14:47:41.676] [INFO] Loading PmcApplication...
[2025-12-18 14:47:41.687] [INFO] PmcApplication loaded
[2025-12-18 14:47:41.688] [INFO] All components loaded successfully
[2025-12-18 14:47:41.723] [INFO] Starting PMC TUI with screen: TaskList
[2025-12-18 14:47:41.729] [INFO] Cleared stale PmcSharedMenuBar and MenuRegistry singleton
[2025-12-18 14:47:41.730] [INFO] Creating ServiceContainer...
[2025-12-18 14:47:41.738] [INFO] ServiceContainer created
[2025-12-18 14:47:41.738] [INFO] Registering Theme service...
[2025-12-18 14:47:41.752] ServiceContainer: Registered 'Theme' (singleton=True)
[2025-12-18 14:47:41.755] [INFO] Registering ThemeManager...
[2025-12-18 14:47:41.756] ServiceContainer: Registered 'ThemeManager' (singleton=True)
[2025-12-18 14:47:41.756] [INFO] Registering Config service...
[2025-12-18 14:47:41.757] ServiceContainer: Registered 'Config' (singleton=True)
[2025-12-18 14:47:41.758] [INFO] Registering TaskStore service...
[2025-12-18 14:47:41.759] ServiceContainer: Registered 'TaskStore' (singleton=True)
[2025-12-18 14:47:41.760] [INFO] Registering MenuRegistry service...
[2025-12-18 14:47:41.761] ServiceContainer: Registered 'MenuRegistry' (singleton=True)
[2025-12-18 14:47:41.762] [INFO] Registering Application service...
[2025-12-18 14:47:41.763] ServiceContainer: Registered 'Application' (singleton=True)
[2025-12-18 14:47:41.764] [INFO] Registering CommandService...
[2025-12-18 14:47:41.765] ServiceContainer: Registered 'CommandService' (singleton=True)
[2025-12-18 14:47:41.766] [INFO] Registering ChecklistService...
[2025-12-18 14:47:41.766] ServiceContainer: Registered 'ChecklistService' (singleton=True)
[2025-12-18 14:47:41.767] [INFO] Registering NoteService...
[2025-12-18 14:47:41.767] ServiceContainer: Registered 'NoteService' (singleton=True)
[2025-12-18 14:47:41.768] [INFO] Registering ExcelMappingService...
[2025-12-18 14:47:41.769] ServiceContainer: Registered 'ExcelMappingService' (singleton=True)
[2025-12-18 14:47:41.769] [INFO] Registering PreferencesService...
[2025-12-18 14:47:41.770] ServiceContainer: Registered 'PreferencesService' (singleton=True)
[2025-12-18 14:47:41.771] [INFO] Registering screen factories...
[2025-12-18 14:47:41.771] ServiceContainer: Registered 'TaskListScreen' (singleton=False)
[2025-12-18 14:47:41.772] [INFO] Resolving Application from container...
[2025-12-18 14:47:41.783] ServiceContainer: Resolving 'Application'...
[2025-12-18 14:47:41.785] [INFO] Resolving Application...
[2025-12-18 14:47:41.785] ServiceContainer: Resolving 'Theme'...
[2025-12-18 14:47:41.791] [INFO] Resolving Theme: Calling Initialize-PmcThemeSystem...
[2025-12-18 14:47:41.873] [INFO] Theme initialized: #33aaff
[2025-12-18 14:47:41.875] ServiceContainer: Resolved 'Theme' successfully
[2025-12-18 14:47:41.933] ServiceContainer: Resolving 'ThemeManager'...
[2025-12-18 14:47:41.935] [INFO] Resolving ThemeManager...
[2025-12-18 14:47:41.936] ServiceContainer: Resolved 'ThemeManager' successfully
[2025-12-18 14:47:41.953] ServiceContainer: Resolved 'Application' successfully
[2025-12-18 14:47:41.954] [INFO] Application resolved and assigned to $global:PmcApp
[2025-12-18 14:47:41.955] [INFO] Loading menus from manifest...
[2025-12-18 14:47:41.955] ServiceContainer: Resolving 'MenuRegistry'...
[2025-12-18 14:47:41.956] [INFO] Resolving MenuRegistry...
[2025-12-18 14:47:41.966] ServiceContainer: Resolved 'MenuRegistry' successfully
[2025-12-18 14:47:41.980] MenuRegistry: Loaded manifest with 23 entries
[2025-12-18 14:47:41.997] ServiceContainer: Registered 'ChecklistTemplatesFolderScreen' (singleton=False)
[2025-12-18 14:47:41.998] MenuRegistry: Registered screen factory 'ChecklistTemplatesFolderScreen' in container (viewMode=)
[2025-12-18 14:47:42.010] MenuRegistry: Registered 'Checklist Templates' in 'Tools' menu (hotkey=H order=30)
[2025-12-18 14:47:42.012] ServiceContainer: Registered 'TaskListScreen_NextActions' (singleton=False)
[2025-12-18 14:47:42.013] MenuRegistry: Registered screen factory 'TaskListScreen_NextActions' in container (viewMode=nextactions)
[2025-12-18 14:47:42.014] MenuRegistry: Registered 'Next Actions' in 'Tasks' menu (hotkey=N order=35)
[2025-12-18 14:47:42.015] ServiceContainer: Registered 'TaskListScreen_Today' (singleton=False)
[2025-12-18 14:47:42.015] MenuRegistry: Registered screen factory 'TaskListScreen_Today' in container (viewMode=today)
[2025-12-18 14:47:42.016] MenuRegistry: Registered 'Today' in 'Tasks' menu (hotkey=Y order=10)
[2025-12-18 14:47:42.017] ServiceContainer: Registered 'TimeListScreen' (singleton=False)
[2025-12-18 14:47:42.018] MenuRegistry: Registered screen factory 'TimeListScreen' in container (viewMode=)
[2025-12-18 14:47:42.019] MenuRegistry: Registered 'Time Tracking' in 'Time' menu (hotkey=T order=5)
[2025-12-18 14:47:42.020] ServiceContainer: Registered 'NotesMenuScreen' (singleton=False)
[2025-12-18 14:47:42.021] MenuRegistry: Registered screen factory 'NotesMenuScreen' in container (viewMode=)
[2025-12-18 14:47:42.021] MenuRegistry: Registered 'Notes' in 'Tools' menu (hotkey=N order=20)
[2025-12-18 14:47:42.023] ServiceContainer: Registered 'ChecklistsLauncherScreen' (singleton=False)
[2025-12-18 14:47:42.023] MenuRegistry: Registered screen factory 'ChecklistsLauncherScreen' in container (viewMode=)
[2025-12-18 14:47:42.024] MenuRegistry: Registered 'Checklists' in 'Tools' menu (hotkey=C order=25)
[2025-12-18 14:47:42.025] ServiceContainer: Registered 'TaskListScreen_Week' (singleton=False)
[2025-12-18 14:47:42.026] MenuRegistry: Registered screen factory 'TaskListScreen_Week' in container (viewMode=week)
[2025-12-18 14:47:42.027] MenuRegistry: Registered 'Week View' in 'Tasks' menu (hotkey=W order=20)
[2025-12-18 14:47:42.032] ServiceContainer: Registered 'TaskListScreen_NoDate' (singleton=False)
[2025-12-18 14:47:42.033] MenuRegistry: Registered screen factory 'TaskListScreen_NoDate' in container (viewMode=noduedate)
[2025-12-18 14:47:42.034] MenuRegistry: Registered 'No Due Date' in 'Tasks' menu (hotkey=D order=40)
[2025-12-18 14:47:42.035] ServiceContainer: Registered 'TaskListScreen_Tomorrow' (singleton=False)
[2025-12-18 14:47:42.035] MenuRegistry: Registered screen factory 'TaskListScreen_Tomorrow' in container (viewMode=tomorrow)
[2025-12-18 14:47:42.036] MenuRegistry: Registered 'Tomorrow' in 'Tasks' menu (hotkey=T order=15)
[2025-12-18 14:47:42.037] ServiceContainer: Registered 'TimeReportScreen' (singleton=False)
[2025-12-18 14:47:42.038] MenuRegistry: Registered screen factory 'TimeReportScreen' in container (viewMode=)
[2025-12-18 14:47:42.038] MenuRegistry: Registered 'Time Report' in 'Time' menu (hotkey=R order=20)
[2025-12-18 14:47:42.039] ServiceContainer: Registered 'ExcelProfileManagerScreen' (singleton=False)
[2025-12-18 14:47:42.040] MenuRegistry: Registered screen factory 'ExcelProfileManagerScreen' in container (viewMode=)
[2025-12-18 14:47:42.041] MenuRegistry: Registered 'Excel Profiles' in 'Projects' menu (hotkey=M order=50)
[2025-12-18 14:47:42.042] ServiceContainer: Registered 'TaskListScreen_Upcoming' (singleton=False)
[2025-12-18 14:47:42.043] MenuRegistry: Registered screen factory 'TaskListScreen_Upcoming' in container (viewMode=upcoming)
[2025-12-18 14:47:42.043] MenuRegistry: Registered 'Upcoming' in 'Tasks' menu (hotkey=U order=25)
[2025-12-18 14:47:42.045] ServiceContainer: Registered 'TaskListScreen_Overdue' (singleton=False)
[2025-12-18 14:47:42.045] MenuRegistry: Registered screen factory 'TaskListScreen_Overdue' in container (viewMode=overdue)
[2025-12-18 14:47:42.046] MenuRegistry: Registered 'Overdue' in 'Tasks' menu (hotkey=O order=30)
[2025-12-18 14:47:42.048] ServiceContainer: Registered 'ThemeEditorScreen' (singleton=False)
[2025-12-18 14:47:42.049] MenuRegistry: Registered screen factory 'ThemeEditorScreen' in container (viewMode=)
[2025-12-18 14:47:42.050] MenuRegistry: Registered 'Theme Editor' in 'Options' menu (hotkey=T order=10)
[2025-12-18 14:47:42.051] ServiceContainer: Registered 'HelpViewScreen' (singleton=False)
[2025-12-18 14:47:42.052] MenuRegistry: Registered screen factory 'HelpViewScreen' in container (viewMode=)
[2025-12-18 14:47:42.053] MenuRegistry: Registered 'Help' in 'Help' menu (hotkey=H order=10)
[2025-12-18 14:47:42.054] ServiceContainer: Registered 'ProjectListScreen' (singleton=False)
[2025-12-18 14:47:42.055] MenuRegistry: Registered screen factory 'ProjectListScreen' in container (viewMode=)
[2025-12-18 14:47:42.055] MenuRegistry: Registered 'Project List' in 'Projects' menu (hotkey=L order=10)
[2025-12-18 14:47:42.057] ServiceContainer: Registered 'TaskListScreen_Default' (singleton=False)
[2025-12-18 14:47:42.058] MenuRegistry: Registered screen factory 'TaskListScreen_Default' in container (viewMode=)
[2025-12-18 14:47:42.059] MenuRegistry: Registered 'Task List' in 'Tasks' menu (hotkey=L order=5)
[2025-12-18 14:47:42.061] ServiceContainer: Registered 'TaskListScreen_Agenda' (singleton=False)
[2025-12-18 14:47:42.062] MenuRegistry: Registered screen factory 'TaskListScreen_Agenda' in container (viewMode=agenda)
[2025-12-18 14:47:42.064] MenuRegistry: Registered 'Agenda View' in 'Tasks' menu (hotkey=A order=50)
[2025-12-18 14:47:42.065] ServiceContainer: Registered 'SettingsScreen' (singleton=False)
[2025-12-18 14:47:42.066] MenuRegistry: Registered screen factory 'SettingsScreen' in container (viewMode=)
[2025-12-18 14:47:42.067] MenuRegistry: Registered 'Settings' in 'Options' menu (hotkey=S order=20)
[2025-12-18 14:47:42.068] ServiceContainer: Registered 'CommandLibraryScreen' (singleton=False)
[2025-12-18 14:47:42.069] MenuRegistry: Registered screen factory 'CommandLibraryScreen' in container (viewMode=)
[2025-12-18 14:47:42.070] MenuRegistry: Registered 'Command Library' in 'Tools' menu (hotkey=L order=10)
[2025-12-18 14:47:42.071] ServiceContainer: Registered 'ExcelImportScreen' (singleton=False)
[2025-12-18 14:47:42.072] MenuRegistry: Registered screen factory 'ExcelImportScreen' in container (viewMode=)
[2025-12-18 14:47:42.073] MenuRegistry: Registered 'Import from Excel' in 'Projects' menu (hotkey=I order=40)
[2025-12-18 14:47:42.087] ServiceContainer: Registered 'WeeklyTimeReportScreen' (singleton=False)
[2025-12-18 14:47:42.088] MenuRegistry: Registered screen factory 'WeeklyTimeReportScreen' in container (viewMode=)
[2025-12-18 14:47:42.089] MenuRegistry: Registered 'Weekly Report' in 'Time' menu (hotkey=W order=10)
[2025-12-18 14:47:42.090] ServiceContainer: Registered 'TaskListScreen_Month' (singleton=False)
[2025-12-18 14:47:42.091] MenuRegistry: Registered screen factory 'TaskListScreen_Month' in container (viewMode=month)
[2025-12-18 14:47:42.092] MenuRegistry: Registered 'Month View' in 'Tasks' menu (hotkey=M order=45)
[2025-12-18 14:47:42.093] [INFO] Menus loaded from /home/teej/ztest/module/Pmc.Strict/consoleui/screens/MenuItems.psd1
[2025-12-18 14:47:42.094] [INFO] Launching screen: TaskList
[2025-12-18 14:47:42.095] [INFO] Resolving TaskListScreen from container...
[2025-12-18 14:47:42.095] ServiceContainer: Resolving 'TaskListScreen'...
[2025-12-18 14:47:42.097] [INFO] Resolving TaskListScreen...
[2025-12-18 14:47:42.098] ServiceContainer: Resolving 'TaskStore'...
[2025-12-18 14:47:42.099] [INFO] Resolving TaskStore...
[2025-12-18 14:47:42.305] ServiceContainer: Resolved 'TaskStore' successfully
[2025-12-18 14:47:42.854] _PopulateMenusFromRegistry: Menu 'Time' has 3 items from registry (array)
[2025-12-18 14:47:42.870] _PopulateMenusFromRegistry: Menu 'Options' has 2 items from registry (array)
[2025-12-18 14:47:42.874] _PopulateMenusFromRegistry: Menu 'Tasks' has 10 items from registry (array)
[2025-12-18 14:47:42.877] _PopulateMenusFromRegistry: Menu 'Projects' has 3 items from registry (array)
[2025-12-18 14:47:42.880] _PopulateMenusFromRegistry: Menu 'Help' has 1 items from registry (array)
[2025-12-18 14:47:42.882] _PopulateMenusFromRegistry: Menu 'Tools' has 4 items from registry (array)
[2025-12-18 14:47:42.884] ServiceContainer: Resolved 'TaskListScreen' successfully
[2025-12-18 14:47:42.885] [INFO] Pushing screen to app...
[2025-12-18 14:47:43.199] [INFO] Screen pushed successfully
[2025-12-18 14:47:43.200] [INFO] Starting event loop...
[2025-12-18 14:47:47.442] ServiceContainer: Resolving 'ThemeEditorScreen'...
[2025-12-18 14:47:47.497] ServiceContainer: Resolved 'ThemeEditorScreen' successfully
[2025-12-18 14:47:51.961] RequestRender called from:  at line 395
[2025-12-18 14:47:51.977] RequestRender called from: Invoke-ThemeHotReload at line 67
[2025-12-18 14:47:54.420] [INFO] Event loop exited normally
[2025-12-18 14:47:54.421] [INFO] Cleanup - showing cursor and resetting terminal
