[2025-12-18 17:55:18.621] [INFO] Loading PMC module...
[2025-12-18 17:55:20.241] [INFO] PMC module loaded
[2025-12-18 17:55:20.246] [INFO] Loading dependencies (FieldSchemas, etc.)...
[2025-12-18 17:55:20.406] [INFO] Dependencies loaded
[2025-12-18 17:55:20.408] [INFO] Loading SpeedTUI framework...
[2025-12-18 17:55:22.186] [INFO] SpeedTUI framework loaded
[2025-12-18 17:55:22.188] [INFO] Loading PraxisVT...
[2025-12-18 17:55:22.191] [INFO] PraxisVT loaded
[2025-12-18 17:55:22.193] [INFO] Loading core dependencies...
[2025-12-18 17:55:22.268] [INFO] Core dependencies loaded
[2025-12-18 17:55:22.271] [INFO] Loading widget base classes...
[2025-12-18 17:55:22.322] [INFO] Widget base classes loaded
[2025-12-18 17:55:22.354] [INFO] Loading services...
[2025-12-18 17:55:22.532] [INFO] Services loaded
[2025-12-18 17:55:22.534] [INFO] Loading helpers...
[2025-12-18 17:55:22.757] [INFO] Helpers loaded
[2025-12-18 17:55:22.759] [INFO] Loading widgets...
[2025-12-18 17:55:23.356] [INFO] Widgets loaded
[2025-12-18 17:55:23.358] [INFO] Loading screen base class...
[2025-12-18 17:55:23.375] [INFO] Screen base class loaded
[2025-12-18 17:55:23.377] [INFO] Loading HelpViewScreen (needed by base classes)...
[2025-12-18 17:55:23.387] [INFO] HelpViewScreen loaded
[2025-12-18 17:55:23.389] [INFO] Loading base classes...
[2025-12-18 17:55:23.486] [INFO] Base classes loaded
[2025-12-18 17:55:23.488] [INFO] Loading ServiceContainer (needed by screens)...
[2025-12-18 17:55:23.496] [INFO] ServiceContainer loaded
[2025-12-18 17:55:23.498] [INFO] Loading remaining screens...
[2025-12-18 17:55:23.612] [INFO] Remaining screens loaded
[2025-12-18 17:55:23.614] [INFO] Loading PmcApplication...
[2025-12-18 17:55:23.635] [INFO] PmcApplication loaded
[2025-12-18 17:55:23.638] [INFO] All components loaded successfully
[2025-12-18 17:55:23.664] [INFO] Starting PMC TUI with screen: TaskList
[2025-12-18 17:55:23.676] [INFO] Cleared stale PmcSharedMenuBar and MenuRegistry singleton
[2025-12-18 17:55:23.679] [INFO] Creating ServiceContainer...
[2025-12-18 17:55:23.700] [INFO] ServiceContainer created
[2025-12-18 17:55:23.703] [INFO] Registering Theme service...
[2025-12-18 17:55:23.741] ServiceContainer: Registered 'Theme' (singleton=True)
[2025-12-18 17:55:23.746] [INFO] Registering ThemeManager...
[2025-12-18 17:55:23.748] ServiceContainer: Registered 'ThemeManager' (singleton=True)
[2025-12-18 17:55:23.749] [INFO] Registering Config service...
[2025-12-18 17:55:23.751] ServiceContainer: Registered 'Config' (singleton=True)
[2025-12-18 17:55:23.752] [INFO] Registering TaskStore service...
[2025-12-18 17:55:23.753] ServiceContainer: Registered 'TaskStore' (singleton=True)
[2025-12-18 17:55:23.754] [INFO] Registering MenuRegistry service...
[2025-12-18 17:55:23.756] ServiceContainer: Registered 'MenuRegistry' (singleton=True)
[2025-12-18 17:55:23.758] [INFO] Registering Application service...
[2025-12-18 17:55:23.760] ServiceContainer: Registered 'Application' (singleton=True)
[2025-12-18 17:55:23.761] [INFO] Registering CommandService...
[2025-12-18 17:55:23.763] ServiceContainer: Registered 'CommandService' (singleton=True)
[2025-12-18 17:55:23.764] [INFO] Registering ChecklistService...
[2025-12-18 17:55:23.765] ServiceContainer: Registered 'ChecklistService' (singleton=True)
[2025-12-18 17:55:23.766] [INFO] Registering NoteService...
[2025-12-18 17:55:23.768] ServiceContainer: Registered 'NoteService' (singleton=True)
[2025-12-18 17:55:23.770] [INFO] Registering ExcelMappingService...
[2025-12-18 17:55:23.771] ServiceContainer: Registered 'ExcelMappingService' (singleton=True)
[2025-12-18 17:55:23.772] [INFO] Registering PreferencesService...
[2025-12-18 17:55:23.773] ServiceContainer: Registered 'PreferencesService' (singleton=True)
[2025-12-18 17:55:23.775] [INFO] Registering screen factories...
[2025-12-18 17:55:23.776] ServiceContainer: Registered 'TaskListScreen' (singleton=False)
[2025-12-18 17:55:23.778] [INFO] Resolving Application from container...
[2025-12-18 17:55:23.798] ServiceContainer: Resolving 'Application'...
[2025-12-18 17:55:23.801] [INFO] Resolving Application...
[2025-12-18 17:55:23.802] ServiceContainer: Resolving 'Theme'...
[2025-12-18 17:55:23.806] [INFO] Resolving Theme: Calling Initialize-PmcThemeSystem...
[2025-12-18 17:55:23.994] [INFO] Theme initialized: #33aaff
[2025-12-18 17:55:23.999] ServiceContainer: Resolved 'Theme' successfully
[2025-12-18 17:55:24.107] ServiceContainer: Resolving 'ThemeManager'...
[2025-12-18 17:55:24.110] [INFO] Resolving ThemeManager...
[2025-12-18 17:55:24.113] ServiceContainer: Resolved 'ThemeManager' successfully
[2025-12-18 17:55:24.133] ServiceContainer: Resolved 'Application' successfully
[2025-12-18 17:55:24.135] [INFO] Application resolved and assigned to $global:PmcApp
[2025-12-18 17:55:24.137] [INFO] Loading menus from manifest...
[2025-12-18 17:55:24.138] ServiceContainer: Resolving 'MenuRegistry'...
[2025-12-18 17:55:24.141] [INFO] Resolving MenuRegistry...
[2025-12-18 17:55:24.158] ServiceContainer: Resolved 'MenuRegistry' successfully
[2025-12-18 17:55:24.219] MenuRegistry: Loaded manifest with 23 entries
[2025-12-18 17:55:24.258] ServiceContainer: Registered 'TaskListScreen_Agenda' (singleton=False)
[2025-12-18 17:55:24.259] MenuRegistry: Registered screen factory 'TaskListScreen_Agenda' in container (viewMode=agenda)
[2025-12-18 17:55:24.281] MenuRegistry: Registered 'Agenda View' in 'Tasks' menu (hotkey=A order=50)
[2025-12-18 17:55:24.284] ServiceContainer: Registered 'TaskListScreen_Week' (singleton=False)
[2025-12-18 17:55:24.285] MenuRegistry: Registered screen factory 'TaskListScreen_Week' in container (viewMode=week)
[2025-12-18 17:55:24.288] MenuRegistry: Registered 'Week View' in 'Tasks' menu (hotkey=W order=20)
[2025-12-18 17:55:24.290] ServiceContainer: Registered 'CommandLibraryScreen' (singleton=False)
[2025-12-18 17:55:24.291] MenuRegistry: Registered screen factory 'CommandLibraryScreen' in container (viewMode=)
[2025-12-18 17:55:24.294] MenuRegistry: Registered 'Command Library' in 'Tools' menu (hotkey=L order=10)
[2025-12-18 17:55:24.297] ServiceContainer: Registered 'TaskListScreen_Default' (singleton=False)
[2025-12-18 17:55:24.298] MenuRegistry: Registered screen factory 'TaskListScreen_Default' in container (viewMode=)
[2025-12-18 17:55:24.299] MenuRegistry: Registered 'Task List' in 'Tasks' menu (hotkey=L order=5)
[2025-12-18 17:55:24.302] ServiceContainer: Registered 'TaskListScreen_Overdue' (singleton=False)
[2025-12-18 17:55:24.303] MenuRegistry: Registered screen factory 'TaskListScreen_Overdue' in container (viewMode=overdue)
[2025-12-18 17:55:24.305] MenuRegistry: Registered 'Overdue' in 'Tasks' menu (hotkey=O order=30)
[2025-12-18 17:55:24.307] ServiceContainer: Registered 'ExcelImportScreen' (singleton=False)
[2025-12-18 17:55:24.308] MenuRegistry: Registered screen factory 'ExcelImportScreen' in container (viewMode=)
[2025-12-18 17:55:24.310] MenuRegistry: Registered 'Import from Excel' in 'Projects' menu (hotkey=I order=40)
[2025-12-18 17:55:24.312] ServiceContainer: Registered 'SettingsScreen' (singleton=False)
[2025-12-18 17:55:24.313] MenuRegistry: Registered screen factory 'SettingsScreen' in container (viewMode=)
[2025-12-18 17:55:24.315] MenuRegistry: Registered 'Settings' in 'Options' menu (hotkey=S order=20)
[2025-12-18 17:55:24.317] ServiceContainer: Registered 'NotesMenuScreen' (singleton=False)
[2025-12-18 17:55:24.318] MenuRegistry: Registered screen factory 'NotesMenuScreen' in container (viewMode=)
[2025-12-18 17:55:24.320] MenuRegistry: Registered 'Notes' in 'Tools' menu (hotkey=N order=20)
[2025-12-18 17:55:24.322] ServiceContainer: Registered 'ChecklistTemplatesFolderScreen' (singleton=False)
[2025-12-18 17:55:24.324] MenuRegistry: Registered screen factory 'ChecklistTemplatesFolderScreen' in container (viewMode=)
[2025-12-18 17:55:24.325] MenuRegistry: Registered 'Checklist Templates' in 'Tools' menu (hotkey=H order=30)
[2025-12-18 17:55:24.328] ServiceContainer: Registered 'TaskListScreen_Month' (singleton=False)
[2025-12-18 17:55:24.329] MenuRegistry: Registered screen factory 'TaskListScreen_Month' in container (viewMode=month)
[2025-12-18 17:55:24.330] MenuRegistry: Registered 'Month View' in 'Tasks' menu (hotkey=M order=45)
[2025-12-18 17:55:24.332] ServiceContainer: Registered 'TaskListScreen_Upcoming' (singleton=False)
[2025-12-18 17:55:24.333] MenuRegistry: Registered screen factory 'TaskListScreen_Upcoming' in container (viewMode=upcoming)
[2025-12-18 17:55:24.335] MenuRegistry: Registered 'Upcoming' in 'Tasks' menu (hotkey=U order=25)
[2025-12-18 17:55:24.337] ServiceContainer: Registered 'TaskListScreen_Today' (singleton=False)
[2025-12-18 17:55:24.345] MenuRegistry: Registered screen factory 'TaskListScreen_Today' in container (viewMode=today)
[2025-12-18 17:55:24.346] MenuRegistry: Registered 'Today' in 'Tasks' menu (hotkey=Y order=10)
[2025-12-18 17:55:24.348] ServiceContainer: Registered 'TimeReportScreen' (singleton=False)
[2025-12-18 17:55:24.349] MenuRegistry: Registered screen factory 'TimeReportScreen' in container (viewMode=)
[2025-12-18 17:55:24.351] MenuRegistry: Registered 'Time Report' in 'Time' menu (hotkey=R order=20)
[2025-12-18 17:55:24.354] ServiceContainer: Registered 'TaskListScreen_NoDate' (singleton=False)
[2025-12-18 17:55:24.355] MenuRegistry: Registered screen factory 'TaskListScreen_NoDate' in container (viewMode=noduedate)
[2025-12-18 17:55:24.357] MenuRegistry: Registered 'No Due Date' in 'Tasks' menu (hotkey=D order=40)
[2025-12-18 17:55:24.359] ServiceContainer: Registered 'WeeklyTimeReportScreen' (singleton=False)
[2025-12-18 17:55:24.360] MenuRegistry: Registered screen factory 'WeeklyTimeReportScreen' in container (viewMode=)
[2025-12-18 17:55:24.362] MenuRegistry: Registered 'Weekly Report' in 'Time' menu (hotkey=W order=10)
[2025-12-18 17:55:24.364] ServiceContainer: Registered 'ThemeEditorScreen' (singleton=False)
[2025-12-18 17:55:24.365] MenuRegistry: Registered screen factory 'ThemeEditorScreen' in container (viewMode=)
[2025-12-18 17:55:24.366] MenuRegistry: Registered 'Theme Editor' in 'Options' menu (hotkey=T order=10)
[2025-12-18 17:55:24.369] ServiceContainer: Registered 'HelpViewScreen' (singleton=False)
[2025-12-18 17:55:24.371] MenuRegistry: Registered screen factory 'HelpViewScreen' in container (viewMode=)
[2025-12-18 17:55:24.373] MenuRegistry: Registered 'Help' in 'Help' menu (hotkey=H order=10)
[2025-12-18 17:55:24.376] ServiceContainer: Registered 'TaskListScreen_Tomorrow' (singleton=False)
[2025-12-18 17:55:24.378] MenuRegistry: Registered screen factory 'TaskListScreen_Tomorrow' in container (viewMode=tomorrow)
[2025-12-18 17:55:24.381] MenuRegistry: Registered 'Tomorrow' in 'Tasks' menu (hotkey=T order=15)
[2025-12-18 17:55:24.384] ServiceContainer: Registered 'ChecklistsLauncherScreen' (singleton=False)
[2025-12-18 17:55:24.386] MenuRegistry: Registered screen factory 'ChecklistsLauncherScreen' in container (viewMode=)
[2025-12-18 17:55:24.389] MenuRegistry: Registered 'Checklists' in 'Tools' menu (hotkey=C order=25)
[2025-12-18 17:55:24.392] ServiceContainer: Registered 'TimeListScreen' (singleton=False)
[2025-12-18 17:55:24.394] MenuRegistry: Registered screen factory 'TimeListScreen' in container (viewMode=)
[2025-12-18 17:55:24.397] MenuRegistry: Registered 'Time Tracking' in 'Time' menu (hotkey=T order=5)
[2025-12-18 17:55:24.399] ServiceContainer: Registered 'TaskListScreen_NextActions' (singleton=False)
[2025-12-18 17:55:24.401] MenuRegistry: Registered screen factory 'TaskListScreen_NextActions' in container (viewMode=nextactions)
[2025-12-18 17:55:24.403] MenuRegistry: Registered 'Next Actions' in 'Tasks' menu (hotkey=N order=35)
[2025-12-18 17:55:24.405] ServiceContainer: Registered 'ProjectListScreen' (singleton=False)
[2025-12-18 17:55:24.407] MenuRegistry: Registered screen factory 'ProjectListScreen' in container (viewMode=)
[2025-12-18 17:55:24.409] MenuRegistry: Registered 'Project List' in 'Projects' menu (hotkey=L order=10)
[2025-12-18 17:55:24.412] ServiceContainer: Registered 'ExcelProfileManagerScreen' (singleton=False)
[2025-12-18 17:55:24.414] MenuRegistry: Registered screen factory 'ExcelProfileManagerScreen' in container (viewMode=)
[2025-12-18 17:55:24.416] MenuRegistry: Registered 'Excel Profiles' in 'Projects' menu (hotkey=M order=50)
[2025-12-18 17:55:24.418] [INFO] Menus loaded from /home/teej/ztest/module/Pmc.Strict/consoleui/screens/MenuItems.psd1
[2025-12-18 17:55:24.420] [INFO] Launching screen: TaskList
[2025-12-18 17:55:24.422] [INFO] Resolving TaskListScreen from container...
[2025-12-18 17:55:24.424] ServiceContainer: Resolving 'TaskListScreen'...
[2025-12-18 17:55:24.430] [INFO] Resolving TaskListScreen...
[2025-12-18 17:55:24.432] ServiceContainer: Resolving 'TaskStore'...
[2025-12-18 17:55:24.440] [INFO] Resolving TaskStore...
[2025-12-18 17:55:24.860] ServiceContainer: Resolved 'TaskStore' successfully
