[2026-01-13 06:54:39.639] ServiceContainer: Registered 'Theme' (singleton=True)
[2026-01-13 06:54:39.644] ServiceContainer: Registered 'ThemeManager' (singleton=True)
[2026-01-13 06:54:39.645] ServiceContainer: Registered 'Config' (singleton=True)
[2026-01-13 06:54:39.646] ServiceContainer: Registered 'TaskStore' (singleton=True)
[2026-01-13 06:54:39.647] ServiceContainer: Registered 'MenuRegistry' (singleton=True)
[2026-01-13 06:54:39.648] ServiceContainer: Registered 'Application' (singleton=True)
[2026-01-13 06:54:39.649] ServiceContainer: Registered 'CommandService' (singleton=True)
[2026-01-13 06:54:39.650] ServiceContainer: Registered 'ChecklistService' (singleton=True)
[2026-01-13 06:54:39.651] ServiceContainer: Registered 'NoteService' (singleton=True)
[2026-01-13 06:54:39.652] ServiceContainer: Registered 'ExcelMappingService' (singleton=True)
[2026-01-13 06:54:39.653] ServiceContainer: Registered 'ExcelCopyService' (singleton=True)
[2026-01-13 06:54:39.654] ServiceContainer: Registered 'PreferencesService' (singleton=True)
[2026-01-13 06:54:39.655] ServiceContainer: Registered 'ExcelImportService' (singleton=True)
[2026-01-13 06:54:39.656] ServiceContainer: Registered 'TextExportService' (singleton=True)
[2026-01-13 06:54:39.657] ServiceContainer: Registered 'TaskListScreen' (singleton=False)
[2026-01-13 06:54:39.677] ServiceContainer: Resolving 'Application'...
[2026-01-13 06:54:39.688] ServiceContainer: Resolving 'Theme'...
[2026-01-13 06:54:39.937] ServiceContainer: Resolved 'Theme' successfully
[2026-01-13 06:54:40.039] ServiceContainer: Resolving 'ThemeManager'...
[2026-01-13 06:54:40.041] ServiceContainer: Resolved 'ThemeManager' successfully
[2026-01-13 06:54:40.058] ServiceContainer: Resolved 'Application' successfully
[2026-01-13 06:54:40.059] ServiceContainer: Resolving 'MenuRegistry'...
[2026-01-13 06:54:40.075] ServiceContainer: Resolved 'MenuRegistry' successfully
[2026-01-13 06:54:40.099] MenuRegistry: Loaded manifest with 17 entries
[2026-01-13 06:54:40.143] ServiceContainer: Registered 'ExcelImportProfileManagerScreen' (singleton=False)
[2026-01-13 06:54:40.145] MenuRegistry: Registered factory for 'Excel Import Profiles'
[2026-01-13 06:54:40.164] MenuRegistry: Registered 'Excel Import Profiles' in 'Tools' menu (hotkey=I order=40)
[2026-01-13 06:54:40.167] ServiceContainer: Registered 'CalendarScreen' (singleton=False)
[2026-01-13 06:54:40.168] MenuRegistry: Registered factory for 'Calendar'
[2026-01-13 06:54:40.169] MenuRegistry: Registered 'Calendar' in 'Tools' menu (hotkey=A order=50)
[2026-01-13 06:54:40.171] ServiceContainer: Registered 'TimeListScreen' (singleton=False)
[2026-01-13 06:54:40.172] MenuRegistry: Registered factory for 'Time Tracking'
[2026-01-13 06:54:40.174] MenuRegistry: Registered 'Time Tracking' in 'Time' menu (hotkey=T order=5)
[2026-01-13 06:54:40.175] ServiceContainer: Registered 'ChecklistTemplatesFolderScreen' (singleton=False)
[2026-01-13 06:54:40.176] MenuRegistry: Registered factory for 'Checklist Templates'
[2026-01-13 06:54:40.178] MenuRegistry: Registered 'Checklist Templates' in 'Tools' menu (hotkey=H order=30)
[2026-01-13 06:54:40.179] ServiceContainer: Registered 'ThemeEditorScreen' (singleton=False)
[2026-01-13 06:54:40.180] MenuRegistry: Registered factory for 'Theme Editor'
[2026-01-13 06:54:40.181] MenuRegistry: Registered 'Theme Editor' in 'Options' menu (hotkey=T order=10)
[2026-01-13 06:54:40.183] ServiceContainer: Registered 'NotesMenuScreen' (singleton=False)
[2026-01-13 06:54:40.184] MenuRegistry: Registered factory for 'Notes'
[2026-01-13 06:54:40.185] MenuRegistry: Registered 'Notes' in 'Tools' menu (hotkey=N order=20)
[2026-01-13 06:54:40.187] ServiceContainer: Registered 'TaskListScreen_Default' (singleton=False)
[2026-01-13 06:54:40.188] MenuRegistry: Registered factory for 'Task List'
[2026-01-13 06:54:40.189] MenuRegistry: Registered 'Task List' in 'Tasks' menu (hotkey=L order=5)
[2026-01-13 06:54:40.191] ServiceContainer: Registered 'HelpViewScreen' (singleton=False)
[2026-01-13 06:54:40.192] MenuRegistry: Registered factory for 'Help'
[2026-01-13 06:54:40.193] MenuRegistry: Registered 'Help' in 'Help' menu (hotkey=H order=10)
[2026-01-13 06:54:40.195] ServiceContainer: Registered 'ExcelImportScreen' (singleton=False)
[2026-01-13 06:54:40.196] MenuRegistry: Registered factory for 'Import from Excel'
[2026-01-13 06:54:40.197] MenuRegistry: Registered 'Import from Excel' in 'Projects' menu (hotkey=I order=40)
[2026-01-13 06:54:40.199] ServiceContainer: Registered 'WeeklyTimeReportScreen' (singleton=False)
[2026-01-13 06:54:40.200] MenuRegistry: Registered factory for 'Weekly Report'
[2026-01-13 06:54:40.201] MenuRegistry: Registered 'Weekly Report' in 'Time' menu (hotkey=W order=10)
[2026-01-13 06:54:40.202] ServiceContainer: Registered 'ChecklistsLauncherScreen' (singleton=False)
[2026-01-13 06:54:40.203] MenuRegistry: Registered factory for 'Checklists'
[2026-01-13 06:54:40.205] MenuRegistry: Registered 'Checklists' in 'Tools' menu (hotkey=C order=25)
[2026-01-13 06:54:40.206] ServiceContainer: Registered 'SettingsScreen' (singleton=False)
[2026-01-13 06:54:40.207] MenuRegistry: Registered factory for 'Settings'
[2026-01-13 06:54:40.208] MenuRegistry: Registered 'Settings' in 'Options' menu (hotkey=S order=20)
[2026-01-13 06:54:40.210] ServiceContainer: Registered 'TextExportProfileManagerScreen' (singleton=False)
[2026-01-13 06:54:40.211] MenuRegistry: Registered factory for 'T2020 Export Profiles'
[2026-01-13 06:54:40.212] MenuRegistry: Registered 'T2020 Export Profiles' in 'Tools' menu (hotkey=E order=45)
[2026-01-13 06:54:40.214] ServiceContainer: Registered 'CommandLibraryScreen' (singleton=False)
[2026-01-13 06:54:40.215] MenuRegistry: Registered factory for 'Command Library'
[2026-01-13 06:54:40.243] MenuRegistry: Registered 'Command Library' in 'Tools' menu (hotkey=L order=10)
[2026-01-13 06:54:40.245] ServiceContainer: Registered 'ProjectListScreen' (singleton=False)
[2026-01-13 06:54:40.246] MenuRegistry: Registered factory for 'Project List'
[2026-01-13 06:54:40.247] MenuRegistry: Registered 'Project List' in 'Projects' menu (hotkey=L order=10)
[2026-01-13 06:54:40.249] ServiceContainer: Registered 'TimeReportScreen' (singleton=False)
[2026-01-13 06:54:40.250] MenuRegistry: Registered factory for 'Time Report'
[2026-01-13 06:54:40.251] MenuRegistry: Registered 'Time Report' in 'Time' menu (hotkey=R order=20)
[2026-01-13 06:54:40.253] ServiceContainer: Registered 'ExcelProfileManagerScreen' (singleton=False)
[2026-01-13 06:54:40.254] MenuRegistry: Registered factory for 'Excel Profiles'
[2026-01-13 06:54:40.255] MenuRegistry: Registered 'Excel Profiles' in 'Projects' menu (hotkey=M order=50)
[2026-01-13 06:54:45.415] ServiceContainer: Resolving 'TimeListScreen'...
[2026-01-13 06:54:45.840] [INFO] StandardListScreen._ConfigureListActions: Configuring actions for Time Tracking
[2026-01-13 06:54:45.858] [INFO] StandardListScreen: Added footer shortcut D -> Delete
[2026-01-13 06:54:45.880] [INFO] StandardListScreen._ConfigureListActions: Configured 7 footer shortcuts
[2026-01-13 06:54:46.074] ServiceContainer: Resolved 'TimeListScreen' successfully
[2026-01-13 06:54:46.242] [INFO] StandardListScreen._ConfigureListActions: Configuring actions for Time Tracking
[2026-01-13 06:54:46.244] [INFO] StandardListScreen: Added footer shortcut D -> Delete
[2026-01-13 06:54:46.247] [INFO] StandardListScreen._ConfigureListActions: Configured 7 footer shortcuts
[06:54:46.568] [Z-BUFFER] REJECTED at (2,7): currentZ=10 < zBuffer=20 char='D'
[06:54:46.570] [Z-BUFFER] REJECTED at (3,7): currentZ=10 < zBuffer=20 char='a'
[06:54:46.571] [Z-BUFFER] REJECTED at (4,7): currentZ=10 < zBuffer=20 char='t'
[06:54:46.572] [Z-BUFFER] REJECTED at (5,7): currentZ=10 < zBuffer=20 char='e'
[06:54:46.574] [Z-BUFFER] REJECTED at (14,7): currentZ=10 < zBuffer=20 char='T'
[06:54:46.576] [Z-BUFFER] REJECTED at (15,7): currentZ=10 < zBuffer=20 char='a'
[06:54:46.577] [Z-BUFFER] REJECTED at (16,7): currentZ=10 < zBuffer=20 char='s'
[06:54:46.579] [Z-BUFFER] REJECTED at (17,7): currentZ=10 < zBuffer=20 char='k'
[06:54:46.581] [Z-BUFFER] REJECTED at (55,7): currentZ=10 < zBuffer=20 char='I'
[06:54:46.582] [Z-BUFFER] REJECTED at (56,7): currentZ=10 < zBuffer=20 char='D'
[06:54:46.584] [Z-BUFFER] REJECTED at (57,7): currentZ=10 < zBuffer=20 char='1'
[06:54:46.585] [Z-BUFFER] REJECTED at (65,7): currentZ=10 < zBuffer=20 char='I'
[06:54:46.587] [Z-BUFFER] REJECTED at (66,7): currentZ=10 < zBuffer=20 char='D'
[06:54:46.588] [Z-BUFFER] REJECTED at (67,7): currentZ=10 < zBuffer=20 char='2'
[06:54:46.590] [Z-BUFFER] REJECTED at (93,7): currentZ=10 < zBuffer=20 char='N'
[06:54:46.592] [Z-BUFFER] REJECTED at (94,7): currentZ=10 < zBuffer=20 char='o'
[06:54:46.593] [Z-BUFFER] REJECTED at (95,7): currentZ=10 < zBuffer=20 char='t'
[06:54:46.595] [Z-BUFFER] REJECTED at (96,7): currentZ=10 < zBuffer=20 char='e'
[06:54:46.596] [Z-BUFFER] REJECTED at (97,7): currentZ=10 < zBuffer=20 char='s'
[2026-01-13 06:54:52.788] [ERROR] HandleKeyPress exception: Theme Property Missing: 'Primary'
[2026-01-13 06:54:52.790] [ERROR] Stack: at _ResolveColor, /home/teej/ztest/module/Pmc.Strict/consoleui/theme/PmcThemeManager.ps1: line 128
at GetColor, /home/teej/ztest/module/Pmc.Strict/consoleui/theme/PmcThemeManager.ps1: line 115
at GetAnsiSequence, /home/teej/ztest/module/Pmc.Strict/consoleui/theme/PmcThemeManager.ps1: line 145
at GetTheme, /home/teej/ztest/module/Pmc.Strict/consoleui/theme/PmcThemeManager.ps1: line 184
at ShowDetailDialog, /home/teej/ztest/module/Pmc.Strict/consoleui/screens/TimeListScreen.ps1: line 660
at HandleKeyPress, /home/teej/ztest/module/Pmc.Strict/consoleui/screens/TimeListScreen.ps1: line 710
at Run, /home/teej/ztest/module/Pmc.Strict/consoleui/PmcApplication.ps1: line 420
at Start-PmcTUI, /home/teej/ztest/module/Pmc.Strict/consoleui/Start-PmcTUI.ps1: line 632
at <ScriptBlock>, /home/teej/ztest/start.ps1: line 37
