[2025-12-19 23:23:03.225] ServiceContainer: Registered 'Theme' (singleton=True)
[2025-12-19 23:23:03.232] ServiceContainer: Registered 'ThemeManager' (singleton=True)
[2025-12-19 23:23:03.233] ServiceContainer: Registered 'Config' (singleton=True)
[2025-12-19 23:23:03.234] ServiceContainer: Registered 'TaskStore' (singleton=True)
[2025-12-19 23:23:03.235] ServiceContainer: Registered 'MenuRegistry' (singleton=True)
[2025-12-19 23:23:03.236] ServiceContainer: Registered 'Application' (singleton=True)
[2025-12-19 23:23:03.243] ServiceContainer: Registered 'CommandService' (singleton=True)
[2025-12-19 23:23:03.243] ServiceContainer: Registered 'ChecklistService' (singleton=True)
[2025-12-19 23:23:03.244] ServiceContainer: Registered 'NoteService' (singleton=True)
[2025-12-19 23:23:03.245] ServiceContainer: Registered 'ExcelMappingService' (singleton=True)
[2025-12-19 23:23:03.246] ServiceContainer: Registered 'PreferencesService' (singleton=True)
[2025-12-19 23:23:03.246] ServiceContainer: Registered 'TaskListScreen' (singleton=False)
[2025-12-19 23:23:03.258] ServiceContainer: Resolving 'Application'...
[2025-12-19 23:23:03.259] ServiceContainer: Resolving 'Theme'...
[2025-12-19 23:23:03.410] ServiceContainer: Resolved 'Theme' successfully
[2025-12-19 23:23:03.486] ServiceContainer: Resolving 'ThemeManager'...
[2025-12-19 23:23:03.488] ServiceContainer: Resolved 'ThemeManager' successfully
[2025-12-19 23:23:03.500] ServiceContainer: Resolved 'Application' successfully
[2025-12-19 23:23:03.501] ServiceContainer: Resolving 'MenuRegistry'...
[2025-12-19 23:23:03.513] ServiceContainer: Resolved 'MenuRegistry' successfully
[2025-12-19 23:23:03.535] MenuRegistry: Loaded manifest with 23 entries
[2025-12-19 23:23:03.559] ServiceContainer: Registered 'SettingsScreen' (singleton=False)
[2025-12-19 23:23:03.560] MenuRegistry: Registered screen factory 'SettingsScreen' in container (viewMode=)
[2025-12-19 23:23:03.576] MenuRegistry: Registered 'Settings' in 'Options' menu (hotkey=S order=20)
[2025-12-19 23:23:03.579] ServiceContainer: Registered 'TaskListScreen_Month' (singleton=False)
[2025-12-19 23:23:03.580] MenuRegistry: Registered screen factory 'TaskListScreen_Month' in container (viewMode=month)
[2025-12-19 23:23:03.581] MenuRegistry: Registered 'Month View' in 'Tasks' menu (hotkey=M order=45)
[2025-12-19 23:23:03.583] ServiceContainer: Registered 'TaskListScreen_Overdue' (singleton=False)
[2025-12-19 23:23:03.583] MenuRegistry: Registered screen factory 'TaskListScreen_Overdue' in container (viewMode=overdue)
[2025-12-19 23:23:03.585] MenuRegistry: Registered 'Overdue' in 'Tasks' menu (hotkey=O order=30)
[2025-12-19 23:23:03.586] ServiceContainer: Registered 'TaskListScreen_Week' (singleton=False)
[2025-12-19 23:23:03.587] MenuRegistry: Registered screen factory 'TaskListScreen_Week' in container (viewMode=week)
[2025-12-19 23:23:03.589] MenuRegistry: Registered 'Week View' in 'Tasks' menu (hotkey=W order=20)
[2025-12-19 23:23:03.590] ServiceContainer: Registered 'CommandLibraryScreen' (singleton=False)
[2025-12-19 23:23:03.591] MenuRegistry: Registered screen factory 'CommandLibraryScreen' in container (viewMode=)
[2025-12-19 23:23:03.592] MenuRegistry: Registered 'Command Library' in 'Tools' menu (hotkey=L order=10)
[2025-12-19 23:23:03.594] ServiceContainer: Registered 'ExcelImportScreen' (singleton=False)
[2025-12-19 23:23:03.594] MenuRegistry: Registered screen factory 'ExcelImportScreen' in container (viewMode=)
[2025-12-19 23:23:03.595] MenuRegistry: Registered 'Import from Excel' in 'Projects' menu (hotkey=I order=40)
[2025-12-19 23:23:03.597] ServiceContainer: Registered 'TaskListScreen_Upcoming' (singleton=False)
[2025-12-19 23:23:03.598] MenuRegistry: Registered screen factory 'TaskListScreen_Upcoming' in container (viewMode=upcoming)
[2025-12-19 23:23:03.599] MenuRegistry: Registered 'Upcoming' in 'Tasks' menu (hotkey=U order=25)
[2025-12-19 23:23:03.601] ServiceContainer: Registered 'TaskListScreen_Tomorrow' (singleton=False)
[2025-12-19 23:23:03.602] MenuRegistry: Registered screen factory 'TaskListScreen_Tomorrow' in container (viewMode=tomorrow)
[2025-12-19 23:23:03.603] MenuRegistry: Registered 'Tomorrow' in 'Tasks' menu (hotkey=T order=15)
[2025-12-19 23:23:03.605] ServiceContainer: Registered 'ChecklistsLauncherScreen' (singleton=False)
[2025-12-19 23:23:03.606] MenuRegistry: Registered screen factory 'ChecklistsLauncherScreen' in container (viewMode=)
[2025-12-19 23:23:03.607] MenuRegistry: Registered 'Checklists' in 'Tools' menu (hotkey=C order=25)
[2025-12-19 23:23:03.609] ServiceContainer: Registered 'TaskListScreen_Default' (singleton=False)
[2025-12-19 23:23:03.610] MenuRegistry: Registered screen factory 'TaskListScreen_Default' in container (viewMode=)
[2025-12-19 23:23:03.611] MenuRegistry: Registered 'Task List' in 'Tasks' menu (hotkey=L order=5)
[2025-12-19 23:23:03.614] ServiceContainer: Registered 'WeeklyTimeReportScreen' (singleton=False)
[2025-12-19 23:23:03.615] MenuRegistry: Registered screen factory 'WeeklyTimeReportScreen' in container (viewMode=)
[2025-12-19 23:23:03.617] MenuRegistry: Registered 'Weekly Report' in 'Time' menu (hotkey=W order=10)
[2025-12-19 23:23:03.619] ServiceContainer: Registered 'TaskListScreen_Today' (singleton=False)
[2025-12-19 23:23:03.620] MenuRegistry: Registered screen factory 'TaskListScreen_Today' in container (viewMode=today)
[2025-12-19 23:23:03.644] MenuRegistry: Registered 'Today' in 'Tasks' menu (hotkey=Y order=10)
[2025-12-19 23:23:03.646] ServiceContainer: Registered 'TaskListScreen_NoDate' (singleton=False)
[2025-12-19 23:23:03.647] MenuRegistry: Registered screen factory 'TaskListScreen_NoDate' in container (viewMode=noduedate)
[2025-12-19 23:23:03.648] MenuRegistry: Registered 'No Due Date' in 'Tasks' menu (hotkey=D order=40)
[2025-12-19 23:23:03.649] ServiceContainer: Registered 'NotesMenuScreen' (singleton=False)
[2025-12-19 23:23:03.650] MenuRegistry: Registered screen factory 'NotesMenuScreen' in container (viewMode=)
[2025-12-19 23:23:03.652] MenuRegistry: Registered 'Notes' in 'Tools' menu (hotkey=N order=20)
[2025-12-19 23:23:03.655] ServiceContainer: Registered 'ExcelProfileManagerScreen' (singleton=False)
[2025-12-19 23:23:03.656] MenuRegistry: Registered screen factory 'ExcelProfileManagerScreen' in container (viewMode=)
[2025-12-19 23:23:03.657] MenuRegistry: Registered 'Excel Profiles' in 'Projects' menu (hotkey=M order=50)
[2025-12-19 23:23:03.658] ServiceContainer: Registered 'TaskListScreen_NextActions' (singleton=False)
[2025-12-19 23:23:03.659] MenuRegistry: Registered screen factory 'TaskListScreen_NextActions' in container (viewMode=nextactions)
[2025-12-19 23:23:03.660] MenuRegistry: Registered 'Next Actions' in 'Tasks' menu (hotkey=N order=35)
[2025-12-19 23:23:03.662] ServiceContainer: Registered 'TaskListScreen_Agenda' (singleton=False)
[2025-12-19 23:23:03.663] MenuRegistry: Registered screen factory 'TaskListScreen_Agenda' in container (viewMode=agenda)
[2025-12-19 23:23:03.665] MenuRegistry: Registered 'Agenda View' in 'Tasks' menu (hotkey=A order=50)
[2025-12-19 23:23:03.666] ServiceContainer: Registered 'TimeListScreen' (singleton=False)
[2025-12-19 23:23:03.668] MenuRegistry: Registered screen factory 'TimeListScreen' in container (viewMode=)
[2025-12-19 23:23:03.669] MenuRegistry: Registered 'Time Tracking' in 'Time' menu (hotkey=T order=5)
[2025-12-19 23:23:03.671] ServiceContainer: Registered 'TimeReportScreen' (singleton=False)
[2025-12-19 23:23:03.672] MenuRegistry: Registered screen factory 'TimeReportScreen' in container (viewMode=)
[2025-12-19 23:23:03.674] MenuRegistry: Registered 'Time Report' in 'Time' menu (hotkey=R order=20)
[2025-12-19 23:23:03.677] ServiceContainer: Registered 'ThemeEditorScreen' (singleton=False)
[2025-12-19 23:23:03.680] MenuRegistry: Registered screen factory 'ThemeEditorScreen' in container (viewMode=)
[2025-12-19 23:23:03.683] MenuRegistry: Registered 'Theme Editor' in 'Options' menu (hotkey=T order=10)
[2025-12-19 23:23:03.686] ServiceContainer: Registered 'ChecklistTemplatesFolderScreen' (singleton=False)
[2025-12-19 23:23:03.687] MenuRegistry: Registered screen factory 'ChecklistTemplatesFolderScreen' in container (viewMode=)
[2025-12-19 23:23:03.689] MenuRegistry: Registered 'Checklist Templates' in 'Tools' menu (hotkey=H order=30)
[2025-12-19 23:23:03.694] ServiceContainer: Registered 'ProjectListScreen' (singleton=False)
[2025-12-19 23:23:03.697] MenuRegistry: Registered screen factory 'ProjectListScreen' in container (viewMode=)
[2025-12-19 23:23:03.698] MenuRegistry: Registered 'Project List' in 'Projects' menu (hotkey=L order=10)
[2025-12-19 23:23:03.701] ServiceContainer: Registered 'HelpViewScreen' (singleton=False)
[2025-12-19 23:23:03.702] MenuRegistry: Registered screen factory 'HelpViewScreen' in container (viewMode=)
[2025-12-19 23:23:03.704] MenuRegistry: Registered 'Help' in 'Help' menu (hotkey=H order=10)
[2025-12-19 23:23:03.707] ServiceContainer: Resolving 'TaskListScreen'...
[2025-12-19 23:23:03.709] ServiceContainer: Resolving 'TaskStore'...
[2025-12-19 23:23:04.009] ServiceContainer: Resolved 'TaskStore' successfully
[2025-12-19 23:23:04.791] _PopulateMenusFromRegistry: Menu 'Projects' has 3 items from registry (array)
[2025-12-19 23:23:04.812] _PopulateMenusFromRegistry: Menu 'Tasks' has 10 items from registry (array)
[2025-12-19 23:23:04.815] _PopulateMenusFromRegistry: Menu 'Options' has 2 items from registry (array)
[2025-12-19 23:23:04.819] _PopulateMenusFromRegistry: Menu 'Tools' has 4 items from registry (array)
[2025-12-19 23:23:04.822] _PopulateMenusFromRegistry: Menu 'Help' has 1 items from registry (array)
[2025-12-19 23:23:04.834] _PopulateMenusFromRegistry: Menu 'Time' has 3 items from registry (array)
[2025-12-19 23:23:04.836] ServiceContainer: Resolved 'TaskListScreen' successfully
