[2025-12-31 20:56:50.896] ServiceContainer: Registered 'Theme' (singleton=True)
[2025-12-31 20:56:50.901] ServiceContainer: Registered 'ThemeManager' (singleton=True)
[2025-12-31 20:56:50.903] ServiceContainer: Registered 'Config' (singleton=True)
[2025-12-31 20:56:50.905] ServiceContainer: Registered 'TaskStore' (singleton=True)
[2025-12-31 20:56:50.907] ServiceContainer: Registered 'MenuRegistry' (singleton=True)
[2025-12-31 20:56:50.908] ServiceContainer: Registered 'Application' (singleton=True)
[2025-12-31 20:56:50.910] ServiceContainer: Registered 'CommandService' (singleton=True)
[2025-12-31 20:56:50.911] ServiceContainer: Registered 'ChecklistService' (singleton=True)
[2025-12-31 20:56:50.913] ServiceContainer: Registered 'NoteService' (singleton=True)
[2025-12-31 20:56:50.915] ServiceContainer: Registered 'ExcelMappingService' (singleton=True)
[2025-12-31 20:56:50.916] ServiceContainer: Registered 'ExcelCopyService' (singleton=True)
[2025-12-31 20:56:50.918] ServiceContainer: Registered 'PreferencesService' (singleton=True)
[2025-12-31 20:56:50.919] ServiceContainer: Registered 'ExcelImportService' (singleton=True)
[2025-12-31 20:56:50.920] ServiceContainer: Registered 'TextExportService' (singleton=True)
[2025-12-31 20:56:50.922] ServiceContainer: Registered 'TaskListScreen' (singleton=False)
[2025-12-31 20:56:50.948] ServiceContainer: Resolving 'Application'...
[2025-12-31 20:56:50.951] ServiceContainer: Resolving 'Theme'...
[2025-12-31 20:56:51.112] ServiceContainer: Resolved 'Theme' successfully
[2025-12-31 20:56:51.231] ServiceContainer: Resolving 'ThemeManager'...
[2025-12-31 20:56:51.234] ServiceContainer: Resolved 'ThemeManager' successfully
[2025-12-31 20:56:51.255] ServiceContainer: Resolved 'Application' successfully
[2025-12-31 20:56:51.257] ServiceContainer: Resolving 'MenuRegistry'...
[2025-12-31 20:56:51.274] ServiceContainer: Resolved 'MenuRegistry' successfully
[2025-12-31 20:56:51.299] MenuRegistry: Loaded manifest with 16 entries
[2025-12-31 20:56:51.332] ServiceContainer: Registered 'ProjectListScreen' (singleton=False)
[2025-12-31 20:56:51.334] MenuRegistry: Registered 'Project List' in 'Projects' menu (hotkey=L order=10)
[2025-12-31 20:56:51.356] MenuRegistry: Registered 'Project List' in 'Projects' menu (hotkey=L order=10)
[2025-12-31 20:56:51.358] ServiceContainer: Registered 'TaskListScreen_Default' (singleton=False)
[2025-12-31 20:56:51.359] MenuRegistry: Registered 'Task List' in 'Tasks' menu (hotkey=L order=5)
[2025-12-31 20:56:51.362] MenuRegistry: Registered 'Task List' in 'Tasks' menu (hotkey=L order=5)
[2025-12-31 20:56:51.397] ServiceContainer: Registered 'ChecklistsLauncherScreen' (singleton=False)
[2025-12-31 20:56:51.398] MenuRegistry: Registered 'Checklists' in 'Tools' menu (hotkey=C order=25)
[2025-12-31 20:56:51.400] MenuRegistry: Registered 'Checklists' in 'Tools' menu (hotkey=C order=25)
[2025-12-31 20:56:51.402] ServiceContainer: Registered 'NotesMenuScreen' (singleton=False)
[2025-12-31 20:56:51.404] MenuRegistry: Registered 'Notes' in 'Tools' menu (hotkey=N order=20)
[2025-12-31 20:56:51.406] MenuRegistry: Registered 'Notes' in 'Tools' menu (hotkey=N order=20)
[2025-12-31 20:56:51.408] ServiceContainer: Registered 'HelpViewScreen' (singleton=False)
[2025-12-31 20:56:51.410] MenuRegistry: Registered 'Help' in 'Help' menu (hotkey=H order=10)
[2025-12-31 20:56:51.412] MenuRegistry: Registered 'Help' in 'Help' menu (hotkey=H order=10)
[2025-12-31 20:56:51.414] ServiceContainer: Registered 'WeeklyTimeReportScreen' (singleton=False)
[2025-12-31 20:56:51.415] MenuRegistry: Registered 'Weekly Report' in 'Time' menu (hotkey=W order=10)
[2025-12-31 20:56:51.417] MenuRegistry: Registered 'Weekly Report' in 'Time' menu (hotkey=W order=10)
[2025-12-31 20:56:51.419] ServiceContainer: Registered 'TextExportProfileManagerScreen' (singleton=False)
[2025-12-31 20:56:51.420] MenuRegistry: Registered 'T2020 Export Profiles' in 'Tools' menu (hotkey=E order=45)
[2025-12-31 20:56:51.422] MenuRegistry: Registered 'T2020 Export Profiles' in 'Tools' menu (hotkey=E order=45)
[2025-12-31 20:56:51.424] ServiceContainer: Registered 'ExcelImportProfileManagerScreen' (singleton=False)
[2025-12-31 20:56:51.425] MenuRegistry: Registered 'Excel Import Profiles' in 'Tools' menu (hotkey=I order=40)
[2025-12-31 20:56:51.426] MenuRegistry: Registered 'Excel Import Profiles' in 'Tools' menu (hotkey=I order=40)
[2025-12-31 20:56:51.428] ServiceContainer: Registered 'ChecklistTemplatesFolderScreen' (singleton=False)
[2025-12-31 20:56:51.430] MenuRegistry: Registered 'Checklist Templates' in 'Tools' menu (hotkey=H order=30)
[2025-12-31 20:56:51.431] MenuRegistry: Registered 'Checklist Templates' in 'Tools' menu (hotkey=H order=30)
[2025-12-31 20:56:51.433] ServiceContainer: Registered 'TimeListScreen' (singleton=False)
[2025-12-31 20:56:51.434] MenuRegistry: Registered 'Time Tracking' in 'Time' menu (hotkey=T order=5)
[2025-12-31 20:56:51.436] MenuRegistry: Registered 'Time Tracking' in 'Time' menu (hotkey=T order=5)
[2025-12-31 20:56:51.438] ServiceContainer: Registered 'TimeReportScreen' (singleton=False)
[2025-12-31 20:56:51.439] MenuRegistry: Registered 'Time Report' in 'Time' menu (hotkey=R order=20)
[2025-12-31 20:56:51.441] MenuRegistry: Registered 'Time Report' in 'Time' menu (hotkey=R order=20)
[2025-12-31 20:56:51.442] ServiceContainer: Registered 'SettingsScreen' (singleton=False)
[2025-12-31 20:56:51.444] MenuRegistry: Registered 'Settings' in 'Options' menu (hotkey=S order=20)
[2025-12-31 20:56:51.445] MenuRegistry: Registered 'Settings' in 'Options' menu (hotkey=S order=20)
[2025-12-31 20:56:51.447] ServiceContainer: Registered 'ThemeEditorScreen' (singleton=False)
[2025-12-31 20:56:51.448] MenuRegistry: Registered 'Theme Editor' in 'Options' menu (hotkey=T order=10)
[2025-12-31 20:56:51.450] MenuRegistry: Registered 'Theme Editor' in 'Options' menu (hotkey=T order=10)
[2025-12-31 20:56:51.452] ServiceContainer: Registered 'ExcelImportScreen' (singleton=False)
[2025-12-31 20:56:51.453] MenuRegistry: Registered 'Import from Excel' in 'Projects' menu (hotkey=I order=40)
[2025-12-31 20:56:51.455] MenuRegistry: Registered 'Import from Excel' in 'Projects' menu (hotkey=I order=40)
[2025-12-31 20:56:51.457] ServiceContainer: Registered 'CommandLibraryScreen' (singleton=False)
[2025-12-31 20:56:51.458] MenuRegistry: Registered 'Command Library' in 'Tools' menu (hotkey=L order=10)
[2025-12-31 20:56:51.459] MenuRegistry: Registered 'Command Library' in 'Tools' menu (hotkey=L order=10)
[2025-12-31 20:56:51.461] ServiceContainer: Registered 'ExcelProfileManagerScreen' (singleton=False)
[2025-12-31 20:56:51.462] MenuRegistry: Registered 'Excel Profiles' in 'Projects' menu (hotkey=M order=50)
[2025-12-31 20:56:51.468] MenuRegistry: Registered 'Excel Profiles' in 'Projects' menu (hotkey=M order=50)
[2025-12-31 20:56:51.471] ServiceContainer: Resolving 'TaskListScreen'...
[2025-12-31 20:56:51.473] ServiceContainer: Resolving 'TaskStore'...
[2025-12-31 20:56:52.032] ServiceContainer: Resolved 'TaskStore' successfully
[2025-12-31 20:56:53.060] _PopulateMenusFromRegistry: Menu 'Tools' has 6 items from registry (array)
[2025-12-31 20:56:53.087] _PopulateMenusFromRegistry: Menu 'Options' has 2 items from registry (array)
[2025-12-31 20:56:53.091] _PopulateMenusFromRegistry: Menu 'Time' has 3 items from registry (array)
[2025-12-31 20:56:53.095] _PopulateMenusFromRegistry: Menu 'Help' has 1 items from registry (array)
[2025-12-31 20:56:53.099] _PopulateMenusFromRegistry: Menu 'Tasks' has 1 items from registry (array)
[2025-12-31 20:56:53.103] _PopulateMenusFromRegistry: Menu 'Projects' has 3 items from registry (array)
[2025-12-31 20:56:53.106] ServiceContainer: Resolved 'TaskListScreen' successfully
[2025-12-31 20:57:13.036] ServiceContainer: Resolving 'ThemeEditorScreen'...
[2025-12-31 20:57:13.092] ServiceContainer: Resolved 'ThemeEditorScreen' successfully
[2025-12-31 20:57:33.821] RequestRender called from: Invoke-ThemeHotReload at line 66
