[2026-01-09 10:48:02.708] ServiceContainer: Registered 'Theme' (singleton=True)
[2026-01-09 10:48:02.711] ServiceContainer: Registered 'ThemeManager' (singleton=True)
[2026-01-09 10:48:02.712] ServiceContainer: Registered 'Config' (singleton=True)
[2026-01-09 10:48:02.712] ServiceContainer: Registered 'TaskStore' (singleton=True)
[2026-01-09 10:48:02.713] ServiceContainer: Registered 'MenuRegistry' (singleton=True)
[2026-01-09 10:48:02.714] ServiceContainer: Registered 'Application' (singleton=True)
[2026-01-09 10:48:02.714] ServiceContainer: Registered 'CommandService' (singleton=True)
[2026-01-09 10:48:02.715] ServiceContainer: Registered 'ChecklistService' (singleton=True)
[2026-01-09 10:48:02.716] ServiceContainer: Registered 'NoteService' (singleton=True)
[2026-01-09 10:48:02.716] ServiceContainer: Registered 'ExcelMappingService' (singleton=True)
[2026-01-09 10:48:02.717] ServiceContainer: Registered 'ExcelCopyService' (singleton=True)
[2026-01-09 10:48:02.717] ServiceContainer: Registered 'PreferencesService' (singleton=True)
[2026-01-09 10:48:02.718] ServiceContainer: Registered 'ExcelImportService' (singleton=True)
[2026-01-09 10:48:02.719] ServiceContainer: Registered 'TextExportService' (singleton=True)
[2026-01-09 10:48:02.720] ServiceContainer: Registered 'TaskListScreen' (singleton=False)
[2026-01-09 10:48:02.733] ServiceContainer: Resolving 'Application'...
[2026-01-09 10:48:02.735] ServiceContainer: Resolving 'Theme'...
[2026-01-09 10:48:02.895] ServiceContainer: Resolved 'Theme' successfully
[2026-01-09 10:48:02.964] ServiceContainer: Resolving 'ThemeManager'...
[2026-01-09 10:48:02.966] ServiceContainer: Resolved 'ThemeManager' successfully
[2026-01-09 10:48:02.977] ServiceContainer: Resolved 'Application' successfully
[2026-01-09 10:48:02.978] ServiceContainer: Resolving 'MenuRegistry'...
[2026-01-09 10:48:02.987] ServiceContainer: Resolved 'MenuRegistry' successfully
[2026-01-09 10:48:03.002] MenuRegistry: Loaded manifest with 17 entries
[2026-01-09 10:48:03.023] ServiceContainer: Registered 'TimeListScreen' (singleton=False)
[2026-01-09 10:48:03.024] MenuRegistry: Registered 'Time Tracking' in 'Time' menu (hotkey=T order=5)
[2026-01-09 10:48:03.036] MenuRegistry: Registered 'Time Tracking' in 'Time' menu (hotkey=T order=5)
[2026-01-09 10:48:03.038] ServiceContainer: Registered 'TaskListScreen_Default' (singleton=False)
[2026-01-09 10:48:03.039] MenuRegistry: Registered 'Task List' in 'Tasks' menu (hotkey=L order=5)
[2026-01-09 10:48:03.040] MenuRegistry: Registered 'Task List' in 'Tasks' menu (hotkey=L order=5)
[2026-01-09 10:48:03.041] ServiceContainer: Registered 'TimeReportScreen' (singleton=False)
[2026-01-09 10:48:03.042] MenuRegistry: Registered 'Time Report' in 'Time' menu (hotkey=R order=20)
[2026-01-09 10:48:03.043] MenuRegistry: Registered 'Time Report' in 'Time' menu (hotkey=R order=20)
[2026-01-09 10:48:03.044] ServiceContainer: Registered 'HelpViewScreen' (singleton=False)
[2026-01-09 10:48:03.051] MenuRegistry: Registered 'Help' in 'Help' menu (hotkey=H order=10)
[2026-01-09 10:48:03.052] MenuRegistry: Registered 'Help' in 'Help' menu (hotkey=H order=10)
[2026-01-09 10:48:03.054] ServiceContainer: Registered 'ChecklistTemplatesFolderScreen' (singleton=False)
[2026-01-09 10:48:03.054] MenuRegistry: Registered 'Checklist Templates' in 'Tools' menu (hotkey=H order=30)
[2026-01-09 10:48:03.055] MenuRegistry: Registered 'Checklist Templates' in 'Tools' menu (hotkey=H order=30)
[2026-01-09 10:48:03.057] ServiceContainer: Registered 'CommandLibraryScreen' (singleton=False)
[2026-01-09 10:48:03.057] MenuRegistry: Registered 'Command Library' in 'Tools' menu (hotkey=L order=10)
[2026-01-09 10:48:03.059] MenuRegistry: Registered 'Command Library' in 'Tools' menu (hotkey=L order=10)
[2026-01-09 10:48:03.060] ServiceContainer: Registered 'CalendarScreen' (singleton=False)
[2026-01-09 10:48:03.061] MenuRegistry: Registered 'Calendar' in 'Tools' menu (hotkey=A order=50)
[2026-01-09 10:48:03.062] MenuRegistry: Registered 'Calendar' in 'Tools' menu (hotkey=A order=50)
[2026-01-09 10:48:03.063] ServiceContainer: Registered 'TextExportProfileManagerScreen' (singleton=False)
[2026-01-09 10:48:03.064] MenuRegistry: Registered 'T2020 Export Profiles' in 'Tools' menu (hotkey=E order=45)
[2026-01-09 10:48:03.065] MenuRegistry: Registered 'T2020 Export Profiles' in 'Tools' menu (hotkey=E order=45)
[2026-01-09 10:48:03.066] ServiceContainer: Registered 'ProjectListScreen' (singleton=False)
[2026-01-09 10:48:03.067] MenuRegistry: Registered 'Project List' in 'Projects' menu (hotkey=L order=10)
[2026-01-09 10:48:03.068] MenuRegistry: Registered 'Project List' in 'Projects' menu (hotkey=L order=10)
[2026-01-09 10:48:03.069] ServiceContainer: Registered 'SettingsScreen' (singleton=False)
[2026-01-09 10:48:03.070] MenuRegistry: Registered 'Settings' in 'Options' menu (hotkey=S order=20)
[2026-01-09 10:48:03.071] MenuRegistry: Registered 'Settings' in 'Options' menu (hotkey=S order=20)
[2026-01-09 10:48:03.072] ServiceContainer: Registered 'WeeklyTimeReportScreen' (singleton=False)
[2026-01-09 10:48:03.073] MenuRegistry: Registered 'Weekly Report' in 'Time' menu (hotkey=W order=10)
[2026-01-09 10:48:03.074] MenuRegistry: Registered 'Weekly Report' in 'Time' menu (hotkey=W order=10)
[2026-01-09 10:48:03.075] ServiceContainer: Registered 'NotesMenuScreen' (singleton=False)
[2026-01-09 10:48:03.076] MenuRegistry: Registered 'Notes' in 'Tools' menu (hotkey=N order=20)
[2026-01-09 10:48:03.077] MenuRegistry: Registered 'Notes' in 'Tools' menu (hotkey=N order=20)
[2026-01-09 10:48:03.078] ServiceContainer: Registered 'ExcelImportProfileManagerScreen' (singleton=False)
[2026-01-09 10:48:03.079] MenuRegistry: Registered 'Excel Import Profiles' in 'Tools' menu (hotkey=I order=40)
[2026-01-09 10:48:03.080] MenuRegistry: Registered 'Excel Import Profiles' in 'Tools' menu (hotkey=I order=40)
[2026-01-09 10:48:03.081] ServiceContainer: Registered 'ExcelProfileManagerScreen' (singleton=False)
[2026-01-09 10:48:03.081] MenuRegistry: Registered 'Excel Profiles' in 'Projects' menu (hotkey=M order=50)
[2026-01-09 10:48:03.082] MenuRegistry: Registered 'Excel Profiles' in 'Projects' menu (hotkey=M order=50)
[2026-01-09 10:48:03.084] ServiceContainer: Registered 'ExcelImportScreen' (singleton=False)
[2026-01-09 10:48:03.084] MenuRegistry: Registered 'Import from Excel' in 'Projects' menu (hotkey=I order=40)
[2026-01-09 10:48:03.085] MenuRegistry: Registered 'Import from Excel' in 'Projects' menu (hotkey=I order=40)
[2026-01-09 10:48:03.087] ServiceContainer: Registered 'ChecklistsLauncherScreen' (singleton=False)
[2026-01-09 10:48:03.087] MenuRegistry: Registered 'Checklists' in 'Tools' menu (hotkey=C order=25)
[2026-01-09 10:48:03.088] MenuRegistry: Registered 'Checklists' in 'Tools' menu (hotkey=C order=25)
[2026-01-09 10:48:03.090] ServiceContainer: Registered 'ThemeEditorScreen' (singleton=False)
[2026-01-09 10:48:03.090] MenuRegistry: Registered 'Theme Editor' in 'Options' menu (hotkey=T order=10)
[2026-01-09 10:48:03.109] MenuRegistry: Registered 'Theme Editor' in 'Options' menu (hotkey=T order=10)
[2026-01-09 10:48:03.110] ServiceContainer: Resolving 'TaskListScreen'...
[2026-01-09 10:48:03.111] ServiceContainer: Resolving 'TaskStore'...
[2026-01-09 10:48:03.193] ServiceContainer: Resolved 'TaskStore' successfully
[2026-01-09 10:48:03.711] [INFO] StandardListScreen._ConfigureListActions: Configuring actions for Tasks
[2026-01-09 10:48:03.726] [INFO] StandardListScreen: Added footer shortcut D -> Delete
[2026-01-09 10:48:03.741] [INFO] StandardListScreen._ConfigureListActions: Configured 16 footer shortcuts
[2026-01-09 10:48:03.872] _PopulateMenusFromRegistry: Menu 'Tasks' has 1 items from registry (array)
[2026-01-09 10:48:03.894] _PopulateMenusFromRegistry: Menu 'Help' has 1 items from registry (array)
[2026-01-09 10:48:03.898] _PopulateMenusFromRegistry: Menu 'Tools' has 7 items from registry (array)
[2026-01-09 10:48:03.902] _PopulateMenusFromRegistry: Menu 'Projects' has 3 items from registry (array)
[2026-01-09 10:48:03.904] _PopulateMenusFromRegistry: Menu 'Options' has 2 items from registry (array)
[2026-01-09 10:48:03.906] _PopulateMenusFromRegistry: Menu 'Time' has 3 items from registry (array)
[2026-01-09 10:48:03.908] ServiceContainer: Resolved 'TaskListScreen' successfully
[2026-01-09 10:48:04.183] [INFO] StandardListScreen._ConfigureListActions: Configuring actions for Tasks
[2026-01-09 10:48:04.185] [INFO] StandardListScreen: Added footer shortcut D -> Delete
[2026-01-09 10:48:04.190] [INFO] StandardListScreen._ConfigureListActions: Configured 16 footer shortcuts
[10:48:05.270] [Z-BUFFER] REJECTED at (4,4): currentZ=10 < zBuffer=20 char='T'
[10:48:05.284] [Z-BUFFER] REJECTED at (5,4): currentZ=10 < zBuffer=20 char='a'
[10:48:05.285] [Z-BUFFER] REJECTED at (6,4): currentZ=10 < zBuffer=20 char='s'
[10:48:05.285] [Z-BUFFER] REJECTED at (7,4): currentZ=10 < zBuffer=20 char='k'
[10:48:05.286] [Z-BUFFER] REJECTED at (27,4): currentZ=10 < zBuffer=20 char='D'
[10:48:05.287] [Z-BUFFER] REJECTED at (28,4): currentZ=10 < zBuffer=20 char='u'
[10:48:05.288] [Z-BUFFER] REJECTED at (29,4): currentZ=10 < zBuffer=20 char='e'
[10:48:05.290] [Z-BUFFER] REJECTED at (49,4): currentZ=10 < zBuffer=20 char='T'
[10:48:05.291] [Z-BUFFER] REJECTED at (50,4): currentZ=10 < zBuffer=20 char='a'
[10:48:05.292] [Z-BUFFER] REJECTED at (51,4): currentZ=10 < zBuffer=20 char='g'
[10:48:05.293] [Z-BUFFER] REJECTED at (52,4): currentZ=10 < zBuffer=20 char='s'
[10:48:13.553] [Z-BUFFER] REJECTED at (4,4): currentZ=10 < zBuffer=20 char='T'
[10:48:13.554] [Z-BUFFER] REJECTED at (5,4): currentZ=10 < zBuffer=20 char='a'
[10:48:13.555] [Z-BUFFER] REJECTED at (6,4): currentZ=10 < zBuffer=20 char='s'
[10:48:13.556] [Z-BUFFER] REJECTED at (7,4): currentZ=10 < zBuffer=20 char='k'
[10:48:13.556] [Z-BUFFER] REJECTED at (27,4): currentZ=10 < zBuffer=20 char='D'
[10:48:13.557] [Z-BUFFER] REJECTED at (28,4): currentZ=10 < zBuffer=20 char='u'
[10:48:13.557] [Z-BUFFER] REJECTED at (29,4): currentZ=10 < zBuffer=20 char='e'
[10:48:13.558] [Z-BUFFER] REJECTED at (49,4): currentZ=10 < zBuffer=200 char='T'
[10:48:13.558] [Z-BUFFER] REJECTED at (50,4): currentZ=10 < zBuffer=200 char='a'
[10:48:13.559] [Z-BUFFER] REJECTED at (51,4): currentZ=10 < zBuffer=200 char='g'
[10:48:13.559] [Z-BUFFER] REJECTED at (52,4): currentZ=10 < zBuffer=200 char='s'
[2026-01-09 10:48:14.548] ServiceContainer: Resolving 'CalendarScreen'...
[2026-01-09 10:48:14.652] ServiceContainer: Resolved 'CalendarScreen' successfully
