[2026-01-01 08:09:46.615] ServiceContainer: Registered 'Theme' (singleton=True)
[2026-01-01 08:09:46.620] ServiceContainer: Registered 'ThemeManager' (singleton=True)
[2026-01-01 08:09:46.622] ServiceContainer: Registered 'Config' (singleton=True)
[2026-01-01 08:09:46.624] ServiceContainer: Registered 'TaskStore' (singleton=True)
[2026-01-01 08:09:46.625] ServiceContainer: Registered 'MenuRegistry' (singleton=True)
[2026-01-01 08:09:46.626] ServiceContainer: Registered 'Application' (singleton=True)
[2026-01-01 08:09:46.627] ServiceContainer: Registered 'CommandService' (singleton=True)
[2026-01-01 08:09:46.629] ServiceContainer: Registered 'ChecklistService' (singleton=True)
[2026-01-01 08:09:46.630] ServiceContainer: Registered 'NoteService' (singleton=True)
[2026-01-01 08:09:46.631] ServiceContainer: Registered 'ExcelMappingService' (singleton=True)
[2026-01-01 08:09:46.632] ServiceContainer: Registered 'ExcelCopyService' (singleton=True)
[2026-01-01 08:09:46.633] ServiceContainer: Registered 'PreferencesService' (singleton=True)
[2026-01-01 08:09:46.634] ServiceContainer: Registered 'ExcelImportService' (singleton=True)
[2026-01-01 08:09:46.636] ServiceContainer: Registered 'TextExportService' (singleton=True)
[2026-01-01 08:09:46.637] ServiceContainer: Registered 'TaskListScreen' (singleton=False)
[2026-01-01 08:09:46.663] ServiceContainer: Resolving 'Application'...
[2026-01-01 08:09:46.665] ServiceContainer: Resolving 'Theme'...
[2026-01-01 08:09:46.956] ServiceContainer: Resolved 'Theme' successfully
[2026-01-01 08:09:47.090] ServiceContainer: Resolving 'ThemeManager'...
[2026-01-01 08:09:47.093] ServiceContainer: Resolved 'ThemeManager' successfully
[2026-01-01 08:09:47.114] ServiceContainer: Resolved 'Application' successfully
[2026-01-01 08:09:47.116] ServiceContainer: Resolving 'MenuRegistry'...
[2026-01-01 08:09:47.138] ServiceContainer: Resolved 'MenuRegistry' successfully
[2026-01-01 08:09:47.168] MenuRegistry: Loaded manifest with 16 entries
[2026-01-01 08:09:47.214] ServiceContainer: Registered 'ExcelProfileManagerScreen' (singleton=False)
[2026-01-01 08:09:47.216] MenuRegistry: Registered 'Excel Profiles' in 'Projects' menu (hotkey=M order=50)
[2026-01-01 08:09:47.241] MenuRegistry: Registered 'Excel Profiles' in 'Projects' menu (hotkey=M order=50)
[2026-01-01 08:09:47.245] ServiceContainer: Registered 'CommandLibraryScreen' (singleton=False)
[2026-01-01 08:09:47.247] MenuRegistry: Registered 'Command Library' in 'Tools' menu (hotkey=L order=10)
[2026-01-01 08:09:47.250] MenuRegistry: Registered 'Command Library' in 'Tools' menu (hotkey=L order=10)
[2026-01-01 08:09:47.253] ServiceContainer: Registered 'ExcelImportScreen' (singleton=False)
[2026-01-01 08:09:47.255] MenuRegistry: Registered 'Import from Excel' in 'Projects' menu (hotkey=I order=40)
[2026-01-01 08:09:47.257] MenuRegistry: Registered 'Import from Excel' in 'Projects' menu (hotkey=I order=40)
[2026-01-01 08:09:47.260] ServiceContainer: Registered 'NotesMenuScreen' (singleton=False)
[2026-01-01 08:09:47.262] MenuRegistry: Registered 'Notes' in 'Tools' menu (hotkey=N order=20)
[2026-01-01 08:09:47.264] MenuRegistry: Registered 'Notes' in 'Tools' menu (hotkey=N order=20)
[2026-01-01 08:09:47.268] ServiceContainer: Registered 'TaskListScreen_Default' (singleton=False)
[2026-01-01 08:09:47.280] MenuRegistry: Registered 'Task List' in 'Tasks' menu (hotkey=L order=5)
[2026-01-01 08:09:47.282] MenuRegistry: Registered 'Task List' in 'Tasks' menu (hotkey=L order=5)
[2026-01-01 08:09:47.285] ServiceContainer: Registered 'ChecklistsLauncherScreen' (singleton=False)
[2026-01-01 08:09:47.286] MenuRegistry: Registered 'Checklists' in 'Tools' menu (hotkey=C order=25)
[2026-01-01 08:09:47.288] MenuRegistry: Registered 'Checklists' in 'Tools' menu (hotkey=C order=25)
[2026-01-01 08:09:47.291] ServiceContainer: Registered 'ChecklistTemplatesFolderScreen' (singleton=False)
[2026-01-01 08:09:47.292] MenuRegistry: Registered 'Checklist Templates' in 'Tools' menu (hotkey=H order=30)
[2026-01-01 08:09:47.295] MenuRegistry: Registered 'Checklist Templates' in 'Tools' menu (hotkey=H order=30)
[2026-01-01 08:09:47.297] ServiceContainer: Registered 'HelpViewScreen' (singleton=False)
[2026-01-01 08:09:47.298] MenuRegistry: Registered 'Help' in 'Help' menu (hotkey=H order=10)
[2026-01-01 08:09:47.300] MenuRegistry: Registered 'Help' in 'Help' menu (hotkey=H order=10)
[2026-01-01 08:09:47.303] ServiceContainer: Registered 'ExcelImportProfileManagerScreen' (singleton=False)
[2026-01-01 08:09:47.304] MenuRegistry: Registered 'Excel Import Profiles' in 'Tools' menu (hotkey=I order=40)
[2026-01-01 08:09:47.306] MenuRegistry: Registered 'Excel Import Profiles' in 'Tools' menu (hotkey=I order=40)
[2026-01-01 08:09:47.309] ServiceContainer: Registered 'SettingsScreen' (singleton=False)
[2026-01-01 08:09:47.310] MenuRegistry: Registered 'Settings' in 'Options' menu (hotkey=S order=20)
[2026-01-01 08:09:47.313] MenuRegistry: Registered 'Settings' in 'Options' menu (hotkey=S order=20)
[2026-01-01 08:09:47.315] ServiceContainer: Registered 'ProjectListScreen' (singleton=False)
[2026-01-01 08:09:47.316] MenuRegistry: Registered 'Project List' in 'Projects' menu (hotkey=L order=10)
[2026-01-01 08:09:47.319] MenuRegistry: Registered 'Project List' in 'Projects' menu (hotkey=L order=10)
[2026-01-01 08:09:47.321] ServiceContainer: Registered 'WeeklyTimeReportScreen' (singleton=False)
[2026-01-01 08:09:47.322] MenuRegistry: Registered 'Weekly Report' in 'Time' menu (hotkey=W order=10)
[2026-01-01 08:09:47.324] MenuRegistry: Registered 'Weekly Report' in 'Time' menu (hotkey=W order=10)
[2026-01-01 08:09:47.327] ServiceContainer: Registered 'TimeReportScreen' (singleton=False)
[2026-01-01 08:09:47.329] MenuRegistry: Registered 'Time Report' in 'Time' menu (hotkey=R order=20)
[2026-01-01 08:09:47.331] MenuRegistry: Registered 'Time Report' in 'Time' menu (hotkey=R order=20)
[2026-01-01 08:09:47.333] ServiceContainer: Registered 'TextExportProfileManagerScreen' (singleton=False)
[2026-01-01 08:09:47.335] MenuRegistry: Registered 'T2020 Export Profiles' in 'Tools' menu (hotkey=E order=45)
[2026-01-01 08:09:47.337] MenuRegistry: Registered 'T2020 Export Profiles' in 'Tools' menu (hotkey=E order=45)
[2026-01-01 08:09:47.340] ServiceContainer: Registered 'ThemeEditorScreen' (singleton=False)
[2026-01-01 08:09:47.341] MenuRegistry: Registered 'Theme Editor' in 'Options' menu (hotkey=T order=10)
[2026-01-01 08:09:47.343] MenuRegistry: Registered 'Theme Editor' in 'Options' menu (hotkey=T order=10)
[2026-01-01 08:09:47.346] ServiceContainer: Registered 'TimeListScreen' (singleton=False)
[2026-01-01 08:09:47.347] MenuRegistry: Registered 'Time Tracking' in 'Time' menu (hotkey=T order=5)
[2026-01-01 08:09:47.350] MenuRegistry: Registered 'Time Tracking' in 'Time' menu (hotkey=T order=5)
[2026-01-01 08:09:47.352] ServiceContainer: Resolving 'TaskListScreen'...
[2026-01-01 08:09:47.356] ServiceContainer: Resolving 'TaskStore'...
[2026-01-01 08:09:47.547] ServiceContainer: Resolved 'TaskStore' successfully
[2026-01-01 08:09:48.680] _PopulateMenusFromRegistry: Menu 'Tasks' has 1 items from registry (array)
[2026-01-01 08:09:48.704] _PopulateMenusFromRegistry: Menu 'Projects' has 3 items from registry (array)
[2026-01-01 08:09:48.709] _PopulateMenusFromRegistry: Menu 'Options' has 2 items from registry (array)
[2026-01-01 08:09:48.714] _PopulateMenusFromRegistry: Menu 'Tools' has 6 items from registry (array)
[2026-01-01 08:09:48.718] _PopulateMenusFromRegistry: Menu 'Time' has 3 items from registry (array)
[2026-01-01 08:09:48.720] _PopulateMenusFromRegistry: Menu 'Help' has 1 items from registry (array)
[2026-01-01 08:09:48.723] ServiceContainer: Resolved 'TaskListScreen' successfully
[2026-01-01 08:10:13.299] ServiceContainer: Resolving 'ThemeEditorScreen'...
[2026-01-01 08:10:13.364] ServiceContainer: Resolved 'ThemeEditorScreen' successfully
[2026-01-01 08:10:15.855] RequestRender called from: Invoke-ThemeHotReload at line 66
[2026-01-01 08:10:29.060] ServiceContainer: Resolving 'TaskListScreen_Default'...
[2026-01-01 08:10:29.081] _PopulateMenusFromRegistry: Menu 'Tasks' has 1 items from registry (array)
[2026-01-01 08:10:29.084] _PopulateMenusFromRegistry: Menu 'Projects' has 3 items from registry (array)
[2026-01-01 08:10:29.086] _PopulateMenusFromRegistry: Menu 'Options' has 2 items from registry (array)
[2026-01-01 08:10:29.089] _PopulateMenusFromRegistry: Menu 'Tools' has 6 items from registry (array)
[2026-01-01 08:10:29.092] _PopulateMenusFromRegistry: Menu 'Time' has 3 items from registry (array)
[2026-01-01 08:10:29.094] _PopulateMenusFromRegistry: Menu 'Help' has 1 items from registry (array)
[2026-01-01 08:10:29.096] ServiceContainer: Resolved 'TaskListScreen_Default' successfully
[2026-01-01 08:10:50.499] ServiceContainer: Resolving 'ThemeEditorScreen'...
[2026-01-01 08:10:50.505] ServiceContainer: Resolved 'ThemeEditorScreen' successfully
[2026-01-01 08:10:55.306] RequestRender called from: Invoke-ThemeHotReload at line 66
[2026-01-01 08:10:57.624] RequestRender called from: Invoke-ThemeHotReload at line 66
