[2026-01-13 09:16:31.189] ServiceContainer: Registered 'Theme' (singleton=True)
[2026-01-13 09:16:31.192] ServiceContainer: Registered 'ThemeManager' (singleton=True)
[2026-01-13 09:16:31.192] ServiceContainer: Registered 'Config' (singleton=True)
[2026-01-13 09:16:31.193] ServiceContainer: Registered 'TaskStore' (singleton=True)
[2026-01-13 09:16:31.194] ServiceContainer: Registered 'MenuRegistry' (singleton=True)
[2026-01-13 09:16:31.194] ServiceContainer: Registered 'Application' (singleton=True)
[2026-01-13 09:16:31.195] ServiceContainer: Registered 'CommandService' (singleton=True)
[2026-01-13 09:16:31.196] ServiceContainer: Registered 'ChecklistService' (singleton=True)
[2026-01-13 09:16:31.196] ServiceContainer: Registered 'NoteService' (singleton=True)
[2026-01-13 09:16:31.197] ServiceContainer: Registered 'ExcelMappingService' (singleton=True)
[2026-01-13 09:16:31.198] ServiceContainer: Registered 'ExcelCopyService' (singleton=True)
[2026-01-13 09:16:31.198] ServiceContainer: Registered 'PreferencesService' (singleton=True)
[2026-01-13 09:16:31.199] ServiceContainer: Registered 'ExcelImportService' (singleton=True)
[2026-01-13 09:16:31.200] ServiceContainer: Registered 'TextExportService' (singleton=True)
[2026-01-13 09:16:31.200] ServiceContainer: Registered 'TaskListScreen' (singleton=False)
[2026-01-13 09:16:31.214] ServiceContainer: Resolving 'Application'...
[2026-01-13 09:16:31.215] ServiceContainer: Resolving 'Theme'...
[2026-01-13 09:16:31.383] ServiceContainer: Resolved 'Theme' successfully
[2026-01-13 09:16:31.444] ServiceContainer: Resolving 'ThemeManager'...
[2026-01-13 09:16:31.445] ServiceContainer: Resolved 'ThemeManager' successfully
[2026-01-13 09:16:31.456] ServiceContainer: Resolved 'Application' successfully
[2026-01-13 09:16:31.456] ServiceContainer: Resolving 'MenuRegistry'...
[2026-01-13 09:16:31.466] ServiceContainer: Resolved 'MenuRegistry' successfully
[2026-01-13 09:16:31.481] MenuRegistry: Loaded manifest with 17 entries
[2026-01-13 09:16:31.507] ServiceContainer: Registered 'ThemeEditorScreen' (singleton=False)
[2026-01-13 09:16:31.508] MenuRegistry: Registered factory for 'Theme Editor'
[2026-01-13 09:16:31.520] MenuRegistry: Registered 'Theme Editor' in 'Options' menu (hotkey=T order=10)
[2026-01-13 09:16:31.522] ServiceContainer: Registered 'WeeklyTimeReportScreen' (singleton=False)
[2026-01-13 09:16:31.522] MenuRegistry: Registered factory for 'Weekly Report'
[2026-01-13 09:16:31.524] MenuRegistry: Registered 'Weekly Report' in 'Time' menu (hotkey=W order=10)
[2026-01-13 09:16:31.525] ServiceContainer: Registered 'CommandLibraryScreen' (singleton=False)
[2026-01-13 09:16:31.525] MenuRegistry: Registered factory for 'Command Library'
[2026-01-13 09:16:31.526] MenuRegistry: Registered 'Command Library' in 'Tools' menu (hotkey=L order=10)
[2026-01-13 09:16:31.527] ServiceContainer: Registered 'HelpViewScreen' (singleton=False)
[2026-01-13 09:16:31.528] MenuRegistry: Registered factory for 'Help'
[2026-01-13 09:16:31.529] MenuRegistry: Registered 'Help' in 'Help' menu (hotkey=H order=10)
[2026-01-13 09:16:31.530] ServiceContainer: Registered 'SettingsScreen' (singleton=False)
[2026-01-13 09:16:31.531] MenuRegistry: Registered factory for 'Settings'
[2026-01-13 09:16:31.532] MenuRegistry: Registered 'Settings' in 'Options' menu (hotkey=S order=20)
[2026-01-13 09:16:31.533] ServiceContainer: Registered 'ChecklistsLauncherScreen' (singleton=False)
[2026-01-13 09:16:31.533] MenuRegistry: Registered factory for 'Checklists'
[2026-01-13 09:16:31.534] MenuRegistry: Registered 'Checklists' in 'Tools' menu (hotkey=C order=25)
[2026-01-13 09:16:31.535] ServiceContainer: Registered 'ChecklistTemplatesFolderScreen' (singleton=False)
[2026-01-13 09:16:31.536] MenuRegistry: Registered factory for 'Checklist Templates'
[2026-01-13 09:16:31.537] MenuRegistry: Registered 'Checklist Templates' in 'Tools' menu (hotkey=H order=30)
[2026-01-13 09:16:31.538] ServiceContainer: Registered 'NotesMenuScreen' (singleton=False)
[2026-01-13 09:16:31.539] MenuRegistry: Registered factory for 'Notes'
[2026-01-13 09:16:31.540] MenuRegistry: Registered 'Notes' in 'Tools' menu (hotkey=N order=20)
[2026-01-13 09:16:31.541] ServiceContainer: Registered 'ExcelImportProfileManagerScreen' (singleton=False)
[2026-01-13 09:16:31.541] MenuRegistry: Registered factory for 'Excel Import Profiles'
[2026-01-13 09:16:31.542] MenuRegistry: Registered 'Excel Import Profiles' in 'Tools' menu (hotkey=I order=40)
[2026-01-13 09:16:31.544] ServiceContainer: Registered 'TextExportProfileManagerScreen' (singleton=False)
[2026-01-13 09:16:31.545] MenuRegistry: Registered factory for 'T2020 Export Profiles'
[2026-01-13 09:16:31.545] MenuRegistry: Registered 'T2020 Export Profiles' in 'Tools' menu (hotkey=E order=45)
[2026-01-13 09:16:31.547] ServiceContainer: Registered 'CalendarScreen' (singleton=False)
[2026-01-13 09:16:31.547] MenuRegistry: Registered factory for 'Calendar'
[2026-01-13 09:16:31.548] MenuRegistry: Registered 'Calendar' in 'Tools' menu (hotkey=A order=50)
[2026-01-13 09:16:31.549] ServiceContainer: Registered 'TaskListScreen_Default' (singleton=False)
[2026-01-13 09:16:31.550] MenuRegistry: Registered factory for 'Task List'
[2026-01-13 09:16:31.551] MenuRegistry: Registered 'Task List' in 'Tasks' menu (hotkey=L order=5)
[2026-01-13 09:16:31.552] ServiceContainer: Registered 'ExcelImportScreen' (singleton=False)
[2026-01-13 09:16:31.553] MenuRegistry: Registered factory for 'Import from Excel'
[2026-01-13 09:16:31.553] MenuRegistry: Registered 'Import from Excel' in 'Projects' menu (hotkey=I order=40)
[2026-01-13 09:16:31.555] ServiceContainer: Registered 'TimeReportScreen' (singleton=False)
[2026-01-13 09:16:31.555] MenuRegistry: Registered factory for 'Time Report'
[2026-01-13 09:16:31.556] MenuRegistry: Registered 'Time Report' in 'Time' menu (hotkey=R order=20)
[2026-01-13 09:16:31.575] ServiceContainer: Registered 'ExcelProfileManagerScreen' (singleton=False)
[2026-01-13 09:16:31.575] MenuRegistry: Registered factory for 'Excel Profiles'
[2026-01-13 09:16:31.576] MenuRegistry: Registered 'Excel Profiles' in 'Projects' menu (hotkey=M order=50)
[2026-01-13 09:16:31.577] ServiceContainer: Registered 'TimeListScreen' (singleton=False)
[2026-01-13 09:16:31.578] MenuRegistry: Registered factory for 'Time Tracking'
[2026-01-13 09:16:31.579] MenuRegistry: Registered 'Time Tracking' in 'Time' menu (hotkey=T order=5)
[2026-01-13 09:16:31.580] ServiceContainer: Registered 'ProjectListScreen' (singleton=False)
[2026-01-13 09:16:31.581] MenuRegistry: Registered factory for 'Project List'
[2026-01-13 09:16:31.582] MenuRegistry: Registered 'Project List' in 'Projects' menu (hotkey=L order=10)
[2026-01-13 09:16:35.292] ServiceContainer: Resolving 'TimeListScreen'...
[2026-01-13 09:16:35.541] [INFO] StandardListScreen._ConfigureListActions: Configuring actions for Time Tracking
[2026-01-13 09:16:35.553] [INFO] StandardListScreen: Added footer shortcut D -> Delete
[2026-01-13 09:16:35.565] [INFO] StandardListScreen._ConfigureListActions: Configured 7 footer shortcuts
[2026-01-13 09:16:35.672] ServiceContainer: Resolved 'TimeListScreen' successfully
[2026-01-13 09:16:35.762] [INFO] StandardListScreen._ConfigureListActions: Configuring actions for Time Tracking
[2026-01-13 09:16:35.764] [INFO] StandardListScreen: Added footer shortcut D -> Delete
[2026-01-13 09:16:35.766] [INFO] StandardListScreen._ConfigureListActions: Configured 7 footer shortcuts
[09:16:35.943] [Z-BUFFER] REJECTED at (2,7): currentZ=10 < zBuffer=20 char='D'
[09:16:35.944] [Z-BUFFER] REJECTED at (3,7): currentZ=10 < zBuffer=20 char='a'
[09:16:35.945] [Z-BUFFER] REJECTED at (4,7): currentZ=10 < zBuffer=20 char='t'
[09:16:35.946] [Z-BUFFER] REJECTED at (5,7): currentZ=10 < zBuffer=20 char='e'
[09:16:35.946] [Z-BUFFER] REJECTED at (14,7): currentZ=10 < zBuffer=20 char='T'
[09:16:35.947] [Z-BUFFER] REJECTED at (15,7): currentZ=10 < zBuffer=20 char='a'
[09:16:35.948] [Z-BUFFER] REJECTED at (16,7): currentZ=10 < zBuffer=20 char='s'
[09:16:35.949] [Z-BUFFER] REJECTED at (17,7): currentZ=10 < zBuffer=20 char='k'
[09:16:35.950] [Z-BUFFER] REJECTED at (55,7): currentZ=10 < zBuffer=20 char='I'
[09:16:35.950] [Z-BUFFER] REJECTED at (56,7): currentZ=10 < zBuffer=20 char='D'
[09:16:35.951] [Z-BUFFER] REJECTED at (57,7): currentZ=10 < zBuffer=20 char='1'
[09:16:35.952] [Z-BUFFER] REJECTED at (65,7): currentZ=10 < zBuffer=20 char='I'
[09:16:35.953] [Z-BUFFER] REJECTED at (66,7): currentZ=10 < zBuffer=20 char='D'
[09:16:35.953] [Z-BUFFER] REJECTED at (67,7): currentZ=10 < zBuffer=20 char='2'
[09:16:35.954] [Z-BUFFER] REJECTED at (93,7): currentZ=10 < zBuffer=20 char='N'
[09:16:35.955] [Z-BUFFER] REJECTED at (94,7): currentZ=10 < zBuffer=20 char='o'
[09:16:35.956] [Z-BUFFER] REJECTED at (95,7): currentZ=10 < zBuffer=20 char='t'
[09:16:35.978] [Z-BUFFER] REJECTED at (96,7): currentZ=10 < zBuffer=20 char='e'
[09:16:35.979] [Z-BUFFER] REJECTED at (97,7): currentZ=10 < zBuffer=20 char='s'
[09:16:37.272] [Z-BUFFER] REJECTED at (2,7): currentZ=10 < zBuffer=20 char='D'
[09:16:37.272] [Z-BUFFER] REJECTED at (3,7): currentZ=10 < zBuffer=20 char='a'
[09:16:37.273] [Z-BUFFER] REJECTED at (4,7): currentZ=10 < zBuffer=20 char='t'
[09:16:37.273] [Z-BUFFER] REJECTED at (5,7): currentZ=10 < zBuffer=20 char='e'
[09:16:37.274] [Z-BUFFER] REJECTED at (14,7): currentZ=10 < zBuffer=20 char='T'
[09:16:37.274] [Z-BUFFER] REJECTED at (15,7): currentZ=10 < zBuffer=20 char='a'
[09:16:37.275] [Z-BUFFER] REJECTED at (16,7): currentZ=10 < zBuffer=20 char='s'
[09:16:37.275] [Z-BUFFER] REJECTED at (17,7): currentZ=10 < zBuffer=20 char='k'
[09:16:37.276] [Z-BUFFER] REJECTED at (55,7): currentZ=10 < zBuffer=20 char='I'
[09:16:37.283] [Z-BUFFER] REJECTED at (56,7): currentZ=10 < zBuffer=20 char='D'
[09:16:37.283] [Z-BUFFER] REJECTED at (57,7): currentZ=10 < zBuffer=20 char='1'
[09:16:37.284] [Z-BUFFER] REJECTED at (65,7): currentZ=10 < zBuffer=20 char='I'
[09:16:37.284] [Z-BUFFER] REJECTED at (66,7): currentZ=10 < zBuffer=20 char='D'
[09:16:37.284] [Z-BUFFER] REJECTED at (67,7): currentZ=10 < zBuffer=20 char='2'
[09:16:37.285] [Z-BUFFER] REJECTED at (93,7): currentZ=10 < zBuffer=20 char='N'
[09:16:37.285] [Z-BUFFER] REJECTED at (94,7): currentZ=10 < zBuffer=20 char='o'
[09:16:37.286] [Z-BUFFER] REJECTED at (95,7): currentZ=10 < zBuffer=20 char='t'
[09:16:37.286] [Z-BUFFER] REJECTED at (96,7): currentZ=10 < zBuffer=20 char='e'
[09:16:37.286] [Z-BUFFER] REJECTED at (97,7): currentZ=10 < zBuffer=20 char='s'
[09:16:38.009] [Z-BUFFER] REJECTED at (2,7): currentZ=10 < zBuffer=20 char='D'
[09:16:38.010] [Z-BUFFER] REJECTED at (3,7): currentZ=10 < zBuffer=20 char='a'
[09:16:38.011] [Z-BUFFER] REJECTED at (4,7): currentZ=10 < zBuffer=20 char='t'
[09:16:38.012] [Z-BUFFER] REJECTED at (5,7): currentZ=10 < zBuffer=20 char='e'
[09:16:38.012] [Z-BUFFER] REJECTED at (14,7): currentZ=10 < zBuffer=20 char='T'
[09:16:38.013] [Z-BUFFER] REJECTED at (15,7): currentZ=10 < zBuffer=20 char='a'
[09:16:38.013] [Z-BUFFER] REJECTED at (16,7): currentZ=10 < zBuffer=20 char='s'
[09:16:38.013] [Z-BUFFER] REJECTED at (17,7): currentZ=10 < zBuffer=20 char='k'
[09:16:38.014] [Z-BUFFER] REJECTED at (55,7): currentZ=10 < zBuffer=20 char='I'
[09:16:38.014] [Z-BUFFER] REJECTED at (56,7): currentZ=10 < zBuffer=20 char='D'
[09:16:38.015] [Z-BUFFER] REJECTED at (57,7): currentZ=10 < zBuffer=20 char='1'
[09:16:38.015] [Z-BUFFER] REJECTED at (65,7): currentZ=10 < zBuffer=20 char='I'
[09:16:38.015] [Z-BUFFER] REJECTED at (66,7): currentZ=10 < zBuffer=20 char='D'
[09:16:38.016] [Z-BUFFER] REJECTED at (67,7): currentZ=10 < zBuffer=20 char='2'
[09:16:38.016] [Z-BUFFER] REJECTED at (93,7): currentZ=10 < zBuffer=20 char='N'
[09:16:38.017] [Z-BUFFER] REJECTED at (94,7): currentZ=10 < zBuffer=20 char='o'
[09:16:38.018] [Z-BUFFER] REJECTED at (95,7): currentZ=10 < zBuffer=20 char='t'
[09:16:38.018] [Z-BUFFER] REJECTED at (96,7): currentZ=10 < zBuffer=20 char='e'
[09:16:38.019] [Z-BUFFER] REJECTED at (97,7): currentZ=10 < zBuffer=20 char='s'
[2026-01-13 09:16:38.538] [ERROR] HandleKeyPress exception: Method invocation failed because [HybridRenderEngine] does not contain a method named 'Flush'.
[2026-01-13 09:16:38.539] [ERROR] Stack: at ShowDetailDialog, /home/teej/ztest/module/Pmc.Strict/consoleui/screens/TimeListScreen.ps1: line 669
at HandleKeyPress, /home/teej/ztest/module/Pmc.Strict/consoleui/screens/TimeListScreen.ps1: line 714
at Run, /home/teej/ztest/module/Pmc.Strict/consoleui/PmcApplication.ps1: line 420
at Start-PmcTUI, /home/teej/ztest/module/Pmc.Strict/consoleui/Start-PmcTUI.ps1: line 632
at <ScriptBlock>, /home/teej/ztest/start.ps1: line 37
