[2026-01-02 07:01:33.357] ServiceContainer: Registered 'Theme' (singleton=True)
[2026-01-02 07:01:33.362] ServiceContainer: Registered 'ThemeManager' (singleton=True)
[2026-01-02 07:01:33.364] ServiceContainer: Registered 'Config' (singleton=True)
[2026-01-02 07:01:33.365] ServiceContainer: Registered 'TaskStore' (singleton=True)
[2026-01-02 07:01:33.366] ServiceContainer: Registered 'MenuRegistry' (singleton=True)
[2026-01-02 07:01:33.367] ServiceContainer: Registered 'Application' (singleton=True)
[2026-01-02 07:01:33.368] ServiceContainer: Registered 'CommandService' (singleton=True)
[2026-01-02 07:01:33.369] ServiceContainer: Registered 'ChecklistService' (singleton=True)
[2026-01-02 07:01:33.370] ServiceContainer: Registered 'NoteService' (singleton=True)
[2026-01-02 07:01:33.371] ServiceContainer: Registered 'ExcelMappingService' (singleton=True)
[2026-01-02 07:01:33.372] ServiceContainer: Registered 'ExcelCopyService' (singleton=True)
[2026-01-02 07:01:33.373] ServiceContainer: Registered 'PreferencesService' (singleton=True)
[2026-01-02 07:01:33.375] ServiceContainer: Registered 'ExcelImportService' (singleton=True)
[2026-01-02 07:01:33.376] ServiceContainer: Registered 'TextExportService' (singleton=True)
[2026-01-02 07:01:33.377] ServiceContainer: Registered 'TaskListScreen' (singleton=False)
[2026-01-02 07:01:33.400] ServiceContainer: Resolving 'Application'...
[2026-01-02 07:01:33.403] ServiceContainer: Resolving 'Theme'...
[2026-01-02 07:01:33.678] ServiceContainer: Resolved 'Theme' successfully
[2026-01-02 07:01:33.799] ServiceContainer: Resolving 'ThemeManager'...
[2026-01-02 07:01:33.801] ServiceContainer: Resolved 'ThemeManager' successfully
[2026-01-02 07:01:33.820] ServiceContainer: Resolved 'Application' successfully
[2026-01-02 07:01:33.821] ServiceContainer: Resolving 'MenuRegistry'...
[2026-01-02 07:01:33.838] ServiceContainer: Resolved 'MenuRegistry' successfully
[2026-01-02 07:01:33.864] MenuRegistry: Loaded manifest with 16 entries
[2026-01-02 07:01:33.902] ServiceContainer: Registered 'ChecklistsLauncherScreen' (singleton=False)
[2026-01-02 07:01:33.903] MenuRegistry: Registered 'Checklists' in 'Tools' menu (hotkey=C order=25)
[2026-01-02 07:01:33.923] MenuRegistry: Registered 'Checklists' in 'Tools' menu (hotkey=C order=25)
[2026-01-02 07:01:33.926] ServiceContainer: Registered 'ExcelImportScreen' (singleton=False)
[2026-01-02 07:01:33.927] MenuRegistry: Registered 'Import from Excel' in 'Projects' menu (hotkey=I order=40)
[2026-01-02 07:01:33.929] MenuRegistry: Registered 'Import from Excel' in 'Projects' menu (hotkey=I order=40)
[2026-01-02 07:01:33.931] ServiceContainer: Registered 'TimeListScreen' (singleton=False)
[2026-01-02 07:01:33.933] MenuRegistry: Registered 'Time Tracking' in 'Time' menu (hotkey=T order=5)
[2026-01-02 07:01:33.934] MenuRegistry: Registered 'Time Tracking' in 'Time' menu (hotkey=T order=5)
[2026-01-02 07:01:33.936] ServiceContainer: Registered 'HelpViewScreen' (singleton=False)
[2026-01-02 07:01:33.937] MenuRegistry: Registered 'Help' in 'Help' menu (hotkey=H order=10)
[2026-01-02 07:01:33.948] MenuRegistry: Registered 'Help' in 'Help' menu (hotkey=H order=10)
[2026-01-02 07:01:33.950] ServiceContainer: Registered 'SettingsScreen' (singleton=False)
[2026-01-02 07:01:33.951] MenuRegistry: Registered 'Settings' in 'Options' menu (hotkey=S order=20)
[2026-01-02 07:01:33.953] MenuRegistry: Registered 'Settings' in 'Options' menu (hotkey=S order=20)
[2026-01-02 07:01:33.954] ServiceContainer: Registered 'CommandLibraryScreen' (singleton=False)
[2026-01-02 07:01:33.955] MenuRegistry: Registered 'Command Library' in 'Tools' menu (hotkey=L order=10)
[2026-01-02 07:01:33.957] MenuRegistry: Registered 'Command Library' in 'Tools' menu (hotkey=L order=10)
[2026-01-02 07:01:33.959] ServiceContainer: Registered 'ChecklistTemplatesFolderScreen' (singleton=False)
[2026-01-02 07:01:33.960] MenuRegistry: Registered 'Checklist Templates' in 'Tools' menu (hotkey=H order=30)
[2026-01-02 07:01:33.962] MenuRegistry: Registered 'Checklist Templates' in 'Tools' menu (hotkey=H order=30)
[2026-01-02 07:01:33.964] ServiceContainer: Registered 'ExcelProfileManagerScreen' (singleton=False)
[2026-01-02 07:01:33.965] MenuRegistry: Registered 'Excel Profiles' in 'Projects' menu (hotkey=M order=50)
[2026-01-02 07:01:33.967] MenuRegistry: Registered 'Excel Profiles' in 'Projects' menu (hotkey=M order=50)
[2026-01-02 07:01:33.969] ServiceContainer: Registered 'WeeklyTimeReportScreen' (singleton=False)
[2026-01-02 07:01:33.969] MenuRegistry: Registered 'Weekly Report' in 'Time' menu (hotkey=W order=10)
[2026-01-02 07:01:33.971] MenuRegistry: Registered 'Weekly Report' in 'Time' menu (hotkey=W order=10)
[2026-01-02 07:01:33.973] ServiceContainer: Registered 'ThemeEditorScreen' (singleton=False)
[2026-01-02 07:01:33.974] MenuRegistry: Registered 'Theme Editor' in 'Options' menu (hotkey=T order=10)
[2026-01-02 07:01:33.976] MenuRegistry: Registered 'Theme Editor' in 'Options' menu (hotkey=T order=10)
[2026-01-02 07:01:33.978] ServiceContainer: Registered 'NotesMenuScreen' (singleton=False)
[2026-01-02 07:01:33.979] MenuRegistry: Registered 'Notes' in 'Tools' menu (hotkey=N order=20)
[2026-01-02 07:01:33.981] MenuRegistry: Registered 'Notes' in 'Tools' menu (hotkey=N order=20)
[2026-01-02 07:01:33.983] ServiceContainer: Registered 'TextExportProfileManagerScreen' (singleton=False)
[2026-01-02 07:01:33.984] MenuRegistry: Registered 'T2020 Export Profiles' in 'Tools' menu (hotkey=E order=45)
[2026-01-02 07:01:33.985] MenuRegistry: Registered 'T2020 Export Profiles' in 'Tools' menu (hotkey=E order=45)
[2026-01-02 07:01:33.987] ServiceContainer: Registered 'ExcelImportProfileManagerScreen' (singleton=False)
[2026-01-02 07:01:33.988] MenuRegistry: Registered 'Excel Import Profiles' in 'Tools' menu (hotkey=I order=40)
[2026-01-02 07:01:33.989] MenuRegistry: Registered 'Excel Import Profiles' in 'Tools' menu (hotkey=I order=40)
[2026-01-02 07:01:33.991] ServiceContainer: Registered 'TaskListScreen_Default' (singleton=False)
[2026-01-02 07:01:33.992] MenuRegistry: Registered 'Task List' in 'Tasks' menu (hotkey=L order=5)
[2026-01-02 07:01:33.994] MenuRegistry: Registered 'Task List' in 'Tasks' menu (hotkey=L order=5)
[2026-01-02 07:01:33.996] ServiceContainer: Registered 'ProjectListScreen' (singleton=False)
[2026-01-02 07:01:33.997] MenuRegistry: Registered 'Project List' in 'Projects' menu (hotkey=L order=10)
[2026-01-02 07:01:33.999] MenuRegistry: Registered 'Project List' in 'Projects' menu (hotkey=L order=10)
[2026-01-02 07:01:34.001] ServiceContainer: Registered 'TimeReportScreen' (singleton=False)
[2026-01-02 07:01:34.002] MenuRegistry: Registered 'Time Report' in 'Time' menu (hotkey=R order=20)
[2026-01-02 07:01:34.003] MenuRegistry: Registered 'Time Report' in 'Time' menu (hotkey=R order=20)
[2026-01-02 07:01:34.005] ServiceContainer: Resolving 'TaskListScreen'...
[2026-01-02 07:01:34.007] ServiceContainer: Resolving 'TaskStore'...
[2026-01-02 07:01:34.168] ServiceContainer: Resolved 'TaskStore' successfully
[2026-01-02 07:01:35.318] _PopulateMenusFromRegistry: Menu 'Help' has 1 items from registry (array)
[2026-01-02 07:01:35.346] _PopulateMenusFromRegistry: Menu 'Tools' has 6 items from registry (array)
[2026-01-02 07:01:35.352] _PopulateMenusFromRegistry: Menu 'Projects' has 3 items from registry (array)
[2026-01-02 07:01:35.356] _PopulateMenusFromRegistry: Menu 'Time' has 3 items from registry (array)
[2026-01-02 07:01:35.359] _PopulateMenusFromRegistry: Menu 'Tasks' has 1 items from registry (array)
[2026-01-02 07:01:35.363] _PopulateMenusFromRegistry: Menu 'Options' has 2 items from registry (array)
[2026-01-02 07:01:35.366] ServiceContainer: Resolved 'TaskListScreen' successfully
[2026-01-02 07:01:45.515] ServiceContainer: Resolving 'TimeReportScreen'...
[2026-01-02 07:01:45.574] ServiceContainer: Resolved 'TimeReportScreen' successfully
