[2026-01-01 10:26:41.225] ServiceContainer: Registered 'Theme' (singleton=True)
[2026-01-01 10:26:41.227] ServiceContainer: Registered 'ThemeManager' (singleton=True)
[2026-01-01 10:26:41.228] ServiceContainer: Registered 'Config' (singleton=True)
[2026-01-01 10:26:41.229] ServiceContainer: Registered 'TaskStore' (singleton=True)
[2026-01-01 10:26:41.230] ServiceContainer: Registered 'MenuRegistry' (singleton=True)
[2026-01-01 10:26:41.230] ServiceContainer: Registered 'Application' (singleton=True)
[2026-01-01 10:26:41.231] ServiceContainer: Registered 'CommandService' (singleton=True)
[2026-01-01 10:26:41.232] ServiceContainer: Registered 'ChecklistService' (singleton=True)
[2026-01-01 10:26:41.232] ServiceContainer: Registered 'NoteService' (singleton=True)
[2026-01-01 10:26:41.233] ServiceContainer: Registered 'ExcelMappingService' (singleton=True)
[2026-01-01 10:26:41.234] ServiceContainer: Registered 'ExcelCopyService' (singleton=True)
[2026-01-01 10:26:41.234] ServiceContainer: Registered 'PreferencesService' (singleton=True)
[2026-01-01 10:26:41.235] ServiceContainer: Registered 'ExcelImportService' (singleton=True)
[2026-01-01 10:26:41.236] ServiceContainer: Registered 'TextExportService' (singleton=True)
[2026-01-01 10:26:41.236] ServiceContainer: Registered 'TaskListScreen' (singleton=False)
[2026-01-01 10:26:41.250] ServiceContainer: Resolving 'Application'...
[2026-01-01 10:26:41.251] ServiceContainer: Resolving 'Theme'...
[2026-01-01 10:26:41.409] ServiceContainer: Resolved 'Theme' successfully
[2026-01-01 10:26:41.482] ServiceContainer: Resolving 'ThemeManager'...
[2026-01-01 10:26:41.483] ServiceContainer: Resolved 'ThemeManager' successfully
[2026-01-01 10:26:41.494] ServiceContainer: Resolved 'Application' successfully
[2026-01-01 10:26:41.495] ServiceContainer: Resolving 'MenuRegistry'...
[2026-01-01 10:26:41.504] ServiceContainer: Resolved 'MenuRegistry' successfully
[2026-01-01 10:26:41.519] MenuRegistry: Loaded manifest with 16 entries
[2026-01-01 10:26:41.539] ServiceContainer: Registered 'ThemeEditorScreen' (singleton=False)
[2026-01-01 10:26:41.540] MenuRegistry: Registered 'Theme Editor' in 'Options' menu (hotkey=T order=10)
[2026-01-01 10:26:41.552] MenuRegistry: Registered 'Theme Editor' in 'Options' menu (hotkey=T order=10)
[2026-01-01 10:26:41.554] ServiceContainer: Registered 'ChecklistTemplatesFolderScreen' (singleton=False)
[2026-01-01 10:26:41.555] MenuRegistry: Registered 'Checklist Templates' in 'Tools' menu (hotkey=H order=30)
[2026-01-01 10:26:41.556] MenuRegistry: Registered 'Checklist Templates' in 'Tools' menu (hotkey=H order=30)
[2026-01-01 10:26:41.557] ServiceContainer: Registered 'ExcelImportProfileManagerScreen' (singleton=False)
[2026-01-01 10:26:41.558] MenuRegistry: Registered 'Excel Import Profiles' in 'Tools' menu (hotkey=I order=40)
[2026-01-01 10:26:41.559] MenuRegistry: Registered 'Excel Import Profiles' in 'Tools' menu (hotkey=I order=40)
[2026-01-01 10:26:41.560] ServiceContainer: Registered 'TimeReportScreen' (singleton=False)
[2026-01-01 10:26:41.561] MenuRegistry: Registered 'Time Report' in 'Time' menu (hotkey=R order=20)
[2026-01-01 10:26:41.562] MenuRegistry: Registered 'Time Report' in 'Time' menu (hotkey=R order=20)
[2026-01-01 10:26:41.563] ServiceContainer: Registered 'TaskListScreen_Default' (singleton=False)
[2026-01-01 10:26:41.564] MenuRegistry: Registered 'Task List' in 'Tasks' menu (hotkey=L order=5)
[2026-01-01 10:26:41.571] MenuRegistry: Registered 'Task List' in 'Tasks' menu (hotkey=L order=5)
[2026-01-01 10:26:41.572] ServiceContainer: Registered 'ChecklistsLauncherScreen' (singleton=False)
[2026-01-01 10:26:41.573] MenuRegistry: Registered 'Checklists' in 'Tools' menu (hotkey=C order=25)
[2026-01-01 10:26:41.574] MenuRegistry: Registered 'Checklists' in 'Tools' menu (hotkey=C order=25)
[2026-01-01 10:26:41.575] ServiceContainer: Registered 'HelpViewScreen' (singleton=False)
[2026-01-01 10:26:41.576] MenuRegistry: Registered 'Help' in 'Help' menu (hotkey=H order=10)
[2026-01-01 10:26:41.577] MenuRegistry: Registered 'Help' in 'Help' menu (hotkey=H order=10)
[2026-01-01 10:26:41.578] ServiceContainer: Registered 'TimeListScreen' (singleton=False)
[2026-01-01 10:26:41.578] MenuRegistry: Registered 'Time Tracking' in 'Time' menu (hotkey=T order=5)
[2026-01-01 10:26:41.580] MenuRegistry: Registered 'Time Tracking' in 'Time' menu (hotkey=T order=5)
[2026-01-01 10:26:41.581] ServiceContainer: Registered 'TextExportProfileManagerScreen' (singleton=False)
[2026-01-01 10:26:41.582] MenuRegistry: Registered 'T2020 Export Profiles' in 'Tools' menu (hotkey=E order=45)
[2026-01-01 10:26:41.583] MenuRegistry: Registered 'T2020 Export Profiles' in 'Tools' menu (hotkey=E order=45)
[2026-01-01 10:26:41.584] ServiceContainer: Registered 'NotesMenuScreen' (singleton=False)
[2026-01-01 10:26:41.585] MenuRegistry: Registered 'Notes' in 'Tools' menu (hotkey=N order=20)
[2026-01-01 10:26:41.586] MenuRegistry: Registered 'Notes' in 'Tools' menu (hotkey=N order=20)
[2026-01-01 10:26:41.587] ServiceContainer: Registered 'ExcelProfileManagerScreen' (singleton=False)
[2026-01-01 10:26:41.588] MenuRegistry: Registered 'Excel Profiles' in 'Projects' menu (hotkey=M order=50)
[2026-01-01 10:26:41.589] MenuRegistry: Registered 'Excel Profiles' in 'Projects' menu (hotkey=M order=50)
[2026-01-01 10:26:41.590] ServiceContainer: Registered 'WeeklyTimeReportScreen' (singleton=False)
[2026-01-01 10:26:41.591] MenuRegistry: Registered 'Weekly Report' in 'Time' menu (hotkey=W order=10)
[2026-01-01 10:26:41.592] MenuRegistry: Registered 'Weekly Report' in 'Time' menu (hotkey=W order=10)
[2026-01-01 10:26:41.593] ServiceContainer: Registered 'SettingsScreen' (singleton=False)
[2026-01-01 10:26:41.593] MenuRegistry: Registered 'Settings' in 'Options' menu (hotkey=S order=20)
[2026-01-01 10:26:41.594] MenuRegistry: Registered 'Settings' in 'Options' menu (hotkey=S order=20)
[2026-01-01 10:26:41.595] ServiceContainer: Registered 'ExcelImportScreen' (singleton=False)
[2026-01-01 10:26:41.596] MenuRegistry: Registered 'Import from Excel' in 'Projects' menu (hotkey=I order=40)
[2026-01-01 10:26:41.598] MenuRegistry: Registered 'Import from Excel' in 'Projects' menu (hotkey=I order=40)
[2026-01-01 10:26:41.599] ServiceContainer: Registered 'CommandLibraryScreen' (singleton=False)
[2026-01-01 10:26:41.600] MenuRegistry: Registered 'Command Library' in 'Tools' menu (hotkey=L order=10)
[2026-01-01 10:26:41.601] MenuRegistry: Registered 'Command Library' in 'Tools' menu (hotkey=L order=10)
[2026-01-01 10:26:41.602] ServiceContainer: Registered 'ProjectListScreen' (singleton=False)
[2026-01-01 10:26:41.603] MenuRegistry: Registered 'Project List' in 'Projects' menu (hotkey=L order=10)
[2026-01-01 10:26:41.604] MenuRegistry: Registered 'Project List' in 'Projects' menu (hotkey=L order=10)
[2026-01-01 10:26:41.605] ServiceContainer: Resolving 'TaskListScreen'...
[2026-01-01 10:26:41.606] ServiceContainer: Resolving 'TaskStore'...
[2026-01-01 10:26:41.691] ServiceContainer: Resolved 'TaskStore' successfully
[2026-01-01 10:26:42.326] _PopulateMenusFromRegistry: Menu 'Tasks' has 1 items from registry (array)
[2026-01-01 10:26:42.342] _PopulateMenusFromRegistry: Menu 'Projects' has 3 items from registry (array)
[2026-01-01 10:26:42.345] _PopulateMenusFromRegistry: Menu 'Time' has 3 items from registry (array)
[2026-01-01 10:26:42.348] _PopulateMenusFromRegistry: Menu 'Tools' has 6 items from registry (array)
[2026-01-01 10:26:42.350] _PopulateMenusFromRegistry: Menu 'Help' has 1 items from registry (array)
[2026-01-01 10:26:42.352] _PopulateMenusFromRegistry: Menu 'Options' has 2 items from registry (array)
[2026-01-01 10:26:42.354] ServiceContainer: Resolved 'TaskListScreen' successfully
[2026-01-01 10:26:50.509] ServiceContainer: Resolving 'ChecklistTemplatesFolderScreen'...
[2026-01-01 10:26:50.621] ServiceContainer: Resolved 'ChecklistTemplatesFolderScreen' successfully
