[2026-01-02 07:48:30.968] ServiceContainer: Registered 'Theme' (singleton=True)
[2026-01-02 07:48:30.973] ServiceContainer: Registered 'ThemeManager' (singleton=True)
[2026-01-02 07:48:30.975] ServiceContainer: Registered 'Config' (singleton=True)
[2026-01-02 07:48:30.976] ServiceContainer: Registered 'TaskStore' (singleton=True)
[2026-01-02 07:48:30.977] ServiceContainer: Registered 'MenuRegistry' (singleton=True)
[2026-01-02 07:48:30.979] ServiceContainer: Registered 'Application' (singleton=True)
[2026-01-02 07:48:30.980] ServiceContainer: Registered 'CommandService' (singleton=True)
[2026-01-02 07:48:30.982] ServiceContainer: Registered 'ChecklistService' (singleton=True)
[2026-01-02 07:48:30.983] ServiceContainer: Registered 'NoteService' (singleton=True)
[2026-01-02 07:48:30.984] ServiceContainer: Registered 'ExcelMappingService' (singleton=True)
[2026-01-02 07:48:30.986] ServiceContainer: Registered 'ExcelCopyService' (singleton=True)
[2026-01-02 07:48:30.987] ServiceContainer: Registered 'PreferencesService' (singleton=True)
[2026-01-02 07:48:30.988] ServiceContainer: Registered 'ExcelImportService' (singleton=True)
[2026-01-02 07:48:30.990] ServiceContainer: Registered 'TextExportService' (singleton=True)
[2026-01-02 07:48:30.992] ServiceContainer: Registered 'TaskListScreen' (singleton=False)
[2026-01-02 07:48:31.016] ServiceContainer: Resolving 'Application'...
[2026-01-02 07:48:31.019] ServiceContainer: Resolving 'Theme'...
[2026-01-02 07:48:31.315] ServiceContainer: Resolved 'Theme' successfully
[2026-01-02 07:48:31.447] ServiceContainer: Resolving 'ThemeManager'...
[2026-01-02 07:48:31.451] ServiceContainer: Resolved 'ThemeManager' successfully
[2026-01-02 07:48:31.470] ServiceContainer: Resolved 'Application' successfully
[2026-01-02 07:48:31.472] ServiceContainer: Resolving 'MenuRegistry'...
[2026-01-02 07:48:31.489] ServiceContainer: Resolved 'MenuRegistry' successfully
[2026-01-02 07:48:31.515] MenuRegistry: Loaded manifest with 16 entries
[2026-01-02 07:48:31.556] ServiceContainer: Registered 'TimeListScreen' (singleton=False)
[2026-01-02 07:48:31.557] MenuRegistry: Registered 'Time Tracking' in 'Time' menu (hotkey=T order=5)
[2026-01-02 07:48:31.580] MenuRegistry: Registered 'Time Tracking' in 'Time' menu (hotkey=T order=5)
[2026-01-02 07:48:31.583] ServiceContainer: Registered 'TaskListScreen_Default' (singleton=False)
[2026-01-02 07:48:31.584] MenuRegistry: Registered 'Task List' in 'Tasks' menu (hotkey=L order=5)
[2026-01-02 07:48:31.587] MenuRegistry: Registered 'Task List' in 'Tasks' menu (hotkey=L order=5)
[2026-01-02 07:48:31.590] ServiceContainer: Registered 'ExcelImportProfileManagerScreen' (singleton=False)
[2026-01-02 07:48:31.592] MenuRegistry: Registered 'Excel Import Profiles' in 'Tools' menu (hotkey=I order=40)
[2026-01-02 07:48:31.594] MenuRegistry: Registered 'Excel Import Profiles' in 'Tools' menu (hotkey=I order=40)
[2026-01-02 07:48:31.596] ServiceContainer: Registered 'ExcelImportScreen' (singleton=False)
[2026-01-02 07:48:31.607] MenuRegistry: Registered 'Import from Excel' in 'Projects' menu (hotkey=I order=40)
[2026-01-02 07:48:31.610] MenuRegistry: Registered 'Import from Excel' in 'Projects' menu (hotkey=I order=40)
[2026-01-02 07:48:31.612] ServiceContainer: Registered 'NotesMenuScreen' (singleton=False)
[2026-01-02 07:48:31.613] MenuRegistry: Registered 'Notes' in 'Tools' menu (hotkey=N order=20)
[2026-01-02 07:48:31.615] MenuRegistry: Registered 'Notes' in 'Tools' menu (hotkey=N order=20)
[2026-01-02 07:48:31.617] ServiceContainer: Registered 'SettingsScreen' (singleton=False)
[2026-01-02 07:48:31.619] MenuRegistry: Registered 'Settings' in 'Options' menu (hotkey=S order=20)
[2026-01-02 07:48:31.621] MenuRegistry: Registered 'Settings' in 'Options' menu (hotkey=S order=20)
[2026-01-02 07:48:31.622] ServiceContainer: Registered 'ChecklistsLauncherScreen' (singleton=False)
[2026-01-02 07:48:31.623] MenuRegistry: Registered 'Checklists' in 'Tools' menu (hotkey=C order=25)
[2026-01-02 07:48:31.625] MenuRegistry: Registered 'Checklists' in 'Tools' menu (hotkey=C order=25)
[2026-01-02 07:48:31.627] ServiceContainer: Registered 'ThemeEditorScreen' (singleton=False)
[2026-01-02 07:48:31.629] MenuRegistry: Registered 'Theme Editor' in 'Options' menu (hotkey=T order=10)
[2026-01-02 07:48:31.631] MenuRegistry: Registered 'Theme Editor' in 'Options' menu (hotkey=T order=10)
[2026-01-02 07:48:31.633] ServiceContainer: Registered 'ProjectListScreen' (singleton=False)
[2026-01-02 07:48:31.634] MenuRegistry: Registered 'Project List' in 'Projects' menu (hotkey=L order=10)
[2026-01-02 07:48:31.636] MenuRegistry: Registered 'Project List' in 'Projects' menu (hotkey=L order=10)
[2026-01-02 07:48:31.638] ServiceContainer: Registered 'WeeklyTimeReportScreen' (singleton=False)
[2026-01-02 07:48:31.639] MenuRegistry: Registered 'Weekly Report' in 'Time' menu (hotkey=W order=10)
[2026-01-02 07:48:31.641] MenuRegistry: Registered 'Weekly Report' in 'Time' menu (hotkey=W order=10)
[2026-01-02 07:48:31.643] ServiceContainer: Registered 'ExcelProfileManagerScreen' (singleton=False)
[2026-01-02 07:48:31.644] MenuRegistry: Registered 'Excel Profiles' in 'Projects' menu (hotkey=M order=50)
[2026-01-02 07:48:31.646] MenuRegistry: Registered 'Excel Profiles' in 'Projects' menu (hotkey=M order=50)
[2026-01-02 07:48:31.648] ServiceContainer: Registered 'CommandLibraryScreen' (singleton=False)
[2026-01-02 07:48:31.650] MenuRegistry: Registered 'Command Library' in 'Tools' menu (hotkey=L order=10)
[2026-01-02 07:48:31.651] MenuRegistry: Registered 'Command Library' in 'Tools' menu (hotkey=L order=10)
[2026-01-02 07:48:31.653] ServiceContainer: Registered 'ChecklistTemplatesFolderScreen' (singleton=False)
[2026-01-02 07:48:31.654] MenuRegistry: Registered 'Checklist Templates' in 'Tools' menu (hotkey=H order=30)
[2026-01-02 07:48:31.656] MenuRegistry: Registered 'Checklist Templates' in 'Tools' menu (hotkey=H order=30)
[2026-01-02 07:48:31.658] ServiceContainer: Registered 'TimeReportScreen' (singleton=False)
[2026-01-02 07:48:31.660] MenuRegistry: Registered 'Time Report' in 'Time' menu (hotkey=R order=20)
[2026-01-02 07:48:31.662] MenuRegistry: Registered 'Time Report' in 'Time' menu (hotkey=R order=20)
[2026-01-02 07:48:31.664] ServiceContainer: Registered 'HelpViewScreen' (singleton=False)
[2026-01-02 07:48:31.665] MenuRegistry: Registered 'Help' in 'Help' menu (hotkey=H order=10)
[2026-01-02 07:48:31.667] MenuRegistry: Registered 'Help' in 'Help' menu (hotkey=H order=10)
[2026-01-02 07:48:31.669] ServiceContainer: Registered 'TextExportProfileManagerScreen' (singleton=False)
[2026-01-02 07:48:31.670] MenuRegistry: Registered 'T2020 Export Profiles' in 'Tools' menu (hotkey=E order=45)
[2026-01-02 07:48:31.672] MenuRegistry: Registered 'T2020 Export Profiles' in 'Tools' menu (hotkey=E order=45)
[2026-01-02 07:48:31.674] ServiceContainer: Resolving 'TaskListScreen'...
[2026-01-02 07:48:31.676] ServiceContainer: Resolving 'TaskStore'...
[2026-01-02 07:48:31.842] ServiceContainer: Resolved 'TaskStore' successfully
[2026-01-02 07:48:33.023] _PopulateMenusFromRegistry: Menu 'Time' has 3 items from registry (array)
[2026-01-02 07:48:33.051] _PopulateMenusFromRegistry: Menu 'Options' has 2 items from registry (array)
[2026-01-02 07:48:33.054] _PopulateMenusFromRegistry: Menu 'Help' has 1 items from registry (array)
[2026-01-02 07:48:33.057] _PopulateMenusFromRegistry: Menu 'Tasks' has 1 items from registry (array)
[2026-01-02 07:48:33.062] _PopulateMenusFromRegistry: Menu 'Tools' has 6 items from registry (array)
[2026-01-02 07:48:33.066] _PopulateMenusFromRegistry: Menu 'Projects' has 3 items from registry (array)
[2026-01-02 07:48:33.069] ServiceContainer: Resolved 'TaskListScreen' successfully
[2026-01-02 07:48:39.547] ServiceContainer: Resolving 'NotesMenuScreen'...
[2026-01-02 07:48:39.721] ServiceContainer: Resolved 'NotesMenuScreen' successfully
