[2026-01-10 20:49:59.564] ServiceContainer: Registered 'Theme' (singleton=True)
[2026-01-10 20:49:59.569] ServiceContainer: Registered 'ThemeManager' (singleton=True)
[2026-01-10 20:49:59.571] ServiceContainer: Registered 'Config' (singleton=True)
[2026-01-10 20:49:59.573] ServiceContainer: Registered 'TaskStore' (singleton=True)
[2026-01-10 20:49:59.574] ServiceContainer: Registered 'MenuRegistry' (singleton=True)
[2026-01-10 20:49:59.576] ServiceContainer: Registered 'Application' (singleton=True)
[2026-01-10 20:49:59.578] ServiceContainer: Registered 'CommandService' (singleton=True)
[2026-01-10 20:49:59.580] ServiceContainer: Registered 'ChecklistService' (singleton=True)
[2026-01-10 20:49:59.582] ServiceContainer: Registered 'NoteService' (singleton=True)
[2026-01-10 20:49:59.583] ServiceContainer: Registered 'ExcelMappingService' (singleton=True)
[2026-01-10 20:49:59.585] ServiceContainer: Registered 'ExcelCopyService' (singleton=True)
[2026-01-10 20:49:59.587] ServiceContainer: Registered 'PreferencesService' (singleton=True)
[2026-01-10 20:49:59.588] ServiceContainer: Registered 'ExcelImportService' (singleton=True)
[2026-01-10 20:49:59.590] ServiceContainer: Registered 'TextExportService' (singleton=True)
[2026-01-10 20:49:59.592] ServiceContainer: Registered 'TaskListScreen' (singleton=False)
[2026-01-10 20:49:59.627] ServiceContainer: Resolving 'Application'...
[2026-01-10 20:49:59.642] ServiceContainer: Resolving 'Theme'...
[2026-01-10 20:50:00.048] ServiceContainer: Resolved 'Theme' successfully
[2026-01-10 20:50:00.207] ServiceContainer: Resolving 'ThemeManager'...
[2026-01-10 20:50:00.209] ServiceContainer: Resolved 'ThemeManager' successfully
[2026-01-10 20:50:00.231] ServiceContainer: Resolved 'Application' successfully
[2026-01-10 20:50:00.233] ServiceContainer: Resolving 'MenuRegistry'...
[2026-01-10 20:50:00.253] ServiceContainer: Resolved 'MenuRegistry' successfully
[2026-01-10 20:50:00.286] MenuRegistry: Loaded manifest with 17 entries
[2026-01-10 20:50:00.345] ServiceContainer: Registered 'CommandLibraryScreen' (singleton=False)
[2026-01-10 20:50:00.347] MenuRegistry: Registered 'Command Library' in 'Tools' menu (hotkey=L order=10)
[2026-01-10 20:50:00.374] MenuRegistry: Registered 'Command Library' in 'Tools' menu (hotkey=L order=10)
[2026-01-10 20:50:00.377] ServiceContainer: Registered 'WeeklyTimeReportScreen' (singleton=False)
[2026-01-10 20:50:00.379] MenuRegistry: Registered 'Weekly Report' in 'Time' menu (hotkey=W order=10)
[2026-01-10 20:50:00.382] MenuRegistry: Registered 'Weekly Report' in 'Time' menu (hotkey=W order=10)
[2026-01-10 20:50:00.384] ServiceContainer: Registered 'ExcelImportScreen' (singleton=False)
[2026-01-10 20:50:00.386] MenuRegistry: Registered 'Import from Excel' in 'Projects' menu (hotkey=I order=40)
[2026-01-10 20:50:00.388] MenuRegistry: Registered 'Import from Excel' in 'Projects' menu (hotkey=I order=40)
[2026-01-10 20:50:00.390] ServiceContainer: Registered 'ExcelProfileManagerScreen' (singleton=False)
[2026-01-10 20:50:00.392] MenuRegistry: Registered 'Excel Profiles' in 'Projects' menu (hotkey=M order=50)
[2026-01-10 20:50:00.394] MenuRegistry: Registered 'Excel Profiles' in 'Projects' menu (hotkey=M order=50)
[2026-01-10 20:50:00.397] ServiceContainer: Registered 'ProjectListScreen' (singleton=False)
[2026-01-10 20:50:00.398] MenuRegistry: Registered 'Project List' in 'Projects' menu (hotkey=L order=10)
[2026-01-10 20:50:00.400] MenuRegistry: Registered 'Project List' in 'Projects' menu (hotkey=L order=10)
[2026-01-10 20:50:00.403] ServiceContainer: Registered 'ChecklistsLauncherScreen' (singleton=False)
[2026-01-10 20:50:00.404] MenuRegistry: Registered 'Checklists' in 'Tools' menu (hotkey=C order=25)
[2026-01-10 20:50:00.407] MenuRegistry: Registered 'Checklists' in 'Tools' menu (hotkey=C order=25)
[2026-01-10 20:50:00.410] ServiceContainer: Registered 'CalendarScreen' (singleton=False)
[2026-01-10 20:50:00.411] MenuRegistry: Registered 'Calendar' in 'Tools' menu (hotkey=A order=50)
[2026-01-10 20:50:00.413] MenuRegistry: Registered 'Calendar' in 'Tools' menu (hotkey=A order=50)
[2026-01-10 20:50:00.416] ServiceContainer: Registered 'ChecklistTemplatesFolderScreen' (singleton=False)
[2026-01-10 20:50:00.418] MenuRegistry: Registered 'Checklist Templates' in 'Tools' menu (hotkey=H order=30)
[2026-01-10 20:50:00.420] MenuRegistry: Registered 'Checklist Templates' in 'Tools' menu (hotkey=H order=30)
[2026-01-10 20:50:00.423] ServiceContainer: Registered 'NotesMenuScreen' (singleton=False)
[2026-01-10 20:50:00.425] MenuRegistry: Registered 'Notes' in 'Tools' menu (hotkey=N order=20)
[2026-01-10 20:50:00.427] MenuRegistry: Registered 'Notes' in 'Tools' menu (hotkey=N order=20)
[2026-01-10 20:50:00.430] ServiceContainer: Registered 'TextExportProfileManagerScreen' (singleton=False)
[2026-01-10 20:50:00.431] MenuRegistry: Registered 'T2020 Export Profiles' in 'Tools' menu (hotkey=E order=45)
[2026-01-10 20:50:00.434] MenuRegistry: Registered 'T2020 Export Profiles' in 'Tools' menu (hotkey=E order=45)
[2026-01-10 20:50:00.436] ServiceContainer: Registered 'HelpViewScreen' (singleton=False)
[2026-01-10 20:50:00.438] MenuRegistry: Registered 'Help' in 'Help' menu (hotkey=H order=10)
[2026-01-10 20:50:00.440] MenuRegistry: Registered 'Help' in 'Help' menu (hotkey=H order=10)
[2026-01-10 20:50:00.442] ServiceContainer: Registered 'ExcelImportProfileManagerScreen' (singleton=False)
[2026-01-10 20:50:00.444] MenuRegistry: Registered 'Excel Import Profiles' in 'Tools' menu (hotkey=I order=40)
[2026-01-10 20:50:00.446] MenuRegistry: Registered 'Excel Import Profiles' in 'Tools' menu (hotkey=I order=40)
[2026-01-10 20:50:00.448] ServiceContainer: Registered 'TimeReportScreen' (singleton=False)
[2026-01-10 20:50:00.450] MenuRegistry: Registered 'Time Report' in 'Time' menu (hotkey=R order=20)
[2026-01-10 20:50:00.452] MenuRegistry: Registered 'Time Report' in 'Time' menu (hotkey=R order=20)
[2026-01-10 20:50:00.488] ServiceContainer: Registered 'SettingsScreen' (singleton=False)
[2026-01-10 20:50:00.490] MenuRegistry: Registered 'Settings' in 'Options' menu (hotkey=S order=20)
[2026-01-10 20:50:00.492] MenuRegistry: Registered 'Settings' in 'Options' menu (hotkey=S order=20)
[2026-01-10 20:50:00.494] ServiceContainer: Registered 'TaskListScreen_Default' (singleton=False)
[2026-01-10 20:50:00.496] MenuRegistry: Registered 'Task List' in 'Tasks' menu (hotkey=L order=5)
[2026-01-10 20:50:00.499] MenuRegistry: Registered 'Task List' in 'Tasks' menu (hotkey=L order=5)
[2026-01-10 20:50:00.501] ServiceContainer: Registered 'TimeListScreen' (singleton=False)
[2026-01-10 20:50:00.503] MenuRegistry: Registered 'Time Tracking' in 'Time' menu (hotkey=T order=5)
[2026-01-10 20:50:00.505] MenuRegistry: Registered 'Time Tracking' in 'Time' menu (hotkey=T order=5)
[2026-01-10 20:50:00.509] ServiceContainer: Registered 'ThemeEditorScreen' (singleton=False)
[2026-01-10 20:50:00.511] MenuRegistry: Registered 'Theme Editor' in 'Options' menu (hotkey=T order=10)
[2026-01-10 20:50:00.514] MenuRegistry: Registered 'Theme Editor' in 'Options' menu (hotkey=T order=10)
[2026-01-10 20:50:09.055] ServiceContainer: Resolving 'NotesMenuScreen'...
[2026-01-10 20:50:09.681] [INFO] StandardListScreen._ConfigureListActions: Configuring actions for Notes
[2026-01-10 20:50:09.699] [INFO] StandardListScreen: Added footer shortcut D -> Delete
[2026-01-10 20:50:09.721] [INFO] StandardListScreen._ConfigureListActions: Configured 6 footer shortcuts
[2026-01-10 20:50:09.768] ServiceContainer: Resolved 'NotesMenuScreen' successfully
[2026-01-10 20:50:09.940] [INFO] StandardListScreen._ConfigureListActions: Configuring actions for Notes
[2026-01-10 20:50:09.943] [INFO] StandardListScreen: Added footer shortcut D -> Delete
[2026-01-10 20:50:09.945] [INFO] StandardListScreen._ConfigureListActions: Configured 6 footer shortcuts
[20:50:10.504] [Z-BUFFER] REJECTED at (2,7): currentZ=10 < zBuffer=20 char='T'
[20:50:10.506] [Z-BUFFER] REJECTED at (3,7): currentZ=10 < zBuffer=20 char='i'
[20:50:10.508] [Z-BUFFER] REJECTED at (4,7): currentZ=10 < zBuffer=20 char='t'
[20:50:10.509] [Z-BUFFER] REJECTED at (5,7): currentZ=10 < zBuffer=20 char='l'
[20:50:10.511] [Z-BUFFER] REJECTED at (6,7): currentZ=10 < zBuffer=20 char='e'
[20:50:10.513] [Z-BUFFER] REJECTED at (62,7): currentZ=10 < zBuffer=20 char='L'
[20:50:10.515] [Z-BUFFER] REJECTED at (63,7): currentZ=10 < zBuffer=20 char='i'
[20:50:10.516] [Z-BUFFER] REJECTED at (64,7): currentZ=10 < zBuffer=20 char='n'
[20:50:10.518] [Z-BUFFER] REJECTED at (65,7): currentZ=10 < zBuffer=20 char='e'
[20:50:10.519] [Z-BUFFER] REJECTED at (66,7): currentZ=10 < zBuffer=20 char='s'
[20:50:10.521] [Z-BUFFER] REJECTED at (70,7): currentZ=10 < zBuffer=20 char='W'
[20:50:10.523] [Z-BUFFER] REJECTED at (71,7): currentZ=10 < zBuffer=20 char='o'
[20:50:10.524] [Z-BUFFER] REJECTED at (72,7): currentZ=10 < zBuffer=20 char='r'
[20:50:10.526] [Z-BUFFER] REJECTED at (73,7): currentZ=10 < zBuffer=20 char='d'
[20:50:10.528] [Z-BUFFER] REJECTED at (74,7): currentZ=10 < zBuffer=20 char='s'
[20:50:10.530] [Z-BUFFER] REJECTED at (98,7): currentZ=10 < zBuffer=20 char='T'
[20:50:10.532] [Z-BUFFER] REJECTED at (99,7): currentZ=10 < zBuffer=20 char='a'
[20:50:10.533] [Z-BUFFER] REJECTED at (100,7): currentZ=10 < zBuffer=20 char='g'
[20:50:10.535] [Z-BUFFER] REJECTED at (101,7): currentZ=10 < zBuffer=20 char='s'
[2026-01-10 20:50:12.086] [INFO] NoteEditorScreen: Constructor called for noteId=n1
[2026-01-10 20:50:12.190] [INFO] NoteEditorScreen: Constructor complete
[2026-01-10 20:50:12.203] [INFO] NoteEditorScreen.Initialize: Called with renderEngine and container
[2026-01-10 20:50:12.389] PreferencesService: Preferences path: /home/teej/ztest/module/Pmc.Strict/.pmc-data/preferences.json
[2026-01-10 20:50:12.396] PreferencesService: No preferences file found, using defaults
[2026-01-10 20:50:12.410] [INFO] NoteEditorScreen.Initialize: Complete
[2026-01-10 20:50:12.470] [ERROR] NoteEditorScreen.LoadData: Error - The property 'Length' cannot be found on this object. Verify that the property exists.
