[2026-01-03 17:59:44.614] ServiceContainer: Registered 'Theme' (singleton=True)
[2026-01-03 17:59:44.617] ServiceContainer: Registered 'ThemeManager' (singleton=True)
[2026-01-03 17:59:44.618] ServiceContainer: Registered 'Config' (singleton=True)
[2026-01-03 17:59:44.619] ServiceContainer: Registered 'TaskStore' (singleton=True)
[2026-01-03 17:59:44.620] ServiceContainer: Registered 'MenuRegistry' (singleton=True)
[2026-01-03 17:59:44.621] ServiceContainer: Registered 'Application' (singleton=True)
[2026-01-03 17:59:44.622] ServiceContainer: Registered 'CommandService' (singleton=True)
[2026-01-03 17:59:44.622] ServiceContainer: Registered 'ChecklistService' (singleton=True)
[2026-01-03 17:59:44.623] ServiceContainer: Registered 'NoteService' (singleton=True)
[2026-01-03 17:59:44.624] ServiceContainer: Registered 'ExcelMappingService' (singleton=True)
[2026-01-03 17:59:44.625] ServiceContainer: Registered 'ExcelCopyService' (singleton=True)
[2026-01-03 17:59:44.626] ServiceContainer: Registered 'PreferencesService' (singleton=True)
[2026-01-03 17:59:44.627] ServiceContainer: Registered 'ExcelImportService' (singleton=True)
[2026-01-03 17:59:44.628] ServiceContainer: Registered 'TextExportService' (singleton=True)
[2026-01-03 17:59:44.629] ServiceContainer: Registered 'TaskListScreen' (singleton=False)
[2026-01-03 17:59:44.642] ServiceContainer: Resolving 'Application'...
[2026-01-03 17:59:44.644] ServiceContainer: Resolving 'Theme'...
[2026-01-03 17:59:44.803] ServiceContainer: Resolved 'Theme' successfully
[2026-01-03 17:59:44.878] ServiceContainer: Resolving 'ThemeManager'...
[2026-01-03 17:59:44.880] ServiceContainer: Resolved 'ThemeManager' successfully
[2026-01-03 17:59:44.891] ServiceContainer: Resolved 'Application' successfully
[2026-01-03 17:59:44.892] ServiceContainer: Resolving 'MenuRegistry'...
[2026-01-03 17:59:44.903] ServiceContainer: Resolved 'MenuRegistry' successfully
[2026-01-03 17:59:44.922] MenuRegistry: Loaded manifest with 16 entries
[2026-01-03 17:59:44.947] ServiceContainer: Registered 'ChecklistsLauncherScreen' (singleton=False)
[2026-01-03 17:59:44.948] MenuRegistry: Registered 'Checklists' in 'Tools' menu (hotkey=C order=25)
[2026-01-03 17:59:44.963] MenuRegistry: Registered 'Checklists' in 'Tools' menu (hotkey=C order=25)
[2026-01-03 17:59:44.965] ServiceContainer: Registered 'ChecklistTemplatesFolderScreen' (singleton=False)
[2026-01-03 17:59:44.966] MenuRegistry: Registered 'Checklist Templates' in 'Tools' menu (hotkey=H order=30)
[2026-01-03 17:59:44.968] MenuRegistry: Registered 'Checklist Templates' in 'Tools' menu (hotkey=H order=30)
[2026-01-03 17:59:44.969] ServiceContainer: Registered 'CommandLibraryScreen' (singleton=False)
[2026-01-03 17:59:44.970] MenuRegistry: Registered 'Command Library' in 'Tools' menu (hotkey=L order=10)
[2026-01-03 17:59:44.972] MenuRegistry: Registered 'Command Library' in 'Tools' menu (hotkey=L order=10)
[2026-01-03 17:59:44.973] ServiceContainer: Registered 'ExcelProfileManagerScreen' (singleton=False)
[2026-01-03 17:59:44.974] MenuRegistry: Registered 'Excel Profiles' in 'Projects' menu (hotkey=M order=50)
[2026-01-03 17:59:44.975] MenuRegistry: Registered 'Excel Profiles' in 'Projects' menu (hotkey=M order=50)
[2026-01-03 17:59:44.977] ServiceContainer: Registered 'SettingsScreen' (singleton=False)
[2026-01-03 17:59:44.978] MenuRegistry: Registered 'Settings' in 'Options' menu (hotkey=S order=20)
[2026-01-03 17:59:44.980] MenuRegistry: Registered 'Settings' in 'Options' menu (hotkey=S order=20)
[2026-01-03 17:59:44.988] ServiceContainer: Registered 'ThemeEditorScreen' (singleton=False)
[2026-01-03 17:59:44.988] MenuRegistry: Registered 'Theme Editor' in 'Options' menu (hotkey=T order=10)
[2026-01-03 17:59:44.990] MenuRegistry: Registered 'Theme Editor' in 'Options' menu (hotkey=T order=10)
[2026-01-03 17:59:44.991] ServiceContainer: Registered 'ExcelImportProfileManagerScreen' (singleton=False)
[2026-01-03 17:59:44.992] MenuRegistry: Registered 'Excel Import Profiles' in 'Tools' menu (hotkey=I order=40)
[2026-01-03 17:59:44.993] MenuRegistry: Registered 'Excel Import Profiles' in 'Tools' menu (hotkey=I order=40)
[2026-01-03 17:59:44.995] ServiceContainer: Registered 'TaskListScreen_Default' (singleton=False)
[2026-01-03 17:59:44.995] MenuRegistry: Registered 'Task List' in 'Tasks' menu (hotkey=L order=5)
[2026-01-03 17:59:44.997] MenuRegistry: Registered 'Task List' in 'Tasks' menu (hotkey=L order=5)
[2026-01-03 17:59:44.998] ServiceContainer: Registered 'TimeListScreen' (singleton=False)
[2026-01-03 17:59:44.999] MenuRegistry: Registered 'Time Tracking' in 'Time' menu (hotkey=T order=5)
[2026-01-03 17:59:45.000] MenuRegistry: Registered 'Time Tracking' in 'Time' menu (hotkey=T order=5)
[2026-01-03 17:59:45.002] ServiceContainer: Registered 'NotesMenuScreen' (singleton=False)
[2026-01-03 17:59:45.002] MenuRegistry: Registered 'Notes' in 'Tools' menu (hotkey=N order=20)
[2026-01-03 17:59:45.003] MenuRegistry: Registered 'Notes' in 'Tools' menu (hotkey=N order=20)
[2026-01-03 17:59:45.005] ServiceContainer: Registered 'TimeReportScreen' (singleton=False)
[2026-01-03 17:59:45.005] MenuRegistry: Registered 'Time Report' in 'Time' menu (hotkey=R order=20)
[2026-01-03 17:59:45.007] MenuRegistry: Registered 'Time Report' in 'Time' menu (hotkey=R order=20)
[2026-01-03 17:59:45.008] ServiceContainer: Registered 'WeeklyTimeReportScreen' (singleton=False)
[2026-01-03 17:59:45.009] MenuRegistry: Registered 'Weekly Report' in 'Time' menu (hotkey=W order=10)
[2026-01-03 17:59:45.010] MenuRegistry: Registered 'Weekly Report' in 'Time' menu (hotkey=W order=10)
[2026-01-03 17:59:45.011] ServiceContainer: Registered 'TextExportProfileManagerScreen' (singleton=False)
[2026-01-03 17:59:45.012] MenuRegistry: Registered 'T2020 Export Profiles' in 'Tools' menu (hotkey=E order=45)
[2026-01-03 17:59:45.014] MenuRegistry: Registered 'T2020 Export Profiles' in 'Tools' menu (hotkey=E order=45)
[2026-01-03 17:59:45.015] ServiceContainer: Registered 'ExcelImportScreen' (singleton=False)
[2026-01-03 17:59:45.016] MenuRegistry: Registered 'Import from Excel' in 'Projects' menu (hotkey=I order=40)
[2026-01-03 17:59:45.017] MenuRegistry: Registered 'Import from Excel' in 'Projects' menu (hotkey=I order=40)
[2026-01-03 17:59:45.018] ServiceContainer: Registered 'HelpViewScreen' (singleton=False)
[2026-01-03 17:59:45.019] MenuRegistry: Registered 'Help' in 'Help' menu (hotkey=H order=10)
[2026-01-03 17:59:45.020] MenuRegistry: Registered 'Help' in 'Help' menu (hotkey=H order=10)
[2026-01-03 17:59:45.022] ServiceContainer: Registered 'ProjectListScreen' (singleton=False)
[2026-01-03 17:59:45.022] MenuRegistry: Registered 'Project List' in 'Projects' menu (hotkey=L order=10)
[2026-01-03 17:59:45.023] MenuRegistry: Registered 'Project List' in 'Projects' menu (hotkey=L order=10)
[2026-01-03 17:59:45.025] ServiceContainer: Resolving 'TaskListScreen'...
[2026-01-03 17:59:45.026] ServiceContainer: Resolving 'TaskStore'...
[2026-01-03 17:59:45.135] ServiceContainer: Resolved 'TaskStore' successfully
[2026-01-03 17:59:45.799] _PopulateMenusFromRegistry: Menu 'Tasks' has 1 items from registry (array)
[2026-01-03 17:59:45.813] _PopulateMenusFromRegistry: Menu 'Help' has 1 items from registry (array)
[2026-01-03 17:59:45.817] _PopulateMenusFromRegistry: Menu 'Projects' has 3 items from registry (array)
[2026-01-03 17:59:45.821] _PopulateMenusFromRegistry: Menu 'Tools' has 6 items from registry (array)
[2026-01-03 17:59:45.824] _PopulateMenusFromRegistry: Menu 'Time' has 3 items from registry (array)
[2026-01-03 17:59:45.826] _PopulateMenusFromRegistry: Menu 'Options' has 2 items from registry (array)
[2026-01-03 17:59:45.828] ServiceContainer: Resolved 'TaskListScreen' successfully
[2026-01-03 17:59:49.622] [INFO] TaskListScreen.EditItem called - item.id=ae44d10d-674c-4bad-94e6-7dac5b25cdd2
[2026-01-03 18:00:10.875] [INFO] *** STANDARDLISTSCREEN.ADDITEM CALLED on type=TaskListScreen key=TaskList ***
[2026-01-03 18:00:10.904] [INFO] StandardListScreen.AddItem: ActiveModal set to InlineEditor. ShowInlineEditor=True
[2026-01-03 18:00:20.759] [INFO] *** STANDARDLISTSCREEN.ADDITEM CALLED on type=TaskListScreen key=TaskList ***
[2026-01-03 18:00:20.772] [INFO] StandardListScreen.AddItem: ActiveModal set to InlineEditor. ShowInlineEditor=True
