[2026-01-08 16:30:00.592] ServiceContainer: Registered 'Theme' (singleton=True)
[2026-01-08 16:30:00.597] ServiceContainer: Registered 'ThemeManager' (singleton=True)
[2026-01-08 16:30:00.600] ServiceContainer: Registered 'Config' (singleton=True)
[2026-01-08 16:30:00.601] ServiceContainer: Registered 'TaskStore' (singleton=True)
[2026-01-08 16:30:00.602] ServiceContainer: Registered 'MenuRegistry' (singleton=True)
[2026-01-08 16:30:00.603] ServiceContainer: Registered 'Application' (singleton=True)
[2026-01-08 16:30:00.604] ServiceContainer: Registered 'CommandService' (singleton=True)
[2026-01-08 16:30:00.605] ServiceContainer: Registered 'ChecklistService' (singleton=True)
[2026-01-08 16:30:00.606] ServiceContainer: Registered 'NoteService' (singleton=True)
[2026-01-08 16:30:00.607] ServiceContainer: Registered 'ExcelMappingService' (singleton=True)
[2026-01-08 16:30:00.608] ServiceContainer: Registered 'ExcelCopyService' (singleton=True)
[2026-01-08 16:30:00.608] ServiceContainer: Registered 'PreferencesService' (singleton=True)
[2026-01-08 16:30:00.609] ServiceContainer: Registered 'ExcelImportService' (singleton=True)
[2026-01-08 16:30:00.610] ServiceContainer: Registered 'TextExportService' (singleton=True)
[2026-01-08 16:30:00.611] ServiceContainer: Registered 'TaskListScreen' (singleton=False)
[2026-01-08 16:30:00.631] ServiceContainer: Resolving 'Application'...
[2026-01-08 16:30:00.634] ServiceContainer: Resolving 'Theme'...
[2026-01-08 16:30:00.891] ServiceContainer: Resolved 'Theme' successfully
[2026-01-08 16:30:01.004] ServiceContainer: Resolving 'ThemeManager'...
[2026-01-08 16:30:01.006] ServiceContainer: Resolved 'ThemeManager' successfully
[2026-01-08 16:30:01.023] ServiceContainer: Resolved 'Application' successfully
[2026-01-08 16:30:01.025] ServiceContainer: Resolving 'MenuRegistry'...
[2026-01-08 16:30:01.040] ServiceContainer: Resolved 'MenuRegistry' successfully
[2026-01-08 16:30:01.064] MenuRegistry: Loaded manifest with 16 entries
[2026-01-08 16:30:01.101] ServiceContainer: Registered 'TimeReportScreen' (singleton=False)
[2026-01-08 16:30:01.103] MenuRegistry: Registered 'Time Report' in 'Time' menu (hotkey=R order=20)
[2026-01-08 16:30:01.123] MenuRegistry: Registered 'Time Report' in 'Time' menu (hotkey=R order=20)
[2026-01-08 16:30:01.125] ServiceContainer: Registered 'ExcelImportProfileManagerScreen' (singleton=False)
[2026-01-08 16:30:01.126] MenuRegistry: Registered 'Excel Import Profiles' in 'Tools' menu (hotkey=I order=40)
[2026-01-08 16:30:01.128] MenuRegistry: Registered 'Excel Import Profiles' in 'Tools' menu (hotkey=I order=40)
[2026-01-08 16:30:01.130] ServiceContainer: Registered 'TaskListScreen_Default' (singleton=False)
[2026-01-08 16:30:01.131] MenuRegistry: Registered 'Task List' in 'Tasks' menu (hotkey=L order=5)
[2026-01-08 16:30:01.143] MenuRegistry: Registered 'Task List' in 'Tasks' menu (hotkey=L order=5)
[2026-01-08 16:30:01.145] ServiceContainer: Registered 'ThemeEditorScreen' (singleton=False)
[2026-01-08 16:30:01.146] MenuRegistry: Registered 'Theme Editor' in 'Options' menu (hotkey=T order=10)
[2026-01-08 16:30:01.148] MenuRegistry: Registered 'Theme Editor' in 'Options' menu (hotkey=T order=10)
[2026-01-08 16:30:01.150] ServiceContainer: Registered 'ChecklistsLauncherScreen' (singleton=False)
[2026-01-08 16:30:01.151] MenuRegistry: Registered 'Checklists' in 'Tools' menu (hotkey=C order=25)
[2026-01-08 16:30:01.152] MenuRegistry: Registered 'Checklists' in 'Tools' menu (hotkey=C order=25)
[2026-01-08 16:30:01.154] ServiceContainer: Registered 'ExcelImportScreen' (singleton=False)
[2026-01-08 16:30:01.155] MenuRegistry: Registered 'Import from Excel' in 'Projects' menu (hotkey=I order=40)
[2026-01-08 16:30:01.156] MenuRegistry: Registered 'Import from Excel' in 'Projects' menu (hotkey=I order=40)
[2026-01-08 16:30:01.158] ServiceContainer: Registered 'ProjectListScreen' (singleton=False)
[2026-01-08 16:30:01.159] MenuRegistry: Registered 'Project List' in 'Projects' menu (hotkey=L order=10)
[2026-01-08 16:30:01.161] MenuRegistry: Registered 'Project List' in 'Projects' menu (hotkey=L order=10)
[2026-01-08 16:30:01.162] ServiceContainer: Registered 'ExcelProfileManagerScreen' (singleton=False)
[2026-01-08 16:30:01.163] MenuRegistry: Registered 'Excel Profiles' in 'Projects' menu (hotkey=M order=50)
[2026-01-08 16:30:01.165] MenuRegistry: Registered 'Excel Profiles' in 'Projects' menu (hotkey=M order=50)
[2026-01-08 16:30:01.167] ServiceContainer: Registered 'HelpViewScreen' (singleton=False)
[2026-01-08 16:30:01.168] MenuRegistry: Registered 'Help' in 'Help' menu (hotkey=H order=10)
[2026-01-08 16:30:01.170] MenuRegistry: Registered 'Help' in 'Help' menu (hotkey=H order=10)
[2026-01-08 16:30:01.172] ServiceContainer: Registered 'ChecklistTemplatesFolderScreen' (singleton=False)
[2026-01-08 16:30:01.173] MenuRegistry: Registered 'Checklist Templates' in 'Tools' menu (hotkey=H order=30)
[2026-01-08 16:30:01.175] MenuRegistry: Registered 'Checklist Templates' in 'Tools' menu (hotkey=H order=30)
[2026-01-08 16:30:01.177] ServiceContainer: Registered 'SettingsScreen' (singleton=False)
[2026-01-08 16:30:01.178] MenuRegistry: Registered 'Settings' in 'Options' menu (hotkey=S order=20)
[2026-01-08 16:30:01.180] MenuRegistry: Registered 'Settings' in 'Options' menu (hotkey=S order=20)
[2026-01-08 16:30:01.181] ServiceContainer: Registered 'TextExportProfileManagerScreen' (singleton=False)
[2026-01-08 16:30:01.182] MenuRegistry: Registered 'T2020 Export Profiles' in 'Tools' menu (hotkey=E order=45)
[2026-01-08 16:30:01.184] MenuRegistry: Registered 'T2020 Export Profiles' in 'Tools' menu (hotkey=E order=45)
[2026-01-08 16:30:01.185] ServiceContainer: Registered 'TimeListScreen' (singleton=False)
[2026-01-08 16:30:01.186] MenuRegistry: Registered 'Time Tracking' in 'Time' menu (hotkey=T order=5)
[2026-01-08 16:30:01.187] MenuRegistry: Registered 'Time Tracking' in 'Time' menu (hotkey=T order=5)
[2026-01-08 16:30:01.189] ServiceContainer: Registered 'WeeklyTimeReportScreen' (singleton=False)
[2026-01-08 16:30:01.190] MenuRegistry: Registered 'Weekly Report' in 'Time' menu (hotkey=W order=10)
[2026-01-08 16:30:01.191] MenuRegistry: Registered 'Weekly Report' in 'Time' menu (hotkey=W order=10)
[2026-01-08 16:30:01.193] ServiceContainer: Registered 'CommandLibraryScreen' (singleton=False)
[2026-01-08 16:30:01.194] MenuRegistry: Registered 'Command Library' in 'Tools' menu (hotkey=L order=10)
[2026-01-08 16:30:01.195] MenuRegistry: Registered 'Command Library' in 'Tools' menu (hotkey=L order=10)
[2026-01-08 16:30:01.197] ServiceContainer: Registered 'NotesMenuScreen' (singleton=False)
[2026-01-08 16:30:01.198] MenuRegistry: Registered 'Notes' in 'Tools' menu (hotkey=N order=20)
[2026-01-08 16:30:01.199] MenuRegistry: Registered 'Notes' in 'Tools' menu (hotkey=N order=20)
[2026-01-08 16:30:01.201] ServiceContainer: Resolving 'TaskListScreen'...
[2026-01-08 16:30:01.230] ServiceContainer: Resolving 'TaskStore'...
[2026-01-08 16:30:01.360] ServiceContainer: Resolved 'TaskStore' successfully
[2026-01-08 16:30:02.191] [INFO] StandardListScreen._ConfigureListActions: Configuring actions for Tasks
[2026-01-08 16:30:02.215] [INFO] StandardListScreen: Added footer shortcut D -> Delete
[2026-01-08 16:30:02.239] [INFO] StandardListScreen._ConfigureListActions: Configured 16 footer shortcuts
[2026-01-08 16:30:02.454] _PopulateMenusFromRegistry: Menu 'Time' has 3 items from registry (array)
[2026-01-08 16:30:02.479] _PopulateMenusFromRegistry: Menu 'Help' has 1 items from registry (array)
[2026-01-08 16:30:02.483] _PopulateMenusFromRegistry: Menu 'Projects' has 3 items from registry (array)
[2026-01-08 16:30:02.499] _PopulateMenusFromRegistry: Menu 'Tasks' has 1 items from registry (array)
[2026-01-08 16:30:02.504] _PopulateMenusFromRegistry: Menu 'Tools' has 6 items from registry (array)
[2026-01-08 16:30:02.508] _PopulateMenusFromRegistry: Menu 'Options' has 2 items from registry (array)
[2026-01-08 16:30:02.510] ServiceContainer: Resolved 'TaskListScreen' successfully
[2026-01-08 16:30:02.935] [INFO] StandardListScreen._ConfigureListActions: Configuring actions for Tasks
[2026-01-08 16:30:02.938] [INFO] StandardListScreen: Added footer shortcut D -> Delete
[2026-01-08 16:30:02.946] [INFO] StandardListScreen._ConfigureListActions: Configured 16 footer shortcuts
[16:30:04.637] [Z-BUFFER] REJECTED at (4,4): currentZ=10 < zBuffer=20 char='T'
[16:30:04.638] [Z-BUFFER] REJECTED at (5,4): currentZ=10 < zBuffer=20 char='a'
[16:30:04.640] [Z-BUFFER] REJECTED at (6,4): currentZ=10 < zBuffer=20 char='s'
[16:30:04.641] [Z-BUFFER] REJECTED at (7,4): currentZ=10 < zBuffer=20 char='k'
[16:30:04.642] [Z-BUFFER] REJECTED at (27,4): currentZ=10 < zBuffer=20 char='D'
[16:30:04.644] [Z-BUFFER] REJECTED at (28,4): currentZ=10 < zBuffer=20 char='u'
[16:30:04.645] [Z-BUFFER] REJECTED at (29,4): currentZ=10 < zBuffer=20 char='e'
[16:30:04.647] [Z-BUFFER] REJECTED at (49,4): currentZ=10 < zBuffer=20 char='T'
[16:30:04.648] [Z-BUFFER] REJECTED at (50,4): currentZ=10 < zBuffer=20 char='a'
[16:30:04.649] [Z-BUFFER] REJECTED at (51,4): currentZ=10 < zBuffer=20 char='g'
[16:30:04.651] [Z-BUFFER] REJECTED at (52,4): currentZ=10 < zBuffer=20 char='s'
[16:30:08.237] [Z-BUFFER] REJECTED at (4,4): currentZ=10 < zBuffer=20 char='T'
[16:30:08.239] [Z-BUFFER] REJECTED at (5,4): currentZ=10 < zBuffer=20 char='a'
[16:30:08.240] [Z-BUFFER] REJECTED at (6,4): currentZ=10 < zBuffer=20 char='s'
[16:30:08.252] [Z-BUFFER] REJECTED at (7,4): currentZ=10 < zBuffer=20 char='k'
[16:30:08.253] [Z-BUFFER] REJECTED at (27,4): currentZ=10 < zBuffer=20 char='D'
[16:30:08.254] [Z-BUFFER] REJECTED at (28,4): currentZ=10 < zBuffer=20 char='u'
[16:30:08.255] [Z-BUFFER] REJECTED at (29,4): currentZ=10 < zBuffer=20 char='e'
[16:30:08.257] [Z-BUFFER] REJECTED at (49,4): currentZ=10 < zBuffer=200 char='T'
[16:30:08.258] [Z-BUFFER] REJECTED at (50,4): currentZ=10 < zBuffer=200 char='a'
[16:30:08.259] [Z-BUFFER] REJECTED at (51,4): currentZ=10 < zBuffer=200 char='g'
[16:30:08.260] [Z-BUFFER] REJECTED at (52,4): currentZ=10 < zBuffer=200 char='s'
[2026-01-08 16:30:09.422] ServiceContainer: Resolving 'ThemeEditorScreen'...
[2026-01-08 16:30:09.496] ServiceContainer: Resolved 'ThemeEditorScreen' successfully
[2026-01-08 16:30:12.938] RequestRender called from: Invoke-ThemeHotReload at line 74
[2026-01-08 16:30:27.314] RequestRender called from: Invoke-ThemeHotReload at line 74
