[2025-12-31 11:49:43.575] ServiceContainer: Registered 'Theme' (singleton=True)
[2025-12-31 11:49:43.578] ServiceContainer: Registered 'ThemeManager' (singleton=True)
[2025-12-31 11:49:43.579] ServiceContainer: Registered 'Config' (singleton=True)
[2025-12-31 11:49:43.580] ServiceContainer: Registered 'TaskStore' (singleton=True)
[2025-12-31 11:49:43.581] ServiceContainer: Registered 'MenuRegistry' (singleton=True)
[2025-12-31 11:49:43.582] ServiceContainer: Registered 'Application' (singleton=True)
[2025-12-31 11:49:43.582] ServiceContainer: Registered 'CommandService' (singleton=True)
[2025-12-31 11:49:43.583] ServiceContainer: Registered 'ChecklistService' (singleton=True)
[2025-12-31 11:49:43.584] ServiceContainer: Registered 'NoteService' (singleton=True)
[2025-12-31 11:49:43.585] ServiceContainer: Registered 'ExcelMappingService' (singleton=True)
[2025-12-31 11:49:43.586] ServiceContainer: Registered 'ExcelCopyService' (singleton=True)
[2025-12-31 11:49:43.587] ServiceContainer: Registered 'PreferencesService' (singleton=True)
[2025-12-31 11:49:43.588] ServiceContainer: Registered 'ExcelImportService' (singleton=True)
[2025-12-31 11:49:43.588] ServiceContainer: Registered 'TextExportService' (singleton=True)
[2025-12-31 11:49:43.589] ServiceContainer: Registered 'TaskListScreen' (singleton=False)
[2025-12-31 11:49:43.602] ServiceContainer: Resolving 'Application'...
[2025-12-31 11:49:43.604] ServiceContainer: Resolving 'Theme'...
[2025-12-31 11:49:43.713] ServiceContainer: Resolved 'Theme' successfully
[2025-12-31 11:49:43.782] ServiceContainer: Resolving 'ThemeManager'...
[2025-12-31 11:49:43.784] ServiceContainer: Resolved 'ThemeManager' successfully
[2025-12-31 11:49:43.797] ServiceContainer: Resolved 'Application' successfully
[2025-12-31 11:49:43.798] ServiceContainer: Resolving 'MenuRegistry'...
[2025-12-31 11:49:43.810] ServiceContainer: Resolved 'MenuRegistry' successfully
[2025-12-31 11:49:43.836] MenuRegistry: Loaded manifest with 16 entries
[2025-12-31 11:49:43.861] ServiceContainer: Registered 'TimeListScreen' (singleton=False)
[2025-12-31 11:49:43.862] MenuRegistry: Registered 'Time Tracking' in 'Time' menu (hotkey=T order=5)
[2025-12-31 11:49:43.878] MenuRegistry: Registered 'Time Tracking' in 'Time' menu (hotkey=T order=5)
[2025-12-31 11:49:43.881] ServiceContainer: Registered 'WeeklyTimeReportScreen' (singleton=False)
[2025-12-31 11:49:43.882] MenuRegistry: Registered 'Weekly Report' in 'Time' menu (hotkey=W order=10)
[2025-12-31 11:49:43.884] MenuRegistry: Registered 'Weekly Report' in 'Time' menu (hotkey=W order=10)
[2025-12-31 11:49:43.886] ServiceContainer: Registered 'ChecklistTemplatesFolderScreen' (singleton=False)
[2025-12-31 11:49:43.887] MenuRegistry: Registered 'Checklist Templates' in 'Tools' menu (hotkey=H order=30)
[2025-12-31 11:49:43.888] MenuRegistry: Registered 'Checklist Templates' in 'Tools' menu (hotkey=H order=30)
[2025-12-31 11:49:43.889] ServiceContainer: Registered 'CommandLibraryScreen' (singleton=False)
[2025-12-31 11:49:43.890] MenuRegistry: Registered 'Command Library' in 'Tools' menu (hotkey=L order=10)
[2025-12-31 11:49:43.891] MenuRegistry: Registered 'Command Library' in 'Tools' menu (hotkey=L order=10)
[2025-12-31 11:49:43.893] ServiceContainer: Registered 'ProjectListScreen' (singleton=False)
[2025-12-31 11:49:43.894] MenuRegistry: Registered 'Project List' in 'Projects' menu (hotkey=L order=10)
[2025-12-31 11:49:43.895] MenuRegistry: Registered 'Project List' in 'Projects' menu (hotkey=L order=10)
[2025-12-31 11:49:43.896] ServiceContainer: Registered 'TimeReportScreen' (singleton=False)
[2025-12-31 11:49:43.897] MenuRegistry: Registered 'Time Report' in 'Time' menu (hotkey=R order=20)
[2025-12-31 11:49:43.898] MenuRegistry: Registered 'Time Report' in 'Time' menu (hotkey=R order=20)
[2025-12-31 11:49:43.899] ServiceContainer: Registered 'ExcelProfileManagerScreen' (singleton=False)
[2025-12-31 11:49:43.900] MenuRegistry: Registered 'Excel Profiles' in 'Projects' menu (hotkey=M order=50)
[2025-12-31 11:49:43.901] MenuRegistry: Registered 'Excel Profiles' in 'Projects' menu (hotkey=M order=50)
[2025-12-31 11:49:43.903] ServiceContainer: Registered 'TaskListScreen_Default' (singleton=False)
[2025-12-31 11:49:43.904] MenuRegistry: Registered 'Task List' in 'Tasks' menu (hotkey=L order=5)
[2025-12-31 11:49:43.905] MenuRegistry: Registered 'Task List' in 'Tasks' menu (hotkey=L order=5)
[2025-12-31 11:49:43.906] ServiceContainer: Registered 'ExcelImportProfileManagerScreen' (singleton=False)
[2025-12-31 11:49:43.907] MenuRegistry: Registered 'Excel Import Profiles' in 'Tools' menu (hotkey=I order=40)
[2025-12-31 11:49:43.909] MenuRegistry: Registered 'Excel Import Profiles' in 'Tools' menu (hotkey=I order=40)
[2025-12-31 11:49:43.910] ServiceContainer: Registered 'ChecklistsLauncherScreen' (singleton=False)
[2025-12-31 11:49:43.910] MenuRegistry: Registered 'Checklists' in 'Tools' menu (hotkey=C order=25)
[2025-12-31 11:49:43.911] MenuRegistry: Registered 'Checklists' in 'Tools' menu (hotkey=C order=25)
[2025-12-31 11:49:43.917] ServiceContainer: Registered 'HelpViewScreen' (singleton=False)
[2025-12-31 11:49:43.918] MenuRegistry: Registered 'Help' in 'Help' menu (hotkey=H order=10)
[2025-12-31 11:49:43.920] MenuRegistry: Registered 'Help' in 'Help' menu (hotkey=H order=10)
[2025-12-31 11:49:43.921] ServiceContainer: Registered 'NotesMenuScreen' (singleton=False)
[2025-12-31 11:49:43.922] MenuRegistry: Registered 'Notes' in 'Tools' menu (hotkey=N order=20)
[2025-12-31 11:49:43.923] MenuRegistry: Registered 'Notes' in 'Tools' menu (hotkey=N order=20)
[2025-12-31 11:49:43.924] ServiceContainer: Registered 'TextExportProfileManagerScreen' (singleton=False)
[2025-12-31 11:49:43.925] MenuRegistry: Registered 'T2020 Export Profiles' in 'Tools' menu (hotkey=E order=45)
[2025-12-31 11:49:43.927] MenuRegistry: Registered 'T2020 Export Profiles' in 'Tools' menu (hotkey=E order=45)
[2025-12-31 11:49:43.928] ServiceContainer: Registered 'ThemeEditorScreen' (singleton=False)
[2025-12-31 11:49:43.929] MenuRegistry: Registered 'Theme Editor' in 'Options' menu (hotkey=T order=10)
[2025-12-31 11:49:43.931] MenuRegistry: Registered 'Theme Editor' in 'Options' menu (hotkey=T order=10)
[2025-12-31 11:49:43.932] ServiceContainer: Registered 'ExcelImportScreen' (singleton=False)
[2025-12-31 11:49:43.933] MenuRegistry: Registered 'Import from Excel' in 'Projects' menu (hotkey=I order=40)
[2025-12-31 11:49:43.934] MenuRegistry: Registered 'Import from Excel' in 'Projects' menu (hotkey=I order=40)
[2025-12-31 11:49:43.936] ServiceContainer: Registered 'SettingsScreen' (singleton=False)
[2025-12-31 11:49:43.936] MenuRegistry: Registered 'Settings' in 'Options' menu (hotkey=S order=20)
[2025-12-31 11:49:43.938] MenuRegistry: Registered 'Settings' in 'Options' menu (hotkey=S order=20)
[2025-12-31 11:49:43.940] ServiceContainer: Resolving 'TaskListScreen'...
[2025-12-31 11:49:43.942] ServiceContainer: Resolving 'TaskStore'...
[2025-12-31 11:49:44.300] ServiceContainer: Resolved 'TaskStore' successfully
[2025-12-31 11:49:45.077] _PopulateMenusFromRegistry: Menu 'Options' has 2 items from registry (array)
[2025-12-31 11:49:45.099] _PopulateMenusFromRegistry: Menu 'Time' has 3 items from registry (array)
[2025-12-31 11:49:45.102] _PopulateMenusFromRegistry: Menu 'Projects' has 3 items from registry (array)
[2025-12-31 11:49:45.105] _PopulateMenusFromRegistry: Menu 'Tasks' has 1 items from registry (array)
[2025-12-31 11:49:45.109] _PopulateMenusFromRegistry: Menu 'Tools' has 6 items from registry (array)
[2025-12-31 11:49:45.112] _PopulateMenusFromRegistry: Menu 'Help' has 1 items from registry (array)
[2025-12-31 11:49:45.114] ServiceContainer: Resolved 'TaskListScreen' successfully
