[2025-12-18 19:20:01.654] [INFO] Loading PMC module...
[2025-12-18 19:20:03.000] [INFO] PMC module loaded
[2025-12-18 19:20:03.007] [INFO] Loading dependencies (FieldSchemas, etc.)...
[2025-12-18 19:20:03.125] [INFO] Dependencies loaded
[2025-12-18 19:20:03.126] [INFO] Loading SpeedTUI framework...
[2025-12-18 19:20:04.350] [INFO] SpeedTUI framework loaded
[2025-12-18 19:20:04.352] [INFO] Loading PraxisVT...
[2025-12-18 19:20:04.355] [INFO] PraxisVT loaded
[2025-12-18 19:20:04.356] [INFO] Loading core dependencies...
[2025-12-18 19:20:04.405] [INFO] Core dependencies loaded
[2025-12-18 19:20:04.407] [INFO] Loading widget base classes...
[2025-12-18 19:20:04.467] [INFO] Widget base classes loaded
[2025-12-18 19:20:04.469] [INFO] Loading services...
[2025-12-18 19:20:04.631] [INFO] Services loaded
[2025-12-18 19:20:04.633] [INFO] Loading helpers...
[2025-12-18 19:20:04.857] [INFO] Helpers loaded
[2025-12-18 19:20:04.858] [INFO] Loading widgets...
[2025-12-18 19:20:05.300] [INFO] Widgets loaded
[2025-12-18 19:20:05.302] [INFO] Loading screen base class...
[2025-12-18 19:20:05.328] [INFO] Screen base class loaded
[2025-12-18 19:20:05.330] [INFO] Loading HelpViewScreen (needed by base classes)...
[2025-12-18 19:20:05.339] [INFO] HelpViewScreen loaded
[2025-12-18 19:20:05.341] [INFO] Loading base classes...
[2025-12-18 19:20:05.401] [INFO] Base classes loaded
[2025-12-18 19:20:05.403] [INFO] Loading ServiceContainer (needed by screens)...
[2025-12-18 19:20:05.409] [INFO] ServiceContainer loaded
[2025-12-18 19:20:05.410] [INFO] Loading remaining screens...
[2025-12-18 19:20:05.535] [INFO] Remaining screens loaded
[2025-12-18 19:20:05.537] [INFO] Loading PmcApplication...
[2025-12-18 19:20:05.561] [INFO] PmcApplication loaded
[2025-12-18 19:20:05.563] [INFO] All components loaded successfully
[2025-12-18 19:20:05.604] [INFO] Starting PMC TUI with screen: TaskList
[2025-12-18 19:20:05.614] [INFO] Cleared stale PmcSharedMenuBar and MenuRegistry singleton
[2025-12-18 19:20:05.615] [INFO] Creating ServiceContainer...
[2025-12-18 19:20:05.629] [INFO] ServiceContainer created
[2025-12-18 19:20:05.631] [INFO] Registering Theme service...
[2025-12-18 19:20:05.670] ServiceContainer: Registered 'Theme' (singleton=True)
[2025-12-18 19:20:05.674] [INFO] Registering ThemeManager...
[2025-12-18 19:20:05.676] ServiceContainer: Registered 'ThemeManager' (singleton=True)
[2025-12-18 19:20:05.677] [INFO] Registering Config service...
[2025-12-18 19:20:05.678] ServiceContainer: Registered 'Config' (singleton=True)
[2025-12-18 19:20:05.679] [INFO] Registering TaskStore service...
[2025-12-18 19:20:05.680] ServiceContainer: Registered 'TaskStore' (singleton=True)
[2025-12-18 19:20:05.681] [INFO] Registering MenuRegistry service...
[2025-12-18 19:20:05.682] ServiceContainer: Registered 'MenuRegistry' (singleton=True)
[2025-12-18 19:20:05.683] [INFO] Registering Application service...
[2025-12-18 19:20:05.684] ServiceContainer: Registered 'Application' (singleton=True)
[2025-12-18 19:20:05.685] [INFO] Registering CommandService...
[2025-12-18 19:20:05.686] ServiceContainer: Registered 'CommandService' (singleton=True)
[2025-12-18 19:20:05.687] [INFO] Registering ChecklistService...
[2025-12-18 19:20:05.688] ServiceContainer: Registered 'ChecklistService' (singleton=True)
[2025-12-18 19:20:05.689] [INFO] Registering NoteService...
[2025-12-18 19:20:05.690] ServiceContainer: Registered 'NoteService' (singleton=True)
[2025-12-18 19:20:05.691] [INFO] Registering ExcelMappingService...
[2025-12-18 19:20:05.692] ServiceContainer: Registered 'ExcelMappingService' (singleton=True)
[2025-12-18 19:20:05.693] [INFO] Registering PreferencesService...
[2025-12-18 19:20:05.694] ServiceContainer: Registered 'PreferencesService' (singleton=True)
[2025-12-18 19:20:05.695] [INFO] Registering screen factories...
[2025-12-18 19:20:05.696] ServiceContainer: Registered 'TaskListScreen' (singleton=False)
[2025-12-18 19:20:05.697] [INFO] Resolving Application from container...
[2025-12-18 19:20:05.717] ServiceContainer: Resolving 'Application'...
[2025-12-18 19:20:05.719] [INFO] Resolving Application...
[2025-12-18 19:20:05.721] ServiceContainer: Resolving 'Theme'...
[2025-12-18 19:20:05.725] [INFO] Resolving Theme: Resetting singletons and initializing...
[2025-12-18 19:20:05.937] [INFO] Theme initialized: #33aaff
[2025-12-18 19:20:05.942] ServiceContainer: Resolved 'Theme' successfully
[2025-12-18 19:20:06.036] ServiceContainer: Resolving 'ThemeManager'...
[2025-12-18 19:20:06.039] [INFO] Resolving ThemeManager...
[2025-12-18 19:20:06.040] ServiceContainer: Resolved 'ThemeManager' successfully
[2025-12-18 19:20:06.074] ServiceContainer: Resolved 'Application' successfully
[2025-12-18 19:20:06.076] [INFO] Application resolved and assigned to $global:PmcApp
[2025-12-18 19:20:06.077] [INFO] Loading menus from manifest...
[2025-12-18 19:20:06.079] ServiceContainer: Resolving 'MenuRegistry'...
[2025-12-18 19:20:06.081] [INFO] Resolving MenuRegistry...
[2025-12-18 19:20:06.096] ServiceContainer: Resolved 'MenuRegistry' successfully
[2025-12-18 19:20:06.124] MenuRegistry: Loaded manifest with 23 entries
[2025-12-18 19:20:06.161] ServiceContainer: Registered 'HelpViewScreen' (singleton=False)
[2025-12-18 19:20:06.162] MenuRegistry: Registered screen factory 'HelpViewScreen' in container (viewMode=)
[2025-12-18 19:20:06.192] MenuRegistry: Registered 'Help' in 'Help' menu (hotkey=H order=10)
[2025-12-18 19:20:06.195] ServiceContainer: Registered 'ExcelImportScreen' (singleton=False)
[2025-12-18 19:20:06.196] MenuRegistry: Registered screen factory 'ExcelImportScreen' in container (viewMode=)
[2025-12-18 19:20:06.199] MenuRegistry: Registered 'Import from Excel' in 'Projects' menu (hotkey=I order=40)
[2025-12-18 19:20:06.203] ServiceContainer: Registered 'TaskListScreen_Today' (singleton=False)
[2025-12-18 19:20:06.204] MenuRegistry: Registered screen factory 'TaskListScreen_Today' in container (viewMode=today)
[2025-12-18 19:20:06.206] MenuRegistry: Registered 'Today' in 'Tasks' menu (hotkey=Y order=10)
[2025-12-18 19:20:06.207] ServiceContainer: Registered 'TaskListScreen_Tomorrow' (singleton=False)
[2025-12-18 19:20:06.208] MenuRegistry: Registered screen factory 'TaskListScreen_Tomorrow' in container (viewMode=tomorrow)
[2025-12-18 19:20:06.210] MenuRegistry: Registered 'Tomorrow' in 'Tasks' menu (hotkey=T order=15)
[2025-12-18 19:20:06.211] ServiceContainer: Registered 'ExcelProfileManagerScreen' (singleton=False)
[2025-12-18 19:20:06.212] MenuRegistry: Registered screen factory 'ExcelProfileManagerScreen' in container (viewMode=)
[2025-12-18 19:20:06.213] MenuRegistry: Registered 'Excel Profiles' in 'Projects' menu (hotkey=M order=50)
[2025-12-18 19:20:06.215] ServiceContainer: Registered 'ChecklistTemplatesFolderScreen' (singleton=False)
[2025-12-18 19:20:06.216] MenuRegistry: Registered screen factory 'ChecklistTemplatesFolderScreen' in container (viewMode=)
[2025-12-18 19:20:06.218] MenuRegistry: Registered 'Checklist Templates' in 'Tools' menu (hotkey=H order=30)
[2025-12-18 19:20:06.219] ServiceContainer: Registered 'TaskListScreen_Month' (singleton=False)
[2025-12-18 19:20:06.220] MenuRegistry: Registered screen factory 'TaskListScreen_Month' in container (viewMode=month)
[2025-12-18 19:20:06.221] MenuRegistry: Registered 'Month View' in 'Tasks' menu (hotkey=M order=45)
[2025-12-18 19:20:06.229] ServiceContainer: Registered 'CommandLibraryScreen' (singleton=False)
[2025-12-18 19:20:06.231] MenuRegistry: Registered screen factory 'CommandLibraryScreen' in container (viewMode=)
[2025-12-18 19:20:06.232] MenuRegistry: Registered 'Command Library' in 'Tools' menu (hotkey=L order=10)
[2025-12-18 19:20:06.234] ServiceContainer: Registered 'TaskListScreen_NoDate' (singleton=False)
[2025-12-18 19:20:06.235] MenuRegistry: Registered screen factory 'TaskListScreen_NoDate' in container (viewMode=noduedate)
[2025-12-18 19:20:06.236] MenuRegistry: Registered 'No Due Date' in 'Tasks' menu (hotkey=D order=40)
[2025-12-18 19:20:06.238] ServiceContainer: Registered 'TaskListScreen_Week' (singleton=False)
[2025-12-18 19:20:06.239] MenuRegistry: Registered screen factory 'TaskListScreen_Week' in container (viewMode=week)
[2025-12-18 19:20:06.240] MenuRegistry: Registered 'Week View' in 'Tasks' menu (hotkey=W order=20)
[2025-12-18 19:20:06.241] ServiceContainer: Registered 'ChecklistsLauncherScreen' (singleton=False)
[2025-12-18 19:20:06.242] MenuRegistry: Registered screen factory 'ChecklistsLauncherScreen' in container (viewMode=)
[2025-12-18 19:20:06.243] MenuRegistry: Registered 'Checklists' in 'Tools' menu (hotkey=C order=25)
[2025-12-18 19:20:06.246] ServiceContainer: Registered 'TaskListScreen_Upcoming' (singleton=False)
[2025-12-18 19:20:06.247] MenuRegistry: Registered screen factory 'TaskListScreen_Upcoming' in container (viewMode=upcoming)
[2025-12-18 19:20:06.248] MenuRegistry: Registered 'Upcoming' in 'Tasks' menu (hotkey=U order=25)
[2025-12-18 19:20:06.250] ServiceContainer: Registered 'WeeklyTimeReportScreen' (singleton=False)
[2025-12-18 19:20:06.251] MenuRegistry: Registered screen factory 'WeeklyTimeReportScreen' in container (viewMode=)
[2025-12-18 19:20:06.252] MenuRegistry: Registered 'Weekly Report' in 'Time' menu (hotkey=W order=10)
[2025-12-18 19:20:06.254] ServiceContainer: Registered 'TaskListScreen_Agenda' (singleton=False)
[2025-12-18 19:20:06.255] MenuRegistry: Registered screen factory 'TaskListScreen_Agenda' in container (viewMode=agenda)
[2025-12-18 19:20:06.256] MenuRegistry: Registered 'Agenda View' in 'Tasks' menu (hotkey=A order=50)
[2025-12-18 19:20:06.258] ServiceContainer: Registered 'NotesMenuScreen' (singleton=False)
[2025-12-18 19:20:06.259] MenuRegistry: Registered screen factory 'NotesMenuScreen' in container (viewMode=)
[2025-12-18 19:20:06.260] MenuRegistry: Registered 'Notes' in 'Tools' menu (hotkey=N order=20)
[2025-12-18 19:20:06.261] ServiceContainer: Registered 'TimeReportScreen' (singleton=False)
[2025-12-18 19:20:06.262] MenuRegistry: Registered screen factory 'TimeReportScreen' in container (viewMode=)
[2025-12-18 19:20:06.263] MenuRegistry: Registered 'Time Report' in 'Time' menu (hotkey=R order=20)
[2025-12-18 19:20:06.265] ServiceContainer: Registered 'SettingsScreen' (singleton=False)
[2025-12-18 19:20:06.266] MenuRegistry: Registered screen factory 'SettingsScreen' in container (viewMode=)
[2025-12-18 19:20:06.267] MenuRegistry: Registered 'Settings' in 'Options' menu (hotkey=S order=20)
[2025-12-18 19:20:06.269] ServiceContainer: Registered 'TaskListScreen_Overdue' (singleton=False)
[2025-12-18 19:20:06.270] MenuRegistry: Registered screen factory 'TaskListScreen_Overdue' in container (viewMode=overdue)
[2025-12-18 19:20:06.272] MenuRegistry: Registered 'Overdue' in 'Tasks' menu (hotkey=O order=30)
[2025-12-18 19:20:06.274] ServiceContainer: Registered 'ThemeEditorScreen' (singleton=False)
[2025-12-18 19:20:06.275] MenuRegistry: Registered screen factory 'ThemeEditorScreen' in container (viewMode=)
[2025-12-18 19:20:06.277] MenuRegistry: Registered 'Theme Editor' in 'Options' menu (hotkey=T order=10)
[2025-12-18 19:20:06.279] ServiceContainer: Registered 'TaskListScreen_Default' (singleton=False)
[2025-12-18 19:20:06.280] MenuRegistry: Registered screen factory 'TaskListScreen_Default' in container (viewMode=)
[2025-12-18 19:20:06.282] MenuRegistry: Registered 'Task List' in 'Tasks' menu (hotkey=L order=5)
[2025-12-18 19:20:06.284] ServiceContainer: Registered 'TaskListScreen_NextActions' (singleton=False)
[2025-12-18 19:20:06.285] MenuRegistry: Registered screen factory 'TaskListScreen_NextActions' in container (viewMode=nextactions)
[2025-12-18 19:20:06.315] MenuRegistry: Registered 'Next Actions' in 'Tasks' menu (hotkey=N order=35)
[2025-12-18 19:20:06.317] ServiceContainer: Registered 'TimeListScreen' (singleton=False)
[2025-12-18 19:20:06.319] MenuRegistry: Registered screen factory 'TimeListScreen' in container (viewMode=)
[2025-12-18 19:20:06.320] MenuRegistry: Registered 'Time Tracking' in 'Time' menu (hotkey=T order=5)
[2025-12-18 19:20:06.323] ServiceContainer: Registered 'ProjectListScreen' (singleton=False)
[2025-12-18 19:20:06.324] MenuRegistry: Registered screen factory 'ProjectListScreen' in container (viewMode=)
[2025-12-18 19:20:06.326] MenuRegistry: Registered 'Project List' in 'Projects' menu (hotkey=L order=10)
[2025-12-18 19:20:06.327] [INFO] Menus loaded from /home/teej/ztest/module/Pmc.Strict/consoleui/screens/MenuItems.psd1
[2025-12-18 19:20:06.329] [INFO] Launching screen: TaskList
[2025-12-18 19:20:06.330] [INFO] Resolving TaskListScreen from container...
[2025-12-18 19:20:06.331] ServiceContainer: Resolving 'TaskListScreen'...
[2025-12-18 19:20:06.334] [INFO] Resolving TaskListScreen...
[2025-12-18 19:20:06.335] ServiceContainer: Resolving 'TaskStore'...
[2025-12-18 19:20:06.337] [INFO] Resolving TaskStore...
[2025-12-18 19:20:06.683] ServiceContainer: Resolved 'TaskStore' successfully
[2025-12-18 19:20:07.592] _PopulateMenusFromRegistry: Menu 'Tasks' has 10 items from registry (array)
[2025-12-18 19:20:07.617] _PopulateMenusFromRegistry: Menu 'Time' has 3 items from registry (array)
[2025-12-18 19:20:07.621] _PopulateMenusFromRegistry: Menu 'Projects' has 3 items from registry (array)
[2025-12-18 19:20:07.625] _PopulateMenusFromRegistry: Menu 'Help' has 1 items from registry (array)
[2025-12-18 19:20:07.630] _PopulateMenusFromRegistry: Menu 'Tools' has 4 items from registry (array)
[2025-12-18 19:20:07.633] _PopulateMenusFromRegistry: Menu 'Options' has 2 items from registry (array)
[2025-12-18 19:20:07.636] ServiceContainer: Resolved 'TaskListScreen' successfully
[2025-12-18 19:20:07.638] [INFO] Pushing screen to app...
[2025-12-18 19:20:08.206] [INFO] Screen pushed successfully
[2025-12-18 19:20:08.208] [INFO] Starting event loop...
[2025-12-18 19:20:15.339] ServiceContainer: Resolving 'SettingsScreen'...
[2025-12-18 19:20:15.369] [ERROR] ServiceContainer: Failed to resolve 'SettingsScreen': At /home/teej/ztest/module/Pmc.Strict/consoleui/screens/SettingsScreen.ps1:411 char:33
+                     $context = [PmcCommandContext]::new('focus', 'set …
+                                 ~~~~~~~~~~~~~~~~~
Unable to find type [PmcCommandContext].
[2025-12-18 19:20:15.370] Stack trace: at <ScriptBlock>, /home/teej/ztest/module/Pmc.Strict/consoleui/services/MenuRegistry.ps1: line 242
at Resolve, /home/teej/ztest/module/Pmc.Strict/consoleui/ServiceContainer.ps1: line 130
at <ScriptBlock>, <No file>: line 1
at ExecuteSelectedItem, /home/teej/ztest/module/Pmc.Strict/consoleui/widgets/PmcMenuBar.ps1: line 299
at HandleKeyPress, /home/teej/ztest/module/Pmc.Strict/consoleui/widgets/PmcMenuBar.ps1: line 500
at HandleKeyPress, /home/teej/ztest/module/Pmc.Strict/consoleui/base/StandardListScreen.ps1: line 952
at HandleKeyPress, /home/teej/ztest/module/Pmc.Strict/consoleui/screens/TaskListScreen.ps1: line 1675
at Run, /home/teej/ztest/module/Pmc.Strict/consoleui/PmcApplication.ps1: line 413
at Start-PmcTUI, /home/teej/ztest/module/Pmc.Strict/consoleui/Start-PmcTUI.ps1: line 572
at <ScriptBlock>, /home/teej/ztest/start.ps1: line 38
[2025-12-18 19:20:23.098] [INFO] Event loop exited normally
[2025-12-18 19:20:23.099] [INFO] Cleanup - showing cursor and resetting terminal
