[2025-12-19 23:24:35.812] ServiceContainer: Registered 'Theme' (singleton=True)
[2025-12-19 23:24:35.821] ServiceContainer: Registered 'ThemeManager' (singleton=True)
[2025-12-19 23:24:35.829] ServiceContainer: Registered 'Config' (singleton=True)
[2025-12-19 23:24:35.830] ServiceContainer: Registered 'TaskStore' (singleton=True)
[2025-12-19 23:24:35.831] ServiceContainer: Registered 'MenuRegistry' (singleton=True)
[2025-12-19 23:24:35.832] ServiceContainer: Registered 'Application' (singleton=True)
[2025-12-19 23:24:35.833] ServiceContainer: Registered 'CommandService' (singleton=True)
[2025-12-19 23:24:35.834] ServiceContainer: Registered 'ChecklistService' (singleton=True)
[2025-12-19 23:24:35.834] ServiceContainer: Registered 'NoteService' (singleton=True)
[2025-12-19 23:24:35.835] ServiceContainer: Registered 'ExcelMappingService' (singleton=True)
[2025-12-19 23:24:35.836] ServiceContainer: Registered 'PreferencesService' (singleton=True)
[2025-12-19 23:24:35.837] ServiceContainer: Registered 'TaskListScreen' (singleton=False)
[2025-12-19 23:24:35.850] ServiceContainer: Resolving 'Application'...
[2025-12-19 23:24:35.852] ServiceContainer: Resolving 'Theme'...
[2025-12-19 23:24:36.020] ServiceContainer: Resolved 'Theme' successfully
[2025-12-19 23:24:36.082] ServiceContainer: Resolving 'ThemeManager'...
[2025-12-19 23:24:36.084] ServiceContainer: Resolved 'ThemeManager' successfully
[2025-12-19 23:24:36.095] ServiceContainer: Resolved 'Application' successfully
[2025-12-19 23:24:36.096] ServiceContainer: Resolving 'MenuRegistry'...
[2025-12-19 23:24:36.115] ServiceContainer: Resolved 'MenuRegistry' successfully
[2025-12-19 23:24:36.131] MenuRegistry: Loaded manifest with 23 entries
[2025-12-19 23:24:36.152] ServiceContainer: Registered 'ExcelImportScreen' (singleton=False)
[2025-12-19 23:24:36.153] MenuRegistry: Registered screen factory 'ExcelImportScreen' in container (viewMode=)
[2025-12-19 23:24:36.166] MenuRegistry: Registered 'Import from Excel' in 'Projects' menu (hotkey=I order=40)
[2025-12-19 23:24:36.167] ServiceContainer: Registered 'CommandLibraryScreen' (singleton=False)
[2025-12-19 23:24:36.168] MenuRegistry: Registered screen factory 'CommandLibraryScreen' in container (viewMode=)
[2025-12-19 23:24:36.169] MenuRegistry: Registered 'Command Library' in 'Tools' menu (hotkey=L order=10)
[2025-12-19 23:24:36.171] ServiceContainer: Registered 'ExcelProfileManagerScreen' (singleton=False)
[2025-12-19 23:24:36.172] MenuRegistry: Registered screen factory 'ExcelProfileManagerScreen' in container (viewMode=)
[2025-12-19 23:24:36.172] MenuRegistry: Registered 'Excel Profiles' in 'Projects' menu (hotkey=M order=50)
[2025-12-19 23:24:36.175] ServiceContainer: Registered 'TaskListScreen_Tomorrow' (singleton=False)
[2025-12-19 23:24:36.176] MenuRegistry: Registered screen factory 'TaskListScreen_Tomorrow' in container (viewMode=tomorrow)
[2025-12-19 23:24:36.177] MenuRegistry: Registered 'Tomorrow' in 'Tasks' menu (hotkey=T order=15)
[2025-12-19 23:24:36.178] ServiceContainer: Registered 'ProjectListScreen' (singleton=False)
[2025-12-19 23:24:36.179] MenuRegistry: Registered screen factory 'ProjectListScreen' in container (viewMode=)
[2025-12-19 23:24:36.180] MenuRegistry: Registered 'Project List' in 'Projects' menu (hotkey=L order=10)
[2025-12-19 23:24:36.181] ServiceContainer: Registered 'TaskListScreen_Default' (singleton=False)
[2025-12-19 23:24:36.182] MenuRegistry: Registered screen factory 'TaskListScreen_Default' in container (viewMode=)
[2025-12-19 23:24:36.182] MenuRegistry: Registered 'Task List' in 'Tasks' menu (hotkey=L order=5)
[2025-12-19 23:24:36.184] ServiceContainer: Registered 'ThemeEditorScreen' (singleton=False)
[2025-12-19 23:24:36.184] MenuRegistry: Registered screen factory 'ThemeEditorScreen' in container (viewMode=)
[2025-12-19 23:24:36.185] MenuRegistry: Registered 'Theme Editor' in 'Options' menu (hotkey=T order=10)
[2025-12-19 23:24:36.186] ServiceContainer: Registered 'ChecklistTemplatesFolderScreen' (singleton=False)
[2025-12-19 23:24:36.187] MenuRegistry: Registered screen factory 'ChecklistTemplatesFolderScreen' in container (viewMode=)
[2025-12-19 23:24:36.188] MenuRegistry: Registered 'Checklist Templates' in 'Tools' menu (hotkey=H order=30)
[2025-12-19 23:24:36.189] ServiceContainer: Registered 'WeeklyTimeReportScreen' (singleton=False)
[2025-12-19 23:24:36.190] MenuRegistry: Registered screen factory 'WeeklyTimeReportScreen' in container (viewMode=)
[2025-12-19 23:24:36.191] MenuRegistry: Registered 'Weekly Report' in 'Time' menu (hotkey=W order=10)
[2025-12-19 23:24:36.192] ServiceContainer: Registered 'TimeListScreen' (singleton=False)
[2025-12-19 23:24:36.192] MenuRegistry: Registered screen factory 'TimeListScreen' in container (viewMode=)
[2025-12-19 23:24:36.193] MenuRegistry: Registered 'Time Tracking' in 'Time' menu (hotkey=T order=5)
[2025-12-19 23:24:36.215] ServiceContainer: Registered 'TaskListScreen_Overdue' (singleton=False)
[2025-12-19 23:24:36.216] MenuRegistry: Registered screen factory 'TaskListScreen_Overdue' in container (viewMode=overdue)
[2025-12-19 23:24:36.217] MenuRegistry: Registered 'Overdue' in 'Tasks' menu (hotkey=O order=30)
[2025-12-19 23:24:36.219] ServiceContainer: Registered 'ChecklistsLauncherScreen' (singleton=False)
[2025-12-19 23:24:36.219] MenuRegistry: Registered screen factory 'ChecklistsLauncherScreen' in container (viewMode=)
[2025-12-19 23:24:36.221] MenuRegistry: Registered 'Checklists' in 'Tools' menu (hotkey=C order=25)
[2025-12-19 23:24:36.222] ServiceContainer: Registered 'TaskListScreen_Month' (singleton=False)
[2025-12-19 23:24:36.223] MenuRegistry: Registered screen factory 'TaskListScreen_Month' in container (viewMode=month)
[2025-12-19 23:24:36.224] MenuRegistry: Registered 'Month View' in 'Tasks' menu (hotkey=M order=45)
[2025-12-19 23:24:36.225] ServiceContainer: Registered 'TaskListScreen_Agenda' (singleton=False)
[2025-12-19 23:24:36.226] MenuRegistry: Registered screen factory 'TaskListScreen_Agenda' in container (viewMode=agenda)
[2025-12-19 23:24:36.227] MenuRegistry: Registered 'Agenda View' in 'Tasks' menu (hotkey=A order=50)
[2025-12-19 23:24:36.228] ServiceContainer: Registered 'SettingsScreen' (singleton=False)
[2025-12-19 23:24:36.229] MenuRegistry: Registered screen factory 'SettingsScreen' in container (viewMode=)
[2025-12-19 23:24:36.230] MenuRegistry: Registered 'Settings' in 'Options' menu (hotkey=S order=20)
[2025-12-19 23:24:36.232] ServiceContainer: Registered 'TaskListScreen_Week' (singleton=False)
[2025-12-19 23:24:36.232] MenuRegistry: Registered screen factory 'TaskListScreen_Week' in container (viewMode=week)
[2025-12-19 23:24:36.233] MenuRegistry: Registered 'Week View' in 'Tasks' menu (hotkey=W order=20)
[2025-12-19 23:24:36.235] ServiceContainer: Registered 'TaskListScreen_Upcoming' (singleton=False)
[2025-12-19 23:24:36.236] MenuRegistry: Registered screen factory 'TaskListScreen_Upcoming' in container (viewMode=upcoming)
[2025-12-19 23:24:36.237] MenuRegistry: Registered 'Upcoming' in 'Tasks' menu (hotkey=U order=25)
[2025-12-19 23:24:36.238] ServiceContainer: Registered 'TaskListScreen_Today' (singleton=False)
[2025-12-19 23:24:36.239] MenuRegistry: Registered screen factory 'TaskListScreen_Today' in container (viewMode=today)
[2025-12-19 23:24:36.240] MenuRegistry: Registered 'Today' in 'Tasks' menu (hotkey=Y order=10)
[2025-12-19 23:24:36.241] ServiceContainer: Registered 'TaskListScreen_NextActions' (singleton=False)
[2025-12-19 23:24:36.243] MenuRegistry: Registered screen factory 'TaskListScreen_NextActions' in container (viewMode=nextactions)
[2025-12-19 23:24:36.244] MenuRegistry: Registered 'Next Actions' in 'Tasks' menu (hotkey=N order=35)
[2025-12-19 23:24:36.245] ServiceContainer: Registered 'TaskListScreen_NoDate' (singleton=False)
[2025-12-19 23:24:36.246] MenuRegistry: Registered screen factory 'TaskListScreen_NoDate' in container (viewMode=noduedate)
[2025-12-19 23:24:36.248] MenuRegistry: Registered 'No Due Date' in 'Tasks' menu (hotkey=D order=40)
[2025-12-19 23:24:36.249] ServiceContainer: Registered 'NotesMenuScreen' (singleton=False)
[2025-12-19 23:24:36.250] MenuRegistry: Registered screen factory 'NotesMenuScreen' in container (viewMode=)
[2025-12-19 23:24:36.252] MenuRegistry: Registered 'Notes' in 'Tools' menu (hotkey=N order=20)
[2025-12-19 23:24:36.253] ServiceContainer: Registered 'HelpViewScreen' (singleton=False)
[2025-12-19 23:24:36.254] MenuRegistry: Registered screen factory 'HelpViewScreen' in container (viewMode=)
[2025-12-19 23:24:36.255] MenuRegistry: Registered 'Help' in 'Help' menu (hotkey=H order=10)
[2025-12-19 23:24:36.257] ServiceContainer: Registered 'TimeReportScreen' (singleton=False)
[2025-12-19 23:24:36.258] MenuRegistry: Registered screen factory 'TimeReportScreen' in container (viewMode=)
[2025-12-19 23:24:36.259] MenuRegistry: Registered 'Time Report' in 'Time' menu (hotkey=R order=20)
[2025-12-19 23:24:36.261] ServiceContainer: Resolving 'TaskListScreen'...
[2025-12-19 23:24:36.263] ServiceContainer: Resolving 'TaskStore'...
[2025-12-19 23:24:36.489] ServiceContainer: Resolved 'TaskStore' successfully
[2025-12-19 23:24:37.302] _PopulateMenusFromRegistry: Menu 'Options' has 2 items from registry (array)
[2025-12-19 23:24:37.322] _PopulateMenusFromRegistry: Menu 'Tools' has 4 items from registry (array)
[2025-12-19 23:24:37.325] _PopulateMenusFromRegistry: Menu 'Time' has 3 items from registry (array)
[2025-12-19 23:24:37.355] _PopulateMenusFromRegistry: Menu 'Projects' has 3 items from registry (array)
[2025-12-19 23:24:37.358] _PopulateMenusFromRegistry: Menu 'Help' has 1 items from registry (array)
[2025-12-19 23:24:37.363] _PopulateMenusFromRegistry: Menu 'Tasks' has 10 items from registry (array)
[2025-12-19 23:24:37.365] ServiceContainer: Resolved 'TaskListScreen' successfully
