[2025-12-19 23:17:49.835] ServiceContainer: Registered 'Theme' (singleton=True)
[2025-12-19 23:17:49.847] ServiceContainer: Registered 'ThemeManager' (singleton=True)
[2025-12-19 23:17:49.849] ServiceContainer: Registered 'Config' (singleton=True)
[2025-12-19 23:17:49.849] ServiceContainer: Registered 'TaskStore' (singleton=True)
[2025-12-19 23:17:49.850] ServiceContainer: Registered 'MenuRegistry' (singleton=True)
[2025-12-19 23:17:49.851] ServiceContainer: Registered 'Application' (singleton=True)
[2025-12-19 23:17:49.860] ServiceContainer: Registered 'CommandService' (singleton=True)
[2025-12-19 23:17:49.861] ServiceContainer: Registered 'ChecklistService' (singleton=True)
[2025-12-19 23:17:49.862] ServiceContainer: Registered 'NoteService' (singleton=True)
[2025-12-19 23:17:49.863] ServiceContainer: Registered 'ExcelMappingService' (singleton=True)
[2025-12-19 23:17:49.863] ServiceContainer: Registered 'PreferencesService' (singleton=True)
[2025-12-19 23:17:49.864] ServiceContainer: Registered 'TaskListScreen' (singleton=False)
[2025-12-19 23:17:49.876] ServiceContainer: Resolving 'Application'...
[2025-12-19 23:17:49.878] ServiceContainer: Resolving 'Theme'...
[2025-12-19 23:17:50.042] ServiceContainer: Resolved 'Theme' successfully
[2025-12-19 23:17:50.139] ServiceContainer: Resolving 'ThemeManager'...
[2025-12-19 23:17:50.141] ServiceContainer: Resolved 'ThemeManager' successfully
[2025-12-19 23:17:50.160] ServiceContainer: Resolved 'Application' successfully
[2025-12-19 23:17:50.162] ServiceContainer: Resolving 'MenuRegistry'...
[2025-12-19 23:17:50.178] ServiceContainer: Resolved 'MenuRegistry' successfully
[2025-12-19 23:17:50.202] MenuRegistry: Loaded manifest with 23 entries
[2025-12-19 23:17:50.233] ServiceContainer: Registered 'TaskListScreen_Month' (singleton=False)
[2025-12-19 23:17:50.234] MenuRegistry: Registered screen factory 'TaskListScreen_Month' in container (viewMode=month)
[2025-12-19 23:17:50.262] MenuRegistry: Registered 'Month View' in 'Tasks' menu (hotkey=M order=45)
[2025-12-19 23:17:50.264] ServiceContainer: Registered 'NotesMenuScreen' (singleton=False)
[2025-12-19 23:17:50.266] MenuRegistry: Registered screen factory 'NotesMenuScreen' in container (viewMode=)
[2025-12-19 23:17:50.268] MenuRegistry: Registered 'Notes' in 'Tools' menu (hotkey=N order=20)
[2025-12-19 23:17:50.270] ServiceContainer: Registered 'CommandLibraryScreen' (singleton=False)
[2025-12-19 23:17:50.272] MenuRegistry: Registered screen factory 'CommandLibraryScreen' in container (viewMode=)
[2025-12-19 23:17:50.273] MenuRegistry: Registered 'Command Library' in 'Tools' menu (hotkey=L order=10)
[2025-12-19 23:17:50.275] ServiceContainer: Registered 'TaskListScreen_Agenda' (singleton=False)
[2025-12-19 23:17:50.276] MenuRegistry: Registered screen factory 'TaskListScreen_Agenda' in container (viewMode=agenda)
[2025-12-19 23:17:50.278] MenuRegistry: Registered 'Agenda View' in 'Tasks' menu (hotkey=A order=50)
[2025-12-19 23:17:50.280] ServiceContainer: Registered 'TaskListScreen_Week' (singleton=False)
[2025-12-19 23:17:50.281] MenuRegistry: Registered screen factory 'TaskListScreen_Week' in container (viewMode=week)
[2025-12-19 23:17:50.283] MenuRegistry: Registered 'Week View' in 'Tasks' menu (hotkey=W order=20)
[2025-12-19 23:17:50.285] ServiceContainer: Registered 'SettingsScreen' (singleton=False)
[2025-12-19 23:17:50.286] MenuRegistry: Registered screen factory 'SettingsScreen' in container (viewMode=)
[2025-12-19 23:17:50.287] MenuRegistry: Registered 'Settings' in 'Options' menu (hotkey=S order=20)
[2025-12-19 23:17:50.289] ServiceContainer: Registered 'TaskListScreen_NoDate' (singleton=False)
[2025-12-19 23:17:50.290] MenuRegistry: Registered screen factory 'TaskListScreen_NoDate' in container (viewMode=noduedate)
[2025-12-19 23:17:50.291] MenuRegistry: Registered 'No Due Date' in 'Tasks' menu (hotkey=D order=40)
[2025-12-19 23:17:50.293] ServiceContainer: Registered 'TaskListScreen_Tomorrow' (singleton=False)
[2025-12-19 23:17:50.295] MenuRegistry: Registered screen factory 'TaskListScreen_Tomorrow' in container (viewMode=tomorrow)
[2025-12-19 23:17:50.296] MenuRegistry: Registered 'Tomorrow' in 'Tasks' menu (hotkey=T order=15)
[2025-12-19 23:17:50.298] ServiceContainer: Registered 'WeeklyTimeReportScreen' (singleton=False)
[2025-12-19 23:17:50.299] MenuRegistry: Registered screen factory 'WeeklyTimeReportScreen' in container (viewMode=)
[2025-12-19 23:17:50.300] MenuRegistry: Registered 'Weekly Report' in 'Time' menu (hotkey=W order=10)
[2025-12-19 23:17:50.303] ServiceContainer: Registered 'TaskListScreen_Today' (singleton=False)
[2025-12-19 23:17:50.305] MenuRegistry: Registered screen factory 'TaskListScreen_Today' in container (viewMode=today)
[2025-12-19 23:17:50.306] MenuRegistry: Registered 'Today' in 'Tasks' menu (hotkey=Y order=10)
[2025-12-19 23:17:50.309] ServiceContainer: Registered 'TimeReportScreen' (singleton=False)
[2025-12-19 23:17:50.310] MenuRegistry: Registered screen factory 'TimeReportScreen' in container (viewMode=)
[2025-12-19 23:17:50.312] MenuRegistry: Registered 'Time Report' in 'Time' menu (hotkey=R order=20)
[2025-12-19 23:17:50.313] ServiceContainer: Registered 'ExcelProfileManagerScreen' (singleton=False)
[2025-12-19 23:17:50.315] MenuRegistry: Registered screen factory 'ExcelProfileManagerScreen' in container (viewMode=)
[2025-12-19 23:17:50.316] MenuRegistry: Registered 'Excel Profiles' in 'Projects' menu (hotkey=M order=50)
[2025-12-19 23:17:50.318] ServiceContainer: Registered 'ChecklistsLauncherScreen' (singleton=False)
[2025-12-19 23:17:50.319] MenuRegistry: Registered screen factory 'ChecklistsLauncherScreen' in container (viewMode=)
[2025-12-19 23:17:50.320] MenuRegistry: Registered 'Checklists' in 'Tools' menu (hotkey=C order=25)
[2025-12-19 23:17:50.322] ServiceContainer: Registered 'TaskListScreen_Overdue' (singleton=False)
[2025-12-19 23:17:50.323] MenuRegistry: Registered screen factory 'TaskListScreen_Overdue' in container (viewMode=overdue)
[2025-12-19 23:17:50.324] MenuRegistry: Registered 'Overdue' in 'Tasks' menu (hotkey=O order=30)
[2025-12-19 23:17:50.326] ServiceContainer: Registered 'TaskListScreen_Upcoming' (singleton=False)
[2025-12-19 23:17:50.327] MenuRegistry: Registered screen factory 'TaskListScreen_Upcoming' in container (viewMode=upcoming)
[2025-12-19 23:17:50.328] MenuRegistry: Registered 'Upcoming' in 'Tasks' menu (hotkey=U order=25)
[2025-12-19 23:17:50.330] ServiceContainer: Registered 'TimeListScreen' (singleton=False)
[2025-12-19 23:17:50.355] MenuRegistry: Registered screen factory 'TimeListScreen' in container (viewMode=)
[2025-12-19 23:17:50.356] MenuRegistry: Registered 'Time Tracking' in 'Time' menu (hotkey=T order=5)
[2025-12-19 23:17:50.358] ServiceContainer: Registered 'ChecklistTemplatesFolderScreen' (singleton=False)
[2025-12-19 23:17:50.359] MenuRegistry: Registered screen factory 'ChecklistTemplatesFolderScreen' in container (viewMode=)
[2025-12-19 23:17:50.361] MenuRegistry: Registered 'Checklist Templates' in 'Tools' menu (hotkey=H order=30)
[2025-12-19 23:17:50.363] ServiceContainer: Registered 'ExcelImportScreen' (singleton=False)
[2025-12-19 23:17:50.364] MenuRegistry: Registered screen factory 'ExcelImportScreen' in container (viewMode=)
[2025-12-19 23:17:50.365] MenuRegistry: Registered 'Import from Excel' in 'Projects' menu (hotkey=I order=40)
[2025-12-19 23:17:50.366] ServiceContainer: Registered 'ProjectListScreen' (singleton=False)
[2025-12-19 23:17:50.367] MenuRegistry: Registered screen factory 'ProjectListScreen' in container (viewMode=)
[2025-12-19 23:17:50.369] MenuRegistry: Registered 'Project List' in 'Projects' menu (hotkey=L order=10)
[2025-12-19 23:17:50.370] ServiceContainer: Registered 'TaskListScreen_Default' (singleton=False)
[2025-12-19 23:17:50.371] MenuRegistry: Registered screen factory 'TaskListScreen_Default' in container (viewMode=)
[2025-12-19 23:17:50.372] MenuRegistry: Registered 'Task List' in 'Tasks' menu (hotkey=L order=5)
[2025-12-19 23:17:50.374] ServiceContainer: Registered 'ThemeEditorScreen' (singleton=False)
[2025-12-19 23:17:50.375] MenuRegistry: Registered screen factory 'ThemeEditorScreen' in container (viewMode=)
[2025-12-19 23:17:50.376] MenuRegistry: Registered 'Theme Editor' in 'Options' menu (hotkey=T order=10)
[2025-12-19 23:17:50.379] ServiceContainer: Registered 'HelpViewScreen' (singleton=False)
[2025-12-19 23:17:50.380] MenuRegistry: Registered screen factory 'HelpViewScreen' in container (viewMode=)
[2025-12-19 23:17:50.381] MenuRegistry: Registered 'Help' in 'Help' menu (hotkey=H order=10)
[2025-12-19 23:17:50.384] ServiceContainer: Registered 'TaskListScreen_NextActions' (singleton=False)
[2025-12-19 23:17:50.385] MenuRegistry: Registered screen factory 'TaskListScreen_NextActions' in container (viewMode=nextactions)
[2025-12-19 23:17:50.390] MenuRegistry: Registered 'Next Actions' in 'Tasks' menu (hotkey=N order=35)
[2025-12-19 23:17:50.391] ServiceContainer: Resolving 'TaskListScreen'...
[2025-12-19 23:17:50.393] ServiceContainer: Resolving 'TaskStore'...
[2025-12-19 23:17:50.613] ServiceContainer: Resolved 'TaskStore' successfully
[2025-12-19 23:17:51.534] _PopulateMenusFromRegistry: Menu 'Projects' has 3 items from registry (array)
[2025-12-19 23:17:51.558] _PopulateMenusFromRegistry: Menu 'Tasks' has 10 items from registry (array)
[2025-12-19 23:17:51.562] _PopulateMenusFromRegistry: Menu 'Time' has 3 items from registry (array)
[2025-12-19 23:17:51.567] _PopulateMenusFromRegistry: Menu 'Tools' has 4 items from registry (array)
[2025-12-19 23:17:51.571] _PopulateMenusFromRegistry: Menu 'Options' has 2 items from registry (array)
[2025-12-19 23:17:51.576] _PopulateMenusFromRegistry: Menu 'Help' has 1 items from registry (array)
[2025-12-19 23:17:51.578] ServiceContainer: Resolved 'TaskListScreen' successfully
