[2025-12-20 08:30:32.488] ServiceContainer: Registered 'Theme' (singleton=True)
[2025-12-20 08:30:32.495] ServiceContainer: Registered 'ThemeManager' (singleton=True)
[2025-12-20 08:30:32.497] ServiceContainer: Registered 'Config' (singleton=True)
[2025-12-20 08:30:32.497] ServiceContainer: Registered 'TaskStore' (singleton=True)
[2025-12-20 08:30:32.498] ServiceContainer: Registered 'MenuRegistry' (singleton=True)
[2025-12-20 08:30:32.499] ServiceContainer: Registered 'Application' (singleton=True)
[2025-12-20 08:30:32.505] ServiceContainer: Registered 'CommandService' (singleton=True)
[2025-12-20 08:30:32.507] ServiceContainer: Registered 'ChecklistService' (singleton=True)
[2025-12-20 08:30:32.508] ServiceContainer: Registered 'NoteService' (singleton=True)
[2025-12-20 08:30:32.508] ServiceContainer: Registered 'ExcelMappingService' (singleton=True)
[2025-12-20 08:30:32.509] ServiceContainer: Registered 'PreferencesService' (singleton=True)
[2025-12-20 08:30:32.510] ServiceContainer: Registered 'TaskListScreen' (singleton=False)
[2025-12-20 08:30:32.523] ServiceContainer: Resolving 'Application'...
[2025-12-20 08:30:32.525] ServiceContainer: Resolving 'Theme'...
[2025-12-20 08:30:32.683] ServiceContainer: Resolved 'Theme' successfully
[2025-12-20 08:30:32.741] ServiceContainer: Resolving 'ThemeManager'...
[2025-12-20 08:30:32.742] ServiceContainer: Resolved 'ThemeManager' successfully
[2025-12-20 08:30:32.753] ServiceContainer: Resolved 'Application' successfully
[2025-12-20 08:30:32.754] ServiceContainer: Resolving 'MenuRegistry'...
[2025-12-20 08:30:32.763] ServiceContainer: Resolved 'MenuRegistry' successfully
[2025-12-20 08:30:32.786] MenuRegistry: Loaded manifest with 23 entries
[2025-12-20 08:30:32.805] ServiceContainer: Registered 'TimeListScreen' (singleton=False)
[2025-12-20 08:30:32.806] MenuRegistry: Registered screen factory 'TimeListScreen' in container (viewMode=)
[2025-12-20 08:30:32.819] MenuRegistry: Registered 'Time Tracking' in 'Time' menu (hotkey=T order=5)
[2025-12-20 08:30:32.821] ServiceContainer: Registered 'HelpViewScreen' (singleton=False)
[2025-12-20 08:30:32.822] MenuRegistry: Registered screen factory 'HelpViewScreen' in container (viewMode=)
[2025-12-20 08:30:32.823] MenuRegistry: Registered 'Help' in 'Help' menu (hotkey=H order=10)
[2025-12-20 08:30:32.824] ServiceContainer: Registered 'TimeReportScreen' (singleton=False)
[2025-12-20 08:30:32.825] MenuRegistry: Registered screen factory 'TimeReportScreen' in container (viewMode=)
[2025-12-20 08:30:32.826] MenuRegistry: Registered 'Time Report' in 'Time' menu (hotkey=R order=20)
[2025-12-20 08:30:32.827] ServiceContainer: Registered 'ChecklistTemplatesFolderScreen' (singleton=False)
[2025-12-20 08:30:32.828] MenuRegistry: Registered screen factory 'ChecklistTemplatesFolderScreen' in container (viewMode=)
[2025-12-20 08:30:32.829] MenuRegistry: Registered 'Checklist Templates' in 'Tools' menu (hotkey=H order=30)
[2025-12-20 08:30:32.830] ServiceContainer: Registered 'TaskListScreen_Default' (singleton=False)
[2025-12-20 08:30:32.831] MenuRegistry: Registered screen factory 'TaskListScreen_Default' in container (viewMode=)
[2025-12-20 08:30:32.832] MenuRegistry: Registered 'Task List' in 'Tasks' menu (hotkey=L order=5)
[2025-12-20 08:30:32.834] ServiceContainer: Registered 'TaskListScreen_Month' (singleton=False)
[2025-12-20 08:30:32.835] MenuRegistry: Registered screen factory 'TaskListScreen_Month' in container (viewMode=month)
[2025-12-20 08:30:32.836] MenuRegistry: Registered 'Month View' in 'Tasks' menu (hotkey=M order=45)
[2025-12-20 08:30:32.837] ServiceContainer: Registered 'ExcelProfileManagerScreen' (singleton=False)
[2025-12-20 08:30:32.838] MenuRegistry: Registered screen factory 'ExcelProfileManagerScreen' in container (viewMode=)
[2025-12-20 08:30:32.839] MenuRegistry: Registered 'Excel Profiles' in 'Projects' menu (hotkey=M order=50)
[2025-12-20 08:30:32.840] ServiceContainer: Registered 'TaskListScreen_Tomorrow' (singleton=False)
[2025-12-20 08:30:32.841] MenuRegistry: Registered screen factory 'TaskListScreen_Tomorrow' in container (viewMode=tomorrow)
[2025-12-20 08:30:32.842] MenuRegistry: Registered 'Tomorrow' in 'Tasks' menu (hotkey=T order=15)
[2025-12-20 08:30:32.843] ServiceContainer: Registered 'ExcelImportScreen' (singleton=False)
[2025-12-20 08:30:32.844] MenuRegistry: Registered screen factory 'ExcelImportScreen' in container (viewMode=)
[2025-12-20 08:30:32.845] MenuRegistry: Registered 'Import from Excel' in 'Projects' menu (hotkey=I order=40)
[2025-12-20 08:30:32.846] ServiceContainer: Registered 'ThemeEditorScreen' (singleton=False)
[2025-12-20 08:30:32.846] MenuRegistry: Registered screen factory 'ThemeEditorScreen' in container (viewMode=)
[2025-12-20 08:30:32.847] MenuRegistry: Registered 'Theme Editor' in 'Options' menu (hotkey=T order=10)
[2025-12-20 08:30:32.849] ServiceContainer: Registered 'TaskListScreen_Upcoming' (singleton=False)
[2025-12-20 08:30:32.849] MenuRegistry: Registered screen factory 'TaskListScreen_Upcoming' in container (viewMode=upcoming)
[2025-12-20 08:30:32.850] MenuRegistry: Registered 'Upcoming' in 'Tasks' menu (hotkey=U order=25)
[2025-12-20 08:30:32.851] ServiceContainer: Registered 'TaskListScreen_NoDate' (singleton=False)
[2025-12-20 08:30:32.852] MenuRegistry: Registered screen factory 'TaskListScreen_NoDate' in container (viewMode=noduedate)
[2025-12-20 08:30:32.853] MenuRegistry: Registered 'No Due Date' in 'Tasks' menu (hotkey=D order=40)
[2025-12-20 08:30:32.854] ServiceContainer: Registered 'CommandLibraryScreen' (singleton=False)
[2025-12-20 08:30:32.855] MenuRegistry: Registered screen factory 'CommandLibraryScreen' in container (viewMode=)
[2025-12-20 08:30:32.874] MenuRegistry: Registered 'Command Library' in 'Tools' menu (hotkey=L order=10)
[2025-12-20 08:30:32.875] ServiceContainer: Registered 'ChecklistsLauncherScreen' (singleton=False)
[2025-12-20 08:30:32.876] MenuRegistry: Registered screen factory 'ChecklistsLauncherScreen' in container (viewMode=)
[2025-12-20 08:30:32.877] MenuRegistry: Registered 'Checklists' in 'Tools' menu (hotkey=C order=25)
[2025-12-20 08:30:32.878] ServiceContainer: Registered 'TaskListScreen_Agenda' (singleton=False)
[2025-12-20 08:30:32.878] MenuRegistry: Registered screen factory 'TaskListScreen_Agenda' in container (viewMode=agenda)
[2025-12-20 08:30:32.879] MenuRegistry: Registered 'Agenda View' in 'Tasks' menu (hotkey=A order=50)
[2025-12-20 08:30:32.881] ServiceContainer: Registered 'TaskListScreen_Overdue' (singleton=False)
[2025-12-20 08:30:32.881] MenuRegistry: Registered screen factory 'TaskListScreen_Overdue' in container (viewMode=overdue)
[2025-12-20 08:30:32.882] MenuRegistry: Registered 'Overdue' in 'Tasks' menu (hotkey=O order=30)
[2025-12-20 08:30:32.883] ServiceContainer: Registered 'ProjectListScreen' (singleton=False)
[2025-12-20 08:30:32.884] MenuRegistry: Registered screen factory 'ProjectListScreen' in container (viewMode=)
[2025-12-20 08:30:32.885] MenuRegistry: Registered 'Project List' in 'Projects' menu (hotkey=L order=10)
[2025-12-20 08:30:32.887] ServiceContainer: Registered 'SettingsScreen' (singleton=False)
[2025-12-20 08:30:32.888] MenuRegistry: Registered screen factory 'SettingsScreen' in container (viewMode=)
[2025-12-20 08:30:32.889] MenuRegistry: Registered 'Settings' in 'Options' menu (hotkey=S order=20)
[2025-12-20 08:30:32.891] ServiceContainer: Registered 'TaskListScreen_Today' (singleton=False)
[2025-12-20 08:30:32.891] MenuRegistry: Registered screen factory 'TaskListScreen_Today' in container (viewMode=today)
[2025-12-20 08:30:32.893] MenuRegistry: Registered 'Today' in 'Tasks' menu (hotkey=Y order=10)
[2025-12-20 08:30:32.894] ServiceContainer: Registered 'TaskListScreen_NextActions' (singleton=False)
[2025-12-20 08:30:32.895] MenuRegistry: Registered screen factory 'TaskListScreen_NextActions' in container (viewMode=nextactions)
[2025-12-20 08:30:32.897] MenuRegistry: Registered 'Next Actions' in 'Tasks' menu (hotkey=N order=35)
[2025-12-20 08:30:32.898] ServiceContainer: Registered 'NotesMenuScreen' (singleton=False)
[2025-12-20 08:30:32.899] MenuRegistry: Registered screen factory 'NotesMenuScreen' in container (viewMode=)
[2025-12-20 08:30:32.901] MenuRegistry: Registered 'Notes' in 'Tools' menu (hotkey=N order=20)
[2025-12-20 08:30:32.902] ServiceContainer: Registered 'WeeklyTimeReportScreen' (singleton=False)
[2025-12-20 08:30:32.903] MenuRegistry: Registered screen factory 'WeeklyTimeReportScreen' in container (viewMode=)
[2025-12-20 08:30:32.905] MenuRegistry: Registered 'Weekly Report' in 'Time' menu (hotkey=W order=10)
[2025-12-20 08:30:32.906] ServiceContainer: Registered 'TaskListScreen_Week' (singleton=False)
[2025-12-20 08:30:32.907] MenuRegistry: Registered screen factory 'TaskListScreen_Week' in container (viewMode=week)
[2025-12-20 08:30:32.909] MenuRegistry: Registered 'Week View' in 'Tasks' menu (hotkey=W order=20)
[2025-12-20 08:30:32.910] ServiceContainer: Resolving 'TaskListScreen'...
[2025-12-20 08:30:32.912] ServiceContainer: Resolving 'TaskStore'...
[2025-12-20 08:30:33.167] ServiceContainer: Resolved 'TaskStore' successfully
[2025-12-20 08:30:33.871] _PopulateMenusFromRegistry: Menu 'Options' has 2 items from registry (array)
[2025-12-20 08:30:33.896] _PopulateMenusFromRegistry: Menu 'Time' has 3 items from registry (array)
[2025-12-20 08:30:33.899] _PopulateMenusFromRegistry: Menu 'Help' has 1 items from registry (array)
[2025-12-20 08:30:33.903] _PopulateMenusFromRegistry: Menu 'Tasks' has 10 items from registry (array)
[2025-12-20 08:30:33.906] _PopulateMenusFromRegistry: Menu 'Projects' has 3 items from registry (array)
[2025-12-20 08:30:33.909] _PopulateMenusFromRegistry: Menu 'Tools' has 4 items from registry (array)
[2025-12-20 08:30:33.911] ServiceContainer: Resolved 'TaskListScreen' successfully
[2025-12-20 08:30:41.326] ServiceContainer: Resolving 'TimeListScreen'...
[2025-12-20 08:30:41.456] ServiceContainer: Resolved 'TimeListScreen' successfully
[2025-12-20 12:22:47.722] ServiceContainer: Resolving 'TaskListScreen_Default'...
[2025-12-20 12:22:47.751] _PopulateMenusFromRegistry: Menu 'Options' has 2 items from registry (array)
[2025-12-20 12:22:47.754] _PopulateMenusFromRegistry: Menu 'Time' has 3 items from registry (array)
[2025-12-20 12:22:47.756] _PopulateMenusFromRegistry: Menu 'Help' has 1 items from registry (array)
[2025-12-20 12:22:47.761] _PopulateMenusFromRegistry: Menu 'Tasks' has 10 items from registry (array)
[2025-12-20 12:22:47.763] _PopulateMenusFromRegistry: Menu 'Projects' has 3 items from registry (array)
[2025-12-20 12:22:47.765] _PopulateMenusFromRegistry: Menu 'Tools' has 4 items from registry (array)
[2025-12-20 12:22:47.766] ServiceContainer: Resolved 'TaskListScreen_Default' successfully
