[2026-01-10 20:12:20.819] ServiceContainer: Registered 'Theme' (singleton=True)
[2026-01-10 20:12:20.824] ServiceContainer: Registered 'ThemeManager' (singleton=True)
[2026-01-10 20:12:20.826] ServiceContainer: Registered 'Config' (singleton=True)
[2026-01-10 20:12:20.828] ServiceContainer: Registered 'TaskStore' (singleton=True)
[2026-01-10 20:12:20.830] ServiceContainer: Registered 'MenuRegistry' (singleton=True)
[2026-01-10 20:12:20.832] ServiceContainer: Registered 'Application' (singleton=True)
[2026-01-10 20:12:20.833] ServiceContainer: Registered 'CommandService' (singleton=True)
[2026-01-10 20:12:20.835] ServiceContainer: Registered 'ChecklistService' (singleton=True)
[2026-01-10 20:12:20.836] ServiceContainer: Registered 'NoteService' (singleton=True)
[2026-01-10 20:12:20.838] ServiceContainer: Registered 'ExcelMappingService' (singleton=True)
[2026-01-10 20:12:20.839] ServiceContainer: Registered 'ExcelCopyService' (singleton=True)
[2026-01-10 20:12:20.840] ServiceContainer: Registered 'PreferencesService' (singleton=True)
[2026-01-10 20:12:20.841] ServiceContainer: Registered 'ExcelImportService' (singleton=True)
[2026-01-10 20:12:20.842] ServiceContainer: Registered 'TextExportService' (singleton=True)
[2026-01-10 20:12:20.843] ServiceContainer: Registered 'TaskListScreen' (singleton=False)
[2026-01-10 20:12:20.872] ServiceContainer: Resolving 'Application'...
[2026-01-10 20:12:20.876] ServiceContainer: Resolving 'Theme'...
[2026-01-10 20:12:21.174] ServiceContainer: Resolved 'Theme' successfully
[2026-01-10 20:12:21.277] ServiceContainer: Resolving 'ThemeManager'...
[2026-01-10 20:12:21.280] ServiceContainer: Resolved 'ThemeManager' successfully
[2026-01-10 20:12:21.296] ServiceContainer: Resolved 'Application' successfully
[2026-01-10 20:12:21.297] ServiceContainer: Resolving 'MenuRegistry'...
[2026-01-10 20:12:21.314] ServiceContainer: Resolved 'MenuRegistry' successfully
[2026-01-10 20:12:21.338] MenuRegistry: Loaded manifest with 17 entries
[2026-01-10 20:12:21.385] ServiceContainer: Registered 'ProjectListScreen' (singleton=False)
[2026-01-10 20:12:21.400] MenuRegistry: Registered 'Project List' in 'Projects' menu (hotkey=L order=10)
[2026-01-10 20:12:21.428] MenuRegistry: Registered 'Project List' in 'Projects' menu (hotkey=L order=10)
[2026-01-10 20:12:21.431] ServiceContainer: Registered 'ThemeEditorScreen' (singleton=False)
[2026-01-10 20:12:21.432] MenuRegistry: Registered 'Theme Editor' in 'Options' menu (hotkey=T order=10)
[2026-01-10 20:12:21.435] MenuRegistry: Registered 'Theme Editor' in 'Options' menu (hotkey=T order=10)
[2026-01-10 20:12:21.438] ServiceContainer: Registered 'ChecklistsLauncherScreen' (singleton=False)
[2026-01-10 20:12:21.439] MenuRegistry: Registered 'Checklists' in 'Tools' menu (hotkey=C order=25)
[2026-01-10 20:12:21.441] MenuRegistry: Registered 'Checklists' in 'Tools' menu (hotkey=C order=25)
[2026-01-10 20:12:21.444] ServiceContainer: Registered 'TimeReportScreen' (singleton=False)
[2026-01-10 20:12:21.445] MenuRegistry: Registered 'Time Report' in 'Time' menu (hotkey=R order=20)
[2026-01-10 20:12:21.448] MenuRegistry: Registered 'Time Report' in 'Time' menu (hotkey=R order=20)
[2026-01-10 20:12:21.450] ServiceContainer: Registered 'ExcelProfileManagerScreen' (singleton=False)
[2026-01-10 20:12:21.452] MenuRegistry: Registered 'Excel Profiles' in 'Projects' menu (hotkey=M order=50)
[2026-01-10 20:12:21.454] MenuRegistry: Registered 'Excel Profiles' in 'Projects' menu (hotkey=M order=50)
[2026-01-10 20:12:21.457] ServiceContainer: Registered 'WeeklyTimeReportScreen' (singleton=False)
[2026-01-10 20:12:21.458] MenuRegistry: Registered 'Weekly Report' in 'Time' menu (hotkey=W order=10)
[2026-01-10 20:12:21.460] MenuRegistry: Registered 'Weekly Report' in 'Time' menu (hotkey=W order=10)
[2026-01-10 20:12:21.463] ServiceContainer: Registered 'CommandLibraryScreen' (singleton=False)
[2026-01-10 20:12:21.464] MenuRegistry: Registered 'Command Library' in 'Tools' menu (hotkey=L order=10)
[2026-01-10 20:12:21.466] MenuRegistry: Registered 'Command Library' in 'Tools' menu (hotkey=L order=10)
[2026-01-10 20:12:21.469] ServiceContainer: Registered 'TimeListScreen' (singleton=False)
[2026-01-10 20:12:21.470] MenuRegistry: Registered 'Time Tracking' in 'Time' menu (hotkey=T order=5)
[2026-01-10 20:12:21.472] MenuRegistry: Registered 'Time Tracking' in 'Time' menu (hotkey=T order=5)
[2026-01-10 20:12:21.475] ServiceContainer: Registered 'NotesMenuScreen' (singleton=False)
[2026-01-10 20:12:21.476] MenuRegistry: Registered 'Notes' in 'Tools' menu (hotkey=N order=20)
[2026-01-10 20:12:21.478] MenuRegistry: Registered 'Notes' in 'Tools' menu (hotkey=N order=20)
[2026-01-10 20:12:21.480] ServiceContainer: Registered 'ExcelImportProfileManagerScreen' (singleton=False)
[2026-01-10 20:12:21.481] MenuRegistry: Registered 'Excel Import Profiles' in 'Tools' menu (hotkey=I order=40)
[2026-01-10 20:12:21.483] MenuRegistry: Registered 'Excel Import Profiles' in 'Tools' menu (hotkey=I order=40)
[2026-01-10 20:12:21.486] ServiceContainer: Registered 'SettingsScreen' (singleton=False)
[2026-01-10 20:12:21.487] MenuRegistry: Registered 'Settings' in 'Options' menu (hotkey=S order=20)
[2026-01-10 20:12:21.489] MenuRegistry: Registered 'Settings' in 'Options' menu (hotkey=S order=20)
[2026-01-10 20:12:21.492] ServiceContainer: Registered 'TaskListScreen_Default' (singleton=False)
[2026-01-10 20:12:21.493] MenuRegistry: Registered 'Task List' in 'Tasks' menu (hotkey=L order=5)
[2026-01-10 20:12:21.495] MenuRegistry: Registered 'Task List' in 'Tasks' menu (hotkey=L order=5)
[2026-01-10 20:12:21.498] ServiceContainer: Registered 'ExcelImportScreen' (singleton=False)
[2026-01-10 20:12:21.499] MenuRegistry: Registered 'Import from Excel' in 'Projects' menu (hotkey=I order=40)
[2026-01-10 20:12:21.501] MenuRegistry: Registered 'Import from Excel' in 'Projects' menu (hotkey=I order=40)
[2026-01-10 20:12:21.504] ServiceContainer: Registered 'CalendarScreen' (singleton=False)
[2026-01-10 20:12:21.534] MenuRegistry: Registered 'Calendar' in 'Tools' menu (hotkey=A order=50)
[2026-01-10 20:12:21.536] MenuRegistry: Registered 'Calendar' in 'Tools' menu (hotkey=A order=50)
[2026-01-10 20:12:21.538] ServiceContainer: Registered 'TextExportProfileManagerScreen' (singleton=False)
[2026-01-10 20:12:21.540] MenuRegistry: Registered 'T2020 Export Profiles' in 'Tools' menu (hotkey=E order=45)
[2026-01-10 20:12:21.541] MenuRegistry: Registered 'T2020 Export Profiles' in 'Tools' menu (hotkey=E order=45)
[2026-01-10 20:12:21.544] ServiceContainer: Registered 'HelpViewScreen' (singleton=False)
[2026-01-10 20:12:21.545] MenuRegistry: Registered 'Help' in 'Help' menu (hotkey=H order=10)
[2026-01-10 20:12:21.547] MenuRegistry: Registered 'Help' in 'Help' menu (hotkey=H order=10)
[2026-01-10 20:12:21.549] ServiceContainer: Registered 'ChecklistTemplatesFolderScreen' (singleton=False)
[2026-01-10 20:12:21.551] MenuRegistry: Registered 'Checklist Templates' in 'Tools' menu (hotkey=H order=30)
[2026-01-10 20:12:21.553] MenuRegistry: Registered 'Checklist Templates' in 'Tools' menu (hotkey=H order=30)
