[2025-12-20 00:05:49.080] ServiceContainer: Registered 'Theme' (singleton=True)
[2025-12-20 00:05:49.088] ServiceContainer: Registered 'ThemeManager' (singleton=True)
[2025-12-20 00:05:49.090] ServiceContainer: Registered 'Config' (singleton=True)
[2025-12-20 00:05:49.091] ServiceContainer: Registered 'TaskStore' (singleton=True)
[2025-12-20 00:05:49.092] ServiceContainer: Registered 'MenuRegistry' (singleton=True)
[2025-12-20 00:05:49.092] ServiceContainer: Registered 'Application' (singleton=True)
[2025-12-20 00:05:49.093] ServiceContainer: Registered 'CommandService' (singleton=True)
[2025-12-20 00:05:49.094] ServiceContainer: Registered 'ChecklistService' (singleton=True)
[2025-12-20 00:05:49.094] ServiceContainer: Registered 'NoteService' (singleton=True)
[2025-12-20 00:05:49.101] ServiceContainer: Registered 'ExcelMappingService' (singleton=True)
[2025-12-20 00:05:49.102] ServiceContainer: Registered 'PreferencesService' (singleton=True)
[2025-12-20 00:05:49.102] ServiceContainer: Registered 'TaskListScreen' (singleton=False)
[2025-12-20 00:05:49.114] ServiceContainer: Resolving 'Application'...
[2025-12-20 00:05:49.115] ServiceContainer: Resolving 'Theme'...
[2025-12-20 00:05:49.284] ServiceContainer: Resolved 'Theme' successfully
[2025-12-20 00:05:49.347] ServiceContainer: Resolving 'ThemeManager'...
[2025-12-20 00:05:49.348] ServiceContainer: Resolved 'ThemeManager' successfully
[2025-12-20 00:05:49.360] ServiceContainer: Resolved 'Application' successfully
[2025-12-20 00:05:49.361] ServiceContainer: Resolving 'MenuRegistry'...
[2025-12-20 00:05:49.370] ServiceContainer: Resolved 'MenuRegistry' successfully
[2025-12-20 00:05:49.389] MenuRegistry: Loaded manifest with 23 entries
[2025-12-20 00:05:49.418] ServiceContainer: Registered 'TaskListScreen_Tomorrow' (singleton=False)
[2025-12-20 00:05:49.419] MenuRegistry: Registered screen factory 'TaskListScreen_Tomorrow' in container (viewMode=tomorrow)
[2025-12-20 00:05:49.434] MenuRegistry: Registered 'Tomorrow' in 'Tasks' menu (hotkey=T order=15)
[2025-12-20 00:05:49.435] ServiceContainer: Registered 'HelpViewScreen' (singleton=False)
[2025-12-20 00:05:49.436] MenuRegistry: Registered screen factory 'HelpViewScreen' in container (viewMode=)
[2025-12-20 00:05:49.438] MenuRegistry: Registered 'Help' in 'Help' menu (hotkey=H order=10)
[2025-12-20 00:05:49.440] ServiceContainer: Registered 'TaskListScreen_NextActions' (singleton=False)
[2025-12-20 00:05:49.440] MenuRegistry: Registered screen factory 'TaskListScreen_NextActions' in container (viewMode=nextactions)
[2025-12-20 00:05:49.441] MenuRegistry: Registered 'Next Actions' in 'Tasks' menu (hotkey=N order=35)
[2025-12-20 00:05:49.442] ServiceContainer: Registered 'ThemeEditorScreen' (singleton=False)
[2025-12-20 00:05:49.443] MenuRegistry: Registered screen factory 'ThemeEditorScreen' in container (viewMode=)
[2025-12-20 00:05:49.444] MenuRegistry: Registered 'Theme Editor' in 'Options' menu (hotkey=T order=10)
[2025-12-20 00:05:49.445] ServiceContainer: Registered 'WeeklyTimeReportScreen' (singleton=False)
[2025-12-20 00:05:49.446] MenuRegistry: Registered screen factory 'WeeklyTimeReportScreen' in container (viewMode=)
[2025-12-20 00:05:49.447] MenuRegistry: Registered 'Weekly Report' in 'Time' menu (hotkey=W order=10)
[2025-12-20 00:05:49.448] ServiceContainer: Registered 'TimeReportScreen' (singleton=False)
[2025-12-20 00:05:49.449] MenuRegistry: Registered screen factory 'TimeReportScreen' in container (viewMode=)
[2025-12-20 00:05:49.450] MenuRegistry: Registered 'Time Report' in 'Time' menu (hotkey=R order=20)
[2025-12-20 00:05:49.451] ServiceContainer: Registered 'TaskListScreen_Default' (singleton=False)
[2025-12-20 00:05:49.451] MenuRegistry: Registered screen factory 'TaskListScreen_Default' in container (viewMode=)
[2025-12-20 00:05:49.452] MenuRegistry: Registered 'Task List' in 'Tasks' menu (hotkey=L order=5)
[2025-12-20 00:05:49.453] ServiceContainer: Registered 'TaskListScreen_Today' (singleton=False)
[2025-12-20 00:05:49.454] MenuRegistry: Registered screen factory 'TaskListScreen_Today' in container (viewMode=today)
[2025-12-20 00:05:49.455] MenuRegistry: Registered 'Today' in 'Tasks' menu (hotkey=Y order=10)
[2025-12-20 00:05:49.456] ServiceContainer: Registered 'TaskListScreen_Upcoming' (singleton=False)
[2025-12-20 00:05:49.457] MenuRegistry: Registered screen factory 'TaskListScreen_Upcoming' in container (viewMode=upcoming)
[2025-12-20 00:05:49.458] MenuRegistry: Registered 'Upcoming' in 'Tasks' menu (hotkey=U order=25)
[2025-12-20 00:05:49.459] ServiceContainer: Registered 'ChecklistTemplatesFolderScreen' (singleton=False)
[2025-12-20 00:05:49.459] MenuRegistry: Registered screen factory 'ChecklistTemplatesFolderScreen' in container (viewMode=)
[2025-12-20 00:05:49.460] MenuRegistry: Registered 'Checklist Templates' in 'Tools' menu (hotkey=H order=30)
[2025-12-20 00:05:49.461] ServiceContainer: Registered 'NotesMenuScreen' (singleton=False)
[2025-12-20 00:05:49.462] MenuRegistry: Registered screen factory 'NotesMenuScreen' in container (viewMode=)
[2025-12-20 00:05:49.463] MenuRegistry: Registered 'Notes' in 'Tools' menu (hotkey=N order=20)
[2025-12-20 00:05:49.464] ServiceContainer: Registered 'TimeListScreen' (singleton=False)
[2025-12-20 00:05:49.465] MenuRegistry: Registered screen factory 'TimeListScreen' in container (viewMode=)
[2025-12-20 00:05:49.465] MenuRegistry: Registered 'Time Tracking' in 'Time' menu (hotkey=T order=5)
[2025-12-20 00:05:49.467] ServiceContainer: Registered 'TaskListScreen_Agenda' (singleton=False)
[2025-12-20 00:05:49.467] MenuRegistry: Registered screen factory 'TaskListScreen_Agenda' in container (viewMode=agenda)
[2025-12-20 00:05:49.468] MenuRegistry: Registered 'Agenda View' in 'Tasks' menu (hotkey=A order=50)
[2025-12-20 00:05:49.470] ServiceContainer: Registered 'TaskListScreen_Week' (singleton=False)
[2025-12-20 00:05:49.489] MenuRegistry: Registered screen factory 'TaskListScreen_Week' in container (viewMode=week)
[2025-12-20 00:05:49.490] MenuRegistry: Registered 'Week View' in 'Tasks' menu (hotkey=W order=20)
[2025-12-20 00:05:49.491] ServiceContainer: Registered 'ExcelImportScreen' (singleton=False)
[2025-12-20 00:05:49.492] MenuRegistry: Registered screen factory 'ExcelImportScreen' in container (viewMode=)
[2025-12-20 00:05:49.493] MenuRegistry: Registered 'Import from Excel' in 'Projects' menu (hotkey=I order=40)
[2025-12-20 00:05:49.495] ServiceContainer: Registered 'TaskListScreen_Overdue' (singleton=False)
[2025-12-20 00:05:49.495] MenuRegistry: Registered screen factory 'TaskListScreen_Overdue' in container (viewMode=overdue)
[2025-12-20 00:05:49.496] MenuRegistry: Registered 'Overdue' in 'Tasks' menu (hotkey=O order=30)
[2025-12-20 00:05:49.497] ServiceContainer: Registered 'SettingsScreen' (singleton=False)
[2025-12-20 00:05:49.499] MenuRegistry: Registered screen factory 'SettingsScreen' in container (viewMode=)
[2025-12-20 00:05:49.500] MenuRegistry: Registered 'Settings' in 'Options' menu (hotkey=S order=20)
[2025-12-20 00:05:49.502] ServiceContainer: Registered 'ProjectListScreen' (singleton=False)
[2025-12-20 00:05:49.503] MenuRegistry: Registered screen factory 'ProjectListScreen' in container (viewMode=)
[2025-12-20 00:05:49.504] MenuRegistry: Registered 'Project List' in 'Projects' menu (hotkey=L order=10)
[2025-12-20 00:05:49.507] ServiceContainer: Registered 'ChecklistsLauncherScreen' (singleton=False)
[2025-12-20 00:05:49.508] MenuRegistry: Registered screen factory 'ChecklistsLauncherScreen' in container (viewMode=)
[2025-12-20 00:05:49.510] MenuRegistry: Registered 'Checklists' in 'Tools' menu (hotkey=C order=25)
[2025-12-20 00:05:49.513] ServiceContainer: Registered 'TaskListScreen_Month' (singleton=False)
[2025-12-20 00:05:49.515] MenuRegistry: Registered screen factory 'TaskListScreen_Month' in container (viewMode=month)
[2025-12-20 00:05:49.517] MenuRegistry: Registered 'Month View' in 'Tasks' menu (hotkey=M order=45)
[2025-12-20 00:05:49.519] ServiceContainer: Registered 'TaskListScreen_NoDate' (singleton=False)
[2025-12-20 00:05:49.521] MenuRegistry: Registered screen factory 'TaskListScreen_NoDate' in container (viewMode=noduedate)
[2025-12-20 00:05:49.524] MenuRegistry: Registered 'No Due Date' in 'Tasks' menu (hotkey=D order=40)
[2025-12-20 00:05:49.527] ServiceContainer: Registered 'ExcelProfileManagerScreen' (singleton=False)
[2025-12-20 00:05:49.528] MenuRegistry: Registered screen factory 'ExcelProfileManagerScreen' in container (viewMode=)
[2025-12-20 00:05:49.531] MenuRegistry: Registered 'Excel Profiles' in 'Projects' menu (hotkey=M order=50)
[2025-12-20 00:05:49.533] ServiceContainer: Registered 'CommandLibraryScreen' (singleton=False)
[2025-12-20 00:05:49.534] MenuRegistry: Registered screen factory 'CommandLibraryScreen' in container (viewMode=)
[2025-12-20 00:05:49.536] MenuRegistry: Registered 'Command Library' in 'Tools' menu (hotkey=L order=10)
[2025-12-20 00:05:49.538] ServiceContainer: Resolving 'TaskListScreen'...
[2025-12-20 00:05:49.540] ServiceContainer: Resolving 'TaskStore'...
[2025-12-20 00:05:49.727] ServiceContainer: Resolved 'TaskStore' successfully
[2025-12-20 00:05:50.468] _PopulateMenusFromRegistry: Menu 'Tasks' has 10 items from registry (array)
[2025-12-20 00:05:50.485] _PopulateMenusFromRegistry: Menu 'Time' has 3 items from registry (array)
[2025-12-20 00:05:50.488] _PopulateMenusFromRegistry: Menu 'Options' has 2 items from registry (array)
[2025-12-20 00:05:50.491] _PopulateMenusFromRegistry: Menu 'Help' has 1 items from registry (array)
[2025-12-20 00:05:50.494] _PopulateMenusFromRegistry: Menu 'Projects' has 3 items from registry (array)
[2025-12-20 00:05:50.497] _PopulateMenusFromRegistry: Menu 'Tools' has 4 items from registry (array)
[2025-12-20 00:05:50.500] ServiceContainer: Resolved 'TaskListScreen' successfully
