[2025-12-19 23:19:40.022] ServiceContainer: Registered 'Theme' (singleton=True)
[2025-12-19 23:19:40.037] ServiceContainer: Registered 'ThemeManager' (singleton=True)
[2025-12-19 23:19:40.045] ServiceContainer: Registered 'Config' (singleton=True)
[2025-12-19 23:19:40.046] ServiceContainer: Registered 'TaskStore' (singleton=True)
[2025-12-19 23:19:40.047] ServiceContainer: Registered 'MenuRegistry' (singleton=True)
[2025-12-19 23:19:40.048] ServiceContainer: Registered 'Application' (singleton=True)
[2025-12-19 23:19:40.049] ServiceContainer: Registered 'CommandService' (singleton=True)
[2025-12-19 23:19:40.050] ServiceContainer: Registered 'ChecklistService' (singleton=True)
[2025-12-19 23:19:40.051] ServiceContainer: Registered 'NoteService' (singleton=True)
[2025-12-19 23:19:40.052] ServiceContainer: Registered 'ExcelMappingService' (singleton=True)
[2025-12-19 23:19:40.053] ServiceContainer: Registered 'PreferencesService' (singleton=True)
[2025-12-19 23:19:40.054] ServiceContainer: Registered 'TaskListScreen' (singleton=False)
[2025-12-19 23:19:40.069] ServiceContainer: Resolving 'Application'...
[2025-12-19 23:19:40.071] ServiceContainer: Resolving 'Theme'...
[2025-12-19 23:19:40.269] ServiceContainer: Resolved 'Theme' successfully
[2025-12-19 23:19:40.346] ServiceContainer: Resolving 'ThemeManager'...
[2025-12-19 23:19:40.347] ServiceContainer: Resolved 'ThemeManager' successfully
[2025-12-19 23:19:40.360] ServiceContainer: Resolved 'Application' successfully
[2025-12-19 23:19:40.361] ServiceContainer: Resolving 'MenuRegistry'...
[2025-12-19 23:19:40.372] ServiceContainer: Resolved 'MenuRegistry' successfully
[2025-12-19 23:19:40.389] MenuRegistry: Loaded manifest with 23 entries
[2025-12-19 23:19:40.425] ServiceContainer: Registered 'NotesMenuScreen' (singleton=False)
[2025-12-19 23:19:40.426] MenuRegistry: Registered screen factory 'NotesMenuScreen' in container (viewMode=)
[2025-12-19 23:19:40.443] MenuRegistry: Registered 'Notes' in 'Tools' menu (hotkey=N order=20)
[2025-12-19 23:19:40.447] ServiceContainer: Registered 'TaskListScreen_Agenda' (singleton=False)
[2025-12-19 23:19:40.448] MenuRegistry: Registered screen factory 'TaskListScreen_Agenda' in container (viewMode=agenda)
[2025-12-19 23:19:40.450] MenuRegistry: Registered 'Agenda View' in 'Tasks' menu (hotkey=A order=50)
[2025-12-19 23:19:40.451] ServiceContainer: Registered 'ProjectListScreen' (singleton=False)
[2025-12-19 23:19:40.452] MenuRegistry: Registered screen factory 'ProjectListScreen' in container (viewMode=)
[2025-12-19 23:19:40.454] MenuRegistry: Registered 'Project List' in 'Projects' menu (hotkey=L order=10)
[2025-12-19 23:19:40.455] ServiceContainer: Registered 'TaskListScreen_Upcoming' (singleton=False)
[2025-12-19 23:19:40.456] MenuRegistry: Registered screen factory 'TaskListScreen_Upcoming' in container (viewMode=upcoming)
[2025-12-19 23:19:40.457] MenuRegistry: Registered 'Upcoming' in 'Tasks' menu (hotkey=U order=25)
[2025-12-19 23:19:40.459] ServiceContainer: Registered 'HelpViewScreen' (singleton=False)
[2025-12-19 23:19:40.460] MenuRegistry: Registered screen factory 'HelpViewScreen' in container (viewMode=)
[2025-12-19 23:19:40.461] MenuRegistry: Registered 'Help' in 'Help' menu (hotkey=H order=10)
[2025-12-19 23:19:40.463] ServiceContainer: Registered 'ChecklistsLauncherScreen' (singleton=False)
[2025-12-19 23:19:40.464] MenuRegistry: Registered screen factory 'ChecklistsLauncherScreen' in container (viewMode=)
[2025-12-19 23:19:40.465] MenuRegistry: Registered 'Checklists' in 'Tools' menu (hotkey=C order=25)
[2025-12-19 23:19:40.466] ServiceContainer: Registered 'ThemeEditorScreen' (singleton=False)
[2025-12-19 23:19:40.467] MenuRegistry: Registered screen factory 'ThemeEditorScreen' in container (viewMode=)
[2025-12-19 23:19:40.469] MenuRegistry: Registered 'Theme Editor' in 'Options' menu (hotkey=T order=10)
[2025-12-19 23:19:40.471] ServiceContainer: Registered 'CommandLibraryScreen' (singleton=False)
[2025-12-19 23:19:40.472] MenuRegistry: Registered screen factory 'CommandLibraryScreen' in container (viewMode=)
[2025-12-19 23:19:40.474] MenuRegistry: Registered 'Command Library' in 'Tools' menu (hotkey=L order=10)
[2025-12-19 23:19:40.476] ServiceContainer: Registered 'TimeReportScreen' (singleton=False)
[2025-12-19 23:19:40.477] MenuRegistry: Registered screen factory 'TimeReportScreen' in container (viewMode=)
[2025-12-19 23:19:40.479] MenuRegistry: Registered 'Time Report' in 'Time' menu (hotkey=R order=20)
[2025-12-19 23:19:40.480] ServiceContainer: Registered 'TimeListScreen' (singleton=False)
[2025-12-19 23:19:40.481] MenuRegistry: Registered screen factory 'TimeListScreen' in container (viewMode=)
[2025-12-19 23:19:40.482] MenuRegistry: Registered 'Time Tracking' in 'Time' menu (hotkey=T order=5)
[2025-12-19 23:19:40.484] ServiceContainer: Registered 'TaskListScreen_Tomorrow' (singleton=False)
[2025-12-19 23:19:40.485] MenuRegistry: Registered screen factory 'TaskListScreen_Tomorrow' in container (viewMode=tomorrow)
[2025-12-19 23:19:40.486] MenuRegistry: Registered 'Tomorrow' in 'Tasks' menu (hotkey=T order=15)
[2025-12-19 23:19:40.488] ServiceContainer: Registered 'WeeklyTimeReportScreen' (singleton=False)
[2025-12-19 23:19:40.489] MenuRegistry: Registered screen factory 'WeeklyTimeReportScreen' in container (viewMode=)
[2025-12-19 23:19:40.490] MenuRegistry: Registered 'Weekly Report' in 'Time' menu (hotkey=W order=10)
[2025-12-19 23:19:40.491] ServiceContainer: Registered 'ExcelProfileManagerScreen' (singleton=False)
[2025-12-19 23:19:40.492] MenuRegistry: Registered screen factory 'ExcelProfileManagerScreen' in container (viewMode=)
[2025-12-19 23:19:40.494] MenuRegistry: Registered 'Excel Profiles' in 'Projects' menu (hotkey=M order=50)
[2025-12-19 23:19:40.496] ServiceContainer: Registered 'SettingsScreen' (singleton=False)
[2025-12-19 23:19:40.497] MenuRegistry: Registered screen factory 'SettingsScreen' in container (viewMode=)
[2025-12-19 23:19:40.520] MenuRegistry: Registered 'Settings' in 'Options' menu (hotkey=S order=20)
[2025-12-19 23:19:40.521] ServiceContainer: Registered 'TaskListScreen_Overdue' (singleton=False)
[2025-12-19 23:19:40.522] MenuRegistry: Registered screen factory 'TaskListScreen_Overdue' in container (viewMode=overdue)
[2025-12-19 23:19:40.523] MenuRegistry: Registered 'Overdue' in 'Tasks' menu (hotkey=O order=30)
[2025-12-19 23:19:40.524] ServiceContainer: Registered 'TaskListScreen_Default' (singleton=False)
[2025-12-19 23:19:40.525] MenuRegistry: Registered screen factory 'TaskListScreen_Default' in container (viewMode=)
[2025-12-19 23:19:40.526] MenuRegistry: Registered 'Task List' in 'Tasks' menu (hotkey=L order=5)
[2025-12-19 23:19:40.528] ServiceContainer: Registered 'TaskListScreen_Month' (singleton=False)
[2025-12-19 23:19:40.529] MenuRegistry: Registered screen factory 'TaskListScreen_Month' in container (viewMode=month)
[2025-12-19 23:19:40.530] MenuRegistry: Registered 'Month View' in 'Tasks' menu (hotkey=M order=45)
[2025-12-19 23:19:40.532] ServiceContainer: Registered 'TaskListScreen_NextActions' (singleton=False)
[2025-12-19 23:19:40.534] MenuRegistry: Registered screen factory 'TaskListScreen_NextActions' in container (viewMode=nextactions)
[2025-12-19 23:19:40.535] MenuRegistry: Registered 'Next Actions' in 'Tasks' menu (hotkey=N order=35)
[2025-12-19 23:19:40.536] ServiceContainer: Registered 'TaskListScreen_Today' (singleton=False)
[2025-12-19 23:19:40.537] MenuRegistry: Registered screen factory 'TaskListScreen_Today' in container (viewMode=today)
[2025-12-19 23:19:40.538] MenuRegistry: Registered 'Today' in 'Tasks' menu (hotkey=Y order=10)
[2025-12-19 23:19:40.539] ServiceContainer: Registered 'TaskListScreen_Week' (singleton=False)
[2025-12-19 23:19:40.540] MenuRegistry: Registered screen factory 'TaskListScreen_Week' in container (viewMode=week)
[2025-12-19 23:19:40.541] MenuRegistry: Registered 'Week View' in 'Tasks' menu (hotkey=W order=20)
[2025-12-19 23:19:40.543] ServiceContainer: Registered 'TaskListScreen_NoDate' (singleton=False)
[2025-12-19 23:19:40.544] MenuRegistry: Registered screen factory 'TaskListScreen_NoDate' in container (viewMode=noduedate)
[2025-12-19 23:19:40.545] MenuRegistry: Registered 'No Due Date' in 'Tasks' menu (hotkey=D order=40)
[2025-12-19 23:19:40.547] ServiceContainer: Registered 'ChecklistTemplatesFolderScreen' (singleton=False)
[2025-12-19 23:19:40.548] MenuRegistry: Registered screen factory 'ChecklistTemplatesFolderScreen' in container (viewMode=)
[2025-12-19 23:19:40.549] MenuRegistry: Registered 'Checklist Templates' in 'Tools' menu (hotkey=H order=30)
[2025-12-19 23:19:40.551] ServiceContainer: Registered 'ExcelImportScreen' (singleton=False)
[2025-12-19 23:19:40.552] MenuRegistry: Registered screen factory 'ExcelImportScreen' in container (viewMode=)
[2025-12-19 23:19:40.553] MenuRegistry: Registered 'Import from Excel' in 'Projects' menu (hotkey=I order=40)
[2025-12-19 23:19:40.555] ServiceContainer: Resolving 'TaskListScreen'...
[2025-12-19 23:19:40.557] ServiceContainer: Resolving 'TaskStore'...
[2025-12-19 23:19:40.769] ServiceContainer: Resolved 'TaskStore' successfully
[2025-12-19 23:19:41.654] _PopulateMenusFromRegistry: Menu 'Tools' has 4 items from registry (array)
[2025-12-19 23:19:41.675] _PopulateMenusFromRegistry: Menu 'Options' has 2 items from registry (array)
[2025-12-19 23:19:41.678] _PopulateMenusFromRegistry: Menu 'Projects' has 3 items from registry (array)
[2025-12-19 23:19:41.683] _PopulateMenusFromRegistry: Menu 'Tasks' has 10 items from registry (array)
[2025-12-19 23:19:41.686] _PopulateMenusFromRegistry: Menu 'Help' has 1 items from registry (array)
[2025-12-19 23:19:41.689] _PopulateMenusFromRegistry: Menu 'Time' has 3 items from registry (array)
[2025-12-19 23:19:41.691] ServiceContainer: Resolved 'TaskListScreen' successfully
