[2025-12-31 13:04:49.640] ServiceContainer: Registered 'Theme' (singleton=True)
[2025-12-31 13:04:49.651] ServiceContainer: Registered 'ThemeManager' (singleton=True)
[2025-12-31 13:04:49.652] ServiceContainer: Registered 'Config' (singleton=True)
[2025-12-31 13:04:49.653] ServiceContainer: Registered 'TaskStore' (singleton=True)
[2025-12-31 13:04:49.655] ServiceContainer: Registered 'MenuRegistry' (singleton=True)
[2025-12-31 13:04:49.656] ServiceContainer: Registered 'Application' (singleton=True)
[2025-12-31 13:04:49.657] ServiceContainer: Registered 'CommandService' (singleton=True)
[2025-12-31 13:04:49.658] ServiceContainer: Registered 'ChecklistService' (singleton=True)
[2025-12-31 13:04:49.659] ServiceContainer: Registered 'NoteService' (singleton=True)
[2025-12-31 13:04:49.660] ServiceContainer: Registered 'ExcelMappingService' (singleton=True)
[2025-12-31 13:04:49.661] ServiceContainer: Registered 'ExcelCopyService' (singleton=True)
[2025-12-31 13:04:49.662] ServiceContainer: Registered 'PreferencesService' (singleton=True)
[2025-12-31 13:04:49.663] ServiceContainer: Registered 'ExcelImportService' (singleton=True)
[2025-12-31 13:04:49.664] ServiceContainer: Registered 'TextExportService' (singleton=True)
[2025-12-31 13:04:49.665] ServiceContainer: Registered 'TaskListScreen' (singleton=False)
[2025-12-31 13:04:49.677] ServiceContainer: Resolving 'Application'...
[2025-12-31 13:04:49.678] ServiceContainer: Resolving 'Theme'...
[2025-12-31 13:04:49.766] ServiceContainer: Resolved 'Theme' successfully
[2025-12-31 13:04:49.834] ServiceContainer: Resolving 'ThemeManager'...
[2025-12-31 13:04:49.836] ServiceContainer: Resolved 'ThemeManager' successfully
[2025-12-31 13:04:49.847] ServiceContainer: Resolved 'Application' successfully
[2025-12-31 13:04:49.848] ServiceContainer: Resolving 'MenuRegistry'...
[2025-12-31 13:04:49.857] ServiceContainer: Resolved 'MenuRegistry' successfully
[2025-12-31 13:04:49.873] MenuRegistry: Loaded manifest with 16 entries
[2025-12-31 13:04:49.900] ServiceContainer: Registered 'CommandLibraryScreen' (singleton=False)
[2025-12-31 13:04:49.901] MenuRegistry: Registered 'Command Library' in 'Tools' menu (hotkey=L order=10)
[2025-12-31 13:04:49.916] MenuRegistry: Registered 'Command Library' in 'Tools' menu (hotkey=L order=10)
[2025-12-31 13:04:49.917] ServiceContainer: Registered 'TextExportProfileManagerScreen' (singleton=False)
[2025-12-31 13:04:49.918] MenuRegistry: Registered 'T2020 Export Profiles' in 'Tools' menu (hotkey=E order=45)
[2025-12-31 13:04:49.919] MenuRegistry: Registered 'T2020 Export Profiles' in 'Tools' menu (hotkey=E order=45)
[2025-12-31 13:04:49.920] ServiceContainer: Registered 'TaskListScreen_Default' (singleton=False)
[2025-12-31 13:04:49.921] MenuRegistry: Registered 'Task List' in 'Tasks' menu (hotkey=L order=5)
[2025-12-31 13:04:49.928] MenuRegistry: Registered 'Task List' in 'Tasks' menu (hotkey=L order=5)
[2025-12-31 13:04:49.929] ServiceContainer: Registered 'ThemeEditorScreen' (singleton=False)
[2025-12-31 13:04:49.930] MenuRegistry: Registered 'Theme Editor' in 'Options' menu (hotkey=T order=10)
[2025-12-31 13:04:49.931] MenuRegistry: Registered 'Theme Editor' in 'Options' menu (hotkey=T order=10)
[2025-12-31 13:04:49.933] ServiceContainer: Registered 'ExcelImportScreen' (singleton=False)
[2025-12-31 13:04:49.933] MenuRegistry: Registered 'Import from Excel' in 'Projects' menu (hotkey=I order=40)
[2025-12-31 13:04:49.934] MenuRegistry: Registered 'Import from Excel' in 'Projects' menu (hotkey=I order=40)
[2025-12-31 13:04:49.935] ServiceContainer: Registered 'ExcelImportProfileManagerScreen' (singleton=False)
[2025-12-31 13:04:49.936] MenuRegistry: Registered 'Excel Import Profiles' in 'Tools' menu (hotkey=I order=40)
[2025-12-31 13:04:49.937] MenuRegistry: Registered 'Excel Import Profiles' in 'Tools' menu (hotkey=I order=40)
[2025-12-31 13:04:49.938] ServiceContainer: Registered 'TimeReportScreen' (singleton=False)
[2025-12-31 13:04:49.939] MenuRegistry: Registered 'Time Report' in 'Time' menu (hotkey=R order=20)
[2025-12-31 13:04:49.940] MenuRegistry: Registered 'Time Report' in 'Time' menu (hotkey=R order=20)
[2025-12-31 13:04:49.941] ServiceContainer: Registered 'NotesMenuScreen' (singleton=False)
[2025-12-31 13:04:49.942] MenuRegistry: Registered 'Notes' in 'Tools' menu (hotkey=N order=20)
[2025-12-31 13:04:49.944] MenuRegistry: Registered 'Notes' in 'Tools' menu (hotkey=N order=20)
[2025-12-31 13:04:49.946] ServiceContainer: Registered 'WeeklyTimeReportScreen' (singleton=False)
[2025-12-31 13:04:49.947] MenuRegistry: Registered 'Weekly Report' in 'Time' menu (hotkey=W order=10)
[2025-12-31 13:04:49.948] MenuRegistry: Registered 'Weekly Report' in 'Time' menu (hotkey=W order=10)
[2025-12-31 13:04:49.950] ServiceContainer: Registered 'ProjectListScreen' (singleton=False)
[2025-12-31 13:04:49.950] MenuRegistry: Registered 'Project List' in 'Projects' menu (hotkey=L order=10)
[2025-12-31 13:04:49.951] MenuRegistry: Registered 'Project List' in 'Projects' menu (hotkey=L order=10)
[2025-12-31 13:04:49.953] ServiceContainer: Registered 'ChecklistTemplatesFolderScreen' (singleton=False)
[2025-12-31 13:04:49.954] MenuRegistry: Registered 'Checklist Templates' in 'Tools' menu (hotkey=H order=30)
[2025-12-31 13:04:49.955] MenuRegistry: Registered 'Checklist Templates' in 'Tools' menu (hotkey=H order=30)
[2025-12-31 13:04:49.956] ServiceContainer: Registered 'ChecklistsLauncherScreen' (singleton=False)
[2025-12-31 13:04:49.957] MenuRegistry: Registered 'Checklists' in 'Tools' menu (hotkey=C order=25)
[2025-12-31 13:04:49.958] MenuRegistry: Registered 'Checklists' in 'Tools' menu (hotkey=C order=25)
[2025-12-31 13:04:49.960] ServiceContainer: Registered 'TimeListScreen' (singleton=False)
[2025-12-31 13:04:49.962] MenuRegistry: Registered 'Time Tracking' in 'Time' menu (hotkey=T order=5)
[2025-12-31 13:04:49.963] MenuRegistry: Registered 'Time Tracking' in 'Time' menu (hotkey=T order=5)
[2025-12-31 13:04:49.965] ServiceContainer: Registered 'SettingsScreen' (singleton=False)
[2025-12-31 13:04:49.966] MenuRegistry: Registered 'Settings' in 'Options' menu (hotkey=S order=20)
[2025-12-31 13:04:49.967] MenuRegistry: Registered 'Settings' in 'Options' menu (hotkey=S order=20)
[2025-12-31 13:04:49.969] ServiceContainer: Registered 'ExcelProfileManagerScreen' (singleton=False)
[2025-12-31 13:04:49.970] MenuRegistry: Registered 'Excel Profiles' in 'Projects' menu (hotkey=M order=50)
[2025-12-31 13:04:49.971] MenuRegistry: Registered 'Excel Profiles' in 'Projects' menu (hotkey=M order=50)
[2025-12-31 13:04:49.973] ServiceContainer: Registered 'HelpViewScreen' (singleton=False)
[2025-12-31 13:04:49.973] MenuRegistry: Registered 'Help' in 'Help' menu (hotkey=H order=10)
[2025-12-31 13:04:49.975] MenuRegistry: Registered 'Help' in 'Help' menu (hotkey=H order=10)
[2025-12-31 13:04:49.976] ServiceContainer: Resolving 'TaskListScreen'...
[2025-12-31 13:04:49.998] ServiceContainer: Resolving 'TaskStore'...
[2025-12-31 13:04:50.346] ServiceContainer: Resolved 'TaskStore' successfully
[2025-12-31 13:04:51.064] _PopulateMenusFromRegistry: Menu 'Help' has 1 items from registry (array)
[2025-12-31 13:04:51.078] _PopulateMenusFromRegistry: Menu 'Options' has 2 items from registry (array)
[2025-12-31 13:04:51.081] _PopulateMenusFromRegistry: Menu 'Tasks' has 1 items from registry (array)
[2025-12-31 13:04:51.084] _PopulateMenusFromRegistry: Menu 'Tools' has 6 items from registry (array)
[2025-12-31 13:04:51.087] _PopulateMenusFromRegistry: Menu 'Time' has 3 items from registry (array)
[2025-12-31 13:04:51.090] _PopulateMenusFromRegistry: Menu 'Projects' has 3 items from registry (array)
[2025-12-31 13:04:51.092] ServiceContainer: Resolved 'TaskListScreen' successfully
[2025-12-31 13:04:56.854] ServiceContainer: Resolving 'ThemeEditorScreen'...
[2025-12-31 13:04:56.916] ServiceContainer: Resolved 'ThemeEditorScreen' successfully
