[2025-12-20 19:22:25.957] ServiceContainer: Registered 'Theme' (singleton=True)
[2025-12-20 19:22:25.962] ServiceContainer: Registered 'ThemeManager' (singleton=True)
[2025-12-20 19:22:25.963] ServiceContainer: Registered 'Config' (singleton=True)
[2025-12-20 19:22:25.964] ServiceContainer: Registered 'TaskStore' (singleton=True)
[2025-12-20 19:22:25.965] ServiceContainer: Registered 'MenuRegistry' (singleton=True)
[2025-12-20 19:22:25.966] ServiceContainer: Registered 'Application' (singleton=True)
[2025-12-20 19:22:25.968] ServiceContainer: Registered 'CommandService' (singleton=True)
[2025-12-20 19:22:25.969] ServiceContainer: Registered 'ChecklistService' (singleton=True)
[2025-12-20 19:22:25.970] ServiceContainer: Registered 'NoteService' (singleton=True)
[2025-12-20 19:22:25.972] ServiceContainer: Registered 'ExcelMappingService' (singleton=True)
[2025-12-20 19:22:25.973] ServiceContainer: Registered 'PreferencesService' (singleton=True)
[2025-12-20 19:22:25.974] ServiceContainer: Registered 'TaskListScreen' (singleton=False)
[2025-12-20 19:22:25.993] ServiceContainer: Resolving 'Application'...
[2025-12-20 19:22:25.996] ServiceContainer: Resolving 'Theme'...
[2025-12-20 19:22:26.243] ServiceContainer: Resolved 'Theme' successfully
[2025-12-20 19:22:26.348] ServiceContainer: Resolving 'ThemeManager'...
[2025-12-20 19:22:26.351] ServiceContainer: Resolved 'ThemeManager' successfully
[2025-12-20 19:22:26.370] ServiceContainer: Resolved 'Application' successfully
[2025-12-20 19:22:26.372] ServiceContainer: Resolving 'MenuRegistry'...
[2025-12-20 19:22:26.388] ServiceContainer: Resolved 'MenuRegistry' successfully
[2025-12-20 19:22:26.415] MenuRegistry: Loaded manifest with 23 entries
[2025-12-20 19:22:26.450] ServiceContainer: Registered 'TaskListScreen_Upcoming' (singleton=False)
[2025-12-20 19:22:26.451] MenuRegistry: Registered screen factory 'TaskListScreen_Upcoming' in container (viewMode=upcoming)
[2025-12-20 19:22:26.470] MenuRegistry: Registered 'Upcoming' in 'Tasks' menu (hotkey=U order=25)
[2025-12-20 19:22:26.473] ServiceContainer: Registered 'SettingsScreen' (singleton=False)
[2025-12-20 19:22:26.474] MenuRegistry: Registered screen factory 'SettingsScreen' in container (viewMode=)
[2025-12-20 19:22:26.488] MenuRegistry: Registered 'Settings' in 'Options' menu (hotkey=S order=20)
[2025-12-20 19:22:26.490] ServiceContainer: Registered 'ExcelImportScreen' (singleton=False)
[2025-12-20 19:22:26.491] MenuRegistry: Registered screen factory 'ExcelImportScreen' in container (viewMode=)
[2025-12-20 19:22:26.493] MenuRegistry: Registered 'Import from Excel' in 'Projects' menu (hotkey=I order=40)
[2025-12-20 19:22:26.495] ServiceContainer: Registered 'TaskListScreen_Week' (singleton=False)
[2025-12-20 19:22:26.496] MenuRegistry: Registered screen factory 'TaskListScreen_Week' in container (viewMode=week)
[2025-12-20 19:22:26.497] MenuRegistry: Registered 'Week View' in 'Tasks' menu (hotkey=W order=20)
[2025-12-20 19:22:26.499] ServiceContainer: Registered 'ChecklistTemplatesFolderScreen' (singleton=False)
[2025-12-20 19:22:26.500] MenuRegistry: Registered screen factory 'ChecklistTemplatesFolderScreen' in container (viewMode=)
[2025-12-20 19:22:26.501] MenuRegistry: Registered 'Checklist Templates' in 'Tools' menu (hotkey=H order=30)
[2025-12-20 19:22:26.503] ServiceContainer: Registered 'NotesMenuScreen' (singleton=False)
[2025-12-20 19:22:26.504] MenuRegistry: Registered screen factory 'NotesMenuScreen' in container (viewMode=)
[2025-12-20 19:22:26.505] MenuRegistry: Registered 'Notes' in 'Tools' menu (hotkey=N order=20)
[2025-12-20 19:22:26.507] ServiceContainer: Registered 'TimeListScreen' (singleton=False)
[2025-12-20 19:22:26.507] MenuRegistry: Registered screen factory 'TimeListScreen' in container (viewMode=)
[2025-12-20 19:22:26.509] MenuRegistry: Registered 'Time Tracking' in 'Time' menu (hotkey=T order=5)
[2025-12-20 19:22:26.510] ServiceContainer: Registered 'TaskListScreen_NextActions' (singleton=False)
[2025-12-20 19:22:26.511] MenuRegistry: Registered screen factory 'TaskListScreen_NextActions' in container (viewMode=nextactions)
[2025-12-20 19:22:26.512] MenuRegistry: Registered 'Next Actions' in 'Tasks' menu (hotkey=N order=35)
[2025-12-20 19:22:26.514] ServiceContainer: Registered 'HelpViewScreen' (singleton=False)
[2025-12-20 19:22:26.515] MenuRegistry: Registered screen factory 'HelpViewScreen' in container (viewMode=)
[2025-12-20 19:22:26.516] MenuRegistry: Registered 'Help' in 'Help' menu (hotkey=H order=10)
[2025-12-20 19:22:26.518] ServiceContainer: Registered 'TaskListScreen_NoDate' (singleton=False)
[2025-12-20 19:22:26.519] MenuRegistry: Registered screen factory 'TaskListScreen_NoDate' in container (viewMode=noduedate)
[2025-12-20 19:22:26.520] MenuRegistry: Registered 'No Due Date' in 'Tasks' menu (hotkey=D order=40)
[2025-12-20 19:22:26.522] ServiceContainer: Registered 'TaskListScreen_Today' (singleton=False)
[2025-12-20 19:22:26.523] MenuRegistry: Registered screen factory 'TaskListScreen_Today' in container (viewMode=today)
[2025-12-20 19:22:26.524] MenuRegistry: Registered 'Today' in 'Tasks' menu (hotkey=Y order=10)
[2025-12-20 19:22:26.525] ServiceContainer: Registered 'TaskListScreen_Month' (singleton=False)
[2025-12-20 19:22:26.526] MenuRegistry: Registered screen factory 'TaskListScreen_Month' in container (viewMode=month)
[2025-12-20 19:22:26.527] MenuRegistry: Registered 'Month View' in 'Tasks' menu (hotkey=M order=45)
[2025-12-20 19:22:26.529] ServiceContainer: Registered 'CommandLibraryScreen' (singleton=False)
[2025-12-20 19:22:26.530] MenuRegistry: Registered screen factory 'CommandLibraryScreen' in container (viewMode=)
[2025-12-20 19:22:26.531] MenuRegistry: Registered 'Command Library' in 'Tools' menu (hotkey=L order=10)
[2025-12-20 19:22:26.533] ServiceContainer: Registered 'TaskListScreen_Agenda' (singleton=False)
[2025-12-20 19:22:26.534] MenuRegistry: Registered screen factory 'TaskListScreen_Agenda' in container (viewMode=agenda)
[2025-12-20 19:22:26.535] MenuRegistry: Registered 'Agenda View' in 'Tasks' menu (hotkey=A order=50)
[2025-12-20 19:22:26.537] ServiceContainer: Registered 'TimeReportScreen' (singleton=False)
[2025-12-20 19:22:26.538] MenuRegistry: Registered screen factory 'TimeReportScreen' in container (viewMode=)
[2025-12-20 19:22:26.539] MenuRegistry: Registered 'Time Report' in 'Time' menu (hotkey=R order=20)
[2025-12-20 19:22:26.540] ServiceContainer: Registered 'WeeklyTimeReportScreen' (singleton=False)
[2025-12-20 19:22:26.541] MenuRegistry: Registered screen factory 'WeeklyTimeReportScreen' in container (viewMode=)
[2025-12-20 19:22:26.543] MenuRegistry: Registered 'Weekly Report' in 'Time' menu (hotkey=W order=10)
[2025-12-20 19:22:26.544] ServiceContainer: Registered 'ThemeEditorScreen' (singleton=False)
[2025-12-20 19:22:26.549] MenuRegistry: Registered screen factory 'ThemeEditorScreen' in container (viewMode=)
[2025-12-20 19:22:26.551] MenuRegistry: Registered 'Theme Editor' in 'Options' menu (hotkey=T order=10)
[2025-12-20 19:22:26.552] ServiceContainer: Registered 'TaskListScreen_Tomorrow' (singleton=False)
[2025-12-20 19:22:26.553] MenuRegistry: Registered screen factory 'TaskListScreen_Tomorrow' in container (viewMode=tomorrow)
[2025-12-20 19:22:26.555] MenuRegistry: Registered 'Tomorrow' in 'Tasks' menu (hotkey=T order=15)
[2025-12-20 19:22:26.556] ServiceContainer: Registered 'ChecklistsLauncherScreen' (singleton=False)
[2025-12-20 19:22:26.557] MenuRegistry: Registered screen factory 'ChecklistsLauncherScreen' in container (viewMode=)
[2025-12-20 19:22:26.559] MenuRegistry: Registered 'Checklists' in 'Tools' menu (hotkey=C order=25)
[2025-12-20 19:22:26.561] ServiceContainer: Registered 'TaskListScreen_Overdue' (singleton=False)
[2025-12-20 19:22:26.562] MenuRegistry: Registered screen factory 'TaskListScreen_Overdue' in container (viewMode=overdue)
[2025-12-20 19:22:26.563] MenuRegistry: Registered 'Overdue' in 'Tasks' menu (hotkey=O order=30)
[2025-12-20 19:22:26.565] ServiceContainer: Registered 'ProjectListScreen' (singleton=False)
[2025-12-20 19:22:26.567] MenuRegistry: Registered screen factory 'ProjectListScreen' in container (viewMode=)
[2025-12-20 19:22:26.569] MenuRegistry: Registered 'Project List' in 'Projects' menu (hotkey=L order=10)
[2025-12-20 19:22:26.571] ServiceContainer: Registered 'ExcelProfileManagerScreen' (singleton=False)
[2025-12-20 19:22:26.573] MenuRegistry: Registered screen factory 'ExcelProfileManagerScreen' in container (viewMode=)
[2025-12-20 19:22:26.574] MenuRegistry: Registered 'Excel Profiles' in 'Projects' menu (hotkey=M order=50)
[2025-12-20 19:22:26.577] ServiceContainer: Registered 'TaskListScreen_Default' (singleton=False)
[2025-12-20 19:22:26.578] MenuRegistry: Registered screen factory 'TaskListScreen_Default' in container (viewMode=)
[2025-12-20 19:22:26.580] MenuRegistry: Registered 'Task List' in 'Tasks' menu (hotkey=L order=5)
[2025-12-20 19:22:26.583] ServiceContainer: Resolving 'TaskListScreen'...
[2025-12-20 19:22:26.586] ServiceContainer: Resolving 'TaskStore'...
[2025-12-20 19:22:26.954] ServiceContainer: Resolved 'TaskStore' successfully
[2025-12-20 19:22:28.085] _PopulateMenusFromRegistry: Menu 'Time' has 3 items from registry (array)
[2025-12-20 19:22:28.121] _PopulateMenusFromRegistry: Menu 'Tasks' has 10 items from registry (array)
[2025-12-20 19:22:28.126] _PopulateMenusFromRegistry: Menu 'Options' has 2 items from registry (array)
[2025-12-20 19:22:28.132] _PopulateMenusFromRegistry: Menu 'Projects' has 3 items from registry (array)
[2025-12-20 19:22:28.138] _PopulateMenusFromRegistry: Menu 'Tools' has 4 items from registry (array)
[2025-12-20 19:22:28.143] _PopulateMenusFromRegistry: Menu 'Help' has 1 items from registry (array)
[2025-12-20 19:22:28.147] ServiceContainer: Resolved 'TaskListScreen' successfully
[2025-12-20 19:22:47.680] ServiceContainer: Resolving 'ThemeEditorScreen'...
[2025-12-20 19:22:47.744] ServiceContainer: Resolved 'ThemeEditorScreen' successfully
[2025-12-20 19:22:50.901] RequestRender called from: Invoke-ThemeHotReload at line 66
[2025-12-20 19:22:54.473] RequestRender called from: Invoke-ThemeHotReload at line 66
[2025-12-20 19:22:59.410] ServiceContainer: Resolving 'TaskListScreen_Default'...
[2025-12-20 19:22:59.440] _PopulateMenusFromRegistry: Menu 'Time' has 3 items from registry (array)
[2025-12-20 19:22:59.447] _PopulateMenusFromRegistry: Menu 'Tasks' has 10 items from registry (array)
[2025-12-20 19:22:59.450] _PopulateMenusFromRegistry: Menu 'Options' has 2 items from registry (array)
[2025-12-20 19:22:59.453] _PopulateMenusFromRegistry: Menu 'Projects' has 3 items from registry (array)
[2025-12-20 19:22:59.456] _PopulateMenusFromRegistry: Menu 'Tools' has 4 items from registry (array)
[2025-12-20 19:22:59.458] _PopulateMenusFromRegistry: Menu 'Help' has 1 items from registry (array)
[2025-12-20 19:22:59.460] ServiceContainer: Resolved 'TaskListScreen_Default' successfully
