[2025-12-20 08:13:19.444] ServiceContainer: Registered 'Theme' (singleton=True)
[2025-12-20 08:13:19.451] ServiceContainer: Registered 'ThemeManager' (singleton=True)
[2025-12-20 08:13:19.452] ServiceContainer: Registered 'Config' (singleton=True)
[2025-12-20 08:13:19.453] ServiceContainer: Registered 'TaskStore' (singleton=True)
[2025-12-20 08:13:19.453] ServiceContainer: Registered 'MenuRegistry' (singleton=True)
[2025-12-20 08:13:19.454] ServiceContainer: Registered 'Application' (singleton=True)
[2025-12-20 08:13:19.455] ServiceContainer: Registered 'CommandService' (singleton=True)
[2025-12-20 08:13:19.456] ServiceContainer: Registered 'ChecklistService' (singleton=True)
[2025-12-20 08:13:19.457] ServiceContainer: Registered 'NoteService' (singleton=True)
[2025-12-20 08:13:19.458] ServiceContainer: Registered 'ExcelMappingService' (singleton=True)
[2025-12-20 08:13:19.458] ServiceContainer: Registered 'PreferencesService' (singleton=True)
[2025-12-20 08:13:19.464] ServiceContainer: Registered 'TaskListScreen' (singleton=False)
[2025-12-20 08:13:19.476] ServiceContainer: Resolving 'Application'...
[2025-12-20 08:13:19.478] ServiceContainer: Resolving 'Theme'...
[2025-12-20 08:13:19.638] ServiceContainer: Resolved 'Theme' successfully
[2025-12-20 08:13:19.696] ServiceContainer: Resolving 'ThemeManager'...
[2025-12-20 08:13:19.697] ServiceContainer: Resolved 'ThemeManager' successfully
[2025-12-20 08:13:19.708] ServiceContainer: Resolved 'Application' successfully
[2025-12-20 08:13:19.709] ServiceContainer: Resolving 'MenuRegistry'...
[2025-12-20 08:13:19.719] ServiceContainer: Resolved 'MenuRegistry' successfully
[2025-12-20 08:13:19.734] MenuRegistry: Loaded manifest with 23 entries
[2025-12-20 08:13:19.761] ServiceContainer: Registered 'TimeReportScreen' (singleton=False)
[2025-12-20 08:13:19.762] MenuRegistry: Registered screen factory 'TimeReportScreen' in container (viewMode=)
[2025-12-20 08:13:19.775] MenuRegistry: Registered 'Time Report' in 'Time' menu (hotkey=R order=20)
[2025-12-20 08:13:19.776] ServiceContainer: Registered 'TimeListScreen' (singleton=False)
[2025-12-20 08:13:19.777] MenuRegistry: Registered screen factory 'TimeListScreen' in container (viewMode=)
[2025-12-20 08:13:19.778] MenuRegistry: Registered 'Time Tracking' in 'Time' menu (hotkey=T order=5)
[2025-12-20 08:13:19.780] ServiceContainer: Registered 'ChecklistsLauncherScreen' (singleton=False)
[2025-12-20 08:13:19.781] MenuRegistry: Registered screen factory 'ChecklistsLauncherScreen' in container (viewMode=)
[2025-12-20 08:13:19.781] MenuRegistry: Registered 'Checklists' in 'Tools' menu (hotkey=C order=25)
[2025-12-20 08:13:19.784] ServiceContainer: Registered 'TaskListScreen_Month' (singleton=False)
[2025-12-20 08:13:19.785] MenuRegistry: Registered screen factory 'TaskListScreen_Month' in container (viewMode=month)
[2025-12-20 08:13:19.786] MenuRegistry: Registered 'Month View' in 'Tasks' menu (hotkey=M order=45)
[2025-12-20 08:13:19.787] ServiceContainer: Registered 'TaskListScreen_Week' (singleton=False)
[2025-12-20 08:13:19.788] MenuRegistry: Registered screen factory 'TaskListScreen_Week' in container (viewMode=week)
[2025-12-20 08:13:19.789] MenuRegistry: Registered 'Week View' in 'Tasks' menu (hotkey=W order=20)
[2025-12-20 08:13:19.790] ServiceContainer: Registered 'ChecklistTemplatesFolderScreen' (singleton=False)
[2025-12-20 08:13:19.791] MenuRegistry: Registered screen factory 'ChecklistTemplatesFolderScreen' in container (viewMode=)
[2025-12-20 08:13:19.792] MenuRegistry: Registered 'Checklist Templates' in 'Tools' menu (hotkey=H order=30)
[2025-12-20 08:13:19.793] ServiceContainer: Registered 'TaskListScreen_Agenda' (singleton=False)
[2025-12-20 08:13:19.794] MenuRegistry: Registered screen factory 'TaskListScreen_Agenda' in container (viewMode=agenda)
[2025-12-20 08:13:19.795] MenuRegistry: Registered 'Agenda View' in 'Tasks' menu (hotkey=A order=50)
[2025-12-20 08:13:19.796] ServiceContainer: Registered 'ExcelImportScreen' (singleton=False)
[2025-12-20 08:13:19.797] MenuRegistry: Registered screen factory 'ExcelImportScreen' in container (viewMode=)
[2025-12-20 08:13:19.798] MenuRegistry: Registered 'Import from Excel' in 'Projects' menu (hotkey=I order=40)
[2025-12-20 08:13:19.799] ServiceContainer: Registered 'TaskListScreen_Overdue' (singleton=False)
[2025-12-20 08:13:19.800] MenuRegistry: Registered screen factory 'TaskListScreen_Overdue' in container (viewMode=overdue)
[2025-12-20 08:13:19.801] MenuRegistry: Registered 'Overdue' in 'Tasks' menu (hotkey=O order=30)
[2025-12-20 08:13:19.802] ServiceContainer: Registered 'CommandLibraryScreen' (singleton=False)
[2025-12-20 08:13:19.803] MenuRegistry: Registered screen factory 'CommandLibraryScreen' in container (viewMode=)
[2025-12-20 08:13:19.804] MenuRegistry: Registered 'Command Library' in 'Tools' menu (hotkey=L order=10)
[2025-12-20 08:13:19.805] ServiceContainer: Registered 'ThemeEditorScreen' (singleton=False)
[2025-12-20 08:13:19.806] MenuRegistry: Registered screen factory 'ThemeEditorScreen' in container (viewMode=)
[2025-12-20 08:13:19.807] MenuRegistry: Registered 'Theme Editor' in 'Options' menu (hotkey=T order=10)
[2025-12-20 08:13:19.808] ServiceContainer: Registered 'TaskListScreen_Default' (singleton=False)
[2025-12-20 08:13:19.809] MenuRegistry: Registered screen factory 'TaskListScreen_Default' in container (viewMode=)
[2025-12-20 08:13:19.810] MenuRegistry: Registered 'Task List' in 'Tasks' menu (hotkey=L order=5)
[2025-12-20 08:13:19.811] ServiceContainer: Registered 'ProjectListScreen' (singleton=False)
[2025-12-20 08:13:19.812] MenuRegistry: Registered screen factory 'ProjectListScreen' in container (viewMode=)
[2025-12-20 08:13:19.813] MenuRegistry: Registered 'Project List' in 'Projects' menu (hotkey=L order=10)
[2025-12-20 08:13:19.814] ServiceContainer: Registered 'TaskListScreen_NoDate' (singleton=False)
[2025-12-20 08:13:19.815] MenuRegistry: Registered screen factory 'TaskListScreen_NoDate' in container (viewMode=noduedate)
[2025-12-20 08:13:19.816] MenuRegistry: Registered 'No Due Date' in 'Tasks' menu (hotkey=D order=40)
[2025-12-20 08:13:19.835] ServiceContainer: Registered 'NotesMenuScreen' (singleton=False)
[2025-12-20 08:13:19.836] MenuRegistry: Registered screen factory 'NotesMenuScreen' in container (viewMode=)
[2025-12-20 08:13:19.837] MenuRegistry: Registered 'Notes' in 'Tools' menu (hotkey=N order=20)
[2025-12-20 08:13:19.838] ServiceContainer: Registered 'SettingsScreen' (singleton=False)
[2025-12-20 08:13:19.839] MenuRegistry: Registered screen factory 'SettingsScreen' in container (viewMode=)
[2025-12-20 08:13:19.840] MenuRegistry: Registered 'Settings' in 'Options' menu (hotkey=S order=20)
[2025-12-20 08:13:19.841] ServiceContainer: Registered 'WeeklyTimeReportScreen' (singleton=False)
[2025-12-20 08:13:19.842] MenuRegistry: Registered screen factory 'WeeklyTimeReportScreen' in container (viewMode=)
[2025-12-20 08:13:19.843] MenuRegistry: Registered 'Weekly Report' in 'Time' menu (hotkey=W order=10)
[2025-12-20 08:13:19.844] ServiceContainer: Registered 'TaskListScreen_Upcoming' (singleton=False)
[2025-12-20 08:13:19.845] MenuRegistry: Registered screen factory 'TaskListScreen_Upcoming' in container (viewMode=upcoming)
[2025-12-20 08:13:19.846] MenuRegistry: Registered 'Upcoming' in 'Tasks' menu (hotkey=U order=25)
[2025-12-20 08:13:19.847] ServiceContainer: Registered 'TaskListScreen_NextActions' (singleton=False)
[2025-12-20 08:13:19.848] MenuRegistry: Registered screen factory 'TaskListScreen_NextActions' in container (viewMode=nextactions)
[2025-12-20 08:13:19.849] MenuRegistry: Registered 'Next Actions' in 'Tasks' menu (hotkey=N order=35)
[2025-12-20 08:13:19.851] ServiceContainer: Registered 'TaskListScreen_Today' (singleton=False)
[2025-12-20 08:13:19.852] MenuRegistry: Registered screen factory 'TaskListScreen_Today' in container (viewMode=today)
[2025-12-20 08:13:19.853] MenuRegistry: Registered 'Today' in 'Tasks' menu (hotkey=Y order=10)
[2025-12-20 08:13:19.855] ServiceContainer: Registered 'TaskListScreen_Tomorrow' (singleton=False)
[2025-12-20 08:13:19.856] MenuRegistry: Registered screen factory 'TaskListScreen_Tomorrow' in container (viewMode=tomorrow)
[2025-12-20 08:13:19.857] MenuRegistry: Registered 'Tomorrow' in 'Tasks' menu (hotkey=T order=15)
[2025-12-20 08:13:19.859] ServiceContainer: Registered 'ExcelProfileManagerScreen' (singleton=False)
[2025-12-20 08:13:19.860] MenuRegistry: Registered screen factory 'ExcelProfileManagerScreen' in container (viewMode=)
[2025-12-20 08:13:19.861] MenuRegistry: Registered 'Excel Profiles' in 'Projects' menu (hotkey=M order=50)
[2025-12-20 08:13:19.863] ServiceContainer: Registered 'HelpViewScreen' (singleton=False)
[2025-12-20 08:13:19.864] MenuRegistry: Registered screen factory 'HelpViewScreen' in container (viewMode=)
[2025-12-20 08:13:19.865] MenuRegistry: Registered 'Help' in 'Help' menu (hotkey=H order=10)
[2025-12-20 08:13:19.867] ServiceContainer: Resolving 'TaskListScreen'...
[2025-12-20 08:13:19.869] ServiceContainer: Resolving 'TaskStore'...
[2025-12-20 08:13:20.066] ServiceContainer: Resolved 'TaskStore' successfully
[2025-12-20 08:13:20.784] _PopulateMenusFromRegistry: Menu 'Tasks' has 10 items from registry (array)
[2025-12-20 08:13:20.802] _PopulateMenusFromRegistry: Menu 'Tools' has 4 items from registry (array)
[2025-12-20 08:13:20.805] _PopulateMenusFromRegistry: Menu 'Help' has 1 items from registry (array)
[2025-12-20 08:13:20.807] _PopulateMenusFromRegistry: Menu 'Projects' has 3 items from registry (array)
[2025-12-20 08:13:20.810] _PopulateMenusFromRegistry: Menu 'Time' has 3 items from registry (array)
[2025-12-20 08:13:20.813] _PopulateMenusFromRegistry: Menu 'Options' has 2 items from registry (array)
[2025-12-20 08:13:20.815] ServiceContainer: Resolved 'TaskListScreen' successfully
