[2025-12-18 17:43:44.869] [INFO] Loading PMC module...
[2025-12-18 17:43:46.285] [INFO] PMC module loaded
[2025-12-18 17:43:46.289] [INFO] Loading dependencies (FieldSchemas, etc.)...
[2025-12-18 17:43:46.438] [INFO] Dependencies loaded
[2025-12-18 17:43:46.439] [INFO] Loading SpeedTUI framework...
[2025-12-18 17:43:47.786] [INFO] SpeedTUI framework loaded
[2025-12-18 17:43:47.789] [INFO] Loading PraxisVT...
[2025-12-18 17:43:47.793] [INFO] PraxisVT loaded
[2025-12-18 17:43:47.794] [INFO] Loading core dependencies...
[2025-12-18 17:43:47.859] [INFO] Core dependencies loaded
[2025-12-18 17:43:47.860] [INFO] Loading widget base classes...
[2025-12-18 17:43:47.932] [INFO] Widget base classes loaded
[2025-12-18 17:43:47.934] [INFO] Loading services...
[2025-12-18 17:43:48.106] [INFO] Services loaded
[2025-12-18 17:43:48.108] [INFO] Loading helpers...
[2025-12-18 17:43:48.325] [INFO] Helpers loaded
[2025-12-18 17:43:48.327] [INFO] Loading widgets...
[2025-12-18 17:43:48.774] [INFO] Widgets loaded
[2025-12-18 17:43:48.776] [INFO] Loading screen base class...
[2025-12-18 17:43:48.792] [INFO] Screen base class loaded
[2025-12-18 17:43:48.793] [INFO] Loading HelpViewScreen (needed by base classes)...
[2025-12-18 17:43:48.814] [INFO] HelpViewScreen loaded
[2025-12-18 17:43:48.816] [INFO] Loading base classes...
[2025-12-18 17:43:48.890] [INFO] Base classes loaded
[2025-12-18 17:43:48.892] [INFO] Loading ServiceContainer (needed by screens)...
[2025-12-18 17:43:48.900] [INFO] ServiceContainer loaded
[2025-12-18 17:43:48.902] [INFO] Loading remaining screens...
[2025-12-18 17:43:49.010] [INFO] Remaining screens loaded
[2025-12-18 17:43:49.012] [INFO] Loading PmcApplication...
[2025-12-18 17:43:49.061] [INFO] PmcApplication loaded
[2025-12-18 17:43:49.063] [INFO] All components loaded successfully
[2025-12-18 17:43:49.086] [INFO] Starting PMC TUI with screen: TaskList
[2025-12-18 17:43:49.096] [INFO] Cleared stale PmcSharedMenuBar and MenuRegistry singleton
[2025-12-18 17:43:49.098] [INFO] Creating ServiceContainer...
[2025-12-18 17:43:49.113] [INFO] ServiceContainer created
[2025-12-18 17:43:49.115] [INFO] Registering Theme service...
[2025-12-18 17:43:49.140] ServiceContainer: Registered 'Theme' (singleton=True)
[2025-12-18 17:43:49.145] [INFO] Registering ThemeManager...
[2025-12-18 17:43:49.146] ServiceContainer: Registered 'ThemeManager' (singleton=True)
[2025-12-18 17:43:49.148] [INFO] Registering Config service...
[2025-12-18 17:43:49.150] ServiceContainer: Registered 'Config' (singleton=True)
[2025-12-18 17:43:49.151] [INFO] Registering TaskStore service...
[2025-12-18 17:43:49.153] ServiceContainer: Registered 'TaskStore' (singleton=True)
[2025-12-18 17:43:49.154] [INFO] Registering MenuRegistry service...
[2025-12-18 17:43:49.156] ServiceContainer: Registered 'MenuRegistry' (singleton=True)
[2025-12-18 17:43:49.157] [INFO] Registering Application service...
[2025-12-18 17:43:49.159] ServiceContainer: Registered 'Application' (singleton=True)
[2025-12-18 17:43:49.161] [INFO] Registering CommandService...
[2025-12-18 17:43:49.162] ServiceContainer: Registered 'CommandService' (singleton=True)
[2025-12-18 17:43:49.164] [INFO] Registering ChecklistService...
[2025-12-18 17:43:49.166] ServiceContainer: Registered 'ChecklistService' (singleton=True)
[2025-12-18 17:43:49.168] [INFO] Registering NoteService...
[2025-12-18 17:43:49.169] ServiceContainer: Registered 'NoteService' (singleton=True)
[2025-12-18 17:43:49.171] [INFO] Registering ExcelMappingService...
[2025-12-18 17:43:49.172] ServiceContainer: Registered 'ExcelMappingService' (singleton=True)
[2025-12-18 17:43:49.174] [INFO] Registering PreferencesService...
[2025-12-18 17:43:49.176] ServiceContainer: Registered 'PreferencesService' (singleton=True)
[2025-12-18 17:43:49.177] [INFO] Registering screen factories...
[2025-12-18 17:43:49.179] ServiceContainer: Registered 'TaskListScreen' (singleton=False)
[2025-12-18 17:43:49.181] [INFO] Resolving Application from container...
[2025-12-18 17:43:49.208] ServiceContainer: Resolving 'Application'...
[2025-12-18 17:43:49.211] [INFO] Resolving Application...
[2025-12-18 17:43:49.213] ServiceContainer: Resolving 'Theme'...
[2025-12-18 17:43:49.217] [INFO] Resolving Theme: Calling Initialize-PmcThemeSystem...
[2025-12-18 17:43:49.385] [INFO] Theme initialized: #33aaff
[2025-12-18 17:43:49.389] ServiceContainer: Resolved 'Theme' successfully
[2025-12-18 17:43:49.509] ServiceContainer: Resolving 'ThemeManager'...
[2025-12-18 17:43:49.513] [INFO] Resolving ThemeManager...
[2025-12-18 17:43:49.516] ServiceContainer: Resolved 'ThemeManager' successfully
[2025-12-18 17:43:49.536] ServiceContainer: Resolved 'Application' successfully
[2025-12-18 17:43:49.538] [INFO] Application resolved and assigned to $global:PmcApp
[2025-12-18 17:43:49.540] [INFO] Loading menus from manifest...
[2025-12-18 17:43:49.541] ServiceContainer: Resolving 'MenuRegistry'...
[2025-12-18 17:43:49.544] [INFO] Resolving MenuRegistry...
[2025-12-18 17:43:49.559] ServiceContainer: Resolved 'MenuRegistry' successfully
[2025-12-18 17:43:49.586] MenuRegistry: Loaded manifest with 23 entries
[2025-12-18 17:43:49.622] ServiceContainer: Registered 'CommandLibraryScreen' (singleton=False)
[2025-12-18 17:43:49.623] MenuRegistry: Registered screen factory 'CommandLibraryScreen' in container (viewMode=)
[2025-12-18 17:43:49.645] MenuRegistry: Registered 'Command Library' in 'Tools' menu (hotkey=L order=10)
[2025-12-18 17:43:49.648] ServiceContainer: Registered 'ChecklistsLauncherScreen' (singleton=False)
[2025-12-18 17:43:49.649] MenuRegistry: Registered screen factory 'ChecklistsLauncherScreen' in container (viewMode=)
[2025-12-18 17:43:49.651] MenuRegistry: Registered 'Checklists' in 'Tools' menu (hotkey=C order=25)
[2025-12-18 17:43:49.656] ServiceContainer: Registered 'TaskListScreen_Today' (singleton=False)
[2025-12-18 17:43:49.657] MenuRegistry: Registered screen factory 'TaskListScreen_Today' in container (viewMode=today)
[2025-12-18 17:43:49.658] MenuRegistry: Registered 'Today' in 'Tasks' menu (hotkey=Y order=10)
[2025-12-18 17:43:49.660] ServiceContainer: Registered 'ChecklistTemplatesFolderScreen' (singleton=False)
[2025-12-18 17:43:49.661] MenuRegistry: Registered screen factory 'ChecklistTemplatesFolderScreen' in container (viewMode=)
[2025-12-18 17:43:49.663] MenuRegistry: Registered 'Checklist Templates' in 'Tools' menu (hotkey=H order=30)
[2025-12-18 17:43:49.665] ServiceContainer: Registered 'TaskListScreen_NextActions' (singleton=False)
[2025-12-18 17:43:49.666] MenuRegistry: Registered screen factory 'TaskListScreen_NextActions' in container (viewMode=nextactions)
[2025-12-18 17:43:49.668] MenuRegistry: Registered 'Next Actions' in 'Tasks' menu (hotkey=N order=35)
[2025-12-18 17:43:49.678] ServiceContainer: Registered 'TaskListScreen_Tomorrow' (singleton=False)
[2025-12-18 17:43:49.679] MenuRegistry: Registered screen factory 'TaskListScreen_Tomorrow' in container (viewMode=tomorrow)
[2025-12-18 17:43:49.681] MenuRegistry: Registered 'Tomorrow' in 'Tasks' menu (hotkey=T order=15)
[2025-12-18 17:43:49.683] ServiceContainer: Registered 'TimeListScreen' (singleton=False)
[2025-12-18 17:43:49.684] MenuRegistry: Registered screen factory 'TimeListScreen' in container (viewMode=)
[2025-12-18 17:43:49.685] MenuRegistry: Registered 'Time Tracking' in 'Time' menu (hotkey=T order=5)
[2025-12-18 17:43:49.687] ServiceContainer: Registered 'TaskListScreen_Upcoming' (singleton=False)
[2025-12-18 17:43:49.688] MenuRegistry: Registered screen factory 'TaskListScreen_Upcoming' in container (viewMode=upcoming)
[2025-12-18 17:43:49.690] MenuRegistry: Registered 'Upcoming' in 'Tasks' menu (hotkey=U order=25)
[2025-12-18 17:43:49.691] ServiceContainer: Registered 'HelpViewScreen' (singleton=False)
[2025-12-18 17:43:49.693] MenuRegistry: Registered screen factory 'HelpViewScreen' in container (viewMode=)
[2025-12-18 17:43:49.694] MenuRegistry: Registered 'Help' in 'Help' menu (hotkey=H order=10)
[2025-12-18 17:43:49.696] ServiceContainer: Registered 'ThemeEditorScreen' (singleton=False)
[2025-12-18 17:43:49.697] MenuRegistry: Registered screen factory 'ThemeEditorScreen' in container (viewMode=)
[2025-12-18 17:43:49.699] MenuRegistry: Registered 'Theme Editor' in 'Options' menu (hotkey=T order=10)
[2025-12-18 17:43:49.701] ServiceContainer: Registered 'WeeklyTimeReportScreen' (singleton=False)
[2025-12-18 17:43:49.702] MenuRegistry: Registered screen factory 'WeeklyTimeReportScreen' in container (viewMode=)
[2025-12-18 17:43:49.704] MenuRegistry: Registered 'Weekly Report' in 'Time' menu (hotkey=W order=10)
[2025-12-18 17:43:49.707] ServiceContainer: Registered 'TaskListScreen_Month' (singleton=False)
[2025-12-18 17:43:49.708] MenuRegistry: Registered screen factory 'TaskListScreen_Month' in container (viewMode=month)
[2025-12-18 17:43:49.710] MenuRegistry: Registered 'Month View' in 'Tasks' menu (hotkey=M order=45)
[2025-12-18 17:43:49.712] ServiceContainer: Registered 'TaskListScreen_Agenda' (singleton=False)
[2025-12-18 17:43:49.714] MenuRegistry: Registered screen factory 'TaskListScreen_Agenda' in container (viewMode=agenda)
[2025-12-18 17:43:49.715] MenuRegistry: Registered 'Agenda View' in 'Tasks' menu (hotkey=A order=50)
[2025-12-18 17:43:49.718] ServiceContainer: Registered 'ExcelProfileManagerScreen' (singleton=False)
[2025-12-18 17:43:49.719] MenuRegistry: Registered screen factory 'ExcelProfileManagerScreen' in container (viewMode=)
[2025-12-18 17:43:49.721] MenuRegistry: Registered 'Excel Profiles' in 'Projects' menu (hotkey=M order=50)
[2025-12-18 17:43:49.723] ServiceContainer: Registered 'ExcelImportScreen' (singleton=False)
[2025-12-18 17:43:49.725] MenuRegistry: Registered screen factory 'ExcelImportScreen' in container (viewMode=)
[2025-12-18 17:43:49.727] MenuRegistry: Registered 'Import from Excel' in 'Projects' menu (hotkey=I order=40)
[2025-12-18 17:43:49.729] ServiceContainer: Registered 'SettingsScreen' (singleton=False)
[2025-12-18 17:43:49.730] MenuRegistry: Registered screen factory 'SettingsScreen' in container (viewMode=)
[2025-12-18 17:43:49.732] MenuRegistry: Registered 'Settings' in 'Options' menu (hotkey=S order=20)
[2025-12-18 17:43:49.735] ServiceContainer: Registered 'TaskListScreen_NoDate' (singleton=False)
[2025-12-18 17:43:49.736] MenuRegistry: Registered screen factory 'TaskListScreen_NoDate' in container (viewMode=noduedate)
[2025-12-18 17:43:49.738] MenuRegistry: Registered 'No Due Date' in 'Tasks' menu (hotkey=D order=40)
[2025-12-18 17:43:49.741] ServiceContainer: Registered 'TaskListScreen_Default' (singleton=False)
[2025-12-18 17:43:49.742] MenuRegistry: Registered screen factory 'TaskListScreen_Default' in container (viewMode=)
[2025-12-18 17:43:49.744] MenuRegistry: Registered 'Task List' in 'Tasks' menu (hotkey=L order=5)
[2025-12-18 17:43:49.747] ServiceContainer: Registered 'ProjectListScreen' (singleton=False)
[2025-12-18 17:43:49.749] MenuRegistry: Registered screen factory 'ProjectListScreen' in container (viewMode=)
[2025-12-18 17:43:49.751] MenuRegistry: Registered 'Project List' in 'Projects' menu (hotkey=L order=10)
[2025-12-18 17:43:49.776] ServiceContainer: Registered 'TaskListScreen_Week' (singleton=False)
[2025-12-18 17:43:49.777] MenuRegistry: Registered screen factory 'TaskListScreen_Week' in container (viewMode=week)
[2025-12-18 17:43:49.779] MenuRegistry: Registered 'Week View' in 'Tasks' menu (hotkey=W order=20)
[2025-12-18 17:43:49.781] ServiceContainer: Registered 'TimeReportScreen' (singleton=False)
[2025-12-18 17:43:49.783] MenuRegistry: Registered screen factory 'TimeReportScreen' in container (viewMode=)
[2025-12-18 17:43:49.784] MenuRegistry: Registered 'Time Report' in 'Time' menu (hotkey=R order=20)
[2025-12-18 17:43:49.786] ServiceContainer: Registered 'NotesMenuScreen' (singleton=False)
[2025-12-18 17:43:49.788] MenuRegistry: Registered screen factory 'NotesMenuScreen' in container (viewMode=)
[2025-12-18 17:43:49.789] MenuRegistry: Registered 'Notes' in 'Tools' menu (hotkey=N order=20)
[2025-12-18 17:43:49.792] ServiceContainer: Registered 'TaskListScreen_Overdue' (singleton=False)
[2025-12-18 17:43:49.793] MenuRegistry: Registered screen factory 'TaskListScreen_Overdue' in container (viewMode=overdue)
[2025-12-18 17:43:49.794] MenuRegistry: Registered 'Overdue' in 'Tasks' menu (hotkey=O order=30)
[2025-12-18 17:43:49.796] [INFO] Menus loaded from /home/teej/ztest/module/Pmc.Strict/consoleui/screens/MenuItems.psd1
[2025-12-18 17:43:49.798] [INFO] Launching screen: TaskList
[2025-12-18 17:43:49.799] [INFO] Resolving TaskListScreen from container...
[2025-12-18 17:43:49.801] ServiceContainer: Resolving 'TaskListScreen'...
[2025-12-18 17:43:49.803] [INFO] Resolving TaskListScreen...
[2025-12-18 17:43:49.804] ServiceContainer: Resolving 'TaskStore'...
[2025-12-18 17:43:49.807] [INFO] Resolving TaskStore...
[2025-12-18 17:43:50.163] ServiceContainer: Resolved 'TaskStore' successfully
[2025-12-18 17:43:51.177] _PopulateMenusFromRegistry: Menu 'Tools' has 4 items from registry (array)
[2025-12-18 17:43:51.213] _PopulateMenusFromRegistry: Menu 'Tasks' has 10 items from registry (array)
[2025-12-18 17:43:51.219] _PopulateMenusFromRegistry: Menu 'Time' has 3 items from registry (array)
[2025-12-18 17:43:51.224] _PopulateMenusFromRegistry: Menu 'Help' has 1 items from registry (array)
[2025-12-18 17:43:51.229] _PopulateMenusFromRegistry: Menu 'Options' has 2 items from registry (array)
[2025-12-18 17:43:51.233] _PopulateMenusFromRegistry: Menu 'Projects' has 3 items from registry (array)
[2025-12-18 17:43:51.237] ServiceContainer: Resolved 'TaskListScreen' successfully
[2025-12-18 17:43:51.238] [INFO] Pushing screen to app...
[2025-12-18 17:43:51.891] [INFO] Screen pushed successfully
[2025-12-18 17:43:51.894] [INFO] Starting event loop...
[2025-12-18 17:43:57.917] [INFO] Event loop exited normally
[2025-12-18 17:43:57.920] [INFO] Cleanup - showing cursor and resetting terminal
