[2026-01-02 08:03:32.350] ServiceContainer: Registered 'Theme' (singleton=True)
[2026-01-02 08:03:32.357] ServiceContainer: Registered 'ThemeManager' (singleton=True)
[2026-01-02 08:03:32.358] ServiceContainer: Registered 'Config' (singleton=True)
[2026-01-02 08:03:32.361] ServiceContainer: Registered 'TaskStore' (singleton=True)
[2026-01-02 08:03:32.362] ServiceContainer: Registered 'MenuRegistry' (singleton=True)
[2026-01-02 08:03:32.364] ServiceContainer: Registered 'Application' (singleton=True)
[2026-01-02 08:03:32.366] ServiceContainer: Registered 'CommandService' (singleton=True)
[2026-01-02 08:03:32.367] ServiceContainer: Registered 'ChecklistService' (singleton=True)
[2026-01-02 08:03:32.369] ServiceContainer: Registered 'NoteService' (singleton=True)
[2026-01-02 08:03:32.370] ServiceContainer: Registered 'ExcelMappingService' (singleton=True)
[2026-01-02 08:03:32.372] ServiceContainer: Registered 'ExcelCopyService' (singleton=True)
[2026-01-02 08:03:32.373] ServiceContainer: Registered 'PreferencesService' (singleton=True)
[2026-01-02 08:03:32.375] ServiceContainer: Registered 'ExcelImportService' (singleton=True)
[2026-01-02 08:03:32.377] ServiceContainer: Registered 'TextExportService' (singleton=True)
[2026-01-02 08:03:32.378] ServiceContainer: Registered 'TaskListScreen' (singleton=False)
[2026-01-02 08:03:32.406] ServiceContainer: Resolving 'Application'...
[2026-01-02 08:03:32.409] ServiceContainer: Resolving 'Theme'...
[2026-01-02 08:03:32.733] ServiceContainer: Resolved 'Theme' successfully
[2026-01-02 08:03:32.852] ServiceContainer: Resolving 'ThemeManager'...
[2026-01-02 08:03:32.854] ServiceContainer: Resolved 'ThemeManager' successfully
[2026-01-02 08:03:32.875] ServiceContainer: Resolved 'Application' successfully
[2026-01-02 08:03:32.877] ServiceContainer: Resolving 'MenuRegistry'...
[2026-01-02 08:03:32.895] ServiceContainer: Resolved 'MenuRegistry' successfully
[2026-01-02 08:03:32.921] MenuRegistry: Loaded manifest with 16 entries
[2026-01-02 08:03:32.974] ServiceContainer: Registered 'ChecklistsLauncherScreen' (singleton=False)
[2026-01-02 08:03:32.976] MenuRegistry: Registered 'Checklists' in 'Tools' menu (hotkey=C order=25)
[2026-01-02 08:03:32.999] MenuRegistry: Registered 'Checklists' in 'Tools' menu (hotkey=C order=25)
[2026-01-02 08:03:33.002] ServiceContainer: Registered 'TimeReportScreen' (singleton=False)
[2026-01-02 08:03:33.003] MenuRegistry: Registered 'Time Report' in 'Time' menu (hotkey=R order=20)
[2026-01-02 08:03:33.006] MenuRegistry: Registered 'Time Report' in 'Time' menu (hotkey=R order=20)
[2026-01-02 08:03:33.009] ServiceContainer: Registered 'WeeklyTimeReportScreen' (singleton=False)
[2026-01-02 08:03:33.010] MenuRegistry: Registered 'Weekly Report' in 'Time' menu (hotkey=W order=10)
[2026-01-02 08:03:33.012] MenuRegistry: Registered 'Weekly Report' in 'Time' menu (hotkey=W order=10)
[2026-01-02 08:03:33.014] ServiceContainer: Registered 'TaskListScreen_Default' (singleton=False)
[2026-01-02 08:03:33.015] MenuRegistry: Registered 'Task List' in 'Tasks' menu (hotkey=L order=5)
[2026-01-02 08:03:33.017] MenuRegistry: Registered 'Task List' in 'Tasks' menu (hotkey=L order=5)
[2026-01-02 08:03:33.020] ServiceContainer: Registered 'NotesMenuScreen' (singleton=False)
[2026-01-02 08:03:33.021] MenuRegistry: Registered 'Notes' in 'Tools' menu (hotkey=N order=20)
[2026-01-02 08:03:33.023] MenuRegistry: Registered 'Notes' in 'Tools' menu (hotkey=N order=20)
[2026-01-02 08:03:33.026] ServiceContainer: Registered 'TextExportProfileManagerScreen' (singleton=False)
[2026-01-02 08:03:33.027] MenuRegistry: Registered 'T2020 Export Profiles' in 'Tools' menu (hotkey=E order=45)
[2026-01-02 08:03:33.029] MenuRegistry: Registered 'T2020 Export Profiles' in 'Tools' menu (hotkey=E order=45)
[2026-01-02 08:03:33.031] ServiceContainer: Registered 'TimeListScreen' (singleton=False)
[2026-01-02 08:03:33.033] MenuRegistry: Registered 'Time Tracking' in 'Time' menu (hotkey=T order=5)
[2026-01-02 08:03:33.034] MenuRegistry: Registered 'Time Tracking' in 'Time' menu (hotkey=T order=5)
[2026-01-02 08:03:33.037] ServiceContainer: Registered 'SettingsScreen' (singleton=False)
[2026-01-02 08:03:33.038] MenuRegistry: Registered 'Settings' in 'Options' menu (hotkey=S order=20)
[2026-01-02 08:03:33.040] MenuRegistry: Registered 'Settings' in 'Options' menu (hotkey=S order=20)
[2026-01-02 08:03:33.042] ServiceContainer: Registered 'ExcelImportScreen' (singleton=False)
[2026-01-02 08:03:33.043] MenuRegistry: Registered 'Import from Excel' in 'Projects' menu (hotkey=I order=40)
[2026-01-02 08:03:33.045] MenuRegistry: Registered 'Import from Excel' in 'Projects' menu (hotkey=I order=40)
[2026-01-02 08:03:33.048] ServiceContainer: Registered 'ProjectListScreen' (singleton=False)
[2026-01-02 08:03:33.049] MenuRegistry: Registered 'Project List' in 'Projects' menu (hotkey=L order=10)
[2026-01-02 08:03:33.051] MenuRegistry: Registered 'Project List' in 'Projects' menu (hotkey=L order=10)
[2026-01-02 08:03:33.053] ServiceContainer: Registered 'CommandLibraryScreen' (singleton=False)
[2026-01-02 08:03:33.054] MenuRegistry: Registered 'Command Library' in 'Tools' menu (hotkey=L order=10)
[2026-01-02 08:03:33.056] MenuRegistry: Registered 'Command Library' in 'Tools' menu (hotkey=L order=10)
[2026-01-02 08:03:33.058] ServiceContainer: Registered 'ExcelProfileManagerScreen' (singleton=False)
[2026-01-02 08:03:33.060] MenuRegistry: Registered 'Excel Profiles' in 'Projects' menu (hotkey=M order=50)
[2026-01-02 08:03:33.061] MenuRegistry: Registered 'Excel Profiles' in 'Projects' menu (hotkey=M order=50)
[2026-01-02 08:03:33.064] ServiceContainer: Registered 'ChecklistTemplatesFolderScreen' (singleton=False)
[2026-01-02 08:03:33.065] MenuRegistry: Registered 'Checklist Templates' in 'Tools' menu (hotkey=H order=30)
[2026-01-02 08:03:33.067] MenuRegistry: Registered 'Checklist Templates' in 'Tools' menu (hotkey=H order=30)
[2026-01-02 08:03:33.074] ServiceContainer: Registered 'ExcelImportProfileManagerScreen' (singleton=False)
[2026-01-02 08:03:33.075] MenuRegistry: Registered 'Excel Import Profiles' in 'Tools' menu (hotkey=I order=40)
[2026-01-02 08:03:33.077] MenuRegistry: Registered 'Excel Import Profiles' in 'Tools' menu (hotkey=I order=40)
[2026-01-02 08:03:33.080] ServiceContainer: Registered 'ThemeEditorScreen' (singleton=False)
[2026-01-02 08:03:33.081] MenuRegistry: Registered 'Theme Editor' in 'Options' menu (hotkey=T order=10)
[2026-01-02 08:03:33.083] MenuRegistry: Registered 'Theme Editor' in 'Options' menu (hotkey=T order=10)
[2026-01-02 08:03:33.085] ServiceContainer: Registered 'HelpViewScreen' (singleton=False)
[2026-01-02 08:03:33.086] MenuRegistry: Registered 'Help' in 'Help' menu (hotkey=H order=10)
[2026-01-02 08:03:33.088] MenuRegistry: Registered 'Help' in 'Help' menu (hotkey=H order=10)
[2026-01-02 08:03:33.091] ServiceContainer: Resolving 'TaskListScreen'...
[2026-01-02 08:03:33.094] ServiceContainer: Resolving 'TaskStore'...
[2026-01-02 08:03:33.227] ServiceContainer: Resolved 'TaskStore' successfully
[2026-01-02 08:03:34.486] _PopulateMenusFromRegistry: Menu 'Options' has 2 items from registry (array)
[2026-01-02 08:03:34.515] _PopulateMenusFromRegistry: Menu 'Help' has 1 items from registry (array)
[2026-01-02 08:03:34.536] _PopulateMenusFromRegistry: Menu 'Tools' has 6 items from registry (array)
[2026-01-02 08:03:34.540] _PopulateMenusFromRegistry: Menu 'Projects' has 3 items from registry (array)
[2026-01-02 08:03:34.544] _PopulateMenusFromRegistry: Menu 'Time' has 3 items from registry (array)
[2026-01-02 08:03:34.547] _PopulateMenusFromRegistry: Menu 'Tasks' has 1 items from registry (array)
[2026-01-02 08:03:34.550] ServiceContainer: Resolved 'TaskListScreen' successfully
[2026-01-02 08:03:38.407] ServiceContainer: Resolving 'NotesMenuScreen'...
[2026-01-02 08:03:38.605] ServiceContainer: Resolved 'NotesMenuScreen' successfully
[2026-01-02 08:03:40.423] [INFO] NoteEditorScreen: Constructor called for noteId=new note
[2026-01-02 08:03:40.461] [INFO] NoteEditorScreen: Constructor complete
[2026-01-02 08:03:40.481] [INFO] NoteEditorScreen.Initialize: Called with renderEngine and container
[2026-01-02 08:03:40.684] PreferencesService: Preferences path: /home/teej/ztest/module/Pmc.Strict/.pmc-data/preferences.json
[2026-01-02 08:03:40.693] PreferencesService: No preferences file found, using defaults
[2026-01-02 08:03:40.709] [INFO] NoteEditorScreen.Initialize: Complete
[2026-01-02 08:03:40.789] [ERROR] NoteEditorScreen.LoadData: Error - The property 'Length' cannot be found on this object. Verify that the property exists.
[2026-01-02 08:04:02.522] [INFO] NoteEditorScreen: ESCAPE DETECTED - Auto-saving and exiting
[2026-01-02 08:04:02.527] [INFO] NoteEditorScreen.SaveNote: Saving note new note
[2026-01-02 08:04:02.582] [INFO] NoteEditorScreen: Note saved successfully
[2026-01-02 08:04:04.364] [INFO] NoteEditorScreen: Constructor called for noteId=new note
[2026-01-02 08:04:04.380] [INFO] NoteEditorScreen: Constructor complete
[2026-01-02 08:04:04.382] [INFO] NoteEditorScreen.Initialize: Called with renderEngine and container
[2026-01-02 08:04:04.387] [INFO] NoteEditorScreen.Initialize: Complete
