[2026-01-02 07:02:06.050] ServiceContainer: Registered 'Theme' (singleton=True)
[2026-01-02 07:02:06.056] ServiceContainer: Registered 'ThemeManager' (singleton=True)
[2026-01-02 07:02:06.057] ServiceContainer: Registered 'Config' (singleton=True)
[2026-01-02 07:02:06.059] ServiceContainer: Registered 'TaskStore' (singleton=True)
[2026-01-02 07:02:06.060] ServiceContainer: Registered 'MenuRegistry' (singleton=True)
[2026-01-02 07:02:06.062] ServiceContainer: Registered 'Application' (singleton=True)
[2026-01-02 07:02:06.064] ServiceContainer: Registered 'CommandService' (singleton=True)
[2026-01-02 07:02:06.065] ServiceContainer: Registered 'ChecklistService' (singleton=True)
[2026-01-02 07:02:06.066] ServiceContainer: Registered 'NoteService' (singleton=True)
[2026-01-02 07:02:06.068] ServiceContainer: Registered 'ExcelMappingService' (singleton=True)
[2026-01-02 07:02:06.069] ServiceContainer: Registered 'ExcelCopyService' (singleton=True)
[2026-01-02 07:02:06.070] ServiceContainer: Registered 'PreferencesService' (singleton=True)
[2026-01-02 07:02:06.071] ServiceContainer: Registered 'ExcelImportService' (singleton=True)
[2026-01-02 07:02:06.073] ServiceContainer: Registered 'TextExportService' (singleton=True)
[2026-01-02 07:02:06.074] ServiceContainer: Registered 'TaskListScreen' (singleton=False)
[2026-01-02 07:02:06.098] ServiceContainer: Resolving 'Application'...
[2026-01-02 07:02:06.100] ServiceContainer: Resolving 'Theme'...
[2026-01-02 07:02:06.393] ServiceContainer: Resolved 'Theme' successfully
[2026-01-02 07:02:06.520] ServiceContainer: Resolving 'ThemeManager'...
[2026-01-02 07:02:06.523] ServiceContainer: Resolved 'ThemeManager' successfully
[2026-01-02 07:02:06.544] ServiceContainer: Resolved 'Application' successfully
[2026-01-02 07:02:06.545] ServiceContainer: Resolving 'MenuRegistry'...
[2026-01-02 07:02:06.563] ServiceContainer: Resolved 'MenuRegistry' successfully
[2026-01-02 07:02:06.588] MenuRegistry: Loaded manifest with 16 entries
[2026-01-02 07:02:06.627] ServiceContainer: Registered 'TaskListScreen_Default' (singleton=False)
[2026-01-02 07:02:06.628] MenuRegistry: Registered 'Task List' in 'Tasks' menu (hotkey=L order=5)
[2026-01-02 07:02:06.651] MenuRegistry: Registered 'Task List' in 'Tasks' menu (hotkey=L order=5)
[2026-01-02 07:02:06.653] ServiceContainer: Registered 'NotesMenuScreen' (singleton=False)
[2026-01-02 07:02:06.654] MenuRegistry: Registered 'Notes' in 'Tools' menu (hotkey=N order=20)
[2026-01-02 07:02:06.657] MenuRegistry: Registered 'Notes' in 'Tools' menu (hotkey=N order=20)
[2026-01-02 07:02:06.660] ServiceContainer: Registered 'TimeListScreen' (singleton=False)
[2026-01-02 07:02:06.661] MenuRegistry: Registered 'Time Tracking' in 'Time' menu (hotkey=T order=5)
[2026-01-02 07:02:06.663] MenuRegistry: Registered 'Time Tracking' in 'Time' menu (hotkey=T order=5)
[2026-01-02 07:02:06.665] ServiceContainer: Registered 'ExcelImportProfileManagerScreen' (singleton=False)
[2026-01-02 07:02:06.666] MenuRegistry: Registered 'Excel Import Profiles' in 'Tools' menu (hotkey=I order=40)
[2026-01-02 07:02:06.678] MenuRegistry: Registered 'Excel Import Profiles' in 'Tools' menu (hotkey=I order=40)
[2026-01-02 07:02:06.680] ServiceContainer: Registered 'ThemeEditorScreen' (singleton=False)
[2026-01-02 07:02:06.681] MenuRegistry: Registered 'Theme Editor' in 'Options' menu (hotkey=T order=10)
[2026-01-02 07:02:06.682] MenuRegistry: Registered 'Theme Editor' in 'Options' menu (hotkey=T order=10)
[2026-01-02 07:02:06.684] ServiceContainer: Registered 'ExcelImportScreen' (singleton=False)
[2026-01-02 07:02:06.685] MenuRegistry: Registered 'Import from Excel' in 'Projects' menu (hotkey=I order=40)
[2026-01-02 07:02:06.687] MenuRegistry: Registered 'Import from Excel' in 'Projects' menu (hotkey=I order=40)
[2026-01-02 07:02:06.689] ServiceContainer: Registered 'HelpViewScreen' (singleton=False)
[2026-01-02 07:02:06.690] MenuRegistry: Registered 'Help' in 'Help' menu (hotkey=H order=10)
[2026-01-02 07:02:06.691] MenuRegistry: Registered 'Help' in 'Help' menu (hotkey=H order=10)
[2026-01-02 07:02:06.693] ServiceContainer: Registered 'ExcelProfileManagerScreen' (singleton=False)
[2026-01-02 07:02:06.694] MenuRegistry: Registered 'Excel Profiles' in 'Projects' menu (hotkey=M order=50)
[2026-01-02 07:02:06.696] MenuRegistry: Registered 'Excel Profiles' in 'Projects' menu (hotkey=M order=50)
[2026-01-02 07:02:06.698] ServiceContainer: Registered 'TimeReportScreen' (singleton=False)
[2026-01-02 07:02:06.699] MenuRegistry: Registered 'Time Report' in 'Time' menu (hotkey=R order=20)
[2026-01-02 07:02:06.701] MenuRegistry: Registered 'Time Report' in 'Time' menu (hotkey=R order=20)
[2026-01-02 07:02:06.704] ServiceContainer: Registered 'SettingsScreen' (singleton=False)
[2026-01-02 07:02:06.705] MenuRegistry: Registered 'Settings' in 'Options' menu (hotkey=S order=20)
[2026-01-02 07:02:06.707] MenuRegistry: Registered 'Settings' in 'Options' menu (hotkey=S order=20)
[2026-01-02 07:02:06.710] ServiceContainer: Registered 'TextExportProfileManagerScreen' (singleton=False)
[2026-01-02 07:02:06.711] MenuRegistry: Registered 'T2020 Export Profiles' in 'Tools' menu (hotkey=E order=45)
[2026-01-02 07:02:06.714] MenuRegistry: Registered 'T2020 Export Profiles' in 'Tools' menu (hotkey=E order=45)
[2026-01-02 07:02:06.717] ServiceContainer: Registered 'ChecklistTemplatesFolderScreen' (singleton=False)
[2026-01-02 07:02:06.718] MenuRegistry: Registered 'Checklist Templates' in 'Tools' menu (hotkey=H order=30)
[2026-01-02 07:02:06.720] MenuRegistry: Registered 'Checklist Templates' in 'Tools' menu (hotkey=H order=30)
[2026-01-02 07:02:06.722] ServiceContainer: Registered 'CommandLibraryScreen' (singleton=False)
[2026-01-02 07:02:06.723] MenuRegistry: Registered 'Command Library' in 'Tools' menu (hotkey=L order=10)
[2026-01-02 07:02:06.725] MenuRegistry: Registered 'Command Library' in 'Tools' menu (hotkey=L order=10)
[2026-01-02 07:02:06.728] ServiceContainer: Registered 'ProjectListScreen' (singleton=False)
[2026-01-02 07:02:06.729] MenuRegistry: Registered 'Project List' in 'Projects' menu (hotkey=L order=10)
[2026-01-02 07:02:06.731] MenuRegistry: Registered 'Project List' in 'Projects' menu (hotkey=L order=10)
[2026-01-02 07:02:06.733] ServiceContainer: Registered 'ChecklistsLauncherScreen' (singleton=False)
[2026-01-02 07:02:06.734] MenuRegistry: Registered 'Checklists' in 'Tools' menu (hotkey=C order=25)
[2026-01-02 07:02:06.735] MenuRegistry: Registered 'Checklists' in 'Tools' menu (hotkey=C order=25)
[2026-01-02 07:02:06.737] ServiceContainer: Registered 'WeeklyTimeReportScreen' (singleton=False)
[2026-01-02 07:02:06.739] MenuRegistry: Registered 'Weekly Report' in 'Time' menu (hotkey=W order=10)
[2026-01-02 07:02:06.741] MenuRegistry: Registered 'Weekly Report' in 'Time' menu (hotkey=W order=10)
[2026-01-02 07:02:06.743] ServiceContainer: Resolving 'TaskListScreen'...
[2026-01-02 07:02:06.746] ServiceContainer: Resolving 'TaskStore'...
[2026-01-02 07:02:06.916] ServiceContainer: Resolved 'TaskStore' successfully
[2026-01-02 07:02:08.110] _PopulateMenusFromRegistry: Menu 'Projects' has 3 items from registry (array)
[2026-01-02 07:02:08.137] _PopulateMenusFromRegistry: Menu 'Options' has 2 items from registry (array)
[2026-01-02 07:02:08.140] _PopulateMenusFromRegistry: Menu 'Help' has 1 items from registry (array)
[2026-01-02 07:02:08.144] _PopulateMenusFromRegistry: Menu 'Time' has 3 items from registry (array)
[2026-01-02 07:02:08.150] _PopulateMenusFromRegistry: Menu 'Tools' has 6 items from registry (array)
[2026-01-02 07:02:08.153] _PopulateMenusFromRegistry: Menu 'Tasks' has 1 items from registry (array)
[2026-01-02 07:02:08.156] ServiceContainer: Resolved 'TaskListScreen' successfully
[2026-01-02 07:02:20.095] ServiceContainer: Resolving 'NotesMenuScreen'...
[2026-01-02 07:02:20.235] ServiceContainer: Resolved 'NotesMenuScreen' successfully
