[2026-01-01 10:44:23.739] ServiceContainer: Registered 'Theme' (singleton=True)
[2026-01-01 10:44:23.742] ServiceContainer: Registered 'ThemeManager' (singleton=True)
[2026-01-01 10:44:23.743] ServiceContainer: Registered 'Config' (singleton=True)
[2026-01-01 10:44:23.744] ServiceContainer: Registered 'TaskStore' (singleton=True)
[2026-01-01 10:44:23.745] ServiceContainer: Registered 'MenuRegistry' (singleton=True)
[2026-01-01 10:44:23.746] ServiceContainer: Registered 'Application' (singleton=True)
[2026-01-01 10:44:23.747] ServiceContainer: Registered 'CommandService' (singleton=True)
[2026-01-01 10:44:23.747] ServiceContainer: Registered 'ChecklistService' (singleton=True)
[2026-01-01 10:44:23.748] ServiceContainer: Registered 'NoteService' (singleton=True)
[2026-01-01 10:44:23.749] ServiceContainer: Registered 'ExcelMappingService' (singleton=True)
[2026-01-01 10:44:23.750] ServiceContainer: Registered 'ExcelCopyService' (singleton=True)
[2026-01-01 10:44:23.751] ServiceContainer: Registered 'PreferencesService' (singleton=True)
[2026-01-01 10:44:23.751] ServiceContainer: Registered 'ExcelImportService' (singleton=True)
[2026-01-01 10:44:23.752] ServiceContainer: Registered 'TextExportService' (singleton=True)
[2026-01-01 10:44:23.753] ServiceContainer: Registered 'TaskListScreen' (singleton=False)
[2026-01-01 10:44:23.767] ServiceContainer: Resolving 'Application'...
[2026-01-01 10:44:23.769] ServiceContainer: Resolving 'Theme'...
[2026-01-01 10:44:23.933] ServiceContainer: Resolved 'Theme' successfully
[2026-01-01 10:44:24.004] ServiceContainer: Resolving 'ThemeManager'...
[2026-01-01 10:44:24.006] ServiceContainer: Resolved 'ThemeManager' successfully
[2026-01-01 10:44:24.017] ServiceContainer: Resolved 'Application' successfully
[2026-01-01 10:44:24.018] ServiceContainer: Resolving 'MenuRegistry'...
[2026-01-01 10:44:24.028] ServiceContainer: Resolved 'MenuRegistry' successfully
[2026-01-01 10:44:24.044] MenuRegistry: Loaded manifest with 16 entries
[2026-01-01 10:44:24.066] ServiceContainer: Registered 'ExcelImportProfileManagerScreen' (singleton=False)
[2026-01-01 10:44:24.067] MenuRegistry: Registered 'Excel Import Profiles' in 'Tools' menu (hotkey=I order=40)
[2026-01-01 10:44:24.079] MenuRegistry: Registered 'Excel Import Profiles' in 'Tools' menu (hotkey=I order=40)
[2026-01-01 10:44:24.081] ServiceContainer: Registered 'HelpViewScreen' (singleton=False)
[2026-01-01 10:44:24.082] MenuRegistry: Registered 'Help' in 'Help' menu (hotkey=H order=10)
[2026-01-01 10:44:24.083] MenuRegistry: Registered 'Help' in 'Help' menu (hotkey=H order=10)
[2026-01-01 10:44:24.085] ServiceContainer: Registered 'TextExportProfileManagerScreen' (singleton=False)
[2026-01-01 10:44:24.085] MenuRegistry: Registered 'T2020 Export Profiles' in 'Tools' menu (hotkey=E order=45)
[2026-01-01 10:44:24.087] MenuRegistry: Registered 'T2020 Export Profiles' in 'Tools' menu (hotkey=E order=45)
[2026-01-01 10:44:24.088] ServiceContainer: Registered 'TaskListScreen_Default' (singleton=False)
[2026-01-01 10:44:24.089] MenuRegistry: Registered 'Task List' in 'Tasks' menu (hotkey=L order=5)
[2026-01-01 10:44:24.090] MenuRegistry: Registered 'Task List' in 'Tasks' menu (hotkey=L order=5)
[2026-01-01 10:44:24.091] ServiceContainer: Registered 'ProjectListScreen' (singleton=False)
[2026-01-01 10:44:24.092] MenuRegistry: Registered 'Project List' in 'Projects' menu (hotkey=L order=10)
[2026-01-01 10:44:24.098] MenuRegistry: Registered 'Project List' in 'Projects' menu (hotkey=L order=10)
[2026-01-01 10:44:24.100] ServiceContainer: Registered 'ExcelProfileManagerScreen' (singleton=False)
[2026-01-01 10:44:24.100] MenuRegistry: Registered 'Excel Profiles' in 'Projects' menu (hotkey=M order=50)
[2026-01-01 10:44:24.102] MenuRegistry: Registered 'Excel Profiles' in 'Projects' menu (hotkey=M order=50)
[2026-01-01 10:44:24.103] ServiceContainer: Registered 'ChecklistsLauncherScreen' (singleton=False)
[2026-01-01 10:44:24.104] MenuRegistry: Registered 'Checklists' in 'Tools' menu (hotkey=C order=25)
[2026-01-01 10:44:24.105] MenuRegistry: Registered 'Checklists' in 'Tools' menu (hotkey=C order=25)
[2026-01-01 10:44:24.106] ServiceContainer: Registered 'ThemeEditorScreen' (singleton=False)
[2026-01-01 10:44:24.107] MenuRegistry: Registered 'Theme Editor' in 'Options' menu (hotkey=T order=10)
[2026-01-01 10:44:24.109] MenuRegistry: Registered 'Theme Editor' in 'Options' menu (hotkey=T order=10)
[2026-01-01 10:44:24.110] ServiceContainer: Registered 'NotesMenuScreen' (singleton=False)
[2026-01-01 10:44:24.111] MenuRegistry: Registered 'Notes' in 'Tools' menu (hotkey=N order=20)
[2026-01-01 10:44:24.112] MenuRegistry: Registered 'Notes' in 'Tools' menu (hotkey=N order=20)
[2026-01-01 10:44:24.113] ServiceContainer: Registered 'CommandLibraryScreen' (singleton=False)
[2026-01-01 10:44:24.114] MenuRegistry: Registered 'Command Library' in 'Tools' menu (hotkey=L order=10)
[2026-01-01 10:44:24.115] MenuRegistry: Registered 'Command Library' in 'Tools' menu (hotkey=L order=10)
[2026-01-01 10:44:24.117] ServiceContainer: Registered 'TimeListScreen' (singleton=False)
[2026-01-01 10:44:24.117] MenuRegistry: Registered 'Time Tracking' in 'Time' menu (hotkey=T order=5)
[2026-01-01 10:44:24.118] MenuRegistry: Registered 'Time Tracking' in 'Time' menu (hotkey=T order=5)
[2026-01-01 10:44:24.120] ServiceContainer: Registered 'ExcelImportScreen' (singleton=False)
[2026-01-01 10:44:24.121] MenuRegistry: Registered 'Import from Excel' in 'Projects' menu (hotkey=I order=40)
[2026-01-01 10:44:24.122] MenuRegistry: Registered 'Import from Excel' in 'Projects' menu (hotkey=I order=40)
[2026-01-01 10:44:24.123] ServiceContainer: Registered 'TimeReportScreen' (singleton=False)
[2026-01-01 10:44:24.124] MenuRegistry: Registered 'Time Report' in 'Time' menu (hotkey=R order=20)
[2026-01-01 10:44:24.125] MenuRegistry: Registered 'Time Report' in 'Time' menu (hotkey=R order=20)
[2026-01-01 10:44:24.127] ServiceContainer: Registered 'ChecklistTemplatesFolderScreen' (singleton=False)
[2026-01-01 10:44:24.128] MenuRegistry: Registered 'Checklist Templates' in 'Tools' menu (hotkey=H order=30)
[2026-01-01 10:44:24.129] MenuRegistry: Registered 'Checklist Templates' in 'Tools' menu (hotkey=H order=30)
[2026-01-01 10:44:24.130] ServiceContainer: Registered 'WeeklyTimeReportScreen' (singleton=False)
[2026-01-01 10:44:24.131] MenuRegistry: Registered 'Weekly Report' in 'Time' menu (hotkey=W order=10)
[2026-01-01 10:44:24.133] MenuRegistry: Registered 'Weekly Report' in 'Time' menu (hotkey=W order=10)
[2026-01-01 10:44:24.134] ServiceContainer: Registered 'SettingsScreen' (singleton=False)
[2026-01-01 10:44:24.135] MenuRegistry: Registered 'Settings' in 'Options' menu (hotkey=S order=20)
[2026-01-01 10:44:24.136] MenuRegistry: Registered 'Settings' in 'Options' menu (hotkey=S order=20)
[2026-01-01 10:44:24.137] ServiceContainer: Resolving 'TaskListScreen'...
[2026-01-01 10:44:24.139] ServiceContainer: Resolving 'TaskStore'...
[2026-01-01 10:44:24.241] ServiceContainer: Resolved 'TaskStore' successfully
[2026-01-01 10:44:24.917] _PopulateMenusFromRegistry: Menu 'Help' has 1 items from registry (array)
[2026-01-01 10:44:24.933] _PopulateMenusFromRegistry: Menu 'Time' has 3 items from registry (array)
[2026-01-01 10:44:24.938] _PopulateMenusFromRegistry: Menu 'Tools' has 6 items from registry (array)
[2026-01-01 10:44:24.940] _PopulateMenusFromRegistry: Menu 'Projects' has 3 items from registry (array)
[2026-01-01 10:44:24.943] _PopulateMenusFromRegistry: Menu 'Options' has 2 items from registry (array)
[2026-01-01 10:44:24.945] _PopulateMenusFromRegistry: Menu 'Tasks' has 1 items from registry (array)
[2026-01-01 10:44:24.946] ServiceContainer: Resolved 'TaskListScreen' successfully
[2026-01-01 10:44:32.556] ServiceContainer: Resolving 'ChecklistTemplatesFolderScreen'...
[2026-01-01 10:44:32.674] ServiceContainer: Resolved 'ChecklistTemplatesFolderScreen' successfully
