[2026-01-09 19:15:39.958] ServiceContainer: Registered 'Theme' (singleton=True)
[2026-01-09 19:15:39.963] ServiceContainer: Registered 'ThemeManager' (singleton=True)
[2026-01-09 19:15:39.964] ServiceContainer: Registered 'Config' (singleton=True)
[2026-01-09 19:15:39.966] ServiceContainer: Registered 'TaskStore' (singleton=True)
[2026-01-09 19:15:39.967] ServiceContainer: Registered 'MenuRegistry' (singleton=True)
[2026-01-09 19:15:39.968] ServiceContainer: Registered 'Application' (singleton=True)
[2026-01-09 19:15:39.970] ServiceContainer: Registered 'CommandService' (singleton=True)
[2026-01-09 19:15:39.971] ServiceContainer: Registered 'ChecklistService' (singleton=True)
[2026-01-09 19:15:39.972] ServiceContainer: Registered 'NoteService' (singleton=True)
[2026-01-09 19:15:39.973] ServiceContainer: Registered 'ExcelMappingService' (singleton=True)
[2026-01-09 19:15:39.974] ServiceContainer: Registered 'ExcelCopyService' (singleton=True)
[2026-01-09 19:15:39.975] ServiceContainer: Registered 'PreferencesService' (singleton=True)
[2026-01-09 19:15:39.976] ServiceContainer: Registered 'ExcelImportService' (singleton=True)
[2026-01-09 19:15:39.978] ServiceContainer: Registered 'TextExportService' (singleton=True)
[2026-01-09 19:15:39.979] ServiceContainer: Registered 'TaskListScreen' (singleton=False)
[2026-01-09 19:15:40.005] ServiceContainer: Resolving 'Application'...
[2026-01-09 19:15:40.007] ServiceContainer: Resolving 'Theme'...
[2026-01-09 19:15:40.301] ServiceContainer: Resolved 'Theme' successfully
[2026-01-09 19:15:40.420] ServiceContainer: Resolving 'ThemeManager'...
[2026-01-09 19:15:40.423] ServiceContainer: Resolved 'ThemeManager' successfully
[2026-01-09 19:15:40.444] ServiceContainer: Resolved 'Application' successfully
[2026-01-09 19:15:40.445] ServiceContainer: Resolving 'MenuRegistry'...
[2026-01-09 19:15:40.463] ServiceContainer: Resolved 'MenuRegistry' successfully
[2026-01-09 19:15:40.489] MenuRegistry: Loaded manifest with 17 entries
[2026-01-09 19:15:40.526] ServiceContainer: Registered 'ProjectListScreen' (singleton=False)
[2026-01-09 19:15:40.540] MenuRegistry: Registered 'Project List' in 'Projects' menu (hotkey=L order=10)
[2026-01-09 19:15:40.561] MenuRegistry: Registered 'Project List' in 'Projects' menu (hotkey=L order=10)
[2026-01-09 19:15:40.564] ServiceContainer: Registered 'ExcelImportProfileManagerScreen' (singleton=False)
[2026-01-09 19:15:40.566] MenuRegistry: Registered 'Excel Import Profiles' in 'Tools' menu (hotkey=I order=40)
[2026-01-09 19:15:40.568] MenuRegistry: Registered 'Excel Import Profiles' in 'Tools' menu (hotkey=I order=40)
[2026-01-09 19:15:40.571] ServiceContainer: Registered 'ThemeEditorScreen' (singleton=False)
[2026-01-09 19:15:40.572] MenuRegistry: Registered 'Theme Editor' in 'Options' menu (hotkey=T order=10)
[2026-01-09 19:15:40.574] MenuRegistry: Registered 'Theme Editor' in 'Options' menu (hotkey=T order=10)
[2026-01-09 19:15:40.576] ServiceContainer: Registered 'ChecklistsLauncherScreen' (singleton=False)
[2026-01-09 19:15:40.577] MenuRegistry: Registered 'Checklists' in 'Tools' menu (hotkey=C order=25)
[2026-01-09 19:15:40.579] MenuRegistry: Registered 'Checklists' in 'Tools' menu (hotkey=C order=25)
[2026-01-09 19:15:40.581] ServiceContainer: Registered 'NotesMenuScreen' (singleton=False)
[2026-01-09 19:15:40.582] MenuRegistry: Registered 'Notes' in 'Tools' menu (hotkey=N order=20)
[2026-01-09 19:15:40.584] MenuRegistry: Registered 'Notes' in 'Tools' menu (hotkey=N order=20)
[2026-01-09 19:15:40.586] ServiceContainer: Registered 'ChecklistTemplatesFolderScreen' (singleton=False)
[2026-01-09 19:15:40.588] MenuRegistry: Registered 'Checklist Templates' in 'Tools' menu (hotkey=H order=30)
[2026-01-09 19:15:40.589] MenuRegistry: Registered 'Checklist Templates' in 'Tools' menu (hotkey=H order=30)
[2026-01-09 19:15:40.591] ServiceContainer: Registered 'TimeListScreen' (singleton=False)
[2026-01-09 19:15:40.592] MenuRegistry: Registered 'Time Tracking' in 'Time' menu (hotkey=T order=5)
[2026-01-09 19:15:40.594] MenuRegistry: Registered 'Time Tracking' in 'Time' menu (hotkey=T order=5)
[2026-01-09 19:15:40.596] ServiceContainer: Registered 'WeeklyTimeReportScreen' (singleton=False)
[2026-01-09 19:15:40.597] MenuRegistry: Registered 'Weekly Report' in 'Time' menu (hotkey=W order=10)
[2026-01-09 19:15:40.599] MenuRegistry: Registered 'Weekly Report' in 'Time' menu (hotkey=W order=10)
[2026-01-09 19:15:40.602] ServiceContainer: Registered 'CommandLibraryScreen' (singleton=False)
[2026-01-09 19:15:40.603] MenuRegistry: Registered 'Command Library' in 'Tools' menu (hotkey=L order=10)
[2026-01-09 19:15:40.604] MenuRegistry: Registered 'Command Library' in 'Tools' menu (hotkey=L order=10)
[2026-01-09 19:15:40.607] ServiceContainer: Registered 'TaskListScreen_Default' (singleton=False)
[2026-01-09 19:15:40.607] MenuRegistry: Registered 'Task List' in 'Tasks' menu (hotkey=L order=5)
[2026-01-09 19:15:40.609] MenuRegistry: Registered 'Task List' in 'Tasks' menu (hotkey=L order=5)
[2026-01-09 19:15:40.611] ServiceContainer: Registered 'TimeReportScreen' (singleton=False)
[2026-01-09 19:15:40.612] MenuRegistry: Registered 'Time Report' in 'Time' menu (hotkey=R order=20)
[2026-01-09 19:15:40.614] MenuRegistry: Registered 'Time Report' in 'Time' menu (hotkey=R order=20)
[2026-01-09 19:15:40.616] ServiceContainer: Registered 'HelpViewScreen' (singleton=False)
[2026-01-09 19:15:40.618] MenuRegistry: Registered 'Help' in 'Help' menu (hotkey=H order=10)
[2026-01-09 19:15:40.620] MenuRegistry: Registered 'Help' in 'Help' menu (hotkey=H order=10)
[2026-01-09 19:15:40.622] ServiceContainer: Registered 'ExcelImportScreen' (singleton=False)
[2026-01-09 19:15:40.623] MenuRegistry: Registered 'Import from Excel' in 'Projects' menu (hotkey=I order=40)
[2026-01-09 19:15:40.624] MenuRegistry: Registered 'Import from Excel' in 'Projects' menu (hotkey=I order=40)
[2026-01-09 19:15:40.626] ServiceContainer: Registered 'TextExportProfileManagerScreen' (singleton=False)
[2026-01-09 19:15:40.656] MenuRegistry: Registered 'T2020 Export Profiles' in 'Tools' menu (hotkey=E order=45)
[2026-01-09 19:15:40.658] MenuRegistry: Registered 'T2020 Export Profiles' in 'Tools' menu (hotkey=E order=45)
[2026-01-09 19:15:40.659] ServiceContainer: Registered 'ExcelProfileManagerScreen' (singleton=False)
[2026-01-09 19:15:40.661] MenuRegistry: Registered 'Excel Profiles' in 'Projects' menu (hotkey=M order=50)
[2026-01-09 19:15:40.663] MenuRegistry: Registered 'Excel Profiles' in 'Projects' menu (hotkey=M order=50)
[2026-01-09 19:15:40.665] ServiceContainer: Registered 'CalendarScreen' (singleton=False)
[2026-01-09 19:15:40.666] MenuRegistry: Registered 'Calendar' in 'Tools' menu (hotkey=A order=50)
[2026-01-09 19:15:40.668] MenuRegistry: Registered 'Calendar' in 'Tools' menu (hotkey=A order=50)
[2026-01-09 19:15:40.670] ServiceContainer: Registered 'SettingsScreen' (singleton=False)
[2026-01-09 19:15:40.672] MenuRegistry: Registered 'Settings' in 'Options' menu (hotkey=S order=20)
[2026-01-09 19:15:40.674] MenuRegistry: Registered 'Settings' in 'Options' menu (hotkey=S order=20)
[2026-01-09 19:15:53.245] ServiceContainer: Resolving 'TimeListScreen'...
[2026-01-09 19:15:53.605] [INFO] StandardListScreen._ConfigureListActions: Configuring actions for Time Tracking
[2026-01-09 19:15:53.622] [INFO] StandardListScreen: Added footer shortcut D -> Delete
[2026-01-09 19:15:53.642] [INFO] StandardListScreen._ConfigureListActions: Configured 7 footer shortcuts
[2026-01-09 19:15:53.808] ServiceContainer: Resolved 'TimeListScreen' successfully
[2026-01-09 19:15:53.950] [INFO] StandardListScreen._ConfigureListActions: Configuring actions for Time Tracking
[2026-01-09 19:15:53.952] [INFO] StandardListScreen: Added footer shortcut D -> Delete
[2026-01-09 19:15:53.954] [INFO] StandardListScreen._ConfigureListActions: Configured 7 footer shortcuts
[19:15:54.234] [Z-BUFFER] REJECTED at (2,7): currentZ=10 < zBuffer=20 char='D'
[19:15:54.236] [Z-BUFFER] REJECTED at (3,7): currentZ=10 < zBuffer=20 char='a'
[19:15:54.237] [Z-BUFFER] REJECTED at (4,7): currentZ=10 < zBuffer=20 char='t'
[19:15:54.239] [Z-BUFFER] REJECTED at (5,7): currentZ=10 < zBuffer=20 char='e'
[19:15:54.240] [Z-BUFFER] REJECTED at (14,7): currentZ=10 < zBuffer=20 char='T'
[19:15:54.242] [Z-BUFFER] REJECTED at (15,7): currentZ=10 < zBuffer=20 char='a'
[19:15:54.243] [Z-BUFFER] REJECTED at (16,7): currentZ=10 < zBuffer=20 char='s'
[19:15:54.244] [Z-BUFFER] REJECTED at (17,7): currentZ=10 < zBuffer=20 char='k'
[19:15:54.246] [Z-BUFFER] REJECTED at (55,7): currentZ=10 < zBuffer=20 char='I'
[19:15:54.247] [Z-BUFFER] REJECTED at (56,7): currentZ=10 < zBuffer=20 char='D'
[19:15:54.248] [Z-BUFFER] REJECTED at (57,7): currentZ=10 < zBuffer=20 char='1'
[19:15:54.250] [Z-BUFFER] REJECTED at (65,7): currentZ=10 < zBuffer=20 char='I'
[19:15:54.251] [Z-BUFFER] REJECTED at (66,7): currentZ=10 < zBuffer=20 char='D'
[19:15:54.252] [Z-BUFFER] REJECTED at (67,7): currentZ=10 < zBuffer=20 char='2'
[19:15:54.254] [Z-BUFFER] REJECTED at (93,7): currentZ=10 < zBuffer=20 char='N'
[19:15:54.255] [Z-BUFFER] REJECTED at (94,7): currentZ=10 < zBuffer=20 char='o'
[19:15:54.256] [Z-BUFFER] REJECTED at (95,7): currentZ=10 < zBuffer=20 char='t'
[19:15:54.257] [Z-BUFFER] REJECTED at (96,7): currentZ=10 < zBuffer=20 char='e'
[19:15:54.259] [Z-BUFFER] REJECTED at (97,7): currentZ=10 < zBuffer=20 char='s'
[2026-01-09 19:15:56.372] [INFO] *** STANDARDLISTSCREEN.ADDITEM CALLED on type=TimeListScreen key=TimeList ***
[2026-01-09 19:15:56.519] [INFO] StandardListScreen.AddItem: ActiveModal set to InlineEditor. ShowInlineEditor=True
[19:15:56.664] [Z-BUFFER] REJECTED at (2,7): currentZ=10 < zBuffer=20 char='D'
[19:15:56.665] [Z-BUFFER] REJECTED at (3,7): currentZ=10 < zBuffer=20 char='a'
[19:15:56.665] [Z-BUFFER] REJECTED at (4,7): currentZ=10 < zBuffer=20 char='t'
[19:15:56.666] [Z-BUFFER] REJECTED at (5,7): currentZ=10 < zBuffer=20 char='e'
[19:15:56.667] [Z-BUFFER] REJECTED at (14,7): currentZ=10 < zBuffer=20 char='T'
[19:15:56.668] [Z-BUFFER] REJECTED at (15,7): currentZ=10 < zBuffer=20 char='a'
[19:15:56.668] [Z-BUFFER] REJECTED at (16,7): currentZ=10 < zBuffer=20 char='s'
[19:15:56.669] [Z-BUFFER] REJECTED at (17,7): currentZ=10 < zBuffer=20 char='k'
[19:15:56.670] [Z-BUFFER] REJECTED at (55,7): currentZ=10 < zBuffer=20 char='I'
[19:15:56.670] [Z-BUFFER] REJECTED at (56,7): currentZ=10 < zBuffer=20 char='D'
[19:15:56.671] [Z-BUFFER] REJECTED at (57,7): currentZ=10 < zBuffer=20 char='1'
[19:15:56.671] [Z-BUFFER] REJECTED at (65,7): currentZ=10 < zBuffer=20 char='I'
[19:15:56.672] [Z-BUFFER] REJECTED at (66,7): currentZ=10 < zBuffer=20 char='D'
[19:15:56.672] [Z-BUFFER] REJECTED at (67,7): currentZ=10 < zBuffer=20 char='2'
[19:15:56.673] [Z-BUFFER] REJECTED at (93,7): currentZ=10 < zBuffer=20 char='N'
[19:15:56.673] [Z-BUFFER] REJECTED at (94,7): currentZ=10 < zBuffer=20 char='o'
[19:15:56.674] [Z-BUFFER] REJECTED at (95,7): currentZ=10 < zBuffer=20 char='t'
[19:15:56.674] [Z-BUFFER] REJECTED at (96,7): currentZ=10 < zBuffer=20 char='e'
[19:15:56.675] [Z-BUFFER] REJECTED at (97,7): currentZ=10 < zBuffer=20 char='s'
[2026-01-09 19:15:56.686] [INFO] StandardListScreen.RenderContentToEngine: Rendering InlineEditor at Y=11
[19:15:58.233] [Z-BUFFER] REJECTED at (2,7): currentZ=10 < zBuffer=20 char='D'
[19:15:58.235] [Z-BUFFER] REJECTED at (3,7): currentZ=10 < zBuffer=20 char='a'
[19:15:58.236] [Z-BUFFER] REJECTED at (4,7): currentZ=10 < zBuffer=20 char='t'
[19:15:58.237] [Z-BUFFER] REJECTED at (5,7): currentZ=10 < zBuffer=20 char='e'
[19:15:58.238] [Z-BUFFER] REJECTED at (14,7): currentZ=10 < zBuffer=20 char='T'
[19:15:58.239] [Z-BUFFER] REJECTED at (15,7): currentZ=10 < zBuffer=20 char='a'
[19:15:58.240] [Z-BUFFER] REJECTED at (16,7): currentZ=10 < zBuffer=20 char='s'
[19:15:58.241] [Z-BUFFER] REJECTED at (17,7): currentZ=10 < zBuffer=20 char='k'
[19:15:58.242] [Z-BUFFER] REJECTED at (55,7): currentZ=10 < zBuffer=20 char='I'
[19:15:58.243] [Z-BUFFER] REJECTED at (56,7): currentZ=10 < zBuffer=20 char='D'
[19:15:58.247] [Z-BUFFER] REJECTED at (57,7): currentZ=10 < zBuffer=20 char='1'
[19:15:58.248] [Z-BUFFER] REJECTED at (65,7): currentZ=10 < zBuffer=20 char='I'
[19:15:58.249] [Z-BUFFER] REJECTED at (66,7): currentZ=10 < zBuffer=20 char='D'
[19:15:58.250] [Z-BUFFER] REJECTED at (67,7): currentZ=10 < zBuffer=20 char='2'
[19:15:58.251] [Z-BUFFER] REJECTED at (93,7): currentZ=10 < zBuffer=20 char='N'
[19:15:58.251] [Z-BUFFER] REJECTED at (94,7): currentZ=10 < zBuffer=20 char='o'
[19:15:58.252] [Z-BUFFER] REJECTED at (95,7): currentZ=10 < zBuffer=20 char='t'
[19:15:58.252] [Z-BUFFER] REJECTED at (96,7): currentZ=10 < zBuffer=20 char='e'
[19:15:58.253] [Z-BUFFER] REJECTED at (97,7): currentZ=10 < zBuffer=20 char='s'
[2026-01-09 19:15:58.263] [INFO] StandardListScreen.RenderContentToEngine: Rendering InlineEditor at Y=11
[19:16:01.289] [Z-BUFFER] REJECTED at (2,7): currentZ=10 < zBuffer=20 char='D'
[19:16:01.289] [Z-BUFFER] REJECTED at (3,7): currentZ=10 < zBuffer=20 char='a'
[19:16:01.290] [Z-BUFFER] REJECTED at (4,7): currentZ=10 < zBuffer=20 char='t'
[19:16:01.291] [Z-BUFFER] REJECTED at (5,7): currentZ=10 < zBuffer=20 char='e'
[19:16:01.292] [Z-BUFFER] REJECTED at (14,7): currentZ=10 < zBuffer=20 char='T'
[19:16:01.293] [Z-BUFFER] REJECTED at (15,7): currentZ=10 < zBuffer=20 char='a'
[19:16:01.294] [Z-BUFFER] REJECTED at (16,7): currentZ=10 < zBuffer=20 char='s'
[19:16:01.294] [Z-BUFFER] REJECTED at (17,7): currentZ=10 < zBuffer=20 char='k'
[19:16:01.295] [Z-BUFFER] REJECTED at (55,7): currentZ=10 < zBuffer=20 char='I'
[19:16:01.296] [Z-BUFFER] REJECTED at (56,7): currentZ=10 < zBuffer=20 char='D'
[19:16:01.297] [Z-BUFFER] REJECTED at (57,7): currentZ=10 < zBuffer=20 char='1'
[19:16:01.298] [Z-BUFFER] REJECTED at (65,7): currentZ=10 < zBuffer=20 char='I'
[19:16:01.299] [Z-BUFFER] REJECTED at (66,7): currentZ=10 < zBuffer=20 char='D'
[19:16:01.302] [Z-BUFFER] REJECTED at (67,7): currentZ=10 < zBuffer=20 char='2'
[19:16:01.303] [Z-BUFFER] REJECTED at (93,7): currentZ=10 < zBuffer=20 char='N'
[19:16:01.303] [Z-BUFFER] REJECTED at (94,7): currentZ=10 < zBuffer=20 char='o'
[19:16:01.304] [Z-BUFFER] REJECTED at (95,7): currentZ=10 < zBuffer=20 char='t'
[19:16:01.304] [Z-BUFFER] REJECTED at (96,7): currentZ=10 < zBuffer=20 char='e'
[19:16:01.305] [Z-BUFFER] REJECTED at (97,7): currentZ=10 < zBuffer=20 char='s'
[2026-01-09 19:16:01.309] [INFO] StandardListScreen.RenderContentToEngine: Rendering InlineEditor at Y=11
[19:16:04.373] [Z-BUFFER] REJECTED at (2,7): currentZ=10 < zBuffer=20 char='D'
[19:16:04.374] [Z-BUFFER] REJECTED at (3,7): currentZ=10 < zBuffer=20 char='a'
[19:16:04.375] [Z-BUFFER] REJECTED at (4,7): currentZ=10 < zBuffer=20 char='t'
[19:16:04.376] [Z-BUFFER] REJECTED at (5,7): currentZ=10 < zBuffer=20 char='e'
[19:16:04.379] [Z-BUFFER] REJECTED at (14,7): currentZ=10 < zBuffer=20 char='T'
[19:16:04.379] [Z-BUFFER] REJECTED at (15,7): currentZ=10 < zBuffer=20 char='a'
[19:16:04.380] [Z-BUFFER] REJECTED at (16,7): currentZ=10 < zBuffer=20 char='s'
[19:16:04.381] [Z-BUFFER] REJECTED at (17,7): currentZ=10 < zBuffer=20 char='k'
[19:16:04.381] [Z-BUFFER] REJECTED at (55,7): currentZ=10 < zBuffer=20 char='I'
[19:16:04.382] [Z-BUFFER] REJECTED at (56,7): currentZ=10 < zBuffer=20 char='D'
[19:16:04.382] [Z-BUFFER] REJECTED at (57,7): currentZ=10 < zBuffer=20 char='1'
[19:16:04.383] [Z-BUFFER] REJECTED at (65,7): currentZ=10 < zBuffer=20 char='I'
[19:16:04.384] [Z-BUFFER] REJECTED at (66,7): currentZ=10 < zBuffer=20 char='D'
[19:16:04.385] [Z-BUFFER] REJECTED at (67,7): currentZ=10 < zBuffer=20 char='2'
[19:16:04.385] [Z-BUFFER] REJECTED at (93,7): currentZ=10 < zBuffer=20 char='N'
[19:16:04.386] [Z-BUFFER] REJECTED at (94,7): currentZ=10 < zBuffer=20 char='o'
[19:16:04.386] [Z-BUFFER] REJECTED at (95,7): currentZ=10 < zBuffer=20 char='t'
[19:16:04.387] [Z-BUFFER] REJECTED at (96,7): currentZ=10 < zBuffer=20 char='e'
[19:16:04.389] [Z-BUFFER] REJECTED at (97,7): currentZ=10 < zBuffer=20 char='s'
[2026-01-09 19:16:04.392] [INFO] StandardListScreen.RenderContentToEngine: Rendering InlineEditor at Y=11
[19:16:17.040] [Z-BUFFER] REJECTED at (2,7): currentZ=10 < zBuffer=20 char='D'
[19:16:17.041] [Z-BUFFER] REJECTED at (3,7): currentZ=10 < zBuffer=20 char='a'
[19:16:17.042] [Z-BUFFER] REJECTED at (4,7): currentZ=10 < zBuffer=20 char='t'
[19:16:17.042] [Z-BUFFER] REJECTED at (5,7): currentZ=10 < zBuffer=20 char='e'
[19:16:17.044] [Z-BUFFER] REJECTED at (14,7): currentZ=10 < zBuffer=20 char='T'
[19:16:17.045] [Z-BUFFER] REJECTED at (15,7): currentZ=10 < zBuffer=20 char='a'
[19:16:17.045] [Z-BUFFER] REJECTED at (16,7): currentZ=10 < zBuffer=20 char='s'
[19:16:17.046] [Z-BUFFER] REJECTED at (17,7): currentZ=10 < zBuffer=20 char='k'
[19:16:17.046] [Z-BUFFER] REJECTED at (55,7): currentZ=10 < zBuffer=20 char='I'
[19:16:17.047] [Z-BUFFER] REJECTED at (56,7): currentZ=10 < zBuffer=20 char='D'
[19:16:17.047] [Z-BUFFER] REJECTED at (57,7): currentZ=10 < zBuffer=20 char='1'
[19:16:17.047] [Z-BUFFER] REJECTED at (65,7): currentZ=10 < zBuffer=20 char='I'
[19:16:17.048] [Z-BUFFER] REJECTED at (66,7): currentZ=10 < zBuffer=20 char='D'
[19:16:17.048] [Z-BUFFER] REJECTED at (67,7): currentZ=10 < zBuffer=20 char='2'
[19:16:17.049] [Z-BUFFER] REJECTED at (93,7): currentZ=10 < zBuffer=20 char='N'
[19:16:17.049] [Z-BUFFER] REJECTED at (94,7): currentZ=10 < zBuffer=20 char='o'
[19:16:17.050] [Z-BUFFER] REJECTED at (95,7): currentZ=10 < zBuffer=20 char='t'
[19:16:17.050] [Z-BUFFER] REJECTED at (96,7): currentZ=10 < zBuffer=20 char='e'
[19:16:17.052] [Z-BUFFER] REJECTED at (97,7): currentZ=10 < zBuffer=20 char='s'
[2026-01-09 19:16:17.056] [INFO] StandardListScreen.RenderContentToEngine: Rendering InlineEditor at Y=11
[19:16:17.145] [Z-BUFFER] REJECTED at (2,7): currentZ=10 < zBuffer=20 char='D'
[19:16:17.145] [Z-BUFFER] REJECTED at (3,7): currentZ=10 < zBuffer=20 char='a'
[19:16:17.146] [Z-BUFFER] REJECTED at (4,7): currentZ=10 < zBuffer=20 char='t'
[19:16:17.146] [Z-BUFFER] REJECTED at (5,7): currentZ=10 < zBuffer=20 char='e'
[19:16:17.147] [Z-BUFFER] REJECTED at (14,7): currentZ=10 < zBuffer=20 char='T'
[19:16:17.147] [Z-BUFFER] REJECTED at (15,7): currentZ=10 < zBuffer=20 char='a'
[19:16:17.148] [Z-BUFFER] REJECTED at (16,7): currentZ=10 < zBuffer=20 char='s'
[19:16:17.148] [Z-BUFFER] REJECTED at (17,7): currentZ=10 < zBuffer=20 char='k'
[19:16:17.149] [Z-BUFFER] REJECTED at (55,7): currentZ=10 < zBuffer=20 char='I'
[19:16:17.149] [Z-BUFFER] REJECTED at (56,7): currentZ=10 < zBuffer=20 char='D'
[19:16:17.150] [Z-BUFFER] REJECTED at (57,7): currentZ=10 < zBuffer=20 char='1'
[19:16:17.150] [Z-BUFFER] REJECTED at (65,7): currentZ=10 < zBuffer=20 char='I'
[19:16:17.151] [Z-BUFFER] REJECTED at (66,7): currentZ=10 < zBuffer=20 char='D'
[19:16:17.154] [Z-BUFFER] REJECTED at (67,7): currentZ=10 < zBuffer=20 char='2'
[19:16:17.155] [Z-BUFFER] REJECTED at (93,7): currentZ=10 < zBuffer=20 char='N'
[19:16:17.155] [Z-BUFFER] REJECTED at (94,7): currentZ=10 < zBuffer=20 char='o'
[19:16:17.156] [Z-BUFFER] REJECTED at (95,7): currentZ=10 < zBuffer=20 char='t'
[19:16:17.156] [Z-BUFFER] REJECTED at (96,7): currentZ=10 < zBuffer=20 char='e'
[19:16:17.157] [Z-BUFFER] REJECTED at (97,7): currentZ=10 < zBuffer=20 char='s'
[2026-01-09 19:16:17.160] [INFO] StandardListScreen.RenderContentToEngine: Rendering InlineEditor at Y=11
[19:16:17.248] [Z-BUFFER] REJECTED at (2,7): currentZ=10 < zBuffer=20 char='D'
[19:16:17.249] [Z-BUFFER] REJECTED at (3,7): currentZ=10 < zBuffer=20 char='a'
[19:16:17.249] [Z-BUFFER] REJECTED at (4,7): currentZ=10 < zBuffer=20 char='t'
[19:16:17.253] [Z-BUFFER] REJECTED at (5,7): currentZ=10 < zBuffer=20 char='e'
[19:16:17.253] [Z-BUFFER] REJECTED at (14,7): currentZ=10 < zBuffer=20 char='T'
[19:16:17.254] [Z-BUFFER] REJECTED at (15,7): currentZ=10 < zBuffer=20 char='a'
[19:16:17.254] [Z-BUFFER] REJECTED at (16,7): currentZ=10 < zBuffer=20 char='s'
[19:16:17.255] [Z-BUFFER] REJECTED at (17,7): currentZ=10 < zBuffer=20 char='k'
[19:16:17.255] [Z-BUFFER] REJECTED at (55,7): currentZ=10 < zBuffer=20 char='I'
[19:16:17.256] [Z-BUFFER] REJECTED at (56,7): currentZ=10 < zBuffer=20 char='D'
[19:16:17.256] [Z-BUFFER] REJECTED at (57,7): currentZ=10 < zBuffer=20 char='1'
[19:16:17.257] [Z-BUFFER] REJECTED at (65,7): currentZ=10 < zBuffer=20 char='I'
[19:16:17.257] [Z-BUFFER] REJECTED at (66,7): currentZ=10 < zBuffer=20 char='D'
[19:16:17.258] [Z-BUFFER] REJECTED at (67,7): currentZ=10 < zBuffer=20 char='2'
[19:16:17.258] [Z-BUFFER] REJECTED at (93,7): currentZ=10 < zBuffer=20 char='N'
[19:16:17.259] [Z-BUFFER] REJECTED at (94,7): currentZ=10 < zBuffer=20 char='o'
[19:16:17.259] [Z-BUFFER] REJECTED at (95,7): currentZ=10 < zBuffer=20 char='t'
[19:16:17.262] [Z-BUFFER] REJECTED at (96,7): currentZ=10 < zBuffer=20 char='e'
[19:16:17.262] [Z-BUFFER] REJECTED at (97,7): currentZ=10 < zBuffer=20 char='s'
[2026-01-09 19:16:17.266] [INFO] StandardListScreen.RenderContentToEngine: Rendering InlineEditor at Y=11
[2026-01-09 19:16:19.122] [INFO] UniversalList.RenderToEngine: SKIPPING row 0 (editor active, filling with blank)
[2026-01-09 19:16:19.147] [INFO] UniversalList.RenderToEngine: SKIPPING row 0 (editor active, filling with blank)
[19:16:19.164] [Z-BUFFER] REJECTED at (2,7): currentZ=10 < zBuffer=20 char='D'
[19:16:19.165] [Z-BUFFER] REJECTED at (3,7): currentZ=10 < zBuffer=20 char='a'
[19:16:19.165] [Z-BUFFER] REJECTED at (4,7): currentZ=10 < zBuffer=20 char='t'
[19:16:19.166] [Z-BUFFER] REJECTED at (5,7): currentZ=10 < zBuffer=20 char='e'
[19:16:19.166] [Z-BUFFER] REJECTED at (14,7): currentZ=10 < zBuffer=20 char='T'
[19:16:19.167] [Z-BUFFER] REJECTED at (15,7): currentZ=10 < zBuffer=20 char='a'
[19:16:19.167] [Z-BUFFER] REJECTED at (16,7): currentZ=10 < zBuffer=20 char='s'
[19:16:19.168] [Z-BUFFER] REJECTED at (17,7): currentZ=10 < zBuffer=20 char='k'
[19:16:19.169] [Z-BUFFER] REJECTED at (55,7): currentZ=10 < zBuffer=20 char='I'
[19:16:19.169] [Z-BUFFER] REJECTED at (56,7): currentZ=10 < zBuffer=20 char='D'
[19:16:19.170] [Z-BUFFER] REJECTED at (57,7): currentZ=10 < zBuffer=20 char='1'
[19:16:19.170] [Z-BUFFER] REJECTED at (65,7): currentZ=10 < zBuffer=20 char='I'
[19:16:19.171] [Z-BUFFER] REJECTED at (66,7): currentZ=10 < zBuffer=20 char='D'
[19:16:19.171] [Z-BUFFER] REJECTED at (67,7): currentZ=10 < zBuffer=20 char='2'
[19:16:19.172] [Z-BUFFER] REJECTED at (93,7): currentZ=10 < zBuffer=20 char='N'
[19:16:19.172] [Z-BUFFER] REJECTED at (94,7): currentZ=10 < zBuffer=20 char='o'
[19:16:19.173] [Z-BUFFER] REJECTED at (95,7): currentZ=10 < zBuffer=20 char='t'
[19:16:19.173] [Z-BUFFER] REJECTED at (96,7): currentZ=10 < zBuffer=20 char='e'
[19:16:19.174] [Z-BUFFER] REJECTED at (97,7): currentZ=10 < zBuffer=20 char='s'
[2026-01-09 19:16:19.175] [INFO] UniversalList.RenderToEngine: SKIPPING row 0 (editor active, filling with blank)
[2026-01-09 19:16:19.192] [INFO] StandardListScreen.RenderContentToEngine: Rendering InlineEditor at Y=9
[2026-01-09 19:16:21.669] [INFO] UniversalList.RenderToEngine: SKIPPING row 0 (editor active, filling with blank)
[19:16:21.697] [Z-BUFFER] REJECTED at (2,7): currentZ=10 < zBuffer=20 char='D'
[19:16:21.697] [Z-BUFFER] REJECTED at (3,7): currentZ=10 < zBuffer=20 char='a'
[19:16:21.698] [Z-BUFFER] REJECTED at (4,7): currentZ=10 < zBuffer=20 char='t'
[19:16:21.699] [Z-BUFFER] REJECTED at (5,7): currentZ=10 < zBuffer=20 char='e'
[19:16:21.699] [Z-BUFFER] REJECTED at (14,7): currentZ=10 < zBuffer=20 char='T'
[19:16:21.702] [Z-BUFFER] REJECTED at (15,7): currentZ=10 < zBuffer=20 char='a'
[19:16:21.703] [Z-BUFFER] REJECTED at (16,7): currentZ=10 < zBuffer=20 char='s'
[19:16:21.703] [Z-BUFFER] REJECTED at (17,7): currentZ=10 < zBuffer=20 char='k'
[19:16:21.704] [Z-BUFFER] REJECTED at (55,7): currentZ=10 < zBuffer=20 char='I'
[19:16:21.704] [Z-BUFFER] REJECTED at (56,7): currentZ=10 < zBuffer=20 char='D'
[19:16:21.705] [Z-BUFFER] REJECTED at (57,7): currentZ=10 < zBuffer=20 char='1'
[19:16:21.705] [Z-BUFFER] REJECTED at (65,7): currentZ=10 < zBuffer=20 char='I'
[19:16:21.706] [Z-BUFFER] REJECTED at (66,7): currentZ=10 < zBuffer=20 char='D'
[19:16:21.707] [Z-BUFFER] REJECTED at (67,7): currentZ=10 < zBuffer=20 char='2'
[19:16:21.707] [Z-BUFFER] REJECTED at (93,7): currentZ=10 < zBuffer=20 char='N'
[19:16:21.708] [Z-BUFFER] REJECTED at (94,7): currentZ=10 < zBuffer=20 char='o'
[19:16:21.708] [Z-BUFFER] REJECTED at (95,7): currentZ=10 < zBuffer=20 char='t'
[19:16:21.709] [Z-BUFFER] REJECTED at (96,7): currentZ=10 < zBuffer=20 char='e'
[19:16:21.709] [Z-BUFFER] REJECTED at (97,7): currentZ=10 < zBuffer=20 char='s'
[2026-01-09 19:16:21.712] [INFO] UniversalList.RenderToEngine: SKIPPING row 0 (editor active, filling with blank)
[2026-01-09 19:16:21.715] [INFO] StandardListScreen.RenderContentToEngine: Rendering InlineEditor at Y=9
[2026-01-09 19:16:22.231] [INFO] UniversalList.RenderToEngine: SKIPPING row 0 (editor active, filling with blank)
[19:16:22.264] [Z-BUFFER] REJECTED at (2,7): currentZ=10 < zBuffer=20 char='D'
[19:16:22.265] [Z-BUFFER] REJECTED at (3,7): currentZ=10 < zBuffer=20 char='a'
[19:16:22.265] [Z-BUFFER] REJECTED at (4,7): currentZ=10 < zBuffer=20 char='t'
[19:16:22.266] [Z-BUFFER] REJECTED at (5,7): currentZ=10 < zBuffer=20 char='e'
[19:16:22.267] [Z-BUFFER] REJECTED at (14,7): currentZ=10 < zBuffer=20 char='T'
[19:16:22.267] [Z-BUFFER] REJECTED at (15,7): currentZ=10 < zBuffer=20 char='a'
[19:16:22.268] [Z-BUFFER] REJECTED at (16,7): currentZ=10 < zBuffer=20 char='s'
[19:16:22.268] [Z-BUFFER] REJECTED at (17,7): currentZ=10 < zBuffer=20 char='k'
[19:16:22.269] [Z-BUFFER] REJECTED at (55,7): currentZ=10 < zBuffer=20 char='I'
[19:16:22.270] [Z-BUFFER] REJECTED at (56,7): currentZ=10 < zBuffer=20 char='D'
[19:16:22.270] [Z-BUFFER] REJECTED at (57,7): currentZ=10 < zBuffer=20 char='1'
[19:16:22.271] [Z-BUFFER] REJECTED at (65,7): currentZ=10 < zBuffer=20 char='I'
[19:16:22.271] [Z-BUFFER] REJECTED at (66,7): currentZ=10 < zBuffer=20 char='D'
[19:16:22.273] [Z-BUFFER] REJECTED at (67,7): currentZ=10 < zBuffer=20 char='2'
[19:16:22.274] [Z-BUFFER] REJECTED at (93,7): currentZ=10 < zBuffer=20 char='N'
[19:16:22.274] [Z-BUFFER] REJECTED at (94,7): currentZ=10 < zBuffer=20 char='o'
[19:16:22.275] [Z-BUFFER] REJECTED at (95,7): currentZ=10 < zBuffer=20 char='t'
[19:16:22.275] [Z-BUFFER] REJECTED at (96,7): currentZ=10 < zBuffer=20 char='e'
[19:16:22.275] [Z-BUFFER] REJECTED at (97,7): currentZ=10 < zBuffer=20 char='s'
[2026-01-09 19:16:22.276] [INFO] UniversalList.RenderToEngine: SKIPPING row 0 (editor active, filling with blank)
[2026-01-09 19:16:22.279] [INFO] StandardListScreen.RenderContentToEngine: Rendering InlineEditor at Y=9
[2026-01-09 19:16:22.445] [INFO] UniversalList.RenderToEngine: SKIPPING row 0 (editor active, filling with blank)
[19:16:22.477] [Z-BUFFER] REJECTED at (2,7): currentZ=10 < zBuffer=20 char='D'
[19:16:22.478] [Z-BUFFER] REJECTED at (3,7): currentZ=10 < zBuffer=20 char='a'
[19:16:22.478] [Z-BUFFER] REJECTED at (4,7): currentZ=10 < zBuffer=20 char='t'
[19:16:22.479] [Z-BUFFER] REJECTED at (5,7): currentZ=10 < zBuffer=20 char='e'
[19:16:22.480] [Z-BUFFER] REJECTED at (14,7): currentZ=10 < zBuffer=20 char='T'
[19:16:22.480] [Z-BUFFER] REJECTED at (15,7): currentZ=10 < zBuffer=20 char='a'
[19:16:22.481] [Z-BUFFER] REJECTED at (16,7): currentZ=10 < zBuffer=20 char='s'
[19:16:22.481] [Z-BUFFER] REJECTED at (17,7): currentZ=10 < zBuffer=20 char='k'
[19:16:22.482] [Z-BUFFER] REJECTED at (55,7): currentZ=10 < zBuffer=20 char='I'
[19:16:22.483] [Z-BUFFER] REJECTED at (56,7): currentZ=10 < zBuffer=20 char='D'
[19:16:22.483] [Z-BUFFER] REJECTED at (57,7): currentZ=10 < zBuffer=20 char='1'
[19:16:22.484] [Z-BUFFER] REJECTED at (65,7): currentZ=10 < zBuffer=20 char='I'
[19:16:22.485] [Z-BUFFER] REJECTED at (66,7): currentZ=10 < zBuffer=20 char='D'
[19:16:22.485] [Z-BUFFER] REJECTED at (67,7): currentZ=10 < zBuffer=20 char='2'
[19:16:22.486] [Z-BUFFER] REJECTED at (93,7): currentZ=10 < zBuffer=20 char='N'
[19:16:22.486] [Z-BUFFER] REJECTED at (94,7): currentZ=10 < zBuffer=20 char='o'
[19:16:22.486] [Z-BUFFER] REJECTED at (95,7): currentZ=10 < zBuffer=20 char='t'
[19:16:22.487] [Z-BUFFER] REJECTED at (96,7): currentZ=10 < zBuffer=20 char='e'
[19:16:22.487] [Z-BUFFER] REJECTED at (97,7): currentZ=10 < zBuffer=20 char='s'
[2026-01-09 19:16:22.488] [INFO] UniversalList.RenderToEngine: SKIPPING row 0 (editor active, filling with blank)
[2026-01-09 19:16:22.492] [INFO] StandardListScreen.RenderContentToEngine: Rendering InlineEditor at Y=9
