[2026-01-06 18:04:45.758] ServiceContainer: Registered 'Theme' (singleton=True)
[2026-01-06 18:04:45.765] ServiceContainer: Registered 'ThemeManager' (singleton=True)
[2026-01-06 18:04:45.766] ServiceContainer: Registered 'Config' (singleton=True)
[2026-01-06 18:04:45.768] ServiceContainer: Registered 'TaskStore' (singleton=True)
[2026-01-06 18:04:45.770] ServiceContainer: Registered 'MenuRegistry' (singleton=True)
[2026-01-06 18:04:45.771] ServiceContainer: Registered 'Application' (singleton=True)
[2026-01-06 18:04:45.773] ServiceContainer: Registered 'CommandService' (singleton=True)
[2026-01-06 18:04:45.775] ServiceContainer: Registered 'ChecklistService' (singleton=True)
[2026-01-06 18:04:45.777] ServiceContainer: Registered 'NoteService' (singleton=True)
[2026-01-06 18:04:45.778] ServiceContainer: Registered 'ExcelMappingService' (singleton=True)
[2026-01-06 18:04:45.780] ServiceContainer: Registered 'ExcelCopyService' (singleton=True)
[2026-01-06 18:04:45.781] ServiceContainer: Registered 'PreferencesService' (singleton=True)
[2026-01-06 18:04:45.783] ServiceContainer: Registered 'ExcelImportService' (singleton=True)
[2026-01-06 18:04:45.784] ServiceContainer: Registered 'TextExportService' (singleton=True)
[2026-01-06 18:04:45.786] ServiceContainer: Registered 'TaskListScreen' (singleton=False)
[2026-01-06 18:04:45.809] ServiceContainer: Resolving 'Application'...
[2026-01-06 18:04:45.812] ServiceContainer: Resolving 'Theme'...
[2026-01-06 18:04:46.081] ServiceContainer: Resolved 'Theme' successfully
[2026-01-06 18:04:46.203] ServiceContainer: Resolving 'ThemeManager'...
[2026-01-06 18:04:46.205] ServiceContainer: Resolved 'ThemeManager' successfully
[2026-01-06 18:04:46.225] ServiceContainer: Resolved 'Application' successfully
[2026-01-06 18:04:46.226] ServiceContainer: Resolving 'MenuRegistry'...
[2026-01-06 18:04:46.241] ServiceContainer: Resolved 'MenuRegistry' successfully
[2026-01-06 18:04:46.265] MenuRegistry: Loaded manifest with 16 entries
[2026-01-06 18:04:46.299] ServiceContainer: Registered 'NotesMenuScreen' (singleton=False)
[2026-01-06 18:04:46.300] MenuRegistry: Registered 'Notes' in 'Tools' menu (hotkey=N order=20)
[2026-01-06 18:04:46.320] MenuRegistry: Registered 'Notes' in 'Tools' menu (hotkey=N order=20)
[2026-01-06 18:04:46.323] ServiceContainer: Registered 'HelpViewScreen' (singleton=False)
[2026-01-06 18:04:46.324] MenuRegistry: Registered 'Help' in 'Help' menu (hotkey=H order=10)
[2026-01-06 18:04:46.326] MenuRegistry: Registered 'Help' in 'Help' menu (hotkey=H order=10)
[2026-01-06 18:04:46.328] ServiceContainer: Registered 'TaskListScreen_Default' (singleton=False)
[2026-01-06 18:04:46.329] MenuRegistry: Registered 'Task List' in 'Tasks' menu (hotkey=L order=5)
[2026-01-06 18:04:46.331] MenuRegistry: Registered 'Task List' in 'Tasks' menu (hotkey=L order=5)
[2026-01-06 18:04:46.333] ServiceContainer: Registered 'TimeListScreen' (singleton=False)
[2026-01-06 18:04:46.334] MenuRegistry: Registered 'Time Tracking' in 'Time' menu (hotkey=T order=5)
[2026-01-06 18:04:46.336] MenuRegistry: Registered 'Time Tracking' in 'Time' menu (hotkey=T order=5)
[2026-01-06 18:04:46.347] ServiceContainer: Registered 'ThemeEditorScreen' (singleton=False)
[2026-01-06 18:04:46.348] MenuRegistry: Registered 'Theme Editor' in 'Options' menu (hotkey=T order=10)
[2026-01-06 18:04:46.350] MenuRegistry: Registered 'Theme Editor' in 'Options' menu (hotkey=T order=10)
[2026-01-06 18:04:46.352] ServiceContainer: Registered 'WeeklyTimeReportScreen' (singleton=False)
[2026-01-06 18:04:46.353] MenuRegistry: Registered 'Weekly Report' in 'Time' menu (hotkey=W order=10)
[2026-01-06 18:04:46.355] MenuRegistry: Registered 'Weekly Report' in 'Time' menu (hotkey=W order=10)
[2026-01-06 18:04:46.356] ServiceContainer: Registered 'SettingsScreen' (singleton=False)
[2026-01-06 18:04:46.358] MenuRegistry: Registered 'Settings' in 'Options' menu (hotkey=S order=20)
[2026-01-06 18:04:46.359] MenuRegistry: Registered 'Settings' in 'Options' menu (hotkey=S order=20)
[2026-01-06 18:04:46.361] ServiceContainer: Registered 'ExcelImportProfileManagerScreen' (singleton=False)
[2026-01-06 18:04:46.362] MenuRegistry: Registered 'Excel Import Profiles' in 'Tools' menu (hotkey=I order=40)
[2026-01-06 18:04:46.364] MenuRegistry: Registered 'Excel Import Profiles' in 'Tools' menu (hotkey=I order=40)
[2026-01-06 18:04:46.366] ServiceContainer: Registered 'ExcelImportScreen' (singleton=False)
[2026-01-06 18:04:46.367] MenuRegistry: Registered 'Import from Excel' in 'Projects' menu (hotkey=I order=40)
[2026-01-06 18:04:46.368] MenuRegistry: Registered 'Import from Excel' in 'Projects' menu (hotkey=I order=40)
[2026-01-06 18:04:46.370] ServiceContainer: Registered 'TimeReportScreen' (singleton=False)
[2026-01-06 18:04:46.371] MenuRegistry: Registered 'Time Report' in 'Time' menu (hotkey=R order=20)
[2026-01-06 18:04:46.373] MenuRegistry: Registered 'Time Report' in 'Time' menu (hotkey=R order=20)
[2026-01-06 18:04:46.375] ServiceContainer: Registered 'ChecklistsLauncherScreen' (singleton=False)
[2026-01-06 18:04:46.376] MenuRegistry: Registered 'Checklists' in 'Tools' menu (hotkey=C order=25)
[2026-01-06 18:04:46.377] MenuRegistry: Registered 'Checklists' in 'Tools' menu (hotkey=C order=25)
[2026-01-06 18:04:46.379] ServiceContainer: Registered 'ExcelProfileManagerScreen' (singleton=False)
[2026-01-06 18:04:46.380] MenuRegistry: Registered 'Excel Profiles' in 'Projects' menu (hotkey=M order=50)
[2026-01-06 18:04:46.382] MenuRegistry: Registered 'Excel Profiles' in 'Projects' menu (hotkey=M order=50)
[2026-01-06 18:04:46.385] ServiceContainer: Registered 'ProjectListScreen' (singleton=False)
[2026-01-06 18:04:46.386] MenuRegistry: Registered 'Project List' in 'Projects' menu (hotkey=L order=10)
[2026-01-06 18:04:46.388] MenuRegistry: Registered 'Project List' in 'Projects' menu (hotkey=L order=10)
[2026-01-06 18:04:46.390] ServiceContainer: Registered 'TextExportProfileManagerScreen' (singleton=False)
[2026-01-06 18:04:46.391] MenuRegistry: Registered 'T2020 Export Profiles' in 'Tools' menu (hotkey=E order=45)
[2026-01-06 18:04:46.393] MenuRegistry: Registered 'T2020 Export Profiles' in 'Tools' menu (hotkey=E order=45)
[2026-01-06 18:04:46.395] ServiceContainer: Registered 'ChecklistTemplatesFolderScreen' (singleton=False)
[2026-01-06 18:04:46.396] MenuRegistry: Registered 'Checklist Templates' in 'Tools' menu (hotkey=H order=30)
[2026-01-06 18:04:46.398] MenuRegistry: Registered 'Checklist Templates' in 'Tools' menu (hotkey=H order=30)
[2026-01-06 18:04:46.401] ServiceContainer: Registered 'CommandLibraryScreen' (singleton=False)
[2026-01-06 18:04:46.402] MenuRegistry: Registered 'Command Library' in 'Tools' menu (hotkey=L order=10)
[2026-01-06 18:04:46.403] MenuRegistry: Registered 'Command Library' in 'Tools' menu (hotkey=L order=10)
[2026-01-06 18:04:46.406] ServiceContainer: Resolving 'TaskListScreen'...
[2026-01-06 18:04:46.408] ServiceContainer: Resolving 'TaskStore'...
[2026-01-06 18:04:46.600] ServiceContainer: Resolved 'TaskStore' successfully
[2026-01-06 18:04:47.438] [INFO] StandardListScreen._ConfigureListActions: Configuring actions for Tasks
[2026-01-06 18:04:47.485] [INFO] StandardListScreen: Added footer shortcut D -> Delete
[2026-01-06 18:04:47.515] [INFO] StandardListScreen._ConfigureListActions: Configured 16 footer shortcuts
[2026-01-06 18:04:47.736] _PopulateMenusFromRegistry: Menu 'Projects' has 3 items from registry (array)
[2026-01-06 18:04:47.760] _PopulateMenusFromRegistry: Menu 'Time' has 3 items from registry (array)
[2026-01-06 18:04:47.762] _PopulateMenusFromRegistry: Menu 'Help' has 1 items from registry (array)
[2026-01-06 18:04:47.765] _PopulateMenusFromRegistry: Menu 'Tasks' has 1 items from registry (array)
[2026-01-06 18:04:47.770] _PopulateMenusFromRegistry: Menu 'Tools' has 6 items from registry (array)
[2026-01-06 18:04:47.806] _PopulateMenusFromRegistry: Menu 'Options' has 2 items from registry (array)
[2026-01-06 18:04:47.809] ServiceContainer: Resolved 'TaskListScreen' successfully
[2026-01-06 18:04:48.189] [INFO] StandardListScreen._ConfigureListActions: Configuring actions for Tasks
[2026-01-06 18:04:48.193] [INFO] StandardListScreen: Added footer shortcut D -> Delete
[2026-01-06 18:04:48.200] [INFO] StandardListScreen._ConfigureListActions: Configured 16 footer shortcuts
[2026-01-06 18:04:53.778] [INFO] *** STANDARDLISTSCREEN.DELETEITEM CALLED ***
[2026-01-06 18:04:53.801] [INFO] TaskListScreen.OnItemDeleted: Deleting task with ID '378c7668-2c52-46a9-9397-2f041a1f5574'
[2026-01-06 18:05:20.567] [INFO] *** STANDARDLISTSCREEN.ADDITEM CALLED on type=TaskListScreen key=TaskList ***
[2026-01-06 18:05:20.686] [INFO] StandardListScreen.AddItem: ActiveModal set to InlineEditor. ShowInlineEditor=True
[2026-01-06 18:05:20.836] [INFO] StandardListScreen.RenderContentToEngine: Rendering InlineEditor at Y=15
[2026-01-06 18:05:24.224] [INFO] StandardListScreen.RenderContentToEngine: Rendering InlineEditor at Y=15
[2026-01-06 18:05:24.462] [INFO] StandardListScreen.RenderContentToEngine: Rendering InlineEditor at Y=15
[2026-01-06 18:05:24.585] [INFO] StandardListScreen.RenderContentToEngine: Rendering InlineEditor at Y=15
[2026-01-06 18:05:25.328] [INFO] TaskListScreen.OnInlineEditConfirmed called - EditorMode=add
[2026-01-06 18:05:25.340] [INFO] TaskListScreen.OnItemUpdated: item=NULL values=project, tags, text, due
[2026-01-06 18:05:25.353] [INFO] TaskListScreen.OnItemCreated: Called with values: project, tags, text, due
[2026-01-06 18:05:25.534] [INFO] TaskListScreen.OnInlineEditConfirmed: Editor cleanup complete
