[2026-01-03 13:58:13.948] ServiceContainer: Registered 'Theme' (singleton=True)
[2026-01-03 13:58:13.951] ServiceContainer: Registered 'ThemeManager' (singleton=True)
[2026-01-03 13:58:13.952] ServiceContainer: Registered 'Config' (singleton=True)
[2026-01-03 13:58:13.953] ServiceContainer: Registered 'TaskStore' (singleton=True)
[2026-01-03 13:58:13.954] ServiceContainer: Registered 'MenuRegistry' (singleton=True)
[2026-01-03 13:58:13.955] ServiceContainer: Registered 'Application' (singleton=True)
[2026-01-03 13:58:13.957] ServiceContainer: Registered 'CommandService' (singleton=True)
[2026-01-03 13:58:13.958] ServiceContainer: Registered 'ChecklistService' (singleton=True)
[2026-01-03 13:58:13.958] ServiceContainer: Registered 'NoteService' (singleton=True)
[2026-01-03 13:58:13.959] ServiceContainer: Registered 'ExcelMappingService' (singleton=True)
[2026-01-03 13:58:13.960] ServiceContainer: Registered 'ExcelCopyService' (singleton=True)
[2026-01-03 13:58:13.961] ServiceContainer: Registered 'PreferencesService' (singleton=True)
[2026-01-03 13:58:13.962] ServiceContainer: Registered 'ExcelImportService' (singleton=True)
[2026-01-03 13:58:13.963] ServiceContainer: Registered 'TextExportService' (singleton=True)
[2026-01-03 13:58:13.964] ServiceContainer: Registered 'TaskListScreen' (singleton=False)
[2026-01-03 13:58:13.979] ServiceContainer: Resolving 'Application'...
[2026-01-03 13:58:13.980] ServiceContainer: Resolving 'Theme'...
[2026-01-03 13:58:14.164] ServiceContainer: Resolved 'Theme' successfully
[2026-01-03 13:58:14.245] ServiceContainer: Resolving 'ThemeManager'...
[2026-01-03 13:58:14.246] ServiceContainer: Resolved 'ThemeManager' successfully
[2026-01-03 13:58:14.260] ServiceContainer: Resolved 'Application' successfully
[2026-01-03 13:58:14.260] ServiceContainer: Resolving 'MenuRegistry'...
[2026-01-03 13:58:14.271] ServiceContainer: Resolved 'MenuRegistry' successfully
[2026-01-03 13:58:14.286] MenuRegistry: Loaded manifest with 16 entries
[2026-01-03 13:58:14.312] ServiceContainer: Registered 'ProjectListScreen' (singleton=False)
[2026-01-03 13:58:14.313] MenuRegistry: Registered 'Project List' in 'Projects' menu (hotkey=L order=10)
[2026-01-03 13:58:14.325] MenuRegistry: Registered 'Project List' in 'Projects' menu (hotkey=L order=10)
[2026-01-03 13:58:14.328] ServiceContainer: Registered 'TextExportProfileManagerScreen' (singleton=False)
[2026-01-03 13:58:14.329] MenuRegistry: Registered 'T2020 Export Profiles' in 'Tools' menu (hotkey=E order=45)
[2026-01-03 13:58:14.330] MenuRegistry: Registered 'T2020 Export Profiles' in 'Tools' menu (hotkey=E order=45)
[2026-01-03 13:58:14.332] ServiceContainer: Registered 'ThemeEditorScreen' (singleton=False)
[2026-01-03 13:58:14.333] MenuRegistry: Registered 'Theme Editor' in 'Options' menu (hotkey=T order=10)
[2026-01-03 13:58:14.334] MenuRegistry: Registered 'Theme Editor' in 'Options' menu (hotkey=T order=10)
[2026-01-03 13:58:14.344] ServiceContainer: Registered 'WeeklyTimeReportScreen' (singleton=False)
[2026-01-03 13:58:14.345] MenuRegistry: Registered 'Weekly Report' in 'Time' menu (hotkey=W order=10)
[2026-01-03 13:58:14.346] MenuRegistry: Registered 'Weekly Report' in 'Time' menu (hotkey=W order=10)
[2026-01-03 13:58:14.347] ServiceContainer: Registered 'TimeListScreen' (singleton=False)
[2026-01-03 13:58:14.348] MenuRegistry: Registered 'Time Tracking' in 'Time' menu (hotkey=T order=5)
[2026-01-03 13:58:14.349] MenuRegistry: Registered 'Time Tracking' in 'Time' menu (hotkey=T order=5)
[2026-01-03 13:58:14.350] ServiceContainer: Registered 'CommandLibraryScreen' (singleton=False)
[2026-01-03 13:58:14.351] MenuRegistry: Registered 'Command Library' in 'Tools' menu (hotkey=L order=10)
[2026-01-03 13:58:14.352] MenuRegistry: Registered 'Command Library' in 'Tools' menu (hotkey=L order=10)
[2026-01-03 13:58:14.353] ServiceContainer: Registered 'NotesMenuScreen' (singleton=False)
[2026-01-03 13:58:14.354] MenuRegistry: Registered 'Notes' in 'Tools' menu (hotkey=N order=20)
[2026-01-03 13:58:14.356] MenuRegistry: Registered 'Notes' in 'Tools' menu (hotkey=N order=20)
[2026-01-03 13:58:14.357] ServiceContainer: Registered 'ExcelProfileManagerScreen' (singleton=False)
[2026-01-03 13:58:14.358] MenuRegistry: Registered 'Excel Profiles' in 'Projects' menu (hotkey=M order=50)
[2026-01-03 13:58:14.359] MenuRegistry: Registered 'Excel Profiles' in 'Projects' menu (hotkey=M order=50)
[2026-01-03 13:58:14.360] ServiceContainer: Registered 'TimeReportScreen' (singleton=False)
[2026-01-03 13:58:14.361] MenuRegistry: Registered 'Time Report' in 'Time' menu (hotkey=R order=20)
[2026-01-03 13:58:14.362] MenuRegistry: Registered 'Time Report' in 'Time' menu (hotkey=R order=20)
[2026-01-03 13:58:14.363] ServiceContainer: Registered 'HelpViewScreen' (singleton=False)
[2026-01-03 13:58:14.364] MenuRegistry: Registered 'Help' in 'Help' menu (hotkey=H order=10)
[2026-01-03 13:58:14.365] MenuRegistry: Registered 'Help' in 'Help' menu (hotkey=H order=10)
[2026-01-03 13:58:14.366] ServiceContainer: Registered 'ExcelImportScreen' (singleton=False)
[2026-01-03 13:58:14.366] MenuRegistry: Registered 'Import from Excel' in 'Projects' menu (hotkey=I order=40)
[2026-01-03 13:58:14.367] MenuRegistry: Registered 'Import from Excel' in 'Projects' menu (hotkey=I order=40)
[2026-01-03 13:58:14.369] ServiceContainer: Registered 'ChecklistTemplatesFolderScreen' (singleton=False)
[2026-01-03 13:58:14.370] MenuRegistry: Registered 'Checklist Templates' in 'Tools' menu (hotkey=H order=30)
[2026-01-03 13:58:14.372] MenuRegistry: Registered 'Checklist Templates' in 'Tools' menu (hotkey=H order=30)
[2026-01-03 13:58:14.373] ServiceContainer: Registered 'ChecklistsLauncherScreen' (singleton=False)
[2026-01-03 13:58:14.374] MenuRegistry: Registered 'Checklists' in 'Tools' menu (hotkey=C order=25)
[2026-01-03 13:58:14.375] MenuRegistry: Registered 'Checklists' in 'Tools' menu (hotkey=C order=25)
[2026-01-03 13:58:14.377] ServiceContainer: Registered 'TaskListScreen_Default' (singleton=False)
[2026-01-03 13:58:14.377] MenuRegistry: Registered 'Task List' in 'Tasks' menu (hotkey=L order=5)
[2026-01-03 13:58:14.379] MenuRegistry: Registered 'Task List' in 'Tasks' menu (hotkey=L order=5)
[2026-01-03 13:58:14.380] ServiceContainer: Registered 'SettingsScreen' (singleton=False)
[2026-01-03 13:58:14.381] MenuRegistry: Registered 'Settings' in 'Options' menu (hotkey=S order=20)
[2026-01-03 13:58:14.382] MenuRegistry: Registered 'Settings' in 'Options' menu (hotkey=S order=20)
[2026-01-03 13:58:14.384] ServiceContainer: Registered 'ExcelImportProfileManagerScreen' (singleton=False)
[2026-01-03 13:58:14.385] MenuRegistry: Registered 'Excel Import Profiles' in 'Tools' menu (hotkey=I order=40)
[2026-01-03 13:58:14.387] MenuRegistry: Registered 'Excel Import Profiles' in 'Tools' menu (hotkey=I order=40)
[2026-01-03 13:58:14.389] ServiceContainer: Resolving 'TaskListScreen'...
[2026-01-03 13:58:14.410] ServiceContainer: Resolving 'TaskStore'...
[2026-01-03 13:58:14.511] ServiceContainer: Resolved 'TaskStore' successfully
[2026-01-03 13:58:15.266] _PopulateMenusFromRegistry: Menu 'Help' has 1 items from registry (array)
[2026-01-03 13:58:15.284] _PopulateMenusFromRegistry: Menu 'Projects' has 3 items from registry (array)
[2026-01-03 13:58:15.291] _PopulateMenusFromRegistry: Menu 'Tools' has 6 items from registry (array)
[2026-01-03 13:58:15.294] _PopulateMenusFromRegistry: Menu 'Options' has 2 items from registry (array)
[2026-01-03 13:58:15.296] _PopulateMenusFromRegistry: Menu 'Tasks' has 1 items from registry (array)
[2026-01-03 13:58:15.299] _PopulateMenusFromRegistry: Menu 'Time' has 3 items from registry (array)
[2026-01-03 13:58:15.301] ServiceContainer: Resolved 'TaskListScreen' successfully
