[2025-12-20 07:48:49.095] ServiceContainer: Registered 'Theme' (singleton=True)
[2025-12-20 07:48:49.106] ServiceContainer: Registered 'ThemeManager' (singleton=True)
[2025-12-20 07:48:49.107] ServiceContainer: Registered 'Config' (singleton=True)
[2025-12-20 07:48:49.108] ServiceContainer: Registered 'TaskStore' (singleton=True)
[2025-12-20 07:48:49.109] ServiceContainer: Registered 'MenuRegistry' (singleton=True)
[2025-12-20 07:48:49.110] ServiceContainer: Registered 'Application' (singleton=True)
[2025-12-20 07:48:49.111] ServiceContainer: Registered 'CommandService' (singleton=True)
[2025-12-20 07:48:49.112] ServiceContainer: Registered 'ChecklistService' (singleton=True)
[2025-12-20 07:48:49.113] ServiceContainer: Registered 'NoteService' (singleton=True)
[2025-12-20 07:48:49.114] ServiceContainer: Registered 'ExcelMappingService' (singleton=True)
[2025-12-20 07:48:49.115] ServiceContainer: Registered 'PreferencesService' (singleton=True)
[2025-12-20 07:48:49.121] ServiceContainer: Registered 'TaskListScreen' (singleton=False)
[2025-12-20 07:48:49.135] ServiceContainer: Resolving 'Application'...
[2025-12-20 07:48:49.136] ServiceContainer: Resolving 'Theme'...
[2025-12-20 07:48:49.308] ServiceContainer: Resolved 'Theme' successfully
[2025-12-20 07:48:49.365] ServiceContainer: Resolving 'ThemeManager'...
[2025-12-20 07:48:49.367] ServiceContainer: Resolved 'ThemeManager' successfully
[2025-12-20 07:48:49.378] ServiceContainer: Resolved 'Application' successfully
[2025-12-20 07:48:49.379] ServiceContainer: Resolving 'MenuRegistry'...
[2025-12-20 07:48:49.388] ServiceContainer: Resolved 'MenuRegistry' successfully
[2025-12-20 07:48:49.403] MenuRegistry: Loaded manifest with 23 entries
[2025-12-20 07:48:49.430] ServiceContainer: Registered 'HelpViewScreen' (singleton=False)
[2025-12-20 07:48:49.430] MenuRegistry: Registered screen factory 'HelpViewScreen' in container (viewMode=)
[2025-12-20 07:48:49.450] MenuRegistry: Registered 'Help' in 'Help' menu (hotkey=H order=10)
[2025-12-20 07:48:49.451] ServiceContainer: Registered 'ChecklistsLauncherScreen' (singleton=False)
[2025-12-20 07:48:49.452] MenuRegistry: Registered screen factory 'ChecklistsLauncherScreen' in container (viewMode=)
[2025-12-20 07:48:49.454] MenuRegistry: Registered 'Checklists' in 'Tools' menu (hotkey=C order=25)
[2025-12-20 07:48:49.457] ServiceContainer: Registered 'TaskListScreen_NoDate' (singleton=False)
[2025-12-20 07:48:49.457] MenuRegistry: Registered screen factory 'TaskListScreen_NoDate' in container (viewMode=noduedate)
[2025-12-20 07:48:49.458] MenuRegistry: Registered 'No Due Date' in 'Tasks' menu (hotkey=D order=40)
[2025-12-20 07:48:49.460] ServiceContainer: Registered 'TaskListScreen_Month' (singleton=False)
[2025-12-20 07:48:49.461] MenuRegistry: Registered screen factory 'TaskListScreen_Month' in container (viewMode=month)
[2025-12-20 07:48:49.462] MenuRegistry: Registered 'Month View' in 'Tasks' menu (hotkey=M order=45)
[2025-12-20 07:48:49.463] ServiceContainer: Registered 'TaskListScreen_NextActions' (singleton=False)
[2025-12-20 07:48:49.464] MenuRegistry: Registered screen factory 'TaskListScreen_NextActions' in container (viewMode=nextactions)
[2025-12-20 07:48:49.465] MenuRegistry: Registered 'Next Actions' in 'Tasks' menu (hotkey=N order=35)
[2025-12-20 07:48:49.466] ServiceContainer: Registered 'ProjectListScreen' (singleton=False)
[2025-12-20 07:48:49.467] MenuRegistry: Registered screen factory 'ProjectListScreen' in container (viewMode=)
[2025-12-20 07:48:49.468] MenuRegistry: Registered 'Project List' in 'Projects' menu (hotkey=L order=10)
[2025-12-20 07:48:49.470] ServiceContainer: Registered 'TimeReportScreen' (singleton=False)
[2025-12-20 07:48:49.470] MenuRegistry: Registered screen factory 'TimeReportScreen' in container (viewMode=)
[2025-12-20 07:48:49.472] MenuRegistry: Registered 'Time Report' in 'Time' menu (hotkey=R order=20)
[2025-12-20 07:48:49.473] ServiceContainer: Registered 'TaskListScreen_Today' (singleton=False)
[2025-12-20 07:48:49.474] MenuRegistry: Registered screen factory 'TaskListScreen_Today' in container (viewMode=today)
[2025-12-20 07:48:49.475] MenuRegistry: Registered 'Today' in 'Tasks' menu (hotkey=Y order=10)
[2025-12-20 07:48:49.476] ServiceContainer: Registered 'TaskListScreen_Tomorrow' (singleton=False)
[2025-12-20 07:48:49.477] MenuRegistry: Registered screen factory 'TaskListScreen_Tomorrow' in container (viewMode=tomorrow)
[2025-12-20 07:48:49.478] MenuRegistry: Registered 'Tomorrow' in 'Tasks' menu (hotkey=T order=15)
[2025-12-20 07:48:49.479] ServiceContainer: Registered 'TimeListScreen' (singleton=False)
[2025-12-20 07:48:49.480] MenuRegistry: Registered screen factory 'TimeListScreen' in container (viewMode=)
[2025-12-20 07:48:49.481] MenuRegistry: Registered 'Time Tracking' in 'Time' menu (hotkey=T order=5)
[2025-12-20 07:48:49.483] ServiceContainer: Registered 'TaskListScreen_Default' (singleton=False)
[2025-12-20 07:48:49.484] MenuRegistry: Registered screen factory 'TaskListScreen_Default' in container (viewMode=)
[2025-12-20 07:48:49.485] MenuRegistry: Registered 'Task List' in 'Tasks' menu (hotkey=L order=5)
[2025-12-20 07:48:49.486] ServiceContainer: Registered 'SettingsScreen' (singleton=False)
[2025-12-20 07:48:49.487] MenuRegistry: Registered screen factory 'SettingsScreen' in container (viewMode=)
[2025-12-20 07:48:49.488] MenuRegistry: Registered 'Settings' in 'Options' menu (hotkey=S order=20)
[2025-12-20 07:48:49.489] ServiceContainer: Registered 'WeeklyTimeReportScreen' (singleton=False)
[2025-12-20 07:48:49.490] MenuRegistry: Registered screen factory 'WeeklyTimeReportScreen' in container (viewMode=)
[2025-12-20 07:48:49.491] MenuRegistry: Registered 'Weekly Report' in 'Time' menu (hotkey=W order=10)
[2025-12-20 07:48:49.493] ServiceContainer: Registered 'NotesMenuScreen' (singleton=False)
[2025-12-20 07:48:49.494] MenuRegistry: Registered screen factory 'NotesMenuScreen' in container (viewMode=)
[2025-12-20 07:48:49.495] MenuRegistry: Registered 'Notes' in 'Tools' menu (hotkey=N order=20)
[2025-12-20 07:48:49.515] ServiceContainer: Registered 'TaskListScreen_Upcoming' (singleton=False)
[2025-12-20 07:48:49.516] MenuRegistry: Registered screen factory 'TaskListScreen_Upcoming' in container (viewMode=upcoming)
[2025-12-20 07:48:49.517] MenuRegistry: Registered 'Upcoming' in 'Tasks' menu (hotkey=U order=25)
[2025-12-20 07:48:49.519] ServiceContainer: Registered 'ThemeEditorScreen' (singleton=False)
[2025-12-20 07:48:49.520] MenuRegistry: Registered screen factory 'ThemeEditorScreen' in container (viewMode=)
[2025-12-20 07:48:49.521] MenuRegistry: Registered 'Theme Editor' in 'Options' menu (hotkey=T order=10)
[2025-12-20 07:48:49.522] ServiceContainer: Registered 'ChecklistTemplatesFolderScreen' (singleton=False)
[2025-12-20 07:48:49.523] MenuRegistry: Registered screen factory 'ChecklistTemplatesFolderScreen' in container (viewMode=)
[2025-12-20 07:48:49.524] MenuRegistry: Registered 'Checklist Templates' in 'Tools' menu (hotkey=H order=30)
[2025-12-20 07:48:49.526] ServiceContainer: Registered 'ExcelImportScreen' (singleton=False)
[2025-12-20 07:48:49.527] MenuRegistry: Registered screen factory 'ExcelImportScreen' in container (viewMode=)
[2025-12-20 07:48:49.528] MenuRegistry: Registered 'Import from Excel' in 'Projects' menu (hotkey=I order=40)
[2025-12-20 07:48:49.529] ServiceContainer: Registered 'TaskListScreen_Overdue' (singleton=False)
[2025-12-20 07:48:49.530] MenuRegistry: Registered screen factory 'TaskListScreen_Overdue' in container (viewMode=overdue)
[2025-12-20 07:48:49.531] MenuRegistry: Registered 'Overdue' in 'Tasks' menu (hotkey=O order=30)
[2025-12-20 07:48:49.533] ServiceContainer: Registered 'CommandLibraryScreen' (singleton=False)
[2025-12-20 07:48:49.534] MenuRegistry: Registered screen factory 'CommandLibraryScreen' in container (viewMode=)
[2025-12-20 07:48:49.536] MenuRegistry: Registered 'Command Library' in 'Tools' menu (hotkey=L order=10)
[2025-12-20 07:48:49.538] ServiceContainer: Registered 'ExcelProfileManagerScreen' (singleton=False)
[2025-12-20 07:48:49.539] MenuRegistry: Registered screen factory 'ExcelProfileManagerScreen' in container (viewMode=)
[2025-12-20 07:48:49.540] MenuRegistry: Registered 'Excel Profiles' in 'Projects' menu (hotkey=M order=50)
[2025-12-20 07:48:49.542] ServiceContainer: Registered 'TaskListScreen_Week' (singleton=False)
[2025-12-20 07:48:49.543] MenuRegistry: Registered screen factory 'TaskListScreen_Week' in container (viewMode=week)
[2025-12-20 07:48:49.545] MenuRegistry: Registered 'Week View' in 'Tasks' menu (hotkey=W order=20)
[2025-12-20 07:48:49.547] ServiceContainer: Registered 'TaskListScreen_Agenda' (singleton=False)
[2025-12-20 07:48:49.548] MenuRegistry: Registered screen factory 'TaskListScreen_Agenda' in container (viewMode=agenda)
[2025-12-20 07:48:49.549] MenuRegistry: Registered 'Agenda View' in 'Tasks' menu (hotkey=A order=50)
[2025-12-20 07:48:49.551] ServiceContainer: Resolving 'TaskListScreen'...
[2025-12-20 07:48:49.553] ServiceContainer: Resolving 'TaskStore'...
[2025-12-20 07:48:49.761] ServiceContainer: Resolved 'TaskStore' successfully
[2025-12-20 07:48:50.470] _PopulateMenusFromRegistry: Menu 'Help' has 1 items from registry (array)
[2025-12-20 07:48:50.486] _PopulateMenusFromRegistry: Menu 'Options' has 2 items from registry (array)
[2025-12-20 07:48:50.489] _PopulateMenusFromRegistry: Menu 'Projects' has 3 items from registry (array)
[2025-12-20 07:48:50.492] _PopulateMenusFromRegistry: Menu 'Tools' has 4 items from registry (array)
[2025-12-20 07:48:50.497] _PopulateMenusFromRegistry: Menu 'Tasks' has 10 items from registry (array)
[2025-12-20 07:48:50.501] _PopulateMenusFromRegistry: Menu 'Time' has 3 items from registry (array)
[2025-12-20 07:48:50.503] ServiceContainer: Resolved 'TaskListScreen' successfully
[2025-12-20 07:49:09.172] ServiceContainer: Resolving 'ProjectListScreen'...
[2025-12-20 07:49:09.229] ServiceContainer: Resolved 'ProjectListScreen' successfully
