[2025-12-21 16:16:26.244] ServiceContainer: Registered 'Theme' (singleton=True)
[2025-12-21 16:16:26.247] ServiceContainer: Registered 'ThemeManager' (singleton=True)
[2025-12-21 16:16:26.248] ServiceContainer: Registered 'Config' (singleton=True)
[2025-12-21 16:16:26.248] ServiceContainer: Registered 'TaskStore' (singleton=True)
[2025-12-21 16:16:26.249] ServiceContainer: Registered 'MenuRegistry' (singleton=True)
[2025-12-21 16:16:26.250] ServiceContainer: Registered 'Application' (singleton=True)
[2025-12-21 16:16:26.251] ServiceContainer: Registered 'CommandService' (singleton=True)
[2025-12-21 16:16:26.251] ServiceContainer: Registered 'ChecklistService' (singleton=True)
[2025-12-21 16:16:26.252] ServiceContainer: Registered 'NoteService' (singleton=True)
[2025-12-21 16:16:26.253] ServiceContainer: Registered 'ExcelMappingService' (singleton=True)
[2025-12-21 16:16:26.253] ServiceContainer: Registered 'PreferencesService' (singleton=True)
[2025-12-21 16:16:26.254] ServiceContainer: Registered 'TaskListScreen' (singleton=False)
[2025-12-21 16:16:26.270] ServiceContainer: Resolving 'Application'...
[2025-12-21 16:16:26.271] ServiceContainer: Resolving 'Theme'...
[2025-12-21 16:16:26.481] ServiceContainer: Resolved 'Theme' successfully
[2025-12-21 16:16:26.541] ServiceContainer: Resolving 'ThemeManager'...
[2025-12-21 16:16:26.542] ServiceContainer: Resolved 'ThemeManager' successfully
[2025-12-21 16:16:26.552] ServiceContainer: Resolved 'Application' successfully
[2025-12-21 16:16:26.553] ServiceContainer: Resolving 'MenuRegistry'...
[2025-12-21 16:16:26.570] ServiceContainer: Resolved 'MenuRegistry' successfully
[2025-12-21 16:16:26.585] MenuRegistry: Loaded manifest with 14 entries
[2025-12-21 16:16:26.604] ServiceContainer: Registered 'ExcelImportScreen' (singleton=False)
[2025-12-21 16:16:26.605] MenuRegistry: Registered 'Import from Excel' in 'Projects' menu (hotkey=I order=40)
[2025-12-21 16:16:26.617] MenuRegistry: Registered 'Import from Excel' in 'Projects' menu (hotkey=I order=40)
[2025-12-21 16:16:26.619] ServiceContainer: Registered 'WeeklyTimeReportScreen' (singleton=False)
[2025-12-21 16:16:26.619] MenuRegistry: Registered 'Weekly Report' in 'Time' menu (hotkey=W order=10)
[2025-12-21 16:16:26.621] MenuRegistry: Registered 'Weekly Report' in 'Time' menu (hotkey=W order=10)
[2025-12-21 16:16:26.622] ServiceContainer: Registered 'HelpViewScreen' (singleton=False)
[2025-12-21 16:16:26.623] MenuRegistry: Registered 'Help' in 'Help' menu (hotkey=H order=10)
[2025-12-21 16:16:26.624] MenuRegistry: Registered 'Help' in 'Help' menu (hotkey=H order=10)
[2025-12-21 16:16:26.625] ServiceContainer: Registered 'CommandLibraryScreen' (singleton=False)
[2025-12-21 16:16:26.626] MenuRegistry: Registered 'Command Library' in 'Tools' menu (hotkey=L order=10)
[2025-12-21 16:16:26.627] MenuRegistry: Registered 'Command Library' in 'Tools' menu (hotkey=L order=10)
[2025-12-21 16:16:26.628] ServiceContainer: Registered 'TimeListScreen' (singleton=False)
[2025-12-21 16:16:26.629] MenuRegistry: Registered 'Time Tracking' in 'Time' menu (hotkey=T order=5)
[2025-12-21 16:16:26.630] MenuRegistry: Registered 'Time Tracking' in 'Time' menu (hotkey=T order=5)
[2025-12-21 16:16:26.631] ServiceContainer: Registered 'ChecklistsLauncherScreen' (singleton=False)
[2025-12-21 16:16:26.632] MenuRegistry: Registered 'Checklists' in 'Tools' menu (hotkey=C order=25)
[2025-12-21 16:16:26.633] MenuRegistry: Registered 'Checklists' in 'Tools' menu (hotkey=C order=25)
[2025-12-21 16:16:26.634] ServiceContainer: Registered 'TaskListScreen_Default' (singleton=False)
[2025-12-21 16:16:26.635] MenuRegistry: Registered 'Task List' in 'Tasks' menu (hotkey=L order=5)
[2025-12-21 16:16:26.636] MenuRegistry: Registered 'Task List' in 'Tasks' menu (hotkey=L order=5)
[2025-12-21 16:16:26.637] ServiceContainer: Registered 'TimeReportScreen' (singleton=False)
[2025-12-21 16:16:26.638] MenuRegistry: Registered 'Time Report' in 'Time' menu (hotkey=R order=20)
[2025-12-21 16:16:26.639] MenuRegistry: Registered 'Time Report' in 'Time' menu (hotkey=R order=20)
[2025-12-21 16:16:26.640] ServiceContainer: Registered 'SettingsScreen' (singleton=False)
[2025-12-21 16:16:26.641] MenuRegistry: Registered 'Settings' in 'Options' menu (hotkey=S order=20)
[2025-12-21 16:16:26.642] MenuRegistry: Registered 'Settings' in 'Options' menu (hotkey=S order=20)
[2025-12-21 16:16:26.644] ServiceContainer: Registered 'ThemeEditorScreen' (singleton=False)
[2025-12-21 16:16:26.648] MenuRegistry: Registered 'Theme Editor' in 'Options' menu (hotkey=T order=10)
[2025-12-21 16:16:26.650] MenuRegistry: Registered 'Theme Editor' in 'Options' menu (hotkey=T order=10)
[2025-12-21 16:16:26.651] ServiceContainer: Registered 'NotesMenuScreen' (singleton=False)
[2025-12-21 16:16:26.652] MenuRegistry: Registered 'Notes' in 'Tools' menu (hotkey=N order=20)
[2025-12-21 16:16:26.653] MenuRegistry: Registered 'Notes' in 'Tools' menu (hotkey=N order=20)
[2025-12-21 16:16:26.654] ServiceContainer: Registered 'ProjectListScreen' (singleton=False)
[2025-12-21 16:16:26.654] MenuRegistry: Registered 'Project List' in 'Projects' menu (hotkey=L order=10)
[2025-12-21 16:16:26.655] MenuRegistry: Registered 'Project List' in 'Projects' menu (hotkey=L order=10)
[2025-12-21 16:16:26.656] ServiceContainer: Registered 'ChecklistTemplatesFolderScreen' (singleton=False)
[2025-12-21 16:16:26.657] MenuRegistry: Registered 'Checklist Templates' in 'Tools' menu (hotkey=H order=30)
[2025-12-21 16:16:26.658] MenuRegistry: Registered 'Checklist Templates' in 'Tools' menu (hotkey=H order=30)
[2025-12-21 16:16:26.659] ServiceContainer: Registered 'ExcelProfileManagerScreen' (singleton=False)
[2025-12-21 16:16:26.660] MenuRegistry: Registered 'Excel Profiles' in 'Projects' menu (hotkey=M order=50)
[2025-12-21 16:16:26.661] MenuRegistry: Registered 'Excel Profiles' in 'Projects' menu (hotkey=M order=50)
[2025-12-21 16:16:26.662] ServiceContainer: Resolving 'TaskListScreen'...
[2025-12-21 16:16:26.664] ServiceContainer: Resolving 'TaskStore'...
[2025-12-21 16:16:26.898] ServiceContainer: Resolved 'TaskStore' successfully
[2025-12-21 16:16:27.528] _PopulateMenusFromRegistry: Menu 'Help' has 1 items from registry (array)
[2025-12-21 16:16:27.544] _PopulateMenusFromRegistry: Menu 'Time' has 3 items from registry (array)
[2025-12-21 16:16:27.556] _PopulateMenusFromRegistry: Menu 'Projects' has 3 items from registry (array)
[2025-12-21 16:16:27.558] _PopulateMenusFromRegistry: Menu 'Options' has 2 items from registry (array)
[2025-12-21 16:16:27.560] _PopulateMenusFromRegistry: Menu 'Tools' has 4 items from registry (array)
[2025-12-21 16:16:27.562] _PopulateMenusFromRegistry: Menu 'Tasks' has 1 items from registry (array)
[2025-12-21 16:16:27.564] ServiceContainer: Resolved 'TaskListScreen' successfully
[2025-12-21 16:16:32.316] ServiceContainer: Resolving 'ProjectListScreen'...
[2025-12-21 16:16:32.399] ServiceContainer: Resolved 'ProjectListScreen' successfully
[2025-12-21 16:16:41.984] ServiceContainer: Registered 'ProjectInfoScreenV4' (singleton=False)
[2025-12-21 16:16:41.986] ServiceContainer: Resolving 'ProjectInfoScreenV4'...
[2025-12-21 16:16:42.065] ServiceContainer: Resolved 'ProjectInfoScreenV4' successfully
