[2026-01-07 08:55:38.815] ServiceContainer: Registered 'Theme' (singleton=True)
[2026-01-07 08:55:38.818] ServiceContainer: Registered 'ThemeManager' (singleton=True)
[2026-01-07 08:55:38.819] ServiceContainer: Registered 'Config' (singleton=True)
[2026-01-07 08:55:38.819] ServiceContainer: Registered 'TaskStore' (singleton=True)
[2026-01-07 08:55:38.820] ServiceContainer: Registered 'MenuRegistry' (singleton=True)
[2026-01-07 08:55:38.821] ServiceContainer: Registered 'Application' (singleton=True)
[2026-01-07 08:55:38.822] ServiceContainer: Registered 'CommandService' (singleton=True)
[2026-01-07 08:55:38.823] ServiceContainer: Registered 'ChecklistService' (singleton=True)
[2026-01-07 08:55:38.823] ServiceContainer: Registered 'NoteService' (singleton=True)
[2026-01-07 08:55:38.824] ServiceContainer: Registered 'ExcelMappingService' (singleton=True)
[2026-01-07 08:55:38.825] ServiceContainer: Registered 'ExcelCopyService' (singleton=True)
[2026-01-07 08:55:38.826] ServiceContainer: Registered 'PreferencesService' (singleton=True)
[2026-01-07 08:55:38.827] ServiceContainer: Registered 'ExcelImportService' (singleton=True)
[2026-01-07 08:55:38.827] ServiceContainer: Registered 'TextExportService' (singleton=True)
[2026-01-07 08:55:38.828] ServiceContainer: Registered 'TaskListScreen' (singleton=False)
[2026-01-07 08:55:38.843] ServiceContainer: Resolving 'Application'...
[2026-01-07 08:55:38.845] ServiceContainer: Resolving 'Theme'...
[2026-01-07 08:55:39.014] ServiceContainer: Resolved 'Theme' successfully
[2026-01-07 08:55:39.085] ServiceContainer: Resolving 'ThemeManager'...
[2026-01-07 08:55:39.087] ServiceContainer: Resolved 'ThemeManager' successfully
[2026-01-07 08:55:39.098] ServiceContainer: Resolved 'Application' successfully
[2026-01-07 08:55:39.099] ServiceContainer: Resolving 'MenuRegistry'...
[2026-01-07 08:55:39.110] ServiceContainer: Resolved 'MenuRegistry' successfully
[2026-01-07 08:55:39.126] MenuRegistry: Loaded manifest with 16 entries
[2026-01-07 08:55:39.148] ServiceContainer: Registered 'ExcelImportScreen' (singleton=False)
[2026-01-07 08:55:39.149] MenuRegistry: Registered 'Import from Excel' in 'Projects' menu (hotkey=I order=40)
[2026-01-07 08:55:39.161] MenuRegistry: Registered 'Import from Excel' in 'Projects' menu (hotkey=I order=40)
[2026-01-07 08:55:39.162] ServiceContainer: Registered 'TimeListScreen' (singleton=False)
[2026-01-07 08:55:39.163] MenuRegistry: Registered 'Time Tracking' in 'Time' menu (hotkey=T order=5)
[2026-01-07 08:55:39.164] MenuRegistry: Registered 'Time Tracking' in 'Time' menu (hotkey=T order=5)
[2026-01-07 08:55:39.165] ServiceContainer: Registered 'TaskListScreen_Default' (singleton=False)
[2026-01-07 08:55:39.166] MenuRegistry: Registered 'Task List' in 'Tasks' menu (hotkey=L order=5)
[2026-01-07 08:55:39.167] MenuRegistry: Registered 'Task List' in 'Tasks' menu (hotkey=L order=5)
[2026-01-07 08:55:39.168] ServiceContainer: Registered 'WeeklyTimeReportScreen' (singleton=False)
[2026-01-07 08:55:39.169] MenuRegistry: Registered 'Weekly Report' in 'Time' menu (hotkey=W order=10)
[2026-01-07 08:55:39.175] MenuRegistry: Registered 'Weekly Report' in 'Time' menu (hotkey=W order=10)
[2026-01-07 08:55:39.177] ServiceContainer: Registered 'ProjectListScreen' (singleton=False)
[2026-01-07 08:55:39.177] MenuRegistry: Registered 'Project List' in 'Projects' menu (hotkey=L order=10)
[2026-01-07 08:55:39.178] MenuRegistry: Registered 'Project List' in 'Projects' menu (hotkey=L order=10)
[2026-01-07 08:55:39.179] ServiceContainer: Registered 'TimeReportScreen' (singleton=False)
[2026-01-07 08:55:39.180] MenuRegistry: Registered 'Time Report' in 'Time' menu (hotkey=R order=20)
[2026-01-07 08:55:39.181] MenuRegistry: Registered 'Time Report' in 'Time' menu (hotkey=R order=20)
[2026-01-07 08:55:39.182] ServiceContainer: Registered 'ThemeEditorScreen' (singleton=False)
[2026-01-07 08:55:39.183] MenuRegistry: Registered 'Theme Editor' in 'Options' menu (hotkey=T order=10)
[2026-01-07 08:55:39.184] MenuRegistry: Registered 'Theme Editor' in 'Options' menu (hotkey=T order=10)
[2026-01-07 08:55:39.185] ServiceContainer: Registered 'SettingsScreen' (singleton=False)
[2026-01-07 08:55:39.185] MenuRegistry: Registered 'Settings' in 'Options' menu (hotkey=S order=20)
[2026-01-07 08:55:39.186] MenuRegistry: Registered 'Settings' in 'Options' menu (hotkey=S order=20)
[2026-01-07 08:55:39.187] ServiceContainer: Registered 'NotesMenuScreen' (singleton=False)
[2026-01-07 08:55:39.188] MenuRegistry: Registered 'Notes' in 'Tools' menu (hotkey=N order=20)
[2026-01-07 08:55:39.189] MenuRegistry: Registered 'Notes' in 'Tools' menu (hotkey=N order=20)
[2026-01-07 08:55:39.190] ServiceContainer: Registered 'ChecklistTemplatesFolderScreen' (singleton=False)
[2026-01-07 08:55:39.191] MenuRegistry: Registered 'Checklist Templates' in 'Tools' menu (hotkey=H order=30)
[2026-01-07 08:55:39.192] MenuRegistry: Registered 'Checklist Templates' in 'Tools' menu (hotkey=H order=30)
[2026-01-07 08:55:39.193] ServiceContainer: Registered 'ExcelProfileManagerScreen' (singleton=False)
[2026-01-07 08:55:39.194] MenuRegistry: Registered 'Excel Profiles' in 'Projects' menu (hotkey=M order=50)
[2026-01-07 08:55:39.195] MenuRegistry: Registered 'Excel Profiles' in 'Projects' menu (hotkey=M order=50)
[2026-01-07 08:55:39.196] ServiceContainer: Registered 'TextExportProfileManagerScreen' (singleton=False)
[2026-01-07 08:55:39.196] MenuRegistry: Registered 'T2020 Export Profiles' in 'Tools' menu (hotkey=E order=45)
[2026-01-07 08:55:39.197] MenuRegistry: Registered 'T2020 Export Profiles' in 'Tools' menu (hotkey=E order=45)
[2026-01-07 08:55:39.198] ServiceContainer: Registered 'ExcelImportProfileManagerScreen' (singleton=False)
[2026-01-07 08:55:39.199] MenuRegistry: Registered 'Excel Import Profiles' in 'Tools' menu (hotkey=I order=40)
[2026-01-07 08:55:39.200] MenuRegistry: Registered 'Excel Import Profiles' in 'Tools' menu (hotkey=I order=40)
[2026-01-07 08:55:39.201] ServiceContainer: Registered 'CommandLibraryScreen' (singleton=False)
[2026-01-07 08:55:39.202] MenuRegistry: Registered 'Command Library' in 'Tools' menu (hotkey=L order=10)
[2026-01-07 08:55:39.203] MenuRegistry: Registered 'Command Library' in 'Tools' menu (hotkey=L order=10)
[2026-01-07 08:55:39.204] ServiceContainer: Registered 'HelpViewScreen' (singleton=False)
[2026-01-07 08:55:39.204] MenuRegistry: Registered 'Help' in 'Help' menu (hotkey=H order=10)
[2026-01-07 08:55:39.205] MenuRegistry: Registered 'Help' in 'Help' menu (hotkey=H order=10)
[2026-01-07 08:55:39.206] ServiceContainer: Registered 'ChecklistsLauncherScreen' (singleton=False)
[2026-01-07 08:55:39.207] MenuRegistry: Registered 'Checklists' in 'Tools' menu (hotkey=C order=25)
[2026-01-07 08:55:39.208] MenuRegistry: Registered 'Checklists' in 'Tools' menu (hotkey=C order=25)
[2026-01-07 08:55:39.209] ServiceContainer: Resolving 'TaskListScreen'...
[2026-01-07 08:55:39.210] ServiceContainer: Resolving 'TaskStore'...
[2026-01-07 08:55:39.311] ServiceContainer: Resolved 'TaskStore' successfully
[2026-01-07 08:55:39.802] [INFO] StandardListScreen._ConfigureListActions: Configuring actions for Tasks
[2026-01-07 08:55:39.828] [INFO] StandardListScreen: Added footer shortcut D -> Delete
[2026-01-07 08:55:39.846] [INFO] StandardListScreen._ConfigureListActions: Configured 16 footer shortcuts
[2026-01-07 08:55:39.979] _PopulateMenusFromRegistry: Menu 'Tasks' has 1 items from registry (array)
[2026-01-07 08:55:39.992] _PopulateMenusFromRegistry: Menu 'Help' has 1 items from registry (array)
[2026-01-07 08:55:39.996] _PopulateMenusFromRegistry: Menu 'Time' has 3 items from registry (array)
[2026-01-07 08:55:39.999] _PopulateMenusFromRegistry: Menu 'Options' has 2 items from registry (array)
[2026-01-07 08:55:40.002] _PopulateMenusFromRegistry: Menu 'Tools' has 6 items from registry (array)
[2026-01-07 08:55:40.025] _PopulateMenusFromRegistry: Menu 'Projects' has 3 items from registry (array)
[2026-01-07 08:55:40.027] ServiceContainer: Resolved 'TaskListScreen' successfully
[2026-01-07 08:55:40.265] [INFO] StandardListScreen._ConfigureListActions: Configuring actions for Tasks
[2026-01-07 08:55:40.266] [INFO] StandardListScreen: Added footer shortcut D -> Delete
[2026-01-07 08:55:40.270] [INFO] StandardListScreen._ConfigureListActions: Configured 16 footer shortcuts
[2026-01-07 08:55:56.706] ServiceContainer: Resolving 'NotesMenuScreen'...
[2026-01-07 08:55:56.769] [INFO] StandardListScreen._ConfigureListActions: Configuring actions for Notes
[2026-01-07 08:55:56.772] [INFO] StandardListScreen: Added footer shortcut D -> Delete
[2026-01-07 08:55:56.776] [INFO] StandardListScreen._ConfigureListActions: Configured 7 footer shortcuts
[2026-01-07 08:55:56.798] ServiceContainer: Resolved 'NotesMenuScreen' successfully
[2026-01-07 08:55:56.828] [INFO] StandardListScreen._ConfigureListActions: Configuring actions for Notes
[2026-01-07 08:55:56.829] [INFO] StandardListScreen: Added footer shortcut D -> Delete
[2026-01-07 08:55:56.830] [INFO] StandardListScreen._ConfigureListActions: Configured 7 footer shortcuts
[2026-01-07 08:56:00.837] [INFO] *** STANDARDLISTSCREEN.ADDITEM CALLED on type=NotesMenuScreen key=NotesList ***
[2026-01-07 08:56:00.903] [INFO] StandardListScreen.AddItem: ActiveModal set to InlineEditor. ShowInlineEditor=True
[2026-01-07 08:56:00.979] [INFO] StandardListScreen.RenderContentToEngine: Rendering InlineEditor at Y=10
[2026-01-07 08:56:02.976] [INFO] StandardListScreen.RenderContentToEngine: Rendering InlineEditor at Y=10
[2026-01-07 08:56:03.088] [INFO] StandardListScreen.RenderContentToEngine: Rendering InlineEditor at Y=10
[2026-01-07 08:56:03.287] [INFO] StandardListScreen.RenderContentToEngine: Rendering InlineEditor at Y=10
[2026-01-07 08:56:04.464] [INFO] StandardListScreen.RenderContentToEngine: Rendering InlineEditor at Y=10
[2026-01-07 08:56:04.565] [INFO] StandardListScreen.RenderContentToEngine: Rendering InlineEditor at Y=10
[2026-01-07 08:56:06.359] [INFO] StandardListScreen.OnInlineEditConfirmed: Dispatching to _SaveEditedItem
[2026-01-07 08:56:06.435] [INFO] NoteEditorScreen: Constructor called for noteId=note 2
[2026-01-07 08:56:06.451] [INFO] NoteEditorScreen: Constructor complete
[2026-01-07 08:56:06.458] [INFO] NoteEditorScreen.Initialize: Called with renderEngine and container
[2026-01-07 08:56:06.544] PreferencesService: Preferences path: /home/teej/ztest/module/Pmc.Strict/.pmc-data/preferences.json
[2026-01-07 08:56:06.547] PreferencesService: No preferences file found, using defaults
[2026-01-07 08:56:06.554] [INFO] NoteEditorScreen.Initialize: Complete
[2026-01-07 08:56:06.573] [ERROR] NoteEditorScreen.LoadData: Error - The property 'Length' cannot be found on this object. Verify that the property exists.
[2026-01-07 08:56:06.613] RequestRender called from:  at line 972
