[2025-12-20 00:21:07.144] ServiceContainer: Registered 'Theme' (singleton=True)
[2025-12-20 00:21:07.150] ServiceContainer: Registered 'ThemeManager' (singleton=True)
[2025-12-20 00:21:07.152] ServiceContainer: Registered 'Config' (singleton=True)
[2025-12-20 00:21:07.152] ServiceContainer: Registered 'TaskStore' (singleton=True)
[2025-12-20 00:21:07.153] ServiceContainer: Registered 'MenuRegistry' (singleton=True)
[2025-12-20 00:21:07.154] ServiceContainer: Registered 'Application' (singleton=True)
[2025-12-20 00:21:07.155] ServiceContainer: Registered 'CommandService' (singleton=True)
[2025-12-20 00:21:07.155] ServiceContainer: Registered 'ChecklistService' (singleton=True)
[2025-12-20 00:21:07.161] ServiceContainer: Registered 'NoteService' (singleton=True)
[2025-12-20 00:21:07.162] ServiceContainer: Registered 'ExcelMappingService' (singleton=True)
[2025-12-20 00:21:07.163] ServiceContainer: Registered 'PreferencesService' (singleton=True)
[2025-12-20 00:21:07.163] ServiceContainer: Registered 'TaskListScreen' (singleton=False)
[2025-12-20 00:21:07.176] ServiceContainer: Resolving 'Application'...
[2025-12-20 00:21:07.178] ServiceContainer: Resolving 'Theme'...
[2025-12-20 00:21:07.340] ServiceContainer: Resolved 'Theme' successfully
[2025-12-20 00:21:07.401] ServiceContainer: Resolving 'ThemeManager'...
[2025-12-20 00:21:07.402] ServiceContainer: Resolved 'ThemeManager' successfully
[2025-12-20 00:21:07.415] ServiceContainer: Resolved 'Application' successfully
[2025-12-20 00:21:07.416] ServiceContainer: Resolving 'MenuRegistry'...
[2025-12-20 00:21:07.427] ServiceContainer: Resolved 'MenuRegistry' successfully
[2025-12-20 00:21:07.447] MenuRegistry: Loaded manifest with 23 entries
[2025-12-20 00:21:07.475] ServiceContainer: Registered 'TimeListScreen' (singleton=False)
[2025-12-20 00:21:07.477] MenuRegistry: Registered screen factory 'TimeListScreen' in container (viewMode=)
[2025-12-20 00:21:07.490] MenuRegistry: Registered 'Time Tracking' in 'Time' menu (hotkey=T order=5)
[2025-12-20 00:21:07.491] ServiceContainer: Registered 'ChecklistTemplatesFolderScreen' (singleton=False)
[2025-12-20 00:21:07.492] MenuRegistry: Registered screen factory 'ChecklistTemplatesFolderScreen' in container (viewMode=)
[2025-12-20 00:21:07.493] MenuRegistry: Registered 'Checklist Templates' in 'Tools' menu (hotkey=H order=30)
[2025-12-20 00:21:07.495] ServiceContainer: Registered 'NotesMenuScreen' (singleton=False)
[2025-12-20 00:21:07.495] MenuRegistry: Registered screen factory 'NotesMenuScreen' in container (viewMode=)
[2025-12-20 00:21:07.496] MenuRegistry: Registered 'Notes' in 'Tools' menu (hotkey=N order=20)
[2025-12-20 00:21:07.498] ServiceContainer: Registered 'ThemeEditorScreen' (singleton=False)
[2025-12-20 00:21:07.498] MenuRegistry: Registered screen factory 'ThemeEditorScreen' in container (viewMode=)
[2025-12-20 00:21:07.499] MenuRegistry: Registered 'Theme Editor' in 'Options' menu (hotkey=T order=10)
[2025-12-20 00:21:07.501] ServiceContainer: Registered 'HelpViewScreen' (singleton=False)
[2025-12-20 00:21:07.502] MenuRegistry: Registered screen factory 'HelpViewScreen' in container (viewMode=)
[2025-12-20 00:21:07.502] MenuRegistry: Registered 'Help' in 'Help' menu (hotkey=H order=10)
[2025-12-20 00:21:07.505] ServiceContainer: Registered 'TaskListScreen_Overdue' (singleton=False)
[2025-12-20 00:21:07.506] MenuRegistry: Registered screen factory 'TaskListScreen_Overdue' in container (viewMode=overdue)
[2025-12-20 00:21:07.506] MenuRegistry: Registered 'Overdue' in 'Tasks' menu (hotkey=O order=30)
[2025-12-20 00:21:07.508] ServiceContainer: Registered 'TaskListScreen_Week' (singleton=False)
[2025-12-20 00:21:07.508] MenuRegistry: Registered screen factory 'TaskListScreen_Week' in container (viewMode=week)
[2025-12-20 00:21:07.509] MenuRegistry: Registered 'Week View' in 'Tasks' menu (hotkey=W order=20)
[2025-12-20 00:21:07.510] ServiceContainer: Registered 'TimeReportScreen' (singleton=False)
[2025-12-20 00:21:07.511] MenuRegistry: Registered screen factory 'TimeReportScreen' in container (viewMode=)
[2025-12-20 00:21:07.512] MenuRegistry: Registered 'Time Report' in 'Time' menu (hotkey=R order=20)
[2025-12-20 00:21:07.513] ServiceContainer: Registered 'CommandLibraryScreen' (singleton=False)
[2025-12-20 00:21:07.514] MenuRegistry: Registered screen factory 'CommandLibraryScreen' in container (viewMode=)
[2025-12-20 00:21:07.515] MenuRegistry: Registered 'Command Library' in 'Tools' menu (hotkey=L order=10)
[2025-12-20 00:21:07.516] ServiceContainer: Registered 'TaskListScreen_NextActions' (singleton=False)
[2025-12-20 00:21:07.517] MenuRegistry: Registered screen factory 'TaskListScreen_NextActions' in container (viewMode=nextactions)
[2025-12-20 00:21:07.518] MenuRegistry: Registered 'Next Actions' in 'Tasks' menu (hotkey=N order=35)
[2025-12-20 00:21:07.519] ServiceContainer: Registered 'SettingsScreen' (singleton=False)
[2025-12-20 00:21:07.520] MenuRegistry: Registered screen factory 'SettingsScreen' in container (viewMode=)
[2025-12-20 00:21:07.521] MenuRegistry: Registered 'Settings' in 'Options' menu (hotkey=S order=20)
[2025-12-20 00:21:07.522] ServiceContainer: Registered 'TaskListScreen_Tomorrow' (singleton=False)
[2025-12-20 00:21:07.523] MenuRegistry: Registered screen factory 'TaskListScreen_Tomorrow' in container (viewMode=tomorrow)
[2025-12-20 00:21:07.524] MenuRegistry: Registered 'Tomorrow' in 'Tasks' menu (hotkey=T order=15)
[2025-12-20 00:21:07.525] ServiceContainer: Registered 'TaskListScreen_Default' (singleton=False)
[2025-12-20 00:21:07.526] MenuRegistry: Registered screen factory 'TaskListScreen_Default' in container (viewMode=)
[2025-12-20 00:21:07.526] MenuRegistry: Registered 'Task List' in 'Tasks' menu (hotkey=L order=5)
[2025-12-20 00:21:07.528] ServiceContainer: Registered 'TaskListScreen_Upcoming' (singleton=False)
[2025-12-20 00:21:07.547] MenuRegistry: Registered screen factory 'TaskListScreen_Upcoming' in container (viewMode=upcoming)
[2025-12-20 00:21:07.548] MenuRegistry: Registered 'Upcoming' in 'Tasks' menu (hotkey=U order=25)
[2025-12-20 00:21:07.549] ServiceContainer: Registered 'TaskListScreen_Today' (singleton=False)
[2025-12-20 00:21:07.550] MenuRegistry: Registered screen factory 'TaskListScreen_Today' in container (viewMode=today)
[2025-12-20 00:21:07.551] MenuRegistry: Registered 'Today' in 'Tasks' menu (hotkey=Y order=10)
[2025-12-20 00:21:07.553] ServiceContainer: Registered 'TaskListScreen_NoDate' (singleton=False)
[2025-12-20 00:21:07.554] MenuRegistry: Registered screen factory 'TaskListScreen_NoDate' in container (viewMode=noduedate)
[2025-12-20 00:21:07.555] MenuRegistry: Registered 'No Due Date' in 'Tasks' menu (hotkey=D order=40)
[2025-12-20 00:21:07.556] ServiceContainer: Registered 'ExcelProfileManagerScreen' (singleton=False)
[2025-12-20 00:21:07.557] MenuRegistry: Registered screen factory 'ExcelProfileManagerScreen' in container (viewMode=)
[2025-12-20 00:21:07.558] MenuRegistry: Registered 'Excel Profiles' in 'Projects' menu (hotkey=M order=50)
[2025-12-20 00:21:07.559] ServiceContainer: Registered 'ProjectListScreen' (singleton=False)
[2025-12-20 00:21:07.560] MenuRegistry: Registered screen factory 'ProjectListScreen' in container (viewMode=)
[2025-12-20 00:21:07.561] MenuRegistry: Registered 'Project List' in 'Projects' menu (hotkey=L order=10)
[2025-12-20 00:21:07.563] ServiceContainer: Registered 'WeeklyTimeReportScreen' (singleton=False)
[2025-12-20 00:21:07.564] MenuRegistry: Registered screen factory 'WeeklyTimeReportScreen' in container (viewMode=)
[2025-12-20 00:21:07.565] MenuRegistry: Registered 'Weekly Report' in 'Time' menu (hotkey=W order=10)
[2025-12-20 00:21:07.566] ServiceContainer: Registered 'TaskListScreen_Agenda' (singleton=False)
[2025-12-20 00:21:07.567] MenuRegistry: Registered screen factory 'TaskListScreen_Agenda' in container (viewMode=agenda)
[2025-12-20 00:21:07.569] MenuRegistry: Registered 'Agenda View' in 'Tasks' menu (hotkey=A order=50)
[2025-12-20 00:21:07.570] ServiceContainer: Registered 'ExcelImportScreen' (singleton=False)
[2025-12-20 00:21:07.572] MenuRegistry: Registered screen factory 'ExcelImportScreen' in container (viewMode=)
[2025-12-20 00:21:07.573] MenuRegistry: Registered 'Import from Excel' in 'Projects' menu (hotkey=I order=40)
[2025-12-20 00:21:07.575] ServiceContainer: Registered 'TaskListScreen_Month' (singleton=False)
[2025-12-20 00:21:07.576] MenuRegistry: Registered screen factory 'TaskListScreen_Month' in container (viewMode=month)
[2025-12-20 00:21:07.578] MenuRegistry: Registered 'Month View' in 'Tasks' menu (hotkey=M order=45)
[2025-12-20 00:21:07.579] ServiceContainer: Registered 'ChecklistsLauncherScreen' (singleton=False)
[2025-12-20 00:21:07.581] MenuRegistry: Registered screen factory 'ChecklistsLauncherScreen' in container (viewMode=)
[2025-12-20 00:21:07.582] MenuRegistry: Registered 'Checklists' in 'Tools' menu (hotkey=C order=25)
[2025-12-20 00:21:07.583] ServiceContainer: Resolving 'TaskListScreen'...
[2025-12-20 00:21:07.585] ServiceContainer: Resolving 'TaskStore'...
[2025-12-20 00:21:07.813] ServiceContainer: Resolved 'TaskStore' successfully
[2025-12-20 00:21:08.550] _PopulateMenusFromRegistry: Menu 'Projects' has 3 items from registry (array)
[2025-12-20 00:21:08.565] _PopulateMenusFromRegistry: Menu 'Options' has 2 items from registry (array)
[2025-12-20 00:21:08.568] _PopulateMenusFromRegistry: Menu 'Tools' has 4 items from registry (array)
[2025-12-20 00:21:08.572] _PopulateMenusFromRegistry: Menu 'Tasks' has 10 items from registry (array)
[2025-12-20 00:21:08.575] _PopulateMenusFromRegistry: Menu 'Time' has 3 items from registry (array)
[2025-12-20 00:21:08.578] _PopulateMenusFromRegistry: Menu 'Help' has 1 items from registry (array)
[2025-12-20 00:21:08.580] ServiceContainer: Resolved 'TaskListScreen' successfully
[2025-12-20 00:21:09.532] [ERROR] Widget render error: RenderContent render failed: Method invocation failed because [TaskListScreen] does not contain a method named 'GetThemedBgInt'.
[2025-12-20 00:21:09.533] [ERROR] Stack: at RenderContentToEngine, /home/teej/ztest/module/Pmc.Strict/consoleui/screens/TaskListScreen.ps1: line 1892
at RenderToEngine, /home/teej/ztest/module/Pmc.Strict/consoleui/PmcScreen.ps1: line 381
at RenderToEngine, /home/teej/ztest/module/Pmc.Strict/consoleui/base/StandardListScreen.ps1: line 244
at RenderToEngine, /home/teej/ztest/module/Pmc.Strict/consoleui/screens/TaskListScreen.ps1: line 2069
at _RenderCurrentScreen, /home/teej/ztest/module/Pmc.Strict/consoleui/PmcApplication.ps1: line 233
at Run, /home/teej/ztest/module/Pmc.Strict/consoleui/PmcApplication.ps1: line 457
at Start-PmcTUI, /home/teej/ztest/module/Pmc.Strict/consoleui/Start-PmcTUI.ps1: line 572
at <ScriptBlock>, /home/teej/ztest/start.ps1: line 37
[2025-12-20 00:21:09.534] [ERROR] TargetObject: 
[2025-12-20 00:21:09.536] [ERROR] InvocationInfo:             $bg = $this.GetThemedBgInt('Background.Panel', 1, 0)

