[2025-12-18 08:16:34.338] [INFO] Loading PMC module...
[2025-12-18 08:16:36.119] [INFO] PMC module loaded
[2025-12-18 08:16:36.123] [INFO] Loading dependencies (FieldSchemas, etc.)...
[2025-12-18 08:16:36.272] [INFO] Dependencies loaded
[2025-12-18 08:16:36.274] [INFO] Loading SpeedTUI framework...
[2025-12-18 08:16:36.666] [INFO] SpeedTUI framework loaded
[2025-12-18 08:16:36.669] [INFO] Loading PraxisVT...
[2025-12-18 08:16:36.672] [INFO] PraxisVT loaded
[2025-12-18 08:16:36.675] [INFO] Loading core dependencies...
[2025-12-18 08:16:36.745] [INFO] Core dependencies loaded
[2025-12-18 08:16:36.747] [INFO] Loading widget base classes...
[2025-12-18 08:16:36.800] [INFO] Widget base classes loaded
[2025-12-18 08:16:36.802] [INFO] Loading services...
[2025-12-18 08:16:37.019] [INFO] Services loaded
[2025-12-18 08:16:37.033] [INFO] Loading helpers...
[2025-12-18 08:16:38.352] [INFO] Helpers loaded
[2025-12-18 08:16:38.354] [INFO] Loading widgets...
[2025-12-18 08:16:38.799] [INFO] Widgets loaded
[2025-12-18 08:16:38.802] [INFO] Loading screen base class...
[2025-12-18 08:16:38.827] [INFO] Screen base class loaded
[2025-12-18 08:16:38.829] [INFO] Loading HelpViewScreen (needed by base classes)...
[2025-12-18 08:16:38.843] [INFO] HelpViewScreen loaded
[2025-12-18 08:16:38.845] [INFO] Loading base classes...
[2025-12-18 08:16:38.938] [INFO] Base classes loaded
[2025-12-18 08:16:38.940] [INFO] Loading ServiceContainer (needed by screens)...
[2025-12-18 08:16:38.948] [INFO] ServiceContainer loaded
[2025-12-18 08:16:38.950] [INFO] Loading remaining screens...
[2025-12-18 08:16:39.080] [INFO] Remaining screens loaded
[2025-12-18 08:16:39.083] [INFO] Loading PmcApplication...
[2025-12-18 08:16:39.106] [INFO] PmcApplication loaded
[2025-12-18 08:16:39.109] [INFO] All components loaded successfully
