[2026-01-09 18:13:33.376] ServiceContainer: Registered 'Theme' (singleton=True)
[2026-01-09 18:13:33.382] ServiceContainer: Registered 'ThemeManager' (singleton=True)
[2026-01-09 18:13:33.383] ServiceContainer: Registered 'Config' (singleton=True)
[2026-01-09 18:13:33.384] ServiceContainer: Registered 'TaskStore' (singleton=True)
[2026-01-09 18:13:33.385] ServiceContainer: Registered 'MenuRegistry' (singleton=True)
[2026-01-09 18:13:33.387] ServiceContainer: Registered 'Application' (singleton=True)
[2026-01-09 18:13:33.388] ServiceContainer: Registered 'CommandService' (singleton=True)
[2026-01-09 18:13:33.390] ServiceContainer: Registered 'ChecklistService' (singleton=True)
[2026-01-09 18:13:33.391] ServiceContainer: Registered 'NoteService' (singleton=True)
[2026-01-09 18:13:33.392] ServiceContainer: Registered 'ExcelMappingService' (singleton=True)
[2026-01-09 18:13:33.394] ServiceContainer: Registered 'ExcelCopyService' (singleton=True)
[2026-01-09 18:13:33.395] ServiceContainer: Registered 'PreferencesService' (singleton=True)
[2026-01-09 18:13:33.396] ServiceContainer: Registered 'ExcelImportService' (singleton=True)
[2026-01-09 18:13:33.398] ServiceContainer: Registered 'TextExportService' (singleton=True)
[2026-01-09 18:13:33.399] ServiceContainer: Registered 'TaskListScreen' (singleton=False)
[2026-01-09 18:13:33.425] ServiceContainer: Resolving 'Application'...
[2026-01-09 18:13:33.428] ServiceContainer: Resolving 'Theme'...
[2026-01-09 18:13:33.733] ServiceContainer: Resolved 'Theme' successfully
[2026-01-09 18:13:33.849] ServiceContainer: Resolving 'ThemeManager'...
[2026-01-09 18:13:33.852] ServiceContainer: Resolved 'ThemeManager' successfully
[2026-01-09 18:13:33.873] ServiceContainer: Resolved 'Application' successfully
[2026-01-09 18:13:33.875] ServiceContainer: Resolving 'MenuRegistry'...
[2026-01-09 18:13:33.893] ServiceContainer: Resolved 'MenuRegistry' successfully
[2026-01-09 18:13:33.919] MenuRegistry: Loaded manifest with 17 entries
[2026-01-09 18:13:33.972] ServiceContainer: Registered 'ThemeEditorScreen' (singleton=False)
[2026-01-09 18:13:33.974] MenuRegistry: Registered 'Theme Editor' in 'Options' menu (hotkey=T order=10)
[2026-01-09 18:13:33.997] MenuRegistry: Registered 'Theme Editor' in 'Options' menu (hotkey=T order=10)
[2026-01-09 18:13:34.000] ServiceContainer: Registered 'HelpViewScreen' (singleton=False)
[2026-01-09 18:13:34.001] MenuRegistry: Registered 'Help' in 'Help' menu (hotkey=H order=10)
[2026-01-09 18:13:34.004] MenuRegistry: Registered 'Help' in 'Help' menu (hotkey=H order=10)
[2026-01-09 18:13:34.006] ServiceContainer: Registered 'CommandLibraryScreen' (singleton=False)
[2026-01-09 18:13:34.008] MenuRegistry: Registered 'Command Library' in 'Tools' menu (hotkey=L order=10)
[2026-01-09 18:13:34.010] MenuRegistry: Registered 'Command Library' in 'Tools' menu (hotkey=L order=10)
[2026-01-09 18:13:34.012] ServiceContainer: Registered 'TaskListScreen_Default' (singleton=False)
[2026-01-09 18:13:34.013] MenuRegistry: Registered 'Task List' in 'Tasks' menu (hotkey=L order=5)
[2026-01-09 18:13:34.015] MenuRegistry: Registered 'Task List' in 'Tasks' menu (hotkey=L order=5)
[2026-01-09 18:13:34.017] ServiceContainer: Registered 'ChecklistsLauncherScreen' (singleton=False)
[2026-01-09 18:13:34.018] MenuRegistry: Registered 'Checklists' in 'Tools' menu (hotkey=C order=25)
[2026-01-09 18:13:34.020] MenuRegistry: Registered 'Checklists' in 'Tools' menu (hotkey=C order=25)
[2026-01-09 18:13:34.022] ServiceContainer: Registered 'NotesMenuScreen' (singleton=False)
[2026-01-09 18:13:34.023] MenuRegistry: Registered 'Notes' in 'Tools' menu (hotkey=N order=20)
[2026-01-09 18:13:34.025] MenuRegistry: Registered 'Notes' in 'Tools' menu (hotkey=N order=20)
[2026-01-09 18:13:34.028] ServiceContainer: Registered 'CalendarScreen' (singleton=False)
[2026-01-09 18:13:34.029] MenuRegistry: Registered 'Calendar' in 'Tools' menu (hotkey=A order=50)
[2026-01-09 18:13:34.031] MenuRegistry: Registered 'Calendar' in 'Tools' menu (hotkey=A order=50)
[2026-01-09 18:13:34.033] ServiceContainer: Registered 'TimeReportScreen' (singleton=False)
[2026-01-09 18:13:34.034] MenuRegistry: Registered 'Time Report' in 'Time' menu (hotkey=R order=20)
[2026-01-09 18:13:34.036] MenuRegistry: Registered 'Time Report' in 'Time' menu (hotkey=R order=20)
[2026-01-09 18:13:34.039] ServiceContainer: Registered 'ExcelImportScreen' (singleton=False)
[2026-01-09 18:13:34.040] MenuRegistry: Registered 'Import from Excel' in 'Projects' menu (hotkey=I order=40)
[2026-01-09 18:13:34.042] MenuRegistry: Registered 'Import from Excel' in 'Projects' menu (hotkey=I order=40)
[2026-01-09 18:13:34.044] ServiceContainer: Registered 'TextExportProfileManagerScreen' (singleton=False)
[2026-01-09 18:13:34.045] MenuRegistry: Registered 'T2020 Export Profiles' in 'Tools' menu (hotkey=E order=45)
[2026-01-09 18:13:34.047] MenuRegistry: Registered 'T2020 Export Profiles' in 'Tools' menu (hotkey=E order=45)
[2026-01-09 18:13:34.049] ServiceContainer: Registered 'ChecklistTemplatesFolderScreen' (singleton=False)
[2026-01-09 18:13:34.050] MenuRegistry: Registered 'Checklist Templates' in 'Tools' menu (hotkey=H order=30)
[2026-01-09 18:13:34.052] MenuRegistry: Registered 'Checklist Templates' in 'Tools' menu (hotkey=H order=30)
[2026-01-09 18:13:34.054] ServiceContainer: Registered 'WeeklyTimeReportScreen' (singleton=False)
[2026-01-09 18:13:34.055] MenuRegistry: Registered 'Weekly Report' in 'Time' menu (hotkey=W order=10)
[2026-01-09 18:13:34.057] MenuRegistry: Registered 'Weekly Report' in 'Time' menu (hotkey=W order=10)
[2026-01-09 18:13:34.060] ServiceContainer: Registered 'SettingsScreen' (singleton=False)
[2026-01-09 18:13:34.061] MenuRegistry: Registered 'Settings' in 'Options' menu (hotkey=S order=20)
[2026-01-09 18:13:34.063] MenuRegistry: Registered 'Settings' in 'Options' menu (hotkey=S order=20)
[2026-01-09 18:13:34.094] ServiceContainer: Registered 'TimeListScreen' (singleton=False)
[2026-01-09 18:13:34.095] MenuRegistry: Registered 'Time Tracking' in 'Time' menu (hotkey=T order=5)
[2026-01-09 18:13:34.097] MenuRegistry: Registered 'Time Tracking' in 'Time' menu (hotkey=T order=5)
[2026-01-09 18:13:34.100] ServiceContainer: Registered 'ProjectListScreen' (singleton=False)
[2026-01-09 18:13:34.101] MenuRegistry: Registered 'Project List' in 'Projects' menu (hotkey=L order=10)
[2026-01-09 18:13:34.103] MenuRegistry: Registered 'Project List' in 'Projects' menu (hotkey=L order=10)
[2026-01-09 18:13:34.105] ServiceContainer: Registered 'ExcelImportProfileManagerScreen' (singleton=False)
[2026-01-09 18:13:34.106] MenuRegistry: Registered 'Excel Import Profiles' in 'Tools' menu (hotkey=I order=40)
[2026-01-09 18:13:34.108] MenuRegistry: Registered 'Excel Import Profiles' in 'Tools' menu (hotkey=I order=40)
[2026-01-09 18:13:34.111] ServiceContainer: Registered 'ExcelProfileManagerScreen' (singleton=False)
[2026-01-09 18:13:34.112] MenuRegistry: Registered 'Excel Profiles' in 'Projects' menu (hotkey=M order=50)
[2026-01-09 18:13:34.114] MenuRegistry: Registered 'Excel Profiles' in 'Projects' menu (hotkey=M order=50)
