[2026-01-09 13:17:36.876] ServiceContainer: Registered 'Theme' (singleton=True)
[2026-01-09 13:17:36.879] ServiceContainer: Registered 'ThemeManager' (singleton=True)
[2026-01-09 13:17:36.880] ServiceContainer: Registered 'Config' (singleton=True)
[2026-01-09 13:17:36.880] ServiceContainer: Registered 'TaskStore' (singleton=True)
[2026-01-09 13:17:36.881] ServiceContainer: Registered 'MenuRegistry' (singleton=True)
[2026-01-09 13:17:36.882] ServiceContainer: Registered 'Application' (singleton=True)
[2026-01-09 13:17:36.882] ServiceContainer: Registered 'CommandService' (singleton=True)
[2026-01-09 13:17:36.883] ServiceContainer: Registered 'ChecklistService' (singleton=True)
[2026-01-09 13:17:36.884] ServiceContainer: Registered 'NoteService' (singleton=True)
[2026-01-09 13:17:36.884] ServiceContainer: Registered 'ExcelMappingService' (singleton=True)
[2026-01-09 13:17:36.885] ServiceContainer: Registered 'ExcelCopyService' (singleton=True)
[2026-01-09 13:17:36.886] ServiceContainer: Registered 'PreferencesService' (singleton=True)
[2026-01-09 13:17:36.887] ServiceContainer: Registered 'ExcelImportService' (singleton=True)
[2026-01-09 13:17:36.887] ServiceContainer: Registered 'TextExportService' (singleton=True)
[2026-01-09 13:17:36.888] ServiceContainer: Registered 'TaskListScreen' (singleton=False)
[2026-01-09 13:17:36.903] ServiceContainer: Resolving 'Application'...
[2026-01-09 13:17:36.905] ServiceContainer: Resolving 'Theme'...
[2026-01-09 13:17:37.078] ServiceContainer: Resolved 'Theme' successfully
[2026-01-09 13:17:37.145] ServiceContainer: Resolving 'ThemeManager'...
[2026-01-09 13:17:37.146] ServiceContainer: Resolved 'ThemeManager' successfully
[2026-01-09 13:17:37.159] ServiceContainer: Resolved 'Application' successfully
[2026-01-09 13:17:37.159] ServiceContainer: Resolving 'MenuRegistry'...
[2026-01-09 13:17:37.168] ServiceContainer: Resolved 'MenuRegistry' successfully
[2026-01-09 13:17:37.184] MenuRegistry: Loaded manifest with 17 entries
[2026-01-09 13:17:37.205] ServiceContainer: Registered 'ChecklistTemplatesFolderScreen' (singleton=False)
[2026-01-09 13:17:37.206] MenuRegistry: Registered 'Checklist Templates' in 'Tools' menu (hotkey=H order=30)
[2026-01-09 13:17:37.226] MenuRegistry: Registered 'Checklist Templates' in 'Tools' menu (hotkey=H order=30)
[2026-01-09 13:17:37.228] ServiceContainer: Registered 'TextExportProfileManagerScreen' (singleton=False)
[2026-01-09 13:17:37.229] MenuRegistry: Registered 'T2020 Export Profiles' in 'Tools' menu (hotkey=E order=45)
[2026-01-09 13:17:37.230] MenuRegistry: Registered 'T2020 Export Profiles' in 'Tools' menu (hotkey=E order=45)
[2026-01-09 13:17:37.232] ServiceContainer: Registered 'WeeklyTimeReportScreen' (singleton=False)
[2026-01-09 13:17:37.232] MenuRegistry: Registered 'Weekly Report' in 'Time' menu (hotkey=W order=10)
[2026-01-09 13:17:37.233] MenuRegistry: Registered 'Weekly Report' in 'Time' menu (hotkey=W order=10)
[2026-01-09 13:17:37.235] ServiceContainer: Registered 'ThemeEditorScreen' (singleton=False)
[2026-01-09 13:17:37.235] MenuRegistry: Registered 'Theme Editor' in 'Options' menu (hotkey=T order=10)
[2026-01-09 13:17:37.237] MenuRegistry: Registered 'Theme Editor' in 'Options' menu (hotkey=T order=10)
[2026-01-09 13:17:37.238] ServiceContainer: Registered 'ExcelImportProfileManagerScreen' (singleton=False)
[2026-01-09 13:17:37.239] MenuRegistry: Registered 'Excel Import Profiles' in 'Tools' menu (hotkey=I order=40)
[2026-01-09 13:17:37.240] MenuRegistry: Registered 'Excel Import Profiles' in 'Tools' menu (hotkey=I order=40)
[2026-01-09 13:17:37.241] ServiceContainer: Registered 'ExcelProfileManagerScreen' (singleton=False)
[2026-01-09 13:17:37.242] MenuRegistry: Registered 'Excel Profiles' in 'Projects' menu (hotkey=M order=50)
[2026-01-09 13:17:37.243] MenuRegistry: Registered 'Excel Profiles' in 'Projects' menu (hotkey=M order=50)
[2026-01-09 13:17:37.244] ServiceContainer: Registered 'HelpViewScreen' (singleton=False)
[2026-01-09 13:17:37.245] MenuRegistry: Registered 'Help' in 'Help' menu (hotkey=H order=10)
[2026-01-09 13:17:37.246] MenuRegistry: Registered 'Help' in 'Help' menu (hotkey=H order=10)
[2026-01-09 13:17:37.248] ServiceContainer: Registered 'ExcelImportScreen' (singleton=False)
[2026-01-09 13:17:37.248] MenuRegistry: Registered 'Import from Excel' in 'Projects' menu (hotkey=I order=40)
[2026-01-09 13:17:37.249] MenuRegistry: Registered 'Import from Excel' in 'Projects' menu (hotkey=I order=40)
[2026-01-09 13:17:37.250] ServiceContainer: Registered 'SettingsScreen' (singleton=False)
[2026-01-09 13:17:37.251] MenuRegistry: Registered 'Settings' in 'Options' menu (hotkey=S order=20)
[2026-01-09 13:17:37.252] MenuRegistry: Registered 'Settings' in 'Options' menu (hotkey=S order=20)
[2026-01-09 13:17:37.253] ServiceContainer: Registered 'TimeReportScreen' (singleton=False)
[2026-01-09 13:17:37.254] MenuRegistry: Registered 'Time Report' in 'Time' menu (hotkey=R order=20)
[2026-01-09 13:17:37.255] MenuRegistry: Registered 'Time Report' in 'Time' menu (hotkey=R order=20)
[2026-01-09 13:17:37.256] ServiceContainer: Registered 'ProjectListScreen' (singleton=False)
[2026-01-09 13:17:37.257] MenuRegistry: Registered 'Project List' in 'Projects' menu (hotkey=L order=10)
[2026-01-09 13:17:37.258] MenuRegistry: Registered 'Project List' in 'Projects' menu (hotkey=L order=10)
[2026-01-09 13:17:37.260] ServiceContainer: Registered 'ChecklistsLauncherScreen' (singleton=False)
[2026-01-09 13:17:37.260] MenuRegistry: Registered 'Checklists' in 'Tools' menu (hotkey=C order=25)
[2026-01-09 13:17:37.261] MenuRegistry: Registered 'Checklists' in 'Tools' menu (hotkey=C order=25)
[2026-01-09 13:17:37.263] ServiceContainer: Registered 'TaskListScreen_Default' (singleton=False)
[2026-01-09 13:17:37.263] MenuRegistry: Registered 'Task List' in 'Tasks' menu (hotkey=L order=5)
[2026-01-09 13:17:37.265] MenuRegistry: Registered 'Task List' in 'Tasks' menu (hotkey=L order=5)
[2026-01-09 13:17:37.266] ServiceContainer: Registered 'NotesMenuScreen' (singleton=False)
[2026-01-09 13:17:37.266] MenuRegistry: Registered 'Notes' in 'Tools' menu (hotkey=N order=20)
[2026-01-09 13:17:37.267] MenuRegistry: Registered 'Notes' in 'Tools' menu (hotkey=N order=20)
[2026-01-09 13:17:37.287] ServiceContainer: Registered 'CommandLibraryScreen' (singleton=False)
[2026-01-09 13:17:37.288] MenuRegistry: Registered 'Command Library' in 'Tools' menu (hotkey=L order=10)
[2026-01-09 13:17:37.289] MenuRegistry: Registered 'Command Library' in 'Tools' menu (hotkey=L order=10)
[2026-01-09 13:17:37.290] ServiceContainer: Registered 'CalendarScreen' (singleton=False)
[2026-01-09 13:17:37.291] MenuRegistry: Registered 'Calendar' in 'Tools' menu (hotkey=A order=50)
[2026-01-09 13:17:37.292] MenuRegistry: Registered 'Calendar' in 'Tools' menu (hotkey=A order=50)
[2026-01-09 13:17:37.294] ServiceContainer: Registered 'TimeListScreen' (singleton=False)
[2026-01-09 13:17:37.295] MenuRegistry: Registered 'Time Tracking' in 'Time' menu (hotkey=T order=5)
[2026-01-09 13:17:37.297] MenuRegistry: Registered 'Time Tracking' in 'Time' menu (hotkey=T order=5)
[2026-01-09 13:19:30.658] [INFO] StandardListScreen._ConfigureListActions: Configuring actions for Time Tracking
[2026-01-09 13:19:30.668] [INFO] StandardListScreen: Added footer shortcut D -> Delete
[2026-01-09 13:19:30.679] [INFO] StandardListScreen._ConfigureListActions: Configured 7 footer shortcuts
[2026-01-09 13:19:30.864] [INFO] StandardListScreen._ConfigureListActions: Configuring actions for Time Tracking
[2026-01-09 13:19:30.866] [INFO] StandardListScreen: Added footer shortcut D -> Delete
[2026-01-09 13:19:30.867] [INFO] StandardListScreen._ConfigureListActions: Configured 7 footer shortcuts
[13:19:31.031] [Z-BUFFER] REJECTED at (2,7): currentZ=10 < zBuffer=20 char='D'
[13:19:31.031] [Z-BUFFER] REJECTED at (3,7): currentZ=10 < zBuffer=20 char='a'
[13:19:31.032] [Z-BUFFER] REJECTED at (4,7): currentZ=10 < zBuffer=20 char='t'
[13:19:31.032] [Z-BUFFER] REJECTED at (5,7): currentZ=10 < zBuffer=20 char='e'
[13:19:31.033] [Z-BUFFER] REJECTED at (14,7): currentZ=10 < zBuffer=20 char='T'
[13:19:31.033] [Z-BUFFER] REJECTED at (15,7): currentZ=10 < zBuffer=20 char='a'
[13:19:31.034] [Z-BUFFER] REJECTED at (16,7): currentZ=10 < zBuffer=20 char='s'
[13:19:31.034] [Z-BUFFER] REJECTED at (17,7): currentZ=10 < zBuffer=20 char='k'
[13:19:31.035] [Z-BUFFER] REJECTED at (55,7): currentZ=10 < zBuffer=20 char='I'
[13:19:31.035] [Z-BUFFER] REJECTED at (56,7): currentZ=10 < zBuffer=20 char='D'
[13:19:31.036] [Z-BUFFER] REJECTED at (57,7): currentZ=10 < zBuffer=20 char='1'
[13:19:31.036] [Z-BUFFER] REJECTED at (65,7): currentZ=10 < zBuffer=20 char='I'
[13:19:31.036] [Z-BUFFER] REJECTED at (66,7): currentZ=10 < zBuffer=20 char='D'
[13:19:31.037] [Z-BUFFER] REJECTED at (67,7): currentZ=10 < zBuffer=20 char='2'
[13:19:31.038] [Z-BUFFER] REJECTED at (93,7): currentZ=10 < zBuffer=20 char='N'
[13:19:31.038] [Z-BUFFER] REJECTED at (94,7): currentZ=10 < zBuffer=20 char='o'
[13:19:31.039] [Z-BUFFER] REJECTED at (95,7): currentZ=10 < zBuffer=20 char='t'
[13:19:31.039] [Z-BUFFER] REJECTED at (96,7): currentZ=10 < zBuffer=20 char='e'
[13:19:31.040] [Z-BUFFER] REJECTED at (97,7): currentZ=10 < zBuffer=20 char='s'
[13:19:34.244] [Z-BUFFER] REJECTED at (2,7): currentZ=10 < zBuffer=20 char='D'
[13:19:34.245] [Z-BUFFER] REJECTED at (3,7): currentZ=10 < zBuffer=20 char='a'
[13:19:34.246] [Z-BUFFER] REJECTED at (4,7): currentZ=10 < zBuffer=20 char='t'
[13:19:34.246] [Z-BUFFER] REJECTED at (5,7): currentZ=10 < zBuffer=20 char='e'
[13:19:34.247] [Z-BUFFER] REJECTED at (14,7): currentZ=10 < zBuffer=20 char='T'
[13:19:34.247] [Z-BUFFER] REJECTED at (15,7): currentZ=10 < zBuffer=20 char='a'
[13:19:34.248] [Z-BUFFER] REJECTED at (16,7): currentZ=10 < zBuffer=20 char='s'
[13:19:34.248] [Z-BUFFER] REJECTED at (17,7): currentZ=10 < zBuffer=20 char='k'
[13:19:34.249] [Z-BUFFER] REJECTED at (55,7): currentZ=10 < zBuffer=20 char='I'
[13:19:34.250] [Z-BUFFER] REJECTED at (56,7): currentZ=10 < zBuffer=20 char='D'
[13:19:34.250] [Z-BUFFER] REJECTED at (57,7): currentZ=10 < zBuffer=20 char='1'
[13:19:34.251] [Z-BUFFER] REJECTED at (65,7): currentZ=10 < zBuffer=20 char='I'
[13:19:34.251] [Z-BUFFER] REJECTED at (66,7): currentZ=10 < zBuffer=20 char='D'
[13:19:34.254] [Z-BUFFER] REJECTED at (67,7): currentZ=10 < zBuffer=20 char='2'
[13:19:34.255] [Z-BUFFER] REJECTED at (93,7): currentZ=10 < zBuffer=20 char='N'
[13:19:34.256] [Z-BUFFER] REJECTED at (94,7): currentZ=10 < zBuffer=20 char='o'
[13:19:34.256] [Z-BUFFER] REJECTED at (95,7): currentZ=10 < zBuffer=20 char='t'
[13:19:34.257] [Z-BUFFER] REJECTED at (96,7): currentZ=10 < zBuffer=20 char='e'
[13:19:34.257] [Z-BUFFER] REJECTED at (97,7): currentZ=10 < zBuffer=20 char='s'
[13:19:35.221] [Z-BUFFER] REJECTED at (2,7): currentZ=10 < zBuffer=20 char='D'
[13:19:35.222] [Z-BUFFER] REJECTED at (3,7): currentZ=10 < zBuffer=20 char='a'
[13:19:35.223] [Z-BUFFER] REJECTED at (4,7): currentZ=10 < zBuffer=20 char='t'
[13:19:35.223] [Z-BUFFER] REJECTED at (5,7): currentZ=10 < zBuffer=20 char='e'
[13:19:35.224] [Z-BUFFER] REJECTED at (14,7): currentZ=10 < zBuffer=20 char='T'
[13:19:35.225] [Z-BUFFER] REJECTED at (15,7): currentZ=10 < zBuffer=20 char='a'
[13:19:35.226] [Z-BUFFER] REJECTED at (16,7): currentZ=10 < zBuffer=20 char='s'
[13:19:35.228] [Z-BUFFER] REJECTED at (17,7): currentZ=10 < zBuffer=20 char='k'
[13:19:35.228] [Z-BUFFER] REJECTED at (55,7): currentZ=10 < zBuffer=20 char='I'
[13:19:35.229] [Z-BUFFER] REJECTED at (56,7): currentZ=10 < zBuffer=20 char='D'
[13:19:35.229] [Z-BUFFER] REJECTED at (57,7): currentZ=10 < zBuffer=20 char='1'
[13:19:35.230] [Z-BUFFER] REJECTED at (65,7): currentZ=10 < zBuffer=20 char='I'
[13:19:35.230] [Z-BUFFER] REJECTED at (66,7): currentZ=10 < zBuffer=20 char='D'
[13:19:35.230] [Z-BUFFER] REJECTED at (67,7): currentZ=10 < zBuffer=20 char='2'
[13:19:35.231] [Z-BUFFER] REJECTED at (93,7): currentZ=10 < zBuffer=20 char='N'
[13:19:35.231] [Z-BUFFER] REJECTED at (94,7): currentZ=10 < zBuffer=20 char='o'
[13:19:35.231] [Z-BUFFER] REJECTED at (95,7): currentZ=10 < zBuffer=20 char='t'
[13:19:35.232] [Z-BUFFER] REJECTED at (96,7): currentZ=10 < zBuffer=20 char='e'
[13:19:35.232] [Z-BUFFER] REJECTED at (97,7): currentZ=10 < zBuffer=20 char='s'
[13:19:35.906] [Z-BUFFER] REJECTED at (2,7): currentZ=10 < zBuffer=20 char='D'
[13:19:35.907] [Z-BUFFER] REJECTED at (3,7): currentZ=10 < zBuffer=20 char='a'
[13:19:35.908] [Z-BUFFER] REJECTED at (4,7): currentZ=10 < zBuffer=20 char='t'
[13:19:35.908] [Z-BUFFER] REJECTED at (5,7): currentZ=10 < zBuffer=20 char='e'
[13:19:35.909] [Z-BUFFER] REJECTED at (14,7): currentZ=10 < zBuffer=20 char='T'
[13:19:35.910] [Z-BUFFER] REJECTED at (15,7): currentZ=10 < zBuffer=20 char='a'
[13:19:35.911] [Z-BUFFER] REJECTED at (16,7): currentZ=10 < zBuffer=20 char='s'
[13:19:35.911] [Z-BUFFER] REJECTED at (17,7): currentZ=10 < zBuffer=20 char='k'
[13:19:35.912] [Z-BUFFER] REJECTED at (55,7): currentZ=10 < zBuffer=20 char='I'
[13:19:35.912] [Z-BUFFER] REJECTED at (56,7): currentZ=10 < zBuffer=20 char='D'
[13:19:35.913] [Z-BUFFER] REJECTED at (57,7): currentZ=10 < zBuffer=20 char='1'
[13:19:35.913] [Z-BUFFER] REJECTED at (65,7): currentZ=10 < zBuffer=20 char='I'
[13:19:35.915] [Z-BUFFER] REJECTED at (66,7): currentZ=10 < zBuffer=20 char='D'
[13:19:35.915] [Z-BUFFER] REJECTED at (67,7): currentZ=10 < zBuffer=20 char='2'
[13:19:35.916] [Z-BUFFER] REJECTED at (93,7): currentZ=10 < zBuffer=20 char='N'
[13:19:35.916] [Z-BUFFER] REJECTED at (94,7): currentZ=10 < zBuffer=20 char='o'
[13:19:35.917] [Z-BUFFER] REJECTED at (95,7): currentZ=10 < zBuffer=20 char='t'
[13:19:35.917] [Z-BUFFER] REJECTED at (96,7): currentZ=10 < zBuffer=20 char='e'
[13:19:35.917] [Z-BUFFER] REJECTED at (97,7): currentZ=10 < zBuffer=20 char='s'
[13:19:36.254] [Z-BUFFER] REJECTED at (2,7): currentZ=10 < zBuffer=20 char='D'
[13:19:36.256] [Z-BUFFER] REJECTED at (3,7): currentZ=10 < zBuffer=20 char='a'
[13:19:36.257] [Z-BUFFER] REJECTED at (4,7): currentZ=10 < zBuffer=20 char='t'
[13:19:36.258] [Z-BUFFER] REJECTED at (5,7): currentZ=10 < zBuffer=20 char='e'
[13:19:36.258] [Z-BUFFER] REJECTED at (14,7): currentZ=10 < zBuffer=20 char='T'
[13:19:36.259] [Z-BUFFER] REJECTED at (15,7): currentZ=10 < zBuffer=20 char='a'
[13:19:36.259] [Z-BUFFER] REJECTED at (16,7): currentZ=10 < zBuffer=20 char='s'
[13:19:36.259] [Z-BUFFER] REJECTED at (17,7): currentZ=10 < zBuffer=20 char='k'
[13:19:36.260] [Z-BUFFER] REJECTED at (55,7): currentZ=10 < zBuffer=20 char='I'
[13:19:36.260] [Z-BUFFER] REJECTED at (56,7): currentZ=10 < zBuffer=20 char='D'
[13:19:36.261] [Z-BUFFER] REJECTED at (57,7): currentZ=10 < zBuffer=20 char='1'
[13:19:36.261] [Z-BUFFER] REJECTED at (65,7): currentZ=10 < zBuffer=20 char='I'
[13:19:36.262] [Z-BUFFER] REJECTED at (66,7): currentZ=10 < zBuffer=20 char='D'
[13:19:36.262] [Z-BUFFER] REJECTED at (67,7): currentZ=10 < zBuffer=20 char='2'
[13:19:36.263] [Z-BUFFER] REJECTED at (93,7): currentZ=10 < zBuffer=20 char='N'
[13:19:36.265] [Z-BUFFER] REJECTED at (94,7): currentZ=10 < zBuffer=20 char='o'
[13:19:36.265] [Z-BUFFER] REJECTED at (95,7): currentZ=10 < zBuffer=20 char='t'
[13:19:36.266] [Z-BUFFER] REJECTED at (96,7): currentZ=10 < zBuffer=20 char='e'
[13:19:36.267] [Z-BUFFER] REJECTED at (97,7): currentZ=10 < zBuffer=20 char='s'
[13:19:36.417] [Z-BUFFER] REJECTED at (2,7): currentZ=10 < zBuffer=20 char='D'
[13:19:36.418] [Z-BUFFER] REJECTED at (3,7): currentZ=10 < zBuffer=20 char='a'
[13:19:36.418] [Z-BUFFER] REJECTED at (4,7): currentZ=10 < zBuffer=20 char='t'
[13:19:36.419] [Z-BUFFER] REJECTED at (5,7): currentZ=10 < zBuffer=20 char='e'
[13:19:36.422] [Z-BUFFER] REJECTED at (14,7): currentZ=10 < zBuffer=20 char='T'
[13:19:36.422] [Z-BUFFER] REJECTED at (15,7): currentZ=10 < zBuffer=20 char='a'
[13:19:36.423] [Z-BUFFER] REJECTED at (16,7): currentZ=10 < zBuffer=20 char='s'
[13:19:36.423] [Z-BUFFER] REJECTED at (17,7): currentZ=10 < zBuffer=20 char='k'
[13:19:36.424] [Z-BUFFER] REJECTED at (55,7): currentZ=10 < zBuffer=20 char='I'
[13:19:36.425] [Z-BUFFER] REJECTED at (56,7): currentZ=10 < zBuffer=20 char='D'
[13:19:36.425] [Z-BUFFER] REJECTED at (57,7): currentZ=10 < zBuffer=20 char='1'
[13:19:36.426] [Z-BUFFER] REJECTED at (65,7): currentZ=10 < zBuffer=20 char='I'
[13:19:36.426] [Z-BUFFER] REJECTED at (66,7): currentZ=10 < zBuffer=20 char='D'
[13:19:36.427] [Z-BUFFER] REJECTED at (67,7): currentZ=10 < zBuffer=20 char='2'
[13:19:36.427] [Z-BUFFER] REJECTED at (93,7): currentZ=10 < zBuffer=20 char='N'
[13:19:36.428] [Z-BUFFER] REJECTED at (94,7): currentZ=10 < zBuffer=20 char='o'
[13:19:36.428] [Z-BUFFER] REJECTED at (95,7): currentZ=10 < zBuffer=20 char='t'
[13:19:36.431] [Z-BUFFER] REJECTED at (96,7): currentZ=10 < zBuffer=20 char='e'
[13:19:36.432] [Z-BUFFER] REJECTED at (97,7): currentZ=10 < zBuffer=20 char='s'
[13:19:38.072] [Z-BUFFER] REJECTED at (2,7): currentZ=10 < zBuffer=20 char='D'
[13:19:38.073] [Z-BUFFER] REJECTED at (3,7): currentZ=10 < zBuffer=20 char='a'
[13:19:38.074] [Z-BUFFER] REJECTED at (4,7): currentZ=10 < zBuffer=20 char='t'
[13:19:38.074] [Z-BUFFER] REJECTED at (5,7): currentZ=10 < zBuffer=20 char='e'
[13:19:38.077] [Z-BUFFER] REJECTED at (14,7): currentZ=10 < zBuffer=20 char='T'
[13:19:38.078] [Z-BUFFER] REJECTED at (15,7): currentZ=10 < zBuffer=20 char='a'
[13:19:38.078] [Z-BUFFER] REJECTED at (16,7): currentZ=10 < zBuffer=20 char='s'
[13:19:38.079] [Z-BUFFER] REJECTED at (17,7): currentZ=10 < zBuffer=20 char='k'
[13:19:38.079] [Z-BUFFER] REJECTED at (55,7): currentZ=10 < zBuffer=20 char='I'
[13:19:38.080] [Z-BUFFER] REJECTED at (56,7): currentZ=10 < zBuffer=20 char='D'
[13:19:38.080] [Z-BUFFER] REJECTED at (57,7): currentZ=10 < zBuffer=20 char='1'
[13:19:38.081] [Z-BUFFER] REJECTED at (65,7): currentZ=10 < zBuffer=20 char='I'
[13:19:38.082] [Z-BUFFER] REJECTED at (66,7): currentZ=10 < zBuffer=20 char='D'
[13:19:38.082] [Z-BUFFER] REJECTED at (67,7): currentZ=10 < zBuffer=20 char='2'
[13:19:38.083] [Z-BUFFER] REJECTED at (93,7): currentZ=10 < zBuffer=20 char='N'
[13:19:38.083] [Z-BUFFER] REJECTED at (94,7): currentZ=10 < zBuffer=20 char='o'
[13:19:38.083] [Z-BUFFER] REJECTED at (95,7): currentZ=10 < zBuffer=20 char='t'
[13:19:38.084] [Z-BUFFER] REJECTED at (96,7): currentZ=10 < zBuffer=20 char='e'
[13:19:38.086] [Z-BUFFER] REJECTED at (97,7): currentZ=10 < zBuffer=20 char='s'
[13:19:40.129] [Z-BUFFER] REJECTED at (2,7): currentZ=10 < zBuffer=20 char='D'
[13:19:40.130] [Z-BUFFER] REJECTED at (3,7): currentZ=10 < zBuffer=20 char='a'
[13:19:40.131] [Z-BUFFER] REJECTED at (4,7): currentZ=10 < zBuffer=20 char='t'
[13:19:40.134] [Z-BUFFER] REJECTED at (5,7): currentZ=10 < zBuffer=20 char='e'
[13:19:40.135] [Z-BUFFER] REJECTED at (14,7): currentZ=10 < zBuffer=20 char='T'
[13:19:40.136] [Z-BUFFER] REJECTED at (15,7): currentZ=10 < zBuffer=20 char='a'
[13:19:40.136] [Z-BUFFER] REJECTED at (16,7): currentZ=10 < zBuffer=20 char='s'
[13:19:40.137] [Z-BUFFER] REJECTED at (17,7): currentZ=10 < zBuffer=20 char='k'
[13:19:40.138] [Z-BUFFER] REJECTED at (55,7): currentZ=10 < zBuffer=20 char='I'
[13:19:40.139] [Z-BUFFER] REJECTED at (56,7): currentZ=10 < zBuffer=20 char='D'
[13:19:40.140] [Z-BUFFER] REJECTED at (57,7): currentZ=10 < zBuffer=20 char='1'
[13:19:40.140] [Z-BUFFER] REJECTED at (65,7): currentZ=10 < zBuffer=20 char='I'
[13:19:40.141] [Z-BUFFER] REJECTED at (66,7): currentZ=10 < zBuffer=20 char='D'
[13:19:40.142] [Z-BUFFER] REJECTED at (67,7): currentZ=10 < zBuffer=20 char='2'
[13:19:40.143] [Z-BUFFER] REJECTED at (93,7): currentZ=10 < zBuffer=20 char='N'
[13:19:40.143] [Z-BUFFER] REJECTED at (94,7): currentZ=10 < zBuffer=20 char='o'
[13:19:40.144] [Z-BUFFER] REJECTED at (95,7): currentZ=10 < zBuffer=20 char='t'
[13:19:40.147] [Z-BUFFER] REJECTED at (96,7): currentZ=10 < zBuffer=20 char='e'
[13:19:40.148] [Z-BUFFER] REJECTED at (97,7): currentZ=10 < zBuffer=20 char='s'
[13:19:41.691] [Z-BUFFER] REJECTED at (2,7): currentZ=10 < zBuffer=20 char='D'
[13:19:41.692] [Z-BUFFER] REJECTED at (3,7): currentZ=10 < zBuffer=20 char='a'
[13:19:41.692] [Z-BUFFER] REJECTED at (4,7): currentZ=10 < zBuffer=20 char='t'
[13:19:41.694] [Z-BUFFER] REJECTED at (5,7): currentZ=10 < zBuffer=20 char='e'
[13:19:41.695] [Z-BUFFER] REJECTED at (14,7): currentZ=10 < zBuffer=20 char='T'
[13:19:41.695] [Z-BUFFER] REJECTED at (15,7): currentZ=10 < zBuffer=20 char='a'
[13:19:41.696] [Z-BUFFER] REJECTED at (16,7): currentZ=10 < zBuffer=20 char='s'
[13:19:41.696] [Z-BUFFER] REJECTED at (17,7): currentZ=10 < zBuffer=20 char='k'
[13:19:41.697] [Z-BUFFER] REJECTED at (55,7): currentZ=10 < zBuffer=20 char='I'
[13:19:41.697] [Z-BUFFER] REJECTED at (56,7): currentZ=10 < zBuffer=20 char='D'
[13:19:41.698] [Z-BUFFER] REJECTED at (57,7): currentZ=10 < zBuffer=20 char='1'
[13:19:41.698] [Z-BUFFER] REJECTED at (65,7): currentZ=10 < zBuffer=20 char='I'
[13:19:41.699] [Z-BUFFER] REJECTED at (66,7): currentZ=10 < zBuffer=20 char='D'
[13:19:41.699] [Z-BUFFER] REJECTED at (67,7): currentZ=10 < zBuffer=20 char='2'
[13:19:41.700] [Z-BUFFER] REJECTED at (93,7): currentZ=10 < zBuffer=20 char='N'
[13:19:41.701] [Z-BUFFER] REJECTED at (94,7): currentZ=10 < zBuffer=20 char='o'
[13:19:41.702] [Z-BUFFER] REJECTED at (95,7): currentZ=10 < zBuffer=20 char='t'
[13:19:41.704] [Z-BUFFER] REJECTED at (96,7): currentZ=10 < zBuffer=20 char='e'
[13:19:41.705] [Z-BUFFER] REJECTED at (97,7): currentZ=10 < zBuffer=20 char='s'
[13:19:42.615] [Z-BUFFER] REJECTED at (2,7): currentZ=10 < zBuffer=20 char='D'
[13:19:42.615] [Z-BUFFER] REJECTED at (3,7): currentZ=10 < zBuffer=20 char='a'
[13:19:42.616] [Z-BUFFER] REJECTED at (4,7): currentZ=10 < zBuffer=20 char='t'
[13:19:42.616] [Z-BUFFER] REJECTED at (5,7): currentZ=10 < zBuffer=20 char='e'
[13:19:42.617] [Z-BUFFER] REJECTED at (14,7): currentZ=10 < zBuffer=20 char='T'
[13:19:42.617] [Z-BUFFER] REJECTED at (15,7): currentZ=10 < zBuffer=20 char='a'
[13:19:42.617] [Z-BUFFER] REJECTED at (16,7): currentZ=10 < zBuffer=20 char='s'
[13:19:42.620] [Z-BUFFER] REJECTED at (17,7): currentZ=10 < zBuffer=20 char='k'
[13:19:42.621] [Z-BUFFER] REJECTED at (55,7): currentZ=10 < zBuffer=20 char='I'
[13:19:42.621] [Z-BUFFER] REJECTED at (56,7): currentZ=10 < zBuffer=20 char='D'
[13:19:42.622] [Z-BUFFER] REJECTED at (57,7): currentZ=10 < zBuffer=20 char='1'
[13:19:42.622] [Z-BUFFER] REJECTED at (65,7): currentZ=10 < zBuffer=20 char='I'
[13:19:42.623] [Z-BUFFER] REJECTED at (66,7): currentZ=10 < zBuffer=20 char='D'
[13:19:42.623] [Z-BUFFER] REJECTED at (67,7): currentZ=10 < zBuffer=20 char='2'
[13:19:42.624] [Z-BUFFER] REJECTED at (93,7): currentZ=10 < zBuffer=20 char='N'
[13:19:42.625] [Z-BUFFER] REJECTED at (94,7): currentZ=10 < zBuffer=20 char='o'
[13:19:42.625] [Z-BUFFER] REJECTED at (95,7): currentZ=10 < zBuffer=20 char='t'
[13:19:42.626] [Z-BUFFER] REJECTED at (96,7): currentZ=10 < zBuffer=20 char='e'
[13:19:42.626] [Z-BUFFER] REJECTED at (97,7): currentZ=10 < zBuffer=20 char='s'
[13:19:46.752] [Z-BUFFER] REJECTED at (2,7): currentZ=10 < zBuffer=20 char='D'
[13:19:46.753] [Z-BUFFER] REJECTED at (3,7): currentZ=10 < zBuffer=20 char='a'
[13:19:46.754] [Z-BUFFER] REJECTED at (4,7): currentZ=10 < zBuffer=20 char='t'
[13:19:46.754] [Z-BUFFER] REJECTED at (5,7): currentZ=10 < zBuffer=20 char='e'
[13:19:46.755] [Z-BUFFER] REJECTED at (14,7): currentZ=10 < zBuffer=20 char='T'
[13:19:46.755] [Z-BUFFER] REJECTED at (15,7): currentZ=10 < zBuffer=20 char='a'
[13:19:46.755] [Z-BUFFER] REJECTED at (16,7): currentZ=10 < zBuffer=20 char='s'
[13:19:46.756] [Z-BUFFER] REJECTED at (17,7): currentZ=10 < zBuffer=20 char='k'
[13:19:46.756] [Z-BUFFER] REJECTED at (55,7): currentZ=10 < zBuffer=20 char='I'
[13:19:46.757] [Z-BUFFER] REJECTED at (56,7): currentZ=10 < zBuffer=20 char='D'
[13:19:46.757] [Z-BUFFER] REJECTED at (57,7): currentZ=10 < zBuffer=20 char='1'
[13:19:46.758] [Z-BUFFER] REJECTED at (65,7): currentZ=10 < zBuffer=20 char='I'
[13:19:46.758] [Z-BUFFER] REJECTED at (66,7): currentZ=10 < zBuffer=20 char='D'
[13:19:46.760] [Z-BUFFER] REJECTED at (67,7): currentZ=10 < zBuffer=20 char='2'
[13:19:46.761] [Z-BUFFER] REJECTED at (93,7): currentZ=10 < zBuffer=20 char='N'
[13:19:46.761] [Z-BUFFER] REJECTED at (94,7): currentZ=10 < zBuffer=20 char='o'
[13:19:46.762] [Z-BUFFER] REJECTED at (95,7): currentZ=10 < zBuffer=20 char='t'
[13:19:46.762] [Z-BUFFER] REJECTED at (96,7): currentZ=10 < zBuffer=20 char='e'
[13:19:46.763] [Z-BUFFER] REJECTED at (97,7): currentZ=10 < zBuffer=20 char='s'
[13:19:47.905] [Z-BUFFER] REJECTED at (2,7): currentZ=10 < zBuffer=20 char='D'
[13:19:47.908] [Z-BUFFER] REJECTED at (3,7): currentZ=10 < zBuffer=20 char='a'
[13:19:47.910] [Z-BUFFER] REJECTED at (4,7): currentZ=10 < zBuffer=20 char='t'
[13:19:47.911] [Z-BUFFER] REJECTED at (5,7): currentZ=10 < zBuffer=20 char='e'
[13:19:47.912] [Z-BUFFER] REJECTED at (14,7): currentZ=10 < zBuffer=20 char='T'
[13:19:47.913] [Z-BUFFER] REJECTED at (15,7): currentZ=10 < zBuffer=20 char='a'
[13:19:47.913] [Z-BUFFER] REJECTED at (16,7): currentZ=10 < zBuffer=20 char='s'
[13:19:47.914] [Z-BUFFER] REJECTED at (17,7): currentZ=10 < zBuffer=20 char='k'
[13:19:47.915] [Z-BUFFER] REJECTED at (55,7): currentZ=10 < zBuffer=20 char='I'
[13:19:47.917] [Z-BUFFER] REJECTED at (56,7): currentZ=10 < zBuffer=20 char='D'
[13:19:47.918] [Z-BUFFER] REJECTED at (57,7): currentZ=10 < zBuffer=20 char='1'
[13:19:47.919] [Z-BUFFER] REJECTED at (65,7): currentZ=10 < zBuffer=20 char='I'
[13:19:47.919] [Z-BUFFER] REJECTED at (66,7): currentZ=10 < zBuffer=20 char='D'
[13:19:47.920] [Z-BUFFER] REJECTED at (67,7): currentZ=10 < zBuffer=20 char='2'
[13:19:47.921] [Z-BUFFER] REJECTED at (93,7): currentZ=10 < zBuffer=20 char='N'
[13:19:47.922] [Z-BUFFER] REJECTED at (94,7): currentZ=10 < zBuffer=20 char='o'
[13:19:47.922] [Z-BUFFER] REJECTED at (95,7): currentZ=10 < zBuffer=20 char='t'
[13:19:47.925] [Z-BUFFER] REJECTED at (96,7): currentZ=10 < zBuffer=20 char='e'
[13:19:47.926] [Z-BUFFER] REJECTED at (97,7): currentZ=10 < zBuffer=20 char='s'
[13:19:48.336] [Z-BUFFER] REJECTED at (2,7): currentZ=10 < zBuffer=20 char='D'
[13:19:48.337] [Z-BUFFER] REJECTED at (3,7): currentZ=10 < zBuffer=20 char='a'
[13:19:48.340] [Z-BUFFER] REJECTED at (4,7): currentZ=10 < zBuffer=20 char='t'
[13:19:48.340] [Z-BUFFER] REJECTED at (5,7): currentZ=10 < zBuffer=20 char='e'
[13:19:48.341] [Z-BUFFER] REJECTED at (14,7): currentZ=10 < zBuffer=20 char='T'
[13:19:48.341] [Z-BUFFER] REJECTED at (15,7): currentZ=10 < zBuffer=20 char='a'
[13:19:48.341] [Z-BUFFER] REJECTED at (16,7): currentZ=10 < zBuffer=20 char='s'
[13:19:48.342] [Z-BUFFER] REJECTED at (17,7): currentZ=10 < zBuffer=20 char='k'
[13:19:48.342] [Z-BUFFER] REJECTED at (55,7): currentZ=10 < zBuffer=20 char='I'
[13:19:48.343] [Z-BUFFER] REJECTED at (56,7): currentZ=10 < zBuffer=20 char='D'
[13:19:48.343] [Z-BUFFER] REJECTED at (57,7): currentZ=10 < zBuffer=20 char='1'
[13:19:48.344] [Z-BUFFER] REJECTED at (65,7): currentZ=10 < zBuffer=20 char='I'
[13:19:48.344] [Z-BUFFER] REJECTED at (66,7): currentZ=10 < zBuffer=20 char='D'
[13:19:48.344] [Z-BUFFER] REJECTED at (67,7): currentZ=10 < zBuffer=20 char='2'
[13:19:48.345] [Z-BUFFER] REJECTED at (93,7): currentZ=10 < zBuffer=20 char='N'
[13:19:48.345] [Z-BUFFER] REJECTED at (94,7): currentZ=10 < zBuffer=20 char='o'
[13:19:48.347] [Z-BUFFER] REJECTED at (95,7): currentZ=10 < zBuffer=20 char='t'
[13:19:48.347] [Z-BUFFER] REJECTED at (96,7): currentZ=10 < zBuffer=20 char='e'
[13:19:48.347] [Z-BUFFER] REJECTED at (97,7): currentZ=10 < zBuffer=20 char='s'
[13:19:48.750] [Z-BUFFER] REJECTED at (2,7): currentZ=10 < zBuffer=20 char='D'
[13:19:48.751] [Z-BUFFER] REJECTED at (3,7): currentZ=10 < zBuffer=20 char='a'
[13:19:48.751] [Z-BUFFER] REJECTED at (4,7): currentZ=10 < zBuffer=20 char='t'
[13:19:48.752] [Z-BUFFER] REJECTED at (5,7): currentZ=10 < zBuffer=20 char='e'
[13:19:48.753] [Z-BUFFER] REJECTED at (14,7): currentZ=10 < zBuffer=20 char='T'
[13:19:48.755] [Z-BUFFER] REJECTED at (15,7): currentZ=10 < zBuffer=20 char='a'
[13:19:48.755] [Z-BUFFER] REJECTED at (16,7): currentZ=10 < zBuffer=20 char='s'
[13:19:48.756] [Z-BUFFER] REJECTED at (17,7): currentZ=10 < zBuffer=20 char='k'
[13:19:48.756] [Z-BUFFER] REJECTED at (55,7): currentZ=10 < zBuffer=20 char='I'
[13:19:48.757] [Z-BUFFER] REJECTED at (56,7): currentZ=10 < zBuffer=20 char='D'
[13:19:48.757] [Z-BUFFER] REJECTED at (57,7): currentZ=10 < zBuffer=20 char='1'
[13:19:48.758] [Z-BUFFER] REJECTED at (65,7): currentZ=10 < zBuffer=20 char='I'
[13:19:48.758] [Z-BUFFER] REJECTED at (66,7): currentZ=10 < zBuffer=20 char='D'
[13:19:48.759] [Z-BUFFER] REJECTED at (67,7): currentZ=10 < zBuffer=20 char='2'
[13:19:48.759] [Z-BUFFER] REJECTED at (93,7): currentZ=10 < zBuffer=20 char='N'
[13:19:48.760] [Z-BUFFER] REJECTED at (94,7): currentZ=10 < zBuffer=20 char='o'
[13:19:48.760] [Z-BUFFER] REJECTED at (95,7): currentZ=10 < zBuffer=20 char='t'
[13:19:48.761] [Z-BUFFER] REJECTED at (96,7): currentZ=10 < zBuffer=20 char='e'
[13:19:48.761] [Z-BUFFER] REJECTED at (97,7): currentZ=10 < zBuffer=20 char='s'
[13:19:49.115] [Z-BUFFER] REJECTED at (2,7): currentZ=10 < zBuffer=20 char='D'
[13:19:49.115] [Z-BUFFER] REJECTED at (3,7): currentZ=10 < zBuffer=20 char='a'
[13:19:49.116] [Z-BUFFER] REJECTED at (4,7): currentZ=10 < zBuffer=20 char='t'
[13:19:49.117] [Z-BUFFER] REJECTED at (5,7): currentZ=10 < zBuffer=20 char='e'
[13:19:49.118] [Z-BUFFER] REJECTED at (14,7): currentZ=10 < zBuffer=20 char='T'
[13:19:49.118] [Z-BUFFER] REJECTED at (15,7): currentZ=10 < zBuffer=20 char='a'
[13:19:49.119] [Z-BUFFER] REJECTED at (16,7): currentZ=10 < zBuffer=20 char='s'
[13:19:49.119] [Z-BUFFER] REJECTED at (17,7): currentZ=10 < zBuffer=20 char='k'
[13:19:49.120] [Z-BUFFER] REJECTED at (55,7): currentZ=10 < zBuffer=20 char='I'
[13:19:49.122] [Z-BUFFER] REJECTED at (56,7): currentZ=10 < zBuffer=20 char='D'
[13:19:49.122] [Z-BUFFER] REJECTED at (57,7): currentZ=10 < zBuffer=20 char='1'
[13:19:49.123] [Z-BUFFER] REJECTED at (65,7): currentZ=10 < zBuffer=20 char='I'
[13:19:49.123] [Z-BUFFER] REJECTED at (66,7): currentZ=10 < zBuffer=20 char='D'
[13:19:49.123] [Z-BUFFER] REJECTED at (67,7): currentZ=10 < zBuffer=20 char='2'
[13:19:49.124] [Z-BUFFER] REJECTED at (93,7): currentZ=10 < zBuffer=20 char='N'
[13:19:49.124] [Z-BUFFER] REJECTED at (94,7): currentZ=10 < zBuffer=20 char='o'
[13:19:49.124] [Z-BUFFER] REJECTED at (95,7): currentZ=10 < zBuffer=20 char='t'
[13:19:49.125] [Z-BUFFER] REJECTED at (96,7): currentZ=10 < zBuffer=20 char='e'
[13:19:49.125] [Z-BUFFER] REJECTED at (97,7): currentZ=10 < zBuffer=20 char='s'
[13:19:49.479] [Z-BUFFER] REJECTED at (2,7): currentZ=10 < zBuffer=20 char='D'
[13:19:49.480] [Z-BUFFER] REJECTED at (3,7): currentZ=10 < zBuffer=20 char='a'
[13:19:49.481] [Z-BUFFER] REJECTED at (4,7): currentZ=10 < zBuffer=20 char='t'
[13:19:49.482] [Z-BUFFER] REJECTED at (5,7): currentZ=10 < zBuffer=20 char='e'
[13:19:49.483] [Z-BUFFER] REJECTED at (14,7): currentZ=10 < zBuffer=20 char='T'
[13:19:49.483] [Z-BUFFER] REJECTED at (15,7): currentZ=10 < zBuffer=20 char='a'
[13:19:49.484] [Z-BUFFER] REJECTED at (16,7): currentZ=10 < zBuffer=20 char='s'
[13:19:49.485] [Z-BUFFER] REJECTED at (17,7): currentZ=10 < zBuffer=20 char='k'
[13:19:49.486] [Z-BUFFER] REJECTED at (55,7): currentZ=10 < zBuffer=20 char='I'
[13:19:49.487] [Z-BUFFER] REJECTED at (56,7): currentZ=10 < zBuffer=20 char='D'
[13:19:49.488] [Z-BUFFER] REJECTED at (57,7): currentZ=10 < zBuffer=20 char='1'
[13:19:49.489] [Z-BUFFER] REJECTED at (65,7): currentZ=10 < zBuffer=20 char='I'
[13:19:49.490] [Z-BUFFER] REJECTED at (66,7): currentZ=10 < zBuffer=20 char='D'
[13:19:49.498] [Z-BUFFER] REJECTED at (67,7): currentZ=10 < zBuffer=20 char='2'
[13:19:49.498] [Z-BUFFER] REJECTED at (93,7): currentZ=10 < zBuffer=20 char='N'
[13:19:49.499] [Z-BUFFER] REJECTED at (94,7): currentZ=10 < zBuffer=20 char='o'
[13:19:49.499] [Z-BUFFER] REJECTED at (95,7): currentZ=10 < zBuffer=20 char='t'
[13:19:49.500] [Z-BUFFER] REJECTED at (96,7): currentZ=10 < zBuffer=20 char='e'
[13:19:49.500] [Z-BUFFER] REJECTED at (97,7): currentZ=10 < zBuffer=20 char='s'
[13:19:49.851] [Z-BUFFER] REJECTED at (2,7): currentZ=10 < zBuffer=20 char='D'
[13:19:49.853] [Z-BUFFER] REJECTED at (3,7): currentZ=10 < zBuffer=20 char='a'
[13:19:49.854] [Z-BUFFER] REJECTED at (4,7): currentZ=10 < zBuffer=20 char='t'
[13:19:49.854] [Z-BUFFER] REJECTED at (5,7): currentZ=10 < zBuffer=20 char='e'
[13:19:49.855] [Z-BUFFER] REJECTED at (14,7): currentZ=10 < zBuffer=20 char='T'
[13:19:49.856] [Z-BUFFER] REJECTED at (15,7): currentZ=10 < zBuffer=20 char='a'
[13:19:49.856] [Z-BUFFER] REJECTED at (16,7): currentZ=10 < zBuffer=20 char='s'
[13:19:49.856] [Z-BUFFER] REJECTED at (17,7): currentZ=10 < zBuffer=20 char='k'
[13:19:49.857] [Z-BUFFER] REJECTED at (55,7): currentZ=10 < zBuffer=20 char='I'
[13:19:49.857] [Z-BUFFER] REJECTED at (56,7): currentZ=10 < zBuffer=20 char='D'
[13:19:49.857] [Z-BUFFER] REJECTED at (57,7): currentZ=10 < zBuffer=20 char='1'
[13:19:49.858] [Z-BUFFER] REJECTED at (65,7): currentZ=10 < zBuffer=20 char='I'
[13:19:49.858] [Z-BUFFER] REJECTED at (66,7): currentZ=10 < zBuffer=20 char='D'
[13:19:49.859] [Z-BUFFER] REJECTED at (67,7): currentZ=10 < zBuffer=20 char='2'
[13:19:49.859] [Z-BUFFER] REJECTED at (93,7): currentZ=10 < zBuffer=20 char='N'
[13:19:49.861] [Z-BUFFER] REJECTED at (94,7): currentZ=10 < zBuffer=20 char='o'
[13:19:49.861] [Z-BUFFER] REJECTED at (95,7): currentZ=10 < zBuffer=20 char='t'
[13:19:49.862] [Z-BUFFER] REJECTED at (96,7): currentZ=10 < zBuffer=20 char='e'
[13:19:49.862] [Z-BUFFER] REJECTED at (97,7): currentZ=10 < zBuffer=20 char='s'
[13:19:50.212] [Z-BUFFER] REJECTED at (2,7): currentZ=10 < zBuffer=20 char='D'
[13:19:50.213] [Z-BUFFER] REJECTED at (3,7): currentZ=10 < zBuffer=20 char='a'
[13:19:50.213] [Z-BUFFER] REJECTED at (4,7): currentZ=10 < zBuffer=20 char='t'
[13:19:50.214] [Z-BUFFER] REJECTED at (5,7): currentZ=10 < zBuffer=20 char='e'
[13:19:50.216] [Z-BUFFER] REJECTED at (14,7): currentZ=10 < zBuffer=20 char='T'
[13:19:50.217] [Z-BUFFER] REJECTED at (15,7): currentZ=10 < zBuffer=20 char='a'
[13:19:50.217] [Z-BUFFER] REJECTED at (16,7): currentZ=10 < zBuffer=20 char='s'
[13:19:50.217] [Z-BUFFER] REJECTED at (17,7): currentZ=10 < zBuffer=20 char='k'
[13:19:50.218] [Z-BUFFER] REJECTED at (55,7): currentZ=10 < zBuffer=20 char='I'
[13:19:50.218] [Z-BUFFER] REJECTED at (56,7): currentZ=10 < zBuffer=20 char='D'
[13:19:50.219] [Z-BUFFER] REJECTED at (57,7): currentZ=10 < zBuffer=20 char='1'
[13:19:50.219] [Z-BUFFER] REJECTED at (65,7): currentZ=10 < zBuffer=20 char='I'
[13:19:50.220] [Z-BUFFER] REJECTED at (66,7): currentZ=10 < zBuffer=20 char='D'
[13:19:50.220] [Z-BUFFER] REJECTED at (67,7): currentZ=10 < zBuffer=20 char='2'
[13:19:50.220] [Z-BUFFER] REJECTED at (93,7): currentZ=10 < zBuffer=20 char='N'
[13:19:50.221] [Z-BUFFER] REJECTED at (94,7): currentZ=10 < zBuffer=20 char='o'
[13:19:50.221] [Z-BUFFER] REJECTED at (95,7): currentZ=10 < zBuffer=20 char='t'
[13:19:50.222] [Z-BUFFER] REJECTED at (96,7): currentZ=10 < zBuffer=20 char='e'
[13:19:50.224] [Z-BUFFER] REJECTED at (97,7): currentZ=10 < zBuffer=20 char='s'
[13:19:50.572] [Z-BUFFER] REJECTED at (2,7): currentZ=10 < zBuffer=20 char='D'
[13:19:50.574] [Z-BUFFER] REJECTED at (3,7): currentZ=10 < zBuffer=20 char='a'
[13:19:50.574] [Z-BUFFER] REJECTED at (4,7): currentZ=10 < zBuffer=20 char='t'
[13:19:50.575] [Z-BUFFER] REJECTED at (5,7): currentZ=10 < zBuffer=20 char='e'
[13:19:50.576] [Z-BUFFER] REJECTED at (14,7): currentZ=10 < zBuffer=20 char='T'
[13:19:50.577] [Z-BUFFER] REJECTED at (15,7): currentZ=10 < zBuffer=20 char='a'
[13:19:50.578] [Z-BUFFER] REJECTED at (16,7): currentZ=10 < zBuffer=20 char='s'
[13:19:50.580] [Z-BUFFER] REJECTED at (17,7): currentZ=10 < zBuffer=20 char='k'
[13:19:50.581] [Z-BUFFER] REJECTED at (55,7): currentZ=10 < zBuffer=20 char='I'
[13:19:50.581] [Z-BUFFER] REJECTED at (56,7): currentZ=10 < zBuffer=20 char='D'
[13:19:50.582] [Z-BUFFER] REJECTED at (57,7): currentZ=10 < zBuffer=20 char='1'
[13:19:50.582] [Z-BUFFER] REJECTED at (65,7): currentZ=10 < zBuffer=20 char='I'
[13:19:50.583] [Z-BUFFER] REJECTED at (66,7): currentZ=10 < zBuffer=20 char='D'
[13:19:50.583] [Z-BUFFER] REJECTED at (67,7): currentZ=10 < zBuffer=20 char='2'
[13:19:50.584] [Z-BUFFER] REJECTED at (93,7): currentZ=10 < zBuffer=20 char='N'
[13:19:50.584] [Z-BUFFER] REJECTED at (94,7): currentZ=10 < zBuffer=20 char='o'
[13:19:50.585] [Z-BUFFER] REJECTED at (95,7): currentZ=10 < zBuffer=20 char='t'
[13:19:50.585] [Z-BUFFER] REJECTED at (96,7): currentZ=10 < zBuffer=20 char='e'
[13:19:50.585] [Z-BUFFER] REJECTED at (97,7): currentZ=10 < zBuffer=20 char='s'
[13:19:50.786] [Z-BUFFER] REJECTED at (2,7): currentZ=10 < zBuffer=20 char='D'
[13:19:50.787] [Z-BUFFER] REJECTED at (3,7): currentZ=10 < zBuffer=20 char='a'
[13:19:50.788] [Z-BUFFER] REJECTED at (4,7): currentZ=10 < zBuffer=20 char='t'
[13:19:50.789] [Z-BUFFER] REJECTED at (5,7): currentZ=10 < zBuffer=20 char='e'
[13:19:50.790] [Z-BUFFER] REJECTED at (14,7): currentZ=10 < zBuffer=20 char='T'
[13:19:50.791] [Z-BUFFER] REJECTED at (15,7): currentZ=10 < zBuffer=20 char='a'
[13:19:50.792] [Z-BUFFER] REJECTED at (16,7): currentZ=10 < zBuffer=20 char='s'
[13:19:50.792] [Z-BUFFER] REJECTED at (17,7): currentZ=10 < zBuffer=20 char='k'
[13:19:50.793] [Z-BUFFER] REJECTED at (55,7): currentZ=10 < zBuffer=20 char='I'
[13:19:50.793] [Z-BUFFER] REJECTED at (56,7): currentZ=10 < zBuffer=20 char='D'
[13:19:50.794] [Z-BUFFER] REJECTED at (57,7): currentZ=10 < zBuffer=20 char='1'
[13:19:50.797] [Z-BUFFER] REJECTED at (65,7): currentZ=10 < zBuffer=20 char='I'
[13:19:50.798] [Z-BUFFER] REJECTED at (66,7): currentZ=10 < zBuffer=20 char='D'
[13:19:50.798] [Z-BUFFER] REJECTED at (67,7): currentZ=10 < zBuffer=20 char='2'
[13:19:50.798] [Z-BUFFER] REJECTED at (93,7): currentZ=10 < zBuffer=20 char='N'
[13:19:50.799] [Z-BUFFER] REJECTED at (94,7): currentZ=10 < zBuffer=20 char='o'
[13:19:50.799] [Z-BUFFER] REJECTED at (95,7): currentZ=10 < zBuffer=20 char='t'
[13:19:50.800] [Z-BUFFER] REJECTED at (96,7): currentZ=10 < zBuffer=20 char='e'
[13:19:50.800] [Z-BUFFER] REJECTED at (97,7): currentZ=10 < zBuffer=20 char='s'
[13:19:51.155] [Z-BUFFER] REJECTED at (2,7): currentZ=10 < zBuffer=20 char='D'
[13:19:51.158] [Z-BUFFER] REJECTED at (3,7): currentZ=10 < zBuffer=20 char='a'
[13:19:51.159] [Z-BUFFER] REJECTED at (4,7): currentZ=10 < zBuffer=20 char='t'
[13:19:51.159] [Z-BUFFER] REJECTED at (5,7): currentZ=10 < zBuffer=20 char='e'
[13:19:51.160] [Z-BUFFER] REJECTED at (14,7): currentZ=10 < zBuffer=20 char='T'
[13:19:51.160] [Z-BUFFER] REJECTED at (15,7): currentZ=10 < zBuffer=20 char='a'
[13:19:51.161] [Z-BUFFER] REJECTED at (16,7): currentZ=10 < zBuffer=20 char='s'
[13:19:51.161] [Z-BUFFER] REJECTED at (17,7): currentZ=10 < zBuffer=20 char='k'
[13:19:51.162] [Z-BUFFER] REJECTED at (55,7): currentZ=10 < zBuffer=20 char='I'
[13:19:51.163] [Z-BUFFER] REJECTED at (56,7): currentZ=10 < zBuffer=20 char='D'
[13:19:51.163] [Z-BUFFER] REJECTED at (57,7): currentZ=10 < zBuffer=20 char='1'
[13:19:51.164] [Z-BUFFER] REJECTED at (65,7): currentZ=10 < zBuffer=20 char='I'
[13:19:51.164] [Z-BUFFER] REJECTED at (66,7): currentZ=10 < zBuffer=20 char='D'
[13:19:51.165] [Z-BUFFER] REJECTED at (67,7): currentZ=10 < zBuffer=20 char='2'
[13:19:51.166] [Z-BUFFER] REJECTED at (93,7): currentZ=10 < zBuffer=20 char='N'
[13:19:51.169] [Z-BUFFER] REJECTED at (94,7): currentZ=10 < zBuffer=20 char='o'
[13:19:51.169] [Z-BUFFER] REJECTED at (95,7): currentZ=10 < zBuffer=20 char='t'
[13:19:51.170] [Z-BUFFER] REJECTED at (96,7): currentZ=10 < zBuffer=20 char='e'
[13:19:51.170] [Z-BUFFER] REJECTED at (97,7): currentZ=10 < zBuffer=20 char='s'
[13:19:51.369] [Z-BUFFER] REJECTED at (2,7): currentZ=10 < zBuffer=20 char='D'
[13:19:51.369] [Z-BUFFER] REJECTED at (3,7): currentZ=10 < zBuffer=20 char='a'
[13:19:51.370] [Z-BUFFER] REJECTED at (4,7): currentZ=10 < zBuffer=20 char='t'
[13:19:51.371] [Z-BUFFER] REJECTED at (5,7): currentZ=10 < zBuffer=20 char='e'
[13:19:51.372] [Z-BUFFER] REJECTED at (14,7): currentZ=10 < zBuffer=20 char='T'
[13:19:51.373] [Z-BUFFER] REJECTED at (15,7): currentZ=10 < zBuffer=20 char='a'
[13:19:51.374] [Z-BUFFER] REJECTED at (16,7): currentZ=10 < zBuffer=20 char='s'
[13:19:51.374] [Z-BUFFER] REJECTED at (17,7): currentZ=10 < zBuffer=20 char='k'
[13:19:51.375] [Z-BUFFER] REJECTED at (55,7): currentZ=10 < zBuffer=20 char='I'
[13:19:51.376] [Z-BUFFER] REJECTED at (56,7): currentZ=10 < zBuffer=20 char='D'
[13:19:51.377] [Z-BUFFER] REJECTED at (57,7): currentZ=10 < zBuffer=20 char='1'
[13:19:51.378] [Z-BUFFER] REJECTED at (65,7): currentZ=10 < zBuffer=20 char='I'
[13:19:51.379] [Z-BUFFER] REJECTED at (66,7): currentZ=10 < zBuffer=20 char='D'
[13:19:51.379] [Z-BUFFER] REJECTED at (67,7): currentZ=10 < zBuffer=20 char='2'
[13:19:51.386] [Z-BUFFER] REJECTED at (93,7): currentZ=10 < zBuffer=20 char='N'
[13:19:51.386] [Z-BUFFER] REJECTED at (94,7): currentZ=10 < zBuffer=20 char='o'
[13:19:51.387] [Z-BUFFER] REJECTED at (95,7): currentZ=10 < zBuffer=20 char='t'
[13:19:51.387] [Z-BUFFER] REJECTED at (96,7): currentZ=10 < zBuffer=20 char='e'
[13:19:51.388] [Z-BUFFER] REJECTED at (97,7): currentZ=10 < zBuffer=20 char='s'
[13:19:52.437] [Z-BUFFER] REJECTED at (2,7): currentZ=10 < zBuffer=20 char='D'
[13:19:52.438] [Z-BUFFER] REJECTED at (3,7): currentZ=10 < zBuffer=20 char='a'
[13:19:52.439] [Z-BUFFER] REJECTED at (4,7): currentZ=10 < zBuffer=20 char='t'
[13:19:52.439] [Z-BUFFER] REJECTED at (5,7): currentZ=10 < zBuffer=20 char='e'
[13:19:52.440] [Z-BUFFER] REJECTED at (14,7): currentZ=10 < zBuffer=20 char='T'
[13:19:52.444] [Z-BUFFER] REJECTED at (15,7): currentZ=10 < zBuffer=20 char='a'
[13:19:52.445] [Z-BUFFER] REJECTED at (16,7): currentZ=10 < zBuffer=20 char='s'
[13:19:52.445] [Z-BUFFER] REJECTED at (17,7): currentZ=10 < zBuffer=20 char='k'
[13:19:52.446] [Z-BUFFER] REJECTED at (55,7): currentZ=10 < zBuffer=20 char='I'
[13:19:52.447] [Z-BUFFER] REJECTED at (56,7): currentZ=10 < zBuffer=20 char='D'
[13:19:52.447] [Z-BUFFER] REJECTED at (57,7): currentZ=10 < zBuffer=20 char='1'
[13:19:52.447] [Z-BUFFER] REJECTED at (65,7): currentZ=10 < zBuffer=20 char='I'
[13:19:52.448] [Z-BUFFER] REJECTED at (66,7): currentZ=10 < zBuffer=20 char='D'
[13:19:52.448] [Z-BUFFER] REJECTED at (67,7): currentZ=10 < zBuffer=20 char='2'
[13:19:52.449] [Z-BUFFER] REJECTED at (93,7): currentZ=10 < zBuffer=20 char='N'
[13:19:52.449] [Z-BUFFER] REJECTED at (94,7): currentZ=10 < zBuffer=20 char='o'
[13:19:52.450] [Z-BUFFER] REJECTED at (95,7): currentZ=10 < zBuffer=20 char='t'
[13:19:52.450] [Z-BUFFER] REJECTED at (96,7): currentZ=10 < zBuffer=20 char='e'
[13:19:52.451] [Z-BUFFER] REJECTED at (97,7): currentZ=10 < zBuffer=20 char='s'
[13:19:53.090] [Z-BUFFER] REJECTED at (2,7): currentZ=10 < zBuffer=20 char='D'
[13:19:53.091] [Z-BUFFER] REJECTED at (3,7): currentZ=10 < zBuffer=20 char='a'
[13:19:53.092] [Z-BUFFER] REJECTED at (4,7): currentZ=10 < zBuffer=20 char='t'
[13:19:53.093] [Z-BUFFER] REJECTED at (5,7): currentZ=10 < zBuffer=20 char='e'
[13:19:53.094] [Z-BUFFER] REJECTED at (14,7): currentZ=10 < zBuffer=20 char='T'
[13:19:53.095] [Z-BUFFER] REJECTED at (15,7): currentZ=10 < zBuffer=20 char='a'
[13:19:53.095] [Z-BUFFER] REJECTED at (16,7): currentZ=10 < zBuffer=20 char='s'
[13:19:53.096] [Z-BUFFER] REJECTED at (17,7): currentZ=10 < zBuffer=20 char='k'
[13:19:53.101] [Z-BUFFER] REJECTED at (55,7): currentZ=10 < zBuffer=20 char='I'
[13:19:53.102] [Z-BUFFER] REJECTED at (56,7): currentZ=10 < zBuffer=20 char='D'
[13:19:53.103] [Z-BUFFER] REJECTED at (57,7): currentZ=10 < zBuffer=20 char='1'
[13:19:53.104] [Z-BUFFER] REJECTED at (65,7): currentZ=10 < zBuffer=20 char='I'
[13:19:53.104] [Z-BUFFER] REJECTED at (66,7): currentZ=10 < zBuffer=20 char='D'
[13:19:53.105] [Z-BUFFER] REJECTED at (67,7): currentZ=10 < zBuffer=20 char='2'
[13:19:53.105] [Z-BUFFER] REJECTED at (93,7): currentZ=10 < zBuffer=20 char='N'
[13:19:53.106] [Z-BUFFER] REJECTED at (94,7): currentZ=10 < zBuffer=20 char='o'
[13:19:53.106] [Z-BUFFER] REJECTED at (95,7): currentZ=10 < zBuffer=20 char='t'
[13:19:53.107] [Z-BUFFER] REJECTED at (96,7): currentZ=10 < zBuffer=20 char='e'
[13:19:53.107] [Z-BUFFER] REJECTED at (97,7): currentZ=10 < zBuffer=20 char='s'
[13:19:54.662] [Z-BUFFER] REJECTED at (2,7): currentZ=10 < zBuffer=20 char='D'
[13:19:54.663] [Z-BUFFER] REJECTED at (3,7): currentZ=10 < zBuffer=20 char='a'
[13:19:54.664] [Z-BUFFER] REJECTED at (4,7): currentZ=10 < zBuffer=20 char='t'
[13:19:54.665] [Z-BUFFER] REJECTED at (5,7): currentZ=10 < zBuffer=20 char='e'
[13:19:54.666] [Z-BUFFER] REJECTED at (14,7): currentZ=10 < zBuffer=20 char='T'
[13:19:54.666] [Z-BUFFER] REJECTED at (15,7): currentZ=10 < zBuffer=20 char='a'
[13:19:54.667] [Z-BUFFER] REJECTED at (16,7): currentZ=10 < zBuffer=20 char='s'
[13:19:54.668] [Z-BUFFER] REJECTED at (17,7): currentZ=10 < zBuffer=20 char='k'
[13:19:54.669] [Z-BUFFER] REJECTED at (55,7): currentZ=10 < zBuffer=20 char='I'
[13:19:54.671] [Z-BUFFER] REJECTED at (56,7): currentZ=10 < zBuffer=20 char='D'
[13:19:54.672] [Z-BUFFER] REJECTED at (57,7): currentZ=10 < zBuffer=20 char='1'
[13:19:54.672] [Z-BUFFER] REJECTED at (65,7): currentZ=10 < zBuffer=20 char='I'
[13:19:54.673] [Z-BUFFER] REJECTED at (66,7): currentZ=10 < zBuffer=20 char='D'
[13:19:54.673] [Z-BUFFER] REJECTED at (67,7): currentZ=10 < zBuffer=20 char='2'
[13:19:54.674] [Z-BUFFER] REJECTED at (93,7): currentZ=10 < zBuffer=20 char='N'
[13:19:54.674] [Z-BUFFER] REJECTED at (94,7): currentZ=10 < zBuffer=20 char='o'
[13:19:54.675] [Z-BUFFER] REJECTED at (95,7): currentZ=10 < zBuffer=20 char='t'
[13:19:54.675] [Z-BUFFER] REJECTED at (96,7): currentZ=10 < zBuffer=20 char='e'
[13:19:54.676] [Z-BUFFER] REJECTED at (97,7): currentZ=10 < zBuffer=20 char='s'
[13:20:00.162] [Z-BUFFER] REJECTED at (2,7): currentZ=10 < zBuffer=20 char='D'
[13:20:00.163] [Z-BUFFER] REJECTED at (3,7): currentZ=10 < zBuffer=20 char='a'
[13:20:00.164] [Z-BUFFER] REJECTED at (4,7): currentZ=10 < zBuffer=20 char='t'
[13:20:00.165] [Z-BUFFER] REJECTED at (5,7): currentZ=10 < zBuffer=20 char='e'
[13:20:00.166] [Z-BUFFER] REJECTED at (14,7): currentZ=10 < zBuffer=20 char='T'
[13:20:00.167] [Z-BUFFER] REJECTED at (15,7): currentZ=10 < zBuffer=20 char='a'
[13:20:00.167] [Z-BUFFER] REJECTED at (16,7): currentZ=10 < zBuffer=20 char='s'
[13:20:00.168] [Z-BUFFER] REJECTED at (17,7): currentZ=10 < zBuffer=20 char='k'
[13:20:00.169] [Z-BUFFER] REJECTED at (55,7): currentZ=10 < zBuffer=20 char='I'
[13:20:00.170] [Z-BUFFER] REJECTED at (56,7): currentZ=10 < zBuffer=20 char='D'
[13:20:00.171] [Z-BUFFER] REJECTED at (57,7): currentZ=10 < zBuffer=20 char='1'
[13:20:00.171] [Z-BUFFER] REJECTED at (65,7): currentZ=10 < zBuffer=20 char='I'
[13:20:00.172] [Z-BUFFER] REJECTED at (66,7): currentZ=10 < zBuffer=20 char='D'
[13:20:00.173] [Z-BUFFER] REJECTED at (67,7): currentZ=10 < zBuffer=20 char='2'
[13:20:00.177] [Z-BUFFER] REJECTED at (93,7): currentZ=10 < zBuffer=20 char='N'
[13:20:00.177] [Z-BUFFER] REJECTED at (94,7): currentZ=10 < zBuffer=20 char='o'
[13:20:00.178] [Z-BUFFER] REJECTED at (95,7): currentZ=10 < zBuffer=20 char='t'
[13:20:00.179] [Z-BUFFER] REJECTED at (96,7): currentZ=10 < zBuffer=20 char='e'
[13:20:00.180] [Z-BUFFER] REJECTED at (97,7): currentZ=10 < zBuffer=20 char='s'
