[2025-12-21 07:54:21.420] ServiceContainer: Registered 'Theme' (singleton=True)
[2025-12-21 07:54:21.425] ServiceContainer: Registered 'ThemeManager' (singleton=True)
[2025-12-21 07:54:21.426] ServiceContainer: Registered 'Config' (singleton=True)
[2025-12-21 07:54:21.427] ServiceContainer: Registered 'TaskStore' (singleton=True)
[2025-12-21 07:54:21.429] ServiceContainer: Registered 'MenuRegistry' (singleton=True)
[2025-12-21 07:54:21.430] ServiceContainer: Registered 'Application' (singleton=True)
[2025-12-21 07:54:21.431] ServiceContainer: Registered 'CommandService' (singleton=True)
[2025-12-21 07:54:21.442] ServiceContainer: Registered 'ChecklistService' (singleton=True)
[2025-12-21 07:54:21.443] ServiceContainer: Registered 'NoteService' (singleton=True)
[2025-12-21 07:54:21.444] ServiceContainer: Registered 'ExcelMappingService' (singleton=True)
[2025-12-21 07:54:21.445] ServiceContainer: Registered 'PreferencesService' (singleton=True)
[2025-12-21 07:54:21.446] ServiceContainer: Registered 'TaskListScreen' (singleton=False)
[2025-12-21 07:54:21.464] ServiceContainer: Resolving 'Application'...
[2025-12-21 07:54:21.466] ServiceContainer: Resolving 'Theme'...
[2025-12-21 07:54:21.724] ServiceContainer: Resolved 'Theme' successfully
[2025-12-21 07:54:21.812] ServiceContainer: Resolving 'ThemeManager'...
[2025-12-21 07:54:21.816] ServiceContainer: Resolved 'ThemeManager' successfully
[2025-12-21 07:54:21.844] ServiceContainer: Resolved 'Application' successfully
[2025-12-21 07:54:21.845] ServiceContainer: Resolving 'MenuRegistry'...
[2025-12-21 07:54:21.861] ServiceContainer: Resolved 'MenuRegistry' successfully
[2025-12-21 07:54:21.889] MenuRegistry: Loaded manifest with 23 entries
[2025-12-21 07:54:21.923] ServiceContainer: Registered 'TaskListScreen_Month' (singleton=False)
[2025-12-21 07:54:21.924] MenuRegistry: Registered screen factory 'TaskListScreen_Month' in container (viewMode=month)
[2025-12-21 07:54:21.946] MenuRegistry: Registered 'Month View' in 'Tasks' menu (hotkey=M order=45)
[2025-12-21 07:54:21.949] ServiceContainer: Registered 'TaskListScreen_Week' (singleton=False)
[2025-12-21 07:54:21.950] MenuRegistry: Registered screen factory 'TaskListScreen_Week' in container (viewMode=week)
[2025-12-21 07:54:21.952] MenuRegistry: Registered 'Week View' in 'Tasks' menu (hotkey=W order=20)
[2025-12-21 07:54:21.954] ServiceContainer: Registered 'TaskListScreen_Upcoming' (singleton=False)
[2025-12-21 07:54:21.956] MenuRegistry: Registered screen factory 'TaskListScreen_Upcoming' in container (viewMode=upcoming)
[2025-12-21 07:54:21.957] MenuRegistry: Registered 'Upcoming' in 'Tasks' menu (hotkey=U order=25)
[2025-12-21 07:54:21.959] ServiceContainer: Registered 'TimeReportScreen' (singleton=False)
[2025-12-21 07:54:21.960] MenuRegistry: Registered screen factory 'TimeReportScreen' in container (viewMode=)
[2025-12-21 07:54:21.963] MenuRegistry: Registered 'Time Report' in 'Time' menu (hotkey=R order=20)
[2025-12-21 07:54:21.965] ServiceContainer: Registered 'NotesMenuScreen' (singleton=False)
[2025-12-21 07:54:21.967] MenuRegistry: Registered screen factory 'NotesMenuScreen' in container (viewMode=)
[2025-12-21 07:54:21.968] MenuRegistry: Registered 'Notes' in 'Tools' menu (hotkey=N order=20)
[2025-12-21 07:54:21.970] ServiceContainer: Registered 'HelpViewScreen' (singleton=False)
[2025-12-21 07:54:21.972] MenuRegistry: Registered screen factory 'HelpViewScreen' in container (viewMode=)
[2025-12-21 07:54:21.973] MenuRegistry: Registered 'Help' in 'Help' menu (hotkey=H order=10)
[2025-12-21 07:54:21.975] ServiceContainer: Registered 'ProjectListScreen' (singleton=False)
[2025-12-21 07:54:21.976] MenuRegistry: Registered screen factory 'ProjectListScreen' in container (viewMode=)
[2025-12-21 07:54:21.978] MenuRegistry: Registered 'Project List' in 'Projects' menu (hotkey=L order=10)
[2025-12-21 07:54:21.980] ServiceContainer: Registered 'TaskListScreen_Overdue' (singleton=False)
[2025-12-21 07:54:21.981] MenuRegistry: Registered screen factory 'TaskListScreen_Overdue' in container (viewMode=overdue)
[2025-12-21 07:54:21.983] MenuRegistry: Registered 'Overdue' in 'Tasks' menu (hotkey=O order=30)
[2025-12-21 07:54:21.985] ServiceContainer: Registered 'ChecklistTemplatesFolderScreen' (singleton=False)
[2025-12-21 07:54:21.986] MenuRegistry: Registered screen factory 'ChecklistTemplatesFolderScreen' in container (viewMode=)
[2025-12-21 07:54:21.987] MenuRegistry: Registered 'Checklist Templates' in 'Tools' menu (hotkey=H order=30)
[2025-12-21 07:54:21.996] ServiceContainer: Registered 'TaskListScreen_NextActions' (singleton=False)
[2025-12-21 07:54:21.997] MenuRegistry: Registered screen factory 'TaskListScreen_NextActions' in container (viewMode=nextactions)
[2025-12-21 07:54:21.998] MenuRegistry: Registered 'Next Actions' in 'Tasks' menu (hotkey=N order=35)
[2025-12-21 07:54:22.000] ServiceContainer: Registered 'TimeListScreen' (singleton=False)
[2025-12-21 07:54:22.001] MenuRegistry: Registered screen factory 'TimeListScreen' in container (viewMode=)
[2025-12-21 07:54:22.002] MenuRegistry: Registered 'Time Tracking' in 'Time' menu (hotkey=T order=5)
[2025-12-21 07:54:22.004] ServiceContainer: Registered 'TaskListScreen_NoDate' (singleton=False)
[2025-12-21 07:54:22.005] MenuRegistry: Registered screen factory 'TaskListScreen_NoDate' in container (viewMode=noduedate)
[2025-12-21 07:54:22.006] MenuRegistry: Registered 'No Due Date' in 'Tasks' menu (hotkey=D order=40)
[2025-12-21 07:54:22.007] ServiceContainer: Registered 'ExcelImportScreen' (singleton=False)
[2025-12-21 07:54:22.008] MenuRegistry: Registered screen factory 'ExcelImportScreen' in container (viewMode=)
[2025-12-21 07:54:22.009] MenuRegistry: Registered 'Import from Excel' in 'Projects' menu (hotkey=I order=40)
[2025-12-21 07:54:22.011] ServiceContainer: Registered 'TaskListScreen_Agenda' (singleton=False)
[2025-12-21 07:54:22.012] MenuRegistry: Registered screen factory 'TaskListScreen_Agenda' in container (viewMode=agenda)
[2025-12-21 07:54:22.013] MenuRegistry: Registered 'Agenda View' in 'Tasks' menu (hotkey=A order=50)
[2025-12-21 07:54:22.015] ServiceContainer: Registered 'TaskListScreen_Default' (singleton=False)
[2025-12-21 07:54:22.016] MenuRegistry: Registered screen factory 'TaskListScreen_Default' in container (viewMode=)
[2025-12-21 07:54:22.017] MenuRegistry: Registered 'Task List' in 'Tasks' menu (hotkey=L order=5)
[2025-12-21 07:54:22.019] ServiceContainer: Registered 'TaskListScreen_Today' (singleton=False)
[2025-12-21 07:54:22.020] MenuRegistry: Registered screen factory 'TaskListScreen_Today' in container (viewMode=today)
[2025-12-21 07:54:22.021] MenuRegistry: Registered 'Today' in 'Tasks' menu (hotkey=Y order=10)
[2025-12-21 07:54:22.022] ServiceContainer: Registered 'WeeklyTimeReportScreen' (singleton=False)
[2025-12-21 07:54:22.023] MenuRegistry: Registered screen factory 'WeeklyTimeReportScreen' in container (viewMode=)
[2025-12-21 07:54:22.025] MenuRegistry: Registered 'Weekly Report' in 'Time' menu (hotkey=W order=10)
[2025-12-21 07:54:22.027] ServiceContainer: Registered 'ChecklistsLauncherScreen' (singleton=False)
[2025-12-21 07:54:22.028] MenuRegistry: Registered screen factory 'ChecklistsLauncherScreen' in container (viewMode=)
[2025-12-21 07:54:22.029] MenuRegistry: Registered 'Checklists' in 'Tools' menu (hotkey=C order=25)
[2025-12-21 07:54:22.031] ServiceContainer: Registered 'ThemeEditorScreen' (singleton=False)
[2025-12-21 07:54:22.032] MenuRegistry: Registered screen factory 'ThemeEditorScreen' in container (viewMode=)
[2025-12-21 07:54:22.033] MenuRegistry: Registered 'Theme Editor' in 'Options' menu (hotkey=T order=10)
[2025-12-21 07:54:22.035] ServiceContainer: Registered 'TaskListScreen_Tomorrow' (singleton=False)
[2025-12-21 07:54:22.036] MenuRegistry: Registered screen factory 'TaskListScreen_Tomorrow' in container (viewMode=tomorrow)
[2025-12-21 07:54:22.038] MenuRegistry: Registered 'Tomorrow' in 'Tasks' menu (hotkey=T order=15)
[2025-12-21 07:54:22.040] ServiceContainer: Registered 'CommandLibraryScreen' (singleton=False)
[2025-12-21 07:54:22.041] MenuRegistry: Registered screen factory 'CommandLibraryScreen' in container (viewMode=)
[2025-12-21 07:54:22.042] MenuRegistry: Registered 'Command Library' in 'Tools' menu (hotkey=L order=10)
[2025-12-21 07:54:22.044] ServiceContainer: Registered 'SettingsScreen' (singleton=False)
[2025-12-21 07:54:22.046] MenuRegistry: Registered screen factory 'SettingsScreen' in container (viewMode=)
[2025-12-21 07:54:22.047] MenuRegistry: Registered 'Settings' in 'Options' menu (hotkey=S order=20)
[2025-12-21 07:54:22.049] ServiceContainer: Registered 'ExcelProfileManagerScreen' (singleton=False)
[2025-12-21 07:54:22.051] MenuRegistry: Registered screen factory 'ExcelProfileManagerScreen' in container (viewMode=)
[2025-12-21 07:54:22.077] MenuRegistry: Registered 'Excel Profiles' in 'Projects' menu (hotkey=M order=50)
[2025-12-21 07:54:22.079] ServiceContainer: Resolving 'TaskListScreen'...
[2025-12-21 07:54:22.082] ServiceContainer: Resolving 'TaskStore'...
[2025-12-21 07:54:22.379] ServiceContainer: Resolved 'TaskStore' successfully
[2025-12-21 07:54:23.345] _PopulateMenusFromRegistry: Menu 'Help' has 1 items from registry (array)
[2025-12-21 07:54:23.370] _PopulateMenusFromRegistry: Menu 'Time' has 3 items from registry (array)
[2025-12-21 07:54:23.376] _PopulateMenusFromRegistry: Menu 'Projects' has 3 items from registry (array)
[2025-12-21 07:54:23.383] _PopulateMenusFromRegistry: Menu 'Tasks' has 10 items from registry (array)
[2025-12-21 07:54:23.388] _PopulateMenusFromRegistry: Menu 'Options' has 2 items from registry (array)
[2025-12-21 07:54:23.392] _PopulateMenusFromRegistry: Menu 'Tools' has 4 items from registry (array)
[2025-12-21 07:54:23.396] ServiceContainer: Resolved 'TaskListScreen' successfully
[2025-12-21 07:56:39.241] ServiceContainer: Resolving 'ProjectListScreen'...
[2025-12-21 07:56:39.324] ServiceContainer: Resolved 'ProjectListScreen' successfully
[2025-12-21 07:56:55.337] ServiceContainer: Registered 'ProjectInfoScreenV4' (singleton=False)
[2025-12-21 07:56:55.338] ServiceContainer: Resolving 'ProjectInfoScreenV4'...
[2025-12-21 07:56:55.442] ServiceContainer: Resolved 'ProjectInfoScreenV4' successfully
[2025-12-21 07:56:56.985] TabbedScreen.EditCurrentField: field='ID1' fieldIndex=0 visibleIndex=0
[2025-12-21 07:56:56.986] TabbedScreen.EditCurrentField: TabPanel.Y=8 TabBarHeight=2 contentY=10
[2025-12-21 07:56:56.987] TabbedScreen.EditCurrentField: Calculated editor position: X=26 Y=11
[2025-12-21 07:58:51.562] TabbedScreen._SaveEditedField: Closing editor, field='ID1' newValue='111'
[2025-12-21 07:58:51.567] TabbedScreen._SaveEditedField: Invalidated editor region Y=11-14 (differential rendering - no full invalidation)
[2025-12-21 07:58:51.567] TabbedScreen._SaveEditedField: Editor closed, TabPanel invalidated
[2025-12-21 07:58:54.953] TabbedScreen.EditCurrentField: field='ID2' fieldIndex=1 visibleIndex=1
[2025-12-21 07:58:54.954] TabbedScreen.EditCurrentField: TabPanel.Y=8 TabBarHeight=2 contentY=10
[2025-12-21 07:58:54.954] TabbedScreen.EditCurrentField: Calculated editor position: X=26 Y=12
[2025-12-21 07:58:56.448] TabbedScreen._SaveEditedField: Closing editor, field='ID2' newValue='222'
[2025-12-21 07:58:56.449] TabbedScreen._SaveEditedField: Invalidated editor region Y=12-15 (differential rendering - no full invalidation)
[2025-12-21 07:58:56.449] TabbedScreen._SaveEditedField: Editor closed, TabPanel invalidated
[2025-12-21 07:59:05.699] ========== TabbedScreen.OnTabChanged: Switched to tab 1 'Request' ==========
[2025-12-21 07:59:11.577] ========== TabbedScreen.OnTabChanged: Switched to tab 2 'Audit' ==========
[2025-12-21 07:59:18.262] ========== TabbedScreen.OnTabChanged: Switched to tab 3 'Location' ==========
[2025-12-21 07:59:29.012] ========== TabbedScreen.OnTabChanged: Switched to tab 4 'Periods' ==========
[2025-12-21 07:59:35.974] ========== TabbedScreen.OnTabChanged: Switched to tab 5 'More' ==========
[2025-12-21 08:00:16.376] ========== TabbedScreen.OnTabChanged: Switched to tab 6 'Files' ==========
[2025-12-21 08:00:26.870] ========== TabbedScreen.OnTabChanged: Switched to tab 0 'Identity' ==========
[2025-12-21 08:00:34.350] ========== TabbedScreen.OnTabChanged: Switched to tab 1 'Request' ==========
[2025-12-21 08:00:34.552] ========== TabbedScreen.OnTabChanged: Switched to tab 2 'Audit' ==========
[2025-12-21 08:00:35.609] ========== TabbedScreen.OnTabChanged: Switched to tab 1 'Request' ==========
[2025-12-21 08:01:50.358] ServiceContainer: Resolving 'TimeListScreen'...
[2025-12-21 08:01:51.006] ServiceContainer: Resolved 'TimeListScreen' successfully
[2025-12-21 08:01:59.460] ServiceContainer: Resolving 'ProjectListScreen'...
[2025-12-21 08:01:59.477] ServiceContainer: Resolved 'ProjectListScreen' successfully
[2025-12-21 08:02:31.823] ServiceContainer: Resolving 'TimeListScreen'...
[2025-12-21 08:02:31.840] ServiceContainer: Resolved 'TimeListScreen' successfully
[2025-12-21 08:03:16.218] ServiceContainer: Resolving 'WeeklyTimeReportScreen'...
[2025-12-21 08:03:16.280] ServiceContainer: Resolved 'WeeklyTimeReportScreen' successfully
[2025-12-21 08:03:16.421] [ERROR] Widget render error: RenderContent render failed: Theme Property Missing: 'Warning'
[2025-12-21 08:03:16.429] [ERROR] Stack: at GetThemeColorInt, /home/teej/ztest/module/Pmc.Strict/consoleui/src/PmcThemeEngine.ps1: line 121
at GetThemedColorInt, /home/teej/ztest/module/Pmc.Strict/consoleui/widgets/PmcWidget.ps1: line 240
at _RenderReportToEngine, /home/teej/ztest/module/Pmc.Strict/consoleui/screens/WeeklyTimeReportScreen.ps1: line 291
at RenderContentToEngine, /home/teej/ztest/module/Pmc.Strict/consoleui/screens/WeeklyTimeReportScreen.ps1: line 256
at RenderToEngine, /home/teej/ztest/module/Pmc.Strict/consoleui/PmcScreen.ps1: line 394
at _RenderCurrentScreen, /home/teej/ztest/module/Pmc.Strict/consoleui/PmcApplication.ps1: line 233
at Run, /home/teej/ztest/module/Pmc.Strict/consoleui/PmcApplication.ps1: line 457
at Start-PmcTUI, /home/teej/ztest/module/Pmc.Strict/consoleui/Start-PmcTUI.ps1: line 599
at <ScriptBlock>, /home/teej/ztest/start.ps1: line 37
[2025-12-21 08:03:16.430] [ERROR] TargetObject: Theme Property Missing: 'Warning'
[2025-12-21 08:03:16.432] [ERROR] InvocationInfo:             throw "Theme Property Missing: '$propertyName'"

[2025-12-21 08:04:01.205] [ERROR] Widget render error: RenderContent render failed: Theme Property Missing: 'Warning'
[2025-12-21 08:04:01.205] [ERROR] Stack: at GetThemeColorInt, /home/teej/ztest/module/Pmc.Strict/consoleui/src/PmcThemeEngine.ps1: line 121
at GetThemedColorInt, /home/teej/ztest/module/Pmc.Strict/consoleui/widgets/PmcWidget.ps1: line 240
at _RenderReportToEngine, /home/teej/ztest/module/Pmc.Strict/consoleui/screens/WeeklyTimeReportScreen.ps1: line 291
at RenderContentToEngine, /home/teej/ztest/module/Pmc.Strict/consoleui/screens/WeeklyTimeReportScreen.ps1: line 256
at RenderToEngine, /home/teej/ztest/module/Pmc.Strict/consoleui/PmcScreen.ps1: line 394
at _RenderCurrentScreen, /home/teej/ztest/module/Pmc.Strict/consoleui/PmcApplication.ps1: line 233
at Run, /home/teej/ztest/module/Pmc.Strict/consoleui/PmcApplication.ps1: line 457
at Start-PmcTUI, /home/teej/ztest/module/Pmc.Strict/consoleui/Start-PmcTUI.ps1: line 599
at <ScriptBlock>, /home/teej/ztest/start.ps1: line 37
[2025-12-21 08:04:01.206] [ERROR] TargetObject: Theme Property Missing: 'Warning'
[2025-12-21 08:04:01.206] [ERROR] InvocationInfo:             throw "Theme Property Missing: '$propertyName'"

[2025-12-21 08:04:02.203] [ERROR] Widget render error: RenderContent render failed: Theme Property Missing: 'Warning'
[2025-12-21 08:04:02.203] [ERROR] Stack: at GetThemeColorInt, /home/teej/ztest/module/Pmc.Strict/consoleui/src/PmcThemeEngine.ps1: line 121
at GetThemedColorInt, /home/teej/ztest/module/Pmc.Strict/consoleui/widgets/PmcWidget.ps1: line 240
at _RenderReportToEngine, /home/teej/ztest/module/Pmc.Strict/consoleui/screens/WeeklyTimeReportScreen.ps1: line 291
at RenderContentToEngine, /home/teej/ztest/module/Pmc.Strict/consoleui/screens/WeeklyTimeReportScreen.ps1: line 256
at RenderToEngine, /home/teej/ztest/module/Pmc.Strict/consoleui/PmcScreen.ps1: line 394
at _RenderCurrentScreen, /home/teej/ztest/module/Pmc.Strict/consoleui/PmcApplication.ps1: line 233
at Run, /home/teej/ztest/module/Pmc.Strict/consoleui/PmcApplication.ps1: line 457
at Start-PmcTUI, /home/teej/ztest/module/Pmc.Strict/consoleui/Start-PmcTUI.ps1: line 599
at <ScriptBlock>, /home/teej/ztest/start.ps1: line 37
[2025-12-21 08:04:02.204] [ERROR] TargetObject: Theme Property Missing: 'Warning'
[2025-12-21 08:04:02.205] [ERROR] InvocationInfo:             throw "Theme Property Missing: '$propertyName'"

[2025-12-21 08:04:02.550] [ERROR] Widget render error: RenderContent render failed: Theme Property Missing: 'Warning'
[2025-12-21 08:04:02.551] [ERROR] Stack: at GetThemeColorInt, /home/teej/ztest/module/Pmc.Strict/consoleui/src/PmcThemeEngine.ps1: line 121
at GetThemedColorInt, /home/teej/ztest/module/Pmc.Strict/consoleui/widgets/PmcWidget.ps1: line 240
at _RenderReportToEngine, /home/teej/ztest/module/Pmc.Strict/consoleui/screens/WeeklyTimeReportScreen.ps1: line 291
at RenderContentToEngine, /home/teej/ztest/module/Pmc.Strict/consoleui/screens/WeeklyTimeReportScreen.ps1: line 256
at RenderToEngine, /home/teej/ztest/module/Pmc.Strict/consoleui/PmcScreen.ps1: line 394
at _RenderCurrentScreen, /home/teej/ztest/module/Pmc.Strict/consoleui/PmcApplication.ps1: line 233
at Run, /home/teej/ztest/module/Pmc.Strict/consoleui/PmcApplication.ps1: line 457
at Start-PmcTUI, /home/teej/ztest/module/Pmc.Strict/consoleui/Start-PmcTUI.ps1: line 599
at <ScriptBlock>, /home/teej/ztest/start.ps1: line 37
[2025-12-21 08:04:02.551] [ERROR] TargetObject: Theme Property Missing: 'Warning'
[2025-12-21 08:04:02.552] [ERROR] InvocationInfo:             throw "Theme Property Missing: '$propertyName'"

[2025-12-21 08:04:03.571] ServiceContainer: Resolving 'TimeReportScreen'...
[2025-12-21 08:04:03.621] ServiceContainer: Resolved 'TimeReportScreen' successfully
[2025-12-21 08:04:41.598] ServiceContainer: Resolving 'CommandLibraryScreen'...
[2025-12-21 08:04:42.223] ServiceContainer: Resolved 'CommandLibraryScreen' successfully
