[2026-01-07 16:35:37.342] ServiceContainer: Registered 'Theme' (singleton=True)
[2026-01-07 16:35:37.348] ServiceContainer: Registered 'ThemeManager' (singleton=True)
[2026-01-07 16:35:37.349] ServiceContainer: Registered 'Config' (singleton=True)
[2026-01-07 16:35:37.351] ServiceContainer: Registered 'TaskStore' (singleton=True)
[2026-01-07 16:35:37.353] ServiceContainer: Registered 'MenuRegistry' (singleton=True)
[2026-01-07 16:35:37.354] ServiceContainer: Registered 'Application' (singleton=True)
[2026-01-07 16:35:37.356] ServiceContainer: Registered 'CommandService' (singleton=True)
[2026-01-07 16:35:37.358] ServiceContainer: Registered 'ChecklistService' (singleton=True)
[2026-01-07 16:35:37.360] ServiceContainer: Registered 'NoteService' (singleton=True)
[2026-01-07 16:35:37.361] ServiceContainer: Registered 'ExcelMappingService' (singleton=True)
[2026-01-07 16:35:37.363] ServiceContainer: Registered 'ExcelCopyService' (singleton=True)
[2026-01-07 16:35:37.365] ServiceContainer: Registered 'PreferencesService' (singleton=True)
[2026-01-07 16:35:37.368] ServiceContainer: Registered 'ExcelImportService' (singleton=True)
[2026-01-07 16:35:37.370] ServiceContainer: Registered 'TextExportService' (singleton=True)
[2026-01-07 16:35:37.372] ServiceContainer: Registered 'TaskListScreen' (singleton=False)
[2026-01-07 16:35:37.399] ServiceContainer: Resolving 'Application'...
[2026-01-07 16:35:37.403] ServiceContainer: Resolving 'Theme'...
[2026-01-07 16:35:37.729] ServiceContainer: Resolved 'Theme' successfully
[2026-01-07 16:35:37.882] ServiceContainer: Resolving 'ThemeManager'...
[2026-01-07 16:35:37.886] ServiceContainer: Resolved 'ThemeManager' successfully
[2026-01-07 16:35:37.908] ServiceContainer: Resolved 'Application' successfully
[2026-01-07 16:35:37.910] ServiceContainer: Resolving 'MenuRegistry'...
[2026-01-07 16:35:37.932] ServiceContainer: Resolved 'MenuRegistry' successfully
[2026-01-07 16:35:37.961] MenuRegistry: Loaded manifest with 16 entries
[2026-01-07 16:35:38.008] ServiceContainer: Registered 'ProjectListScreen' (singleton=False)
[2026-01-07 16:35:38.009] MenuRegistry: Registered 'Project List' in 'Projects' menu (hotkey=L order=10)
[2026-01-07 16:35:38.036] MenuRegistry: Registered 'Project List' in 'Projects' menu (hotkey=L order=10)
[2026-01-07 16:35:38.041] ServiceContainer: Registered 'ExcelImportProfileManagerScreen' (singleton=False)
[2026-01-07 16:35:38.043] MenuRegistry: Registered 'Excel Import Profiles' in 'Tools' menu (hotkey=I order=40)
[2026-01-07 16:35:38.048] MenuRegistry: Registered 'Excel Import Profiles' in 'Tools' menu (hotkey=I order=40)
[2026-01-07 16:35:38.052] ServiceContainer: Registered 'NotesMenuScreen' (singleton=False)
[2026-01-07 16:35:38.054] MenuRegistry: Registered 'Notes' in 'Tools' menu (hotkey=N order=20)
[2026-01-07 16:35:38.057] MenuRegistry: Registered 'Notes' in 'Tools' menu (hotkey=N order=20)
[2026-01-07 16:35:38.061] ServiceContainer: Registered 'ThemeEditorScreen' (singleton=False)
[2026-01-07 16:35:38.079] MenuRegistry: Registered 'Theme Editor' in 'Options' menu (hotkey=T order=10)
[2026-01-07 16:35:38.081] MenuRegistry: Registered 'Theme Editor' in 'Options' menu (hotkey=T order=10)
[2026-01-07 16:35:38.084] ServiceContainer: Registered 'ExcelImportScreen' (singleton=False)
[2026-01-07 16:35:38.085] MenuRegistry: Registered 'Import from Excel' in 'Projects' menu (hotkey=I order=40)
[2026-01-07 16:35:38.087] MenuRegistry: Registered 'Import from Excel' in 'Projects' menu (hotkey=I order=40)
[2026-01-07 16:35:38.091] ServiceContainer: Registered 'HelpViewScreen' (singleton=False)
[2026-01-07 16:35:38.093] MenuRegistry: Registered 'Help' in 'Help' menu (hotkey=H order=10)
[2026-01-07 16:35:38.097] MenuRegistry: Registered 'Help' in 'Help' menu (hotkey=H order=10)
[2026-01-07 16:35:38.101] ServiceContainer: Registered 'TimeListScreen' (singleton=False)
[2026-01-07 16:35:38.103] MenuRegistry: Registered 'Time Tracking' in 'Time' menu (hotkey=T order=5)
[2026-01-07 16:35:38.105] MenuRegistry: Registered 'Time Tracking' in 'Time' menu (hotkey=T order=5)
[2026-01-07 16:35:38.108] ServiceContainer: Registered 'ChecklistTemplatesFolderScreen' (singleton=False)
[2026-01-07 16:35:38.109] MenuRegistry: Registered 'Checklist Templates' in 'Tools' menu (hotkey=H order=30)
[2026-01-07 16:35:38.112] MenuRegistry: Registered 'Checklist Templates' in 'Tools' menu (hotkey=H order=30)
[2026-01-07 16:35:38.114] ServiceContainer: Registered 'ChecklistsLauncherScreen' (singleton=False)
[2026-01-07 16:35:38.116] MenuRegistry: Registered 'Checklists' in 'Tools' menu (hotkey=C order=25)
[2026-01-07 16:35:38.118] MenuRegistry: Registered 'Checklists' in 'Tools' menu (hotkey=C order=25)
[2026-01-07 16:35:38.121] ServiceContainer: Registered 'TaskListScreen_Default' (singleton=False)
[2026-01-07 16:35:38.122] MenuRegistry: Registered 'Task List' in 'Tasks' menu (hotkey=L order=5)
[2026-01-07 16:35:38.124] MenuRegistry: Registered 'Task List' in 'Tasks' menu (hotkey=L order=5)
[2026-01-07 16:35:38.127] ServiceContainer: Registered 'TimeReportScreen' (singleton=False)
[2026-01-07 16:35:38.128] MenuRegistry: Registered 'Time Report' in 'Time' menu (hotkey=R order=20)
[2026-01-07 16:35:38.131] MenuRegistry: Registered 'Time Report' in 'Time' menu (hotkey=R order=20)
[2026-01-07 16:35:38.134] ServiceContainer: Registered 'ExcelProfileManagerScreen' (singleton=False)
[2026-01-07 16:35:38.135] MenuRegistry: Registered 'Excel Profiles' in 'Projects' menu (hotkey=M order=50)
[2026-01-07 16:35:38.138] MenuRegistry: Registered 'Excel Profiles' in 'Projects' menu (hotkey=M order=50)
[2026-01-07 16:35:38.140] ServiceContainer: Registered 'SettingsScreen' (singleton=False)
[2026-01-07 16:35:38.141] MenuRegistry: Registered 'Settings' in 'Options' menu (hotkey=S order=20)
[2026-01-07 16:35:38.143] MenuRegistry: Registered 'Settings' in 'Options' menu (hotkey=S order=20)
[2026-01-07 16:35:38.145] ServiceContainer: Registered 'WeeklyTimeReportScreen' (singleton=False)
[2026-01-07 16:35:38.146] MenuRegistry: Registered 'Weekly Report' in 'Time' menu (hotkey=W order=10)
[2026-01-07 16:35:38.149] MenuRegistry: Registered 'Weekly Report' in 'Time' menu (hotkey=W order=10)
[2026-01-07 16:35:38.152] ServiceContainer: Registered 'TextExportProfileManagerScreen' (singleton=False)
[2026-01-07 16:35:38.153] MenuRegistry: Registered 'T2020 Export Profiles' in 'Tools' menu (hotkey=E order=45)
[2026-01-07 16:35:38.156] MenuRegistry: Registered 'T2020 Export Profiles' in 'Tools' menu (hotkey=E order=45)
[2026-01-07 16:35:38.158] ServiceContainer: Registered 'CommandLibraryScreen' (singleton=False)
[2026-01-07 16:35:38.160] MenuRegistry: Registered 'Command Library' in 'Tools' menu (hotkey=L order=10)
[2026-01-07 16:35:38.162] MenuRegistry: Registered 'Command Library' in 'Tools' menu (hotkey=L order=10)
[2026-01-07 16:35:38.165] ServiceContainer: Resolving 'TaskListScreen'...
[2026-01-07 16:35:38.169] ServiceContainer: Resolving 'TaskStore'...
[2026-01-07 16:35:38.424] ServiceContainer: Resolved 'TaskStore' successfully
[2026-01-07 16:35:39.640] [INFO] StandardListScreen._ConfigureListActions: Configuring actions for Tasks
[2026-01-07 16:35:39.691] [INFO] StandardListScreen: Added footer shortcut D -> Delete
[2026-01-07 16:35:39.725] [INFO] StandardListScreen._ConfigureListActions: Configured 16 footer shortcuts
[2026-01-07 16:35:40.001] _PopulateMenusFromRegistry: Menu 'Projects' has 3 items from registry (array)
[2026-01-07 16:35:40.031] _PopulateMenusFromRegistry: Menu 'Tasks' has 1 items from registry (array)
[2026-01-07 16:35:40.037] _PopulateMenusFromRegistry: Menu 'Tools' has 6 items from registry (array)
[2026-01-07 16:35:40.055] _PopulateMenusFromRegistry: Menu 'Options' has 2 items from registry (array)
[2026-01-07 16:35:40.060] _PopulateMenusFromRegistry: Menu 'Time' has 3 items from registry (array)
[2026-01-07 16:35:40.063] _PopulateMenusFromRegistry: Menu 'Help' has 1 items from registry (array)
[2026-01-07 16:35:40.067] ServiceContainer: Resolved 'TaskListScreen' successfully
[2026-01-07 16:35:40.551] [INFO] StandardListScreen._ConfigureListActions: Configuring actions for Tasks
[2026-01-07 16:35:40.555] [INFO] StandardListScreen: Added footer shortcut D -> Delete
[2026-01-07 16:35:40.563] [INFO] StandardListScreen._ConfigureListActions: Configured 16 footer shortcuts
[2026-01-07 16:35:49.083] ServiceContainer: Resolving 'NotesMenuScreen'...
[2026-01-07 16:35:49.202] [INFO] StandardListScreen._ConfigureListActions: Configuring actions for Notes
[2026-01-07 16:35:49.211] [INFO] StandardListScreen: Added footer shortcut D -> Delete
[2026-01-07 16:35:49.218] [INFO] StandardListScreen._ConfigureListActions: Configured 7 footer shortcuts
[2026-01-07 16:35:49.294] ServiceContainer: Resolved 'NotesMenuScreen' successfully
[2026-01-07 16:35:49.382] [INFO] StandardListScreen._ConfigureListActions: Configuring actions for Notes
[2026-01-07 16:35:49.387] [INFO] StandardListScreen: Added footer shortcut D -> Delete
[2026-01-07 16:35:49.390] [INFO] StandardListScreen._ConfigureListActions: Configured 7 footer shortcuts
[2026-01-07 16:35:57.941] [INFO] NoteEditorScreen: Constructor called for noteId=newnote22
[2026-01-07 16:35:57.961] [INFO] NoteEditorScreen: Constructor complete
[2026-01-07 16:35:57.973] [INFO] NoteEditorScreen.Initialize: Called with renderEngine and container
[2026-01-07 16:35:58.108] PreferencesService: Preferences path: /home/teej/ztest/module/Pmc.Strict/.pmc-data/preferences.json
[2026-01-07 16:35:58.113] PreferencesService: No preferences file found, using defaults
[2026-01-07 16:35:58.134] [INFO] NoteEditorScreen.Initialize: Complete
[2026-01-07 16:35:58.172] [ERROR] NoteEditorScreen.LoadData: Error - The property 'Length' cannot be found on this object. Verify that the property exists.
[2026-01-07 16:36:05.212] [INFO] NoteEditorScreen: CTRL+L DETECTED - Converting to checklist
[2026-01-07 16:36:05.406] [INFO] NoteEditorScreen.ConvertToChecklist: Created checklist 3c7b0819-0800-4753-80dc-a51e5825e053
[2026-01-07 16:36:05.413] [ERROR] NoteEditorScreen.ConvertToChecklist: ERROR - The term '/home/teej/ztest/module/Pmc.Strict/consoleui/screens/ChecklistEditorScreen.ps1' is not recognized as a name of a cmdlet, function, script file, or executable program.
Check the spelling of the name, or if a path was included, verify that the path is correct and try again.
[2026-01-07 16:36:05.416] [ERROR] NoteEditorScreen.ConvertToChecklist: Stack trace - at ConvertToChecklist, /home/teej/ztest/module/Pmc.Strict/consoleui/screens/NoteEditorScreen.ps1: line 303
at HandleKeyPress, /home/teej/ztest/module/Pmc.Strict/consoleui/screens/NoteEditorScreen.ps1: line 235
at Run, /home/teej/ztest/module/Pmc.Strict/consoleui/PmcApplication.ps1: line 420
at Start-PmcTUI, /home/teej/ztest/module/Pmc.Strict/consoleui/Start-PmcTUI.ps1: line 620
at <ScriptBlock>, /home/teej/ztest/start.ps1: line 37
[2026-01-07 16:36:09.506] [INFO] NoteEditorScreen: ESCAPE DETECTED - Auto-saving and exiting
[2026-01-07 16:36:09.511] [INFO] NoteEditorScreen.SaveNote: Saving note newnote22
[2026-01-07 16:36:09.564] [INFO] NoteEditorScreen: Note saved successfully
[2026-01-07 16:36:09.578] [INFO] StandardListScreen._ConfigureListActions: Configuring actions for Notes
[2026-01-07 16:36:09.582] [INFO] StandardListScreen: Added footer shortcut D -> Delete
[2026-01-07 16:36:09.584] [INFO] StandardListScreen._ConfigureListActions: Configured 7 footer shortcuts
[2026-01-07 16:36:17.084] ServiceContainer: Resolving 'ChecklistsLauncherScreen'...
[2026-01-07 16:36:17.198] [INFO] StandardListScreen._ConfigureListActions: Configuring actions for Select Project for Checklists
[2026-01-07 16:36:17.204] [INFO] StandardListScreen: Added footer shortcut D -> Delete
[2026-01-07 16:36:17.209] [INFO] StandardListScreen._ConfigureListActions: Configured 6 footer shortcuts
[2026-01-07 16:36:17.225] ServiceContainer: Resolved 'ChecklistsLauncherScreen' successfully
[2026-01-07 16:36:17.267] [INFO] StandardListScreen._ConfigureListActions: Configuring actions for Select Project for Checklists
[2026-01-07 16:36:17.268] [INFO] StandardListScreen._ConfigureListActions: Configured 3 footer shortcuts
[2026-01-07 16:36:20.897] [INFO] StandardListScreen._ConfigureListActions: Configuring actions for Checklists: proj1
[2026-01-07 16:36:20.904] [INFO] StandardListScreen: Added footer shortcut D -> Delete
[2026-01-07 16:36:20.911] [INFO] StandardListScreen._ConfigureListActions: Configured 6 footer shortcuts
[2026-01-07 16:36:20.988] [INFO] StandardListScreen._ConfigureListActions: Configuring actions for Checklists: proj1
[2026-01-07 16:36:20.990] [INFO] StandardListScreen: Added footer shortcut D -> Delete
[2026-01-07 16:36:20.991] [INFO] StandardListScreen._ConfigureListActions: Configured 5 footer shortcuts
[2026-01-07 16:36:23.328] [INFO] *** STANDARDLISTSCREEN.ADDITEM CALLED on type=ChecklistsMenuScreen key=ChecklistsMenu ***
[2026-01-07 16:36:23.431] [INFO] StandardListScreen.AddItem: ActiveModal set to InlineEditor. ShowInlineEditor=True
[2026-01-07 16:36:23.557] [INFO] StandardListScreen.RenderContentToEngine: Rendering InlineEditor at Y=9
[2026-01-07 16:36:25.630] [INFO] StandardListScreen.RenderContentToEngine: Rendering InlineEditor at Y=9
[2026-01-07 16:36:26.281] [INFO] StandardListScreen.RenderContentToEngine: Rendering InlineEditor at Y=9
[2026-01-07 16:36:26.534] [INFO] StandardListScreen.RenderContentToEngine: Rendering InlineEditor at Y=9
[2026-01-07 16:36:27.086] [INFO] StandardListScreen.RenderContentToEngine: Rendering InlineEditor at Y=9
[2026-01-07 16:36:27.192] [INFO] StandardListScreen.RenderContentToEngine: Rendering InlineEditor at Y=9
[2026-01-07 16:36:28.094] [INFO] StandardListScreen.RenderContentToEngine: Rendering InlineEditor at Y=9
[2026-01-07 16:36:28.227] [INFO] StandardListScreen.OnInlineEditConfirmed: Dispatching to _SaveEditedItem
[2026-01-07 16:36:28.282] RequestRender called from:  at line 112
[2026-01-07 16:36:28.332] RequestRender called from:  at line 972
[2026-01-07 16:36:29.704] [INFO] StandardListScreen._ConfigureListActions: Configuring actions for Checklist: check1
[2026-01-07 16:36:29.708] [INFO] StandardListScreen: Added footer shortcut D -> Delete
[2026-01-07 16:36:29.712] [INFO] StandardListScreen._ConfigureListActions: Configured 6 footer shortcuts
[2026-01-07 16:36:29.773] [INFO] StandardListScreen._ConfigureListActions: Configuring actions for Checklist: check1
[2026-01-07 16:36:29.775] [INFO] StandardListScreen: Added footer shortcut D -> Delete
[2026-01-07 16:36:29.775] [INFO] StandardListScreen._ConfigureListActions: Configured 6 footer shortcuts
[2026-01-07 16:36:39.250] [INFO] *** STANDARDLISTSCREEN.ADDITEM CALLED on type=ChecklistViewScreen key=ChecklistView ***
[2026-01-07 16:36:39.262] [INFO] StandardListScreen.AddItem: ActiveModal set to InlineEditor. ShowInlineEditor=True
[2026-01-07 16:36:39.296] [INFO] StandardListScreen.RenderContentToEngine: Rendering InlineEditor at Y=9
[2026-01-07 16:36:41.100] [INFO] StandardListScreen.RenderContentToEngine: Rendering InlineEditor at Y=9
[2026-01-07 16:36:41.862] [INFO] StandardListScreen.OnInlineEditConfirmed: Dispatching to _SaveEditedItem
[2026-01-07 16:36:41.943] RequestRender called from:  at line 142
[2026-01-07 16:36:41.948] RequestRender called from:  at line 972
[2026-01-07 16:36:43.675] RequestRender called from:  at line 243
[2026-01-07 16:36:44.586] RequestRender called from:  at line 243
[2026-01-07 16:36:46.331] [INFO] *** STANDARDLISTSCREEN.ADDITEM CALLED on type=ChecklistViewScreen key=ChecklistView ***
[2026-01-07 16:36:46.335] [INFO] StandardListScreen.AddItem: ActiveModal set to InlineEditor. ShowInlineEditor=True
[2026-01-07 16:36:46.456] [INFO] StandardListScreen.RenderContentToEngine: Rendering InlineEditor at Y=10
[2026-01-07 16:36:47.812] [INFO] StandardListScreen.RenderContentToEngine: Rendering InlineEditor at Y=10
[2026-01-07 16:36:48.370] [INFO] StandardListScreen.OnInlineEditConfirmed: Dispatching to _SaveEditedItem
[2026-01-07 16:36:48.383] RequestRender called from:  at line 142
[2026-01-07 16:36:48.386] RequestRender called from:  at line 972
[2026-01-07 16:36:53.863] [INFO] *** STANDARDLISTSCREEN.ADDITEM CALLED on type=ChecklistViewScreen key=ChecklistView ***
[2026-01-07 16:36:53.865] [INFO] StandardListScreen.AddItem: ActiveModal set to InlineEditor. ShowInlineEditor=True
[2026-01-07 16:36:53.911] [INFO] StandardListScreen.RenderContentToEngine: Rendering InlineEditor at Y=11
[2026-01-07 16:36:54.956] [INFO] StandardListScreen.RenderContentToEngine: Rendering InlineEditor at Y=11
[2026-01-07 16:36:55.815] [INFO] StandardListScreen.OnInlineEditConfirmed: Dispatching to _SaveEditedItem
[2026-01-07 16:36:55.823] RequestRender called from:  at line 142
[2026-01-07 16:36:55.825] RequestRender called from:  at line 972
[2026-01-07 16:36:58.931] [INFO] *** STANDARDLISTSCREEN.ADDITEM CALLED on type=ChecklistViewScreen key=ChecklistView ***
[2026-01-07 16:36:58.933] [INFO] StandardListScreen.AddItem: ActiveModal set to InlineEditor. ShowInlineEditor=True
[2026-01-07 16:36:58.965] [INFO] StandardListScreen.RenderContentToEngine: Rendering InlineEditor at Y=12
[2026-01-07 16:36:59.558] [INFO] StandardListScreen.RenderContentToEngine: Rendering InlineEditor at Y=12
[2026-01-07 16:37:00.417] [INFO] StandardListScreen.OnInlineEditConfirmed: Dispatching to _SaveEditedItem
[2026-01-07 16:37:00.428] RequestRender called from:  at line 142
[2026-01-07 16:37:00.431] RequestRender called from:  at line 972
[2026-01-07 16:37:03.704] RequestRender called from:  at line 243
[2026-01-07 16:37:05.644] RequestRender called from:  at line 243
[2026-01-07 16:38:28.647] RequestRender called from:  at line 243
[2026-01-07 16:38:30.153] RequestRender called from:  at line 243
[2026-01-07 16:38:39.936] ServiceContainer: Resolving 'TaskListScreen_Default'...
[2026-01-07 16:38:39.953] [INFO] StandardListScreen._ConfigureListActions: Configuring actions for Tasks
[2026-01-07 16:38:39.955] [INFO] StandardListScreen: Added footer shortcut D -> Delete
[2026-01-07 16:38:39.957] [INFO] StandardListScreen._ConfigureListActions: Configured 16 footer shortcuts
[2026-01-07 16:38:39.964] _PopulateMenusFromRegistry: Menu 'Projects' has 3 items from registry (array)
[2026-01-07 16:38:39.968] _PopulateMenusFromRegistry: Menu 'Tasks' has 1 items from registry (array)
[2026-01-07 16:38:39.973] _PopulateMenusFromRegistry: Menu 'Tools' has 6 items from registry (array)
[2026-01-07 16:38:39.981] _PopulateMenusFromRegistry: Menu 'Options' has 2 items from registry (array)
[2026-01-07 16:38:39.984] _PopulateMenusFromRegistry: Menu 'Time' has 3 items from registry (array)
[2026-01-07 16:38:39.986] _PopulateMenusFromRegistry: Menu 'Help' has 1 items from registry (array)
[2026-01-07 16:38:39.989] ServiceContainer: Resolved 'TaskListScreen_Default' successfully
[2026-01-07 16:38:40.003] [INFO] StandardListScreen._ConfigureListActions: Configuring actions for Tasks
[2026-01-07 16:38:40.008] [INFO] StandardListScreen: Added footer shortcut D -> Delete
[2026-01-07 16:38:40.010] [INFO] StandardListScreen._ConfigureListActions: Configured 16 footer shortcuts
