[2026-01-13 11:16:24.762] ServiceContainer: Registered 'Theme' (singleton=True)
[2026-01-13 11:16:24.765] ServiceContainer: Registered 'ThemeManager' (singleton=True)
[2026-01-13 11:16:24.766] ServiceContainer: Registered 'Config' (singleton=True)
[2026-01-13 11:16:24.766] ServiceContainer: Registered 'TaskStore' (singleton=True)
[2026-01-13 11:16:24.767] ServiceContainer: Registered 'MenuRegistry' (singleton=True)
[2026-01-13 11:16:24.768] ServiceContainer: Registered 'Application' (singleton=True)
[2026-01-13 11:16:24.769] ServiceContainer: Registered 'CommandService' (singleton=True)
[2026-01-13 11:16:24.769] ServiceContainer: Registered 'ChecklistService' (singleton=True)
[2026-01-13 11:16:24.770] ServiceContainer: Registered 'NoteService' (singleton=True)
[2026-01-13 11:16:24.771] ServiceContainer: Registered 'ExcelMappingService' (singleton=True)
[2026-01-13 11:16:24.772] ServiceContainer: Registered 'ExcelCopyService' (singleton=True)
[2026-01-13 11:16:24.772] ServiceContainer: Registered 'PreferencesService' (singleton=True)
[2026-01-13 11:16:24.773] ServiceContainer: Registered 'ExcelImportService' (singleton=True)
[2026-01-13 11:16:24.774] ServiceContainer: Registered 'TextExportService' (singleton=True)
[2026-01-13 11:16:24.775] ServiceContainer: Registered 'TaskListScreen' (singleton=False)
[2026-01-13 11:16:24.789] ServiceContainer: Resolving 'Application'...
[2026-01-13 11:16:24.790] ServiceContainer: Resolving 'Theme'...
[2026-01-13 11:16:24.958] ServiceContainer: Resolved 'Theme' successfully
[2026-01-13 11:16:25.022] ServiceContainer: Resolving 'ThemeManager'...
[2026-01-13 11:16:25.023] ServiceContainer: Resolved 'ThemeManager' successfully
[2026-01-13 11:16:25.034] ServiceContainer: Resolved 'Application' successfully
[2026-01-13 11:16:25.035] ServiceContainer: Resolving 'MenuRegistry'...
[2026-01-13 11:16:25.044] ServiceContainer: Resolved 'MenuRegistry' successfully
[2026-01-13 11:16:25.060] MenuRegistry: Loaded manifest with 17 entries
[2026-01-13 11:16:25.088] ServiceContainer: Registered 'HelpViewScreen' (singleton=False)
[2026-01-13 11:16:25.089] MenuRegistry: Registered factory for 'Help'
[2026-01-13 11:16:25.101] MenuRegistry: Registered 'Help' in 'Help' menu (hotkey=H order=10)
[2026-01-13 11:16:25.103] ServiceContainer: Registered 'NotesMenuScreen' (singleton=False)
[2026-01-13 11:16:25.104] MenuRegistry: Registered factory for 'Notes'
[2026-01-13 11:16:25.105] MenuRegistry: Registered 'Notes' in 'Tools' menu (hotkey=N order=20)
[2026-01-13 11:16:25.107] ServiceContainer: Registered 'TimeReportScreen' (singleton=False)
[2026-01-13 11:16:25.107] MenuRegistry: Registered factory for 'Time Report'
[2026-01-13 11:16:25.108] MenuRegistry: Registered 'Time Report' in 'Time' menu (hotkey=R order=20)
[2026-01-13 11:16:25.110] ServiceContainer: Registered 'ThemeEditorScreen' (singleton=False)
[2026-01-13 11:16:25.110] MenuRegistry: Registered factory for 'Theme Editor'
[2026-01-13 11:16:25.111] MenuRegistry: Registered 'Theme Editor' in 'Options' menu (hotkey=T order=10)
[2026-01-13 11:16:25.113] ServiceContainer: Registered 'ProjectListScreen' (singleton=False)
[2026-01-13 11:16:25.114] MenuRegistry: Registered factory for 'Project List'
[2026-01-13 11:16:25.115] MenuRegistry: Registered 'Project List' in 'Projects' menu (hotkey=L order=10)
[2026-01-13 11:16:25.116] ServiceContainer: Registered 'CalendarScreen' (singleton=False)
[2026-01-13 11:16:25.117] MenuRegistry: Registered factory for 'Calendar'
[2026-01-13 11:16:25.118] MenuRegistry: Registered 'Calendar' in 'Tools' menu (hotkey=A order=50)
[2026-01-13 11:16:25.119] ServiceContainer: Registered 'TaskListScreen_Default' (singleton=False)
[2026-01-13 11:16:25.120] MenuRegistry: Registered factory for 'Task List'
[2026-01-13 11:16:25.121] MenuRegistry: Registered 'Task List' in 'Tasks' menu (hotkey=L order=5)
[2026-01-13 11:16:25.122] ServiceContainer: Registered 'ChecklistsLauncherScreen' (singleton=False)
[2026-01-13 11:16:25.123] MenuRegistry: Registered factory for 'Checklists'
[2026-01-13 11:16:25.124] MenuRegistry: Registered 'Checklists' in 'Tools' menu (hotkey=C order=25)
[2026-01-13 11:16:25.125] ServiceContainer: Registered 'ChecklistTemplatesFolderScreen' (singleton=False)
[2026-01-13 11:16:25.126] MenuRegistry: Registered factory for 'Checklist Templates'
[2026-01-13 11:16:25.127] MenuRegistry: Registered 'Checklist Templates' in 'Tools' menu (hotkey=H order=30)
[2026-01-13 11:16:25.128] ServiceContainer: Registered 'TextExportProfileManagerScreen' (singleton=False)
[2026-01-13 11:16:25.129] MenuRegistry: Registered factory for 'T2020 Export Profiles'
[2026-01-13 11:16:25.130] MenuRegistry: Registered 'T2020 Export Profiles' in 'Tools' menu (hotkey=E order=45)
[2026-01-13 11:16:25.131] ServiceContainer: Registered 'ExcelImportScreen' (singleton=False)
[2026-01-13 11:16:25.132] MenuRegistry: Registered factory for 'Import from Excel'
[2026-01-13 11:16:25.133] MenuRegistry: Registered 'Import from Excel' in 'Projects' menu (hotkey=I order=40)
[2026-01-13 11:16:25.134] ServiceContainer: Registered 'CommandLibraryScreen' (singleton=False)
[2026-01-13 11:16:25.135] MenuRegistry: Registered factory for 'Command Library'
[2026-01-13 11:16:25.136] MenuRegistry: Registered 'Command Library' in 'Tools' menu (hotkey=L order=10)
[2026-01-13 11:16:25.138] ServiceContainer: Registered 'ExcelProfileManagerScreen' (singleton=False)
[2026-01-13 11:16:25.138] MenuRegistry: Registered factory for 'Excel Profiles'
[2026-01-13 11:16:25.139] MenuRegistry: Registered 'Excel Profiles' in 'Projects' menu (hotkey=M order=50)
[2026-01-13 11:16:25.141] ServiceContainer: Registered 'SettingsScreen' (singleton=False)
[2026-01-13 11:16:25.142] MenuRegistry: Registered factory for 'Settings'
[2026-01-13 11:16:25.159] MenuRegistry: Registered 'Settings' in 'Options' menu (hotkey=S order=20)
[2026-01-13 11:16:25.161] ServiceContainer: Registered 'ExcelImportProfileManagerScreen' (singleton=False)
[2026-01-13 11:16:25.162] MenuRegistry: Registered factory for 'Excel Import Profiles'
[2026-01-13 11:16:25.163] MenuRegistry: Registered 'Excel Import Profiles' in 'Tools' menu (hotkey=I order=40)
[2026-01-13 11:16:25.164] ServiceContainer: Registered 'TimeListScreen' (singleton=False)
[2026-01-13 11:16:25.165] MenuRegistry: Registered factory for 'Time Tracking'
[2026-01-13 11:16:25.166] MenuRegistry: Registered 'Time Tracking' in 'Time' menu (hotkey=T order=5)
[2026-01-13 11:16:25.167] ServiceContainer: Registered 'WeeklyTimeReportScreen' (singleton=False)
[2026-01-13 11:16:25.168] MenuRegistry: Registered factory for 'Weekly Report'
[2026-01-13 11:16:25.169] MenuRegistry: Registered 'Weekly Report' in 'Time' menu (hotkey=W order=10)
[2026-01-13 11:16:31.881] ServiceContainer: Resolving 'ChecklistTemplatesFolderScreen'...
[2026-01-13 11:16:32.090] [INFO] StandardListScreen._ConfigureListActions: Configuring actions for Checklist Templates
[2026-01-13 11:16:32.097] [INFO] StandardListScreen: Added footer shortcut D -> Delete
[2026-01-13 11:16:32.101] [INFO] StandardListScreen._ConfigureListActions: Configured 5 footer shortcuts
[2026-01-13 11:16:32.158] ServiceContainer: Resolved 'ChecklistTemplatesFolderScreen' successfully
[2026-01-13 11:16:32.236] [INFO] StandardListScreen._ConfigureListActions: Configuring actions for Checklist Templates
[2026-01-13 11:16:32.238] [INFO] StandardListScreen: Added footer shortcut D -> Delete
[2026-01-13 11:16:32.238] [INFO] StandardListScreen._ConfigureListActions: Configured 5 footer shortcuts
[11:16:32.436] [Z-BUFFER] REJECTED at (42,7): currentZ=10 < zBuffer=20 char='I'
[11:16:32.436] [Z-BUFFER] REJECTED at (43,7): currentZ=10 < zBuffer=20 char='t'
[11:16:32.437] [Z-BUFFER] REJECTED at (44,7): currentZ=10 < zBuffer=20 char='e'
[11:16:32.437] [Z-BUFFER] REJECTED at (45,7): currentZ=10 < zBuffer=20 char='m'
[11:16:32.438] [Z-BUFFER] REJECTED at (46,7): currentZ=10 < zBuffer=20 char='s'
