[2025-12-31 11:17:40.421] ServiceContainer: Registered 'Theme' (singleton=True)
[2025-12-31 11:17:40.432] ServiceContainer: Registered 'ThemeManager' (singleton=True)
[2025-12-31 11:17:40.435] ServiceContainer: Registered 'Config' (singleton=True)
[2025-12-31 11:17:40.438] ServiceContainer: Registered 'TaskStore' (singleton=True)
[2025-12-31 11:17:40.440] ServiceContainer: Registered 'MenuRegistry' (singleton=True)
[2025-12-31 11:17:40.443] ServiceContainer: Registered 'Application' (singleton=True)
[2025-12-31 11:17:40.445] ServiceContainer: Registered 'CommandService' (singleton=True)
[2025-12-31 11:17:40.448] ServiceContainer: Registered 'ChecklistService' (singleton=True)
[2025-12-31 11:17:40.450] ServiceContainer: Registered 'NoteService' (singleton=True)
[2025-12-31 11:17:40.452] ServiceContainer: Registered 'ExcelMappingService' (singleton=True)
[2025-12-31 11:17:40.454] ServiceContainer: Registered 'ExcelCopyService' (singleton=True)
[2025-12-31 11:17:40.457] ServiceContainer: Registered 'PreferencesService' (singleton=True)
[2025-12-31 11:17:40.459] ServiceContainer: Registered 'ExcelImportService' (singleton=True)
[2025-12-31 11:17:40.461] ServiceContainer: Registered 'TextExportService' (singleton=True)
[2025-12-31 11:17:40.463] ServiceContainer: Registered 'TaskListScreen' (singleton=False)
[2025-12-31 11:17:40.495] ServiceContainer: Resolving 'Application'...
[2025-12-31 11:17:40.500] ServiceContainer: Resolving 'Theme'...
[2025-12-31 11:17:40.680] ServiceContainer: Resolved 'Theme' successfully
[2025-12-31 11:17:40.823] ServiceContainer: Resolving 'ThemeManager'...
[2025-12-31 11:17:40.827] ServiceContainer: Resolved 'ThemeManager' successfully
[2025-12-31 11:17:40.851] ServiceContainer: Resolved 'Application' successfully
[2025-12-31 11:17:40.853] ServiceContainer: Resolving 'MenuRegistry'...
[2025-12-31 11:17:40.875] ServiceContainer: Resolved 'MenuRegistry' successfully
[2025-12-31 11:17:40.912] MenuRegistry: Loaded manifest with 16 entries
[2025-12-31 11:17:40.958] ServiceContainer: Registered 'WeeklyTimeReportScreen' (singleton=False)
[2025-12-31 11:17:40.960] MenuRegistry: Registered 'Weekly Report' in 'Time' menu (hotkey=W order=10)
[2025-12-31 11:17:40.987] MenuRegistry: Registered 'Weekly Report' in 'Time' menu (hotkey=W order=10)
[2025-12-31 11:17:40.990] ServiceContainer: Registered 'NotesMenuScreen' (singleton=False)
[2025-12-31 11:17:40.992] MenuRegistry: Registered 'Notes' in 'Tools' menu (hotkey=N order=20)
[2025-12-31 11:17:40.995] MenuRegistry: Registered 'Notes' in 'Tools' menu (hotkey=N order=20)
[2025-12-31 11:17:40.998] ServiceContainer: Registered 'TimeListScreen' (singleton=False)
[2025-12-31 11:17:41.000] MenuRegistry: Registered 'Time Tracking' in 'Time' menu (hotkey=T order=5)
[2025-12-31 11:17:41.002] MenuRegistry: Registered 'Time Tracking' in 'Time' menu (hotkey=T order=5)
[2025-12-31 11:17:41.005] ServiceContainer: Registered 'TaskListScreen_Default' (singleton=False)
[2025-12-31 11:17:41.006] MenuRegistry: Registered 'Task List' in 'Tasks' menu (hotkey=L order=5)
[2025-12-31 11:17:41.009] MenuRegistry: Registered 'Task List' in 'Tasks' menu (hotkey=L order=5)
[2025-12-31 11:17:41.012] ServiceContainer: Registered 'TextExportProfileManagerScreen' (singleton=False)
[2025-12-31 11:17:41.013] MenuRegistry: Registered 'T2020 Export Profiles' in 'Tools' menu (hotkey=E order=45)
[2025-12-31 11:17:41.028] MenuRegistry: Registered 'T2020 Export Profiles' in 'Tools' menu (hotkey=E order=45)
[2025-12-31 11:17:41.031] ServiceContainer: Registered 'SettingsScreen' (singleton=False)
[2025-12-31 11:17:41.033] MenuRegistry: Registered 'Settings' in 'Options' menu (hotkey=S order=20)
[2025-12-31 11:17:41.035] MenuRegistry: Registered 'Settings' in 'Options' menu (hotkey=S order=20)
[2025-12-31 11:17:41.038] ServiceContainer: Registered 'CommandLibraryScreen' (singleton=False)
[2025-12-31 11:17:41.040] MenuRegistry: Registered 'Command Library' in 'Tools' menu (hotkey=L order=10)
[2025-12-31 11:17:41.043] MenuRegistry: Registered 'Command Library' in 'Tools' menu (hotkey=L order=10)
[2025-12-31 11:17:41.046] ServiceContainer: Registered 'ChecklistsLauncherScreen' (singleton=False)
[2025-12-31 11:17:41.047] MenuRegistry: Registered 'Checklists' in 'Tools' menu (hotkey=C order=25)
[2025-12-31 11:17:41.050] MenuRegistry: Registered 'Checklists' in 'Tools' menu (hotkey=C order=25)
[2025-12-31 11:17:41.053] ServiceContainer: Registered 'ExcelProfileManagerScreen' (singleton=False)
[2025-12-31 11:17:41.055] MenuRegistry: Registered 'Excel Profiles' in 'Projects' menu (hotkey=M order=50)
[2025-12-31 11:17:41.057] MenuRegistry: Registered 'Excel Profiles' in 'Projects' menu (hotkey=M order=50)
[2025-12-31 11:17:41.060] ServiceContainer: Registered 'ExcelImportProfileManagerScreen' (singleton=False)
[2025-12-31 11:17:41.061] MenuRegistry: Registered 'Excel Import Profiles' in 'Tools' menu (hotkey=I order=40)
[2025-12-31 11:17:41.064] MenuRegistry: Registered 'Excel Import Profiles' in 'Tools' menu (hotkey=I order=40)
[2025-12-31 11:17:41.066] ServiceContainer: Registered 'ChecklistTemplatesFolderScreen' (singleton=False)
[2025-12-31 11:17:41.068] MenuRegistry: Registered 'Checklist Templates' in 'Tools' menu (hotkey=H order=30)
[2025-12-31 11:17:41.071] MenuRegistry: Registered 'Checklist Templates' in 'Tools' menu (hotkey=H order=30)
[2025-12-31 11:17:41.073] ServiceContainer: Registered 'TimeReportScreen' (singleton=False)
[2025-12-31 11:17:41.075] MenuRegistry: Registered 'Time Report' in 'Time' menu (hotkey=R order=20)
[2025-12-31 11:17:41.077] MenuRegistry: Registered 'Time Report' in 'Time' menu (hotkey=R order=20)
[2025-12-31 11:17:41.080] ServiceContainer: Registered 'ProjectListScreen' (singleton=False)
[2025-12-31 11:17:41.082] MenuRegistry: Registered 'Project List' in 'Projects' menu (hotkey=L order=10)
[2025-12-31 11:17:41.084] MenuRegistry: Registered 'Project List' in 'Projects' menu (hotkey=L order=10)
[2025-12-31 11:17:41.087] ServiceContainer: Registered 'HelpViewScreen' (singleton=False)
[2025-12-31 11:17:41.089] MenuRegistry: Registered 'Help' in 'Help' menu (hotkey=H order=10)
[2025-12-31 11:17:41.091] MenuRegistry: Registered 'Help' in 'Help' menu (hotkey=H order=10)
[2025-12-31 11:17:41.094] ServiceContainer: Registered 'ThemeEditorScreen' (singleton=False)
[2025-12-31 11:17:41.095] MenuRegistry: Registered 'Theme Editor' in 'Options' menu (hotkey=T order=10)
[2025-12-31 11:17:41.098] MenuRegistry: Registered 'Theme Editor' in 'Options' menu (hotkey=T order=10)
[2025-12-31 11:17:41.101] ServiceContainer: Registered 'ExcelImportScreen' (singleton=False)
[2025-12-31 11:17:41.102] MenuRegistry: Registered 'Import from Excel' in 'Projects' menu (hotkey=I order=40)
[2025-12-31 11:17:41.105] MenuRegistry: Registered 'Import from Excel' in 'Projects' menu (hotkey=I order=40)
[2025-12-31 11:17:41.108] ServiceContainer: Resolving 'TaskListScreen'...
[2025-12-31 11:17:41.112] ServiceContainer: Resolving 'TaskStore'...
[2025-12-31 11:17:41.798] ServiceContainer: Resolved 'TaskStore' successfully
[2025-12-31 11:17:43.273] _PopulateMenusFromRegistry: Menu 'Help' has 1 items from registry (array)
[2025-12-31 11:17:43.325] _PopulateMenusFromRegistry: Menu 'Tasks' has 1 items from registry (array)
[2025-12-31 11:17:43.334] _PopulateMenusFromRegistry: Menu 'Projects' has 3 items from registry (array)
[2025-12-31 11:17:43.341] _PopulateMenusFromRegistry: Menu 'Time' has 3 items from registry (array)
[2025-12-31 11:17:43.347] _PopulateMenusFromRegistry: Menu 'Tools' has 6 items from registry (array)
[2025-12-31 11:17:43.352] _PopulateMenusFromRegistry: Menu 'Options' has 2 items from registry (array)
[2025-12-31 11:17:43.356] ServiceContainer: Resolved 'TaskListScreen' successfully
[2025-12-31 11:17:45.064] [ERROR] Widget render error: Header render failed: Cannot convert argument "gradient", with value: "@{Type=Gradient; Start=#ff00ff; End=#00f3ff}", for "_GetGradientIntArrayCached" to type "System.Collections.Hashtable": "Cannot convert value "@{Type=Gradient; Start=#ff00ff; End=#00f3ff}" to type "System.Collections.Hashtable". Error: "Cannot convert the "@{Type=Gradient; Start=#ff00ff; End=#00f3ff}" value of type "System.Management.Automation.PSCustomObject" to type "System.Collections.Hashtable".""
[2025-12-31 11:17:45.066] [ERROR] Stack: at GetGradientIntArray, /home/teej/ztest/module/Pmc.Strict/consoleui/src/PmcThemeEngine.ps1: line 196
at WriteThemedToRegion, /home/teej/ztest/module/Pmc.Strict/consoleui/widgets/PmcWidget.ps1: line 373
at RenderToEngine, /home/teej/ztest/module/Pmc.Strict/consoleui/widgets/PmcHeader.ps1: line 205
at RenderWithCache, /home/teej/ztest/module/Pmc.Strict/consoleui/widgets/PmcWidget.ps1: line 868
at _RenderWidgetWithCache, /home/teej/ztest/module/Pmc.Strict/consoleui/PmcScreen.ps1: line 489
at RenderToEngine, /home/teej/ztest/module/Pmc.Strict/consoleui/PmcScreen.ps1: line 402
at RenderToEngine, /home/teej/ztest/module/Pmc.Strict/consoleui/base/StandardListScreen.ps1: line 246
at RenderToEngine, /home/teej/ztest/module/Pmc.Strict/consoleui/screens/TaskListScreen.ps1: line 2152
at _RenderCurrentScreen, /home/teej/ztest/module/Pmc.Strict/consoleui/PmcApplication.ps1: line 234
at Run, /home/teej/ztest/module/Pmc.Strict/consoleui/PmcApplication.ps1: line 464
at Start-PmcTUI, /home/teej/ztest/module/Pmc.Strict/consoleui/Start-PmcTUI.ps1: line 621
at <ScriptBlock>, /home/teej/ztest/start.ps1: line 37
[2025-12-31 11:17:45.068] [ERROR] TargetObject: 
[2025-12-31 11:17:45.073] [ERROR] InvocationInfo:             return $this._GetGradientIntArrayCached($propertyName, $prop, $width)

[2025-12-31 11:17:45.436] [ERROR] Widget render error: RenderContent render failed: Method invocation failed because [System.Management.Automation.PSCustomObject] does not contain a method named 'ContainsKey'.
[2025-12-31 11:17:45.439] [ERROR] Stack: at GetThemeColorInt, /home/teej/ztest/module/Pmc.Strict/consoleui/src/PmcThemeEngine.ps1: line 113
at GetThemedColorInt, /home/teej/ztest/module/Pmc.Strict/consoleui/widgets/PmcWidget.ps1: line 240
at RenderToEngine, /home/teej/ztest/module/Pmc.Strict/consoleui/widgets/UniversalList.ps1: line 878
at RenderContentToEngine, /home/teej/ztest/module/Pmc.Strict/consoleui/base/StandardListScreen.ps1: line 1169
at RenderContentToEngine, /home/teej/ztest/module/Pmc.Strict/consoleui/screens/TaskListScreen.ps1: line 1903
at RenderToEngine, /home/teej/ztest/module/Pmc.Strict/consoleui/PmcScreen.ps1: line 414
at RenderToEngine, /home/teej/ztest/module/Pmc.Strict/consoleui/base/StandardListScreen.ps1: line 246
at RenderToEngine, /home/teej/ztest/module/Pmc.Strict/consoleui/screens/TaskListScreen.ps1: line 2152
at _RenderCurrentScreen, /home/teej/ztest/module/Pmc.Strict/consoleui/PmcApplication.ps1: line 234
at Run, /home/teej/ztest/module/Pmc.Strict/consoleui/PmcApplication.ps1: line 464
at Start-PmcTUI, /home/teej/ztest/module/Pmc.Strict/consoleui/Start-PmcTUI.ps1: line 621
at <ScriptBlock>, /home/teej/ztest/start.ps1: line 37
[2025-12-31 11:17:45.442] [ERROR] TargetObject: ContainsKey
[2025-12-31 11:17:45.444] [ERROR] InvocationInfo:             if ($prop.ContainsKey('Start') -and $prop.Start) {

[2025-12-31 11:17:45.507] [ERROR] Widget render error: UniversalList render failed: Method invocation failed because [System.Management.Automation.PSCustomObject] does not contain a method named 'ContainsKey'.
[2025-12-31 11:17:45.509] [ERROR] Stack: at GetThemeColorInt, /home/teej/ztest/module/Pmc.Strict/consoleui/src/PmcThemeEngine.ps1: line 113
at GetThemedColorInt, /home/teej/ztest/module/Pmc.Strict/consoleui/widgets/PmcWidget.ps1: line 240
at RenderToEngine, /home/teej/ztest/module/Pmc.Strict/consoleui/widgets/UniversalList.ps1: line 878
at RenderWithCache, /home/teej/ztest/module/Pmc.Strict/consoleui/widgets/PmcWidget.ps1: line 868
at _RenderWidgetWithCache, /home/teej/ztest/module/Pmc.Strict/consoleui/PmcScreen.ps1: line 489
at RenderToEngine, /home/teej/ztest/module/Pmc.Strict/consoleui/PmcScreen.ps1: line 433
at RenderToEngine, /home/teej/ztest/module/Pmc.Strict/consoleui/base/StandardListScreen.ps1: line 246
at RenderToEngine, /home/teej/ztest/module/Pmc.Strict/consoleui/screens/TaskListScreen.ps1: line 2152
at _RenderCurrentScreen, /home/teej/ztest/module/Pmc.Strict/consoleui/PmcApplication.ps1: line 234
at Run, /home/teej/ztest/module/Pmc.Strict/consoleui/PmcApplication.ps1: line 464
at Start-PmcTUI, /home/teej/ztest/module/Pmc.Strict/consoleui/Start-PmcTUI.ps1: line 621
at <ScriptBlock>, /home/teej/ztest/start.ps1: line 37
[2025-12-31 11:17:45.511] [ERROR] TargetObject: ContainsKey
[2025-12-31 11:17:45.515] [ERROR] InvocationInfo:             if ($prop.ContainsKey('Start') -and $prop.Start) {

[2025-12-31 11:17:45.780] [ERROR] Widget render error: Footer render failed: Cannot convert argument "gradient", with value: "@{Type=Gradient; Start=#00f3ff; End=#bf00ff}", for "_GetGradientIntArrayCached" to type "System.Collections.Hashtable": "Cannot convert value "@{Type=Gradient; Start=#00f3ff; End=#bf00ff}" to type "System.Collections.Hashtable". Error: "Cannot convert the "@{Type=Gradient; Start=#00f3ff; End=#bf00ff}" value of type "System.Management.Automation.PSCustomObject" to type "System.Collections.Hashtable".""
[2025-12-31 11:17:45.782] [ERROR] Stack: at GetGradientIntArray, /home/teej/ztest/module/Pmc.Strict/consoleui/src/PmcThemeEngine.ps1: line 196
at WriteThemedToRegion, /home/teej/ztest/module/Pmc.Strict/consoleui/widgets/PmcWidget.ps1: line 373
at RenderToEngine, /home/teej/ztest/module/Pmc.Strict/consoleui/widgets/PmcFooter.ps1: line 172
at RenderWithCache, /home/teej/ztest/module/Pmc.Strict/consoleui/widgets/PmcWidget.ps1: line 868
at _RenderWidgetWithCache, /home/teej/ztest/module/Pmc.Strict/consoleui/PmcScreen.ps1: line 489
at RenderToEngine, /home/teej/ztest/module/Pmc.Strict/consoleui/PmcScreen.ps1: line 445
at RenderToEngine, /home/teej/ztest/module/Pmc.Strict/consoleui/base/StandardListScreen.ps1: line 246
at RenderToEngine, /home/teej/ztest/module/Pmc.Strict/consoleui/screens/TaskListScreen.ps1: line 2152
at _RenderCurrentScreen, /home/teej/ztest/module/Pmc.Strict/consoleui/PmcApplication.ps1: line 234
at Run, /home/teej/ztest/module/Pmc.Strict/consoleui/PmcApplication.ps1: line 464
at Start-PmcTUI, /home/teej/ztest/module/Pmc.Strict/consoleui/Start-PmcTUI.ps1: line 621
at <ScriptBlock>, /home/teej/ztest/start.ps1: line 37
[2025-12-31 11:17:45.784] [ERROR] TargetObject: 
[2025-12-31 11:17:45.786] [ERROR] InvocationInfo:             return $this._GetGradientIntArrayCached($propertyName, $prop, $width)

[2025-12-31 11:17:46.192] [ERROR] Render error: Method invocation failed because [System.Management.Automation.PSCustomObject] does not contain a method named 'ContainsKey'.
[2025-12-31 11:17:46.195] [ERROR] Location: /home/teej/ztest/module/Pmc.Strict/consoleui/src/PmcThemeEngine.ps1:113
[2025-12-31 11:17:46.233] [ERROR] Line:             if ($prop.ContainsKey('Start') -and $prop.Start) {

[2025-12-31 11:17:46.238] [ERROR] Stack: at GetThemeColorInt, /home/teej/ztest/module/Pmc.Strict/consoleui/src/PmcThemeEngine.ps1: line 113
at GetThemedColorInt, /home/teej/ztest/module/Pmc.Strict/consoleui/widgets/PmcWidget.ps1: line 240
at RenderToEngine, /home/teej/ztest/module/Pmc.Strict/consoleui/widgets/UniversalList.ps1: line 878
at RenderToEngine, /home/teej/ztest/module/Pmc.Strict/consoleui/base/StandardListScreen.ps1: line 251
at RenderToEngine, /home/teej/ztest/module/Pmc.Strict/consoleui/screens/TaskListScreen.ps1: line 2152
at _RenderCurrentScreen, /home/teej/ztest/module/Pmc.Strict/consoleui/PmcApplication.ps1: line 234
at Run, /home/teej/ztest/module/Pmc.Strict/consoleui/PmcApplication.ps1: line 464
at Start-PmcTUI, /home/teej/ztest/module/Pmc.Strict/consoleui/Start-PmcTUI.ps1: line 621
at <ScriptBlock>, /home/teej/ztest/start.ps1: line 37
