[2026-01-07 15:53:03.317] ServiceContainer: Registered 'Theme' (singleton=True)
[2026-01-07 15:53:03.323] ServiceContainer: Registered 'ThemeManager' (singleton=True)
[2026-01-07 15:53:03.325] ServiceContainer: Registered 'Config' (singleton=True)
[2026-01-07 15:53:03.326] ServiceContainer: Registered 'TaskStore' (singleton=True)
[2026-01-07 15:53:03.327] ServiceContainer: Registered 'MenuRegistry' (singleton=True)
[2026-01-07 15:53:03.329] ServiceContainer: Registered 'Application' (singleton=True)
[2026-01-07 15:53:03.331] ServiceContainer: Registered 'CommandService' (singleton=True)
[2026-01-07 15:53:03.332] ServiceContainer: Registered 'ChecklistService' (singleton=True)
[2026-01-07 15:53:03.333] ServiceContainer: Registered 'NoteService' (singleton=True)
[2026-01-07 15:53:03.335] ServiceContainer: Registered 'ExcelMappingService' (singleton=True)
[2026-01-07 15:53:03.336] ServiceContainer: Registered 'ExcelCopyService' (singleton=True)
[2026-01-07 15:53:03.338] ServiceContainer: Registered 'PreferencesService' (singleton=True)
[2026-01-07 15:53:03.339] ServiceContainer: Registered 'ExcelImportService' (singleton=True)
[2026-01-07 15:53:03.341] ServiceContainer: Registered 'TextExportService' (singleton=True)
[2026-01-07 15:53:03.342] ServiceContainer: Registered 'TaskListScreen' (singleton=False)
[2026-01-07 15:53:03.371] ServiceContainer: Resolving 'Application'...
[2026-01-07 15:53:03.374] ServiceContainer: Resolving 'Theme'...
[2026-01-07 15:53:03.697] ServiceContainer: Resolved 'Theme' successfully
[2026-01-07 15:53:03.838] ServiceContainer: Resolving 'ThemeManager'...
[2026-01-07 15:53:03.841] ServiceContainer: Resolved 'ThemeManager' successfully
[2026-01-07 15:53:03.865] ServiceContainer: Resolved 'Application' successfully
[2026-01-07 15:53:03.867] ServiceContainer: Resolving 'MenuRegistry'...
[2026-01-07 15:53:03.887] ServiceContainer: Resolved 'MenuRegistry' successfully
[2026-01-07 15:53:03.917] MenuRegistry: Loaded manifest with 16 entries
[2026-01-07 15:53:03.958] ServiceContainer: Registered 'WeeklyTimeReportScreen' (singleton=False)
[2026-01-07 15:53:03.960] MenuRegistry: Registered 'Weekly Report' in 'Time' menu (hotkey=W order=10)
[2026-01-07 15:53:03.983] MenuRegistry: Registered 'Weekly Report' in 'Time' menu (hotkey=W order=10)
[2026-01-07 15:53:03.986] ServiceContainer: Registered 'TimeListScreen' (singleton=False)
[2026-01-07 15:53:03.988] MenuRegistry: Registered 'Time Tracking' in 'Time' menu (hotkey=T order=5)
[2026-01-07 15:53:03.990] MenuRegistry: Registered 'Time Tracking' in 'Time' menu (hotkey=T order=5)
[2026-01-07 15:53:03.993] ServiceContainer: Registered 'ThemeEditorScreen' (singleton=False)
[2026-01-07 15:53:03.994] MenuRegistry: Registered 'Theme Editor' in 'Options' menu (hotkey=T order=10)
[2026-01-07 15:53:03.996] MenuRegistry: Registered 'Theme Editor' in 'Options' menu (hotkey=T order=10)
[2026-01-07 15:53:04.010] ServiceContainer: Registered 'HelpViewScreen' (singleton=False)
[2026-01-07 15:53:04.011] MenuRegistry: Registered 'Help' in 'Help' menu (hotkey=H order=10)
[2026-01-07 15:53:04.013] MenuRegistry: Registered 'Help' in 'Help' menu (hotkey=H order=10)
[2026-01-07 15:53:04.016] ServiceContainer: Registered 'ExcelProfileManagerScreen' (singleton=False)
[2026-01-07 15:53:04.017] MenuRegistry: Registered 'Excel Profiles' in 'Projects' menu (hotkey=M order=50)
[2026-01-07 15:53:04.019] MenuRegistry: Registered 'Excel Profiles' in 'Projects' menu (hotkey=M order=50)
[2026-01-07 15:53:04.021] ServiceContainer: Registered 'TaskListScreen_Default' (singleton=False)
[2026-01-07 15:53:04.023] MenuRegistry: Registered 'Task List' in 'Tasks' menu (hotkey=L order=5)
[2026-01-07 15:53:04.025] MenuRegistry: Registered 'Task List' in 'Tasks' menu (hotkey=L order=5)
[2026-01-07 15:53:04.027] ServiceContainer: Registered 'ExcelImportProfileManagerScreen' (singleton=False)
[2026-01-07 15:53:04.028] MenuRegistry: Registered 'Excel Import Profiles' in 'Tools' menu (hotkey=I order=40)
[2026-01-07 15:53:04.030] MenuRegistry: Registered 'Excel Import Profiles' in 'Tools' menu (hotkey=I order=40)
[2026-01-07 15:53:04.033] ServiceContainer: Registered 'NotesMenuScreen' (singleton=False)
[2026-01-07 15:53:04.034] MenuRegistry: Registered 'Notes' in 'Tools' menu (hotkey=N order=20)
[2026-01-07 15:53:04.036] MenuRegistry: Registered 'Notes' in 'Tools' menu (hotkey=N order=20)
[2026-01-07 15:53:04.039] ServiceContainer: Registered 'SettingsScreen' (singleton=False)
[2026-01-07 15:53:04.040] MenuRegistry: Registered 'Settings' in 'Options' menu (hotkey=S order=20)
[2026-01-07 15:53:04.042] MenuRegistry: Registered 'Settings' in 'Options' menu (hotkey=S order=20)
[2026-01-07 15:53:04.044] ServiceContainer: Registered 'ExcelImportScreen' (singleton=False)
[2026-01-07 15:53:04.046] MenuRegistry: Registered 'Import from Excel' in 'Projects' menu (hotkey=I order=40)
[2026-01-07 15:53:04.048] MenuRegistry: Registered 'Import from Excel' in 'Projects' menu (hotkey=I order=40)
[2026-01-07 15:53:04.050] ServiceContainer: Registered 'TextExportProfileManagerScreen' (singleton=False)
[2026-01-07 15:53:04.051] MenuRegistry: Registered 'T2020 Export Profiles' in 'Tools' menu (hotkey=E order=45)
[2026-01-07 15:53:04.053] MenuRegistry: Registered 'T2020 Export Profiles' in 'Tools' menu (hotkey=E order=45)
[2026-01-07 15:53:04.056] ServiceContainer: Registered 'ProjectListScreen' (singleton=False)
[2026-01-07 15:53:04.057] MenuRegistry: Registered 'Project List' in 'Projects' menu (hotkey=L order=10)
[2026-01-07 15:53:04.059] MenuRegistry: Registered 'Project List' in 'Projects' menu (hotkey=L order=10)
[2026-01-07 15:53:04.061] ServiceContainer: Registered 'TimeReportScreen' (singleton=False)
[2026-01-07 15:53:04.062] MenuRegistry: Registered 'Time Report' in 'Time' menu (hotkey=R order=20)
[2026-01-07 15:53:04.065] MenuRegistry: Registered 'Time Report' in 'Time' menu (hotkey=R order=20)
[2026-01-07 15:53:04.067] ServiceContainer: Registered 'ChecklistTemplatesFolderScreen' (singleton=False)
[2026-01-07 15:53:04.068] MenuRegistry: Registered 'Checklist Templates' in 'Tools' menu (hotkey=H order=30)
[2026-01-07 15:53:04.070] MenuRegistry: Registered 'Checklist Templates' in 'Tools' menu (hotkey=H order=30)
[2026-01-07 15:53:04.073] ServiceContainer: Registered 'CommandLibraryScreen' (singleton=False)
[2026-01-07 15:53:04.075] MenuRegistry: Registered 'Command Library' in 'Tools' menu (hotkey=L order=10)
[2026-01-07 15:53:04.077] MenuRegistry: Registered 'Command Library' in 'Tools' menu (hotkey=L order=10)
[2026-01-07 15:53:04.080] ServiceContainer: Registered 'ChecklistsLauncherScreen' (singleton=False)
[2026-01-07 15:53:04.082] MenuRegistry: Registered 'Checklists' in 'Tools' menu (hotkey=C order=25)
[2026-01-07 15:53:04.089] MenuRegistry: Registered 'Checklists' in 'Tools' menu (hotkey=C order=25)
[2026-01-07 15:53:04.092] ServiceContainer: Resolving 'TaskListScreen'...
[2026-01-07 15:53:04.124] ServiceContainer: Resolving 'TaskStore'...
[2026-01-07 15:53:04.278] ServiceContainer: Resolved 'TaskStore' successfully
[2026-01-07 15:53:05.233] [INFO] StandardListScreen._ConfigureListActions: Configuring actions for Tasks
[2026-01-07 15:53:05.276] [INFO] StandardListScreen: Added footer shortcut D -> Delete
[2026-01-07 15:53:05.305] [INFO] StandardListScreen._ConfigureListActions: Configured 16 footer shortcuts
[2026-01-07 15:53:05.554] _PopulateMenusFromRegistry: Menu 'Time' has 3 items from registry (array)
[2026-01-07 15:53:05.586] _PopulateMenusFromRegistry: Menu 'Projects' has 3 items from registry (array)
[2026-01-07 15:53:05.590] _PopulateMenusFromRegistry: Menu 'Tasks' has 1 items from registry (array)
[2026-01-07 15:53:05.608] _PopulateMenusFromRegistry: Menu 'Help' has 1 items from registry (array)
[2026-01-07 15:53:05.613] _PopulateMenusFromRegistry: Menu 'Options' has 2 items from registry (array)
[2026-01-07 15:53:05.623] _PopulateMenusFromRegistry: Menu 'Tools' has 6 items from registry (array)
[2026-01-07 15:53:05.628] ServiceContainer: Resolved 'TaskListScreen' successfully
[2026-01-07 15:53:06.125] [INFO] StandardListScreen._ConfigureListActions: Configuring actions for Tasks
[2026-01-07 15:53:06.130] [INFO] StandardListScreen: Added footer shortcut D -> Delete
[2026-01-07 15:53:06.138] [INFO] StandardListScreen._ConfigureListActions: Configured 16 footer shortcuts
[2026-01-07 15:53:11.689] ServiceContainer: Resolving 'NotesMenuScreen'...
[2026-01-07 15:53:11.714] [ERROR] ServiceContainer: Failed to resolve 'NotesMenuScreen': At /home/teej/ztest/module/Pmc.Strict/consoleui/screens/NotesMenuScreen.ps1:357 char:53
+ … ta.ContainsKey('tags') -and $not [string]::IsNullOrWhiteSpace($data.t …
+                                    ~~~~~~~~~~~~~~~~~~~~~~~~~~~~
Unexpected token '[string]::IsNullOrWhiteSpace' in expression or statement.

At /home/teej/ztest/module/Pmc.Strict/consoleui/screens/NotesMenuScreen.ps1:357 char:53
+ … ta.ContainsKey('tags') -and $not [string]::IsNullOrWhiteSpace($data.t …
+                                    ~~~~~~~~~~~~~~~~~~~~~~~~~~~~
Missing closing ')' after expression in 'if' statement.

At /home/teej/ztest/module/Pmc.Strict/consoleui/screens/NotesMenuScreen.ps1:348 char:13
+         try {
+             ~
Missing closing '}' in statement block or type definition.

At /home/teej/ztest/module/Pmc.Strict/consoleui/screens/NotesMenuScreen.ps1:357 char:93
+ … ainsKey('tags') -and $not [string]::IsNullOrWhiteSpace($data.tags)) {
+                                                                     ~
The Try statement is missing its Catch or Finally block.

At /home/teej/ztest/module/Pmc.Strict/consoleui/screens/NotesMenuScreen.ps1:341 char:48
+     [void] OnEditItem($item, [hashtable]$data) {
+                                                ~
Missing closing '}' in statement block or type definition.

At /home/teej/ztest/module/Pmc.Strict/consoleui/screens/NotesMenuScreen.ps1:18 char:45
+ class NotesMenuScreen : StandardListScreen {
+                                             ~
Missing closing '}' in statement block or type definition.

At /home/teej/ztest/module/Pmc.Strict/consoleui/screens/NotesMenuScreen.ps1:357 char:93
+ … ainsKey('tags') -and $not [string]::IsNullOrWhiteSpace($data.tags)) {
+                                                                     ~
Unexpected token ')' in expression or statement.

At /home/teej/ztest/module/Pmc.Strict/consoleui/screens/NotesMenuScreen.ps1:381 char:9
+         } catch {
+         ~
Unexpected token '}' in expression or statement.

At /home/teej/ztest/module/Pmc.Strict/consoleui/screens/NotesMenuScreen.ps1:386 char:5
+     }
+     ~
Unexpected token '}' in expression or statement.

At /home/teej/ztest/module/Pmc.Strict/consoleui/screens/NotesMenuScreen.ps1:392 char:12
+     [void] OnItemDeleted($item) {
+            ~~~~~~~~~~~~~
Unexpected token 'OnItemDeleted' in expression or statement.

Not all parse errors were reported.  Correct the reported errors and try again.
[2026-01-07 15:53:11.717] Stack trace: at <ScriptBlock>, /home/teej/ztest/module/Pmc.Strict/consoleui/services/MenuRegistry.ps1: line 242
at Resolve, /home/teej/ztest/module/Pmc.Strict/consoleui/ServiceContainer.ps1: line 130
at <ScriptBlock>, <No file>: line 2
at ExecuteSelectedItem, /home/teej/ztest/module/Pmc.Strict/consoleui/widgets/PmcMenuBar.ps1: line 299
at _HandleItemHotkey, /home/teej/ztest/module/Pmc.Strict/consoleui/widgets/PmcMenuBar.ps1: line 581
at HandleKeyPress, /home/teej/ztest/module/Pmc.Strict/consoleui/widgets/PmcMenuBar.ps1: line 516
at HandleKeyPress, /home/teej/ztest/module/Pmc.Strict/consoleui/base/StandardListScreen.ps1: line 1103
at HandleKeyPress, /home/teej/ztest/module/Pmc.Strict/consoleui/screens/TaskListScreen.ps1: line 2178
at Run, /home/teej/ztest/module/Pmc.Strict/consoleui/PmcApplication.ps1: line 420
at Start-PmcTUI, /home/teej/ztest/module/Pmc.Strict/consoleui/Start-PmcTUI.ps1: line 620
at <ScriptBlock>, /home/teej/ztest/start.ps1: line 37
[2026-01-07 15:53:11.722] [ERROR] MenuRegistry: Error launching 'NotesMenuScreen': At /home/teej/ztest/module/Pmc.Strict/consoleui/screens/NotesMenuScreen.ps1:357 char:53
+ … ta.ContainsKey('tags') -and $not [string]::IsNullOrWhiteSpace($data.t …
+                                    ~~~~~~~~~~~~~~~~~~~~~~~~~~~~
Unexpected token '[string]::IsNullOrWhiteSpace' in expression or statement.

At /home/teej/ztest/module/Pmc.Strict/consoleui/screens/NotesMenuScreen.ps1:357 char:53
+ … ta.ContainsKey('tags') -and $not [string]::IsNullOrWhiteSpace($data.t …
+                                    ~~~~~~~~~~~~~~~~~~~~~~~~~~~~
Missing closing ')' after expression in 'if' statement.

At /home/teej/ztest/module/Pmc.Strict/consoleui/screens/NotesMenuScreen.ps1:348 char:13
+         try {
+             ~
Missing closing '}' in statement block or type definition.

At /home/teej/ztest/module/Pmc.Strict/consoleui/screens/NotesMenuScreen.ps1:357 char:93
+ … ainsKey('tags') -and $not [string]::IsNullOrWhiteSpace($data.tags)) {
+                                                                     ~
The Try statement is missing its Catch or Finally block.

At /home/teej/ztest/module/Pmc.Strict/consoleui/screens/NotesMenuScreen.ps1:341 char:48
+     [void] OnEditItem($item, [hashtable]$data) {
+                                                ~
Missing closing '}' in statement block or type definition.

At /home/teej/ztest/module/Pmc.Strict/consoleui/screens/NotesMenuScreen.ps1:18 char:45
+ class NotesMenuScreen : StandardListScreen {
+                                             ~
Missing closing '}' in statement block or type definition.

At /home/teej/ztest/module/Pmc.Strict/consoleui/screens/NotesMenuScreen.ps1:357 char:93
+ … ainsKey('tags') -and $not [string]::IsNullOrWhiteSpace($data.tags)) {
+                                                                     ~
Unexpected token ')' in expression or statement.

At /home/teej/ztest/module/Pmc.Strict/consoleui/screens/NotesMenuScreen.ps1:381 char:9
+         } catch {
+         ~
Unexpected token '}' in expression or statement.

At /home/teej/ztest/module/Pmc.Strict/consoleui/screens/NotesMenuScreen.ps1:386 char:5
+     }
+     ~
Unexpected token '}' in expression or statement.

At /home/teej/ztest/module/Pmc.Strict/consoleui/screens/NotesMenuScreen.ps1:392 char:12
+     [void] OnItemDeleted($item) {
+            ~~~~~~~~~~~~~
Unexpected token 'OnItemDeleted' in expression or statement.

Not all parse errors were reported.  Correct the reported errors and try again.
[2026-01-07 15:53:11.723] Stack trace: 
at <ScriptBlock>, /home/teej/ztest/module/Pmc.Strict/consoleui/services/MenuRegistry.ps1: line 242
at Resolve, /home/teej/ztest/module/Pmc.Strict/consoleui/ServiceContainer.ps1: line 130
at <ScriptBlock>, <No file>: line 2
at ExecuteSelectedItem, /home/teej/ztest/module/Pmc.Strict/consoleui/widgets/PmcMenuBar.ps1: line 299
at _HandleItemHotkey, /home/teej/ztest/module/Pmc.Strict/consoleui/widgets/PmcMenuBar.ps1: line 581
at HandleKeyPress, /home/teej/ztest/module/Pmc.Strict/consoleui/widgets/PmcMenuBar.ps1: line 516
at HandleKeyPress, /home/teej/ztest/module/Pmc.Strict/consoleui/base/StandardListScreen.ps1: line 1103
at HandleKeyPress, /home/teej/ztest/module/Pmc.Strict/consoleui/screens/TaskListScreen.ps1: line 2178
at Run, /home/teej/ztest/module/Pmc.Strict/consoleui/PmcApplication.ps1: line 420
at Start-PmcTUI, /home/teej/ztest/module/Pmc.Strict/consoleui/Start-PmcTUI.ps1: line 620
at <ScriptBlock>, /home/teej/ztest/start.ps1: line 37
