[2026-01-01 14:26:29.940] ServiceContainer: Registered 'Theme' (singleton=True)
[2026-01-01 14:26:29.945] ServiceContainer: Registered 'ThemeManager' (singleton=True)
[2026-01-01 14:26:29.947] ServiceContainer: Registered 'Config' (singleton=True)
[2026-01-01 14:26:29.948] ServiceContainer: Registered 'TaskStore' (singleton=True)
[2026-01-01 14:26:29.949] ServiceContainer: Registered 'MenuRegistry' (singleton=True)
[2026-01-01 14:26:29.950] ServiceContainer: Registered 'Application' (singleton=True)
[2026-01-01 14:26:29.951] ServiceContainer: Registered 'CommandService' (singleton=True)
[2026-01-01 14:26:29.952] ServiceContainer: Registered 'ChecklistService' (singleton=True)
[2026-01-01 14:26:29.954] ServiceContainer: Registered 'NoteService' (singleton=True)
[2026-01-01 14:26:29.955] ServiceContainer: Registered 'ExcelMappingService' (singleton=True)
[2026-01-01 14:26:29.956] ServiceContainer: Registered 'ExcelCopyService' (singleton=True)
[2026-01-01 14:26:29.957] ServiceContainer: Registered 'PreferencesService' (singleton=True)
[2026-01-01 14:26:29.958] ServiceContainer: Registered 'ExcelImportService' (singleton=True)
[2026-01-01 14:26:29.959] ServiceContainer: Registered 'TextExportService' (singleton=True)
[2026-01-01 14:26:29.960] ServiceContainer: Registered 'TaskListScreen' (singleton=False)
[2026-01-01 14:26:29.983] ServiceContainer: Resolving 'Application'...
[2026-01-01 14:26:29.986] ServiceContainer: Resolving 'Theme'...
[2026-01-01 14:26:30.264] ServiceContainer: Resolved 'Theme' successfully
[2026-01-01 14:26:30.389] ServiceContainer: Resolving 'ThemeManager'...
[2026-01-01 14:26:30.391] ServiceContainer: Resolved 'ThemeManager' successfully
[2026-01-01 14:26:30.410] ServiceContainer: Resolved 'Application' successfully
[2026-01-01 14:26:30.411] ServiceContainer: Resolving 'MenuRegistry'...
[2026-01-01 14:26:30.429] ServiceContainer: Resolved 'MenuRegistry' successfully
[2026-01-01 14:26:30.454] MenuRegistry: Loaded manifest with 16 entries
[2026-01-01 14:26:30.491] ServiceContainer: Registered 'ExcelImportProfileManagerScreen' (singleton=False)
[2026-01-01 14:26:30.493] MenuRegistry: Registered 'Excel Import Profiles' in 'Tools' menu (hotkey=I order=40)
[2026-01-01 14:26:30.515] MenuRegistry: Registered 'Excel Import Profiles' in 'Tools' menu (hotkey=I order=40)
[2026-01-01 14:26:30.518] ServiceContainer: Registered 'NotesMenuScreen' (singleton=False)
[2026-01-01 14:26:30.519] MenuRegistry: Registered 'Notes' in 'Tools' menu (hotkey=N order=20)
[2026-01-01 14:26:30.521] MenuRegistry: Registered 'Notes' in 'Tools' menu (hotkey=N order=20)
[2026-01-01 14:26:30.523] ServiceContainer: Registered 'ThemeEditorScreen' (singleton=False)
[2026-01-01 14:26:30.524] MenuRegistry: Registered 'Theme Editor' in 'Options' menu (hotkey=T order=10)
[2026-01-01 14:26:30.525] MenuRegistry: Registered 'Theme Editor' in 'Options' menu (hotkey=T order=10)
[2026-01-01 14:26:30.527] ServiceContainer: Registered 'WeeklyTimeReportScreen' (singleton=False)
[2026-01-01 14:26:30.528] MenuRegistry: Registered 'Weekly Report' in 'Time' menu (hotkey=W order=10)
[2026-01-01 14:26:30.538] MenuRegistry: Registered 'Weekly Report' in 'Time' menu (hotkey=W order=10)
[2026-01-01 14:26:30.540] ServiceContainer: Registered 'SettingsScreen' (singleton=False)
[2026-01-01 14:26:30.541] MenuRegistry: Registered 'Settings' in 'Options' menu (hotkey=S order=20)
[2026-01-01 14:26:30.543] MenuRegistry: Registered 'Settings' in 'Options' menu (hotkey=S order=20)
[2026-01-01 14:26:30.545] ServiceContainer: Registered 'HelpViewScreen' (singleton=False)
[2026-01-01 14:26:30.546] MenuRegistry: Registered 'Help' in 'Help' menu (hotkey=H order=10)
[2026-01-01 14:26:30.547] MenuRegistry: Registered 'Help' in 'Help' menu (hotkey=H order=10)
[2026-01-01 14:26:30.549] ServiceContainer: Registered 'TimeListScreen' (singleton=False)
[2026-01-01 14:26:30.550] MenuRegistry: Registered 'Time Tracking' in 'Time' menu (hotkey=T order=5)
[2026-01-01 14:26:30.552] MenuRegistry: Registered 'Time Tracking' in 'Time' menu (hotkey=T order=5)
[2026-01-01 14:26:30.554] ServiceContainer: Registered 'ChecklistsLauncherScreen' (singleton=False)
[2026-01-01 14:26:30.555] MenuRegistry: Registered 'Checklists' in 'Tools' menu (hotkey=C order=25)
[2026-01-01 14:26:30.557] MenuRegistry: Registered 'Checklists' in 'Tools' menu (hotkey=C order=25)
[2026-01-01 14:26:30.559] ServiceContainer: Registered 'TaskListScreen_Default' (singleton=False)
[2026-01-01 14:26:30.560] MenuRegistry: Registered 'Task List' in 'Tasks' menu (hotkey=L order=5)
[2026-01-01 14:26:30.562] MenuRegistry: Registered 'Task List' in 'Tasks' menu (hotkey=L order=5)
[2026-01-01 14:26:30.564] ServiceContainer: Registered 'TextExportProfileManagerScreen' (singleton=False)
[2026-01-01 14:26:30.565] MenuRegistry: Registered 'T2020 Export Profiles' in 'Tools' menu (hotkey=E order=45)
[2026-01-01 14:26:30.567] MenuRegistry: Registered 'T2020 Export Profiles' in 'Tools' menu (hotkey=E order=45)
[2026-01-01 14:26:30.569] ServiceContainer: Registered 'CommandLibraryScreen' (singleton=False)
[2026-01-01 14:26:30.570] MenuRegistry: Registered 'Command Library' in 'Tools' menu (hotkey=L order=10)
[2026-01-01 14:26:30.571] MenuRegistry: Registered 'Command Library' in 'Tools' menu (hotkey=L order=10)
[2026-01-01 14:26:30.573] ServiceContainer: Registered 'ExcelProfileManagerScreen' (singleton=False)
[2026-01-01 14:26:30.574] MenuRegistry: Registered 'Excel Profiles' in 'Projects' menu (hotkey=M order=50)
[2026-01-01 14:26:30.575] MenuRegistry: Registered 'Excel Profiles' in 'Projects' menu (hotkey=M order=50)
[2026-01-01 14:26:30.577] ServiceContainer: Registered 'ChecklistTemplatesFolderScreen' (singleton=False)
[2026-01-01 14:26:30.579] MenuRegistry: Registered 'Checklist Templates' in 'Tools' menu (hotkey=H order=30)
[2026-01-01 14:26:30.580] MenuRegistry: Registered 'Checklist Templates' in 'Tools' menu (hotkey=H order=30)
[2026-01-01 14:26:30.582] ServiceContainer: Registered 'TimeReportScreen' (singleton=False)
[2026-01-01 14:26:30.583] MenuRegistry: Registered 'Time Report' in 'Time' menu (hotkey=R order=20)
[2026-01-01 14:26:30.585] MenuRegistry: Registered 'Time Report' in 'Time' menu (hotkey=R order=20)
[2026-01-01 14:26:30.587] ServiceContainer: Registered 'ProjectListScreen' (singleton=False)
[2026-01-01 14:26:30.588] MenuRegistry: Registered 'Project List' in 'Projects' menu (hotkey=L order=10)
[2026-01-01 14:26:30.589] MenuRegistry: Registered 'Project List' in 'Projects' menu (hotkey=L order=10)
[2026-01-01 14:26:30.591] ServiceContainer: Registered 'ExcelImportScreen' (singleton=False)
[2026-01-01 14:26:30.592] MenuRegistry: Registered 'Import from Excel' in 'Projects' menu (hotkey=I order=40)
[2026-01-01 14:26:30.593] MenuRegistry: Registered 'Import from Excel' in 'Projects' menu (hotkey=I order=40)
[2026-01-01 14:26:30.595] ServiceContainer: Resolving 'TaskListScreen'...
[2026-01-01 14:26:30.598] ServiceContainer: Resolving 'TaskStore'...
[2026-01-01 14:26:30.773] ServiceContainer: Resolved 'TaskStore' successfully
[2026-01-01 14:26:31.960] _PopulateMenusFromRegistry: Menu 'Help' has 1 items from registry (array)
[2026-01-01 14:26:31.988] _PopulateMenusFromRegistry: Menu 'Options' has 2 items from registry (array)
[2026-01-01 14:26:31.995] _PopulateMenusFromRegistry: Menu 'Tools' has 6 items from registry (array)
[2026-01-01 14:26:31.999] _PopulateMenusFromRegistry: Menu 'Projects' has 3 items from registry (array)
[2026-01-01 14:26:32.002] _PopulateMenusFromRegistry: Menu 'Tasks' has 1 items from registry (array)
[2026-01-01 14:26:32.006] _PopulateMenusFromRegistry: Menu 'Time' has 3 items from registry (array)
[2026-01-01 14:26:32.009] ServiceContainer: Resolved 'TaskListScreen' successfully
[2026-01-01 14:26:39.816] ServiceContainer: Resolving 'ChecklistTemplatesFolderScreen'...
[2026-01-01 14:26:40.094] ServiceContainer: Resolved 'ChecklistTemplatesFolderScreen' successfully
