[2025-12-23 20:18:40.408] ServiceContainer: Registered 'Theme' (singleton=True)
[2025-12-23 20:18:40.412] ServiceContainer: Registered 'ThemeManager' (singleton=True)
[2025-12-23 20:18:40.413] ServiceContainer: Registered 'Config' (singleton=True)
[2025-12-23 20:18:40.414] ServiceContainer: Registered 'TaskStore' (singleton=True)
[2025-12-23 20:18:40.415] ServiceContainer: Registered 'MenuRegistry' (singleton=True)
[2025-12-23 20:18:40.416] ServiceContainer: Registered 'Application' (singleton=True)
[2025-12-23 20:18:40.417] ServiceContainer: Registered 'CommandService' (singleton=True)
[2025-12-23 20:18:40.418] ServiceContainer: Registered 'ChecklistService' (singleton=True)
[2025-12-23 20:18:40.419] ServiceContainer: Registered 'NoteService' (singleton=True)
[2025-12-23 20:18:40.420] ServiceContainer: Registered 'ExcelMappingService' (singleton=True)
[2025-12-23 20:18:40.422] ServiceContainer: Registered 'ExcelCopyService' (singleton=True)
[2025-12-23 20:18:40.423] ServiceContainer: Registered 'PreferencesService' (singleton=True)
[2025-12-23 20:18:40.425] ServiceContainer: Registered 'ExcelImportService' (singleton=True)
[2025-12-23 20:18:40.426] ServiceContainer: Registered 'TextExportService' (singleton=True)
[2025-12-23 20:18:40.428] ServiceContainer: Registered 'TaskListScreen' (singleton=False)
[2025-12-23 20:18:40.448] ServiceContainer: Resolving 'Application'...
[2025-12-23 20:18:40.451] ServiceContainer: Resolving 'Theme'...
[2025-12-23 20:18:40.693] ServiceContainer: Resolved 'Theme' successfully
[2025-12-23 20:18:40.787] ServiceContainer: Resolving 'ThemeManager'...
[2025-12-23 20:18:40.789] ServiceContainer: Resolved 'ThemeManager' successfully
[2025-12-23 20:18:40.807] ServiceContainer: Resolved 'Application' successfully
[2025-12-23 20:18:40.808] ServiceContainer: Resolving 'MenuRegistry'...
[2025-12-23 20:18:40.825] ServiceContainer: Resolved 'MenuRegistry' successfully
[2025-12-23 20:18:40.848] MenuRegistry: Loaded manifest with 16 entries
[2025-12-23 20:18:40.879] ServiceContainer: Registered 'ExcelProfileManagerScreen' (singleton=False)
[2025-12-23 20:18:40.880] MenuRegistry: Registered 'Excel Profiles' in 'Projects' menu (hotkey=M order=50)
[2025-12-23 20:18:40.900] MenuRegistry: Registered 'Excel Profiles' in 'Projects' menu (hotkey=M order=50)
[2025-12-23 20:18:40.938] ServiceContainer: Registered 'ExcelImportScreen' (singleton=False)
[2025-12-23 20:18:40.939] MenuRegistry: Registered 'Import from Excel' in 'Projects' menu (hotkey=I order=40)
[2025-12-23 20:18:40.941] MenuRegistry: Registered 'Import from Excel' in 'Projects' menu (hotkey=I order=40)
[2025-12-23 20:18:40.943] ServiceContainer: Registered 'HelpViewScreen' (singleton=False)
[2025-12-23 20:18:40.944] MenuRegistry: Registered 'Help' in 'Help' menu (hotkey=H order=10)
[2025-12-23 20:18:40.945] MenuRegistry: Registered 'Help' in 'Help' menu (hotkey=H order=10)
[2025-12-23 20:18:40.947] ServiceContainer: Registered 'ChecklistsLauncherScreen' (singleton=False)
[2025-12-23 20:18:40.948] MenuRegistry: Registered 'Checklists' in 'Tools' menu (hotkey=C order=25)
[2025-12-23 20:18:40.949] MenuRegistry: Registered 'Checklists' in 'Tools' menu (hotkey=C order=25)
[2025-12-23 20:18:40.951] ServiceContainer: Registered 'WeeklyTimeReportScreen' (singleton=False)
[2025-12-23 20:18:40.952] MenuRegistry: Registered 'Weekly Report' in 'Time' menu (hotkey=W order=10)
[2025-12-23 20:18:40.953] MenuRegistry: Registered 'Weekly Report' in 'Time' menu (hotkey=W order=10)
[2025-12-23 20:18:40.955] ServiceContainer: Registered 'SettingsScreen' (singleton=False)
[2025-12-23 20:18:40.956] MenuRegistry: Registered 'Settings' in 'Options' menu (hotkey=S order=20)
[2025-12-23 20:18:40.957] MenuRegistry: Registered 'Settings' in 'Options' menu (hotkey=S order=20)
[2025-12-23 20:18:40.959] ServiceContainer: Registered 'ExcelImportProfileManagerScreen' (singleton=False)
[2025-12-23 20:18:40.960] MenuRegistry: Registered 'Excel Import Profiles' in 'Tools' menu (hotkey=I order=40)
[2025-12-23 20:18:40.961] MenuRegistry: Registered 'Excel Import Profiles' in 'Tools' menu (hotkey=I order=40)
[2025-12-23 20:18:40.963] ServiceContainer: Registered 'TaskListScreen_Default' (singleton=False)
[2025-12-23 20:18:40.963] MenuRegistry: Registered 'Task List' in 'Tasks' menu (hotkey=L order=5)
[2025-12-23 20:18:40.965] MenuRegistry: Registered 'Task List' in 'Tasks' menu (hotkey=L order=5)
[2025-12-23 20:18:40.966] ServiceContainer: Registered 'TimeReportScreen' (singleton=False)
[2025-12-23 20:18:40.967] MenuRegistry: Registered 'Time Report' in 'Time' menu (hotkey=R order=20)
[2025-12-23 20:18:40.969] MenuRegistry: Registered 'Time Report' in 'Time' menu (hotkey=R order=20)
[2025-12-23 20:18:40.970] ServiceContainer: Registered 'TimeListScreen' (singleton=False)
[2025-12-23 20:18:40.971] MenuRegistry: Registered 'Time Tracking' in 'Time' menu (hotkey=T order=5)
[2025-12-23 20:18:40.973] MenuRegistry: Registered 'Time Tracking' in 'Time' menu (hotkey=T order=5)
[2025-12-23 20:18:40.974] ServiceContainer: Registered 'TextExportProfileManagerScreen' (singleton=False)
[2025-12-23 20:18:40.975] MenuRegistry: Registered 'T2020 Export Profiles' in 'Tools' menu (hotkey=E order=45)
[2025-12-23 20:18:40.977] MenuRegistry: Registered 'T2020 Export Profiles' in 'Tools' menu (hotkey=E order=45)
[2025-12-23 20:18:40.978] ServiceContainer: Registered 'ChecklistTemplatesFolderScreen' (singleton=False)
[2025-12-23 20:18:40.979] MenuRegistry: Registered 'Checklist Templates' in 'Tools' menu (hotkey=H order=30)
[2025-12-23 20:18:40.981] MenuRegistry: Registered 'Checklist Templates' in 'Tools' menu (hotkey=H order=30)
[2025-12-23 20:18:40.982] ServiceContainer: Registered 'ThemeEditorScreen' (singleton=False)
[2025-12-23 20:18:40.983] MenuRegistry: Registered 'Theme Editor' in 'Options' menu (hotkey=T order=10)
[2025-12-23 20:18:40.984] MenuRegistry: Registered 'Theme Editor' in 'Options' menu (hotkey=T order=10)
[2025-12-23 20:18:40.986] ServiceContainer: Registered 'ProjectListScreen' (singleton=False)
[2025-12-23 20:18:40.987] MenuRegistry: Registered 'Project List' in 'Projects' menu (hotkey=L order=10)
[2025-12-23 20:18:40.989] MenuRegistry: Registered 'Project List' in 'Projects' menu (hotkey=L order=10)
[2025-12-23 20:18:40.991] ServiceContainer: Registered 'CommandLibraryScreen' (singleton=False)
[2025-12-23 20:18:40.992] MenuRegistry: Registered 'Command Library' in 'Tools' menu (hotkey=L order=10)
[2025-12-23 20:18:40.998] MenuRegistry: Registered 'Command Library' in 'Tools' menu (hotkey=L order=10)
[2025-12-23 20:18:41.000] ServiceContainer: Registered 'NotesMenuScreen' (singleton=False)
[2025-12-23 20:18:41.001] MenuRegistry: Registered 'Notes' in 'Tools' menu (hotkey=N order=20)
[2025-12-23 20:18:41.002] MenuRegistry: Registered 'Notes' in 'Tools' menu (hotkey=N order=20)
[2025-12-23 20:18:41.004] ServiceContainer: Resolving 'TaskListScreen'...
[2025-12-23 20:18:41.006] ServiceContainer: Resolving 'TaskStore'...
[2025-12-23 20:18:41.223] ServiceContainer: Resolved 'TaskStore' successfully
[2025-12-23 20:18:42.223] _PopulateMenusFromRegistry: Menu 'Time' has 3 items from registry (array)
[2025-12-23 20:18:42.249] _PopulateMenusFromRegistry: Menu 'Help' has 1 items from registry (array)
[2025-12-23 20:18:42.253] _PopulateMenusFromRegistry: Menu 'Tools' has 6 items from registry (array)
[2025-12-23 20:18:42.257] _PopulateMenusFromRegistry: Menu 'Projects' has 3 items from registry (array)
[2025-12-23 20:18:42.260] _PopulateMenusFromRegistry: Menu 'Tasks' has 1 items from registry (array)
[2025-12-23 20:18:42.264] _PopulateMenusFromRegistry: Menu 'Options' has 2 items from registry (array)
[2025-12-23 20:18:42.267] ServiceContainer: Resolved 'TaskListScreen' successfully
[2025-12-23 20:18:54.781] ServiceContainer: Resolving 'ProjectListScreen'...
[2025-12-23 20:18:54.881] ServiceContainer: Resolved 'ProjectListScreen' successfully
[2025-12-23 20:19:02.681] ServiceContainer: Resolving 'ExcelImportScreen'...
[2025-12-23 20:19:02.821] ServiceContainer: Resolved 'ExcelImportScreen' successfully
[2025-12-23 20:19:06.825] ServiceContainer: Resolving 'ExcelProfileManagerScreen'...
[2025-12-23 20:19:06.932] ServiceContainer: Resolved 'ExcelProfileManagerScreen' successfully
