[2025-12-18 16:38:45.383] [INFO] Loading PMC module...
[2025-12-18 16:38:46.232] [INFO] PMC module loaded
[2025-12-18 16:38:46.233] [INFO] Loading dependencies (FieldSchemas, etc.)...
[2025-12-18 16:38:46.307] [INFO] Dependencies loaded
[2025-12-18 16:38:46.308] [INFO] Loading SpeedTUI framework...
[2025-12-18 16:38:47.302] [INFO] SpeedTUI framework loaded
[2025-12-18 16:38:47.303] [INFO] Loading PraxisVT...
[2025-12-18 16:38:47.304] [INFO] PraxisVT loaded
[2025-12-18 16:38:47.305] [INFO] Loading core dependencies...
[2025-12-18 16:38:47.331] [INFO] Core dependencies loaded
[2025-12-18 16:38:47.332] [INFO] Loading widget base classes...
[2025-12-18 16:38:47.370] [INFO] Widget base classes loaded
[2025-12-18 16:38:47.371] [INFO] Loading services...
[2025-12-18 16:38:47.454] [INFO] Services loaded
[2025-12-18 16:38:47.455] [INFO] Loading helpers...
[2025-12-18 16:38:47.603] [INFO] Helpers loaded
[2025-12-18 16:38:47.603] [INFO] Loading widgets...
[2025-12-18 16:38:47.797] [INFO] Widgets loaded
[2025-12-18 16:38:47.798] [INFO] Loading screen base class...
[2025-12-18 16:38:47.806] [INFO] Screen base class loaded
[2025-12-18 16:38:47.807] [INFO] Loading HelpViewScreen (needed by base classes)...
[2025-12-18 16:38:47.860] [INFO] HelpViewScreen loaded
[2025-12-18 16:38:47.862] [INFO] Loading base classes...
[2025-12-18 16:38:47.933] [INFO] Base classes loaded
[2025-12-18 16:38:47.934] [INFO] Loading ServiceContainer (needed by screens)...
[2025-12-18 16:38:47.939] [INFO] ServiceContainer loaded
[2025-12-18 16:38:47.940] [INFO] Loading remaining screens...
[2025-12-18 16:38:48.059] [INFO] Remaining screens loaded
[2025-12-18 16:38:48.061] [INFO] Loading PmcApplication...
[2025-12-18 16:38:48.104] [INFO] PmcApplication loaded
[2025-12-18 16:38:48.105] [INFO] All components loaded successfully
[2025-12-18 16:38:48.128] [INFO] Starting PMC TUI with screen: TaskList
[2025-12-18 16:38:48.135] [INFO] Cleared stale PmcSharedMenuBar and MenuRegistry singleton
[2025-12-18 16:38:48.136] [INFO] Creating ServiceContainer...
[2025-12-18 16:38:48.145] [INFO] ServiceContainer created
[2025-12-18 16:38:48.147] [INFO] Registering Theme service...
[2025-12-18 16:38:48.174] ServiceContainer: Registered 'Theme' (singleton=True)
[2025-12-18 16:38:48.178] [INFO] Registering ThemeManager...
[2025-12-18 16:38:48.179] ServiceContainer: Registered 'ThemeManager' (singleton=True)
[2025-12-18 16:38:48.180] [INFO] Registering Config service...
[2025-12-18 16:38:48.181] ServiceContainer: Registered 'Config' (singleton=True)
[2025-12-18 16:38:48.183] [INFO] Registering TaskStore service...
[2025-12-18 16:38:48.185] ServiceContainer: Registered 'TaskStore' (singleton=True)
[2025-12-18 16:38:48.186] [INFO] Registering MenuRegistry service...
[2025-12-18 16:38:48.188] ServiceContainer: Registered 'MenuRegistry' (singleton=True)
[2025-12-18 16:38:48.189] [INFO] Registering Application service...
[2025-12-18 16:38:48.190] ServiceContainer: Registered 'Application' (singleton=True)
[2025-12-18 16:38:48.192] [INFO] Registering CommandService...
[2025-12-18 16:38:48.193] ServiceContainer: Registered 'CommandService' (singleton=True)
[2025-12-18 16:38:48.194] [INFO] Registering ChecklistService...
[2025-12-18 16:38:48.196] ServiceContainer: Registered 'ChecklistService' (singleton=True)
[2025-12-18 16:38:48.198] [INFO] Registering NoteService...
[2025-12-18 16:38:48.200] ServiceContainer: Registered 'NoteService' (singleton=True)
[2025-12-18 16:38:48.201] [INFO] Registering ExcelMappingService...
[2025-12-18 16:38:48.203] ServiceContainer: Registered 'ExcelMappingService' (singleton=True)
[2025-12-18 16:38:48.205] [INFO] Registering PreferencesService...
[2025-12-18 16:38:48.206] ServiceContainer: Registered 'PreferencesService' (singleton=True)
[2025-12-18 16:38:48.207] [INFO] Registering screen factories...
[2025-12-18 16:38:48.209] ServiceContainer: Registered 'TaskListScreen' (singleton=False)
[2025-12-18 16:38:48.210] [INFO] Resolving Application from container...
[2025-12-18 16:38:48.238] ServiceContainer: Resolving 'Application'...
[2025-12-18 16:38:48.241] [INFO] Resolving Application...
[2025-12-18 16:38:48.242] ServiceContainer: Resolving 'Theme'...
[2025-12-18 16:38:48.247] [INFO] Resolving Theme: Calling Initialize-PmcThemeSystem...
[2025-12-18 16:38:48.385] [INFO] Theme initialized: #33aaff
[2025-12-18 16:38:48.389] ServiceContainer: Resolved 'Theme' successfully
[2025-12-18 16:38:48.485] ServiceContainer: Resolving 'ThemeManager'...
[2025-12-18 16:38:48.487] [INFO] Resolving ThemeManager...
[2025-12-18 16:38:48.489] ServiceContainer: Resolved 'ThemeManager' successfully
[2025-12-18 16:38:48.499] ServiceContainer: Resolved 'Application' successfully
[2025-12-18 16:38:48.500] [INFO] Application resolved and assigned to $global:PmcApp
[2025-12-18 16:38:48.501] [INFO] Loading menus from manifest...
[2025-12-18 16:38:48.502] ServiceContainer: Resolving 'MenuRegistry'...
[2025-12-18 16:38:48.503] [INFO] Resolving MenuRegistry...
[2025-12-18 16:38:48.511] ServiceContainer: Resolved 'MenuRegistry' successfully
[2025-12-18 16:38:48.527] MenuRegistry: Loaded manifest with 23 entries
[2025-12-18 16:38:48.547] ServiceContainer: Registered 'ThemeEditorScreen' (singleton=False)
[2025-12-18 16:38:48.548] MenuRegistry: Registered screen factory 'ThemeEditorScreen' in container (viewMode=)
[2025-12-18 16:38:48.561] MenuRegistry: Registered 'Theme Editor' in 'Options' menu (hotkey=T order=10)
[2025-12-18 16:38:48.563] ServiceContainer: Registered 'TaskListScreen_NextActions' (singleton=False)
[2025-12-18 16:38:48.564] MenuRegistry: Registered screen factory 'TaskListScreen_NextActions' in container (viewMode=nextactions)
[2025-12-18 16:38:48.565] MenuRegistry: Registered 'Next Actions' in 'Tasks' menu (hotkey=N order=35)
[2025-12-18 16:38:48.566] ServiceContainer: Registered 'TaskListScreen_Tomorrow' (singleton=False)
[2025-12-18 16:38:48.567] MenuRegistry: Registered screen factory 'TaskListScreen_Tomorrow' in container (viewMode=tomorrow)
[2025-12-18 16:38:48.568] MenuRegistry: Registered 'Tomorrow' in 'Tasks' menu (hotkey=T order=15)
[2025-12-18 16:38:48.569] ServiceContainer: Registered 'CommandLibraryScreen' (singleton=False)
[2025-12-18 16:38:48.570] MenuRegistry: Registered screen factory 'CommandLibraryScreen' in container (viewMode=)
[2025-12-18 16:38:48.571] MenuRegistry: Registered 'Command Library' in 'Tools' menu (hotkey=L order=10)
[2025-12-18 16:38:48.573] ServiceContainer: Registered 'WeeklyTimeReportScreen' (singleton=False)
[2025-12-18 16:38:48.573] MenuRegistry: Registered screen factory 'WeeklyTimeReportScreen' in container (viewMode=)
[2025-12-18 16:38:48.574] MenuRegistry: Registered 'Weekly Report' in 'Time' menu (hotkey=W order=10)
[2025-12-18 16:38:48.575] ServiceContainer: Registered 'ChecklistTemplatesFolderScreen' (singleton=False)
[2025-12-18 16:38:48.576] MenuRegistry: Registered screen factory 'ChecklistTemplatesFolderScreen' in container (viewMode=)
[2025-12-18 16:38:48.581] MenuRegistry: Registered 'Checklist Templates' in 'Tools' menu (hotkey=H order=30)
[2025-12-18 16:38:48.583] ServiceContainer: Registered 'TaskListScreen_Overdue' (singleton=False)
[2025-12-18 16:38:48.584] MenuRegistry: Registered screen factory 'TaskListScreen_Overdue' in container (viewMode=overdue)
[2025-12-18 16:38:48.585] MenuRegistry: Registered 'Overdue' in 'Tasks' menu (hotkey=O order=30)
[2025-12-18 16:38:48.587] ServiceContainer: Registered 'TaskListScreen_Upcoming' (singleton=False)
[2025-12-18 16:38:48.588] MenuRegistry: Registered screen factory 'TaskListScreen_Upcoming' in container (viewMode=upcoming)
[2025-12-18 16:38:48.589] MenuRegistry: Registered 'Upcoming' in 'Tasks' menu (hotkey=U order=25)
[2025-12-18 16:38:48.590] ServiceContainer: Registered 'TaskListScreen_Today' (singleton=False)
[2025-12-18 16:38:48.591] MenuRegistry: Registered screen factory 'TaskListScreen_Today' in container (viewMode=today)
[2025-12-18 16:38:48.592] MenuRegistry: Registered 'Today' in 'Tasks' menu (hotkey=Y order=10)
[2025-12-18 16:38:48.593] ServiceContainer: Registered 'ChecklistsLauncherScreen' (singleton=False)
[2025-12-18 16:38:48.594] MenuRegistry: Registered screen factory 'ChecklistsLauncherScreen' in container (viewMode=)
[2025-12-18 16:38:48.594] MenuRegistry: Registered 'Checklists' in 'Tools' menu (hotkey=C order=25)
[2025-12-18 16:38:48.596] ServiceContainer: Registered 'TaskListScreen_NoDate' (singleton=False)
[2025-12-18 16:38:48.596] MenuRegistry: Registered screen factory 'TaskListScreen_NoDate' in container (viewMode=noduedate)
[2025-12-18 16:38:48.597] MenuRegistry: Registered 'No Due Date' in 'Tasks' menu (hotkey=D order=40)
[2025-12-18 16:38:48.598] ServiceContainer: Registered 'TimeListScreen' (singleton=False)
[2025-12-18 16:38:48.599] MenuRegistry: Registered screen factory 'TimeListScreen' in container (viewMode=)
[2025-12-18 16:38:48.599] MenuRegistry: Registered 'Time Tracking' in 'Time' menu (hotkey=T order=5)
[2025-12-18 16:38:48.601] ServiceContainer: Registered 'TimeReportScreen' (singleton=False)
[2025-12-18 16:38:48.601] MenuRegistry: Registered screen factory 'TimeReportScreen' in container (viewMode=)
[2025-12-18 16:38:48.602] MenuRegistry: Registered 'Time Report' in 'Time' menu (hotkey=R order=20)
[2025-12-18 16:38:48.604] ServiceContainer: Registered 'TaskListScreen_Default' (singleton=False)
[2025-12-18 16:38:48.604] MenuRegistry: Registered screen factory 'TaskListScreen_Default' in container (viewMode=)
[2025-12-18 16:38:48.605] MenuRegistry: Registered 'Task List' in 'Tasks' menu (hotkey=L order=5)
[2025-12-18 16:38:48.607] ServiceContainer: Registered 'ExcelImportScreen' (singleton=False)
[2025-12-18 16:38:48.607] MenuRegistry: Registered screen factory 'ExcelImportScreen' in container (viewMode=)
[2025-12-18 16:38:48.608] MenuRegistry: Registered 'Import from Excel' in 'Projects' menu (hotkey=I order=40)
[2025-12-18 16:38:48.609] ServiceContainer: Registered 'NotesMenuScreen' (singleton=False)
[2025-12-18 16:38:48.610] MenuRegistry: Registered screen factory 'NotesMenuScreen' in container (viewMode=)
[2025-12-18 16:38:48.611] MenuRegistry: Registered 'Notes' in 'Tools' menu (hotkey=N order=20)
[2025-12-18 16:38:48.612] ServiceContainer: Registered 'TaskListScreen_Agenda' (singleton=False)
[2025-12-18 16:38:48.612] MenuRegistry: Registered screen factory 'TaskListScreen_Agenda' in container (viewMode=agenda)
[2025-12-18 16:38:48.613] MenuRegistry: Registered 'Agenda View' in 'Tasks' menu (hotkey=A order=50)
[2025-12-18 16:38:48.614] ServiceContainer: Registered 'TaskListScreen_Month' (singleton=False)
[2025-12-18 16:38:48.615] MenuRegistry: Registered screen factory 'TaskListScreen_Month' in container (viewMode=month)
[2025-12-18 16:38:48.616] MenuRegistry: Registered 'Month View' in 'Tasks' menu (hotkey=M order=45)
[2025-12-18 16:38:48.617] ServiceContainer: Registered 'HelpViewScreen' (singleton=False)
[2025-12-18 16:38:48.618] MenuRegistry: Registered screen factory 'HelpViewScreen' in container (viewMode=)
[2025-12-18 16:38:48.619] MenuRegistry: Registered 'Help' in 'Help' menu (hotkey=H order=10)
[2025-12-18 16:38:48.620] ServiceContainer: Registered 'ProjectListScreen' (singleton=False)
[2025-12-18 16:38:48.621] MenuRegistry: Registered screen factory 'ProjectListScreen' in container (viewMode=)
[2025-12-18 16:38:48.630] MenuRegistry: Registered 'Project List' in 'Projects' menu (hotkey=L order=10)
[2025-12-18 16:38:48.631] ServiceContainer: Registered 'SettingsScreen' (singleton=False)
[2025-12-18 16:38:48.632] MenuRegistry: Registered screen factory 'SettingsScreen' in container (viewMode=)
[2025-12-18 16:38:48.633] MenuRegistry: Registered 'Settings' in 'Options' menu (hotkey=S order=20)
[2025-12-18 16:38:48.634] ServiceContainer: Registered 'ExcelProfileManagerScreen' (singleton=False)
[2025-12-18 16:38:48.635] MenuRegistry: Registered screen factory 'ExcelProfileManagerScreen' in container (viewMode=)
[2025-12-18 16:38:48.636] MenuRegistry: Registered 'Excel Profiles' in 'Projects' menu (hotkey=M order=50)
[2025-12-18 16:38:48.638] ServiceContainer: Registered 'TaskListScreen_Week' (singleton=False)
[2025-12-18 16:38:48.639] MenuRegistry: Registered screen factory 'TaskListScreen_Week' in container (viewMode=week)
[2025-12-18 16:38:48.640] MenuRegistry: Registered 'Week View' in 'Tasks' menu (hotkey=W order=20)
[2025-12-18 16:38:48.641] [INFO] Menus loaded from /home/teej/ztest/module/Pmc.Strict/consoleui/screens/MenuItems.psd1
[2025-12-18 16:38:48.642] [INFO] Launching screen: TaskList
[2025-12-18 16:38:48.642] [INFO] Resolving TaskListScreen from container...
[2025-12-18 16:38:48.643] ServiceContainer: Resolving 'TaskListScreen'...
[2025-12-18 16:38:48.645] [INFO] Resolving TaskListScreen...
[2025-12-18 16:38:48.646] ServiceContainer: Resolving 'TaskStore'...
[2025-12-18 16:38:48.648] [INFO] Resolving TaskStore...
[2025-12-18 16:38:48.868] ServiceContainer: Resolved 'TaskStore' successfully
[2025-12-18 16:38:49.435] _PopulateMenusFromRegistry: Menu 'Tasks' has 10 items from registry (array)
[2025-12-18 16:38:49.452] _PopulateMenusFromRegistry: Menu 'Projects' has 3 items from registry (array)
[2025-12-18 16:38:49.454] _PopulateMenusFromRegistry: Menu 'Options' has 2 items from registry (array)
[2025-12-18 16:38:49.457] _PopulateMenusFromRegistry: Menu 'Time' has 3 items from registry (array)
[2025-12-18 16:38:49.459] _PopulateMenusFromRegistry: Menu 'Help' has 1 items from registry (array)
[2025-12-18 16:38:49.462] _PopulateMenusFromRegistry: Menu 'Tools' has 4 items from registry (array)
[2025-12-18 16:38:49.472] ServiceContainer: Resolved 'TaskListScreen' successfully
[2025-12-18 16:38:49.473] [INFO] Pushing screen to app...
[2025-12-18 16:38:49.818] [INFO] Screen pushed successfully
[2025-12-18 16:38:49.819] [INFO] Starting event loop...
[2025-12-18 16:38:56.978] ServiceContainer: Resolving 'ThemeEditorScreen'...
[2025-12-18 16:38:57.028] ServiceContainer: Resolved 'ThemeEditorScreen' successfully
[2025-12-18 16:39:01.206] RequestRender called from: Invoke-ThemeHotReload at line 67
[2025-12-18 16:39:01.233] [ERROR] Widget render error: Header render failed: The property 'Stops' cannot be found on this object. Verify that the property exists.
[2025-12-18 16:39:01.234] [ERROR] Stack: at GetThemeColorInt, /home/teej/ztest/module/Pmc.Strict/consoleui/src/PmcThemeEngine.ps1: line 129
at GetForegroundInt, /home/teej/ztest/module/Pmc.Strict/consoleui/src/PmcThemeEngine.ps1: line 177
at GetThemedInt, /home/teej/ztest/module/Pmc.Strict/consoleui/widgets/PmcWidget.ps1: line 257
at RenderToEngine, /home/teej/ztest/module/Pmc.Strict/consoleui/widgets/PmcHeader.ps1: line 197
at RenderToEngine, /home/teej/ztest/module/Pmc.Strict/consoleui/PmcScreen.ps1: line 368
at _RenderCurrentScreen, /home/teej/ztest/module/Pmc.Strict/consoleui/PmcApplication.ps1: line 233
at Run, /home/teej/ztest/module/Pmc.Strict/consoleui/PmcApplication.ps1: line 457
at Start-PmcTUI, /home/teej/ztest/module/Pmc.Strict/consoleui/Start-PmcTUI.ps1: line 567
at <ScriptBlock>, /home/teej/ztest/start.ps1: line 38
[2025-12-18 16:39:01.234] [ERROR] TargetObject: 
[2025-12-18 16:39:01.235] [ERROR] InvocationInfo:             if ($prop.Stops -and $prop.Stops.Count -gt 0) {

[2025-12-18 16:39:01.268] [ERROR] Widget render error: RenderContent render failed: The property 'Stops' cannot be found on this object. Verify that the property exists.
[2025-12-18 16:39:01.268] [ERROR] Stack: at GetThemeColorInt, /home/teej/ztest/module/Pmc.Strict/consoleui/src/PmcThemeEngine.ps1: line 129
at GetThemedColorInt, /home/teej/ztest/module/Pmc.Strict/consoleui/widgets/PmcWidget.ps1: line 239
at RenderContentToEngine, /home/teej/ztest/module/Pmc.Strict/consoleui/screens/ThemeEditorScreen.ps1: line 155
at RenderToEngine, /home/teej/ztest/module/Pmc.Strict/consoleui/PmcScreen.ps1: line 381
at _RenderCurrentScreen, /home/teej/ztest/module/Pmc.Strict/consoleui/PmcApplication.ps1: line 233
at Run, /home/teej/ztest/module/Pmc.Strict/consoleui/PmcApplication.ps1: line 457
at Start-PmcTUI, /home/teej/ztest/module/Pmc.Strict/consoleui/Start-PmcTUI.ps1: line 567
at <ScriptBlock>, /home/teej/ztest/start.ps1: line 38
[2025-12-18 16:39:01.269] [ERROR] TargetObject: 
[2025-12-18 16:39:01.269] [ERROR] InvocationInfo:             if ($prop.Stops -and $prop.Stops.Count -gt 0) {

[2025-12-18 16:39:01.275] [ERROR] Widget render error: Footer render failed: The property 'Stops' cannot be found on this object. Verify that the property exists.
[2025-12-18 16:39:01.275] [ERROR] Stack: at GetThemeColorInt, /home/teej/ztest/module/Pmc.Strict/consoleui/src/PmcThemeEngine.ps1: line 129
at GetForegroundInt, /home/teej/ztest/module/Pmc.Strict/consoleui/src/PmcThemeEngine.ps1: line 177
at GetThemedInt, /home/teej/ztest/module/Pmc.Strict/consoleui/widgets/PmcWidget.ps1: line 257
at RenderToEngine, /home/teej/ztest/module/Pmc.Strict/consoleui/widgets/PmcFooter.ps1: line 155
at RenderToEngine, /home/teej/ztest/module/Pmc.Strict/consoleui/PmcScreen.ps1: line 414
at _RenderCurrentScreen, /home/teej/ztest/module/Pmc.Strict/consoleui/PmcApplication.ps1: line 233
at Run, /home/teej/ztest/module/Pmc.Strict/consoleui/PmcApplication.ps1: line 457
at Start-PmcTUI, /home/teej/ztest/module/Pmc.Strict/consoleui/Start-PmcTUI.ps1: line 567
at <ScriptBlock>, /home/teej/ztest/start.ps1: line 38
[2025-12-18 16:39:01.275] [ERROR] TargetObject: 
[2025-12-18 16:39:01.280] [ERROR] InvocationInfo:             if ($prop.Stops -and $prop.Stops.Count -gt 0) {

[2025-12-18 16:39:01.283] [ERROR] Widget render error: StatusBar render failed: The property 'Stops' cannot be found on this object. Verify that the property exists.
[2025-12-18 16:39:01.284] [ERROR] Stack: at GetThemeColorInt, /home/teej/ztest/module/Pmc.Strict/consoleui/src/PmcThemeEngine.ps1: line 129
at GetForegroundInt, /home/teej/ztest/module/Pmc.Strict/consoleui/src/PmcThemeEngine.ps1: line 177
at GetThemedInt, /home/teej/ztest/module/Pmc.Strict/consoleui/widgets/PmcWidget.ps1: line 257
at RenderToEngine, /home/teej/ztest/module/Pmc.Strict/consoleui/widgets/PmcStatusBar.ps1: line 163
at RenderToEngine, /home/teej/ztest/module/Pmc.Strict/consoleui/PmcScreen.ps1: line 428
at _RenderCurrentScreen, /home/teej/ztest/module/Pmc.Strict/consoleui/PmcApplication.ps1: line 233
at Run, /home/teej/ztest/module/Pmc.Strict/consoleui/PmcApplication.ps1: line 457
at Start-PmcTUI, /home/teej/ztest/module/Pmc.Strict/consoleui/Start-PmcTUI.ps1: line 567
at <ScriptBlock>, /home/teej/ztest/start.ps1: line 38
[2025-12-18 16:39:01.284] [ERROR] TargetObject: 
[2025-12-18 16:39:01.284] [ERROR] InvocationInfo:             if ($prop.Stops -and $prop.Stops.Count -gt 0) {

[2025-12-18 16:39:01.287] [ERROR] Widget render error: MenuBar render failed: The property 'Stops' cannot be found on this object. Verify that the property exists.
[2025-12-18 16:39:01.287] [ERROR] Stack: at GetThemeColorInt, /home/teej/ztest/module/Pmc.Strict/consoleui/src/PmcThemeEngine.ps1: line 129
at GetForegroundInt, /home/teej/ztest/module/Pmc.Strict/consoleui/src/PmcThemeEngine.ps1: line 177
at GetThemedInt, /home/teej/ztest/module/Pmc.Strict/consoleui/widgets/PmcWidget.ps1: line 257
at RenderToEngine, /home/teej/ztest/module/Pmc.Strict/consoleui/widgets/PmcMenuBar.ps1: line 336
at RenderToEngine, /home/teej/ztest/module/Pmc.Strict/consoleui/PmcScreen.ps1: line 443
at _RenderCurrentScreen, /home/teej/ztest/module/Pmc.Strict/consoleui/PmcApplication.ps1: line 233
at Run, /home/teej/ztest/module/Pmc.Strict/consoleui/PmcApplication.ps1: line 457
at Start-PmcTUI, /home/teej/ztest/module/Pmc.Strict/consoleui/Start-PmcTUI.ps1: line 567
at <ScriptBlock>, /home/teej/ztest/start.ps1: line 38
[2025-12-18 16:39:01.288] [ERROR] TargetObject: 
[2025-12-18 16:39:01.288] [ERROR] InvocationInfo:             if ($prop.Stops -and $prop.Stops.Count -gt 0) {

[2025-12-18 16:42:25.112] [ERROR] Widget render error: Header render failed: The property 'Stops' cannot be found on this object. Verify that the property exists.
[2025-12-18 16:42:25.113] [ERROR] Stack: at GetThemeColorInt, /home/teej/ztest/module/Pmc.Strict/consoleui/src/PmcThemeEngine.ps1: line 129
at GetForegroundInt, /home/teej/ztest/module/Pmc.Strict/consoleui/src/PmcThemeEngine.ps1: line 177
at GetThemedInt, /home/teej/ztest/module/Pmc.Strict/consoleui/widgets/PmcWidget.ps1: line 257
at RenderToEngine, /home/teej/ztest/module/Pmc.Strict/consoleui/widgets/PmcHeader.ps1: line 197
at RenderToEngine, /home/teej/ztest/module/Pmc.Strict/consoleui/PmcScreen.ps1: line 368
at _RenderCurrentScreen, /home/teej/ztest/module/Pmc.Strict/consoleui/PmcApplication.ps1: line 233
at Run, /home/teej/ztest/module/Pmc.Strict/consoleui/PmcApplication.ps1: line 457
at Start-PmcTUI, /home/teej/ztest/module/Pmc.Strict/consoleui/Start-PmcTUI.ps1: line 567
at <ScriptBlock>, /home/teej/ztest/start.ps1: line 38
[2025-12-18 16:42:25.116] [ERROR] TargetObject: 
[2025-12-18 16:42:25.117] [ERROR] InvocationInfo:             if ($prop.Stops -and $prop.Stops.Count -gt 0) {

[2025-12-18 16:42:25.121] [ERROR] Widget render error: RenderContent render failed: The property 'Stops' cannot be found on this object. Verify that the property exists.
[2025-12-18 16:42:25.122] [ERROR] Stack: at GetThemeColorInt, /home/teej/ztest/module/Pmc.Strict/consoleui/src/PmcThemeEngine.ps1: line 129
at GetThemedColorInt, /home/teej/ztest/module/Pmc.Strict/consoleui/widgets/PmcWidget.ps1: line 239
at RenderContentToEngine, /home/teej/ztest/module/Pmc.Strict/consoleui/screens/ThemeEditorScreen.ps1: line 155
at RenderToEngine, /home/teej/ztest/module/Pmc.Strict/consoleui/PmcScreen.ps1: line 381
at _RenderCurrentScreen, /home/teej/ztest/module/Pmc.Strict/consoleui/PmcApplication.ps1: line 233
at Run, /home/teej/ztest/module/Pmc.Strict/consoleui/PmcApplication.ps1: line 457
at Start-PmcTUI, /home/teej/ztest/module/Pmc.Strict/consoleui/Start-PmcTUI.ps1: line 567
at <ScriptBlock>, /home/teej/ztest/start.ps1: line 38
[2025-12-18 16:42:25.123] [ERROR] TargetObject: 
[2025-12-18 16:42:25.124] [ERROR] InvocationInfo:             if ($prop.Stops -and $prop.Stops.Count -gt 0) {

[2025-12-18 16:42:25.129] [ERROR] Widget render error: Footer render failed: The property 'Stops' cannot be found on this object. Verify that the property exists.
[2025-12-18 16:42:25.132] [ERROR] Stack: at GetThemeColorInt, /home/teej/ztest/module/Pmc.Strict/consoleui/src/PmcThemeEngine.ps1: line 129
at GetForegroundInt, /home/teej/ztest/module/Pmc.Strict/consoleui/src/PmcThemeEngine.ps1: line 177
at GetThemedInt, /home/teej/ztest/module/Pmc.Strict/consoleui/widgets/PmcWidget.ps1: line 257
at RenderToEngine, /home/teej/ztest/module/Pmc.Strict/consoleui/widgets/PmcFooter.ps1: line 155
at RenderToEngine, /home/teej/ztest/module/Pmc.Strict/consoleui/PmcScreen.ps1: line 414
at _RenderCurrentScreen, /home/teej/ztest/module/Pmc.Strict/consoleui/PmcApplication.ps1: line 233
at Run, /home/teej/ztest/module/Pmc.Strict/consoleui/PmcApplication.ps1: line 457
at Start-PmcTUI, /home/teej/ztest/module/Pmc.Strict/consoleui/Start-PmcTUI.ps1: line 567
at <ScriptBlock>, /home/teej/ztest/start.ps1: line 38
[2025-12-18 16:42:25.133] [ERROR] TargetObject: 
[2025-12-18 16:42:25.134] [ERROR] InvocationInfo:             if ($prop.Stops -and $prop.Stops.Count -gt 0) {

[2025-12-18 16:42:25.141] [ERROR] Widget render error: StatusBar render failed: The property 'Stops' cannot be found on this object. Verify that the property exists.
[2025-12-18 16:42:25.142] [ERROR] Stack: at GetThemeColorInt, /home/teej/ztest/module/Pmc.Strict/consoleui/src/PmcThemeEngine.ps1: line 129
at GetForegroundInt, /home/teej/ztest/module/Pmc.Strict/consoleui/src/PmcThemeEngine.ps1: line 177
at GetThemedInt, /home/teej/ztest/module/Pmc.Strict/consoleui/widgets/PmcWidget.ps1: line 257
at RenderToEngine, /home/teej/ztest/module/Pmc.Strict/consoleui/widgets/PmcStatusBar.ps1: line 163
at RenderToEngine, /home/teej/ztest/module/Pmc.Strict/consoleui/PmcScreen.ps1: line 428
at _RenderCurrentScreen, /home/teej/ztest/module/Pmc.Strict/consoleui/PmcApplication.ps1: line 233
at Run, /home/teej/ztest/module/Pmc.Strict/consoleui/PmcApplication.ps1: line 457
at Start-PmcTUI, /home/teej/ztest/module/Pmc.Strict/consoleui/Start-PmcTUI.ps1: line 567
at <ScriptBlock>, /home/teej/ztest/start.ps1: line 38
[2025-12-18 16:42:25.143] [ERROR] TargetObject: 
[2025-12-18 16:42:25.144] [ERROR] InvocationInfo:             if ($prop.Stops -and $prop.Stops.Count -gt 0) {

[2025-12-18 16:42:25.150] [ERROR] Widget render error: MenuBar render failed: The property 'Stops' cannot be found on this object. Verify that the property exists.
[2025-12-18 16:42:25.155] [ERROR] Stack: at GetThemeColorInt, /home/teej/ztest/module/Pmc.Strict/consoleui/src/PmcThemeEngine.ps1: line 129
at GetForegroundInt, /home/teej/ztest/module/Pmc.Strict/consoleui/src/PmcThemeEngine.ps1: line 177
at GetThemedInt, /home/teej/ztest/module/Pmc.Strict/consoleui/widgets/PmcWidget.ps1: line 257
at RenderToEngine, /home/teej/ztest/module/Pmc.Strict/consoleui/widgets/PmcMenuBar.ps1: line 336
at RenderToEngine, /home/teej/ztest/module/Pmc.Strict/consoleui/PmcScreen.ps1: line 443
at _RenderCurrentScreen, /home/teej/ztest/module/Pmc.Strict/consoleui/PmcApplication.ps1: line 233
at Run, /home/teej/ztest/module/Pmc.Strict/consoleui/PmcApplication.ps1: line 457
at Start-PmcTUI, /home/teej/ztest/module/Pmc.Strict/consoleui/Start-PmcTUI.ps1: line 567
at <ScriptBlock>, /home/teej/ztest/start.ps1: line 38
[2025-12-18 16:42:25.156] [ERROR] TargetObject: 
[2025-12-18 16:42:25.157] [ERROR] InvocationInfo:             if ($prop.Stops -and $prop.Stops.Count -gt 0) {

[2025-12-18 16:42:26.677] [INFO] Event loop exited normally
[2025-12-18 16:42:26.678] [INFO] Cleanup - showing cursor and resetting terminal
