[2026-01-09 18:53:24.024] ServiceContainer: Registered 'Theme' (singleton=True)
[2026-01-09 18:53:24.029] ServiceContainer: Registered 'ThemeManager' (singleton=True)
[2026-01-09 18:53:24.030] ServiceContainer: Registered 'Config' (singleton=True)
[2026-01-09 18:53:24.032] ServiceContainer: Registered 'TaskStore' (singleton=True)
[2026-01-09 18:53:24.033] ServiceContainer: Registered 'MenuRegistry' (singleton=True)
[2026-01-09 18:53:24.034] ServiceContainer: Registered 'Application' (singleton=True)
[2026-01-09 18:53:24.036] ServiceContainer: Registered 'CommandService' (singleton=True)
[2026-01-09 18:53:24.037] ServiceContainer: Registered 'ChecklistService' (singleton=True)
[2026-01-09 18:53:24.038] ServiceContainer: Registered 'NoteService' (singleton=True)
[2026-01-09 18:53:24.039] ServiceContainer: Registered 'ExcelMappingService' (singleton=True)
[2026-01-09 18:53:24.041] ServiceContainer: Registered 'ExcelCopyService' (singleton=True)
[2026-01-09 18:53:24.042] ServiceContainer: Registered 'PreferencesService' (singleton=True)
[2026-01-09 18:53:24.043] ServiceContainer: Registered 'ExcelImportService' (singleton=True)
[2026-01-09 18:53:24.043] ServiceContainer: Registered 'TextExportService' (singleton=True)
[2026-01-09 18:53:24.044] ServiceContainer: Registered 'TaskListScreen' (singleton=False)
[2026-01-09 18:53:24.069] ServiceContainer: Resolving 'Application'...
[2026-01-09 18:53:24.072] ServiceContainer: Resolving 'Theme'...
[2026-01-09 18:53:24.358] ServiceContainer: Resolved 'Theme' successfully
[2026-01-09 18:53:24.470] ServiceContainer: Resolving 'ThemeManager'...
[2026-01-09 18:53:24.473] ServiceContainer: Resolved 'ThemeManager' successfully
[2026-01-09 18:53:24.492] ServiceContainer: Resolved 'Application' successfully
[2026-01-09 18:53:24.494] ServiceContainer: Resolving 'MenuRegistry'...
[2026-01-09 18:53:24.512] ServiceContainer: Resolved 'MenuRegistry' successfully
[2026-01-09 18:53:24.536] MenuRegistry: Loaded manifest with 17 entries
[2026-01-09 18:53:24.582] ServiceContainer: Registered 'CalendarScreen' (singleton=False)
[2026-01-09 18:53:24.583] MenuRegistry: Registered 'Calendar' in 'Tools' menu (hotkey=A order=50)
[2026-01-09 18:53:24.606] MenuRegistry: Registered 'Calendar' in 'Tools' menu (hotkey=A order=50)
[2026-01-09 18:53:24.608] ServiceContainer: Registered 'TimeListScreen' (singleton=False)
[2026-01-09 18:53:24.610] MenuRegistry: Registered 'Time Tracking' in 'Time' menu (hotkey=T order=5)
[2026-01-09 18:53:24.612] MenuRegistry: Registered 'Time Tracking' in 'Time' menu (hotkey=T order=5)
[2026-01-09 18:53:24.615] ServiceContainer: Registered 'HelpViewScreen' (singleton=False)
[2026-01-09 18:53:24.616] MenuRegistry: Registered 'Help' in 'Help' menu (hotkey=H order=10)
[2026-01-09 18:53:24.618] MenuRegistry: Registered 'Help' in 'Help' menu (hotkey=H order=10)
[2026-01-09 18:53:24.620] ServiceContainer: Registered 'ExcelImportProfileManagerScreen' (singleton=False)
[2026-01-09 18:53:24.621] MenuRegistry: Registered 'Excel Import Profiles' in 'Tools' menu (hotkey=I order=40)
[2026-01-09 18:53:24.623] MenuRegistry: Registered 'Excel Import Profiles' in 'Tools' menu (hotkey=I order=40)
[2026-01-09 18:53:24.625] ServiceContainer: Registered 'TextExportProfileManagerScreen' (singleton=False)
[2026-01-09 18:53:24.626] MenuRegistry: Registered 'T2020 Export Profiles' in 'Tools' menu (hotkey=E order=45)
[2026-01-09 18:53:24.628] MenuRegistry: Registered 'T2020 Export Profiles' in 'Tools' menu (hotkey=E order=45)
[2026-01-09 18:53:24.631] ServiceContainer: Registered 'ProjectListScreen' (singleton=False)
[2026-01-09 18:53:24.632] MenuRegistry: Registered 'Project List' in 'Projects' menu (hotkey=L order=10)
[2026-01-09 18:53:24.634] MenuRegistry: Registered 'Project List' in 'Projects' menu (hotkey=L order=10)
[2026-01-09 18:53:24.636] ServiceContainer: Registered 'TimeReportScreen' (singleton=False)
[2026-01-09 18:53:24.637] MenuRegistry: Registered 'Time Report' in 'Time' menu (hotkey=R order=20)
[2026-01-09 18:53:24.638] MenuRegistry: Registered 'Time Report' in 'Time' menu (hotkey=R order=20)
[2026-01-09 18:53:24.640] ServiceContainer: Registered 'ChecklistsLauncherScreen' (singleton=False)
[2026-01-09 18:53:24.641] MenuRegistry: Registered 'Checklists' in 'Tools' menu (hotkey=C order=25)
[2026-01-09 18:53:24.643] MenuRegistry: Registered 'Checklists' in 'Tools' menu (hotkey=C order=25)
[2026-01-09 18:53:24.646] ServiceContainer: Registered 'NotesMenuScreen' (singleton=False)
[2026-01-09 18:53:24.647] MenuRegistry: Registered 'Notes' in 'Tools' menu (hotkey=N order=20)
[2026-01-09 18:53:24.649] MenuRegistry: Registered 'Notes' in 'Tools' menu (hotkey=N order=20)
[2026-01-09 18:53:24.651] ServiceContainer: Registered 'ThemeEditorScreen' (singleton=False)
[2026-01-09 18:53:24.652] MenuRegistry: Registered 'Theme Editor' in 'Options' menu (hotkey=T order=10)
[2026-01-09 18:53:24.654] MenuRegistry: Registered 'Theme Editor' in 'Options' menu (hotkey=T order=10)
[2026-01-09 18:53:24.656] ServiceContainer: Registered 'TaskListScreen_Default' (singleton=False)
[2026-01-09 18:53:24.658] MenuRegistry: Registered 'Task List' in 'Tasks' menu (hotkey=L order=5)
[2026-01-09 18:53:24.659] MenuRegistry: Registered 'Task List' in 'Tasks' menu (hotkey=L order=5)
[2026-01-09 18:53:24.662] ServiceContainer: Registered 'CommandLibraryScreen' (singleton=False)
[2026-01-09 18:53:24.663] MenuRegistry: Registered 'Command Library' in 'Tools' menu (hotkey=L order=10)
[2026-01-09 18:53:24.665] MenuRegistry: Registered 'Command Library' in 'Tools' menu (hotkey=L order=10)
[2026-01-09 18:53:24.667] ServiceContainer: Registered 'ExcelImportScreen' (singleton=False)
[2026-01-09 18:53:24.668] MenuRegistry: Registered 'Import from Excel' in 'Projects' menu (hotkey=I order=40)
[2026-01-09 18:53:24.670] MenuRegistry: Registered 'Import from Excel' in 'Projects' menu (hotkey=I order=40)
[2026-01-09 18:53:24.702] ServiceContainer: Registered 'SettingsScreen' (singleton=False)
[2026-01-09 18:53:24.703] MenuRegistry: Registered 'Settings' in 'Options' menu (hotkey=S order=20)
[2026-01-09 18:53:24.705] MenuRegistry: Registered 'Settings' in 'Options' menu (hotkey=S order=20)
[2026-01-09 18:53:24.707] ServiceContainer: Registered 'WeeklyTimeReportScreen' (singleton=False)
[2026-01-09 18:53:24.708] MenuRegistry: Registered 'Weekly Report' in 'Time' menu (hotkey=W order=10)
[2026-01-09 18:53:24.710] MenuRegistry: Registered 'Weekly Report' in 'Time' menu (hotkey=W order=10)
[2026-01-09 18:53:24.712] ServiceContainer: Registered 'ExcelProfileManagerScreen' (singleton=False)
[2026-01-09 18:53:24.713] MenuRegistry: Registered 'Excel Profiles' in 'Projects' menu (hotkey=M order=50)
[2026-01-09 18:53:24.715] MenuRegistry: Registered 'Excel Profiles' in 'Projects' menu (hotkey=M order=50)
[2026-01-09 18:53:24.717] ServiceContainer: Registered 'ChecklistTemplatesFolderScreen' (singleton=False)
[2026-01-09 18:53:24.718] MenuRegistry: Registered 'Checklist Templates' in 'Tools' menu (hotkey=H order=30)
[2026-01-09 18:53:24.720] MenuRegistry: Registered 'Checklist Templates' in 'Tools' menu (hotkey=H order=30)
