[2025-12-19 19:49:16.390] ServiceContainer: Registered 'Theme' (singleton=True)
[2025-12-19 19:49:16.410] ServiceContainer: Registered 'ThemeManager' (singleton=True)
[2025-12-19 19:49:16.414] ServiceContainer: Registered 'Config' (singleton=True)
[2025-12-19 19:49:16.417] ServiceContainer: Registered 'TaskStore' (singleton=True)
[2025-12-19 19:49:16.420] ServiceContainer: Registered 'MenuRegistry' (singleton=True)
[2025-12-19 19:49:16.423] ServiceContainer: Registered 'Application' (singleton=True)
[2025-12-19 19:49:16.425] ServiceContainer: Registered 'CommandService' (singleton=True)
[2025-12-19 19:49:16.427] ServiceContainer: Registered 'ChecklistService' (singleton=True)
[2025-12-19 19:49:16.430] ServiceContainer: Registered 'NoteService' (singleton=True)
[2025-12-19 19:49:16.432] ServiceContainer: Registered 'ExcelMappingService' (singleton=True)
[2025-12-19 19:49:16.435] ServiceContainer: Registered 'PreferencesService' (singleton=True)
[2025-12-19 19:49:16.437] ServiceContainer: Registered 'TaskListScreen' (singleton=False)
[2025-12-19 19:49:16.460] ServiceContainer: Resolving 'Application'...
[2025-12-19 19:49:16.463] ServiceContainer: Resolving 'Theme'...
[2025-12-19 19:49:16.846] [ERROR] ServiceContainer: Failed to resolve 'Theme': The variable '$global:PmcDebug' cannot be retrieved because it has not been set.
[2025-12-19 19:49:16.849] Stack trace: at Initialize-PmcThemeSystem, /home/teej/ztest/module/Pmc.Strict/src/Theme.ps1: line 64
at <ScriptBlock>, /home/teej/ztest/module/Pmc.Strict/consoleui/Start-PmcTUI.ps1: line 392
at Resolve, /home/teej/ztest/module/Pmc.Strict/consoleui/ServiceContainer.ps1: line 130
at <ScriptBlock>, /home/teej/ztest/module/Pmc.Strict/consoleui/Start-PmcTUI.ps1: line 459
at Resolve, /home/teej/ztest/module/Pmc.Strict/consoleui/ServiceContainer.ps1: line 130
at Start-PmcTUI, /home/teej/ztest/module/Pmc.Strict/consoleui/Start-PmcTUI.ps1: line 517
at <ScriptBlock>, /home/teej/ztest/start.ps1: line 37
[2025-12-19 19:49:16.857] [ERROR] ServiceContainer: Failed to resolve 'Application': The variable '$global:PmcDebug' cannot be retrieved because it has not been set.
[2025-12-19 19:49:16.859] Stack trace: at Initialize-PmcThemeSystem, /home/teej/ztest/module/Pmc.Strict/src/Theme.ps1: line 64
at <ScriptBlock>, /home/teej/ztest/module/Pmc.Strict/consoleui/Start-PmcTUI.ps1: line 392
at Resolve, /home/teej/ztest/module/Pmc.Strict/consoleui/ServiceContainer.ps1: line 130
at <ScriptBlock>, /home/teej/ztest/module/Pmc.Strict/consoleui/Start-PmcTUI.ps1: line 459
at Resolve, /home/teej/ztest/module/Pmc.Strict/consoleui/ServiceContainer.ps1: line 130
at Start-PmcTUI, /home/teej/ztest/module/Pmc.Strict/consoleui/Start-PmcTUI.ps1: line 517
at <ScriptBlock>, /home/teej/ztest/start.ps1: line 37
