[2026-01-02 14:33:05.998] ServiceContainer: Registered 'Theme' (singleton=True)
[2026-01-02 14:33:06.001] ServiceContainer: Registered 'ThemeManager' (singleton=True)
[2026-01-02 14:33:06.002] ServiceContainer: Registered 'Config' (singleton=True)
[2026-01-02 14:33:06.003] ServiceContainer: Registered 'TaskStore' (singleton=True)
[2026-01-02 14:33:06.004] ServiceContainer: Registered 'MenuRegistry' (singleton=True)
[2026-01-02 14:33:06.005] ServiceContainer: Registered 'Application' (singleton=True)
[2026-01-02 14:33:06.005] ServiceContainer: Registered 'CommandService' (singleton=True)
[2026-01-02 14:33:06.006] ServiceContainer: Registered 'ChecklistService' (singleton=True)
[2026-01-02 14:33:06.007] ServiceContainer: Registered 'NoteService' (singleton=True)
[2026-01-02 14:33:06.008] ServiceContainer: Registered 'ExcelMappingService' (singleton=True)
[2026-01-02 14:33:06.009] ServiceContainer: Registered 'ExcelCopyService' (singleton=True)
[2026-01-02 14:33:06.010] ServiceContainer: Registered 'PreferencesService' (singleton=True)
[2026-01-02 14:33:06.011] ServiceContainer: Registered 'ExcelImportService' (singleton=True)
[2026-01-02 14:33:06.011] ServiceContainer: Registered 'TextExportService' (singleton=True)
[2026-01-02 14:33:06.012] ServiceContainer: Registered 'TaskListScreen' (singleton=False)
[2026-01-02 14:33:06.026] ServiceContainer: Resolving 'Application'...
[2026-01-02 14:33:06.028] ServiceContainer: Resolving 'Theme'...
[2026-01-02 14:33:06.202] ServiceContainer: Resolved 'Theme' successfully
[2026-01-02 14:33:06.277] ServiceContainer: Resolving 'ThemeManager'...
[2026-01-02 14:33:06.278] ServiceContainer: Resolved 'ThemeManager' successfully
[2026-01-02 14:33:06.290] ServiceContainer: Resolved 'Application' successfully
[2026-01-02 14:33:06.291] ServiceContainer: Resolving 'MenuRegistry'...
[2026-01-02 14:33:06.301] ServiceContainer: Resolved 'MenuRegistry' successfully
[2026-01-02 14:33:06.317] MenuRegistry: Loaded manifest with 16 entries
[2026-01-02 14:33:06.345] ServiceContainer: Registered 'TimeListScreen' (singleton=False)
[2026-01-02 14:33:06.346] MenuRegistry: Registered 'Time Tracking' in 'Time' menu (hotkey=T order=5)
[2026-01-02 14:33:06.360] MenuRegistry: Registered 'Time Tracking' in 'Time' menu (hotkey=T order=5)
[2026-01-02 14:33:06.361] ServiceContainer: Registered 'ExcelImportScreen' (singleton=False)
[2026-01-02 14:33:06.362] MenuRegistry: Registered 'Import from Excel' in 'Projects' menu (hotkey=I order=40)
[2026-01-02 14:33:06.364] MenuRegistry: Registered 'Import from Excel' in 'Projects' menu (hotkey=I order=40)
[2026-01-02 14:33:06.365] ServiceContainer: Registered 'ThemeEditorScreen' (singleton=False)
[2026-01-02 14:33:06.366] MenuRegistry: Registered 'Theme Editor' in 'Options' menu (hotkey=T order=10)
[2026-01-02 14:33:06.367] MenuRegistry: Registered 'Theme Editor' in 'Options' menu (hotkey=T order=10)
[2026-01-02 14:33:06.368] ServiceContainer: Registered 'ChecklistTemplatesFolderScreen' (singleton=False)
[2026-01-02 14:33:06.369] MenuRegistry: Registered 'Checklist Templates' in 'Tools' menu (hotkey=H order=30)
[2026-01-02 14:33:06.376] MenuRegistry: Registered 'Checklist Templates' in 'Tools' menu (hotkey=H order=30)
[2026-01-02 14:33:06.377] ServiceContainer: Registered 'CommandLibraryScreen' (singleton=False)
[2026-01-02 14:33:06.378] MenuRegistry: Registered 'Command Library' in 'Tools' menu (hotkey=L order=10)
[2026-01-02 14:33:06.379] MenuRegistry: Registered 'Command Library' in 'Tools' menu (hotkey=L order=10)
[2026-01-02 14:33:06.381] ServiceContainer: Registered 'ExcelImportProfileManagerScreen' (singleton=False)
[2026-01-02 14:33:06.382] MenuRegistry: Registered 'Excel Import Profiles' in 'Tools' menu (hotkey=I order=40)
[2026-01-02 14:33:06.383] MenuRegistry: Registered 'Excel Import Profiles' in 'Tools' menu (hotkey=I order=40)
[2026-01-02 14:33:06.384] ServiceContainer: Registered 'NotesMenuScreen' (singleton=False)
[2026-01-02 14:33:06.385] MenuRegistry: Registered 'Notes' in 'Tools' menu (hotkey=N order=20)
[2026-01-02 14:33:06.386] MenuRegistry: Registered 'Notes' in 'Tools' menu (hotkey=N order=20)
[2026-01-02 14:33:06.387] ServiceContainer: Registered 'ChecklistsLauncherScreen' (singleton=False)
[2026-01-02 14:33:06.388] MenuRegistry: Registered 'Checklists' in 'Tools' menu (hotkey=C order=25)
[2026-01-02 14:33:06.389] MenuRegistry: Registered 'Checklists' in 'Tools' menu (hotkey=C order=25)
[2026-01-02 14:33:06.390] ServiceContainer: Registered 'WeeklyTimeReportScreen' (singleton=False)
[2026-01-02 14:33:06.391] MenuRegistry: Registered 'Weekly Report' in 'Time' menu (hotkey=W order=10)
[2026-01-02 14:33:06.392] MenuRegistry: Registered 'Weekly Report' in 'Time' menu (hotkey=W order=10)
[2026-01-02 14:33:06.394] ServiceContainer: Registered 'SettingsScreen' (singleton=False)
[2026-01-02 14:33:06.394] MenuRegistry: Registered 'Settings' in 'Options' menu (hotkey=S order=20)
[2026-01-02 14:33:06.396] MenuRegistry: Registered 'Settings' in 'Options' menu (hotkey=S order=20)
[2026-01-02 14:33:06.397] ServiceContainer: Registered 'TaskListScreen_Default' (singleton=False)
[2026-01-02 14:33:06.398] MenuRegistry: Registered 'Task List' in 'Tasks' menu (hotkey=L order=5)
[2026-01-02 14:33:06.399] MenuRegistry: Registered 'Task List' in 'Tasks' menu (hotkey=L order=5)
[2026-01-02 14:33:06.400] ServiceContainer: Registered 'ProjectListScreen' (singleton=False)
[2026-01-02 14:33:06.401] MenuRegistry: Registered 'Project List' in 'Projects' menu (hotkey=L order=10)
[2026-01-02 14:33:06.402] MenuRegistry: Registered 'Project List' in 'Projects' menu (hotkey=L order=10)
[2026-01-02 14:33:06.403] ServiceContainer: Registered 'HelpViewScreen' (singleton=False)
[2026-01-02 14:33:06.404] MenuRegistry: Registered 'Help' in 'Help' menu (hotkey=H order=10)
[2026-01-02 14:33:06.406] MenuRegistry: Registered 'Help' in 'Help' menu (hotkey=H order=10)
[2026-01-02 14:33:06.407] ServiceContainer: Registered 'ExcelProfileManagerScreen' (singleton=False)
[2026-01-02 14:33:06.408] MenuRegistry: Registered 'Excel Profiles' in 'Projects' menu (hotkey=M order=50)
[2026-01-02 14:33:06.409] MenuRegistry: Registered 'Excel Profiles' in 'Projects' menu (hotkey=M order=50)
[2026-01-02 14:33:06.410] ServiceContainer: Registered 'TimeReportScreen' (singleton=False)
[2026-01-02 14:33:06.411] MenuRegistry: Registered 'Time Report' in 'Time' menu (hotkey=R order=20)
[2026-01-02 14:33:06.412] MenuRegistry: Registered 'Time Report' in 'Time' menu (hotkey=R order=20)
[2026-01-02 14:33:06.414] ServiceContainer: Registered 'TextExportProfileManagerScreen' (singleton=False)
[2026-01-02 14:33:06.414] MenuRegistry: Registered 'T2020 Export Profiles' in 'Tools' menu (hotkey=E order=45)
[2026-01-02 14:33:06.415] MenuRegistry: Registered 'T2020 Export Profiles' in 'Tools' menu (hotkey=E order=45)
[2026-01-02 14:33:06.417] ServiceContainer: Resolving 'TaskListScreen'...
[2026-01-02 14:33:06.419] ServiceContainer: Resolving 'TaskStore'...
[2026-01-02 14:33:06.546] ServiceContainer: Resolved 'TaskStore' successfully
[2026-01-02 14:33:07.264] _PopulateMenusFromRegistry: Menu 'Tasks' has 1 items from registry (array)
[2026-01-02 14:33:07.279] _PopulateMenusFromRegistry: Menu 'Help' has 1 items from registry (array)
[2026-01-02 14:33:07.283] _PopulateMenusFromRegistry: Menu 'Projects' has 3 items from registry (array)
[2026-01-02 14:33:07.286] _PopulateMenusFromRegistry: Menu 'Time' has 3 items from registry (array)
[2026-01-02 14:33:07.289] _PopulateMenusFromRegistry: Menu 'Options' has 2 items from registry (array)
[2026-01-02 14:33:07.292] _PopulateMenusFromRegistry: Menu 'Tools' has 6 items from registry (array)
[2026-01-02 14:33:07.294] ServiceContainer: Resolved 'TaskListScreen' successfully
[2026-01-02 14:33:26.314] ServiceContainer: Resolving 'CommandLibraryScreen'...
[2026-01-02 14:33:26.407] ServiceContainer: Resolved 'CommandLibraryScreen' successfully
