[2025-12-19 23:25:21.949] ServiceContainer: Registered 'Theme' (singleton=True)
[2025-12-19 23:25:21.957] ServiceContainer: Registered 'ThemeManager' (singleton=True)
[2025-12-19 23:25:21.959] ServiceContainer: Registered 'Config' (singleton=True)
[2025-12-19 23:25:21.960] ServiceContainer: Registered 'TaskStore' (singleton=True)
[2025-12-19 23:25:21.960] ServiceContainer: Registered 'MenuRegistry' (singleton=True)
[2025-12-19 23:25:21.967] ServiceContainer: Registered 'Application' (singleton=True)
[2025-12-19 23:25:21.968] ServiceContainer: Registered 'CommandService' (singleton=True)
[2025-12-19 23:25:21.969] ServiceContainer: Registered 'ChecklistService' (singleton=True)
[2025-12-19 23:25:21.969] ServiceContainer: Registered 'NoteService' (singleton=True)
[2025-12-19 23:25:21.970] ServiceContainer: Registered 'ExcelMappingService' (singleton=True)
[2025-12-19 23:25:21.971] ServiceContainer: Registered 'PreferencesService' (singleton=True)
[2025-12-19 23:25:21.972] ServiceContainer: Registered 'TaskListScreen' (singleton=False)
[2025-12-19 23:25:21.982] ServiceContainer: Resolving 'Application'...
[2025-12-19 23:25:21.983] ServiceContainer: Resolving 'Theme'...
[2025-12-19 23:25:22.163] ServiceContainer: Resolved 'Theme' successfully
[2025-12-19 23:25:22.225] ServiceContainer: Resolving 'ThemeManager'...
[2025-12-19 23:25:22.227] ServiceContainer: Resolved 'ThemeManager' successfully
[2025-12-19 23:25:22.239] ServiceContainer: Resolved 'Application' successfully
[2025-12-19 23:25:22.247] ServiceContainer: Resolving 'MenuRegistry'...
[2025-12-19 23:25:22.266] ServiceContainer: Resolved 'MenuRegistry' successfully
[2025-12-19 23:25:22.297] MenuRegistry: Loaded manifest with 23 entries
[2025-12-19 23:25:22.334] ServiceContainer: Registered 'ThemeEditorScreen' (singleton=False)
[2025-12-19 23:25:22.336] MenuRegistry: Registered screen factory 'ThemeEditorScreen' in container (viewMode=)
[2025-12-19 23:25:22.358] MenuRegistry: Registered 'Theme Editor' in 'Options' menu (hotkey=T order=10)
[2025-12-19 23:25:22.361] ServiceContainer: Registered 'NotesMenuScreen' (singleton=False)
[2025-12-19 23:25:22.363] MenuRegistry: Registered screen factory 'NotesMenuScreen' in container (viewMode=)
[2025-12-19 23:25:22.366] MenuRegistry: Registered 'Notes' in 'Tools' menu (hotkey=N order=20)
[2025-12-19 23:25:22.370] ServiceContainer: Registered 'TaskListScreen_Upcoming' (singleton=False)
[2025-12-19 23:25:22.371] MenuRegistry: Registered screen factory 'TaskListScreen_Upcoming' in container (viewMode=upcoming)
[2025-12-19 23:25:22.373] MenuRegistry: Registered 'Upcoming' in 'Tasks' menu (hotkey=U order=25)
[2025-12-19 23:25:22.375] ServiceContainer: Registered 'TaskListScreen_NoDate' (singleton=False)
[2025-12-19 23:25:22.377] MenuRegistry: Registered screen factory 'TaskListScreen_NoDate' in container (viewMode=noduedate)
[2025-12-19 23:25:22.379] MenuRegistry: Registered 'No Due Date' in 'Tasks' menu (hotkey=D order=40)
[2025-12-19 23:25:22.381] ServiceContainer: Registered 'TimeListScreen' (singleton=False)
[2025-12-19 23:25:22.382] MenuRegistry: Registered screen factory 'TimeListScreen' in container (viewMode=)
[2025-12-19 23:25:22.384] MenuRegistry: Registered 'Time Tracking' in 'Time' menu (hotkey=T order=5)
[2025-12-19 23:25:22.386] ServiceContainer: Registered 'ChecklistsLauncherScreen' (singleton=False)
[2025-12-19 23:25:22.388] MenuRegistry: Registered screen factory 'ChecklistsLauncherScreen' in container (viewMode=)
[2025-12-19 23:25:22.389] MenuRegistry: Registered 'Checklists' in 'Tools' menu (hotkey=C order=25)
[2025-12-19 23:25:22.392] ServiceContainer: Registered 'ProjectListScreen' (singleton=False)
[2025-12-19 23:25:22.393] MenuRegistry: Registered screen factory 'ProjectListScreen' in container (viewMode=)
[2025-12-19 23:25:22.395] MenuRegistry: Registered 'Project List' in 'Projects' menu (hotkey=L order=10)
[2025-12-19 23:25:22.397] ServiceContainer: Registered 'TaskListScreen_Week' (singleton=False)
[2025-12-19 23:25:22.398] MenuRegistry: Registered screen factory 'TaskListScreen_Week' in container (viewMode=week)
[2025-12-19 23:25:22.400] MenuRegistry: Registered 'Week View' in 'Tasks' menu (hotkey=W order=20)
[2025-12-19 23:25:22.402] ServiceContainer: Registered 'TaskListScreen_Today' (singleton=False)
[2025-12-19 23:25:22.404] MenuRegistry: Registered screen factory 'TaskListScreen_Today' in container (viewMode=today)
[2025-12-19 23:25:22.406] MenuRegistry: Registered 'Today' in 'Tasks' menu (hotkey=Y order=10)
[2025-12-19 23:25:22.408] ServiceContainer: Registered 'ExcelImportScreen' (singleton=False)
[2025-12-19 23:25:22.439] MenuRegistry: Registered screen factory 'ExcelImportScreen' in container (viewMode=)
[2025-12-19 23:25:22.440] MenuRegistry: Registered 'Import from Excel' in 'Projects' menu (hotkey=I order=40)
[2025-12-19 23:25:22.442] ServiceContainer: Registered 'TaskListScreen_Tomorrow' (singleton=False)
[2025-12-19 23:25:22.444] MenuRegistry: Registered screen factory 'TaskListScreen_Tomorrow' in container (viewMode=tomorrow)
[2025-12-19 23:25:22.445] MenuRegistry: Registered 'Tomorrow' in 'Tasks' menu (hotkey=T order=15)
[2025-12-19 23:25:22.447] ServiceContainer: Registered 'TaskListScreen_Overdue' (singleton=False)
[2025-12-19 23:25:22.448] MenuRegistry: Registered screen factory 'TaskListScreen_Overdue' in container (viewMode=overdue)
[2025-12-19 23:25:22.449] MenuRegistry: Registered 'Overdue' in 'Tasks' menu (hotkey=O order=30)
[2025-12-19 23:25:22.451] ServiceContainer: Registered 'ExcelProfileManagerScreen' (singleton=False)
[2025-12-19 23:25:22.452] MenuRegistry: Registered screen factory 'ExcelProfileManagerScreen' in container (viewMode=)
[2025-12-19 23:25:22.454] MenuRegistry: Registered 'Excel Profiles' in 'Projects' menu (hotkey=M order=50)
[2025-12-19 23:25:22.456] ServiceContainer: Registered 'ChecklistTemplatesFolderScreen' (singleton=False)
[2025-12-19 23:25:22.457] MenuRegistry: Registered screen factory 'ChecklistTemplatesFolderScreen' in container (viewMode=)
[2025-12-19 23:25:22.458] MenuRegistry: Registered 'Checklist Templates' in 'Tools' menu (hotkey=H order=30)
[2025-12-19 23:25:22.460] ServiceContainer: Registered 'TimeReportScreen' (singleton=False)
[2025-12-19 23:25:22.461] MenuRegistry: Registered screen factory 'TimeReportScreen' in container (viewMode=)
[2025-12-19 23:25:22.463] MenuRegistry: Registered 'Time Report' in 'Time' menu (hotkey=R order=20)
[2025-12-19 23:25:22.464] ServiceContainer: Registered 'WeeklyTimeReportScreen' (singleton=False)
[2025-12-19 23:25:22.466] MenuRegistry: Registered screen factory 'WeeklyTimeReportScreen' in container (viewMode=)
[2025-12-19 23:25:22.467] MenuRegistry: Registered 'Weekly Report' in 'Time' menu (hotkey=W order=10)
[2025-12-19 23:25:22.469] ServiceContainer: Registered 'TaskListScreen_NextActions' (singleton=False)
[2025-12-19 23:25:22.470] MenuRegistry: Registered screen factory 'TaskListScreen_NextActions' in container (viewMode=nextactions)
[2025-12-19 23:25:22.471] MenuRegistry: Registered 'Next Actions' in 'Tasks' menu (hotkey=N order=35)
[2025-12-19 23:25:22.473] ServiceContainer: Registered 'SettingsScreen' (singleton=False)
[2025-12-19 23:25:22.475] MenuRegistry: Registered screen factory 'SettingsScreen' in container (viewMode=)
[2025-12-19 23:25:22.476] MenuRegistry: Registered 'Settings' in 'Options' menu (hotkey=S order=20)
[2025-12-19 23:25:22.478] ServiceContainer: Registered 'TaskListScreen_Default' (singleton=False)
[2025-12-19 23:25:22.480] MenuRegistry: Registered screen factory 'TaskListScreen_Default' in container (viewMode=)
[2025-12-19 23:25:22.481] MenuRegistry: Registered 'Task List' in 'Tasks' menu (hotkey=L order=5)
[2025-12-19 23:25:22.483] ServiceContainer: Registered 'CommandLibraryScreen' (singleton=False)
[2025-12-19 23:25:22.485] MenuRegistry: Registered screen factory 'CommandLibraryScreen' in container (viewMode=)
[2025-12-19 23:25:22.487] MenuRegistry: Registered 'Command Library' in 'Tools' menu (hotkey=L order=10)
[2025-12-19 23:25:22.489] ServiceContainer: Registered 'TaskListScreen_Agenda' (singleton=False)
[2025-12-19 23:25:22.490] MenuRegistry: Registered screen factory 'TaskListScreen_Agenda' in container (viewMode=agenda)
[2025-12-19 23:25:22.492] MenuRegistry: Registered 'Agenda View' in 'Tasks' menu (hotkey=A order=50)
[2025-12-19 23:25:22.494] ServiceContainer: Registered 'HelpViewScreen' (singleton=False)
[2025-12-19 23:25:22.495] MenuRegistry: Registered screen factory 'HelpViewScreen' in container (viewMode=)
[2025-12-19 23:25:22.497] MenuRegistry: Registered 'Help' in 'Help' menu (hotkey=H order=10)
[2025-12-19 23:25:22.499] ServiceContainer: Registered 'TaskListScreen_Month' (singleton=False)
[2025-12-19 23:25:22.501] MenuRegistry: Registered screen factory 'TaskListScreen_Month' in container (viewMode=month)
[2025-12-19 23:25:22.502] MenuRegistry: Registered 'Month View' in 'Tasks' menu (hotkey=M order=45)
[2025-12-19 23:25:22.508] ServiceContainer: Resolving 'TaskListScreen'...
[2025-12-19 23:25:22.511] ServiceContainer: Resolving 'TaskStore'...
[2025-12-19 23:25:22.741] ServiceContainer: Resolved 'TaskStore' successfully
[2025-12-19 23:25:23.581] _PopulateMenusFromRegistry: Menu 'Tasks' has 10 items from registry (array)
[2025-12-19 23:25:23.629] _PopulateMenusFromRegistry: Menu 'Tools' has 4 items from registry (array)
[2025-12-19 23:25:23.632] _PopulateMenusFromRegistry: Menu 'Options' has 2 items from registry (array)
[2025-12-19 23:25:23.635] _PopulateMenusFromRegistry: Menu 'Projects' has 3 items from registry (array)
[2025-12-19 23:25:23.639] _PopulateMenusFromRegistry: Menu 'Help' has 1 items from registry (array)
[2025-12-19 23:25:23.642] _PopulateMenusFromRegistry: Menu 'Time' has 3 items from registry (array)
[2025-12-19 23:25:23.645] ServiceContainer: Resolved 'TaskListScreen' successfully
