[2025-12-31 11:25:34.311] ServiceContainer: Registered 'Theme' (singleton=True)
[2025-12-31 11:25:34.314] ServiceContainer: Registered 'ThemeManager' (singleton=True)
[2025-12-31 11:25:34.315] ServiceContainer: Registered 'Config' (singleton=True)
[2025-12-31 11:25:34.321] ServiceContainer: Registered 'TaskStore' (singleton=True)
[2025-12-31 11:25:34.322] ServiceContainer: Registered 'MenuRegistry' (singleton=True)
[2025-12-31 11:25:34.323] ServiceContainer: Registered 'Application' (singleton=True)
[2025-12-31 11:25:34.323] ServiceContainer: Registered 'CommandService' (singleton=True)
[2025-12-31 11:25:34.324] ServiceContainer: Registered 'ChecklistService' (singleton=True)
[2025-12-31 11:25:34.325] ServiceContainer: Registered 'NoteService' (singleton=True)
[2025-12-31 11:25:34.326] ServiceContainer: Registered 'ExcelMappingService' (singleton=True)
[2025-12-31 11:25:34.326] ServiceContainer: Registered 'ExcelCopyService' (singleton=True)
[2025-12-31 11:25:34.327] ServiceContainer: Registered 'PreferencesService' (singleton=True)
[2025-12-31 11:25:34.328] ServiceContainer: Registered 'ExcelImportService' (singleton=True)
[2025-12-31 11:25:34.329] ServiceContainer: Registered 'TextExportService' (singleton=True)
[2025-12-31 11:25:34.329] ServiceContainer: Registered 'TaskListScreen' (singleton=False)
[2025-12-31 11:25:34.341] ServiceContainer: Resolving 'Application'...
[2025-12-31 11:25:34.342] ServiceContainer: Resolving 'Theme'...
[2025-12-31 11:25:34.424] ServiceContainer: Resolved 'Theme' successfully
[2025-12-31 11:25:34.486] ServiceContainer: Resolving 'ThemeManager'...
[2025-12-31 11:25:34.487] ServiceContainer: Resolved 'ThemeManager' successfully
[2025-12-31 11:25:34.498] ServiceContainer: Resolved 'Application' successfully
[2025-12-31 11:25:34.499] ServiceContainer: Resolving 'MenuRegistry'...
[2025-12-31 11:25:34.508] ServiceContainer: Resolved 'MenuRegistry' successfully
[2025-12-31 11:25:34.523] MenuRegistry: Loaded manifest with 16 entries
[2025-12-31 11:25:34.542] ServiceContainer: Registered 'ExcelImportProfileManagerScreen' (singleton=False)
[2025-12-31 11:25:34.543] MenuRegistry: Registered 'Excel Import Profiles' in 'Tools' menu (hotkey=I order=40)
[2025-12-31 11:25:34.555] MenuRegistry: Registered 'Excel Import Profiles' in 'Tools' menu (hotkey=I order=40)
[2025-12-31 11:25:34.557] ServiceContainer: Registered 'TimeReportScreen' (singleton=False)
[2025-12-31 11:25:34.557] MenuRegistry: Registered 'Time Report' in 'Time' menu (hotkey=R order=20)
[2025-12-31 11:25:34.559] MenuRegistry: Registered 'Time Report' in 'Time' menu (hotkey=R order=20)
[2025-12-31 11:25:34.560] ServiceContainer: Registered 'CommandLibraryScreen' (singleton=False)
[2025-12-31 11:25:34.561] MenuRegistry: Registered 'Command Library' in 'Tools' menu (hotkey=L order=10)
[2025-12-31 11:25:34.562] MenuRegistry: Registered 'Command Library' in 'Tools' menu (hotkey=L order=10)
[2025-12-31 11:25:34.563] ServiceContainer: Registered 'SettingsScreen' (singleton=False)
[2025-12-31 11:25:34.570] MenuRegistry: Registered 'Settings' in 'Options' menu (hotkey=S order=20)
[2025-12-31 11:25:34.571] MenuRegistry: Registered 'Settings' in 'Options' menu (hotkey=S order=20)
[2025-12-31 11:25:34.572] ServiceContainer: Registered 'ChecklistTemplatesFolderScreen' (singleton=False)
[2025-12-31 11:25:34.573] MenuRegistry: Registered 'Checklist Templates' in 'Tools' menu (hotkey=H order=30)
[2025-12-31 11:25:34.574] MenuRegistry: Registered 'Checklist Templates' in 'Tools' menu (hotkey=H order=30)
[2025-12-31 11:25:34.575] ServiceContainer: Registered 'TaskListScreen_Default' (singleton=False)
[2025-12-31 11:25:34.576] MenuRegistry: Registered 'Task List' in 'Tasks' menu (hotkey=L order=5)
[2025-12-31 11:25:34.577] MenuRegistry: Registered 'Task List' in 'Tasks' menu (hotkey=L order=5)
[2025-12-31 11:25:34.578] ServiceContainer: Registered 'ThemeEditorScreen' (singleton=False)
[2025-12-31 11:25:34.579] MenuRegistry: Registered 'Theme Editor' in 'Options' menu (hotkey=T order=10)
[2025-12-31 11:25:34.580] MenuRegistry: Registered 'Theme Editor' in 'Options' menu (hotkey=T order=10)
[2025-12-31 11:25:34.581] ServiceContainer: Registered 'TextExportProfileManagerScreen' (singleton=False)
[2025-12-31 11:25:34.581] MenuRegistry: Registered 'T2020 Export Profiles' in 'Tools' menu (hotkey=E order=45)
[2025-12-31 11:25:34.583] MenuRegistry: Registered 'T2020 Export Profiles' in 'Tools' menu (hotkey=E order=45)
[2025-12-31 11:25:34.584] ServiceContainer: Registered 'ExcelProfileManagerScreen' (singleton=False)
[2025-12-31 11:25:34.584] MenuRegistry: Registered 'Excel Profiles' in 'Projects' menu (hotkey=M order=50)
[2025-12-31 11:25:34.585] MenuRegistry: Registered 'Excel Profiles' in 'Projects' menu (hotkey=M order=50)
[2025-12-31 11:25:34.587] ServiceContainer: Registered 'ProjectListScreen' (singleton=False)
[2025-12-31 11:25:34.587] MenuRegistry: Registered 'Project List' in 'Projects' menu (hotkey=L order=10)
[2025-12-31 11:25:34.588] MenuRegistry: Registered 'Project List' in 'Projects' menu (hotkey=L order=10)
[2025-12-31 11:25:34.590] ServiceContainer: Registered 'TimeListScreen' (singleton=False)
[2025-12-31 11:25:34.590] MenuRegistry: Registered 'Time Tracking' in 'Time' menu (hotkey=T order=5)
[2025-12-31 11:25:34.591] MenuRegistry: Registered 'Time Tracking' in 'Time' menu (hotkey=T order=5)
[2025-12-31 11:25:34.593] ServiceContainer: Registered 'ChecklistsLauncherScreen' (singleton=False)
[2025-12-31 11:25:34.593] MenuRegistry: Registered 'Checklists' in 'Tools' menu (hotkey=C order=25)
[2025-12-31 11:25:34.594] MenuRegistry: Registered 'Checklists' in 'Tools' menu (hotkey=C order=25)
[2025-12-31 11:25:34.596] ServiceContainer: Registered 'ExcelImportScreen' (singleton=False)
[2025-12-31 11:25:34.596] MenuRegistry: Registered 'Import from Excel' in 'Projects' menu (hotkey=I order=40)
[2025-12-31 11:25:34.597] MenuRegistry: Registered 'Import from Excel' in 'Projects' menu (hotkey=I order=40)
[2025-12-31 11:25:34.599] ServiceContainer: Registered 'NotesMenuScreen' (singleton=False)
[2025-12-31 11:25:34.599] MenuRegistry: Registered 'Notes' in 'Tools' menu (hotkey=N order=20)
[2025-12-31 11:25:34.601] MenuRegistry: Registered 'Notes' in 'Tools' menu (hotkey=N order=20)
[2025-12-31 11:25:34.602] ServiceContainer: Registered 'HelpViewScreen' (singleton=False)
[2025-12-31 11:25:34.603] MenuRegistry: Registered 'Help' in 'Help' menu (hotkey=H order=10)
[2025-12-31 11:25:34.604] MenuRegistry: Registered 'Help' in 'Help' menu (hotkey=H order=10)
[2025-12-31 11:25:34.605] ServiceContainer: Registered 'WeeklyTimeReportScreen' (singleton=False)
[2025-12-31 11:25:34.606] MenuRegistry: Registered 'Weekly Report' in 'Time' menu (hotkey=W order=10)
[2025-12-31 11:25:34.607] MenuRegistry: Registered 'Weekly Report' in 'Time' menu (hotkey=W order=10)
[2025-12-31 11:25:34.608] ServiceContainer: Resolving 'TaskListScreen'...
[2025-12-31 11:25:34.610] ServiceContainer: Resolving 'TaskStore'...
[2025-12-31 11:25:34.970] ServiceContainer: Resolved 'TaskStore' successfully
[2025-12-31 11:25:35.588] _PopulateMenusFromRegistry: Menu 'Projects' has 3 items from registry (array)
[2025-12-31 11:25:35.602] _PopulateMenusFromRegistry: Menu 'Tasks' has 1 items from registry (array)
[2025-12-31 11:25:35.604] _PopulateMenusFromRegistry: Menu 'Tools' has 6 items from registry (array)
[2025-12-31 11:25:35.606] _PopulateMenusFromRegistry: Menu 'Help' has 1 items from registry (array)
[2025-12-31 11:25:35.608] _PopulateMenusFromRegistry: Menu 'Options' has 2 items from registry (array)
[2025-12-31 11:25:35.610] _PopulateMenusFromRegistry: Menu 'Time' has 3 items from registry (array)
[2025-12-31 11:25:35.611] ServiceContainer: Resolved 'TaskListScreen' successfully
[2025-12-31 11:25:47.415] ServiceContainer: Resolving 'ThemeEditorScreen'...
[2025-12-31 11:25:47.458] ServiceContainer: Resolved 'ThemeEditorScreen' successfully
