[2026-01-01 10:37:27.930] ServiceContainer: Registered 'Theme' (singleton=True)
[2026-01-01 10:37:27.932] ServiceContainer: Registered 'ThemeManager' (singleton=True)
[2026-01-01 10:37:27.933] ServiceContainer: Registered 'Config' (singleton=True)
[2026-01-01 10:37:27.934] ServiceContainer: Registered 'TaskStore' (singleton=True)
[2026-01-01 10:37:27.934] ServiceContainer: Registered 'MenuRegistry' (singleton=True)
[2026-01-01 10:37:27.935] ServiceContainer: Registered 'Application' (singleton=True)
[2026-01-01 10:37:27.936] ServiceContainer: Registered 'CommandService' (singleton=True)
[2026-01-01 10:37:27.937] ServiceContainer: Registered 'ChecklistService' (singleton=True)
[2026-01-01 10:37:27.937] ServiceContainer: Registered 'NoteService' (singleton=True)
[2026-01-01 10:37:27.938] ServiceContainer: Registered 'ExcelMappingService' (singleton=True)
[2026-01-01 10:37:27.939] ServiceContainer: Registered 'ExcelCopyService' (singleton=True)
[2026-01-01 10:37:27.939] ServiceContainer: Registered 'PreferencesService' (singleton=True)
[2026-01-01 10:37:27.940] ServiceContainer: Registered 'ExcelImportService' (singleton=True)
[2026-01-01 10:37:27.941] ServiceContainer: Registered 'TextExportService' (singleton=True)
[2026-01-01 10:37:27.941] ServiceContainer: Registered 'TaskListScreen' (singleton=False)
[2026-01-01 10:37:27.955] ServiceContainer: Resolving 'Application'...
[2026-01-01 10:37:27.956] ServiceContainer: Resolving 'Theme'...
[2026-01-01 10:37:28.108] ServiceContainer: Resolved 'Theme' successfully
[2026-01-01 10:37:28.178] ServiceContainer: Resolving 'ThemeManager'...
[2026-01-01 10:37:28.179] ServiceContainer: Resolved 'ThemeManager' successfully
[2026-01-01 10:37:28.189] ServiceContainer: Resolved 'Application' successfully
[2026-01-01 10:37:28.190] ServiceContainer: Resolving 'MenuRegistry'...
[2026-01-01 10:37:28.199] ServiceContainer: Resolved 'MenuRegistry' successfully
[2026-01-01 10:37:28.212] MenuRegistry: Loaded manifest with 16 entries
[2026-01-01 10:37:28.231] ServiceContainer: Registered 'TimeListScreen' (singleton=False)
[2026-01-01 10:37:28.232] MenuRegistry: Registered 'Time Tracking' in 'Time' menu (hotkey=T order=5)
[2026-01-01 10:37:28.243] MenuRegistry: Registered 'Time Tracking' in 'Time' menu (hotkey=T order=5)
[2026-01-01 10:37:28.245] ServiceContainer: Registered 'HelpViewScreen' (singleton=False)
[2026-01-01 10:37:28.245] MenuRegistry: Registered 'Help' in 'Help' menu (hotkey=H order=10)
[2026-01-01 10:37:28.247] MenuRegistry: Registered 'Help' in 'Help' menu (hotkey=H order=10)
[2026-01-01 10:37:28.248] ServiceContainer: Registered 'ExcelImportProfileManagerScreen' (singleton=False)
[2026-01-01 10:37:28.248] MenuRegistry: Registered 'Excel Import Profiles' in 'Tools' menu (hotkey=I order=40)
[2026-01-01 10:37:28.249] MenuRegistry: Registered 'Excel Import Profiles' in 'Tools' menu (hotkey=I order=40)
[2026-01-01 10:37:28.250] ServiceContainer: Registered 'TaskListScreen_Default' (singleton=False)
[2026-01-01 10:37:28.251] MenuRegistry: Registered 'Task List' in 'Tasks' menu (hotkey=L order=5)
[2026-01-01 10:37:28.252] MenuRegistry: Registered 'Task List' in 'Tasks' menu (hotkey=L order=5)
[2026-01-01 10:37:28.253] ServiceContainer: Registered 'ProjectListScreen' (singleton=False)
[2026-01-01 10:37:28.259] MenuRegistry: Registered 'Project List' in 'Projects' menu (hotkey=L order=10)
[2026-01-01 10:37:28.260] MenuRegistry: Registered 'Project List' in 'Projects' menu (hotkey=L order=10)
[2026-01-01 10:37:28.261] ServiceContainer: Registered 'ExcelImportScreen' (singleton=False)
[2026-01-01 10:37:28.261] MenuRegistry: Registered 'Import from Excel' in 'Projects' menu (hotkey=I order=40)
[2026-01-01 10:37:28.262] MenuRegistry: Registered 'Import from Excel' in 'Projects' menu (hotkey=I order=40)
[2026-01-01 10:37:28.264] ServiceContainer: Registered 'ChecklistsLauncherScreen' (singleton=False)
[2026-01-01 10:37:28.264] MenuRegistry: Registered 'Checklists' in 'Tools' menu (hotkey=C order=25)
[2026-01-01 10:37:28.265] MenuRegistry: Registered 'Checklists' in 'Tools' menu (hotkey=C order=25)
[2026-01-01 10:37:28.266] ServiceContainer: Registered 'WeeklyTimeReportScreen' (singleton=False)
[2026-01-01 10:37:28.267] MenuRegistry: Registered 'Weekly Report' in 'Time' menu (hotkey=W order=10)
[2026-01-01 10:37:28.268] MenuRegistry: Registered 'Weekly Report' in 'Time' menu (hotkey=W order=10)
[2026-01-01 10:37:28.269] ServiceContainer: Registered 'TimeReportScreen' (singleton=False)
[2026-01-01 10:37:28.270] MenuRegistry: Registered 'Time Report' in 'Time' menu (hotkey=R order=20)
[2026-01-01 10:37:28.271] MenuRegistry: Registered 'Time Report' in 'Time' menu (hotkey=R order=20)
[2026-01-01 10:37:28.272] ServiceContainer: Registered 'ExcelProfileManagerScreen' (singleton=False)
[2026-01-01 10:37:28.273] MenuRegistry: Registered 'Excel Profiles' in 'Projects' menu (hotkey=M order=50)
[2026-01-01 10:37:28.274] MenuRegistry: Registered 'Excel Profiles' in 'Projects' menu (hotkey=M order=50)
[2026-01-01 10:37:28.275] ServiceContainer: Registered 'ChecklistTemplatesFolderScreen' (singleton=False)
[2026-01-01 10:37:28.275] MenuRegistry: Registered 'Checklist Templates' in 'Tools' menu (hotkey=H order=30)
[2026-01-01 10:37:28.276] MenuRegistry: Registered 'Checklist Templates' in 'Tools' menu (hotkey=H order=30)
[2026-01-01 10:37:28.277] ServiceContainer: Registered 'NotesMenuScreen' (singleton=False)
[2026-01-01 10:37:28.278] MenuRegistry: Registered 'Notes' in 'Tools' menu (hotkey=N order=20)
[2026-01-01 10:37:28.279] MenuRegistry: Registered 'Notes' in 'Tools' menu (hotkey=N order=20)
[2026-01-01 10:37:28.280] ServiceContainer: Registered 'TextExportProfileManagerScreen' (singleton=False)
[2026-01-01 10:37:28.281] MenuRegistry: Registered 'T2020 Export Profiles' in 'Tools' menu (hotkey=E order=45)
[2026-01-01 10:37:28.282] MenuRegistry: Registered 'T2020 Export Profiles' in 'Tools' menu (hotkey=E order=45)
[2026-01-01 10:37:28.283] ServiceContainer: Registered 'CommandLibraryScreen' (singleton=False)
[2026-01-01 10:37:28.284] MenuRegistry: Registered 'Command Library' in 'Tools' menu (hotkey=L order=10)
[2026-01-01 10:37:28.284] MenuRegistry: Registered 'Command Library' in 'Tools' menu (hotkey=L order=10)
[2026-01-01 10:37:28.286] ServiceContainer: Registered 'SettingsScreen' (singleton=False)
[2026-01-01 10:37:28.286] MenuRegistry: Registered 'Settings' in 'Options' menu (hotkey=S order=20)
[2026-01-01 10:37:28.287] MenuRegistry: Registered 'Settings' in 'Options' menu (hotkey=S order=20)
[2026-01-01 10:37:28.288] ServiceContainer: Registered 'ThemeEditorScreen' (singleton=False)
[2026-01-01 10:37:28.289] MenuRegistry: Registered 'Theme Editor' in 'Options' menu (hotkey=T order=10)
[2026-01-01 10:37:28.290] MenuRegistry: Registered 'Theme Editor' in 'Options' menu (hotkey=T order=10)
[2026-01-01 10:37:28.291] ServiceContainer: Resolving 'TaskListScreen'...
[2026-01-01 10:37:28.292] ServiceContainer: Resolving 'TaskStore'...
[2026-01-01 10:37:28.375] ServiceContainer: Resolved 'TaskStore' successfully
[2026-01-01 10:37:29.027] _PopulateMenusFromRegistry: Menu 'Options' has 2 items from registry (array)
[2026-01-01 10:37:29.042] _PopulateMenusFromRegistry: Menu 'Tasks' has 1 items from registry (array)
[2026-01-01 10:37:29.044] _PopulateMenusFromRegistry: Menu 'Time' has 3 items from registry (array)
[2026-01-01 10:37:29.046] _PopulateMenusFromRegistry: Menu 'Help' has 1 items from registry (array)
[2026-01-01 10:37:29.048] _PopulateMenusFromRegistry: Menu 'Projects' has 3 items from registry (array)
[2026-01-01 10:37:29.051] _PopulateMenusFromRegistry: Menu 'Tools' has 6 items from registry (array)
[2026-01-01 10:37:29.053] ServiceContainer: Resolved 'TaskListScreen' successfully
[2026-01-01 10:37:33.821] ServiceContainer: Resolving 'ChecklistTemplatesFolderScreen'...
[2026-01-01 10:37:33.952] ServiceContainer: Resolved 'ChecklistTemplatesFolderScreen' successfully
