[2025-12-19 23:07:00.743] ServiceContainer: Registered 'Theme' (singleton=True)
[2025-12-19 23:07:00.750] ServiceContainer: Registered 'ThemeManager' (singleton=True)
[2025-12-19 23:07:00.751] ServiceContainer: Registered 'Config' (singleton=True)
[2025-12-19 23:07:00.752] ServiceContainer: Registered 'TaskStore' (singleton=True)
[2025-12-19 23:07:00.753] ServiceContainer: Registered 'MenuRegistry' (singleton=True)
[2025-12-19 23:07:00.754] ServiceContainer: Registered 'Application' (singleton=True)
[2025-12-19 23:07:00.755] ServiceContainer: Registered 'CommandService' (singleton=True)
[2025-12-19 23:07:00.756] ServiceContainer: Registered 'ChecklistService' (singleton=True)
[2025-12-19 23:07:00.757] ServiceContainer: Registered 'NoteService' (singleton=True)
[2025-12-19 23:07:00.758] ServiceContainer: Registered 'ExcelMappingService' (singleton=True)
[2025-12-19 23:07:00.759] ServiceContainer: Registered 'PreferencesService' (singleton=True)
[2025-12-19 23:07:00.760] ServiceContainer: Registered 'TaskListScreen' (singleton=False)
[2025-12-19 23:07:00.772] ServiceContainer: Resolving 'Application'...
[2025-12-19 23:07:00.774] ServiceContainer: Resolving 'Theme'...
[2025-12-19 23:07:00.903] ServiceContainer: Resolved 'Theme' successfully
[2025-12-19 23:07:00.955] ServiceContainer: Resolving 'ThemeManager'...
[2025-12-19 23:07:00.957] ServiceContainer: Resolved 'ThemeManager' successfully
[2025-12-19 23:07:00.967] ServiceContainer: Resolved 'Application' successfully
[2025-12-19 23:07:00.968] ServiceContainer: Resolving 'MenuRegistry'...
[2025-12-19 23:07:00.978] ServiceContainer: Resolved 'MenuRegistry' successfully
[2025-12-19 23:07:01.000] MenuRegistry: Loaded manifest with 23 entries
[2025-12-19 23:07:01.020] ServiceContainer: Registered 'TaskListScreen_Week' (singleton=False)
[2025-12-19 23:07:01.021] MenuRegistry: Registered screen factory 'TaskListScreen_Week' in container (viewMode=week)
[2025-12-19 23:07:01.033] MenuRegistry: Registered 'Week View' in 'Tasks' menu (hotkey=W order=20)
[2025-12-19 23:07:01.035] ServiceContainer: Registered 'ChecklistsLauncherScreen' (singleton=False)
[2025-12-19 23:07:01.035] MenuRegistry: Registered screen factory 'ChecklistsLauncherScreen' in container (viewMode=)
[2025-12-19 23:07:01.038] MenuRegistry: Registered 'Checklists' in 'Tools' menu (hotkey=C order=25)
[2025-12-19 23:07:01.039] ServiceContainer: Registered 'ThemeEditorScreen' (singleton=False)
[2025-12-19 23:07:01.039] MenuRegistry: Registered screen factory 'ThemeEditorScreen' in container (viewMode=)
[2025-12-19 23:07:01.040] MenuRegistry: Registered 'Theme Editor' in 'Options' menu (hotkey=T order=10)
[2025-12-19 23:07:01.041] ServiceContainer: Registered 'TimeReportScreen' (singleton=False)
[2025-12-19 23:07:01.042] MenuRegistry: Registered screen factory 'TimeReportScreen' in container (viewMode=)
[2025-12-19 23:07:01.043] MenuRegistry: Registered 'Time Report' in 'Time' menu (hotkey=R order=20)
[2025-12-19 23:07:01.044] ServiceContainer: Registered 'HelpViewScreen' (singleton=False)
[2025-12-19 23:07:01.045] MenuRegistry: Registered screen factory 'HelpViewScreen' in container (viewMode=)
[2025-12-19 23:07:01.046] MenuRegistry: Registered 'Help' in 'Help' menu (hotkey=H order=10)
[2025-12-19 23:07:01.047] ServiceContainer: Registered 'TaskListScreen_Tomorrow' (singleton=False)
[2025-12-19 23:07:01.048] MenuRegistry: Registered screen factory 'TaskListScreen_Tomorrow' in container (viewMode=tomorrow)
[2025-12-19 23:07:01.049] MenuRegistry: Registered 'Tomorrow' in 'Tasks' menu (hotkey=T order=15)
[2025-12-19 23:07:01.050] ServiceContainer: Registered 'TaskListScreen_Default' (singleton=False)
[2025-12-19 23:07:01.051] MenuRegistry: Registered screen factory 'TaskListScreen_Default' in container (viewMode=)
[2025-12-19 23:07:01.052] MenuRegistry: Registered 'Task List' in 'Tasks' menu (hotkey=L order=5)
[2025-12-19 23:07:01.053] ServiceContainer: Registered 'ExcelImportScreen' (singleton=False)
[2025-12-19 23:07:01.054] MenuRegistry: Registered screen factory 'ExcelImportScreen' in container (viewMode=)
[2025-12-19 23:07:01.055] MenuRegistry: Registered 'Import from Excel' in 'Projects' menu (hotkey=I order=40)
[2025-12-19 23:07:01.056] ServiceContainer: Registered 'ExcelProfileManagerScreen' (singleton=False)
[2025-12-19 23:07:01.057] MenuRegistry: Registered screen factory 'ExcelProfileManagerScreen' in container (viewMode=)
[2025-12-19 23:07:01.057] MenuRegistry: Registered 'Excel Profiles' in 'Projects' menu (hotkey=M order=50)
[2025-12-19 23:07:01.059] ServiceContainer: Registered 'TaskListScreen_Upcoming' (singleton=False)
[2025-12-19 23:07:01.060] MenuRegistry: Registered screen factory 'TaskListScreen_Upcoming' in container (viewMode=upcoming)
[2025-12-19 23:07:01.061] MenuRegistry: Registered 'Upcoming' in 'Tasks' menu (hotkey=U order=25)
[2025-12-19 23:07:01.062] ServiceContainer: Registered 'TaskListScreen_NextActions' (singleton=False)
[2025-12-19 23:07:01.074] MenuRegistry: Registered screen factory 'TaskListScreen_NextActions' in container (viewMode=nextactions)
[2025-12-19 23:07:01.075] MenuRegistry: Registered 'Next Actions' in 'Tasks' menu (hotkey=N order=35)
[2025-12-19 23:07:01.077] ServiceContainer: Registered 'WeeklyTimeReportScreen' (singleton=False)
[2025-12-19 23:07:01.078] MenuRegistry: Registered screen factory 'WeeklyTimeReportScreen' in container (viewMode=)
[2025-12-19 23:07:01.079] MenuRegistry: Registered 'Weekly Report' in 'Time' menu (hotkey=W order=10)
[2025-12-19 23:07:01.080] ServiceContainer: Registered 'TaskListScreen_NoDate' (singleton=False)
[2025-12-19 23:07:01.081] MenuRegistry: Registered screen factory 'TaskListScreen_NoDate' in container (viewMode=noduedate)
[2025-12-19 23:07:01.082] MenuRegistry: Registered 'No Due Date' in 'Tasks' menu (hotkey=D order=40)
[2025-12-19 23:07:01.084] ServiceContainer: Registered 'ChecklistTemplatesFolderScreen' (singleton=False)
[2025-12-19 23:07:01.085] MenuRegistry: Registered screen factory 'ChecklistTemplatesFolderScreen' in container (viewMode=)
[2025-12-19 23:07:01.086] MenuRegistry: Registered 'Checklist Templates' in 'Tools' menu (hotkey=H order=30)
[2025-12-19 23:07:01.087] ServiceContainer: Registered 'CommandLibraryScreen' (singleton=False)
[2025-12-19 23:07:01.088] MenuRegistry: Registered screen factory 'CommandLibraryScreen' in container (viewMode=)
[2025-12-19 23:07:01.089] MenuRegistry: Registered 'Command Library' in 'Tools' menu (hotkey=L order=10)
[2025-12-19 23:07:01.090] ServiceContainer: Registered 'SettingsScreen' (singleton=False)
[2025-12-19 23:07:01.091] MenuRegistry: Registered screen factory 'SettingsScreen' in container (viewMode=)
[2025-12-19 23:07:01.092] MenuRegistry: Registered 'Settings' in 'Options' menu (hotkey=S order=20)
[2025-12-19 23:07:01.094] ServiceContainer: Registered 'TimeListScreen' (singleton=False)
[2025-12-19 23:07:01.095] MenuRegistry: Registered screen factory 'TimeListScreen' in container (viewMode=)
[2025-12-19 23:07:01.097] MenuRegistry: Registered 'Time Tracking' in 'Time' menu (hotkey=T order=5)
[2025-12-19 23:07:01.098] ServiceContainer: Registered 'TaskListScreen_Agenda' (singleton=False)
[2025-12-19 23:07:01.099] MenuRegistry: Registered screen factory 'TaskListScreen_Agenda' in container (viewMode=agenda)
[2025-12-19 23:07:01.101] MenuRegistry: Registered 'Agenda View' in 'Tasks' menu (hotkey=A order=50)
[2025-12-19 23:07:01.102] ServiceContainer: Registered 'TaskListScreen_Month' (singleton=False)
[2025-12-19 23:07:01.103] MenuRegistry: Registered screen factory 'TaskListScreen_Month' in container (viewMode=month)
[2025-12-19 23:07:01.105] MenuRegistry: Registered 'Month View' in 'Tasks' menu (hotkey=M order=45)
[2025-12-19 23:07:01.106] ServiceContainer: Registered 'TaskListScreen_Overdue' (singleton=False)
[2025-12-19 23:07:01.107] MenuRegistry: Registered screen factory 'TaskListScreen_Overdue' in container (viewMode=overdue)
[2025-12-19 23:07:01.108] MenuRegistry: Registered 'Overdue' in 'Tasks' menu (hotkey=O order=30)
[2025-12-19 23:07:01.110] ServiceContainer: Registered 'ProjectListScreen' (singleton=False)
[2025-12-19 23:07:01.111] MenuRegistry: Registered screen factory 'ProjectListScreen' in container (viewMode=)
[2025-12-19 23:07:01.112] MenuRegistry: Registered 'Project List' in 'Projects' menu (hotkey=L order=10)
[2025-12-19 23:07:01.114] ServiceContainer: Registered 'NotesMenuScreen' (singleton=False)
[2025-12-19 23:07:01.115] MenuRegistry: Registered screen factory 'NotesMenuScreen' in container (viewMode=)
[2025-12-19 23:07:01.116] MenuRegistry: Registered 'Notes' in 'Tools' menu (hotkey=N order=20)
[2025-12-19 23:07:01.118] ServiceContainer: Registered 'TaskListScreen_Today' (singleton=False)
[2025-12-19 23:07:01.119] MenuRegistry: Registered screen factory 'TaskListScreen_Today' in container (viewMode=today)
[2025-12-19 23:07:01.120] MenuRegistry: Registered 'Today' in 'Tasks' menu (hotkey=Y order=10)
[2025-12-19 23:07:01.122] ServiceContainer: Resolving 'TaskListScreen'...
[2025-12-19 23:07:01.124] ServiceContainer: Resolving 'TaskStore'...
[2025-12-19 23:07:01.324] ServiceContainer: Resolved 'TaskStore' successfully
[2025-12-19 23:07:02.013] _PopulateMenusFromRegistry: Menu 'Tasks' has 10 items from registry (array)
[2025-12-19 23:07:02.028] _PopulateMenusFromRegistry: Menu 'Help' has 1 items from registry (array)
[2025-12-19 23:07:02.031] _PopulateMenusFromRegistry: Menu 'Projects' has 3 items from registry (array)
[2025-12-19 23:07:02.041] _PopulateMenusFromRegistry: Menu 'Tools' has 4 items from registry (array)
[2025-12-19 23:07:02.044] _PopulateMenusFromRegistry: Menu 'Time' has 3 items from registry (array)
[2025-12-19 23:07:02.046] _PopulateMenusFromRegistry: Menu 'Options' has 2 items from registry (array)
[2025-12-19 23:07:02.048] ServiceContainer: Resolved 'TaskListScreen' successfully
