[2025-12-19 08:20:16.812] [INFO] Loading PMC module...
[2025-12-19 08:20:17.665] [INFO] PMC module loaded
[2025-12-19 08:20:17.666] [INFO] Loading dependencies (FieldSchemas, etc.)...
[2025-12-19 08:20:17.749] [INFO] Dependencies loaded
[2025-12-19 08:20:17.750] [INFO] Loading SpeedTUI framework...
[2025-12-19 08:20:18.844] [INFO] SpeedTUI framework loaded
[2025-12-19 08:20:18.845] [INFO] Loading PraxisVT...
[2025-12-19 08:20:18.846] [INFO] PraxisVT loaded
[2025-12-19 08:20:18.847] [INFO] Loading core dependencies...
[2025-12-19 08:20:18.881] [INFO] Core dependencies loaded
[2025-12-19 08:20:18.882] [INFO] Loading widget base classes...
[2025-12-19 08:20:18.922] [INFO] Widget base classes loaded
[2025-12-19 08:20:18.923] [INFO] Loading services...
[2025-12-19 08:20:19.005] [INFO] Services loaded
[2025-12-19 08:20:19.005] [INFO] Loading helpers...
[2025-12-19 08:20:19.149] [INFO] Helpers loaded
[2025-12-19 08:20:19.150] [INFO] Loading widgets...
[2025-12-19 08:20:19.347] [INFO] Widgets loaded
[2025-12-19 08:20:19.348] [INFO] Loading screen base class...
[2025-12-19 08:20:19.358] [INFO] Screen base class loaded
[2025-12-19 08:20:19.359] [INFO] Loading HelpViewScreen (needed by base classes)...
[2025-12-19 08:20:19.364] [INFO] HelpViewScreen loaded
[2025-12-19 08:20:19.365] [INFO] Loading base classes...
[2025-12-19 08:20:19.457] [INFO] Base classes loaded
[2025-12-19 08:20:19.459] [INFO] Loading ServiceContainer (needed by screens)...
[2025-12-19 08:20:19.465] [INFO] ServiceContainer loaded
[2025-12-19 08:20:19.466] [INFO] Loading remaining screens...
[2025-12-19 08:20:19.547] [INFO] Remaining screens loaded
[2025-12-19 08:20:19.548] [INFO] Loading PmcApplication...
[2025-12-19 08:20:19.559] [INFO] PmcApplication loaded
[2025-12-19 08:20:19.560] [INFO] All components loaded successfully
[2025-12-19 08:20:19.575] [INFO] Starting PMC TUI with screen: TaskList
[2025-12-19 08:20:19.581] [INFO] Cleared stale PmcSharedMenuBar and MenuRegistry singleton
[2025-12-19 08:20:19.582] [INFO] Creating ServiceContainer...
[2025-12-19 08:20:19.596] [INFO] ServiceContainer created
[2025-12-19 08:20:19.598] [INFO] Registering Theme service...
[2025-12-19 08:20:19.611] ServiceContainer: Registered 'Theme' (singleton=True)
[2025-12-19 08:20:19.614] [INFO] Registering ThemeManager...
[2025-12-19 08:20:19.615] ServiceContainer: Registered 'ThemeManager' (singleton=True)
[2025-12-19 08:20:19.616] [INFO] Registering Config service...
[2025-12-19 08:20:19.617] ServiceContainer: Registered 'Config' (singleton=True)
[2025-12-19 08:20:19.617] [INFO] Registering TaskStore service...
[2025-12-19 08:20:19.618] ServiceContainer: Registered 'TaskStore' (singleton=True)
[2025-12-19 08:20:19.619] [INFO] Registering MenuRegistry service...
[2025-12-19 08:20:19.619] ServiceContainer: Registered 'MenuRegistry' (singleton=True)
[2025-12-19 08:20:19.620] [INFO] Registering Application service...
[2025-12-19 08:20:19.621] ServiceContainer: Registered 'Application' (singleton=True)
[2025-12-19 08:20:19.622] [INFO] Registering CommandService...
[2025-12-19 08:20:19.622] ServiceContainer: Registered 'CommandService' (singleton=True)
[2025-12-19 08:20:19.623] [INFO] Registering ChecklistService...
[2025-12-19 08:20:19.624] ServiceContainer: Registered 'ChecklistService' (singleton=True)
[2025-12-19 08:20:19.625] [INFO] Registering NoteService...
[2025-12-19 08:20:19.625] ServiceContainer: Registered 'NoteService' (singleton=True)
[2025-12-19 08:20:19.626] [INFO] Registering ExcelMappingService...
[2025-12-19 08:20:19.627] ServiceContainer: Registered 'ExcelMappingService' (singleton=True)
[2025-12-19 08:20:19.627] [INFO] Registering PreferencesService...
[2025-12-19 08:20:19.628] ServiceContainer: Registered 'PreferencesService' (singleton=True)
[2025-12-19 08:20:19.629] [INFO] Registering screen factories...
[2025-12-19 08:20:19.629] ServiceContainer: Registered 'TaskListScreen' (singleton=False)
[2025-12-19 08:20:19.630] [INFO] Resolving Application from container...
[2025-12-19 08:20:19.642] ServiceContainer: Resolving 'Application'...
[2025-12-19 08:20:19.644] [INFO] Resolving Application...
[2025-12-19 08:20:19.644] ServiceContainer: Resolving 'Theme'...
[2025-12-19 08:20:19.647] [INFO] Resolving Theme: Resetting singletons and initializing...
[2025-12-19 08:20:19.779] [INFO] Theme initialized: #ff00ff
[2025-12-19 08:20:19.782] ServiceContainer: Resolved 'Theme' successfully
[2025-12-19 08:20:19.859] ServiceContainer: Resolving 'ThemeManager'...
[2025-12-19 08:20:19.861] [INFO] Resolving ThemeManager...
[2025-12-19 08:20:19.862] ServiceContainer: Resolved 'ThemeManager' successfully
[2025-12-19 08:20:19.873] ServiceContainer: Resolved 'Application' successfully
[2025-12-19 08:20:19.874] [INFO] Application resolved and assigned to $global:PmcApp
[2025-12-19 08:20:19.875] [INFO] Loading menus from manifest...
[2025-12-19 08:20:19.876] ServiceContainer: Resolving 'MenuRegistry'...
[2025-12-19 08:20:19.878] [INFO] Resolving MenuRegistry...
[2025-12-19 08:20:19.888] ServiceContainer: Resolved 'MenuRegistry' successfully
[2025-12-19 08:20:19.903] MenuRegistry: Loaded manifest with 23 entries
[2025-12-19 08:20:19.925] ServiceContainer: Registered 'TaskListScreen_Week' (singleton=False)
[2025-12-19 08:20:19.926] MenuRegistry: Registered screen factory 'TaskListScreen_Week' in container (viewMode=week)
[2025-12-19 08:20:19.938] MenuRegistry: Registered 'Week View' in 'Tasks' menu (hotkey=W order=20)
[2025-12-19 08:20:19.940] ServiceContainer: Registered 'TaskListScreen_Overdue' (singleton=False)
[2025-12-19 08:20:19.941] MenuRegistry: Registered screen factory 'TaskListScreen_Overdue' in container (viewMode=overdue)
[2025-12-19 08:20:19.942] MenuRegistry: Registered 'Overdue' in 'Tasks' menu (hotkey=O order=30)
[2025-12-19 08:20:19.943] ServiceContainer: Registered 'TaskListScreen_Default' (singleton=False)
[2025-12-19 08:20:19.944] MenuRegistry: Registered screen factory 'TaskListScreen_Default' in container (viewMode=)
[2025-12-19 08:20:19.945] MenuRegistry: Registered 'Task List' in 'Tasks' menu (hotkey=L order=5)
[2025-12-19 08:20:19.946] ServiceContainer: Registered 'ThemeEditorScreen' (singleton=False)
[2025-12-19 08:20:19.947] MenuRegistry: Registered screen factory 'ThemeEditorScreen' in container (viewMode=)
[2025-12-19 08:20:19.948] MenuRegistry: Registered 'Theme Editor' in 'Options' menu (hotkey=T order=10)
[2025-12-19 08:20:19.949] ServiceContainer: Registered 'HelpViewScreen' (singleton=False)
[2025-12-19 08:20:19.950] MenuRegistry: Registered screen factory 'HelpViewScreen' in container (viewMode=)
[2025-12-19 08:20:19.951] MenuRegistry: Registered 'Help' in 'Help' menu (hotkey=H order=10)
[2025-12-19 08:20:19.952] ServiceContainer: Registered 'TimeReportScreen' (singleton=False)
[2025-12-19 08:20:19.953] MenuRegistry: Registered screen factory 'TimeReportScreen' in container (viewMode=)
[2025-12-19 08:20:19.958] MenuRegistry: Registered 'Time Report' in 'Time' menu (hotkey=R order=20)
[2025-12-19 08:20:19.959] ServiceContainer: Registered 'NotesMenuScreen' (singleton=False)
[2025-12-19 08:20:19.960] MenuRegistry: Registered screen factory 'NotesMenuScreen' in container (viewMode=)
[2025-12-19 08:20:19.960] MenuRegistry: Registered 'Notes' in 'Tools' menu (hotkey=N order=20)
[2025-12-19 08:20:19.961] ServiceContainer: Registered 'ChecklistsLauncherScreen' (singleton=False)
[2025-12-19 08:20:19.962] MenuRegistry: Registered screen factory 'ChecklistsLauncherScreen' in container (viewMode=)
[2025-12-19 08:20:19.963] MenuRegistry: Registered 'Checklists' in 'Tools' menu (hotkey=C order=25)
[2025-12-19 08:20:19.964] ServiceContainer: Registered 'TaskListScreen_NoDate' (singleton=False)
[2025-12-19 08:20:19.964] MenuRegistry: Registered screen factory 'TaskListScreen_NoDate' in container (viewMode=noduedate)
[2025-12-19 08:20:19.965] MenuRegistry: Registered 'No Due Date' in 'Tasks' menu (hotkey=D order=40)
[2025-12-19 08:20:19.967] ServiceContainer: Registered 'CommandLibraryScreen' (singleton=False)
[2025-12-19 08:20:19.967] MenuRegistry: Registered screen factory 'CommandLibraryScreen' in container (viewMode=)
[2025-12-19 08:20:19.968] MenuRegistry: Registered 'Command Library' in 'Tools' menu (hotkey=L order=10)
[2025-12-19 08:20:19.969] ServiceContainer: Registered 'ChecklistTemplatesFolderScreen' (singleton=False)
[2025-12-19 08:20:19.970] MenuRegistry: Registered screen factory 'ChecklistTemplatesFolderScreen' in container (viewMode=)
[2025-12-19 08:20:19.971] MenuRegistry: Registered 'Checklist Templates' in 'Tools' menu (hotkey=H order=30)
[2025-12-19 08:20:19.972] ServiceContainer: Registered 'TaskListScreen_Agenda' (singleton=False)
[2025-12-19 08:20:19.973] MenuRegistry: Registered screen factory 'TaskListScreen_Agenda' in container (viewMode=agenda)
[2025-12-19 08:20:19.973] MenuRegistry: Registered 'Agenda View' in 'Tasks' menu (hotkey=A order=50)
[2025-12-19 08:20:19.974] ServiceContainer: Registered 'ExcelImportScreen' (singleton=False)
[2025-12-19 08:20:19.975] MenuRegistry: Registered screen factory 'ExcelImportScreen' in container (viewMode=)
[2025-12-19 08:20:19.976] MenuRegistry: Registered 'Import from Excel' in 'Projects' menu (hotkey=I order=40)
[2025-12-19 08:20:19.977] ServiceContainer: Registered 'WeeklyTimeReportScreen' (singleton=False)
[2025-12-19 08:20:19.978] MenuRegistry: Registered screen factory 'WeeklyTimeReportScreen' in container (viewMode=)
[2025-12-19 08:20:19.978] MenuRegistry: Registered 'Weekly Report' in 'Time' menu (hotkey=W order=10)
[2025-12-19 08:20:19.979] ServiceContainer: Registered 'TimeListScreen' (singleton=False)
[2025-12-19 08:20:19.980] MenuRegistry: Registered screen factory 'TimeListScreen' in container (viewMode=)
[2025-12-19 08:20:19.981] MenuRegistry: Registered 'Time Tracking' in 'Time' menu (hotkey=T order=5)
[2025-12-19 08:20:19.982] ServiceContainer: Registered 'ProjectListScreen' (singleton=False)
[2025-12-19 08:20:19.983] MenuRegistry: Registered screen factory 'ProjectListScreen' in container (viewMode=)
[2025-12-19 08:20:19.984] MenuRegistry: Registered 'Project List' in 'Projects' menu (hotkey=L order=10)
[2025-12-19 08:20:19.985] ServiceContainer: Registered 'TaskListScreen_Upcoming' (singleton=False)
[2025-12-19 08:20:19.986] MenuRegistry: Registered screen factory 'TaskListScreen_Upcoming' in container (viewMode=upcoming)
[2025-12-19 08:20:19.987] MenuRegistry: Registered 'Upcoming' in 'Tasks' menu (hotkey=U order=25)
[2025-12-19 08:20:19.988] ServiceContainer: Registered 'ExcelProfileManagerScreen' (singleton=False)
[2025-12-19 08:20:19.988] MenuRegistry: Registered screen factory 'ExcelProfileManagerScreen' in container (viewMode=)
[2025-12-19 08:20:19.989] MenuRegistry: Registered 'Excel Profiles' in 'Projects' menu (hotkey=M order=50)
[2025-12-19 08:20:19.990] ServiceContainer: Registered 'TaskListScreen_Today' (singleton=False)
[2025-12-19 08:20:19.991] MenuRegistry: Registered screen factory 'TaskListScreen_Today' in container (viewMode=today)
[2025-12-19 08:20:19.992] MenuRegistry: Registered 'Today' in 'Tasks' menu (hotkey=Y order=10)
[2025-12-19 08:20:19.993] ServiceContainer: Registered 'SettingsScreen' (singleton=False)
[2025-12-19 08:20:19.994] MenuRegistry: Registered screen factory 'SettingsScreen' in container (viewMode=)
[2025-12-19 08:20:20.003] MenuRegistry: Registered 'Settings' in 'Options' menu (hotkey=S order=20)
[2025-12-19 08:20:20.005] ServiceContainer: Registered 'TaskListScreen_Tomorrow' (singleton=False)
[2025-12-19 08:20:20.005] MenuRegistry: Registered screen factory 'TaskListScreen_Tomorrow' in container (viewMode=tomorrow)
[2025-12-19 08:20:20.006] MenuRegistry: Registered 'Tomorrow' in 'Tasks' menu (hotkey=T order=15)
[2025-12-19 08:20:20.008] ServiceContainer: Registered 'TaskListScreen_NextActions' (singleton=False)
[2025-12-19 08:20:20.009] MenuRegistry: Registered screen factory 'TaskListScreen_NextActions' in container (viewMode=nextactions)
[2025-12-19 08:20:20.010] MenuRegistry: Registered 'Next Actions' in 'Tasks' menu (hotkey=N order=35)
[2025-12-19 08:20:20.011] ServiceContainer: Registered 'TaskListScreen_Month' (singleton=False)
[2025-12-19 08:20:20.012] MenuRegistry: Registered screen factory 'TaskListScreen_Month' in container (viewMode=month)
[2025-12-19 08:20:20.013] MenuRegistry: Registered 'Month View' in 'Tasks' menu (hotkey=M order=45)
[2025-12-19 08:20:20.014] [INFO] Menus loaded from /home/teej/ztest/module/Pmc.Strict/consoleui/screens/MenuItems.psd1
[2025-12-19 08:20:20.015] [INFO] Launching screen: TaskList
[2025-12-19 08:20:20.016] [INFO] Resolving TaskListScreen from container...
[2025-12-19 08:20:20.017] ServiceContainer: Resolving 'TaskListScreen'...
[2025-12-19 08:20:20.019] [INFO] Resolving TaskListScreen...
[2025-12-19 08:20:20.020] ServiceContainer: Resolving 'TaskStore'...
[2025-12-19 08:20:20.022] [INFO] Resolving TaskStore...
[2025-12-19 08:20:20.272] ServiceContainer: Resolved 'TaskStore' successfully
[2025-12-19 08:20:20.936] _PopulateMenusFromRegistry: Menu 'Options' has 2 items from registry (array)
[2025-12-19 08:20:20.953] _PopulateMenusFromRegistry: Menu 'Time' has 3 items from registry (array)
[2025-12-19 08:20:20.956] _PopulateMenusFromRegistry: Menu 'Tools' has 4 items from registry (array)
[2025-12-19 08:20:20.959] _PopulateMenusFromRegistry: Menu 'Projects' has 3 items from registry (array)
[2025-12-19 08:20:20.964] _PopulateMenusFromRegistry: Menu 'Tasks' has 10 items from registry (array)
[2025-12-19 08:20:20.967] _PopulateMenusFromRegistry: Menu 'Help' has 1 items from registry (array)
[2025-12-19 08:20:20.968] ServiceContainer: Resolved 'TaskListScreen' successfully
[2025-12-19 08:20:20.969] [INFO] Pushing screen to app...
[2025-12-19 08:20:21.393] [INFO] Screen pushed successfully
[2025-12-19 08:20:21.394] [INFO] Starting event loop...
[2025-12-19 08:20:21.764] [ERROR] Widget render error: Panel render failed: Cannot convert argument "fg", with value: "rounded", for "DrawBox" to type "System.Int32": "Cannot convert value "rounded" to type "System.Int32". Error: "The input string 'rounded' was not in a correct format.""
[2025-12-19 08:20:21.765] [ERROR] Stack: at RenderToEngine, /home/teej/ztest/module/Pmc.Strict/consoleui/widgets/PmcPanel.ps1: line 150
at RenderToEngine, /home/teej/ztest/module/Pmc.Strict/consoleui/PmcScreen.ps1: line 397
at RenderToEngine, /home/teej/ztest/module/Pmc.Strict/consoleui/base/StandardListScreen.ps1: line 217
at RenderToEngine, /home/teej/ztest/module/Pmc.Strict/consoleui/screens/TaskListScreen.ps1: line 1979
at _RenderCurrentScreen, /home/teej/ztest/module/Pmc.Strict/consoleui/PmcApplication.ps1: line 233
at Run, /home/teej/ztest/module/Pmc.Strict/consoleui/PmcApplication.ps1: line 457
at Start-PmcTUI, /home/teej/ztest/module/Pmc.Strict/consoleui/Start-PmcTUI.ps1: line 572
at <ScriptBlock>, /home/teej/ztest/start.ps1: line 38
at <ScriptBlock>, <No file>: line 1
[2025-12-19 08:20:21.766] [ERROR] TargetObject: 
[2025-12-19 08:20:21.768] [ERROR] InvocationInfo:             $engine.DrawBox($this.X, $this.Y, $this.Width, $this.Height, $this.BorderStyle, $borderColor, $bg)

