[2026-01-01 18:49:14.584] ServiceContainer: Registered 'Theme' (singleton=True)
[2026-01-01 18:49:14.597] ServiceContainer: Registered 'ThemeManager' (singleton=True)
[2026-01-01 18:49:14.598] ServiceContainer: Registered 'Config' (singleton=True)
[2026-01-01 18:49:14.599] ServiceContainer: Registered 'TaskStore' (singleton=True)
[2026-01-01 18:49:14.600] ServiceContainer: Registered 'MenuRegistry' (singleton=True)
[2026-01-01 18:49:14.601] ServiceContainer: Registered 'Application' (singleton=True)
[2026-01-01 18:49:14.602] ServiceContainer: Registered 'CommandService' (singleton=True)
[2026-01-01 18:49:14.603] ServiceContainer: Registered 'ChecklistService' (singleton=True)
[2026-01-01 18:49:14.604] ServiceContainer: Registered 'NoteService' (singleton=True)
[2026-01-01 18:49:14.605] ServiceContainer: Registered 'ExcelMappingService' (singleton=True)
[2026-01-01 18:49:14.606] ServiceContainer: Registered 'ExcelCopyService' (singleton=True)
[2026-01-01 18:49:14.607] ServiceContainer: Registered 'PreferencesService' (singleton=True)
[2026-01-01 18:49:14.608] ServiceContainer: Registered 'ExcelImportService' (singleton=True)
[2026-01-01 18:49:14.609] ServiceContainer: Registered 'TextExportService' (singleton=True)
[2026-01-01 18:49:14.610] ServiceContainer: Registered 'TaskListScreen' (singleton=False)
[2026-01-01 18:49:14.630] ServiceContainer: Resolving 'Application'...
[2026-01-01 18:49:14.632] ServiceContainer: Resolving 'Theme'...
[2026-01-01 18:49:14.889] ServiceContainer: Resolved 'Theme' successfully
[2026-01-01 18:49:15.000] ServiceContainer: Resolving 'ThemeManager'...
[2026-01-01 18:49:15.003] ServiceContainer: Resolved 'ThemeManager' successfully
[2026-01-01 18:49:15.021] ServiceContainer: Resolved 'Application' successfully
[2026-01-01 18:49:15.023] ServiceContainer: Resolving 'MenuRegistry'...
[2026-01-01 18:49:15.037] ServiceContainer: Resolved 'MenuRegistry' successfully
[2026-01-01 18:49:15.060] MenuRegistry: Loaded manifest with 16 entries
[2026-01-01 18:49:15.110] ServiceContainer: Registered 'TimeReportScreen' (singleton=False)
[2026-01-01 18:49:15.112] MenuRegistry: Registered 'Time Report' in 'Time' menu (hotkey=R order=20)
[2026-01-01 18:49:15.149] MenuRegistry: Registered 'Time Report' in 'Time' menu (hotkey=R order=20)
[2026-01-01 18:49:15.153] ServiceContainer: Registered 'ExcelImportProfileManagerScreen' (singleton=False)
[2026-01-01 18:49:15.155] MenuRegistry: Registered 'Excel Import Profiles' in 'Tools' menu (hotkey=I order=40)
[2026-01-01 18:49:15.159] MenuRegistry: Registered 'Excel Import Profiles' in 'Tools' menu (hotkey=I order=40)
[2026-01-01 18:49:15.163] ServiceContainer: Registered 'ChecklistsLauncherScreen' (singleton=False)
[2026-01-01 18:49:15.165] MenuRegistry: Registered 'Checklists' in 'Tools' menu (hotkey=C order=25)
[2026-01-01 18:49:15.168] MenuRegistry: Registered 'Checklists' in 'Tools' menu (hotkey=C order=25)
[2026-01-01 18:49:15.172] ServiceContainer: Registered 'SettingsScreen' (singleton=False)
[2026-01-01 18:49:15.174] MenuRegistry: Registered 'Settings' in 'Options' menu (hotkey=S order=20)
[2026-01-01 18:49:15.193] MenuRegistry: Registered 'Settings' in 'Options' menu (hotkey=S order=20)
[2026-01-01 18:49:15.197] ServiceContainer: Registered 'ExcelImportScreen' (singleton=False)
[2026-01-01 18:49:15.200] MenuRegistry: Registered 'Import from Excel' in 'Projects' menu (hotkey=I order=40)
[2026-01-01 18:49:15.203] MenuRegistry: Registered 'Import from Excel' in 'Projects' menu (hotkey=I order=40)
[2026-01-01 18:49:15.206] ServiceContainer: Registered 'TimeListScreen' (singleton=False)
[2026-01-01 18:49:15.208] MenuRegistry: Registered 'Time Tracking' in 'Time' menu (hotkey=T order=5)
[2026-01-01 18:49:15.211] MenuRegistry: Registered 'Time Tracking' in 'Time' menu (hotkey=T order=5)
[2026-01-01 18:49:15.214] ServiceContainer: Registered 'ExcelProfileManagerScreen' (singleton=False)
[2026-01-01 18:49:15.216] MenuRegistry: Registered 'Excel Profiles' in 'Projects' menu (hotkey=M order=50)
[2026-01-01 18:49:15.220] MenuRegistry: Registered 'Excel Profiles' in 'Projects' menu (hotkey=M order=50)
[2026-01-01 18:49:15.223] ServiceContainer: Registered 'ProjectListScreen' (singleton=False)
[2026-01-01 18:49:15.226] MenuRegistry: Registered 'Project List' in 'Projects' menu (hotkey=L order=10)
[2026-01-01 18:49:15.229] MenuRegistry: Registered 'Project List' in 'Projects' menu (hotkey=L order=10)
[2026-01-01 18:49:15.231] ServiceContainer: Registered 'WeeklyTimeReportScreen' (singleton=False)
[2026-01-01 18:49:15.232] MenuRegistry: Registered 'Weekly Report' in 'Time' menu (hotkey=W order=10)
[2026-01-01 18:49:15.234] MenuRegistry: Registered 'Weekly Report' in 'Time' menu (hotkey=W order=10)
[2026-01-01 18:49:15.238] ServiceContainer: Registered 'TextExportProfileManagerScreen' (singleton=False)
[2026-01-01 18:49:15.239] MenuRegistry: Registered 'T2020 Export Profiles' in 'Tools' menu (hotkey=E order=45)
[2026-01-01 18:49:15.241] MenuRegistry: Registered 'T2020 Export Profiles' in 'Tools' menu (hotkey=E order=45)
[2026-01-01 18:49:15.244] ServiceContainer: Registered 'NotesMenuScreen' (singleton=False)
[2026-01-01 18:49:15.245] MenuRegistry: Registered 'Notes' in 'Tools' menu (hotkey=N order=20)
[2026-01-01 18:49:15.247] MenuRegistry: Registered 'Notes' in 'Tools' menu (hotkey=N order=20)
[2026-01-01 18:49:15.250] ServiceContainer: Registered 'TaskListScreen_Default' (singleton=False)
[2026-01-01 18:49:15.252] MenuRegistry: Registered 'Task List' in 'Tasks' menu (hotkey=L order=5)
[2026-01-01 18:49:15.254] MenuRegistry: Registered 'Task List' in 'Tasks' menu (hotkey=L order=5)
[2026-01-01 18:49:15.259] ServiceContainer: Registered 'CommandLibraryScreen' (singleton=False)
[2026-01-01 18:49:15.263] MenuRegistry: Registered 'Command Library' in 'Tools' menu (hotkey=L order=10)
[2026-01-01 18:49:15.268] MenuRegistry: Registered 'Command Library' in 'Tools' menu (hotkey=L order=10)
[2026-01-01 18:49:15.274] ServiceContainer: Registered 'HelpViewScreen' (singleton=False)
[2026-01-01 18:49:15.279] MenuRegistry: Registered 'Help' in 'Help' menu (hotkey=H order=10)
[2026-01-01 18:49:15.284] MenuRegistry: Registered 'Help' in 'Help' menu (hotkey=H order=10)
[2026-01-01 18:49:15.291] ServiceContainer: Registered 'ThemeEditorScreen' (singleton=False)
[2026-01-01 18:49:15.293] MenuRegistry: Registered 'Theme Editor' in 'Options' menu (hotkey=T order=10)
[2026-01-01 18:49:15.296] MenuRegistry: Registered 'Theme Editor' in 'Options' menu (hotkey=T order=10)
[2026-01-01 18:49:15.299] ServiceContainer: Registered 'ChecklistTemplatesFolderScreen' (singleton=False)
[2026-01-01 18:49:15.300] MenuRegistry: Registered 'Checklist Templates' in 'Tools' menu (hotkey=H order=30)
[2026-01-01 18:49:15.303] MenuRegistry: Registered 'Checklist Templates' in 'Tools' menu (hotkey=H order=30)
[2026-01-01 18:49:15.306] ServiceContainer: Resolving 'TaskListScreen'...
[2026-01-01 18:49:15.311] ServiceContainer: Resolving 'TaskStore'...
[2026-01-01 18:49:15.462] ServiceContainer: Resolved 'TaskStore' successfully
[2026-01-01 18:49:16.498] _PopulateMenusFromRegistry: Menu 'Tools' has 6 items from registry (array)
[2026-01-01 18:49:16.525] _PopulateMenusFromRegistry: Menu 'Projects' has 3 items from registry (array)
[2026-01-01 18:49:16.529] _PopulateMenusFromRegistry: Menu 'Time' has 3 items from registry (array)
[2026-01-01 18:49:16.533] _PopulateMenusFromRegistry: Menu 'Tasks' has 1 items from registry (array)
[2026-01-01 18:49:16.535] _PopulateMenusFromRegistry: Menu 'Help' has 1 items from registry (array)
[2026-01-01 18:49:16.539] _PopulateMenusFromRegistry: Menu 'Options' has 2 items from registry (array)
[2026-01-01 18:49:16.542] ServiceContainer: Resolved 'TaskListScreen' successfully
[2026-01-01 18:49:24.821] ServiceContainer: Resolving 'ChecklistTemplatesFolderScreen'...
[2026-01-01 18:49:25.123] ServiceContainer: Resolved 'ChecklistTemplatesFolderScreen' successfully
