[2025-12-20 13:31:17.607] ServiceContainer: Registered 'Theme' (singleton=True)
[2025-12-20 13:31:17.618] ServiceContainer: Registered 'ThemeManager' (singleton=True)
[2025-12-20 13:31:17.620] ServiceContainer: Registered 'Config' (singleton=True)
[2025-12-20 13:31:17.621] ServiceContainer: Registered 'TaskStore' (singleton=True)
[2025-12-20 13:31:17.623] ServiceContainer: Registered 'MenuRegistry' (singleton=True)
[2025-12-20 13:31:17.624] ServiceContainer: Registered 'Application' (singleton=True)
[2025-12-20 13:31:17.625] ServiceContainer: Registered 'CommandService' (singleton=True)
[2025-12-20 13:31:17.627] ServiceContainer: Registered 'ChecklistService' (singleton=True)
[2025-12-20 13:31:17.628] ServiceContainer: Registered 'NoteService' (singleton=True)
[2025-12-20 13:31:17.629] ServiceContainer: Registered 'ExcelMappingService' (singleton=True)
[2025-12-20 13:31:17.631] ServiceContainer: Registered 'PreferencesService' (singleton=True)
[2025-12-20 13:31:17.632] ServiceContainer: Registered 'TaskListScreen' (singleton=False)
[2025-12-20 13:31:17.668] ServiceContainer: Resolving 'Application'...
[2025-12-20 13:31:17.671] ServiceContainer: Resolving 'Theme'...
[2025-12-20 13:31:17.953] ServiceContainer: Resolved 'Theme' successfully
[2025-12-20 13:31:18.057] ServiceContainer: Resolving 'ThemeManager'...
[2025-12-20 13:31:18.059] ServiceContainer: Resolved 'ThemeManager' successfully
[2025-12-20 13:31:18.081] ServiceContainer: Resolved 'Application' successfully
[2025-12-20 13:31:18.082] ServiceContainer: Resolving 'MenuRegistry'...
[2025-12-20 13:31:18.099] ServiceContainer: Resolved 'MenuRegistry' successfully
[2025-12-20 13:31:18.121] MenuRegistry: Loaded manifest with 23 entries
[2025-12-20 13:31:18.165] ServiceContainer: Registered 'WeeklyTimeReportScreen' (singleton=False)
[2025-12-20 13:31:18.167] MenuRegistry: Registered screen factory 'WeeklyTimeReportScreen' in container (viewMode=)
[2025-12-20 13:31:18.186] MenuRegistry: Registered 'Weekly Report' in 'Time' menu (hotkey=W order=10)
[2025-12-20 13:31:18.189] ServiceContainer: Registered 'ChecklistsLauncherScreen' (singleton=False)
[2025-12-20 13:31:18.190] MenuRegistry: Registered screen factory 'ChecklistsLauncherScreen' in container (viewMode=)
[2025-12-20 13:31:18.192] MenuRegistry: Registered 'Checklists' in 'Tools' menu (hotkey=C order=25)
[2025-12-20 13:31:18.193] ServiceContainer: Registered 'SettingsScreen' (singleton=False)
[2025-12-20 13:31:18.194] MenuRegistry: Registered screen factory 'SettingsScreen' in container (viewMode=)
[2025-12-20 13:31:18.196] MenuRegistry: Registered 'Settings' in 'Options' menu (hotkey=S order=20)
[2025-12-20 13:31:18.197] ServiceContainer: Registered 'ExcelProfileManagerScreen' (singleton=False)
[2025-12-20 13:31:18.198] MenuRegistry: Registered screen factory 'ExcelProfileManagerScreen' in container (viewMode=)
[2025-12-20 13:31:18.200] MenuRegistry: Registered 'Excel Profiles' in 'Projects' menu (hotkey=M order=50)
[2025-12-20 13:31:18.201] ServiceContainer: Registered 'CommandLibraryScreen' (singleton=False)
[2025-12-20 13:31:18.202] MenuRegistry: Registered screen factory 'CommandLibraryScreen' in container (viewMode=)
[2025-12-20 13:31:18.204] MenuRegistry: Registered 'Command Library' in 'Tools' menu (hotkey=L order=10)
[2025-12-20 13:31:18.205] ServiceContainer: Registered 'ChecklistTemplatesFolderScreen' (singleton=False)
[2025-12-20 13:31:18.206] MenuRegistry: Registered screen factory 'ChecklistTemplatesFolderScreen' in container (viewMode=)
[2025-12-20 13:31:18.207] MenuRegistry: Registered 'Checklist Templates' in 'Tools' menu (hotkey=H order=30)
[2025-12-20 13:31:18.211] ServiceContainer: Registered 'TaskListScreen_Upcoming' (singleton=False)
[2025-12-20 13:31:18.212] MenuRegistry: Registered screen factory 'TaskListScreen_Upcoming' in container (viewMode=upcoming)
[2025-12-20 13:31:18.214] MenuRegistry: Registered 'Upcoming' in 'Tasks' menu (hotkey=U order=25)
[2025-12-20 13:31:18.215] ServiceContainer: Registered 'TaskListScreen_Week' (singleton=False)
[2025-12-20 13:31:18.216] MenuRegistry: Registered screen factory 'TaskListScreen_Week' in container (viewMode=week)
[2025-12-20 13:31:18.218] MenuRegistry: Registered 'Week View' in 'Tasks' menu (hotkey=W order=20)
[2025-12-20 13:31:18.219] ServiceContainer: Registered 'TaskListScreen_Overdue' (singleton=False)
[2025-12-20 13:31:18.220] MenuRegistry: Registered screen factory 'TaskListScreen_Overdue' in container (viewMode=overdue)
[2025-12-20 13:31:18.222] MenuRegistry: Registered 'Overdue' in 'Tasks' menu (hotkey=O order=30)
[2025-12-20 13:31:18.223] ServiceContainer: Registered 'TimeReportScreen' (singleton=False)
[2025-12-20 13:31:18.224] MenuRegistry: Registered screen factory 'TimeReportScreen' in container (viewMode=)
[2025-12-20 13:31:18.226] MenuRegistry: Registered 'Time Report' in 'Time' menu (hotkey=R order=20)
[2025-12-20 13:31:18.227] ServiceContainer: Registered 'ThemeEditorScreen' (singleton=False)
[2025-12-20 13:31:18.228] MenuRegistry: Registered screen factory 'ThemeEditorScreen' in container (viewMode=)
[2025-12-20 13:31:18.230] MenuRegistry: Registered 'Theme Editor' in 'Options' menu (hotkey=T order=10)
[2025-12-20 13:31:18.231] ServiceContainer: Registered 'TaskListScreen_Tomorrow' (singleton=False)
[2025-12-20 13:31:18.232] MenuRegistry: Registered screen factory 'TaskListScreen_Tomorrow' in container (viewMode=tomorrow)
[2025-12-20 13:31:18.233] MenuRegistry: Registered 'Tomorrow' in 'Tasks' menu (hotkey=T order=15)
[2025-12-20 13:31:18.236] ServiceContainer: Registered 'ProjectListScreen' (singleton=False)
[2025-12-20 13:31:18.237] MenuRegistry: Registered screen factory 'ProjectListScreen' in container (viewMode=)
[2025-12-20 13:31:18.239] MenuRegistry: Registered 'Project List' in 'Projects' menu (hotkey=L order=10)
[2025-12-20 13:31:18.241] ServiceContainer: Registered 'ExcelImportScreen' (singleton=False)
[2025-12-20 13:31:18.242] MenuRegistry: Registered screen factory 'ExcelImportScreen' in container (viewMode=)
[2025-12-20 13:31:18.244] MenuRegistry: Registered 'Import from Excel' in 'Projects' menu (hotkey=I order=40)
[2025-12-20 13:31:18.246] ServiceContainer: Registered 'TaskListScreen_Month' (singleton=False)
[2025-12-20 13:31:18.277] MenuRegistry: Registered screen factory 'TaskListScreen_Month' in container (viewMode=month)
[2025-12-20 13:31:18.278] MenuRegistry: Registered 'Month View' in 'Tasks' menu (hotkey=M order=45)
[2025-12-20 13:31:18.280] ServiceContainer: Registered 'TaskListScreen_Default' (singleton=False)
[2025-12-20 13:31:18.281] MenuRegistry: Registered screen factory 'TaskListScreen_Default' in container (viewMode=)
[2025-12-20 13:31:18.282] MenuRegistry: Registered 'Task List' in 'Tasks' menu (hotkey=L order=5)
[2025-12-20 13:31:18.284] ServiceContainer: Registered 'TaskListScreen_Today' (singleton=False)
[2025-12-20 13:31:18.285] MenuRegistry: Registered screen factory 'TaskListScreen_Today' in container (viewMode=today)
[2025-12-20 13:31:18.287] MenuRegistry: Registered 'Today' in 'Tasks' menu (hotkey=Y order=10)
[2025-12-20 13:31:18.288] ServiceContainer: Registered 'NotesMenuScreen' (singleton=False)
[2025-12-20 13:31:18.289] MenuRegistry: Registered screen factory 'NotesMenuScreen' in container (viewMode=)
[2025-12-20 13:31:18.291] MenuRegistry: Registered 'Notes' in 'Tools' menu (hotkey=N order=20)
[2025-12-20 13:31:18.293] ServiceContainer: Registered 'HelpViewScreen' (singleton=False)
[2025-12-20 13:31:18.294] MenuRegistry: Registered screen factory 'HelpViewScreen' in container (viewMode=)
[2025-12-20 13:31:18.296] MenuRegistry: Registered 'Help' in 'Help' menu (hotkey=H order=10)
[2025-12-20 13:31:18.298] ServiceContainer: Registered 'TaskListScreen_Agenda' (singleton=False)
[2025-12-20 13:31:18.300] MenuRegistry: Registered screen factory 'TaskListScreen_Agenda' in container (viewMode=agenda)
[2025-12-20 13:31:18.302] MenuRegistry: Registered 'Agenda View' in 'Tasks' menu (hotkey=A order=50)
[2025-12-20 13:31:18.304] ServiceContainer: Registered 'TaskListScreen_NoDate' (singleton=False)
[2025-12-20 13:31:18.306] MenuRegistry: Registered screen factory 'TaskListScreen_NoDate' in container (viewMode=noduedate)
[2025-12-20 13:31:18.308] MenuRegistry: Registered 'No Due Date' in 'Tasks' menu (hotkey=D order=40)
[2025-12-20 13:31:18.310] ServiceContainer: Registered 'TimeListScreen' (singleton=False)
[2025-12-20 13:31:18.312] MenuRegistry: Registered screen factory 'TimeListScreen' in container (viewMode=)
[2025-12-20 13:31:18.314] MenuRegistry: Registered 'Time Tracking' in 'Time' menu (hotkey=T order=5)
[2025-12-20 13:31:18.317] ServiceContainer: Registered 'TaskListScreen_NextActions' (singleton=False)
[2025-12-20 13:31:18.319] MenuRegistry: Registered screen factory 'TaskListScreen_NextActions' in container (viewMode=nextactions)
[2025-12-20 13:31:18.321] MenuRegistry: Registered 'Next Actions' in 'Tasks' menu (hotkey=N order=35)
[2025-12-20 13:31:18.325] ServiceContainer: Resolving 'TaskListScreen'...
[2025-12-20 13:31:18.328] ServiceContainer: Resolving 'TaskStore'...
[2025-12-20 13:31:18.638] ServiceContainer: Resolved 'TaskStore' successfully
[2025-12-20 13:31:19.763] _PopulateMenusFromRegistry: Menu 'Options' has 2 items from registry (array)
[2025-12-20 13:31:19.802] _PopulateMenusFromRegistry: Menu 'Tools' has 4 items from registry (array)
[2025-12-20 13:31:19.806] _PopulateMenusFromRegistry: Menu 'Time' has 3 items from registry (array)
[2025-12-20 13:31:19.813] _PopulateMenusFromRegistry: Menu 'Tasks' has 10 items from registry (array)
[2025-12-20 13:31:19.817] _PopulateMenusFromRegistry: Menu 'Projects' has 3 items from registry (array)
[2025-12-20 13:31:19.822] _PopulateMenusFromRegistry: Menu 'Help' has 1 items from registry (array)
[2025-12-20 13:31:19.825] ServiceContainer: Resolved 'TaskListScreen' successfully
