[2026-01-03 17:48:29.613] ServiceContainer: Registered 'Theme' (singleton=True)
[2026-01-03 17:48:29.616] ServiceContainer: Registered 'ThemeManager' (singleton=True)
[2026-01-03 17:48:29.617] ServiceContainer: Registered 'Config' (singleton=True)
[2026-01-03 17:48:29.617] ServiceContainer: Registered 'TaskStore' (singleton=True)
[2026-01-03 17:48:29.618] ServiceContainer: Registered 'MenuRegistry' (singleton=True)
[2026-01-03 17:48:29.619] ServiceContainer: Registered 'Application' (singleton=True)
[2026-01-03 17:48:29.620] ServiceContainer: Registered 'CommandService' (singleton=True)
[2026-01-03 17:48:29.620] ServiceContainer: Registered 'ChecklistService' (singleton=True)
[2026-01-03 17:48:29.621] ServiceContainer: Registered 'NoteService' (singleton=True)
[2026-01-03 17:48:29.622] ServiceContainer: Registered 'ExcelMappingService' (singleton=True)
[2026-01-03 17:48:29.623] ServiceContainer: Registered 'ExcelCopyService' (singleton=True)
[2026-01-03 17:48:29.623] ServiceContainer: Registered 'PreferencesService' (singleton=True)
[2026-01-03 17:48:29.624] ServiceContainer: Registered 'ExcelImportService' (singleton=True)
[2026-01-03 17:48:29.625] ServiceContainer: Registered 'TextExportService' (singleton=True)
[2026-01-03 17:48:29.626] ServiceContainer: Registered 'TaskListScreen' (singleton=False)
[2026-01-03 17:48:29.639] ServiceContainer: Resolving 'Application'...
[2026-01-03 17:48:29.641] ServiceContainer: Resolving 'Theme'...
[2026-01-03 17:48:29.813] ServiceContainer: Resolved 'Theme' successfully
[2026-01-03 17:48:29.892] ServiceContainer: Resolving 'ThemeManager'...
[2026-01-03 17:48:29.895] ServiceContainer: Resolved 'ThemeManager' successfully
[2026-01-03 17:48:29.905] ServiceContainer: Resolved 'Application' successfully
[2026-01-03 17:48:29.906] ServiceContainer: Resolving 'MenuRegistry'...
[2026-01-03 17:48:29.917] ServiceContainer: Resolved 'MenuRegistry' successfully
[2026-01-03 17:48:29.936] MenuRegistry: Loaded manifest with 16 entries
[2026-01-03 17:48:29.962] ServiceContainer: Registered 'ProjectListScreen' (singleton=False)
[2026-01-03 17:48:29.963] MenuRegistry: Registered 'Project List' in 'Projects' menu (hotkey=L order=10)
[2026-01-03 17:48:29.978] MenuRegistry: Registered 'Project List' in 'Projects' menu (hotkey=L order=10)
[2026-01-03 17:48:29.980] ServiceContainer: Registered 'ThemeEditorScreen' (singleton=False)
[2026-01-03 17:48:29.980] MenuRegistry: Registered 'Theme Editor' in 'Options' menu (hotkey=T order=10)
[2026-01-03 17:48:29.982] MenuRegistry: Registered 'Theme Editor' in 'Options' menu (hotkey=T order=10)
[2026-01-03 17:48:29.984] ServiceContainer: Registered 'HelpViewScreen' (singleton=False)
[2026-01-03 17:48:29.984] MenuRegistry: Registered 'Help' in 'Help' menu (hotkey=H order=10)
[2026-01-03 17:48:29.986] MenuRegistry: Registered 'Help' in 'Help' menu (hotkey=H order=10)
[2026-01-03 17:48:29.987] ServiceContainer: Registered 'TextExportProfileManagerScreen' (singleton=False)
[2026-01-03 17:48:29.988] MenuRegistry: Registered 'T2020 Export Profiles' in 'Tools' menu (hotkey=E order=45)
[2026-01-03 17:48:29.990] MenuRegistry: Registered 'T2020 Export Profiles' in 'Tools' menu (hotkey=E order=45)
[2026-01-03 17:48:29.993] ServiceContainer: Registered 'SettingsScreen' (singleton=False)
[2026-01-03 17:48:29.994] MenuRegistry: Registered 'Settings' in 'Options' menu (hotkey=S order=20)
[2026-01-03 17:48:29.996] MenuRegistry: Registered 'Settings' in 'Options' menu (hotkey=S order=20)
[2026-01-03 17:48:30.003] ServiceContainer: Registered 'ChecklistTemplatesFolderScreen' (singleton=False)
[2026-01-03 17:48:30.003] MenuRegistry: Registered 'Checklist Templates' in 'Tools' menu (hotkey=H order=30)
[2026-01-03 17:48:30.005] MenuRegistry: Registered 'Checklist Templates' in 'Tools' menu (hotkey=H order=30)
[2026-01-03 17:48:30.006] ServiceContainer: Registered 'WeeklyTimeReportScreen' (singleton=False)
[2026-01-03 17:48:30.008] MenuRegistry: Registered 'Weekly Report' in 'Time' menu (hotkey=W order=10)
[2026-01-03 17:48:30.010] MenuRegistry: Registered 'Weekly Report' in 'Time' menu (hotkey=W order=10)
[2026-01-03 17:48:30.011] ServiceContainer: Registered 'ExcelImportProfileManagerScreen' (singleton=False)
[2026-01-03 17:48:30.012] MenuRegistry: Registered 'Excel Import Profiles' in 'Tools' menu (hotkey=I order=40)
[2026-01-03 17:48:30.014] MenuRegistry: Registered 'Excel Import Profiles' in 'Tools' menu (hotkey=I order=40)
[2026-01-03 17:48:30.015] ServiceContainer: Registered 'TimeReportScreen' (singleton=False)
[2026-01-03 17:48:30.015] MenuRegistry: Registered 'Time Report' in 'Time' menu (hotkey=R order=20)
[2026-01-03 17:48:30.017] MenuRegistry: Registered 'Time Report' in 'Time' menu (hotkey=R order=20)
[2026-01-03 17:48:30.018] ServiceContainer: Registered 'ChecklistsLauncherScreen' (singleton=False)
[2026-01-03 17:48:30.018] MenuRegistry: Registered 'Checklists' in 'Tools' menu (hotkey=C order=25)
[2026-01-03 17:48:30.019] MenuRegistry: Registered 'Checklists' in 'Tools' menu (hotkey=C order=25)
[2026-01-03 17:48:30.021] ServiceContainer: Registered 'ExcelProfileManagerScreen' (singleton=False)
[2026-01-03 17:48:30.021] MenuRegistry: Registered 'Excel Profiles' in 'Projects' menu (hotkey=M order=50)
[2026-01-03 17:48:30.023] MenuRegistry: Registered 'Excel Profiles' in 'Projects' menu (hotkey=M order=50)
[2026-01-03 17:48:30.025] ServiceContainer: Registered 'TaskListScreen_Default' (singleton=False)
[2026-01-03 17:48:30.026] MenuRegistry: Registered 'Task List' in 'Tasks' menu (hotkey=L order=5)
[2026-01-03 17:48:30.028] MenuRegistry: Registered 'Task List' in 'Tasks' menu (hotkey=L order=5)
[2026-01-03 17:48:30.030] ServiceContainer: Registered 'ExcelImportScreen' (singleton=False)
[2026-01-03 17:48:30.030] MenuRegistry: Registered 'Import from Excel' in 'Projects' menu (hotkey=I order=40)
[2026-01-03 17:48:30.031] MenuRegistry: Registered 'Import from Excel' in 'Projects' menu (hotkey=I order=40)
[2026-01-03 17:48:30.033] ServiceContainer: Registered 'TimeListScreen' (singleton=False)
[2026-01-03 17:48:30.033] MenuRegistry: Registered 'Time Tracking' in 'Time' menu (hotkey=T order=5)
[2026-01-03 17:48:30.034] MenuRegistry: Registered 'Time Tracking' in 'Time' menu (hotkey=T order=5)
[2026-01-03 17:48:30.036] ServiceContainer: Registered 'CommandLibraryScreen' (singleton=False)
[2026-01-03 17:48:30.037] MenuRegistry: Registered 'Command Library' in 'Tools' menu (hotkey=L order=10)
[2026-01-03 17:48:30.038] MenuRegistry: Registered 'Command Library' in 'Tools' menu (hotkey=L order=10)
[2026-01-03 17:48:30.039] ServiceContainer: Registered 'NotesMenuScreen' (singleton=False)
[2026-01-03 17:48:30.040] MenuRegistry: Registered 'Notes' in 'Tools' menu (hotkey=N order=20)
[2026-01-03 17:48:30.042] MenuRegistry: Registered 'Notes' in 'Tools' menu (hotkey=N order=20)
[2026-01-03 17:48:30.044] ServiceContainer: Resolving 'TaskListScreen'...
[2026-01-03 17:48:30.046] ServiceContainer: Resolving 'TaskStore'...
[2026-01-03 17:48:30.148] ServiceContainer: Resolved 'TaskStore' successfully
[2026-01-03 17:48:30.831] _PopulateMenusFromRegistry: Menu 'Tools' has 6 items from registry (array)
[2026-01-03 17:48:30.847] _PopulateMenusFromRegistry: Menu 'Projects' has 3 items from registry (array)
[2026-01-03 17:48:30.849] _PopulateMenusFromRegistry: Menu 'Options' has 2 items from registry (array)
[2026-01-03 17:48:30.851] _PopulateMenusFromRegistry: Menu 'Time' has 3 items from registry (array)
[2026-01-03 17:48:30.854] _PopulateMenusFromRegistry: Menu 'Help' has 1 items from registry (array)
[2026-01-03 17:48:30.856] _PopulateMenusFromRegistry: Menu 'Tasks' has 1 items from registry (array)
[2026-01-03 17:48:30.858] ServiceContainer: Resolved 'TaskListScreen' successfully
[2026-01-03 17:48:34.151] [INFO] *** STANDARDLISTSCREEN.ADDITEM CALLED on type=TaskListScreen key=TaskList ***
[2026-01-03 17:48:34.239] [INFO] StandardListScreen.AddItem: ActiveModal set to InlineEditor. ShowInlineEditor=True
[2026-01-03 17:48:39.906] [INFO] TaskListScreen.OnInlineEditConfirmed called - EditorMode=add
[2026-01-03 17:48:39.939] [INFO] TaskListScreen.OnItemCreated: Called with values: {"tags":[],"project":"","due":null,"text":"t11"}
[2026-01-03 17:48:40.082] [INFO] TaskListScreen.OnInlineEditConfirmed: Editor closed
[2026-01-03 17:48:46.044] [INFO] *** STANDARDLISTSCREEN.DELETEITEM CALLED ***
