[2025-12-31 12:05:52.366] ServiceContainer: Registered 'Theme' (singleton=True)
[2025-12-31 12:05:52.370] ServiceContainer: Registered 'ThemeManager' (singleton=True)
[2025-12-31 12:05:52.371] ServiceContainer: Registered 'Config' (singleton=True)
[2025-12-31 12:05:52.372] ServiceContainer: Registered 'TaskStore' (singleton=True)
[2025-12-31 12:05:52.373] ServiceContainer: Registered 'MenuRegistry' (singleton=True)
[2025-12-31 12:05:52.375] ServiceContainer: Registered 'Application' (singleton=True)
[2025-12-31 12:05:52.376] ServiceContainer: Registered 'CommandService' (singleton=True)
[2025-12-31 12:05:52.377] ServiceContainer: Registered 'ChecklistService' (singleton=True)
[2025-12-31 12:05:52.378] ServiceContainer: Registered 'NoteService' (singleton=True)
[2025-12-31 12:05:52.379] ServiceContainer: Registered 'ExcelMappingService' (singleton=True)
[2025-12-31 12:05:52.379] ServiceContainer: Registered 'ExcelCopyService' (singleton=True)
[2025-12-31 12:05:52.380] ServiceContainer: Registered 'PreferencesService' (singleton=True)
[2025-12-31 12:05:52.381] ServiceContainer: Registered 'ExcelImportService' (singleton=True)
[2025-12-31 12:05:52.382] ServiceContainer: Registered 'TextExportService' (singleton=True)
[2025-12-31 12:05:52.383] ServiceContainer: Registered 'TaskListScreen' (singleton=False)
[2025-12-31 12:05:52.405] ServiceContainer: Resolving 'Application'...
[2025-12-31 12:05:52.408] ServiceContainer: Resolving 'Theme'...
[2025-12-31 12:05:52.533] ServiceContainer: Resolved 'Theme' successfully
[2025-12-31 12:05:52.615] ServiceContainer: Resolving 'ThemeManager'...
[2025-12-31 12:05:52.618] ServiceContainer: Resolved 'ThemeManager' successfully
[2025-12-31 12:05:52.631] ServiceContainer: Resolved 'Application' successfully
[2025-12-31 12:05:52.632] ServiceContainer: Resolving 'MenuRegistry'...
[2025-12-31 12:05:52.649] ServiceContainer: Resolved 'MenuRegistry' successfully
[2025-12-31 12:05:52.691] MenuRegistry: Loaded manifest with 16 entries
[2025-12-31 12:05:52.727] ServiceContainer: Registered 'HelpViewScreen' (singleton=False)
[2025-12-31 12:05:52.728] MenuRegistry: Registered 'Help' in 'Help' menu (hotkey=H order=10)
[2025-12-31 12:05:52.749] MenuRegistry: Registered 'Help' in 'Help' menu (hotkey=H order=10)
[2025-12-31 12:05:52.752] ServiceContainer: Registered 'TaskListScreen_Default' (singleton=False)
[2025-12-31 12:05:52.754] MenuRegistry: Registered 'Task List' in 'Tasks' menu (hotkey=L order=5)
[2025-12-31 12:05:52.757] MenuRegistry: Registered 'Task List' in 'Tasks' menu (hotkey=L order=5)
[2025-12-31 12:05:52.760] ServiceContainer: Registered 'TimeListScreen' (singleton=False)
[2025-12-31 12:05:52.762] MenuRegistry: Registered 'Time Tracking' in 'Time' menu (hotkey=T order=5)
[2025-12-31 12:05:52.764] MenuRegistry: Registered 'Time Tracking' in 'Time' menu (hotkey=T order=5)
[2025-12-31 12:05:52.766] ServiceContainer: Registered 'WeeklyTimeReportScreen' (singleton=False)
[2025-12-31 12:05:52.768] MenuRegistry: Registered 'Weekly Report' in 'Time' menu (hotkey=W order=10)
[2025-12-31 12:05:52.769] MenuRegistry: Registered 'Weekly Report' in 'Time' menu (hotkey=W order=10)
[2025-12-31 12:05:52.772] ServiceContainer: Registered 'ChecklistTemplatesFolderScreen' (singleton=False)
[2025-12-31 12:05:52.774] MenuRegistry: Registered 'Checklist Templates' in 'Tools' menu (hotkey=H order=30)
[2025-12-31 12:05:52.776] MenuRegistry: Registered 'Checklist Templates' in 'Tools' menu (hotkey=H order=30)
[2025-12-31 12:05:52.778] ServiceContainer: Registered 'TimeReportScreen' (singleton=False)
[2025-12-31 12:05:52.779] MenuRegistry: Registered 'Time Report' in 'Time' menu (hotkey=R order=20)
[2025-12-31 12:05:52.781] MenuRegistry: Registered 'Time Report' in 'Time' menu (hotkey=R order=20)
[2025-12-31 12:05:52.783] ServiceContainer: Registered 'SettingsScreen' (singleton=False)
[2025-12-31 12:05:52.784] MenuRegistry: Registered 'Settings' in 'Options' menu (hotkey=S order=20)
[2025-12-31 12:05:52.786] MenuRegistry: Registered 'Settings' in 'Options' menu (hotkey=S order=20)
[2025-12-31 12:05:52.789] ServiceContainer: Registered 'ExcelImportScreen' (singleton=False)
[2025-12-31 12:05:52.791] MenuRegistry: Registered 'Import from Excel' in 'Projects' menu (hotkey=I order=40)
[2025-12-31 12:05:52.793] MenuRegistry: Registered 'Import from Excel' in 'Projects' menu (hotkey=I order=40)
[2025-12-31 12:05:52.795] ServiceContainer: Registered 'NotesMenuScreen' (singleton=False)
[2025-12-31 12:05:52.796] MenuRegistry: Registered 'Notes' in 'Tools' menu (hotkey=N order=20)
[2025-12-31 12:05:52.798] MenuRegistry: Registered 'Notes' in 'Tools' menu (hotkey=N order=20)
[2025-12-31 12:05:52.800] ServiceContainer: Registered 'CommandLibraryScreen' (singleton=False)
[2025-12-31 12:05:52.802] MenuRegistry: Registered 'Command Library' in 'Tools' menu (hotkey=L order=10)
[2025-12-31 12:05:52.804] MenuRegistry: Registered 'Command Library' in 'Tools' menu (hotkey=L order=10)
[2025-12-31 12:05:52.821] ServiceContainer: Registered 'ProjectListScreen' (singleton=False)
[2025-12-31 12:05:52.822] MenuRegistry: Registered 'Project List' in 'Projects' menu (hotkey=L order=10)
[2025-12-31 12:05:52.825] MenuRegistry: Registered 'Project List' in 'Projects' menu (hotkey=L order=10)
[2025-12-31 12:05:52.826] ServiceContainer: Registered 'TextExportProfileManagerScreen' (singleton=False)
[2025-12-31 12:05:52.827] MenuRegistry: Registered 'T2020 Export Profiles' in 'Tools' menu (hotkey=E order=45)
[2025-12-31 12:05:52.829] MenuRegistry: Registered 'T2020 Export Profiles' in 'Tools' menu (hotkey=E order=45)
[2025-12-31 12:05:52.830] ServiceContainer: Registered 'ThemeEditorScreen' (singleton=False)
[2025-12-31 12:05:52.831] MenuRegistry: Registered 'Theme Editor' in 'Options' menu (hotkey=T order=10)
[2025-12-31 12:05:52.833] MenuRegistry: Registered 'Theme Editor' in 'Options' menu (hotkey=T order=10)
[2025-12-31 12:05:52.834] ServiceContainer: Registered 'ChecklistsLauncherScreen' (singleton=False)
[2025-12-31 12:05:52.835] MenuRegistry: Registered 'Checklists' in 'Tools' menu (hotkey=C order=25)
[2025-12-31 12:05:52.837] MenuRegistry: Registered 'Checklists' in 'Tools' menu (hotkey=C order=25)
[2025-12-31 12:05:52.839] ServiceContainer: Registered 'ExcelProfileManagerScreen' (singleton=False)
[2025-12-31 12:05:52.840] MenuRegistry: Registered 'Excel Profiles' in 'Projects' menu (hotkey=M order=50)
[2025-12-31 12:05:52.842] MenuRegistry: Registered 'Excel Profiles' in 'Projects' menu (hotkey=M order=50)
[2025-12-31 12:05:52.843] ServiceContainer: Registered 'ExcelImportProfileManagerScreen' (singleton=False)
[2025-12-31 12:05:52.844] MenuRegistry: Registered 'Excel Import Profiles' in 'Tools' menu (hotkey=I order=40)
[2025-12-31 12:05:52.845] MenuRegistry: Registered 'Excel Import Profiles' in 'Tools' menu (hotkey=I order=40)
[2025-12-31 12:05:52.847] ServiceContainer: Resolving 'TaskListScreen'...
[2025-12-31 12:05:52.849] ServiceContainer: Resolving 'TaskStore'...
[2025-12-31 12:05:53.356] ServiceContainer: Resolved 'TaskStore' successfully
[2025-12-31 12:05:54.451] _PopulateMenusFromRegistry: Menu 'Options' has 2 items from registry (array)
[2025-12-31 12:05:54.479] _PopulateMenusFromRegistry: Menu 'Time' has 3 items from registry (array)
[2025-12-31 12:05:54.482] _PopulateMenusFromRegistry: Menu 'Projects' has 3 items from registry (array)
[2025-12-31 12:05:54.484] _PopulateMenusFromRegistry: Menu 'Help' has 1 items from registry (array)
[2025-12-31 12:05:54.487] _PopulateMenusFromRegistry: Menu 'Tasks' has 1 items from registry (array)
[2025-12-31 12:05:54.492] _PopulateMenusFromRegistry: Menu 'Tools' has 6 items from registry (array)
[2025-12-31 12:05:54.494] ServiceContainer: Resolved 'TaskListScreen' successfully
