[2026-01-10 21:49:30.142] ServiceContainer: Registered 'Theme' (singleton=True)
[2026-01-10 21:49:30.145] ServiceContainer: Registered 'ThemeManager' (singleton=True)
[2026-01-10 21:49:30.146] ServiceContainer: Registered 'Config' (singleton=True)
[2026-01-10 21:49:30.147] ServiceContainer: Registered 'TaskStore' (singleton=True)
[2026-01-10 21:49:30.148] ServiceContainer: Registered 'MenuRegistry' (singleton=True)
[2026-01-10 21:49:30.149] ServiceContainer: Registered 'Application' (singleton=True)
[2026-01-10 21:49:30.150] ServiceContainer: Registered 'CommandService' (singleton=True)
[2026-01-10 21:49:30.151] ServiceContainer: Registered 'ChecklistService' (singleton=True)
[2026-01-10 21:49:30.152] ServiceContainer: Registered 'NoteService' (singleton=True)
[2026-01-10 21:49:30.152] ServiceContainer: Registered 'ExcelMappingService' (singleton=True)
[2026-01-10 21:49:30.153] ServiceContainer: Registered 'ExcelCopyService' (singleton=True)
[2026-01-10 21:49:30.154] ServiceContainer: Registered 'PreferencesService' (singleton=True)
[2026-01-10 21:49:30.155] ServiceContainer: Registered 'ExcelImportService' (singleton=True)
[2026-01-10 21:49:30.156] ServiceContainer: Registered 'TextExportService' (singleton=True)
[2026-01-10 21:49:30.157] ServiceContainer: Registered 'TaskListScreen' (singleton=False)
[2026-01-10 21:49:30.172] ServiceContainer: Resolving 'Application'...
[2026-01-10 21:49:30.174] ServiceContainer: Resolving 'Theme'...
[2026-01-10 21:49:30.337] ServiceContainer: Resolved 'Theme' successfully
[2026-01-10 21:49:30.400] ServiceContainer: Resolving 'ThemeManager'...
[2026-01-10 21:49:30.401] ServiceContainer: Resolved 'ThemeManager' successfully
[2026-01-10 21:49:30.412] ServiceContainer: Resolved 'Application' successfully
[2026-01-10 21:49:30.413] ServiceContainer: Resolving 'MenuRegistry'...
[2026-01-10 21:49:30.423] ServiceContainer: Resolved 'MenuRegistry' successfully
[2026-01-10 21:49:30.439] MenuRegistry: Loaded manifest with 17 entries
[2026-01-10 21:49:30.460] ServiceContainer: Registered 'WeeklyTimeReportScreen' (singleton=False)
[2026-01-10 21:49:30.461] MenuRegistry: Registered 'Weekly Report' in 'Time' menu (hotkey=W order=10)
[2026-01-10 21:49:30.481] MenuRegistry: Registered 'Weekly Report' in 'Time' menu (hotkey=W order=10)
[2026-01-10 21:49:30.483] ServiceContainer: Registered 'TimeReportScreen' (singleton=False)
[2026-01-10 21:49:30.484] MenuRegistry: Registered 'Time Report' in 'Time' menu (hotkey=R order=20)
[2026-01-10 21:49:30.485] MenuRegistry: Registered 'Time Report' in 'Time' menu (hotkey=R order=20)
[2026-01-10 21:49:30.486] ServiceContainer: Registered 'ExcelProfileManagerScreen' (singleton=False)
[2026-01-10 21:49:30.487] MenuRegistry: Registered 'Excel Profiles' in 'Projects' menu (hotkey=M order=50)
[2026-01-10 21:49:30.488] MenuRegistry: Registered 'Excel Profiles' in 'Projects' menu (hotkey=M order=50)
[2026-01-10 21:49:30.490] ServiceContainer: Registered 'TaskListScreen_Default' (singleton=False)
[2026-01-10 21:49:30.490] MenuRegistry: Registered 'Task List' in 'Tasks' menu (hotkey=L order=5)
[2026-01-10 21:49:30.492] MenuRegistry: Registered 'Task List' in 'Tasks' menu (hotkey=L order=5)
[2026-01-10 21:49:30.493] ServiceContainer: Registered 'TimeListScreen' (singleton=False)
[2026-01-10 21:49:30.494] MenuRegistry: Registered 'Time Tracking' in 'Time' menu (hotkey=T order=5)
[2026-01-10 21:49:30.495] MenuRegistry: Registered 'Time Tracking' in 'Time' menu (hotkey=T order=5)
[2026-01-10 21:49:30.497] ServiceContainer: Registered 'HelpViewScreen' (singleton=False)
[2026-01-10 21:49:30.498] MenuRegistry: Registered 'Help' in 'Help' menu (hotkey=H order=10)
[2026-01-10 21:49:30.499] MenuRegistry: Registered 'Help' in 'Help' menu (hotkey=H order=10)
[2026-01-10 21:49:30.500] ServiceContainer: Registered 'CalendarScreen' (singleton=False)
[2026-01-10 21:49:30.501] MenuRegistry: Registered 'Calendar' in 'Tools' menu (hotkey=A order=50)
[2026-01-10 21:49:30.502] MenuRegistry: Registered 'Calendar' in 'Tools' menu (hotkey=A order=50)
[2026-01-10 21:49:30.503] ServiceContainer: Registered 'ProjectListScreen' (singleton=False)
[2026-01-10 21:49:30.504] MenuRegistry: Registered 'Project List' in 'Projects' menu (hotkey=L order=10)
[2026-01-10 21:49:30.505] MenuRegistry: Registered 'Project List' in 'Projects' menu (hotkey=L order=10)
[2026-01-10 21:49:30.506] ServiceContainer: Registered 'ThemeEditorScreen' (singleton=False)
[2026-01-10 21:49:30.507] MenuRegistry: Registered 'Theme Editor' in 'Options' menu (hotkey=T order=10)
[2026-01-10 21:49:30.508] MenuRegistry: Registered 'Theme Editor' in 'Options' menu (hotkey=T order=10)
[2026-01-10 21:49:30.509] ServiceContainer: Registered 'SettingsScreen' (singleton=False)
[2026-01-10 21:49:30.510] MenuRegistry: Registered 'Settings' in 'Options' menu (hotkey=S order=20)
[2026-01-10 21:49:30.511] MenuRegistry: Registered 'Settings' in 'Options' menu (hotkey=S order=20)
[2026-01-10 21:49:30.512] ServiceContainer: Registered 'ExcelImportScreen' (singleton=False)
[2026-01-10 21:49:30.513] MenuRegistry: Registered 'Import from Excel' in 'Projects' menu (hotkey=I order=40)
[2026-01-10 21:49:30.514] MenuRegistry: Registered 'Import from Excel' in 'Projects' menu (hotkey=I order=40)
[2026-01-10 21:49:30.516] ServiceContainer: Registered 'ExcelImportProfileManagerScreen' (singleton=False)
[2026-01-10 21:49:30.516] MenuRegistry: Registered 'Excel Import Profiles' in 'Tools' menu (hotkey=I order=40)
[2026-01-10 21:49:30.517] MenuRegistry: Registered 'Excel Import Profiles' in 'Tools' menu (hotkey=I order=40)
[2026-01-10 21:49:30.519] ServiceContainer: Registered 'CommandLibraryScreen' (singleton=False)
[2026-01-10 21:49:30.519] MenuRegistry: Registered 'Command Library' in 'Tools' menu (hotkey=L order=10)
[2026-01-10 21:49:30.521] MenuRegistry: Registered 'Command Library' in 'Tools' menu (hotkey=L order=10)
[2026-01-10 21:49:30.522] ServiceContainer: Registered 'ChecklistTemplatesFolderScreen' (singleton=False)
[2026-01-10 21:49:30.522] MenuRegistry: Registered 'Checklist Templates' in 'Tools' menu (hotkey=H order=30)
[2026-01-10 21:49:30.523] MenuRegistry: Registered 'Checklist Templates' in 'Tools' menu (hotkey=H order=30)
[2026-01-10 21:49:30.542] ServiceContainer: Registered 'NotesMenuScreen' (singleton=False)
[2026-01-10 21:49:30.543] MenuRegistry: Registered 'Notes' in 'Tools' menu (hotkey=N order=20)
[2026-01-10 21:49:30.544] MenuRegistry: Registered 'Notes' in 'Tools' menu (hotkey=N order=20)
[2026-01-10 21:49:30.545] ServiceContainer: Registered 'TextExportProfileManagerScreen' (singleton=False)
[2026-01-10 21:49:30.546] MenuRegistry: Registered 'T2020 Export Profiles' in 'Tools' menu (hotkey=E order=45)
[2026-01-10 21:49:30.547] MenuRegistry: Registered 'T2020 Export Profiles' in 'Tools' menu (hotkey=E order=45)
[2026-01-10 21:49:30.548] ServiceContainer: Registered 'ChecklistsLauncherScreen' (singleton=False)
[2026-01-10 21:49:30.549] MenuRegistry: Registered 'Checklists' in 'Tools' menu (hotkey=C order=25)
[2026-01-10 21:49:30.550] MenuRegistry: Registered 'Checklists' in 'Tools' menu (hotkey=C order=25)
[2026-01-10 21:49:34.919] ServiceContainer: Resolving 'CommandLibraryScreen'...
[2026-01-10 21:49:35.161] [INFO] StandardListScreen._ConfigureListActions: Configuring actions for Command Library
[2026-01-10 21:49:35.171] [INFO] StandardListScreen: Added footer shortcut D -> Delete
[2026-01-10 21:49:35.175] [INFO] StandardListScreen._ConfigureListActions: Configured 5 footer shortcuts
[2026-01-10 21:49:35.213] ServiceContainer: Resolved 'CommandLibraryScreen' successfully
[2026-01-10 21:49:35.297] [INFO] StandardListScreen._ConfigureListActions: Configuring actions for Command Library
[2026-01-10 21:49:35.298] [INFO] StandardListScreen: Added footer shortcut D -> Delete
[2026-01-10 21:49:35.300] [INFO] StandardListScreen._ConfigureListActions: Configured 5 footer shortcuts
[21:49:35.530] [Z-BUFFER] REJECTED at (2,7): currentZ=10 < zBuffer=20 char='N'
[21:49:35.531] [Z-BUFFER] REJECTED at (3,7): currentZ=10 < zBuffer=20 char='a'
[21:49:35.531] [Z-BUFFER] REJECTED at (4,7): currentZ=10 < zBuffer=20 char='m'
[21:49:35.532] [Z-BUFFER] REJECTED at (5,7): currentZ=10 < zBuffer=20 char='e'
[21:49:37.226] [Z-BUFFER] REJECTED at (2,7): currentZ=10 < zBuffer=20 char='N'
[21:49:37.227] [Z-BUFFER] REJECTED at (3,7): currentZ=10 < zBuffer=20 char='a'
[21:49:37.228] [Z-BUFFER] REJECTED at (4,7): currentZ=10 < zBuffer=20 char='m'
[21:49:37.229] [Z-BUFFER] REJECTED at (5,7): currentZ=10 < zBuffer=20 char='e'
[21:49:42.232] [Z-BUFFER] REJECTED at (2,7): currentZ=10 < zBuffer=20 char='N'
[21:49:42.233] [Z-BUFFER] REJECTED at (3,7): currentZ=10 < zBuffer=20 char='a'
[21:49:42.233] [Z-BUFFER] REJECTED at (4,7): currentZ=10 < zBuffer=20 char='m'
[21:49:42.234] [Z-BUFFER] REJECTED at (5,7): currentZ=10 < zBuffer=20 char='e'
[21:49:42.874] [Z-BUFFER] REJECTED at (2,7): currentZ=10 < zBuffer=20 char='N'
[21:49:42.879] [Z-BUFFER] REJECTED at (3,7): currentZ=10 < zBuffer=20 char='a'
[21:49:42.881] [Z-BUFFER] REJECTED at (4,7): currentZ=10 < zBuffer=20 char='m'
[21:49:42.882] [Z-BUFFER] REJECTED at (5,7): currentZ=10 < zBuffer=20 char='e'
[21:49:43.087] [Z-BUFFER] REJECTED at (2,7): currentZ=10 < zBuffer=20 char='N'
[21:49:43.088] [Z-BUFFER] REJECTED at (3,7): currentZ=10 < zBuffer=20 char='a'
[21:49:43.088] [Z-BUFFER] REJECTED at (4,7): currentZ=10 < zBuffer=20 char='m'
[21:49:43.089] [Z-BUFFER] REJECTED at (5,7): currentZ=10 < zBuffer=20 char='e'
[21:49:43.540] [Z-BUFFER] REJECTED at (2,7): currentZ=10 < zBuffer=20 char='N'
[21:49:43.542] [Z-BUFFER] REJECTED at (3,7): currentZ=10 < zBuffer=20 char='a'
[21:49:43.543] [Z-BUFFER] REJECTED at (4,7): currentZ=10 < zBuffer=20 char='m'
[21:49:43.544] [Z-BUFFER] REJECTED at (5,7): currentZ=10 < zBuffer=20 char='e'
[21:49:43.737] [Z-BUFFER] REJECTED at (2,7): currentZ=10 < zBuffer=20 char='N'
[21:49:43.739] [Z-BUFFER] REJECTED at (3,7): currentZ=10 < zBuffer=20 char='a'
[21:49:43.739] [Z-BUFFER] REJECTED at (4,7): currentZ=10 < zBuffer=20 char='m'
[21:49:43.740] [Z-BUFFER] REJECTED at (5,7): currentZ=10 < zBuffer=20 char='e'
[21:49:43.926] [Z-BUFFER] REJECTED at (2,7): currentZ=10 < zBuffer=20 char='N'
[21:49:43.927] [Z-BUFFER] REJECTED at (3,7): currentZ=10 < zBuffer=20 char='a'
[21:49:43.927] [Z-BUFFER] REJECTED at (4,7): currentZ=10 < zBuffer=20 char='m'
[21:49:43.928] [Z-BUFFER] REJECTED at (5,7): currentZ=10 < zBuffer=20 char='e'
[21:49:45.069] [Z-BUFFER] REJECTED at (2,7): currentZ=10 < zBuffer=20 char='N'
[21:49:45.070] [Z-BUFFER] REJECTED at (3,7): currentZ=10 < zBuffer=20 char='a'
[21:49:45.071] [Z-BUFFER] REJECTED at (4,7): currentZ=10 < zBuffer=20 char='m'
[21:49:45.071] [Z-BUFFER] REJECTED at (5,7): currentZ=10 < zBuffer=20 char='e'
[2026-01-10 21:49:45.741] [INFO] *** STANDARDLISTSCREEN.ADDITEM CALLED on type=CommandLibraryScreen key=CommandLibrary ***
[2026-01-10 21:49:45.831] [INFO] StandardListScreen.AddItem: ActiveModal set to InlineEditor. ShowInlineEditor=True
[21:49:45.890] [Z-BUFFER] REJECTED at (2,7): currentZ=10 < zBuffer=20 char='N'
[21:49:45.891] [Z-BUFFER] REJECTED at (3,7): currentZ=10 < zBuffer=20 char='a'
[21:49:45.891] [Z-BUFFER] REJECTED at (4,7): currentZ=10 < zBuffer=20 char='m'
[21:49:45.892] [Z-BUFFER] REJECTED at (5,7): currentZ=10 < zBuffer=20 char='e'
[2026-01-10 21:49:45.894] [INFO] StandardListScreen.RenderContentToEngine: Rendering InlineEditor at Y=15
[2026-01-10 21:49:48.238] [INFO] InlineEditor.HandleInput: ENTRY Key=C
[21:49:48.302] [Z-BUFFER] REJECTED at (2,7): currentZ=10 < zBuffer=20 char='N'
[21:49:48.304] [Z-BUFFER] REJECTED at (3,7): currentZ=10 < zBuffer=20 char='a'
[21:49:48.305] [Z-BUFFER] REJECTED at (4,7): currentZ=10 < zBuffer=20 char='m'
[21:49:48.305] [Z-BUFFER] REJECTED at (5,7): currentZ=10 < zBuffer=20 char='e'
[2026-01-10 21:49:48.308] [INFO] StandardListScreen.RenderContentToEngine: Rendering InlineEditor at Y=15
[2026-01-10 21:49:48.317] [INFO] InlineEditor.HandleInput: ENTRY Key=D9
[21:49:48.352] [Z-BUFFER] REJECTED at (2,7): currentZ=10 < zBuffer=20 char='N'
[21:49:48.352] [Z-BUFFER] REJECTED at (3,7): currentZ=10 < zBuffer=20 char='a'
[21:49:48.352] [Z-BUFFER] REJECTED at (4,7): currentZ=10 < zBuffer=20 char='m'
[21:49:48.353] [Z-BUFFER] REJECTED at (5,7): currentZ=10 < zBuffer=20 char='e'
[2026-01-10 21:49:48.356] [INFO] StandardListScreen.RenderContentToEngine: Rendering InlineEditor at Y=15
[2026-01-10 21:49:49.564] [INFO] InlineEditor.HandleInput: ENTRY Key=Tab
[21:49:49.622] [Z-BUFFER] REJECTED at (2,7): currentZ=10 < zBuffer=20 char='N'
[21:49:49.623] [Z-BUFFER] REJECTED at (3,7): currentZ=10 < zBuffer=20 char='a'
[21:49:49.623] [Z-BUFFER] REJECTED at (4,7): currentZ=10 < zBuffer=20 char='m'
[21:49:49.624] [Z-BUFFER] REJECTED at (5,7): currentZ=10 < zBuffer=20 char='e'
[2026-01-10 21:49:49.625] [INFO] StandardListScreen.RenderContentToEngine: Rendering InlineEditor at Y=15
[2026-01-10 21:49:49.731] [INFO] InlineEditor.HandleInput: ENTRY Key=Tab
[21:49:49.761] [Z-BUFFER] REJECTED at (2,7): currentZ=10 < zBuffer=20 char='N'
[21:49:49.761] [Z-BUFFER] REJECTED at (3,7): currentZ=10 < zBuffer=20 char='a'
[21:49:49.762] [Z-BUFFER] REJECTED at (4,7): currentZ=10 < zBuffer=20 char='m'
[21:49:49.762] [Z-BUFFER] REJECTED at (5,7): currentZ=10 < zBuffer=20 char='e'
[2026-01-10 21:49:49.765] [INFO] StandardListScreen.RenderContentToEngine: Rendering InlineEditor at Y=15
[2026-01-10 21:49:51.278] [INFO] InlineEditor.HandleInput: ENTRY Key=C
[21:49:51.321] [Z-BUFFER] REJECTED at (2,7): currentZ=10 < zBuffer=20 char='N'
[21:49:51.322] [Z-BUFFER] REJECTED at (3,7): currentZ=10 < zBuffer=20 char='a'
[21:49:51.323] [Z-BUFFER] REJECTED at (4,7): currentZ=10 < zBuffer=20 char='m'
[21:49:51.323] [Z-BUFFER] REJECTED at (5,7): currentZ=10 < zBuffer=20 char='e'
[2026-01-10 21:49:51.326] [INFO] StandardListScreen.RenderContentToEngine: Rendering InlineEditor at Y=15
[2026-01-10 21:49:51.380] [INFO] InlineEditor.HandleInput: ENTRY Key=D0
[21:49:51.403] [Z-BUFFER] REJECTED at (2,7): currentZ=10 < zBuffer=20 char='N'
[21:49:51.405] [Z-BUFFER] REJECTED at (3,7): currentZ=10 < zBuffer=20 char='a'
[21:49:51.406] [Z-BUFFER] REJECTED at (4,7): currentZ=10 < zBuffer=20 char='m'
[21:49:51.406] [Z-BUFFER] REJECTED at (5,7): currentZ=10 < zBuffer=20 char='e'
[2026-01-10 21:49:51.408] [INFO] StandardListScreen.RenderContentToEngine: Rendering InlineEditor at Y=15
[2026-01-10 21:49:52.870] [INFO] InlineEditor.HandleInput: ENTRY Key=Enter
[2026-01-10 21:49:52.915] [INFO] InlineEditor.HandleInput: Validation passed, calling OnConfirmed
[2026-01-10 21:49:52.920] [INFO] UniversalList.RenderToEngine: SKIPPING row 0 (editor active, filling with blank)
[2026-01-10 21:49:52.925] [INFO] UniversalList.RenderToEngine: SKIPPING row 0 (editor active, filling with blank)
[21:49:52.934] [Z-BUFFER] REJECTED at (2,7): currentZ=10 < zBuffer=20 char='N'
[21:49:52.935] [Z-BUFFER] REJECTED at (3,7): currentZ=10 < zBuffer=20 char='a'
[21:49:52.935] [Z-BUFFER] REJECTED at (4,7): currentZ=10 < zBuffer=20 char='m'
[21:49:52.935] [Z-BUFFER] REJECTED at (5,7): currentZ=10 < zBuffer=20 char='e'
[2026-01-10 21:49:52.936] [INFO] UniversalList.RenderToEngine: SKIPPING row 0 (editor active, filling with blank)
[2026-01-10 21:49:52.937] [INFO] StandardListScreen.RenderContentToEngine: Rendering InlineEditor at Y=9
