[2025-12-31 13:09:08.085] ServiceContainer: Registered 'Theme' (singleton=True)
[2025-12-31 13:09:08.088] ServiceContainer: Registered 'ThemeManager' (singleton=True)
[2025-12-31 13:09:08.090] ServiceContainer: Registered 'Config' (singleton=True)
[2025-12-31 13:09:08.091] ServiceContainer: Registered 'TaskStore' (singleton=True)
[2025-12-31 13:09:08.092] ServiceContainer: Registered 'MenuRegistry' (singleton=True)
[2025-12-31 13:09:08.093] ServiceContainer: Registered 'Application' (singleton=True)
[2025-12-31 13:09:08.095] ServiceContainer: Registered 'CommandService' (singleton=True)
[2025-12-31 13:09:08.096] ServiceContainer: Registered 'ChecklistService' (singleton=True)
[2025-12-31 13:09:08.097] ServiceContainer: Registered 'NoteService' (singleton=True)
[2025-12-31 13:09:08.098] ServiceContainer: Registered 'ExcelMappingService' (singleton=True)
[2025-12-31 13:09:08.099] ServiceContainer: Registered 'ExcelCopyService' (singleton=True)
[2025-12-31 13:09:08.101] ServiceContainer: Registered 'PreferencesService' (singleton=True)
[2025-12-31 13:09:08.102] ServiceContainer: Registered 'ExcelImportService' (singleton=True)
[2025-12-31 13:09:08.103] ServiceContainer: Registered 'TextExportService' (singleton=True)
[2025-12-31 13:09:08.104] ServiceContainer: Registered 'TaskListScreen' (singleton=False)
[2025-12-31 13:09:08.130] ServiceContainer: Resolving 'Application'...
[2025-12-31 13:09:08.132] ServiceContainer: Resolving 'Theme'...
[2025-12-31 13:09:08.295] ServiceContainer: Resolved 'Theme' successfully
[2025-12-31 13:09:08.372] ServiceContainer: Resolving 'ThemeManager'...
[2025-12-31 13:09:08.374] ServiceContainer: Resolved 'ThemeManager' successfully
[2025-12-31 13:09:08.387] ServiceContainer: Resolved 'Application' successfully
[2025-12-31 13:09:08.389] ServiceContainer: Resolving 'MenuRegistry'...
[2025-12-31 13:09:08.402] ServiceContainer: Resolved 'MenuRegistry' successfully
[2025-12-31 13:09:08.436] MenuRegistry: Loaded manifest with 16 entries
[2025-12-31 13:09:08.462] ServiceContainer: Registered 'ProjectListScreen' (singleton=False)
[2025-12-31 13:09:08.463] MenuRegistry: Registered 'Project List' in 'Projects' menu (hotkey=L order=10)
[2025-12-31 13:09:08.482] MenuRegistry: Registered 'Project List' in 'Projects' menu (hotkey=L order=10)
[2025-12-31 13:09:08.484] ServiceContainer: Registered 'ExcelProfileManagerScreen' (singleton=False)
[2025-12-31 13:09:08.485] MenuRegistry: Registered 'Excel Profiles' in 'Projects' menu (hotkey=M order=50)
[2025-12-31 13:09:08.486] MenuRegistry: Registered 'Excel Profiles' in 'Projects' menu (hotkey=M order=50)
[2025-12-31 13:09:08.487] ServiceContainer: Registered 'TaskListScreen_Default' (singleton=False)
[2025-12-31 13:09:08.488] MenuRegistry: Registered 'Task List' in 'Tasks' menu (hotkey=L order=5)
[2025-12-31 13:09:08.489] MenuRegistry: Registered 'Task List' in 'Tasks' menu (hotkey=L order=5)
[2025-12-31 13:09:08.491] ServiceContainer: Registered 'TimeReportScreen' (singleton=False)
[2025-12-31 13:09:08.492] MenuRegistry: Registered 'Time Report' in 'Time' menu (hotkey=R order=20)
[2025-12-31 13:09:08.493] MenuRegistry: Registered 'Time Report' in 'Time' menu (hotkey=R order=20)
[2025-12-31 13:09:08.494] ServiceContainer: Registered 'ChecklistsLauncherScreen' (singleton=False)
[2025-12-31 13:09:08.495] MenuRegistry: Registered 'Checklists' in 'Tools' menu (hotkey=C order=25)
[2025-12-31 13:09:08.496] MenuRegistry: Registered 'Checklists' in 'Tools' menu (hotkey=C order=25)
[2025-12-31 13:09:08.498] ServiceContainer: Registered 'WeeklyTimeReportScreen' (singleton=False)
[2025-12-31 13:09:08.498] MenuRegistry: Registered 'Weekly Report' in 'Time' menu (hotkey=W order=10)
[2025-12-31 13:09:08.500] MenuRegistry: Registered 'Weekly Report' in 'Time' menu (hotkey=W order=10)
[2025-12-31 13:09:08.501] ServiceContainer: Registered 'ThemeEditorScreen' (singleton=False)
[2025-12-31 13:09:08.502] MenuRegistry: Registered 'Theme Editor' in 'Options' menu (hotkey=T order=10)
[2025-12-31 13:09:08.503] MenuRegistry: Registered 'Theme Editor' in 'Options' menu (hotkey=T order=10)
[2025-12-31 13:09:08.505] ServiceContainer: Registered 'TextExportProfileManagerScreen' (singleton=False)
[2025-12-31 13:09:08.505] MenuRegistry: Registered 'T2020 Export Profiles' in 'Tools' menu (hotkey=E order=45)
[2025-12-31 13:09:08.507] MenuRegistry: Registered 'T2020 Export Profiles' in 'Tools' menu (hotkey=E order=45)
[2025-12-31 13:09:08.509] ServiceContainer: Registered 'SettingsScreen' (singleton=False)
[2025-12-31 13:09:08.510] MenuRegistry: Registered 'Settings' in 'Options' menu (hotkey=S order=20)
[2025-12-31 13:09:08.511] MenuRegistry: Registered 'Settings' in 'Options' menu (hotkey=S order=20)
[2025-12-31 13:09:08.513] ServiceContainer: Registered 'HelpViewScreen' (singleton=False)
[2025-12-31 13:09:08.514] MenuRegistry: Registered 'Help' in 'Help' menu (hotkey=H order=10)
[2025-12-31 13:09:08.516] MenuRegistry: Registered 'Help' in 'Help' menu (hotkey=H order=10)
[2025-12-31 13:09:08.523] ServiceContainer: Registered 'ChecklistTemplatesFolderScreen' (singleton=False)
[2025-12-31 13:09:08.523] MenuRegistry: Registered 'Checklist Templates' in 'Tools' menu (hotkey=H order=30)
[2025-12-31 13:09:08.525] MenuRegistry: Registered 'Checklist Templates' in 'Tools' menu (hotkey=H order=30)
[2025-12-31 13:09:08.527] ServiceContainer: Registered 'TimeListScreen' (singleton=False)
[2025-12-31 13:09:08.527] MenuRegistry: Registered 'Time Tracking' in 'Time' menu (hotkey=T order=5)
[2025-12-31 13:09:08.529] MenuRegistry: Registered 'Time Tracking' in 'Time' menu (hotkey=T order=5)
[2025-12-31 13:09:08.531] ServiceContainer: Registered 'NotesMenuScreen' (singleton=False)
[2025-12-31 13:09:08.532] MenuRegistry: Registered 'Notes' in 'Tools' menu (hotkey=N order=20)
[2025-12-31 13:09:08.534] MenuRegistry: Registered 'Notes' in 'Tools' menu (hotkey=N order=20)
[2025-12-31 13:09:08.536] ServiceContainer: Registered 'CommandLibraryScreen' (singleton=False)
[2025-12-31 13:09:08.538] MenuRegistry: Registered 'Command Library' in 'Tools' menu (hotkey=L order=10)
[2025-12-31 13:09:08.539] MenuRegistry: Registered 'Command Library' in 'Tools' menu (hotkey=L order=10)
[2025-12-31 13:09:08.542] ServiceContainer: Registered 'ExcelImportProfileManagerScreen' (singleton=False)
[2025-12-31 13:09:08.543] MenuRegistry: Registered 'Excel Import Profiles' in 'Tools' menu (hotkey=I order=40)
[2025-12-31 13:09:08.545] MenuRegistry: Registered 'Excel Import Profiles' in 'Tools' menu (hotkey=I order=40)
[2025-12-31 13:09:08.547] ServiceContainer: Registered 'ExcelImportScreen' (singleton=False)
[2025-12-31 13:09:08.548] MenuRegistry: Registered 'Import from Excel' in 'Projects' menu (hotkey=I order=40)
[2025-12-31 13:09:08.550] MenuRegistry: Registered 'Import from Excel' in 'Projects' menu (hotkey=I order=40)
[2025-12-31 13:09:08.552] ServiceContainer: Resolving 'TaskListScreen'...
[2025-12-31 13:09:08.553] ServiceContainer: Resolving 'TaskStore'...
[2025-12-31 13:09:09.068] ServiceContainer: Resolved 'TaskStore' successfully
[2025-12-31 13:09:10.045] _PopulateMenusFromRegistry: Menu 'Options' has 2 items from registry (array)
[2025-12-31 13:09:10.072] _PopulateMenusFromRegistry: Menu 'Tools' has 6 items from registry (array)
[2025-12-31 13:09:10.075] _PopulateMenusFromRegistry: Menu 'Help' has 1 items from registry (array)
[2025-12-31 13:09:10.079] _PopulateMenusFromRegistry: Menu 'Projects' has 3 items from registry (array)
[2025-12-31 13:09:10.082] _PopulateMenusFromRegistry: Menu 'Time' has 3 items from registry (array)
[2025-12-31 13:09:10.085] _PopulateMenusFromRegistry: Menu 'Tasks' has 1 items from registry (array)
[2025-12-31 13:09:10.088] ServiceContainer: Resolved 'TaskListScreen' successfully
