[2026-01-08 10:50:32.604] ServiceContainer: Registered 'Theme' (singleton=True)
[2026-01-08 10:50:32.606] ServiceContainer: Registered 'ThemeManager' (singleton=True)
[2026-01-08 10:50:32.607] ServiceContainer: Registered 'Config' (singleton=True)
[2026-01-08 10:50:32.608] ServiceContainer: Registered 'TaskStore' (singleton=True)
[2026-01-08 10:50:32.608] ServiceContainer: Registered 'MenuRegistry' (singleton=True)
[2026-01-08 10:50:32.609] ServiceContainer: Registered 'Application' (singleton=True)
[2026-01-08 10:50:32.609] ServiceContainer: Registered 'CommandService' (singleton=True)
[2026-01-08 10:50:32.610] ServiceContainer: Registered 'ChecklistService' (singleton=True)
[2026-01-08 10:50:32.611] ServiceContainer: Registered 'NoteService' (singleton=True)
[2026-01-08 10:50:32.611] ServiceContainer: Registered 'ExcelMappingService' (singleton=True)
[2026-01-08 10:50:32.612] ServiceContainer: Registered 'ExcelCopyService' (singleton=True)
[2026-01-08 10:50:32.612] ServiceContainer: Registered 'PreferencesService' (singleton=True)
[2026-01-08 10:50:32.613] ServiceContainer: Registered 'ExcelImportService' (singleton=True)
[2026-01-08 10:50:32.614] ServiceContainer: Registered 'TextExportService' (singleton=True)
[2026-01-08 10:50:32.614] ServiceContainer: Registered 'TaskListScreen' (singleton=False)
[2026-01-08 10:50:32.627] ServiceContainer: Resolving 'Application'...
[2026-01-08 10:50:32.628] ServiceContainer: Resolving 'Theme'...
[2026-01-08 10:50:32.783] ServiceContainer: Resolved 'Theme' successfully
[2026-01-08 10:50:32.847] ServiceContainer: Resolving 'ThemeManager'...
[2026-01-08 10:50:32.848] ServiceContainer: Resolved 'ThemeManager' successfully
[2026-01-08 10:50:32.859] ServiceContainer: Resolved 'Application' successfully
[2026-01-08 10:50:32.860] ServiceContainer: Resolving 'MenuRegistry'...
[2026-01-08 10:50:32.869] ServiceContainer: Resolved 'MenuRegistry' successfully
[2026-01-08 10:50:32.885] MenuRegistry: Loaded manifest with 16 entries
[2026-01-08 10:50:32.907] ServiceContainer: Registered 'HelpViewScreen' (singleton=False)
[2026-01-08 10:50:32.908] MenuRegistry: Registered 'Help' in 'Help' menu (hotkey=H order=10)
[2026-01-08 10:50:32.923] MenuRegistry: Registered 'Help' in 'Help' menu (hotkey=H order=10)
[2026-01-08 10:50:32.924] ServiceContainer: Registered 'TaskListScreen_Default' (singleton=False)
[2026-01-08 10:50:32.925] MenuRegistry: Registered 'Task List' in 'Tasks' menu (hotkey=L order=5)
[2026-01-08 10:50:32.927] MenuRegistry: Registered 'Task List' in 'Tasks' menu (hotkey=L order=5)
[2026-01-08 10:50:32.929] ServiceContainer: Registered 'ExcelImportScreen' (singleton=False)
[2026-01-08 10:50:32.930] MenuRegistry: Registered 'Import from Excel' in 'Projects' menu (hotkey=I order=40)
[2026-01-08 10:50:32.931] MenuRegistry: Registered 'Import from Excel' in 'Projects' menu (hotkey=I order=40)
[2026-01-08 10:50:32.932] ServiceContainer: Registered 'ThemeEditorScreen' (singleton=False)
[2026-01-08 10:50:32.933] MenuRegistry: Registered 'Theme Editor' in 'Options' menu (hotkey=T order=10)
[2026-01-08 10:50:32.934] MenuRegistry: Registered 'Theme Editor' in 'Options' menu (hotkey=T order=10)
[2026-01-08 10:50:32.936] ServiceContainer: Registered 'ExcelProfileManagerScreen' (singleton=False)
[2026-01-08 10:50:32.937] MenuRegistry: Registered 'Excel Profiles' in 'Projects' menu (hotkey=M order=50)
[2026-01-08 10:50:32.944] MenuRegistry: Registered 'Excel Profiles' in 'Projects' menu (hotkey=M order=50)
[2026-01-08 10:50:32.946] ServiceContainer: Registered 'SettingsScreen' (singleton=False)
[2026-01-08 10:50:32.946] MenuRegistry: Registered 'Settings' in 'Options' menu (hotkey=S order=20)
[2026-01-08 10:50:32.948] MenuRegistry: Registered 'Settings' in 'Options' menu (hotkey=S order=20)
[2026-01-08 10:50:32.949] ServiceContainer: Registered 'ChecklistTemplatesFolderScreen' (singleton=False)
[2026-01-08 10:50:32.950] MenuRegistry: Registered 'Checklist Templates' in 'Tools' menu (hotkey=H order=30)
[2026-01-08 10:50:32.951] MenuRegistry: Registered 'Checklist Templates' in 'Tools' menu (hotkey=H order=30)
[2026-01-08 10:50:32.952] ServiceContainer: Registered 'WeeklyTimeReportScreen' (singleton=False)
[2026-01-08 10:50:32.953] MenuRegistry: Registered 'Weekly Report' in 'Time' menu (hotkey=W order=10)
[2026-01-08 10:50:32.954] MenuRegistry: Registered 'Weekly Report' in 'Time' menu (hotkey=W order=10)
[2026-01-08 10:50:32.955] ServiceContainer: Registered 'CommandLibraryScreen' (singleton=False)
[2026-01-08 10:50:32.956] MenuRegistry: Registered 'Command Library' in 'Tools' menu (hotkey=L order=10)
[2026-01-08 10:50:32.957] MenuRegistry: Registered 'Command Library' in 'Tools' menu (hotkey=L order=10)
[2026-01-08 10:50:32.958] ServiceContainer: Registered 'TextExportProfileManagerScreen' (singleton=False)
[2026-01-08 10:50:32.958] MenuRegistry: Registered 'T2020 Export Profiles' in 'Tools' menu (hotkey=E order=45)
[2026-01-08 10:50:32.959] MenuRegistry: Registered 'T2020 Export Profiles' in 'Tools' menu (hotkey=E order=45)
[2026-01-08 10:50:32.960] ServiceContainer: Registered 'ExcelImportProfileManagerScreen' (singleton=False)
[2026-01-08 10:50:32.961] MenuRegistry: Registered 'Excel Import Profiles' in 'Tools' menu (hotkey=I order=40)
[2026-01-08 10:50:32.962] MenuRegistry: Registered 'Excel Import Profiles' in 'Tools' menu (hotkey=I order=40)
[2026-01-08 10:50:32.963] ServiceContainer: Registered 'TimeReportScreen' (singleton=False)
[2026-01-08 10:50:32.964] MenuRegistry: Registered 'Time Report' in 'Time' menu (hotkey=R order=20)
[2026-01-08 10:50:32.965] MenuRegistry: Registered 'Time Report' in 'Time' menu (hotkey=R order=20)
[2026-01-08 10:50:32.966] ServiceContainer: Registered 'NotesMenuScreen' (singleton=False)
[2026-01-08 10:50:32.967] MenuRegistry: Registered 'Notes' in 'Tools' menu (hotkey=N order=20)
[2026-01-08 10:50:32.968] MenuRegistry: Registered 'Notes' in 'Tools' menu (hotkey=N order=20)
[2026-01-08 10:50:32.969] ServiceContainer: Registered 'TimeListScreen' (singleton=False)
[2026-01-08 10:50:32.969] MenuRegistry: Registered 'Time Tracking' in 'Time' menu (hotkey=T order=5)
[2026-01-08 10:50:32.970] MenuRegistry: Registered 'Time Tracking' in 'Time' menu (hotkey=T order=5)
[2026-01-08 10:50:32.971] ServiceContainer: Registered 'ChecklistsLauncherScreen' (singleton=False)
[2026-01-08 10:50:32.972] MenuRegistry: Registered 'Checklists' in 'Tools' menu (hotkey=C order=25)
[2026-01-08 10:50:32.973] MenuRegistry: Registered 'Checklists' in 'Tools' menu (hotkey=C order=25)
[2026-01-08 10:50:32.974] ServiceContainer: Registered 'ProjectListScreen' (singleton=False)
[2026-01-08 10:50:32.975] MenuRegistry: Registered 'Project List' in 'Projects' menu (hotkey=L order=10)
[2026-01-08 10:50:32.976] MenuRegistry: Registered 'Project List' in 'Projects' menu (hotkey=L order=10)
[2026-01-08 10:50:32.977] ServiceContainer: Resolving 'TaskListScreen'...
[2026-01-08 10:50:32.978] ServiceContainer: Resolving 'TaskStore'...
[2026-01-08 10:50:33.074] ServiceContainer: Resolved 'TaskStore' successfully
[2026-01-08 10:50:33.558] [INFO] StandardListScreen._ConfigureListActions: Configuring actions for Tasks
[2026-01-08 10:50:33.573] [INFO] StandardListScreen: Added footer shortcut D -> Delete
[2026-01-08 10:50:33.596] [INFO] StandardListScreen._ConfigureListActions: Configured 16 footer shortcuts
[2026-01-08 10:50:33.722] _PopulateMenusFromRegistry: Menu 'Options' has 2 items from registry (array)
[2026-01-08 10:50:33.738] _PopulateMenusFromRegistry: Menu 'Help' has 1 items from registry (array)
[2026-01-08 10:50:33.741] _PopulateMenusFromRegistry: Menu 'Tools' has 6 items from registry (array)
[2026-01-08 10:50:33.744] _PopulateMenusFromRegistry: Menu 'Time' has 3 items from registry (array)
[2026-01-08 10:50:33.747] _PopulateMenusFromRegistry: Menu 'Projects' has 3 items from registry (array)
[2026-01-08 10:50:33.749] _PopulateMenusFromRegistry: Menu 'Tasks' has 1 items from registry (array)
[2026-01-08 10:50:33.771] ServiceContainer: Resolved 'TaskListScreen' successfully
[2026-01-08 10:50:34.003] [INFO] StandardListScreen._ConfigureListActions: Configuring actions for Tasks
[2026-01-08 10:50:34.005] [INFO] StandardListScreen: Added footer shortcut D -> Delete
[2026-01-08 10:50:34.009] [INFO] StandardListScreen._ConfigureListActions: Configured 16 footer shortcuts
[10:50:35.248] [Z-BUFFER] REJECTED at (4,4): currentZ=10 < zBuffer=20 char='T'
[10:50:35.249] [Z-BUFFER] REJECTED at (5,4): currentZ=10 < zBuffer=20 char='a'
[10:50:35.251] [Z-BUFFER] REJECTED at (6,4): currentZ=10 < zBuffer=20 char='s'
[10:50:35.252] [Z-BUFFER] REJECTED at (7,4): currentZ=10 < zBuffer=20 char='k'
[10:50:35.254] [Z-BUFFER] REJECTED at (27,4): currentZ=10 < zBuffer=20 char='D'
[10:50:35.255] [Z-BUFFER] REJECTED at (28,4): currentZ=10 < zBuffer=20 char='u'
[10:50:35.256] [Z-BUFFER] REJECTED at (29,4): currentZ=10 < zBuffer=20 char='e'
[10:50:35.258] [Z-BUFFER] REJECTED at (49,4): currentZ=10 < zBuffer=20 char='T'
[10:50:35.259] [Z-BUFFER] REJECTED at (50,4): currentZ=10 < zBuffer=20 char='a'
[10:50:35.260] [Z-BUFFER] REJECTED at (51,4): currentZ=10 < zBuffer=20 char='g'
[10:50:35.261] [Z-BUFFER] REJECTED at (52,4): currentZ=10 < zBuffer=20 char='s'
[10:50:37.876] [Z-BUFFER] REJECTED at (4,4): currentZ=10 < zBuffer=20 char='T'
[10:50:37.878] [Z-BUFFER] REJECTED at (5,4): currentZ=10 < zBuffer=20 char='a'
[10:50:37.878] [Z-BUFFER] REJECTED at (6,4): currentZ=10 < zBuffer=20 char='s'
[10:50:37.879] [Z-BUFFER] REJECTED at (7,4): currentZ=10 < zBuffer=20 char='k'
[10:50:37.880] [Z-BUFFER] REJECTED at (27,4): currentZ=10 < zBuffer=20 char='D'
[10:50:37.881] [Z-BUFFER] REJECTED at (28,4): currentZ=10 < zBuffer=20 char='u'
[10:50:37.881] [Z-BUFFER] REJECTED at (29,4): currentZ=10 < zBuffer=20 char='e'
[10:50:37.882] [Z-BUFFER] REJECTED at (49,4): currentZ=10 < zBuffer=200 char='T'
[10:50:37.883] [Z-BUFFER] REJECTED at (50,4): currentZ=10 < zBuffer=200 char='a'
[10:50:37.884] [Z-BUFFER] REJECTED at (51,4): currentZ=10 < zBuffer=200 char='g'
[10:50:37.885] [Z-BUFFER] REJECTED at (52,4): currentZ=10 < zBuffer=200 char='s'
[2026-01-08 10:50:38.578] ServiceContainer: Resolving 'NotesMenuScreen'...
[2026-01-08 10:50:38.608] [ERROR] ServiceContainer: Failed to resolve 'NotesMenuScreen': At /home/teej/ztest/module/Pmc.Strict/consoleui/screens/NotesMenuScreen.ps1:663 char:1
+ }
+ ~
Unexpected token '}' in expression or statement.

At /home/teej/ztest/module/Pmc.Strict/consoleui/screens/NotesMenuScreen.ps1:609 char:20
+         $editor = [NoteEditorScreen]::new($item.id)
+                    ~~~~~~~~~~~~~~~~
Unable to find type [NoteEditorScreen].
[2026-01-08 10:50:38.610] Stack trace: at <ScriptBlock>, /home/teej/ztest/module/Pmc.Strict/consoleui/services/MenuRegistry.ps1: line 242
at Resolve, /home/teej/ztest/module/Pmc.Strict/consoleui/ServiceContainer.ps1: line 130
at <ScriptBlock>, <No file>: line 2
at ExecuteSelectedItem, /home/teej/ztest/module/Pmc.Strict/consoleui/widgets/PmcMenuBar.ps1: line 299
at _HandleItemHotkey, /home/teej/ztest/module/Pmc.Strict/consoleui/widgets/PmcMenuBar.ps1: line 587
at HandleKeyPress, /home/teej/ztest/module/Pmc.Strict/consoleui/widgets/PmcMenuBar.ps1: line 522
at HandleKeyPress, /home/teej/ztest/module/Pmc.Strict/consoleui/base/StandardListScreen.ps1: line 1128
at HandleKeyPress, /home/teej/ztest/module/Pmc.Strict/consoleui/screens/TaskListScreen.ps1: line 2178
at Run, /home/teej/ztest/module/Pmc.Strict/consoleui/PmcApplication.ps1: line 420
at Start-PmcTUI, /home/teej/ztest/module/Pmc.Strict/consoleui/Start-PmcTUI.ps1: line 620
at <ScriptBlock>, /home/teej/ztest/start.ps1: line 37
[2026-01-08 10:50:38.612] [ERROR] MenuRegistry: Error launching 'NotesMenuScreen': At /home/teej/ztest/module/Pmc.Strict/consoleui/screens/NotesMenuScreen.ps1:663 char:1
+ }
+ ~
Unexpected token '}' in expression or statement.

At /home/teej/ztest/module/Pmc.Strict/consoleui/screens/NotesMenuScreen.ps1:609 char:20
+         $editor = [NoteEditorScreen]::new($item.id)
+                    ~~~~~~~~~~~~~~~~
Unable to find type [NoteEditorScreen].
[2026-01-08 10:50:38.613] Stack trace: 
at <ScriptBlock>, /home/teej/ztest/module/Pmc.Strict/consoleui/services/MenuRegistry.ps1: line 242
at Resolve, /home/teej/ztest/module/Pmc.Strict/consoleui/ServiceContainer.ps1: line 130
at <ScriptBlock>, <No file>: line 2
at ExecuteSelectedItem, /home/teej/ztest/module/Pmc.Strict/consoleui/widgets/PmcMenuBar.ps1: line 299
at _HandleItemHotkey, /home/teej/ztest/module/Pmc.Strict/consoleui/widgets/PmcMenuBar.ps1: line 587
at HandleKeyPress, /home/teej/ztest/module/Pmc.Strict/consoleui/widgets/PmcMenuBar.ps1: line 522
at HandleKeyPress, /home/teej/ztest/module/Pmc.Strict/consoleui/base/StandardListScreen.ps1: line 1128
at HandleKeyPress, /home/teej/ztest/module/Pmc.Strict/consoleui/screens/TaskListScreen.ps1: line 2178
at Run, /home/teej/ztest/module/Pmc.Strict/consoleui/PmcApplication.ps1: line 420
at Start-PmcTUI, /home/teej/ztest/module/Pmc.Strict/consoleui/Start-PmcTUI.ps1: line 620
at <ScriptBlock>, /home/teej/ztest/start.ps1: line 37
[10:50:38.661] [Z-BUFFER] REJECTED at (4,4): currentZ=10 < zBuffer=20 char='T'
[10:50:38.665] [Z-BUFFER] REJECTED at (5,4): currentZ=10 < zBuffer=20 char='a'
[10:50:38.666] [Z-BUFFER] REJECTED at (6,4): currentZ=10 < zBuffer=20 char='s'
[10:50:38.666] [Z-BUFFER] REJECTED at (7,4): currentZ=10 < zBuffer=20 char='k'
[10:50:38.667] [Z-BUFFER] REJECTED at (27,4): currentZ=10 < zBuffer=20 char='D'
[10:50:38.668] [Z-BUFFER] REJECTED at (28,4): currentZ=10 < zBuffer=20 char='u'
[10:50:38.668] [Z-BUFFER] REJECTED at (29,4): currentZ=10 < zBuffer=20 char='e'
[10:50:38.669] [Z-BUFFER] REJECTED at (49,4): currentZ=10 < zBuffer=20 char='T'
[10:50:38.669] [Z-BUFFER] REJECTED at (50,4): currentZ=10 < zBuffer=20 char='a'
[10:50:38.670] [Z-BUFFER] REJECTED at (51,4): currentZ=10 < zBuffer=20 char='g'
[10:50:38.670] [Z-BUFFER] REJECTED at (52,4): currentZ=10 < zBuffer=20 char='s'
