[2025-12-20 14:13:26.382] ServiceContainer: Registered 'Theme' (singleton=True)
[2025-12-20 14:13:26.393] ServiceContainer: Registered 'ThemeManager' (singleton=True)
[2025-12-20 14:13:26.394] ServiceContainer: Registered 'Config' (singleton=True)
[2025-12-20 14:13:26.395] ServiceContainer: Registered 'TaskStore' (singleton=True)
[2025-12-20 14:13:26.397] ServiceContainer: Registered 'MenuRegistry' (singleton=True)
[2025-12-20 14:13:26.398] ServiceContainer: Registered 'Application' (singleton=True)
[2025-12-20 14:13:26.400] ServiceContainer: Registered 'CommandService' (singleton=True)
[2025-12-20 14:13:26.401] ServiceContainer: Registered 'ChecklistService' (singleton=True)
[2025-12-20 14:13:26.403] ServiceContainer: Registered 'NoteService' (singleton=True)
[2025-12-20 14:13:26.404] ServiceContainer: Registered 'ExcelMappingService' (singleton=True)
[2025-12-20 14:13:26.405] ServiceContainer: Registered 'PreferencesService' (singleton=True)
[2025-12-20 14:13:26.407] ServiceContainer: Registered 'TaskListScreen' (singleton=False)
[2025-12-20 14:13:26.426] ServiceContainer: Resolving 'Application'...
[2025-12-20 14:13:26.429] ServiceContainer: Resolving 'Theme'...
[2025-12-20 14:13:26.694] ServiceContainer: Resolved 'Theme' successfully
[2025-12-20 14:13:26.785] ServiceContainer: Resolving 'ThemeManager'...
[2025-12-20 14:13:26.788] ServiceContainer: Resolved 'ThemeManager' successfully
[2025-12-20 14:13:26.809] ServiceContainer: Resolved 'Application' successfully
[2025-12-20 14:13:26.811] ServiceContainer: Resolving 'MenuRegistry'...
[2025-12-20 14:13:26.828] ServiceContainer: Resolved 'MenuRegistry' successfully
[2025-12-20 14:13:26.853] MenuRegistry: Loaded manifest with 23 entries
[2025-12-20 14:13:26.892] ServiceContainer: Registered 'TaskListScreen_NextActions' (singleton=False)
[2025-12-20 14:13:26.893] MenuRegistry: Registered screen factory 'TaskListScreen_NextActions' in container (viewMode=nextactions)
[2025-12-20 14:13:26.914] MenuRegistry: Registered 'Next Actions' in 'Tasks' menu (hotkey=N order=35)
[2025-12-20 14:13:26.917] ServiceContainer: Registered 'TaskListScreen_Overdue' (singleton=False)
[2025-12-20 14:13:26.918] MenuRegistry: Registered screen factory 'TaskListScreen_Overdue' in container (viewMode=overdue)
[2025-12-20 14:13:26.932] MenuRegistry: Registered 'Overdue' in 'Tasks' menu (hotkey=O order=30)
[2025-12-20 14:13:26.934] ServiceContainer: Registered 'ExcelProfileManagerScreen' (singleton=False)
[2025-12-20 14:13:26.935] MenuRegistry: Registered screen factory 'ExcelProfileManagerScreen' in container (viewMode=)
[2025-12-20 14:13:26.938] MenuRegistry: Registered 'Excel Profiles' in 'Projects' menu (hotkey=M order=50)
[2025-12-20 14:13:26.940] ServiceContainer: Registered 'CommandLibraryScreen' (singleton=False)
[2025-12-20 14:13:26.942] MenuRegistry: Registered screen factory 'CommandLibraryScreen' in container (viewMode=)
[2025-12-20 14:13:26.943] MenuRegistry: Registered 'Command Library' in 'Tools' menu (hotkey=L order=10)
[2025-12-20 14:13:26.944] ServiceContainer: Registered 'TimeListScreen' (singleton=False)
[2025-12-20 14:13:26.945] MenuRegistry: Registered screen factory 'TimeListScreen' in container (viewMode=)
[2025-12-20 14:13:26.947] MenuRegistry: Registered 'Time Tracking' in 'Time' menu (hotkey=T order=5)
[2025-12-20 14:13:26.949] ServiceContainer: Registered 'TaskListScreen_Agenda' (singleton=False)
[2025-12-20 14:13:26.950] MenuRegistry: Registered screen factory 'TaskListScreen_Agenda' in container (viewMode=agenda)
[2025-12-20 14:13:26.951] MenuRegistry: Registered 'Agenda View' in 'Tasks' menu (hotkey=A order=50)
[2025-12-20 14:13:26.953] ServiceContainer: Registered 'ChecklistsLauncherScreen' (singleton=False)
[2025-12-20 14:13:26.954] MenuRegistry: Registered screen factory 'ChecklistsLauncherScreen' in container (viewMode=)
[2025-12-20 14:13:26.956] MenuRegistry: Registered 'Checklists' in 'Tools' menu (hotkey=C order=25)
[2025-12-20 14:13:26.958] ServiceContainer: Registered 'NotesMenuScreen' (singleton=False)
[2025-12-20 14:13:26.959] MenuRegistry: Registered screen factory 'NotesMenuScreen' in container (viewMode=)
[2025-12-20 14:13:26.961] MenuRegistry: Registered 'Notes' in 'Tools' menu (hotkey=N order=20)
[2025-12-20 14:13:26.964] ServiceContainer: Registered 'ThemeEditorScreen' (singleton=False)
[2025-12-20 14:13:26.965] MenuRegistry: Registered screen factory 'ThemeEditorScreen' in container (viewMode=)
[2025-12-20 14:13:26.967] MenuRegistry: Registered 'Theme Editor' in 'Options' menu (hotkey=T order=10)
[2025-12-20 14:13:26.969] ServiceContainer: Registered 'TimeReportScreen' (singleton=False)
[2025-12-20 14:13:26.970] MenuRegistry: Registered screen factory 'TimeReportScreen' in container (viewMode=)
[2025-12-20 14:13:26.972] MenuRegistry: Registered 'Time Report' in 'Time' menu (hotkey=R order=20)
[2025-12-20 14:13:26.974] ServiceContainer: Registered 'TaskListScreen_Default' (singleton=False)
[2025-12-20 14:13:26.976] MenuRegistry: Registered screen factory 'TaskListScreen_Default' in container (viewMode=)
[2025-12-20 14:13:26.978] MenuRegistry: Registered 'Task List' in 'Tasks' menu (hotkey=L order=5)
[2025-12-20 14:13:26.980] ServiceContainer: Registered 'HelpViewScreen' (singleton=False)
[2025-12-20 14:13:26.981] MenuRegistry: Registered screen factory 'HelpViewScreen' in container (viewMode=)
[2025-12-20 14:13:26.983] MenuRegistry: Registered 'Help' in 'Help' menu (hotkey=H order=10)
[2025-12-20 14:13:26.985] ServiceContainer: Registered 'TaskListScreen_Tomorrow' (singleton=False)
[2025-12-20 14:13:26.986] MenuRegistry: Registered screen factory 'TaskListScreen_Tomorrow' in container (viewMode=tomorrow)
[2025-12-20 14:13:26.988] MenuRegistry: Registered 'Tomorrow' in 'Tasks' menu (hotkey=T order=15)
[2025-12-20 14:13:26.991] ServiceContainer: Registered 'ChecklistTemplatesFolderScreen' (singleton=False)
[2025-12-20 14:13:26.992] MenuRegistry: Registered screen factory 'ChecklistTemplatesFolderScreen' in container (viewMode=)
[2025-12-20 14:13:26.994] MenuRegistry: Registered 'Checklist Templates' in 'Tools' menu (hotkey=H order=30)
[2025-12-20 14:13:26.996] ServiceContainer: Registered 'ProjectListScreen' (singleton=False)
[2025-12-20 14:13:26.997] MenuRegistry: Registered screen factory 'ProjectListScreen' in container (viewMode=)
[2025-12-20 14:13:26.999] MenuRegistry: Registered 'Project List' in 'Projects' menu (hotkey=L order=10)
[2025-12-20 14:13:27.002] ServiceContainer: Registered 'TaskListScreen_Today' (singleton=False)
[2025-12-20 14:13:27.003] MenuRegistry: Registered screen factory 'TaskListScreen_Today' in container (viewMode=today)
[2025-12-20 14:13:27.005] MenuRegistry: Registered 'Today' in 'Tasks' menu (hotkey=Y order=10)
[2025-12-20 14:13:27.007] ServiceContainer: Registered 'TaskListScreen_Week' (singleton=False)
[2025-12-20 14:13:27.013] MenuRegistry: Registered screen factory 'TaskListScreen_Week' in container (viewMode=week)
[2025-12-20 14:13:27.014] MenuRegistry: Registered 'Week View' in 'Tasks' menu (hotkey=W order=20)
[2025-12-20 14:13:27.016] ServiceContainer: Registered 'TaskListScreen_Upcoming' (singleton=False)
[2025-12-20 14:13:27.017] MenuRegistry: Registered screen factory 'TaskListScreen_Upcoming' in container (viewMode=upcoming)
[2025-12-20 14:13:27.019] MenuRegistry: Registered 'Upcoming' in 'Tasks' menu (hotkey=U order=25)
[2025-12-20 14:13:27.021] ServiceContainer: Registered 'ExcelImportScreen' (singleton=False)
[2025-12-20 14:13:27.023] MenuRegistry: Registered screen factory 'ExcelImportScreen' in container (viewMode=)
[2025-12-20 14:13:27.024] MenuRegistry: Registered 'Import from Excel' in 'Projects' menu (hotkey=I order=40)
[2025-12-20 14:13:27.026] ServiceContainer: Registered 'TaskListScreen_Month' (singleton=False)
[2025-12-20 14:13:27.027] MenuRegistry: Registered screen factory 'TaskListScreen_Month' in container (viewMode=month)
[2025-12-20 14:13:27.029] MenuRegistry: Registered 'Month View' in 'Tasks' menu (hotkey=M order=45)
[2025-12-20 14:13:27.031] ServiceContainer: Registered 'WeeklyTimeReportScreen' (singleton=False)
[2025-12-20 14:13:27.032] MenuRegistry: Registered screen factory 'WeeklyTimeReportScreen' in container (viewMode=)
[2025-12-20 14:13:27.034] MenuRegistry: Registered 'Weekly Report' in 'Time' menu (hotkey=W order=10)
[2025-12-20 14:13:27.036] ServiceContainer: Registered 'SettingsScreen' (singleton=False)
[2025-12-20 14:13:27.037] MenuRegistry: Registered screen factory 'SettingsScreen' in container (viewMode=)
[2025-12-20 14:13:27.039] MenuRegistry: Registered 'Settings' in 'Options' menu (hotkey=S order=20)
[2025-12-20 14:13:27.042] ServiceContainer: Registered 'TaskListScreen_NoDate' (singleton=False)
[2025-12-20 14:13:27.043] MenuRegistry: Registered screen factory 'TaskListScreen_NoDate' in container (viewMode=noduedate)
[2025-12-20 14:13:27.045] MenuRegistry: Registered 'No Due Date' in 'Tasks' menu (hotkey=D order=40)
[2025-12-20 14:13:27.048] ServiceContainer: Resolving 'TaskListScreen'...
[2025-12-20 14:13:27.050] ServiceContainer: Resolving 'TaskStore'...
[2025-12-20 14:13:27.382] ServiceContainer: Resolved 'TaskStore' successfully
[2025-12-20 14:13:28.412] _PopulateMenusFromRegistry: Menu 'Help' has 1 items from registry (array)
[2025-12-20 14:13:28.452] _PopulateMenusFromRegistry: Menu 'Time' has 3 items from registry (array)
[2025-12-20 14:13:28.458] _PopulateMenusFromRegistry: Menu 'Projects' has 3 items from registry (array)
[2025-12-20 14:13:28.465] _PopulateMenusFromRegistry: Menu 'Tasks' has 10 items from registry (array)
[2025-12-20 14:13:28.469] _PopulateMenusFromRegistry: Menu 'Options' has 2 items from registry (array)
[2025-12-20 14:13:28.474] _PopulateMenusFromRegistry: Menu 'Tools' has 4 items from registry (array)
[2025-12-20 14:13:28.477] ServiceContainer: Resolved 'TaskListScreen' successfully
[2025-12-20 14:16:52.634] ServiceContainer: Resolving 'ThemeEditorScreen'...
[2025-12-20 14:16:52.706] ServiceContainer: Resolved 'ThemeEditorScreen' successfully
[2025-12-20 14:17:07.532] ServiceContainer: Resolving 'ThemeEditorScreen'...
[2025-12-20 14:17:07.538] ServiceContainer: Resolved 'ThemeEditorScreen' successfully
