[2026-01-08 07:02:51.143] ServiceContainer: Registered 'Theme' (singleton=True)
[2026-01-08 07:02:51.148] ServiceContainer: Registered 'ThemeManager' (singleton=True)
[2026-01-08 07:02:51.149] ServiceContainer: Registered 'Config' (singleton=True)
[2026-01-08 07:02:51.151] ServiceContainer: Registered 'TaskStore' (singleton=True)
[2026-01-08 07:02:51.152] ServiceContainer: Registered 'MenuRegistry' (singleton=True)
[2026-01-08 07:02:51.153] ServiceContainer: Registered 'Application' (singleton=True)
[2026-01-08 07:02:51.155] ServiceContainer: Registered 'CommandService' (singleton=True)
[2026-01-08 07:02:51.156] ServiceContainer: Registered 'ChecklistService' (singleton=True)
[2026-01-08 07:02:51.157] ServiceContainer: Registered 'NoteService' (singleton=True)
[2026-01-08 07:02:51.159] ServiceContainer: Registered 'ExcelMappingService' (singleton=True)
[2026-01-08 07:02:51.160] ServiceContainer: Registered 'ExcelCopyService' (singleton=True)
[2026-01-08 07:02:51.161] ServiceContainer: Registered 'PreferencesService' (singleton=True)
[2026-01-08 07:02:51.162] ServiceContainer: Registered 'ExcelImportService' (singleton=True)
[2026-01-08 07:02:51.163] ServiceContainer: Registered 'TextExportService' (singleton=True)
[2026-01-08 07:02:51.165] ServiceContainer: Registered 'TaskListScreen' (singleton=False)
[2026-01-08 07:02:51.187] ServiceContainer: Resolving 'Application'...
[2026-01-08 07:02:51.190] ServiceContainer: Resolving 'Theme'...
[2026-01-08 07:02:51.468] ServiceContainer: Resolved 'Theme' successfully
[2026-01-08 07:02:51.584] ServiceContainer: Resolving 'ThemeManager'...
[2026-01-08 07:02:51.587] ServiceContainer: Resolved 'ThemeManager' successfully
[2026-01-08 07:02:51.609] ServiceContainer: Resolved 'Application' successfully
[2026-01-08 07:02:51.610] ServiceContainer: Resolving 'MenuRegistry'...
[2026-01-08 07:02:51.627] ServiceContainer: Resolved 'MenuRegistry' successfully
[2026-01-08 07:02:51.652] MenuRegistry: Loaded manifest with 16 entries
[2026-01-08 07:02:51.686] ServiceContainer: Registered 'TimeListScreen' (singleton=False)
[2026-01-08 07:02:51.687] MenuRegistry: Registered 'Time Tracking' in 'Time' menu (hotkey=T order=5)
[2026-01-08 07:02:51.709] MenuRegistry: Registered 'Time Tracking' in 'Time' menu (hotkey=T order=5)
[2026-01-08 07:02:51.712] ServiceContainer: Registered 'ExcelImportScreen' (singleton=False)
[2026-01-08 07:02:51.713] MenuRegistry: Registered 'Import from Excel' in 'Projects' menu (hotkey=I order=40)
[2026-01-08 07:02:51.716] MenuRegistry: Registered 'Import from Excel' in 'Projects' menu (hotkey=I order=40)
[2026-01-08 07:02:51.718] ServiceContainer: Registered 'ChecklistsLauncherScreen' (singleton=False)
[2026-01-08 07:02:51.719] MenuRegistry: Registered 'Checklists' in 'Tools' menu (hotkey=C order=25)
[2026-01-08 07:02:51.721] MenuRegistry: Registered 'Checklists' in 'Tools' menu (hotkey=C order=25)
[2026-01-08 07:02:51.723] ServiceContainer: Registered 'ProjectListScreen' (singleton=False)
[2026-01-08 07:02:51.724] MenuRegistry: Registered 'Project List' in 'Projects' menu (hotkey=L order=10)
[2026-01-08 07:02:51.737] MenuRegistry: Registered 'Project List' in 'Projects' menu (hotkey=L order=10)
[2026-01-08 07:02:51.739] ServiceContainer: Registered 'TimeReportScreen' (singleton=False)
[2026-01-08 07:02:51.740] MenuRegistry: Registered 'Time Report' in 'Time' menu (hotkey=R order=20)
[2026-01-08 07:02:51.742] MenuRegistry: Registered 'Time Report' in 'Time' menu (hotkey=R order=20)
[2026-01-08 07:02:51.743] ServiceContainer: Registered 'TextExportProfileManagerScreen' (singleton=False)
[2026-01-08 07:02:51.744] MenuRegistry: Registered 'T2020 Export Profiles' in 'Tools' menu (hotkey=E order=45)
[2026-01-08 07:02:51.746] MenuRegistry: Registered 'T2020 Export Profiles' in 'Tools' menu (hotkey=E order=45)
[2026-01-08 07:02:51.748] ServiceContainer: Registered 'WeeklyTimeReportScreen' (singleton=False)
[2026-01-08 07:02:51.749] MenuRegistry: Registered 'Weekly Report' in 'Time' menu (hotkey=W order=10)
[2026-01-08 07:02:51.751] MenuRegistry: Registered 'Weekly Report' in 'Time' menu (hotkey=W order=10)
[2026-01-08 07:02:51.753] ServiceContainer: Registered 'ExcelProfileManagerScreen' (singleton=False)
[2026-01-08 07:02:51.754] MenuRegistry: Registered 'Excel Profiles' in 'Projects' menu (hotkey=M order=50)
[2026-01-08 07:02:51.756] MenuRegistry: Registered 'Excel Profiles' in 'Projects' menu (hotkey=M order=50)
[2026-01-08 07:02:51.758] ServiceContainer: Registered 'ChecklistTemplatesFolderScreen' (singleton=False)
[2026-01-08 07:02:51.759] MenuRegistry: Registered 'Checklist Templates' in 'Tools' menu (hotkey=H order=30)
[2026-01-08 07:02:51.760] MenuRegistry: Registered 'Checklist Templates' in 'Tools' menu (hotkey=H order=30)
[2026-01-08 07:02:51.762] ServiceContainer: Registered 'NotesMenuScreen' (singleton=False)
[2026-01-08 07:02:51.764] MenuRegistry: Registered 'Notes' in 'Tools' menu (hotkey=N order=20)
[2026-01-08 07:02:51.766] MenuRegistry: Registered 'Notes' in 'Tools' menu (hotkey=N order=20)
[2026-01-08 07:02:51.768] ServiceContainer: Registered 'TaskListScreen_Default' (singleton=False)
[2026-01-08 07:02:51.769] MenuRegistry: Registered 'Task List' in 'Tasks' menu (hotkey=L order=5)
[2026-01-08 07:02:51.771] MenuRegistry: Registered 'Task List' in 'Tasks' menu (hotkey=L order=5)
[2026-01-08 07:02:51.773] ServiceContainer: Registered 'HelpViewScreen' (singleton=False)
[2026-01-08 07:02:51.775] MenuRegistry: Registered 'Help' in 'Help' menu (hotkey=H order=10)
[2026-01-08 07:02:51.776] MenuRegistry: Registered 'Help' in 'Help' menu (hotkey=H order=10)
[2026-01-08 07:02:51.778] ServiceContainer: Registered 'SettingsScreen' (singleton=False)
[2026-01-08 07:02:51.780] MenuRegistry: Registered 'Settings' in 'Options' menu (hotkey=S order=20)
[2026-01-08 07:02:51.781] MenuRegistry: Registered 'Settings' in 'Options' menu (hotkey=S order=20)
[2026-01-08 07:02:51.783] ServiceContainer: Registered 'ThemeEditorScreen' (singleton=False)
[2026-01-08 07:02:51.785] MenuRegistry: Registered 'Theme Editor' in 'Options' menu (hotkey=T order=10)
[2026-01-08 07:02:51.786] MenuRegistry: Registered 'Theme Editor' in 'Options' menu (hotkey=T order=10)
[2026-01-08 07:02:51.788] ServiceContainer: Registered 'CommandLibraryScreen' (singleton=False)
[2026-01-08 07:02:51.789] MenuRegistry: Registered 'Command Library' in 'Tools' menu (hotkey=L order=10)
[2026-01-08 07:02:51.791] MenuRegistry: Registered 'Command Library' in 'Tools' menu (hotkey=L order=10)
[2026-01-08 07:02:51.792] ServiceContainer: Registered 'ExcelImportProfileManagerScreen' (singleton=False)
[2026-01-08 07:02:51.793] MenuRegistry: Registered 'Excel Import Profiles' in 'Tools' menu (hotkey=I order=40)
[2026-01-08 07:02:51.795] MenuRegistry: Registered 'Excel Import Profiles' in 'Tools' menu (hotkey=I order=40)
[2026-01-08 07:02:51.797] ServiceContainer: Resolving 'TaskListScreen'...
[2026-01-08 07:02:51.799] ServiceContainer: Resolving 'TaskStore'...
[2026-01-08 07:02:51.960] ServiceContainer: Resolved 'TaskStore' successfully
[2026-01-08 07:02:52.810] [INFO] StandardListScreen._ConfigureListActions: Configuring actions for Tasks
[2026-01-08 07:02:52.850] [INFO] StandardListScreen: Added footer shortcut D -> Delete
[2026-01-08 07:02:52.872] [INFO] StandardListScreen._ConfigureListActions: Configured 16 footer shortcuts
[2026-01-08 07:02:53.094] _PopulateMenusFromRegistry: Menu 'Tasks' has 1 items from registry (array)
[2026-01-08 07:02:53.122] _PopulateMenusFromRegistry: Menu 'Tools' has 6 items from registry (array)
[2026-01-08 07:02:53.127] _PopulateMenusFromRegistry: Menu 'Options' has 2 items from registry (array)
[2026-01-08 07:02:53.131] _PopulateMenusFromRegistry: Menu 'Time' has 3 items from registry (array)
[2026-01-08 07:02:53.166] _PopulateMenusFromRegistry: Menu 'Help' has 1 items from registry (array)
[2026-01-08 07:02:53.171] _PopulateMenusFromRegistry: Menu 'Projects' has 3 items from registry (array)
[2026-01-08 07:02:53.174] ServiceContainer: Resolved 'TaskListScreen' successfully
[2026-01-08 07:02:53.570] [INFO] StandardListScreen._ConfigureListActions: Configuring actions for Tasks
[2026-01-08 07:02:53.573] [INFO] StandardListScreen: Added footer shortcut D -> Delete
[2026-01-08 07:02:53.580] [INFO] StandardListScreen._ConfigureListActions: Configured 16 footer shortcuts
[2026-01-08 07:03:01.301] ServiceContainer: Resolving 'NotesMenuScreen'...
[2026-01-08 07:03:01.438] [INFO] StandardListScreen._ConfigureListActions: Configuring actions for Notes
[2026-01-08 07:03:01.445] [INFO] StandardListScreen: Added footer shortcut D -> Delete
[2026-01-08 07:03:01.452] [INFO] StandardListScreen._ConfigureListActions: Configured 7 footer shortcuts
[2026-01-08 07:03:01.498] ServiceContainer: Resolved 'NotesMenuScreen' successfully
[2026-01-08 07:03:01.560] [INFO] StandardListScreen._ConfigureListActions: Configuring actions for Notes
[2026-01-08 07:03:01.562] [INFO] StandardListScreen: Added footer shortcut D -> Delete
[2026-01-08 07:03:01.571] [INFO] StandardListScreen._ConfigureListActions: Configured 7 footer shortcuts
[2026-01-08 07:03:10.982] [INFO] UniversalList.RenderToEngine: SKIPPING row 0 (editor active, filling with blank)
[2026-01-08 07:03:11.087] [INFO] UniversalList.RenderToEngine: SKIPPING row 0 (editor active, filling with blank)
[2026-01-08 07:03:11.092] [INFO] StandardListScreen.RenderContentToEngine: Rendering InlineEditor at Y=9
[2026-01-08 07:03:12.585] [INFO] UniversalList.RenderToEngine: SKIPPING row 0 (editor active, filling with blank)
[2026-01-08 07:03:12.637] [INFO] UniversalList.RenderToEngine: SKIPPING row 0 (editor active, filling with blank)
[2026-01-08 07:03:12.643] [INFO] StandardListScreen.RenderContentToEngine: Rendering InlineEditor at Y=9
[2026-01-08 07:03:14.093] [INFO] StandardListScreen.OnInlineEditConfirmed: Dispatching to _SaveEditedItem
[2026-01-08 07:03:14.121] [INFO] ========== OnEditItem START ==========
[2026-01-08 07:03:14.122] [INFO] OnEditItem: noteId = nn3a
[2026-01-08 07:03:14.125] [INFO] OnEditItem: New title = 'nn3ab'
[2026-01-08 07:03:14.171] [ERROR] OnEditItem: EXCEPTION - The property 'owner_type' cannot be found on this object. Verify that the property exists.
[2026-01-08 07:03:14.173] [ERROR] OnEditItem: Stack trace - at UpdateNoteMetadata, /home/teej/ztest/module/Pmc.Strict/consoleui/services/FileNoteService.ps1: line 241
at OnEditItem, /home/teej/ztest/module/Pmc.Strict/consoleui/screens/NotesMenuScreen.ps1: line 372
at OnItemUpdated, /home/teej/ztest/module/Pmc.Strict/consoleui/screens/NotesMenuScreen.ps1: line 326
at _SaveEditedItem, /home/teej/ztest/module/Pmc.Strict/consoleui/base/StandardListScreen.ps1: line 933
at OnInlineEditConfirmed, /home/teej/ztest/module/Pmc.Strict/consoleui/base/StandardListScreen.ps1: line 999
at <ScriptBlock>, /home/teej/ztest/module/Pmc.Strict/consoleui/base/StandardListScreen.ps1: line 490
at _InvokeCallback, /home/teej/ztest/module/Pmc.Strict/consoleui/widgets/InlineEditor.ps1: line 2186
at HandleInput, /home/teej/ztest/module/Pmc.Strict/consoleui/widgets/InlineEditor.ps1: line 451
at HandleModalInput, /home/teej/ztest/module/Pmc.Strict/consoleui/PmcScreen.ps1: line 566
at HandleKeyPress, /home/teej/ztest/module/Pmc.Strict/consoleui/base/StandardListScreen.ps1: line 1114
at Run, /home/teej/ztest/module/Pmc.Strict/consoleui/PmcApplication.ps1: line 420
at Start-PmcTUI, /home/teej/ztest/module/Pmc.Strict/consoleui/Start-PmcTUI.ps1: line 620
at <ScriptBlock>, /home/teej/ztest/start.ps1: line 37
[2026-01-08 07:03:14.234] RequestRender called from:  at line 972
