[2025-12-31 12:15:34.379] ServiceContainer: Registered 'Theme' (singleton=True)
[2025-12-31 12:15:34.384] ServiceContainer: Registered 'ThemeManager' (singleton=True)
[2025-12-31 12:15:34.385] ServiceContainer: Registered 'Config' (singleton=True)
[2025-12-31 12:15:34.386] ServiceContainer: Registered 'TaskStore' (singleton=True)
[2025-12-31 12:15:34.388] ServiceContainer: Registered 'MenuRegistry' (singleton=True)
[2025-12-31 12:15:34.389] ServiceContainer: Registered 'Application' (singleton=True)
[2025-12-31 12:15:34.391] ServiceContainer: Registered 'CommandService' (singleton=True)
[2025-12-31 12:15:34.392] ServiceContainer: Registered 'ChecklistService' (singleton=True)
[2025-12-31 12:15:34.393] ServiceContainer: Registered 'NoteService' (singleton=True)
[2025-12-31 12:15:34.394] ServiceContainer: Registered 'ExcelMappingService' (singleton=True)
[2025-12-31 12:15:34.395] ServiceContainer: Registered 'ExcelCopyService' (singleton=True)
[2025-12-31 12:15:34.396] ServiceContainer: Registered 'PreferencesService' (singleton=True)
[2025-12-31 12:15:34.396] ServiceContainer: Registered 'ExcelImportService' (singleton=True)
[2025-12-31 12:15:34.397] ServiceContainer: Registered 'TextExportService' (singleton=True)
[2025-12-31 12:15:34.398] ServiceContainer: Registered 'TaskListScreen' (singleton=False)
[2025-12-31 12:15:34.411] ServiceContainer: Resolving 'Application'...
[2025-12-31 12:15:34.412] ServiceContainer: Resolving 'Theme'...
[2025-12-31 12:15:34.534] ServiceContainer: Resolved 'Theme' successfully
[2025-12-31 12:15:34.608] ServiceContainer: Resolving 'ThemeManager'...
[2025-12-31 12:15:34.610] ServiceContainer: Resolved 'ThemeManager' successfully
[2025-12-31 12:15:34.623] ServiceContainer: Resolved 'Application' successfully
[2025-12-31 12:15:34.625] ServiceContainer: Resolving 'MenuRegistry'...
[2025-12-31 12:15:34.643] ServiceContainer: Resolved 'MenuRegistry' successfully
[2025-12-31 12:15:34.667] MenuRegistry: Loaded manifest with 16 entries
[2025-12-31 12:15:34.688] ServiceContainer: Registered 'ExcelProfileManagerScreen' (singleton=False)
[2025-12-31 12:15:34.689] MenuRegistry: Registered 'Excel Profiles' in 'Projects' menu (hotkey=M order=50)
[2025-12-31 12:15:34.702] MenuRegistry: Registered 'Excel Profiles' in 'Projects' menu (hotkey=M order=50)
[2025-12-31 12:15:34.703] ServiceContainer: Registered 'TaskListScreen_Default' (singleton=False)
[2025-12-31 12:15:34.704] MenuRegistry: Registered 'Task List' in 'Tasks' menu (hotkey=L order=5)
[2025-12-31 12:15:34.705] MenuRegistry: Registered 'Task List' in 'Tasks' menu (hotkey=L order=5)
[2025-12-31 12:15:34.707] ServiceContainer: Registered 'ThemeEditorScreen' (singleton=False)
[2025-12-31 12:15:34.708] MenuRegistry: Registered 'Theme Editor' in 'Options' menu (hotkey=T order=10)
[2025-12-31 12:15:34.709] MenuRegistry: Registered 'Theme Editor' in 'Options' menu (hotkey=T order=10)
[2025-12-31 12:15:34.711] ServiceContainer: Registered 'TimeReportScreen' (singleton=False)
[2025-12-31 12:15:34.712] MenuRegistry: Registered 'Time Report' in 'Time' menu (hotkey=R order=20)
[2025-12-31 12:15:34.713] MenuRegistry: Registered 'Time Report' in 'Time' menu (hotkey=R order=20)
[2025-12-31 12:15:34.714] ServiceContainer: Registered 'ProjectListScreen' (singleton=False)
[2025-12-31 12:15:34.715] MenuRegistry: Registered 'Project List' in 'Projects' menu (hotkey=L order=10)
[2025-12-31 12:15:34.717] MenuRegistry: Registered 'Project List' in 'Projects' menu (hotkey=L order=10)
[2025-12-31 12:15:34.720] ServiceContainer: Registered 'ExcelImportScreen' (singleton=False)
[2025-12-31 12:15:34.721] MenuRegistry: Registered 'Import from Excel' in 'Projects' menu (hotkey=I order=40)
[2025-12-31 12:15:34.723] MenuRegistry: Registered 'Import from Excel' in 'Projects' menu (hotkey=I order=40)
[2025-12-31 12:15:34.725] ServiceContainer: Registered 'ExcelImportProfileManagerScreen' (singleton=False)
[2025-12-31 12:15:34.726] MenuRegistry: Registered 'Excel Import Profiles' in 'Tools' menu (hotkey=I order=40)
[2025-12-31 12:15:34.729] MenuRegistry: Registered 'Excel Import Profiles' in 'Tools' menu (hotkey=I order=40)
[2025-12-31 12:15:34.731] ServiceContainer: Registered 'WeeklyTimeReportScreen' (singleton=False)
[2025-12-31 12:15:34.733] MenuRegistry: Registered 'Weekly Report' in 'Time' menu (hotkey=W order=10)
[2025-12-31 12:15:34.735] MenuRegistry: Registered 'Weekly Report' in 'Time' menu (hotkey=W order=10)
[2025-12-31 12:15:34.736] ServiceContainer: Registered 'HelpViewScreen' (singleton=False)
[2025-12-31 12:15:34.737] MenuRegistry: Registered 'Help' in 'Help' menu (hotkey=H order=10)
[2025-12-31 12:15:34.739] MenuRegistry: Registered 'Help' in 'Help' menu (hotkey=H order=10)
[2025-12-31 12:15:34.745] ServiceContainer: Registered 'TextExportProfileManagerScreen' (singleton=False)
[2025-12-31 12:15:34.746] MenuRegistry: Registered 'T2020 Export Profiles' in 'Tools' menu (hotkey=E order=45)
[2025-12-31 12:15:34.747] MenuRegistry: Registered 'T2020 Export Profiles' in 'Tools' menu (hotkey=E order=45)
[2025-12-31 12:15:34.748] ServiceContainer: Registered 'CommandLibraryScreen' (singleton=False)
[2025-12-31 12:15:34.749] MenuRegistry: Registered 'Command Library' in 'Tools' menu (hotkey=L order=10)
[2025-12-31 12:15:34.750] MenuRegistry: Registered 'Command Library' in 'Tools' menu (hotkey=L order=10)
[2025-12-31 12:15:34.751] ServiceContainer: Registered 'NotesMenuScreen' (singleton=False)
[2025-12-31 12:15:34.752] MenuRegistry: Registered 'Notes' in 'Tools' menu (hotkey=N order=20)
[2025-12-31 12:15:34.753] MenuRegistry: Registered 'Notes' in 'Tools' menu (hotkey=N order=20)
[2025-12-31 12:15:34.754] ServiceContainer: Registered 'ChecklistTemplatesFolderScreen' (singleton=False)
[2025-12-31 12:15:34.754] MenuRegistry: Registered 'Checklist Templates' in 'Tools' menu (hotkey=H order=30)
[2025-12-31 12:15:34.755] MenuRegistry: Registered 'Checklist Templates' in 'Tools' menu (hotkey=H order=30)
[2025-12-31 12:15:34.757] ServiceContainer: Registered 'ChecklistsLauncherScreen' (singleton=False)
[2025-12-31 12:15:34.757] MenuRegistry: Registered 'Checklists' in 'Tools' menu (hotkey=C order=25)
[2025-12-31 12:15:34.758] MenuRegistry: Registered 'Checklists' in 'Tools' menu (hotkey=C order=25)
[2025-12-31 12:15:34.760] ServiceContainer: Registered 'TimeListScreen' (singleton=False)
[2025-12-31 12:15:34.760] MenuRegistry: Registered 'Time Tracking' in 'Time' menu (hotkey=T order=5)
[2025-12-31 12:15:34.762] MenuRegistry: Registered 'Time Tracking' in 'Time' menu (hotkey=T order=5)
[2025-12-31 12:15:34.763] ServiceContainer: Registered 'SettingsScreen' (singleton=False)
[2025-12-31 12:15:34.764] MenuRegistry: Registered 'Settings' in 'Options' menu (hotkey=S order=20)
[2025-12-31 12:15:34.765] MenuRegistry: Registered 'Settings' in 'Options' menu (hotkey=S order=20)
[2025-12-31 12:15:34.766] ServiceContainer: Resolving 'TaskListScreen'...
[2025-12-31 12:15:34.768] ServiceContainer: Resolving 'TaskStore'...
[2025-12-31 12:15:35.169] ServiceContainer: Resolved 'TaskStore' successfully
[2025-12-31 12:15:35.885] _PopulateMenusFromRegistry: Menu 'Projects' has 3 items from registry (array)
[2025-12-31 12:15:35.903] _PopulateMenusFromRegistry: Menu 'Time' has 3 items from registry (array)
[2025-12-31 12:15:35.906] _PopulateMenusFromRegistry: Menu 'Help' has 1 items from registry (array)
[2025-12-31 12:15:35.909] _PopulateMenusFromRegistry: Menu 'Tools' has 6 items from registry (array)
[2025-12-31 12:15:35.911] _PopulateMenusFromRegistry: Menu 'Options' has 2 items from registry (array)
[2025-12-31 12:15:35.913] _PopulateMenusFromRegistry: Menu 'Tasks' has 1 items from registry (array)
[2025-12-31 12:15:35.915] ServiceContainer: Resolved 'TaskListScreen' successfully
[2025-12-31 12:15:40.738] ServiceContainer: Resolving 'ThemeEditorScreen'...
[2025-12-31 12:15:40.777] ServiceContainer: Resolved 'ThemeEditorScreen' successfully
