[2026-01-09 13:11:25.802] ServiceContainer: Registered 'Theme' (singleton=True)
[2026-01-09 13:11:25.805] ServiceContainer: Registered 'ThemeManager' (singleton=True)
[2026-01-09 13:11:25.805] ServiceContainer: Registered 'Config' (singleton=True)
[2026-01-09 13:11:25.806] ServiceContainer: Registered 'TaskStore' (singleton=True)
[2026-01-09 13:11:25.807] ServiceContainer: Registered 'MenuRegistry' (singleton=True)
[2026-01-09 13:11:25.808] ServiceContainer: Registered 'Application' (singleton=True)
[2026-01-09 13:11:25.809] ServiceContainer: Registered 'CommandService' (singleton=True)
[2026-01-09 13:11:25.809] ServiceContainer: Registered 'ChecklistService' (singleton=True)
[2026-01-09 13:11:25.810] ServiceContainer: Registered 'NoteService' (singleton=True)
[2026-01-09 13:11:25.811] ServiceContainer: Registered 'ExcelMappingService' (singleton=True)
[2026-01-09 13:11:25.812] ServiceContainer: Registered 'ExcelCopyService' (singleton=True)
[2026-01-09 13:11:25.812] ServiceContainer: Registered 'PreferencesService' (singleton=True)
[2026-01-09 13:11:25.813] ServiceContainer: Registered 'ExcelImportService' (singleton=True)
[2026-01-09 13:11:25.814] ServiceContainer: Registered 'TextExportService' (singleton=True)
[2026-01-09 13:11:25.814] ServiceContainer: Registered 'TaskListScreen' (singleton=False)
[2026-01-09 13:11:25.828] ServiceContainer: Resolving 'Application'...
[2026-01-09 13:11:25.830] ServiceContainer: Resolving 'Theme'...
[2026-01-09 13:11:25.992] ServiceContainer: Resolved 'Theme' successfully
[2026-01-09 13:11:26.064] ServiceContainer: Resolving 'ThemeManager'...
[2026-01-09 13:11:26.065] ServiceContainer: Resolved 'ThemeManager' successfully
[2026-01-09 13:11:26.078] ServiceContainer: Resolved 'Application' successfully
[2026-01-09 13:11:26.078] ServiceContainer: Resolving 'MenuRegistry'...
[2026-01-09 13:11:26.089] ServiceContainer: Resolved 'MenuRegistry' successfully
[2026-01-09 13:11:26.104] MenuRegistry: Loaded manifest with 17 entries
[2026-01-09 13:11:26.125] ServiceContainer: Registered 'ExcelImportProfileManagerScreen' (singleton=False)
[2026-01-09 13:11:26.126] MenuRegistry: Registered 'Excel Import Profiles' in 'Tools' menu (hotkey=I order=40)
[2026-01-09 13:11:26.139] MenuRegistry: Registered 'Excel Import Profiles' in 'Tools' menu (hotkey=I order=40)
[2026-01-09 13:11:26.140] ServiceContainer: Registered 'HelpViewScreen' (singleton=False)
[2026-01-09 13:11:26.141] MenuRegistry: Registered 'Help' in 'Help' menu (hotkey=H order=10)
[2026-01-09 13:11:26.142] MenuRegistry: Registered 'Help' in 'Help' menu (hotkey=H order=10)
[2026-01-09 13:11:26.144] ServiceContainer: Registered 'ChecklistTemplatesFolderScreen' (singleton=False)
[2026-01-09 13:11:26.144] MenuRegistry: Registered 'Checklist Templates' in 'Tools' menu (hotkey=H order=30)
[2026-01-09 13:11:26.145] MenuRegistry: Registered 'Checklist Templates' in 'Tools' menu (hotkey=H order=30)
[2026-01-09 13:11:26.153] ServiceContainer: Registered 'ProjectListScreen' (singleton=False)
[2026-01-09 13:11:26.154] MenuRegistry: Registered 'Project List' in 'Projects' menu (hotkey=L order=10)
[2026-01-09 13:11:26.155] MenuRegistry: Registered 'Project List' in 'Projects' menu (hotkey=L order=10)
[2026-01-09 13:11:26.157] ServiceContainer: Registered 'TaskListScreen_Default' (singleton=False)
[2026-01-09 13:11:26.157] MenuRegistry: Registered 'Task List' in 'Tasks' menu (hotkey=L order=5)
[2026-01-09 13:11:26.159] MenuRegistry: Registered 'Task List' in 'Tasks' menu (hotkey=L order=5)
[2026-01-09 13:11:26.160] ServiceContainer: Registered 'CommandLibraryScreen' (singleton=False)
[2026-01-09 13:11:26.160] MenuRegistry: Registered 'Command Library' in 'Tools' menu (hotkey=L order=10)
[2026-01-09 13:11:26.161] MenuRegistry: Registered 'Command Library' in 'Tools' menu (hotkey=L order=10)
[2026-01-09 13:11:26.162] ServiceContainer: Registered 'CalendarScreen' (singleton=False)
[2026-01-09 13:11:26.163] MenuRegistry: Registered 'Calendar' in 'Tools' menu (hotkey=A order=50)
[2026-01-09 13:11:26.164] MenuRegistry: Registered 'Calendar' in 'Tools' menu (hotkey=A order=50)
[2026-01-09 13:11:26.165] ServiceContainer: Registered 'SettingsScreen' (singleton=False)
[2026-01-09 13:11:26.166] MenuRegistry: Registered 'Settings' in 'Options' menu (hotkey=S order=20)
[2026-01-09 13:11:26.167] MenuRegistry: Registered 'Settings' in 'Options' menu (hotkey=S order=20)
[2026-01-09 13:11:26.168] ServiceContainer: Registered 'ThemeEditorScreen' (singleton=False)
[2026-01-09 13:11:26.169] MenuRegistry: Registered 'Theme Editor' in 'Options' menu (hotkey=T order=10)
[2026-01-09 13:11:26.170] MenuRegistry: Registered 'Theme Editor' in 'Options' menu (hotkey=T order=10)
[2026-01-09 13:11:26.171] ServiceContainer: Registered 'NotesMenuScreen' (singleton=False)
[2026-01-09 13:11:26.172] MenuRegistry: Registered 'Notes' in 'Tools' menu (hotkey=N order=20)
[2026-01-09 13:11:26.173] MenuRegistry: Registered 'Notes' in 'Tools' menu (hotkey=N order=20)
[2026-01-09 13:11:26.174] ServiceContainer: Registered 'WeeklyTimeReportScreen' (singleton=False)
[2026-01-09 13:11:26.175] MenuRegistry: Registered 'Weekly Report' in 'Time' menu (hotkey=W order=10)
[2026-01-09 13:11:26.176] MenuRegistry: Registered 'Weekly Report' in 'Time' menu (hotkey=W order=10)
[2026-01-09 13:11:26.177] ServiceContainer: Registered 'TextExportProfileManagerScreen' (singleton=False)
[2026-01-09 13:11:26.178] MenuRegistry: Registered 'T2020 Export Profiles' in 'Tools' menu (hotkey=E order=45)
[2026-01-09 13:11:26.179] MenuRegistry: Registered 'T2020 Export Profiles' in 'Tools' menu (hotkey=E order=45)
[2026-01-09 13:11:26.180] ServiceContainer: Registered 'TimeReportScreen' (singleton=False)
[2026-01-09 13:11:26.180] MenuRegistry: Registered 'Time Report' in 'Time' menu (hotkey=R order=20)
[2026-01-09 13:11:26.181] MenuRegistry: Registered 'Time Report' in 'Time' menu (hotkey=R order=20)
[2026-01-09 13:11:26.182] ServiceContainer: Registered 'ExcelImportScreen' (singleton=False)
[2026-01-09 13:11:26.183] MenuRegistry: Registered 'Import from Excel' in 'Projects' menu (hotkey=I order=40)
[2026-01-09 13:11:26.184] MenuRegistry: Registered 'Import from Excel' in 'Projects' menu (hotkey=I order=40)
[2026-01-09 13:11:26.185] ServiceContainer: Registered 'TimeListScreen' (singleton=False)
[2026-01-09 13:11:26.186] MenuRegistry: Registered 'Time Tracking' in 'Time' menu (hotkey=T order=5)
[2026-01-09 13:11:26.187] MenuRegistry: Registered 'Time Tracking' in 'Time' menu (hotkey=T order=5)
[2026-01-09 13:11:26.188] ServiceContainer: Registered 'ExcelProfileManagerScreen' (singleton=False)
[2026-01-09 13:11:26.189] MenuRegistry: Registered 'Excel Profiles' in 'Projects' menu (hotkey=M order=50)
[2026-01-09 13:11:26.190] MenuRegistry: Registered 'Excel Profiles' in 'Projects' menu (hotkey=M order=50)
[2026-01-09 13:11:26.192] ServiceContainer: Registered 'ChecklistsLauncherScreen' (singleton=False)
[2026-01-09 13:11:26.193] MenuRegistry: Registered 'Checklists' in 'Tools' menu (hotkey=C order=25)
[2026-01-09 13:11:26.229] MenuRegistry: Registered 'Checklists' in 'Tools' menu (hotkey=C order=25)
[2026-01-09 13:11:26.231] ServiceContainer: Resolving 'TaskListScreen'...
[2026-01-09 13:11:26.233] ServiceContainer: Resolving 'TaskStore'...
[2026-01-09 13:11:26.323] ServiceContainer: Resolved 'TaskStore' successfully
[2026-01-09 13:11:26.847] [INFO] StandardListScreen._ConfigureListActions: Configuring actions for Tasks
[2026-01-09 13:11:26.864] [INFO] StandardListScreen: Added footer shortcut D -> Delete
[2026-01-09 13:11:26.880] [INFO] StandardListScreen._ConfigureListActions: Configured 16 footer shortcuts
[2026-01-09 13:11:27.016] _PopulateMenusFromRegistry: Menu 'Time' has 3 items from registry (array)
[2026-01-09 13:11:27.041] _PopulateMenusFromRegistry: Menu 'Tasks' has 1 items from registry (array)
[2026-01-09 13:11:27.043] _PopulateMenusFromRegistry: Menu 'Help' has 1 items from registry (array)
[2026-01-09 13:11:27.045] _PopulateMenusFromRegistry: Menu 'Options' has 2 items from registry (array)
[2026-01-09 13:11:27.048] _PopulateMenusFromRegistry: Menu 'Tools' has 7 items from registry (array)
[2026-01-09 13:11:27.051] _PopulateMenusFromRegistry: Menu 'Projects' has 3 items from registry (array)
[2026-01-09 13:11:27.052] ServiceContainer: Resolved 'TaskListScreen' successfully
[2026-01-09 13:11:27.368] [INFO] StandardListScreen._ConfigureListActions: Configuring actions for Tasks
[2026-01-09 13:11:27.370] [INFO] StandardListScreen: Added footer shortcut D -> Delete
[2026-01-09 13:11:27.375] [INFO] StandardListScreen._ConfigureListActions: Configured 16 footer shortcuts
[13:11:28.496] [Z-BUFFER] REJECTED at (4,4): currentZ=10 < zBuffer=20 char='T'
[13:11:28.498] [Z-BUFFER] REJECTED at (5,4): currentZ=10 < zBuffer=20 char='a'
[13:11:28.499] [Z-BUFFER] REJECTED at (6,4): currentZ=10 < zBuffer=20 char='s'
[13:11:28.500] [Z-BUFFER] REJECTED at (7,4): currentZ=10 < zBuffer=20 char='k'
[13:11:28.501] [Z-BUFFER] REJECTED at (27,4): currentZ=10 < zBuffer=20 char='D'
[13:11:28.502] [Z-BUFFER] REJECTED at (28,4): currentZ=10 < zBuffer=20 char='u'
[13:11:28.503] [Z-BUFFER] REJECTED at (29,4): currentZ=10 < zBuffer=20 char='e'
[13:11:28.504] [Z-BUFFER] REJECTED at (49,4): currentZ=10 < zBuffer=20 char='T'
[13:11:28.505] [Z-BUFFER] REJECTED at (50,4): currentZ=10 < zBuffer=20 char='a'
[13:11:28.506] [Z-BUFFER] REJECTED at (51,4): currentZ=10 < zBuffer=20 char='g'
[13:11:28.507] [Z-BUFFER] REJECTED at (52,4): currentZ=10 < zBuffer=20 char='s'
