[2026-01-07 07:55:15.439] ServiceContainer: Registered 'Theme' (singleton=True)
[2026-01-07 07:55:15.446] ServiceContainer: Registered 'ThemeManager' (singleton=True)
[2026-01-07 07:55:15.447] ServiceContainer: Registered 'Config' (singleton=True)
[2026-01-07 07:55:15.449] ServiceContainer: Registered 'TaskStore' (singleton=True)
[2026-01-07 07:55:15.451] ServiceContainer: Registered 'MenuRegistry' (singleton=True)
[2026-01-07 07:55:15.452] ServiceContainer: Registered 'Application' (singleton=True)
[2026-01-07 07:55:15.454] ServiceContainer: Registered 'CommandService' (singleton=True)
[2026-01-07 07:55:15.456] ServiceContainer: Registered 'ChecklistService' (singleton=True)
[2026-01-07 07:55:15.457] ServiceContainer: Registered 'NoteService' (singleton=True)
[2026-01-07 07:55:15.459] ServiceContainer: Registered 'ExcelMappingService' (singleton=True)
[2026-01-07 07:55:15.461] ServiceContainer: Registered 'ExcelCopyService' (singleton=True)
[2026-01-07 07:55:15.462] ServiceContainer: Registered 'PreferencesService' (singleton=True)
[2026-01-07 07:55:15.464] ServiceContainer: Registered 'ExcelImportService' (singleton=True)
[2026-01-07 07:55:15.465] ServiceContainer: Registered 'TextExportService' (singleton=True)
[2026-01-07 07:55:15.467] ServiceContainer: Registered 'TaskListScreen' (singleton=False)
[2026-01-07 07:55:15.493] ServiceContainer: Resolving 'Application'...
[2026-01-07 07:55:15.496] ServiceContainer: Resolving 'Theme'...
[2026-01-07 07:55:15.782] ServiceContainer: Resolved 'Theme' successfully
[2026-01-07 07:55:15.911] ServiceContainer: Resolving 'ThemeManager'...
[2026-01-07 07:55:15.914] ServiceContainer: Resolved 'ThemeManager' successfully
[2026-01-07 07:55:15.935] ServiceContainer: Resolved 'Application' successfully
[2026-01-07 07:55:15.937] ServiceContainer: Resolving 'MenuRegistry'...
[2026-01-07 07:55:15.956] ServiceContainer: Resolved 'MenuRegistry' successfully
[2026-01-07 07:55:15.980] MenuRegistry: Loaded manifest with 16 entries
[2026-01-07 07:55:16.014] ServiceContainer: Registered 'NotesMenuScreen' (singleton=False)
[2026-01-07 07:55:16.016] MenuRegistry: Registered 'Notes' in 'Tools' menu (hotkey=N order=20)
[2026-01-07 07:55:16.037] MenuRegistry: Registered 'Notes' in 'Tools' menu (hotkey=N order=20)
[2026-01-07 07:55:16.039] ServiceContainer: Registered 'HelpViewScreen' (singleton=False)
[2026-01-07 07:55:16.040] MenuRegistry: Registered 'Help' in 'Help' menu (hotkey=H order=10)
[2026-01-07 07:55:16.043] MenuRegistry: Registered 'Help' in 'Help' menu (hotkey=H order=10)
[2026-01-07 07:55:16.045] ServiceContainer: Registered 'ThemeEditorScreen' (singleton=False)
[2026-01-07 07:55:16.046] MenuRegistry: Registered 'Theme Editor' in 'Options' menu (hotkey=T order=10)
[2026-01-07 07:55:16.048] MenuRegistry: Registered 'Theme Editor' in 'Options' menu (hotkey=T order=10)
[2026-01-07 07:55:16.049] ServiceContainer: Registered 'ExcelProfileManagerScreen' (singleton=False)
[2026-01-07 07:55:16.050] MenuRegistry: Registered 'Excel Profiles' in 'Projects' menu (hotkey=M order=50)
[2026-01-07 07:55:16.061] MenuRegistry: Registered 'Excel Profiles' in 'Projects' menu (hotkey=M order=50)
[2026-01-07 07:55:16.064] ServiceContainer: Registered 'ExcelImportScreen' (singleton=False)
[2026-01-07 07:55:16.065] MenuRegistry: Registered 'Import from Excel' in 'Projects' menu (hotkey=I order=40)
[2026-01-07 07:55:16.066] MenuRegistry: Registered 'Import from Excel' in 'Projects' menu (hotkey=I order=40)
[2026-01-07 07:55:16.068] ServiceContainer: Registered 'TimeReportScreen' (singleton=False)
[2026-01-07 07:55:16.069] MenuRegistry: Registered 'Time Report' in 'Time' menu (hotkey=R order=20)
[2026-01-07 07:55:16.071] MenuRegistry: Registered 'Time Report' in 'Time' menu (hotkey=R order=20)
[2026-01-07 07:55:16.073] ServiceContainer: Registered 'TaskListScreen_Default' (singleton=False)
[2026-01-07 07:55:16.074] MenuRegistry: Registered 'Task List' in 'Tasks' menu (hotkey=L order=5)
[2026-01-07 07:55:16.075] MenuRegistry: Registered 'Task List' in 'Tasks' menu (hotkey=L order=5)
[2026-01-07 07:55:16.077] ServiceContainer: Registered 'CommandLibraryScreen' (singleton=False)
[2026-01-07 07:55:16.078] MenuRegistry: Registered 'Command Library' in 'Tools' menu (hotkey=L order=10)
[2026-01-07 07:55:16.080] MenuRegistry: Registered 'Command Library' in 'Tools' menu (hotkey=L order=10)
[2026-01-07 07:55:16.082] ServiceContainer: Registered 'TimeListScreen' (singleton=False)
[2026-01-07 07:55:16.083] MenuRegistry: Registered 'Time Tracking' in 'Time' menu (hotkey=T order=5)
[2026-01-07 07:55:16.085] MenuRegistry: Registered 'Time Tracking' in 'Time' menu (hotkey=T order=5)
[2026-01-07 07:55:16.086] ServiceContainer: Registered 'SettingsScreen' (singleton=False)
[2026-01-07 07:55:16.087] MenuRegistry: Registered 'Settings' in 'Options' menu (hotkey=S order=20)
[2026-01-07 07:55:16.089] MenuRegistry: Registered 'Settings' in 'Options' menu (hotkey=S order=20)
[2026-01-07 07:55:16.091] ServiceContainer: Registered 'TextExportProfileManagerScreen' (singleton=False)
[2026-01-07 07:55:16.092] MenuRegistry: Registered 'T2020 Export Profiles' in 'Tools' menu (hotkey=E order=45)
[2026-01-07 07:55:16.093] MenuRegistry: Registered 'T2020 Export Profiles' in 'Tools' menu (hotkey=E order=45)
[2026-01-07 07:55:16.095] ServiceContainer: Registered 'ExcelImportProfileManagerScreen' (singleton=False)
[2026-01-07 07:55:16.096] MenuRegistry: Registered 'Excel Import Profiles' in 'Tools' menu (hotkey=I order=40)
[2026-01-07 07:55:16.098] MenuRegistry: Registered 'Excel Import Profiles' in 'Tools' menu (hotkey=I order=40)
[2026-01-07 07:55:16.100] ServiceContainer: Registered 'ChecklistsLauncherScreen' (singleton=False)
[2026-01-07 07:55:16.101] MenuRegistry: Registered 'Checklists' in 'Tools' menu (hotkey=C order=25)
[2026-01-07 07:55:16.103] MenuRegistry: Registered 'Checklists' in 'Tools' menu (hotkey=C order=25)
[2026-01-07 07:55:16.104] ServiceContainer: Registered 'WeeklyTimeReportScreen' (singleton=False)
[2026-01-07 07:55:16.105] MenuRegistry: Registered 'Weekly Report' in 'Time' menu (hotkey=W order=10)
[2026-01-07 07:55:16.107] MenuRegistry: Registered 'Weekly Report' in 'Time' menu (hotkey=W order=10)
[2026-01-07 07:55:16.109] ServiceContainer: Registered 'ProjectListScreen' (singleton=False)
[2026-01-07 07:55:16.110] MenuRegistry: Registered 'Project List' in 'Projects' menu (hotkey=L order=10)
[2026-01-07 07:55:16.111] MenuRegistry: Registered 'Project List' in 'Projects' menu (hotkey=L order=10)
[2026-01-07 07:55:16.113] ServiceContainer: Registered 'ChecklistTemplatesFolderScreen' (singleton=False)
[2026-01-07 07:55:16.114] MenuRegistry: Registered 'Checklist Templates' in 'Tools' menu (hotkey=H order=30)
[2026-01-07 07:55:16.116] MenuRegistry: Registered 'Checklist Templates' in 'Tools' menu (hotkey=H order=30)
[2026-01-07 07:55:16.118] ServiceContainer: Resolving 'TaskListScreen'...
[2026-01-07 07:55:16.120] ServiceContainer: Resolving 'TaskStore'...
[2026-01-07 07:55:16.296] ServiceContainer: Resolved 'TaskStore' successfully
[2026-01-07 07:55:17.160] [INFO] StandardListScreen._ConfigureListActions: Configuring actions for Tasks
[2026-01-07 07:55:17.202] [INFO] StandardListScreen: Added footer shortcut D -> Delete
[2026-01-07 07:55:17.228] [INFO] StandardListScreen._ConfigureListActions: Configured 16 footer shortcuts
[2026-01-07 07:55:17.449] _PopulateMenusFromRegistry: Menu 'Time' has 3 items from registry (array)
[2026-01-07 07:55:17.476] _PopulateMenusFromRegistry: Menu 'Projects' has 3 items from registry (array)
[2026-01-07 07:55:17.479] _PopulateMenusFromRegistry: Menu 'Tasks' has 1 items from registry (array)
[2026-01-07 07:55:17.484] _PopulateMenusFromRegistry: Menu 'Tools' has 6 items from registry (array)
[2026-01-07 07:55:17.522] _PopulateMenusFromRegistry: Menu 'Help' has 1 items from registry (array)
[2026-01-07 07:55:17.526] _PopulateMenusFromRegistry: Menu 'Options' has 2 items from registry (array)
[2026-01-07 07:55:17.530] ServiceContainer: Resolved 'TaskListScreen' successfully
[2026-01-07 07:55:17.934] [INFO] StandardListScreen._ConfigureListActions: Configuring actions for Tasks
[2026-01-07 07:55:17.938] [INFO] StandardListScreen: Added footer shortcut D -> Delete
[2026-01-07 07:55:17.946] [INFO] StandardListScreen._ConfigureListActions: Configured 16 footer shortcuts
[2026-01-07 07:55:23.546] [INFO] *** STANDARDLISTSCREEN.DELETEITEM CALLED ***
[2026-01-07 07:55:23.562] [INFO] TaskListScreen.OnItemDeleted: Deleting task with ID '2727e8ef-6ad4-4133-a137-ccb67b85b782'
[2026-01-07 07:55:29.730] [INFO] *** STANDARDLISTSCREEN.ADDITEM CALLED on type=TaskListScreen key=TaskList ***
[2026-01-07 07:55:29.864] [INFO] StandardListScreen.AddItem: ActiveModal set to InlineEditor. ShowInlineEditor=True
[2026-01-07 07:55:30.019] [INFO] StandardListScreen.RenderContentToEngine: Rendering InlineEditor at Y=14
[2026-01-07 07:55:32.458] [INFO] StandardListScreen.RenderContentToEngine: Rendering InlineEditor at Y=14
[2026-01-07 07:55:33.044] [INFO] StandardListScreen.RenderContentToEngine: Rendering InlineEditor at Y=14
[2026-01-07 07:55:33.112] [INFO] StandardListScreen.RenderContentToEngine: Rendering InlineEditor at Y=14
[2026-01-07 07:55:34.510] [INFO] TaskListScreen.OnInlineEditConfirmed called - EditorMode=add
[2026-01-07 07:55:34.512] [INFO] TaskListScreen.OnInlineEditConfirmed: STEP 1 - Disabling editor flags
[2026-01-07 07:55:34.517] [INFO] TaskListScreen.OnInlineEditConfirmed: Set List._showInlineEditor = false
[2026-01-07 07:55:34.518] [INFO] TaskListScreen.OnInlineEditConfirmed: STEP 2 - Calling save (isAddMode=True)
[2026-01-07 07:55:34.530] [INFO] TaskListScreen.OnItemUpdated: item=NULL values=project, due, tags, text
[2026-01-07 07:55:34.538] [INFO] TaskListScreen.OnItemCreated: Called with values: project, due, tags, text
[2026-01-07 07:55:34.644] [INFO] TaskListScreen.OnInlineEditConfirmed: STEP 3 - Save completed, now cleanup
[2026-01-07 07:55:34.645] [INFO] TaskListScreen.OnInlineEditConfirmed: STEP 4 - Invalidated List cache
[2026-01-07 07:55:34.694] [INFO] TaskListScreen.OnInlineEditConfirmed: STEP 5 - Invalidated render region Y=14
[2026-01-07 07:55:34.701] [INFO] TaskListScreen.OnInlineEditConfirmed: STEP 6a - Requesting render from Application
[2026-01-07 07:55:34.706] RequestRender called from:  at line 1189
[2026-01-07 07:55:34.713] [INFO] TaskListScreen.OnInlineEditConfirmed: STEP 6 - Editor cleanup complete
