[2026-01-07 10:54:19.103] ServiceContainer: Registered 'Theme' (singleton=True)
[2026-01-07 10:54:19.106] ServiceContainer: Registered 'ThemeManager' (singleton=True)
[2026-01-07 10:54:19.107] ServiceContainer: Registered 'Config' (singleton=True)
[2026-01-07 10:54:19.108] ServiceContainer: Registered 'TaskStore' (singleton=True)
[2026-01-07 10:54:19.109] ServiceContainer: Registered 'MenuRegistry' (singleton=True)
[2026-01-07 10:54:19.109] ServiceContainer: Registered 'Application' (singleton=True)
[2026-01-07 10:54:19.110] ServiceContainer: Registered 'CommandService' (singleton=True)
[2026-01-07 10:54:19.111] ServiceContainer: Registered 'ChecklistService' (singleton=True)
[2026-01-07 10:54:19.111] ServiceContainer: Registered 'NoteService' (singleton=True)
[2026-01-07 10:54:19.112] ServiceContainer: Registered 'ExcelMappingService' (singleton=True)
[2026-01-07 10:54:19.113] ServiceContainer: Registered 'ExcelCopyService' (singleton=True)
[2026-01-07 10:54:19.114] ServiceContainer: Registered 'PreferencesService' (singleton=True)
[2026-01-07 10:54:19.114] ServiceContainer: Registered 'ExcelImportService' (singleton=True)
[2026-01-07 10:54:19.115] ServiceContainer: Registered 'TextExportService' (singleton=True)
[2026-01-07 10:54:19.116] ServiceContainer: Registered 'TaskListScreen' (singleton=False)
[2026-01-07 10:54:19.131] ServiceContainer: Resolving 'Application'...
[2026-01-07 10:54:19.132] ServiceContainer: Resolving 'Theme'...
[2026-01-07 10:54:19.310] ServiceContainer: Resolved 'Theme' successfully
[2026-01-07 10:54:19.388] ServiceContainer: Resolving 'ThemeManager'...
[2026-01-07 10:54:19.389] ServiceContainer: Resolved 'ThemeManager' successfully
[2026-01-07 10:54:19.402] ServiceContainer: Resolved 'Application' successfully
[2026-01-07 10:54:19.403] ServiceContainer: Resolving 'MenuRegistry'...
[2026-01-07 10:54:19.412] ServiceContainer: Resolved 'MenuRegistry' successfully
[2026-01-07 10:54:19.427] MenuRegistry: Loaded manifest with 16 entries
[2026-01-07 10:54:19.451] ServiceContainer: Registered 'NotesMenuScreen' (singleton=False)
[2026-01-07 10:54:19.452] MenuRegistry: Registered 'Notes' in 'Tools' menu (hotkey=N order=20)
[2026-01-07 10:54:19.465] MenuRegistry: Registered 'Notes' in 'Tools' menu (hotkey=N order=20)
[2026-01-07 10:54:19.467] ServiceContainer: Registered 'TimeListScreen' (singleton=False)
[2026-01-07 10:54:19.468] MenuRegistry: Registered 'Time Tracking' in 'Time' menu (hotkey=T order=5)
[2026-01-07 10:54:19.470] MenuRegistry: Registered 'Time Tracking' in 'Time' menu (hotkey=T order=5)
[2026-01-07 10:54:19.471] ServiceContainer: Registered 'TextExportProfileManagerScreen' (singleton=False)
[2026-01-07 10:54:19.472] MenuRegistry: Registered 'T2020 Export Profiles' in 'Tools' menu (hotkey=E order=45)
[2026-01-07 10:54:19.473] MenuRegistry: Registered 'T2020 Export Profiles' in 'Tools' menu (hotkey=E order=45)
[2026-01-07 10:54:19.474] ServiceContainer: Registered 'TimeReportScreen' (singleton=False)
[2026-01-07 10:54:19.475] MenuRegistry: Registered 'Time Report' in 'Time' menu (hotkey=R order=20)
[2026-01-07 10:54:19.484] MenuRegistry: Registered 'Time Report' in 'Time' menu (hotkey=R order=20)
[2026-01-07 10:54:19.486] ServiceContainer: Registered 'ExcelProfileManagerScreen' (singleton=False)
[2026-01-07 10:54:19.487] MenuRegistry: Registered 'Excel Profiles' in 'Projects' menu (hotkey=M order=50)
[2026-01-07 10:54:19.489] MenuRegistry: Registered 'Excel Profiles' in 'Projects' menu (hotkey=M order=50)
[2026-01-07 10:54:19.491] ServiceContainer: Registered 'ProjectListScreen' (singleton=False)
[2026-01-07 10:54:19.492] MenuRegistry: Registered 'Project List' in 'Projects' menu (hotkey=L order=10)
[2026-01-07 10:54:19.494] MenuRegistry: Registered 'Project List' in 'Projects' menu (hotkey=L order=10)
[2026-01-07 10:54:19.495] ServiceContainer: Registered 'WeeklyTimeReportScreen' (singleton=False)
[2026-01-07 10:54:19.496] MenuRegistry: Registered 'Weekly Report' in 'Time' menu (hotkey=W order=10)
[2026-01-07 10:54:19.498] MenuRegistry: Registered 'Weekly Report' in 'Time' menu (hotkey=W order=10)
[2026-01-07 10:54:19.500] ServiceContainer: Registered 'ChecklistTemplatesFolderScreen' (singleton=False)
[2026-01-07 10:54:19.501] MenuRegistry: Registered 'Checklist Templates' in 'Tools' menu (hotkey=H order=30)
[2026-01-07 10:54:19.503] MenuRegistry: Registered 'Checklist Templates' in 'Tools' menu (hotkey=H order=30)
[2026-01-07 10:54:19.505] ServiceContainer: Registered 'SettingsScreen' (singleton=False)
[2026-01-07 10:54:19.506] MenuRegistry: Registered 'Settings' in 'Options' menu (hotkey=S order=20)
[2026-01-07 10:54:19.507] MenuRegistry: Registered 'Settings' in 'Options' menu (hotkey=S order=20)
[2026-01-07 10:54:19.509] ServiceContainer: Registered 'CommandLibraryScreen' (singleton=False)
[2026-01-07 10:54:19.510] MenuRegistry: Registered 'Command Library' in 'Tools' menu (hotkey=L order=10)
[2026-01-07 10:54:19.511] MenuRegistry: Registered 'Command Library' in 'Tools' menu (hotkey=L order=10)
[2026-01-07 10:54:19.512] ServiceContainer: Registered 'ThemeEditorScreen' (singleton=False)
[2026-01-07 10:54:19.513] MenuRegistry: Registered 'Theme Editor' in 'Options' menu (hotkey=T order=10)
[2026-01-07 10:54:19.514] MenuRegistry: Registered 'Theme Editor' in 'Options' menu (hotkey=T order=10)
[2026-01-07 10:54:19.515] ServiceContainer: Registered 'TaskListScreen_Default' (singleton=False)
[2026-01-07 10:54:19.516] MenuRegistry: Registered 'Task List' in 'Tasks' menu (hotkey=L order=5)
[2026-01-07 10:54:19.518] MenuRegistry: Registered 'Task List' in 'Tasks' menu (hotkey=L order=5)
[2026-01-07 10:54:19.520] ServiceContainer: Registered 'ExcelImportScreen' (singleton=False)
[2026-01-07 10:54:19.522] MenuRegistry: Registered 'Import from Excel' in 'Projects' menu (hotkey=I order=40)
[2026-01-07 10:54:19.523] MenuRegistry: Registered 'Import from Excel' in 'Projects' menu (hotkey=I order=40)
[2026-01-07 10:54:19.525] ServiceContainer: Registered 'ChecklistsLauncherScreen' (singleton=False)
[2026-01-07 10:54:19.526] MenuRegistry: Registered 'Checklists' in 'Tools' menu (hotkey=C order=25)
[2026-01-07 10:54:19.527] MenuRegistry: Registered 'Checklists' in 'Tools' menu (hotkey=C order=25)
[2026-01-07 10:54:19.528] ServiceContainer: Registered 'ExcelImportProfileManagerScreen' (singleton=False)
[2026-01-07 10:54:19.529] MenuRegistry: Registered 'Excel Import Profiles' in 'Tools' menu (hotkey=I order=40)
[2026-01-07 10:54:19.530] MenuRegistry: Registered 'Excel Import Profiles' in 'Tools' menu (hotkey=I order=40)
[2026-01-07 10:54:19.531] ServiceContainer: Registered 'HelpViewScreen' (singleton=False)
[2026-01-07 10:54:19.532] MenuRegistry: Registered 'Help' in 'Help' menu (hotkey=H order=10)
[2026-01-07 10:54:19.534] MenuRegistry: Registered 'Help' in 'Help' menu (hotkey=H order=10)
[2026-01-07 10:54:19.536] ServiceContainer: Resolving 'TaskListScreen'...
[2026-01-07 10:54:19.538] ServiceContainer: Resolving 'TaskStore'...
[2026-01-07 10:54:19.678] ServiceContainer: Resolved 'TaskStore' successfully
[2026-01-07 10:54:20.255] [INFO] StandardListScreen._ConfigureListActions: Configuring actions for Tasks
[2026-01-07 10:54:20.282] [INFO] StandardListScreen: Added footer shortcut D -> Delete
[2026-01-07 10:54:20.300] [INFO] StandardListScreen._ConfigureListActions: Configured 16 footer shortcuts
[2026-01-07 10:54:20.447] _PopulateMenusFromRegistry: Menu 'Tasks' has 1 items from registry (array)
[2026-01-07 10:54:20.462] _PopulateMenusFromRegistry: Menu 'Options' has 2 items from registry (array)
[2026-01-07 10:54:20.465] _PopulateMenusFromRegistry: Menu 'Help' has 1 items from registry (array)
[2026-01-07 10:54:20.467] _PopulateMenusFromRegistry: Menu 'Time' has 3 items from registry (array)
[2026-01-07 10:54:20.493] _PopulateMenusFromRegistry: Menu 'Tools' has 6 items from registry (array)
[2026-01-07 10:54:20.496] _PopulateMenusFromRegistry: Menu 'Projects' has 3 items from registry (array)
[2026-01-07 10:54:20.498] ServiceContainer: Resolved 'TaskListScreen' successfully
[2026-01-07 10:54:20.750] [INFO] StandardListScreen._ConfigureListActions: Configuring actions for Tasks
[2026-01-07 10:54:20.752] [INFO] StandardListScreen: Added footer shortcut D -> Delete
[2026-01-07 10:54:20.756] [INFO] StandardListScreen._ConfigureListActions: Configured 16 footer shortcuts
[2026-01-07 10:54:26.442] ServiceContainer: Resolving 'NotesMenuScreen'...
[2026-01-07 10:54:26.507] [INFO] StandardListScreen._ConfigureListActions: Configuring actions for Notes
[2026-01-07 10:54:26.511] [INFO] StandardListScreen: Added footer shortcut D -> Delete
[2026-01-07 10:54:26.514] [INFO] StandardListScreen._ConfigureListActions: Configured 7 footer shortcuts
[2026-01-07 10:54:26.548] ServiceContainer: Resolved 'NotesMenuScreen' successfully
[2026-01-07 10:54:26.604] [INFO] StandardListScreen._ConfigureListActions: Configuring actions for Notes
[2026-01-07 10:54:26.606] [INFO] StandardListScreen: Added footer shortcut D -> Delete
[2026-01-07 10:54:26.608] [INFO] StandardListScreen._ConfigureListActions: Configured 7 footer shortcuts
[2026-01-07 10:54:32.707] [INFO] UniversalList.RenderToEngine: SKIPPING row 0 (editor active, filling with blank)
[2026-01-07 10:54:32.795] [INFO] UniversalList.RenderToEngine: SKIPPING row 0 (editor active, filling with blank)
[2026-01-07 10:54:32.800] [INFO] StandardListScreen.RenderContentToEngine: Rendering InlineEditor at Y=9
[2026-01-07 10:54:34.481] [INFO] UniversalList.RenderToEngine: SKIPPING row 0 (editor active, filling with blank)
[2026-01-07 10:54:34.525] [INFO] UniversalList.RenderToEngine: SKIPPING row 0 (editor active, filling with blank)
[2026-01-07 10:54:34.530] [INFO] StandardListScreen.RenderContentToEngine: Rendering InlineEditor at Y=9
[2026-01-07 10:54:35.824] [INFO] StandardListScreen.OnInlineEditConfirmed: Dispatching to _SaveEditedItem
[2026-01-07 10:54:35.924] RequestRender called from:  at line 972
[2026-01-07 10:54:39.392] [INFO] NoteEditorScreen: Constructor called for noteId=newnote1
[2026-01-07 10:54:39.399] [ERROR] NoteEditorScreen: Note not found: newnote1
[2026-01-07 10:54:39.410] [ERROR] UniversalList callback error: Exception calling ".ctor" with "1" argument(s): "Note not found: newnote1"
[2026-01-07 10:54:39.411] [ERROR] Stack trace: at OnItemActivated, /home/teej/ztest/module/Pmc.Strict/consoleui/screens/NotesMenuScreen.ps1: line 243
at <ScriptBlock>, /home/teej/ztest/module/Pmc.Strict/consoleui/base/StandardListScreen.ps1: line 466
at _InvokeCallback, /home/teej/ztest/module/Pmc.Strict/consoleui/widgets/UniversalList.ps1: line 1415
at HandleInput, /home/teej/ztest/module/Pmc.Strict/consoleui/widgets/UniversalList.ps1: line 692
at HandleKeyPress, /home/teej/ztest/module/Pmc.Strict/consoleui/base/StandardListScreen.ps1: line 1171
at Run, /home/teej/ztest/module/Pmc.Strict/consoleui/PmcApplication.ps1: line 420
at Start-PmcTUI, /home/teej/ztest/module/Pmc.Strict/consoleui/Start-PmcTUI.ps1: line 620
at <ScriptBlock>, /home/teej/ztest/start.ps1: line 37
[2026-01-07 10:54:43.026] [INFO] NoteEditorScreen: Constructor called for noteId=newnote1
[2026-01-07 10:54:43.028] [ERROR] NoteEditorScreen: Note not found: newnote1
[2026-01-07 10:54:43.033] [ERROR] UniversalList callback error: Exception calling ".ctor" with "1" argument(s): "Note not found: newnote1"
[2026-01-07 10:54:43.034] [ERROR] Stack trace: at OnItemActivated, /home/teej/ztest/module/Pmc.Strict/consoleui/screens/NotesMenuScreen.ps1: line 243
at <ScriptBlock>, /home/teej/ztest/module/Pmc.Strict/consoleui/base/StandardListScreen.ps1: line 466
at _InvokeCallback, /home/teej/ztest/module/Pmc.Strict/consoleui/widgets/UniversalList.ps1: line 1415
at HandleInput, /home/teej/ztest/module/Pmc.Strict/consoleui/widgets/UniversalList.ps1: line 692
at HandleKeyPress, /home/teej/ztest/module/Pmc.Strict/consoleui/base/StandardListScreen.ps1: line 1171
at Run, /home/teej/ztest/module/Pmc.Strict/consoleui/PmcApplication.ps1: line 420
at Start-PmcTUI, /home/teej/ztest/module/Pmc.Strict/consoleui/Start-PmcTUI.ps1: line 620
at <ScriptBlock>, /home/teej/ztest/start.ps1: line 37
[2026-01-07 10:54:44.688] [INFO] UniversalList.RenderToEngine: SKIPPING row 0 (editor active, filling with blank)
[2026-01-07 10:54:44.758] [INFO] UniversalList.RenderToEngine: SKIPPING row 0 (editor active, filling with blank)
[2026-01-07 10:54:44.763] [INFO] StandardListScreen.RenderContentToEngine: Rendering InlineEditor at Y=9
[2026-01-07 10:54:48.012] [INFO] UniversalList.RenderToEngine: SKIPPING row 0 (editor active, filling with blank)
[2026-01-07 10:54:48.055] [INFO] UniversalList.RenderToEngine: SKIPPING row 0 (editor active, filling with blank)
[2026-01-07 10:54:48.059] [INFO] StandardListScreen.RenderContentToEngine: Rendering InlineEditor at Y=9
[2026-01-07 10:54:48.416] [INFO] StandardListScreen.OnInlineEditConfirmed: Dispatching to _SaveEditedItem
[2026-01-07 10:54:48.421] RequestRender called from:  at line 972
[2026-01-07 10:54:51.859] [INFO] NoteEditorScreen: Constructor called for noteId=newnote1
[2026-01-07 10:54:51.861] [ERROR] NoteEditorScreen: Note not found: newnote1
[2026-01-07 10:54:51.873] [ERROR] UniversalList callback error: Exception calling ".ctor" with "1" argument(s): "Note not found: newnote1"
[2026-01-07 10:54:51.875] [ERROR] Stack trace: at OnItemActivated, /home/teej/ztest/module/Pmc.Strict/consoleui/screens/NotesMenuScreen.ps1: line 243
at <ScriptBlock>, /home/teej/ztest/module/Pmc.Strict/consoleui/screens/NotesMenuScreen.ps1: line 408
at _InvokeCallback, /home/teej/ztest/module/Pmc.Strict/consoleui/widgets/UniversalList.ps1: line 1415
at HandleInput, /home/teej/ztest/module/Pmc.Strict/consoleui/widgets/UniversalList.ps1: line 707
at HandleKeyPress, /home/teej/ztest/module/Pmc.Strict/consoleui/base/StandardListScreen.ps1: line 1171
at Run, /home/teej/ztest/module/Pmc.Strict/consoleui/PmcApplication.ps1: line 420
at Start-PmcTUI, /home/teej/ztest/module/Pmc.Strict/consoleui/Start-PmcTUI.ps1: line 620
at <ScriptBlock>, /home/teej/ztest/start.ps1: line 37
[2026-01-07 10:54:52.933] [INFO] NoteEditorScreen: Constructor called for noteId=newnote1
[2026-01-07 10:54:52.934] [ERROR] NoteEditorScreen: Note not found: newnote1
[2026-01-07 10:54:52.939] [ERROR] UniversalList callback error: Exception calling ".ctor" with "1" argument(s): "Note not found: newnote1"
[2026-01-07 10:54:52.939] [ERROR] Stack trace: at OnItemActivated, /home/teej/ztest/module/Pmc.Strict/consoleui/screens/NotesMenuScreen.ps1: line 243
at <ScriptBlock>, /home/teej/ztest/module/Pmc.Strict/consoleui/screens/NotesMenuScreen.ps1: line 408
at _InvokeCallback, /home/teej/ztest/module/Pmc.Strict/consoleui/widgets/UniversalList.ps1: line 1415
at HandleInput, /home/teej/ztest/module/Pmc.Strict/consoleui/widgets/UniversalList.ps1: line 707
at HandleKeyPress, /home/teej/ztest/module/Pmc.Strict/consoleui/base/StandardListScreen.ps1: line 1171
at Run, /home/teej/ztest/module/Pmc.Strict/consoleui/PmcApplication.ps1: line 420
at Start-PmcTUI, /home/teej/ztest/module/Pmc.Strict/consoleui/Start-PmcTUI.ps1: line 620
at <ScriptBlock>, /home/teej/ztest/start.ps1: line 37
[2026-01-07 10:54:53.822] [INFO] NoteEditorScreen: Constructor called for noteId=newnote1
[2026-01-07 10:54:53.824] [ERROR] NoteEditorScreen: Note not found: newnote1
[2026-01-07 10:54:53.828] [ERROR] UniversalList callback error: Exception calling ".ctor" with "1" argument(s): "Note not found: newnote1"
[2026-01-07 10:54:53.829] [ERROR] Stack trace: at OnItemActivated, /home/teej/ztest/module/Pmc.Strict/consoleui/screens/NotesMenuScreen.ps1: line 243
at <ScriptBlock>, /home/teej/ztest/module/Pmc.Strict/consoleui/base/StandardListScreen.ps1: line 466
at _InvokeCallback, /home/teej/ztest/module/Pmc.Strict/consoleui/widgets/UniversalList.ps1: line 1415
at HandleInput, /home/teej/ztest/module/Pmc.Strict/consoleui/widgets/UniversalList.ps1: line 692
at HandleKeyPress, /home/teej/ztest/module/Pmc.Strict/consoleui/base/StandardListScreen.ps1: line 1171
at Run, /home/teej/ztest/module/Pmc.Strict/consoleui/PmcApplication.ps1: line 420
at Start-PmcTUI, /home/teej/ztest/module/Pmc.Strict/consoleui/Start-PmcTUI.ps1: line 620
at <ScriptBlock>, /home/teej/ztest/start.ps1: line 37
