[2026-01-08 12:39:19.427] ServiceContainer: Registered 'Theme' (singleton=True)
[2026-01-08 12:39:19.436] ServiceContainer: Registered 'ThemeManager' (singleton=True)
[2026-01-08 12:39:19.439] ServiceContainer: Registered 'Config' (singleton=True)
[2026-01-08 12:39:19.441] ServiceContainer: Registered 'TaskStore' (singleton=True)
[2026-01-08 12:39:19.445] ServiceContainer: Registered 'MenuRegistry' (singleton=True)
[2026-01-08 12:39:19.448] ServiceContainer: Registered 'Application' (singleton=True)
[2026-01-08 12:39:19.450] ServiceContainer: Registered 'CommandService' (singleton=True)
[2026-01-08 12:39:19.452] ServiceContainer: Registered 'ChecklistService' (singleton=True)
[2026-01-08 12:39:19.454] ServiceContainer: Registered 'NoteService' (singleton=True)
[2026-01-08 12:39:19.456] ServiceContainer: Registered 'ExcelMappingService' (singleton=True)
[2026-01-08 12:39:19.458] ServiceContainer: Registered 'ExcelCopyService' (singleton=True)
[2026-01-08 12:39:19.460] ServiceContainer: Registered 'PreferencesService' (singleton=True)
[2026-01-08 12:39:19.462] ServiceContainer: Registered 'ExcelImportService' (singleton=True)
[2026-01-08 12:39:19.463] ServiceContainer: Registered 'TextExportService' (singleton=True)
[2026-01-08 12:39:19.465] ServiceContainer: Registered 'TaskListScreen' (singleton=False)
[2026-01-08 12:39:19.503] ServiceContainer: Resolving 'Application'...
[2026-01-08 12:39:19.508] ServiceContainer: Resolving 'Theme'...
[2026-01-08 12:39:19.916] ServiceContainer: Resolved 'Theme' successfully
[2026-01-08 12:39:20.119] ServiceContainer: Resolving 'ThemeManager'...
[2026-01-08 12:39:20.123] ServiceContainer: Resolved 'ThemeManager' successfully
[2026-01-08 12:39:20.155] ServiceContainer: Resolved 'Application' successfully
[2026-01-08 12:39:20.158] ServiceContainer: Resolving 'MenuRegistry'...
[2026-01-08 12:39:20.188] ServiceContainer: Resolved 'MenuRegistry' successfully
[2026-01-08 12:39:20.220] MenuRegistry: Loaded manifest with 16 entries
[2026-01-08 12:39:20.294] ServiceContainer: Registered 'TaskListScreen_Default' (singleton=False)
[2026-01-08 12:39:20.296] MenuRegistry: Registered 'Task List' in 'Tasks' menu (hotkey=L order=5)
[2026-01-08 12:39:20.333] MenuRegistry: Registered 'Task List' in 'Tasks' menu (hotkey=L order=5)
[2026-01-08 12:39:20.337] ServiceContainer: Registered 'WeeklyTimeReportScreen' (singleton=False)
[2026-01-08 12:39:20.339] MenuRegistry: Registered 'Weekly Report' in 'Time' menu (hotkey=W order=10)
[2026-01-08 12:39:20.343] MenuRegistry: Registered 'Weekly Report' in 'Time' menu (hotkey=W order=10)
[2026-01-08 12:39:20.347] ServiceContainer: Registered 'ThemeEditorScreen' (singleton=False)
[2026-01-08 12:39:20.349] MenuRegistry: Registered 'Theme Editor' in 'Options' menu (hotkey=T order=10)
[2026-01-08 12:39:20.368] MenuRegistry: Registered 'Theme Editor' in 'Options' menu (hotkey=T order=10)
[2026-01-08 12:39:20.371] ServiceContainer: Registered 'SettingsScreen' (singleton=False)
[2026-01-08 12:39:20.372] MenuRegistry: Registered 'Settings' in 'Options' menu (hotkey=S order=20)
[2026-01-08 12:39:20.375] MenuRegistry: Registered 'Settings' in 'Options' menu (hotkey=S order=20)
[2026-01-08 12:39:20.377] ServiceContainer: Registered 'NotesMenuScreen' (singleton=False)
[2026-01-08 12:39:20.379] MenuRegistry: Registered 'Notes' in 'Tools' menu (hotkey=N order=20)
[2026-01-08 12:39:20.381] MenuRegistry: Registered 'Notes' in 'Tools' menu (hotkey=N order=20)
[2026-01-08 12:39:20.384] ServiceContainer: Registered 'ExcelProfileManagerScreen' (singleton=False)
[2026-01-08 12:39:20.386] MenuRegistry: Registered 'Excel Profiles' in 'Projects' menu (hotkey=M order=50)
[2026-01-08 12:39:20.388] MenuRegistry: Registered 'Excel Profiles' in 'Projects' menu (hotkey=M order=50)
[2026-01-08 12:39:20.391] ServiceContainer: Registered 'CommandLibraryScreen' (singleton=False)
[2026-01-08 12:39:20.393] MenuRegistry: Registered 'Command Library' in 'Tools' menu (hotkey=L order=10)
[2026-01-08 12:39:20.395] MenuRegistry: Registered 'Command Library' in 'Tools' menu (hotkey=L order=10)
[2026-01-08 12:39:20.397] ServiceContainer: Registered 'ExcelImportProfileManagerScreen' (singleton=False)
[2026-01-08 12:39:20.399] MenuRegistry: Registered 'Excel Import Profiles' in 'Tools' menu (hotkey=I order=40)
[2026-01-08 12:39:20.402] MenuRegistry: Registered 'Excel Import Profiles' in 'Tools' menu (hotkey=I order=40)
[2026-01-08 12:39:20.405] ServiceContainer: Registered 'HelpViewScreen' (singleton=False)
[2026-01-08 12:39:20.406] MenuRegistry: Registered 'Help' in 'Help' menu (hotkey=H order=10)
[2026-01-08 12:39:20.409] MenuRegistry: Registered 'Help' in 'Help' menu (hotkey=H order=10)
[2026-01-08 12:39:20.411] ServiceContainer: Registered 'ExcelImportScreen' (singleton=False)
[2026-01-08 12:39:20.413] MenuRegistry: Registered 'Import from Excel' in 'Projects' menu (hotkey=I order=40)
[2026-01-08 12:39:20.415] MenuRegistry: Registered 'Import from Excel' in 'Projects' menu (hotkey=I order=40)
[2026-01-08 12:39:20.418] ServiceContainer: Registered 'ChecklistsLauncherScreen' (singleton=False)
[2026-01-08 12:39:20.419] MenuRegistry: Registered 'Checklists' in 'Tools' menu (hotkey=C order=25)
[2026-01-08 12:39:20.422] MenuRegistry: Registered 'Checklists' in 'Tools' menu (hotkey=C order=25)
[2026-01-08 12:39:20.425] ServiceContainer: Registered 'TextExportProfileManagerScreen' (singleton=False)
[2026-01-08 12:39:20.426] MenuRegistry: Registered 'T2020 Export Profiles' in 'Tools' menu (hotkey=E order=45)
[2026-01-08 12:39:20.429] MenuRegistry: Registered 'T2020 Export Profiles' in 'Tools' menu (hotkey=E order=45)
[2026-01-08 12:39:20.432] ServiceContainer: Registered 'TimeReportScreen' (singleton=False)
[2026-01-08 12:39:20.433] MenuRegistry: Registered 'Time Report' in 'Time' menu (hotkey=R order=20)
[2026-01-08 12:39:20.436] MenuRegistry: Registered 'Time Report' in 'Time' menu (hotkey=R order=20)
[2026-01-08 12:39:20.438] ServiceContainer: Registered 'ProjectListScreen' (singleton=False)
[2026-01-08 12:39:20.440] MenuRegistry: Registered 'Project List' in 'Projects' menu (hotkey=L order=10)
[2026-01-08 12:39:20.442] MenuRegistry: Registered 'Project List' in 'Projects' menu (hotkey=L order=10)
[2026-01-08 12:39:20.445] ServiceContainer: Registered 'TimeListScreen' (singleton=False)
[2026-01-08 12:39:20.446] MenuRegistry: Registered 'Time Tracking' in 'Time' menu (hotkey=T order=5)
[2026-01-08 12:39:20.448] MenuRegistry: Registered 'Time Tracking' in 'Time' menu (hotkey=T order=5)
[2026-01-08 12:39:20.451] ServiceContainer: Registered 'ChecklistTemplatesFolderScreen' (singleton=False)
[2026-01-08 12:39:20.452] MenuRegistry: Registered 'Checklist Templates' in 'Tools' menu (hotkey=H order=30)
[2026-01-08 12:39:20.455] MenuRegistry: Registered 'Checklist Templates' in 'Tools' menu (hotkey=H order=30)
[2026-01-08 12:39:20.490] ServiceContainer: Resolving 'TaskListScreen'...
[2026-01-08 12:39:20.495] ServiceContainer: Resolving 'TaskStore'...
[2026-01-08 12:39:20.700] ServiceContainer: Resolved 'TaskStore' successfully
[2026-01-08 12:39:21.967] [INFO] StandardListScreen._ConfigureListActions: Configuring actions for Tasks
[2026-01-08 12:39:22.001] [INFO] StandardListScreen: Added footer shortcut D -> Delete
[2026-01-08 12:39:22.035] [INFO] StandardListScreen._ConfigureListActions: Configured 16 footer shortcuts
[2026-01-08 12:39:22.336] _PopulateMenusFromRegistry: Menu 'Help' has 1 items from registry (array)
[2026-01-08 12:39:22.368] _PopulateMenusFromRegistry: Menu 'Projects' has 3 items from registry (array)
[2026-01-08 12:39:22.390] _PopulateMenusFromRegistry: Menu 'Tasks' has 1 items from registry (array)
[2026-01-08 12:39:22.395] _PopulateMenusFromRegistry: Menu 'Time' has 3 items from registry (array)
[2026-01-08 12:39:22.400] _PopulateMenusFromRegistry: Menu 'Options' has 2 items from registry (array)
[2026-01-08 12:39:22.406] _PopulateMenusFromRegistry: Menu 'Tools' has 6 items from registry (array)
[2026-01-08 12:39:22.410] ServiceContainer: Resolved 'TaskListScreen' successfully
[2026-01-08 12:39:22.987] [INFO] StandardListScreen._ConfigureListActions: Configuring actions for Tasks
[2026-01-08 12:39:22.994] [INFO] StandardListScreen: Added footer shortcut D -> Delete
[2026-01-08 12:39:23.007] [INFO] StandardListScreen._ConfigureListActions: Configured 16 footer shortcuts
[12:39:25.313] [Z-BUFFER] REJECTED at (8,9): currentZ=0 < zBuffer=65 char=' '
[12:39:25.318] [Z-BUFFER] REJECTED at (9,9): currentZ=0 < zBuffer=65 char=' '
[12:39:25.418] [Z-BUFFER] REJECTED at (2,4): currentZ=10 < zBuffer=20 char='T'
[12:39:25.421] [Z-BUFFER] REJECTED at (3,4): currentZ=10 < zBuffer=20 char='a'
[12:39:25.424] [Z-BUFFER] REJECTED at (4,4): currentZ=10 < zBuffer=20 char='s'
[12:39:25.426] [Z-BUFFER] REJECTED at (5,4): currentZ=10 < zBuffer=20 char='k'
