[2026-01-08 09:36:02.166] ServiceContainer: Registered 'Theme' (singleton=True)
[2026-01-08 09:36:02.169] ServiceContainer: Registered 'ThemeManager' (singleton=True)
[2026-01-08 09:36:02.170] ServiceContainer: Registered 'Config' (singleton=True)
[2026-01-08 09:36:02.170] ServiceContainer: Registered 'TaskStore' (singleton=True)
[2026-01-08 09:36:02.171] ServiceContainer: Registered 'MenuRegistry' (singleton=True)
[2026-01-08 09:36:02.172] ServiceContainer: Registered 'Application' (singleton=True)
[2026-01-08 09:36:02.173] ServiceContainer: Registered 'CommandService' (singleton=True)
[2026-01-08 09:36:02.173] ServiceContainer: Registered 'ChecklistService' (singleton=True)
[2026-01-08 09:36:02.174] ServiceContainer: Registered 'NoteService' (singleton=True)
[2026-01-08 09:36:02.175] ServiceContainer: Registered 'ExcelMappingService' (singleton=True)
[2026-01-08 09:36:02.175] ServiceContainer: Registered 'ExcelCopyService' (singleton=True)
[2026-01-08 09:36:02.176] ServiceContainer: Registered 'PreferencesService' (singleton=True)
[2026-01-08 09:36:02.177] ServiceContainer: Registered 'ExcelImportService' (singleton=True)
[2026-01-08 09:36:02.178] ServiceContainer: Registered 'TextExportService' (singleton=True)
[2026-01-08 09:36:02.178] ServiceContainer: Registered 'TaskListScreen' (singleton=False)
[2026-01-08 09:36:02.191] ServiceContainer: Resolving 'Application'...
[2026-01-08 09:36:02.193] ServiceContainer: Resolving 'Theme'...
[2026-01-08 09:36:02.352] ServiceContainer: Resolved 'Theme' successfully
[2026-01-08 09:36:02.419] ServiceContainer: Resolving 'ThemeManager'...
[2026-01-08 09:36:02.420] ServiceContainer: Resolved 'ThemeManager' successfully
[2026-01-08 09:36:02.430] ServiceContainer: Resolved 'Application' successfully
[2026-01-08 09:36:02.431] ServiceContainer: Resolving 'MenuRegistry'...
[2026-01-08 09:36:02.440] ServiceContainer: Resolved 'MenuRegistry' successfully
[2026-01-08 09:36:02.455] MenuRegistry: Loaded manifest with 16 entries
[2026-01-08 09:36:02.475] ServiceContainer: Registered 'CommandLibraryScreen' (singleton=False)
[2026-01-08 09:36:02.476] MenuRegistry: Registered 'Command Library' in 'Tools' menu (hotkey=L order=10)
[2026-01-08 09:36:02.489] MenuRegistry: Registered 'Command Library' in 'Tools' menu (hotkey=L order=10)
[2026-01-08 09:36:02.490] ServiceContainer: Registered 'NotesMenuScreen' (singleton=False)
[2026-01-08 09:36:02.491] MenuRegistry: Registered 'Notes' in 'Tools' menu (hotkey=N order=20)
[2026-01-08 09:36:02.493] MenuRegistry: Registered 'Notes' in 'Tools' menu (hotkey=N order=20)
[2026-01-08 09:36:02.494] ServiceContainer: Registered 'WeeklyTimeReportScreen' (singleton=False)
[2026-01-08 09:36:02.495] MenuRegistry: Registered 'Weekly Report' in 'Time' menu (hotkey=W order=10)
[2026-01-08 09:36:02.496] MenuRegistry: Registered 'Weekly Report' in 'Time' menu (hotkey=W order=10)
[2026-01-08 09:36:02.497] ServiceContainer: Registered 'TimeReportScreen' (singleton=False)
[2026-01-08 09:36:02.504] MenuRegistry: Registered 'Time Report' in 'Time' menu (hotkey=R order=20)
[2026-01-08 09:36:02.505] MenuRegistry: Registered 'Time Report' in 'Time' menu (hotkey=R order=20)
[2026-01-08 09:36:02.506] ServiceContainer: Registered 'SettingsScreen' (singleton=False)
[2026-01-08 09:36:02.507] MenuRegistry: Registered 'Settings' in 'Options' menu (hotkey=S order=20)
[2026-01-08 09:36:02.508] MenuRegistry: Registered 'Settings' in 'Options' menu (hotkey=S order=20)
[2026-01-08 09:36:02.509] ServiceContainer: Registered 'TaskListScreen_Default' (singleton=False)
[2026-01-08 09:36:02.510] MenuRegistry: Registered 'Task List' in 'Tasks' menu (hotkey=L order=5)
[2026-01-08 09:36:02.511] MenuRegistry: Registered 'Task List' in 'Tasks' menu (hotkey=L order=5)
[2026-01-08 09:36:02.512] ServiceContainer: Registered 'ChecklistTemplatesFolderScreen' (singleton=False)
[2026-01-08 09:36:02.513] MenuRegistry: Registered 'Checklist Templates' in 'Tools' menu (hotkey=H order=30)
[2026-01-08 09:36:02.514] MenuRegistry: Registered 'Checklist Templates' in 'Tools' menu (hotkey=H order=30)
[2026-01-08 09:36:02.515] ServiceContainer: Registered 'TextExportProfileManagerScreen' (singleton=False)
[2026-01-08 09:36:02.516] MenuRegistry: Registered 'T2020 Export Profiles' in 'Tools' menu (hotkey=E order=45)
[2026-01-08 09:36:02.517] MenuRegistry: Registered 'T2020 Export Profiles' in 'Tools' menu (hotkey=E order=45)
[2026-01-08 09:36:02.518] ServiceContainer: Registered 'ProjectListScreen' (singleton=False)
[2026-01-08 09:36:02.519] MenuRegistry: Registered 'Project List' in 'Projects' menu (hotkey=L order=10)
[2026-01-08 09:36:02.520] MenuRegistry: Registered 'Project List' in 'Projects' menu (hotkey=L order=10)
[2026-01-08 09:36:02.521] ServiceContainer: Registered 'TimeListScreen' (singleton=False)
[2026-01-08 09:36:02.522] MenuRegistry: Registered 'Time Tracking' in 'Time' menu (hotkey=T order=5)
[2026-01-08 09:36:02.523] MenuRegistry: Registered 'Time Tracking' in 'Time' menu (hotkey=T order=5)
[2026-01-08 09:36:02.524] ServiceContainer: Registered 'ExcelProfileManagerScreen' (singleton=False)
[2026-01-08 09:36:02.525] MenuRegistry: Registered 'Excel Profiles' in 'Projects' menu (hotkey=M order=50)
[2026-01-08 09:36:02.526] MenuRegistry: Registered 'Excel Profiles' in 'Projects' menu (hotkey=M order=50)
[2026-01-08 09:36:02.527] ServiceContainer: Registered 'ExcelImportProfileManagerScreen' (singleton=False)
[2026-01-08 09:36:02.528] MenuRegistry: Registered 'Excel Import Profiles' in 'Tools' menu (hotkey=I order=40)
[2026-01-08 09:36:02.529] MenuRegistry: Registered 'Excel Import Profiles' in 'Tools' menu (hotkey=I order=40)
[2026-01-08 09:36:02.530] ServiceContainer: Registered 'ExcelImportScreen' (singleton=False)
[2026-01-08 09:36:02.531] MenuRegistry: Registered 'Import from Excel' in 'Projects' menu (hotkey=I order=40)
[2026-01-08 09:36:02.532] MenuRegistry: Registered 'Import from Excel' in 'Projects' menu (hotkey=I order=40)
[2026-01-08 09:36:02.533] ServiceContainer: Registered 'HelpViewScreen' (singleton=False)
[2026-01-08 09:36:02.534] MenuRegistry: Registered 'Help' in 'Help' menu (hotkey=H order=10)
[2026-01-08 09:36:02.535] MenuRegistry: Registered 'Help' in 'Help' menu (hotkey=H order=10)
[2026-01-08 09:36:02.536] ServiceContainer: Registered 'ThemeEditorScreen' (singleton=False)
[2026-01-08 09:36:02.537] MenuRegistry: Registered 'Theme Editor' in 'Options' menu (hotkey=T order=10)
[2026-01-08 09:36:02.538] MenuRegistry: Registered 'Theme Editor' in 'Options' menu (hotkey=T order=10)
[2026-01-08 09:36:02.539] ServiceContainer: Registered 'ChecklistsLauncherScreen' (singleton=False)
[2026-01-08 09:36:02.540] MenuRegistry: Registered 'Checklists' in 'Tools' menu (hotkey=C order=25)
[2026-01-08 09:36:02.541] MenuRegistry: Registered 'Checklists' in 'Tools' menu (hotkey=C order=25)
[2026-01-08 09:36:02.542] ServiceContainer: Resolving 'TaskListScreen'...
[2026-01-08 09:36:02.543] ServiceContainer: Resolving 'TaskStore'...
[2026-01-08 09:36:02.642] ServiceContainer: Resolved 'TaskStore' successfully
[2026-01-08 09:36:03.124] [INFO] StandardListScreen._ConfigureListActions: Configuring actions for Tasks
[2026-01-08 09:36:03.146] [INFO] StandardListScreen: Added footer shortcut D -> Delete
[2026-01-08 09:36:03.161] [INFO] StandardListScreen._ConfigureListActions: Configured 16 footer shortcuts
[2026-01-08 09:36:03.286] _PopulateMenusFromRegistry: Menu 'Options' has 2 items from registry (array)
[2026-01-08 09:36:03.301] _PopulateMenusFromRegistry: Menu 'Help' has 1 items from registry (array)
[2026-01-08 09:36:03.304] _PopulateMenusFromRegistry: Menu 'Tools' has 6 items from registry (array)
[2026-01-08 09:36:03.314] _PopulateMenusFromRegistry: Menu 'Projects' has 3 items from registry (array)
[2026-01-08 09:36:03.317] _PopulateMenusFromRegistry: Menu 'Time' has 3 items from registry (array)
[2026-01-08 09:36:03.319] _PopulateMenusFromRegistry: Menu 'Tasks' has 1 items from registry (array)
[2026-01-08 09:36:03.321] ServiceContainer: Resolved 'TaskListScreen' successfully
[2026-01-08 09:36:03.571] [INFO] StandardListScreen._ConfigureListActions: Configuring actions for Tasks
[2026-01-08 09:36:03.573] [INFO] StandardListScreen: Added footer shortcut D -> Delete
[2026-01-08 09:36:03.578] [INFO] StandardListScreen._ConfigureListActions: Configured 16 footer shortcuts
[2026-01-08 09:36:09.023] ServiceContainer: Resolving 'NotesMenuScreen'...
[2026-01-08 09:36:09.089] [INFO] StandardListScreen._ConfigureListActions: Configuring actions for Notes
[2026-01-08 09:36:09.092] [INFO] StandardListScreen: Added footer shortcut D -> Delete
[2026-01-08 09:36:09.095] [INFO] StandardListScreen._ConfigureListActions: Configured 7 footer shortcuts
[2026-01-08 09:36:09.118] ServiceContainer: Resolved 'NotesMenuScreen' successfully
[2026-01-08 09:36:09.154] [INFO] StandardListScreen._ConfigureListActions: Configuring actions for Notes
[2026-01-08 09:36:09.155] [INFO] StandardListScreen: Added footer shortcut D -> Delete
[2026-01-08 09:36:09.156] [INFO] StandardListScreen._ConfigureListActions: Configured 7 footer shortcuts
[2026-01-08 09:36:13.220] [INFO] *** STANDARDLISTSCREEN.DELETEITEM CALLED ***
[2026-01-08 09:36:13.246] RequestRender called from: <ScriptBlock> at line 63
[2026-01-08 09:36:13.295] RequestRender called from:  at line 462
[2026-01-08 09:36:19.439] [INFO] UniversalList.RenderToEngine: SKIPPING row 0 (editor active, filling with blank)
[2026-01-08 09:36:19.488] [INFO] UniversalList.RenderToEngine: SKIPPING row 0 (editor active, filling with blank)
[2026-01-08 09:36:19.490] [INFO] StandardListScreen.RenderContentToEngine: Rendering InlineEditor at Y=9
[2026-01-08 09:36:20.903] [INFO] UniversalList.RenderToEngine: SKIPPING row 0 (editor active, filling with blank)
[2026-01-08 09:36:20.931] [INFO] UniversalList.RenderToEngine: SKIPPING row 0 (editor active, filling with blank)
[2026-01-08 09:36:20.933] [INFO] StandardListScreen.RenderContentToEngine: Rendering InlineEditor at Y=9
[2026-01-08 09:36:22.024] [INFO] StandardListScreen.OnInlineEditConfirmed: Dispatching to _SaveEditedItem
[2026-01-08 09:36:22.043] [INFO] ========== OnEditItem START ==========
[2026-01-08 09:36:22.044] [INFO] OnEditItem: noteId = newnote223
[2026-01-08 09:36:22.046] [INFO] OnEditItem: New title = 'newnote223a'
[2026-01-08 09:36:22.072] RequestRender called from: <ScriptBlock> at line 63
[2026-01-08 09:36:22.075] [INFO] OnEditItem: Loaded 2 notes
[2026-01-08 09:36:22.077] [INFO] OnEditItem: Title changed, re-selecting item with title='newnote223a'
[2026-01-08 09:36:22.088] [INFO] ========== OnEditItem END ==========
[2026-01-08 09:36:22.095] RequestRender called from:  at line 972
[2026-01-08 09:36:25.649] [INFO] ========== _AssignToProject START ==========
[2026-01-08 09:36:25.651] [INFO] _AssignToProject: noteId=newnote223a, noteTitle=newnote223a
[2026-01-08 09:36:25.724] [ERROR] UniversalList callback error: The property 'Theme' cannot be found on this object. Verify that the property exists.
[2026-01-08 09:36:25.725] [ERROR] Stack trace: at GetThemedColorInt, /home/teej/ztest/module/Pmc.Strict/consoleui/widgets/PmcDialog.ps1: line 29
at RenderToEngine, /home/teej/ztest/module/Pmc.Strict/consoleui/widgets/PmcDialog.ps1: line 59
at RenderToEngine, /home/teej/ztest/module/Pmc.Strict/consoleui/widgets/ProjectPickerDialog.ps1: line 45
at Show, /home/teej/ztest/module/Pmc.Strict/consoleui/widgets/ProjectPickerDialog.ps1: line 330
at _AssignToProject, /home/teej/ztest/module/Pmc.Strict/consoleui/screens/NotesMenuScreen.ps1: line 524
at <ScriptBlock>, /home/teej/ztest/module/Pmc.Strict/consoleui/screens/NotesMenuScreen.ps1: line 495
at _InvokeCallback, /home/teej/ztest/module/Pmc.Strict/consoleui/widgets/UniversalList.ps1: line 1415
at HandleInput, /home/teej/ztest/module/Pmc.Strict/consoleui/widgets/UniversalList.ps1: line 707
at HandleKeyPress, /home/teej/ztest/module/Pmc.Strict/consoleui/base/StandardListScreen.ps1: line 1171
at Run, /home/teej/ztest/module/Pmc.Strict/consoleui/PmcApplication.ps1: line 420
at Start-PmcTUI, /home/teej/ztest/module/Pmc.Strict/consoleui/Start-PmcTUI.ps1: line 620
at <ScriptBlock>, /home/teej/ztest/start.ps1: line 37
[2026-01-08 09:36:29.590] [INFO] ========== _AssignToProject START ==========
[2026-01-08 09:36:29.591] [INFO] _AssignToProject: noteId=newnote12, noteTitle=newnote12
[2026-01-08 09:36:29.596] [ERROR] UniversalList callback error: The property 'Theme' cannot be found on this object. Verify that the property exists.
[2026-01-08 09:36:29.596] [ERROR] Stack trace: at GetThemedColorInt, /home/teej/ztest/module/Pmc.Strict/consoleui/widgets/PmcDialog.ps1: line 29
at RenderToEngine, /home/teej/ztest/module/Pmc.Strict/consoleui/widgets/PmcDialog.ps1: line 59
at RenderToEngine, /home/teej/ztest/module/Pmc.Strict/consoleui/widgets/ProjectPickerDialog.ps1: line 45
at Show, /home/teej/ztest/module/Pmc.Strict/consoleui/widgets/ProjectPickerDialog.ps1: line 330
at _AssignToProject, /home/teej/ztest/module/Pmc.Strict/consoleui/screens/NotesMenuScreen.ps1: line 524
at <ScriptBlock>, /home/teej/ztest/module/Pmc.Strict/consoleui/screens/NotesMenuScreen.ps1: line 495
at _InvokeCallback, /home/teej/ztest/module/Pmc.Strict/consoleui/widgets/UniversalList.ps1: line 1415
at HandleInput, /home/teej/ztest/module/Pmc.Strict/consoleui/widgets/UniversalList.ps1: line 707
at HandleKeyPress, /home/teej/ztest/module/Pmc.Strict/consoleui/base/StandardListScreen.ps1: line 1171
at Run, /home/teej/ztest/module/Pmc.Strict/consoleui/PmcApplication.ps1: line 420
at Start-PmcTUI, /home/teej/ztest/module/Pmc.Strict/consoleui/Start-PmcTUI.ps1: line 620
at <ScriptBlock>, /home/teej/ztest/start.ps1: line 37
[2026-01-08 09:36:30.688] [INFO] *** STANDARDLISTSCREEN.ADDITEM CALLED on type=NotesMenuScreen key=NotesList ***
[2026-01-08 09:36:30.691] [INFO] StandardListScreen.AddItem: ActiveModal set to InlineEditor. ShowInlineEditor=True
[2026-01-08 09:36:30.720] [INFO] StandardListScreen.RenderContentToEngine: Rendering InlineEditor at Y=11
[2026-01-08 09:36:32.830] [INFO] StandardListScreen.RenderContentToEngine: Rendering InlineEditor at Y=11
[2026-01-08 09:36:33.678] [INFO] StandardListScreen.RenderContentToEngine: Rendering InlineEditor at Y=11
[2026-01-08 09:36:34.435] [INFO] StandardListScreen.OnInlineEditConfirmed: Dispatching to _SaveEditedItem
[2026-01-08 09:36:34.485] RequestRender called from: <ScriptBlock> at line 63
[2026-01-08 09:36:34.490] RequestRender called from:  at line 312
[2026-01-08 09:36:34.490] RequestRender called from:  at line 972
[2026-01-08 09:36:36.271] [INFO] ========== _AssignToProject START ==========
[2026-01-08 09:36:36.273] [INFO] _AssignToProject: noteId=n1, noteTitle=n1
[2026-01-08 09:36:36.281] [ERROR] UniversalList callback error: The property 'Theme' cannot be found on this object. Verify that the property exists.
[2026-01-08 09:36:36.286] [ERROR] Stack trace: at GetThemedColorInt, /home/teej/ztest/module/Pmc.Strict/consoleui/widgets/PmcDialog.ps1: line 29
at RenderToEngine, /home/teej/ztest/module/Pmc.Strict/consoleui/widgets/PmcDialog.ps1: line 59
at RenderToEngine, /home/teej/ztest/module/Pmc.Strict/consoleui/widgets/ProjectPickerDialog.ps1: line 45
at Show, /home/teej/ztest/module/Pmc.Strict/consoleui/widgets/ProjectPickerDialog.ps1: line 330
at _AssignToProject, /home/teej/ztest/module/Pmc.Strict/consoleui/screens/NotesMenuScreen.ps1: line 524
at <ScriptBlock>, /home/teej/ztest/module/Pmc.Strict/consoleui/screens/NotesMenuScreen.ps1: line 495
at _InvokeCallback, /home/teej/ztest/module/Pmc.Strict/consoleui/widgets/UniversalList.ps1: line 1415
at HandleInput, /home/teej/ztest/module/Pmc.Strict/consoleui/widgets/UniversalList.ps1: line 707
at HandleKeyPress, /home/teej/ztest/module/Pmc.Strict/consoleui/base/StandardListScreen.ps1: line 1171
at Run, /home/teej/ztest/module/Pmc.Strict/consoleui/PmcApplication.ps1: line 420
at Start-PmcTUI, /home/teej/ztest/module/Pmc.Strict/consoleui/Start-PmcTUI.ps1: line 620
at <ScriptBlock>, /home/teej/ztest/start.ps1: line 37
