[2026-01-07 18:44:10.947] ServiceContainer: Registered 'Theme' (singleton=True)
[2026-01-07 18:44:10.952] ServiceContainer: Registered 'ThemeManager' (singleton=True)
[2026-01-07 18:44:10.953] ServiceContainer: Registered 'Config' (singleton=True)
[2026-01-07 18:44:10.954] ServiceContainer: Registered 'TaskStore' (singleton=True)
[2026-01-07 18:44:10.956] ServiceContainer: Registered 'MenuRegistry' (singleton=True)
[2026-01-07 18:44:10.957] ServiceContainer: Registered 'Application' (singleton=True)
[2026-01-07 18:44:10.958] ServiceContainer: Registered 'CommandService' (singleton=True)
[2026-01-07 18:44:10.959] ServiceContainer: Registered 'ChecklistService' (singleton=True)
[2026-01-07 18:44:10.960] ServiceContainer: Registered 'NoteService' (singleton=True)
[2026-01-07 18:44:10.961] ServiceContainer: Registered 'ExcelMappingService' (singleton=True)
[2026-01-07 18:44:10.962] ServiceContainer: Registered 'ExcelCopyService' (singleton=True)
[2026-01-07 18:44:10.963] ServiceContainer: Registered 'PreferencesService' (singleton=True)
[2026-01-07 18:44:10.965] ServiceContainer: Registered 'ExcelImportService' (singleton=True)
[2026-01-07 18:44:10.966] ServiceContainer: Registered 'TextExportService' (singleton=True)
[2026-01-07 18:44:10.967] ServiceContainer: Registered 'TaskListScreen' (singleton=False)
[2026-01-07 18:44:10.989] ServiceContainer: Resolving 'Application'...
[2026-01-07 18:44:10.992] ServiceContainer: Resolving 'Theme'...
[2026-01-07 18:44:11.275] ServiceContainer: Resolved 'Theme' successfully
[2026-01-07 18:44:11.389] ServiceContainer: Resolving 'ThemeManager'...
[2026-01-07 18:44:11.392] ServiceContainer: Resolved 'ThemeManager' successfully
[2026-01-07 18:44:11.411] ServiceContainer: Resolved 'Application' successfully
[2026-01-07 18:44:11.413] ServiceContainer: Resolving 'MenuRegistry'...
[2026-01-07 18:44:11.430] ServiceContainer: Resolved 'MenuRegistry' successfully
[2026-01-07 18:44:11.455] MenuRegistry: Loaded manifest with 16 entries
[2026-01-07 18:44:11.490] ServiceContainer: Registered 'TextExportProfileManagerScreen' (singleton=False)
[2026-01-07 18:44:11.491] MenuRegistry: Registered 'T2020 Export Profiles' in 'Tools' menu (hotkey=E order=45)
[2026-01-07 18:44:11.512] MenuRegistry: Registered 'T2020 Export Profiles' in 'Tools' menu (hotkey=E order=45)
[2026-01-07 18:44:11.514] ServiceContainer: Registered 'CommandLibraryScreen' (singleton=False)
[2026-01-07 18:44:11.515] MenuRegistry: Registered 'Command Library' in 'Tools' menu (hotkey=L order=10)
[2026-01-07 18:44:11.518] MenuRegistry: Registered 'Command Library' in 'Tools' menu (hotkey=L order=10)
[2026-01-07 18:44:11.520] ServiceContainer: Registered 'ExcelProfileManagerScreen' (singleton=False)
[2026-01-07 18:44:11.521] MenuRegistry: Registered 'Excel Profiles' in 'Projects' menu (hotkey=M order=50)
[2026-01-07 18:44:11.523] MenuRegistry: Registered 'Excel Profiles' in 'Projects' menu (hotkey=M order=50)
[2026-01-07 18:44:11.537] ServiceContainer: Registered 'WeeklyTimeReportScreen' (singleton=False)
[2026-01-07 18:44:11.538] MenuRegistry: Registered 'Weekly Report' in 'Time' menu (hotkey=W order=10)
[2026-01-07 18:44:11.539] MenuRegistry: Registered 'Weekly Report' in 'Time' menu (hotkey=W order=10)
[2026-01-07 18:44:11.541] ServiceContainer: Registered 'ChecklistTemplatesFolderScreen' (singleton=False)
[2026-01-07 18:44:11.542] MenuRegistry: Registered 'Checklist Templates' in 'Tools' menu (hotkey=H order=30)
[2026-01-07 18:44:11.543] MenuRegistry: Registered 'Checklist Templates' in 'Tools' menu (hotkey=H order=30)
[2026-01-07 18:44:11.545] ServiceContainer: Registered 'TimeReportScreen' (singleton=False)
[2026-01-07 18:44:11.546] MenuRegistry: Registered 'Time Report' in 'Time' menu (hotkey=R order=20)
[2026-01-07 18:44:11.548] MenuRegistry: Registered 'Time Report' in 'Time' menu (hotkey=R order=20)
[2026-01-07 18:44:11.550] ServiceContainer: Registered 'NotesMenuScreen' (singleton=False)
[2026-01-07 18:44:11.551] MenuRegistry: Registered 'Notes' in 'Tools' menu (hotkey=N order=20)
[2026-01-07 18:44:11.553] MenuRegistry: Registered 'Notes' in 'Tools' menu (hotkey=N order=20)
[2026-01-07 18:44:11.554] ServiceContainer: Registered 'ProjectListScreen' (singleton=False)
[2026-01-07 18:44:11.555] MenuRegistry: Registered 'Project List' in 'Projects' menu (hotkey=L order=10)
[2026-01-07 18:44:11.557] MenuRegistry: Registered 'Project List' in 'Projects' menu (hotkey=L order=10)
[2026-01-07 18:44:11.559] ServiceContainer: Registered 'TimeListScreen' (singleton=False)
[2026-01-07 18:44:11.560] MenuRegistry: Registered 'Time Tracking' in 'Time' menu (hotkey=T order=5)
[2026-01-07 18:44:11.561] MenuRegistry: Registered 'Time Tracking' in 'Time' menu (hotkey=T order=5)
[2026-01-07 18:44:11.564] ServiceContainer: Registered 'ChecklistsLauncherScreen' (singleton=False)
[2026-01-07 18:44:11.566] MenuRegistry: Registered 'Checklists' in 'Tools' menu (hotkey=C order=25)
[2026-01-07 18:44:11.568] MenuRegistry: Registered 'Checklists' in 'Tools' menu (hotkey=C order=25)
[2026-01-07 18:44:11.570] ServiceContainer: Registered 'ExcelImportScreen' (singleton=False)
[2026-01-07 18:44:11.571] MenuRegistry: Registered 'Import from Excel' in 'Projects' menu (hotkey=I order=40)
[2026-01-07 18:44:11.573] MenuRegistry: Registered 'Import from Excel' in 'Projects' menu (hotkey=I order=40)
[2026-01-07 18:44:11.575] ServiceContainer: Registered 'SettingsScreen' (singleton=False)
[2026-01-07 18:44:11.576] MenuRegistry: Registered 'Settings' in 'Options' menu (hotkey=S order=20)
[2026-01-07 18:44:11.578] MenuRegistry: Registered 'Settings' in 'Options' menu (hotkey=S order=20)
[2026-01-07 18:44:11.580] ServiceContainer: Registered 'HelpViewScreen' (singleton=False)
[2026-01-07 18:44:11.581] MenuRegistry: Registered 'Help' in 'Help' menu (hotkey=H order=10)
[2026-01-07 18:44:11.582] MenuRegistry: Registered 'Help' in 'Help' menu (hotkey=H order=10)
[2026-01-07 18:44:11.584] ServiceContainer: Registered 'ThemeEditorScreen' (singleton=False)
[2026-01-07 18:44:11.585] MenuRegistry: Registered 'Theme Editor' in 'Options' menu (hotkey=T order=10)
[2026-01-07 18:44:11.586] MenuRegistry: Registered 'Theme Editor' in 'Options' menu (hotkey=T order=10)
[2026-01-07 18:44:11.588] ServiceContainer: Registered 'ExcelImportProfileManagerScreen' (singleton=False)
[2026-01-07 18:44:11.589] MenuRegistry: Registered 'Excel Import Profiles' in 'Tools' menu (hotkey=I order=40)
[2026-01-07 18:44:11.591] MenuRegistry: Registered 'Excel Import Profiles' in 'Tools' menu (hotkey=I order=40)
[2026-01-07 18:44:11.594] ServiceContainer: Registered 'TaskListScreen_Default' (singleton=False)
[2026-01-07 18:44:11.595] MenuRegistry: Registered 'Task List' in 'Tasks' menu (hotkey=L order=5)
[2026-01-07 18:44:11.598] MenuRegistry: Registered 'Task List' in 'Tasks' menu (hotkey=L order=5)
[2026-01-07 18:44:11.601] ServiceContainer: Resolving 'TaskListScreen'...
[2026-01-07 18:44:11.633] ServiceContainer: Resolving 'TaskStore'...
[2026-01-07 18:44:11.777] ServiceContainer: Resolved 'TaskStore' successfully
[2026-01-07 18:44:12.775] [INFO] StandardListScreen._ConfigureListActions: Configuring actions for Tasks
[2026-01-07 18:44:12.819] [INFO] StandardListScreen: Added footer shortcut D -> Delete
[2026-01-07 18:44:12.848] [INFO] StandardListScreen._ConfigureListActions: Configured 16 footer shortcuts
[2026-01-07 18:44:13.083] _PopulateMenusFromRegistry: Menu 'Tasks' has 1 items from registry (array)
[2026-01-07 18:44:13.110] _PopulateMenusFromRegistry: Menu 'Projects' has 3 items from registry (array)
[2026-01-07 18:44:13.115] _PopulateMenusFromRegistry: Menu 'Help' has 1 items from registry (array)
[2026-01-07 18:44:13.132] _PopulateMenusFromRegistry: Menu 'Options' has 2 items from registry (array)
[2026-01-07 18:44:13.137] _PopulateMenusFromRegistry: Menu 'Tools' has 6 items from registry (array)
[2026-01-07 18:44:13.141] _PopulateMenusFromRegistry: Menu 'Time' has 3 items from registry (array)
[2026-01-07 18:44:13.146] ServiceContainer: Resolved 'TaskListScreen' successfully
[2026-01-07 18:44:13.569] [INFO] StandardListScreen._ConfigureListActions: Configuring actions for Tasks
[2026-01-07 18:44:13.572] [INFO] StandardListScreen: Added footer shortcut D -> Delete
[2026-01-07 18:44:13.579] [INFO] StandardListScreen._ConfigureListActions: Configured 16 footer shortcuts
[2026-01-07 18:44:17.660] ServiceContainer: Resolving 'NotesMenuScreen'...
[2026-01-07 18:44:17.782] [INFO] StandardListScreen._ConfigureListActions: Configuring actions for Notes
[2026-01-07 18:44:17.790] [INFO] StandardListScreen: Added footer shortcut D -> Delete
[2026-01-07 18:44:17.810] [INFO] StandardListScreen._ConfigureListActions: Configured 7 footer shortcuts
[2026-01-07 18:44:17.862] ServiceContainer: Resolved 'NotesMenuScreen' successfully
[2026-01-07 18:44:17.925] [INFO] StandardListScreen._ConfigureListActions: Configuring actions for Notes
[2026-01-07 18:44:17.928] [INFO] StandardListScreen: Added footer shortcut D -> Delete
[2026-01-07 18:44:17.931] [INFO] StandardListScreen._ConfigureListActions: Configured 7 footer shortcuts
[2026-01-07 18:44:19.876] [INFO] UniversalList.RenderToEngine: SKIPPING row 0 (editor active, filling with blank)
[2026-01-07 18:44:20.029] [INFO] UniversalList.RenderToEngine: SKIPPING row 0 (editor active, filling with blank)
[2026-01-07 18:44:20.040] [INFO] StandardListScreen.RenderContentToEngine: Rendering InlineEditor at Y=9
[2026-01-07 18:44:22.175] [INFO] UniversalList.RenderToEngine: SKIPPING row 0 (editor active, filling with blank)
[2026-01-07 18:44:22.256] [INFO] UniversalList.RenderToEngine: SKIPPING row 0 (editor active, filling with blank)
[2026-01-07 18:44:22.262] [INFO] StandardListScreen.RenderContentToEngine: Rendering InlineEditor at Y=9
[2026-01-07 18:44:22.502] [INFO] UniversalList.RenderToEngine: SKIPPING row 0 (editor active, filling with blank)
[2026-01-07 18:44:22.554] [INFO] UniversalList.RenderToEngine: SKIPPING row 0 (editor active, filling with blank)
[2026-01-07 18:44:22.559] [INFO] StandardListScreen.RenderContentToEngine: Rendering InlineEditor at Y=9
[2026-01-07 18:44:26.133] [INFO] UniversalList.RenderToEngine: SKIPPING row 0 (editor active, filling with blank)
[2026-01-07 18:44:26.168] [INFO] UniversalList.RenderToEngine: SKIPPING row 0 (editor active, filling with blank)
[2026-01-07 18:44:26.174] [INFO] StandardListScreen.RenderContentToEngine: Rendering InlineEditor at Y=9
[2026-01-07 18:44:26.917] [INFO] StandardListScreen.OnInlineEditConfirmed: Dispatching to _SaveEditedItem
[2026-01-07 18:44:26.941] [INFO] ========== OnEditItem START ==========
[2026-01-07 18:44:26.943] [INFO] OnEditItem: noteId = nn312
[2026-01-07 18:44:26.947] [INFO] OnEditItem: New title = 'nn3a'
[2026-01-07 18:44:27.001] [ERROR] OnEditItem: EXCEPTION - The property 'owner_type' cannot be found on this object. Verify that the property exists.
[2026-01-07 18:44:27.004] [ERROR] OnEditItem: Stack trace - at UpdateNoteMetadata, /home/teej/ztest/module/Pmc.Strict/consoleui/services/FileNoteService.ps1: line 240
at OnEditItem, /home/teej/ztest/module/Pmc.Strict/consoleui/screens/NotesMenuScreen.ps1: line 373
at OnItemUpdated, /home/teej/ztest/module/Pmc.Strict/consoleui/screens/NotesMenuScreen.ps1: line 327
at _SaveEditedItem, /home/teej/ztest/module/Pmc.Strict/consoleui/base/StandardListScreen.ps1: line 933
at OnInlineEditConfirmed, /home/teej/ztest/module/Pmc.Strict/consoleui/base/StandardListScreen.ps1: line 999
at <ScriptBlock>, /home/teej/ztest/module/Pmc.Strict/consoleui/base/StandardListScreen.ps1: line 490
at _InvokeCallback, /home/teej/ztest/module/Pmc.Strict/consoleui/widgets/InlineEditor.ps1: line 2186
at HandleInput, /home/teej/ztest/module/Pmc.Strict/consoleui/widgets/InlineEditor.ps1: line 451
at HandleModalInput, /home/teej/ztest/module/Pmc.Strict/consoleui/PmcScreen.ps1: line 566
at HandleKeyPress, /home/teej/ztest/module/Pmc.Strict/consoleui/base/StandardListScreen.ps1: line 1114
at Run, /home/teej/ztest/module/Pmc.Strict/consoleui/PmcApplication.ps1: line 420
at Start-PmcTUI, /home/teej/ztest/module/Pmc.Strict/consoleui/Start-PmcTUI.ps1: line 620
at <ScriptBlock>, /home/teej/ztest/start.ps1: line 37
[2026-01-07 18:44:27.082] RequestRender called from:  at line 972
[2026-01-07 18:44:31.240] [INFO] ========== _AssignToProject START ==========
[2026-01-07 18:44:31.241] [INFO] _AssignToProject: noteId=nn312, noteTitle=nn312
[2026-01-07 18:44:31.325] [ERROR] UniversalList callback error: Method invocation failed because [ProjectPicker] does not contain a method named 'Show'.
[2026-01-07 18:44:31.328] [ERROR] Stack trace: at _AssignToProject, /home/teej/ztest/module/Pmc.Strict/consoleui/screens/NotesMenuScreen.ps1: line 517
at <ScriptBlock>, /home/teej/ztest/module/Pmc.Strict/consoleui/screens/NotesMenuScreen.ps1: line 496
at _InvokeCallback, /home/teej/ztest/module/Pmc.Strict/consoleui/widgets/UniversalList.ps1: line 1415
at HandleInput, /home/teej/ztest/module/Pmc.Strict/consoleui/widgets/UniversalList.ps1: line 707
at HandleKeyPress, /home/teej/ztest/module/Pmc.Strict/consoleui/base/StandardListScreen.ps1: line 1171
at Run, /home/teej/ztest/module/Pmc.Strict/consoleui/PmcApplication.ps1: line 420
at Start-PmcTUI, /home/teej/ztest/module/Pmc.Strict/consoleui/Start-PmcTUI.ps1: line 620
at <ScriptBlock>, /home/teej/ztest/start.ps1: line 37
