[2026-01-08 10:57:28.137] ServiceContainer: Registered 'Theme' (singleton=True)
[2026-01-08 10:57:28.140] ServiceContainer: Registered 'ThemeManager' (singleton=True)
[2026-01-08 10:57:28.141] ServiceContainer: Registered 'Config' (singleton=True)
[2026-01-08 10:57:28.141] ServiceContainer: Registered 'TaskStore' (singleton=True)
[2026-01-08 10:57:28.142] ServiceContainer: Registered 'MenuRegistry' (singleton=True)
[2026-01-08 10:57:28.143] ServiceContainer: Registered 'Application' (singleton=True)
[2026-01-08 10:57:28.143] ServiceContainer: Registered 'CommandService' (singleton=True)
[2026-01-08 10:57:28.144] ServiceContainer: Registered 'ChecklistService' (singleton=True)
[2026-01-08 10:57:28.145] ServiceContainer: Registered 'NoteService' (singleton=True)
[2026-01-08 10:57:28.145] ServiceContainer: Registered 'ExcelMappingService' (singleton=True)
[2026-01-08 10:57:28.146] ServiceContainer: Registered 'ExcelCopyService' (singleton=True)
[2026-01-08 10:57:28.146] ServiceContainer: Registered 'PreferencesService' (singleton=True)
[2026-01-08 10:57:28.147] ServiceContainer: Registered 'ExcelImportService' (singleton=True)
[2026-01-08 10:57:28.148] ServiceContainer: Registered 'TextExportService' (singleton=True)
[2026-01-08 10:57:28.148] ServiceContainer: Registered 'TaskListScreen' (singleton=False)
[2026-01-08 10:57:28.161] ServiceContainer: Resolving 'Application'...
[2026-01-08 10:57:28.162] ServiceContainer: Resolving 'Theme'...
[2026-01-08 10:57:28.314] ServiceContainer: Resolved 'Theme' successfully
[2026-01-08 10:57:28.377] ServiceContainer: Resolving 'ThemeManager'...
[2026-01-08 10:57:28.379] ServiceContainer: Resolved 'ThemeManager' successfully
[2026-01-08 10:57:28.389] ServiceContainer: Resolved 'Application' successfully
[2026-01-08 10:57:28.390] ServiceContainer: Resolving 'MenuRegistry'...
[2026-01-08 10:57:28.399] ServiceContainer: Resolved 'MenuRegistry' successfully
[2026-01-08 10:57:28.415] MenuRegistry: Loaded manifest with 16 entries
[2026-01-08 10:57:28.436] ServiceContainer: Registered 'WeeklyTimeReportScreen' (singleton=False)
[2026-01-08 10:57:28.436] MenuRegistry: Registered 'Weekly Report' in 'Time' menu (hotkey=W order=10)
[2026-01-08 10:57:28.449] MenuRegistry: Registered 'Weekly Report' in 'Time' menu (hotkey=W order=10)
[2026-01-08 10:57:28.451] ServiceContainer: Registered 'ExcelImportScreen' (singleton=False)
[2026-01-08 10:57:28.451] MenuRegistry: Registered 'Import from Excel' in 'Projects' menu (hotkey=I order=40)
[2026-01-08 10:57:28.453] MenuRegistry: Registered 'Import from Excel' in 'Projects' menu (hotkey=I order=40)
[2026-01-08 10:57:28.454] ServiceContainer: Registered 'ProjectListScreen' (singleton=False)
[2026-01-08 10:57:28.455] MenuRegistry: Registered 'Project List' in 'Projects' menu (hotkey=L order=10)
[2026-01-08 10:57:28.457] MenuRegistry: Registered 'Project List' in 'Projects' menu (hotkey=L order=10)
[2026-01-08 10:57:28.458] ServiceContainer: Registered 'TimeReportScreen' (singleton=False)
[2026-01-08 10:57:28.459] MenuRegistry: Registered 'Time Report' in 'Time' menu (hotkey=R order=20)
[2026-01-08 10:57:28.460] MenuRegistry: Registered 'Time Report' in 'Time' menu (hotkey=R order=20)
[2026-01-08 10:57:28.461] ServiceContainer: Registered 'SettingsScreen' (singleton=False)
[2026-01-08 10:57:28.462] MenuRegistry: Registered 'Settings' in 'Options' menu (hotkey=S order=20)
[2026-01-08 10:57:28.469] MenuRegistry: Registered 'Settings' in 'Options' menu (hotkey=S order=20)
[2026-01-08 10:57:28.470] ServiceContainer: Registered 'ExcelProfileManagerScreen' (singleton=False)
[2026-01-08 10:57:28.471] MenuRegistry: Registered 'Excel Profiles' in 'Projects' menu (hotkey=M order=50)
[2026-01-08 10:57:28.472] MenuRegistry: Registered 'Excel Profiles' in 'Projects' menu (hotkey=M order=50)
[2026-01-08 10:57:28.473] ServiceContainer: Registered 'HelpViewScreen' (singleton=False)
[2026-01-08 10:57:28.474] MenuRegistry: Registered 'Help' in 'Help' menu (hotkey=H order=10)
[2026-01-08 10:57:28.475] MenuRegistry: Registered 'Help' in 'Help' menu (hotkey=H order=10)
[2026-01-08 10:57:28.476] ServiceContainer: Registered 'TextExportProfileManagerScreen' (singleton=False)
[2026-01-08 10:57:28.476] MenuRegistry: Registered 'T2020 Export Profiles' in 'Tools' menu (hotkey=E order=45)
[2026-01-08 10:57:28.478] MenuRegistry: Registered 'T2020 Export Profiles' in 'Tools' menu (hotkey=E order=45)
[2026-01-08 10:57:28.479] ServiceContainer: Registered 'ChecklistsLauncherScreen' (singleton=False)
[2026-01-08 10:57:28.479] MenuRegistry: Registered 'Checklists' in 'Tools' menu (hotkey=C order=25)
[2026-01-08 10:57:28.480] MenuRegistry: Registered 'Checklists' in 'Tools' menu (hotkey=C order=25)
[2026-01-08 10:57:28.481] ServiceContainer: Registered 'ExcelImportProfileManagerScreen' (singleton=False)
[2026-01-08 10:57:28.482] MenuRegistry: Registered 'Excel Import Profiles' in 'Tools' menu (hotkey=I order=40)
[2026-01-08 10:57:28.483] MenuRegistry: Registered 'Excel Import Profiles' in 'Tools' menu (hotkey=I order=40)
[2026-01-08 10:57:28.484] ServiceContainer: Registered 'TimeListScreen' (singleton=False)
[2026-01-08 10:57:28.485] MenuRegistry: Registered 'Time Tracking' in 'Time' menu (hotkey=T order=5)
[2026-01-08 10:57:28.486] MenuRegistry: Registered 'Time Tracking' in 'Time' menu (hotkey=T order=5)
[2026-01-08 10:57:28.487] ServiceContainer: Registered 'NotesMenuScreen' (singleton=False)
[2026-01-08 10:57:28.487] MenuRegistry: Registered 'Notes' in 'Tools' menu (hotkey=N order=20)
[2026-01-08 10:57:28.489] MenuRegistry: Registered 'Notes' in 'Tools' menu (hotkey=N order=20)
[2026-01-08 10:57:28.490] ServiceContainer: Registered 'TaskListScreen_Default' (singleton=False)
[2026-01-08 10:57:28.490] MenuRegistry: Registered 'Task List' in 'Tasks' menu (hotkey=L order=5)
[2026-01-08 10:57:28.491] MenuRegistry: Registered 'Task List' in 'Tasks' menu (hotkey=L order=5)
[2026-01-08 10:57:28.492] ServiceContainer: Registered 'ChecklistTemplatesFolderScreen' (singleton=False)
[2026-01-08 10:57:28.493] MenuRegistry: Registered 'Checklist Templates' in 'Tools' menu (hotkey=H order=30)
[2026-01-08 10:57:28.494] MenuRegistry: Registered 'Checklist Templates' in 'Tools' menu (hotkey=H order=30)
[2026-01-08 10:57:28.495] ServiceContainer: Registered 'ThemeEditorScreen' (singleton=False)
[2026-01-08 10:57:28.496] MenuRegistry: Registered 'Theme Editor' in 'Options' menu (hotkey=T order=10)
[2026-01-08 10:57:28.497] MenuRegistry: Registered 'Theme Editor' in 'Options' menu (hotkey=T order=10)
[2026-01-08 10:57:28.498] ServiceContainer: Registered 'CommandLibraryScreen' (singleton=False)
[2026-01-08 10:57:28.498] MenuRegistry: Registered 'Command Library' in 'Tools' menu (hotkey=L order=10)
[2026-01-08 10:57:28.499] MenuRegistry: Registered 'Command Library' in 'Tools' menu (hotkey=L order=10)
[2026-01-08 10:57:28.500] ServiceContainer: Resolving 'TaskListScreen'...
[2026-01-08 10:57:28.502] ServiceContainer: Resolving 'TaskStore'...
[2026-01-08 10:57:28.595] ServiceContainer: Resolved 'TaskStore' successfully
[2026-01-08 10:57:29.075] [INFO] StandardListScreen._ConfigureListActions: Configuring actions for Tasks
[2026-01-08 10:57:29.089] [INFO] StandardListScreen: Added footer shortcut D -> Delete
[2026-01-08 10:57:29.112] [INFO] StandardListScreen._ConfigureListActions: Configured 16 footer shortcuts
[2026-01-08 10:57:29.242] _PopulateMenusFromRegistry: Menu 'Projects' has 3 items from registry (array)
[2026-01-08 10:57:29.260] _PopulateMenusFromRegistry: Menu 'Tasks' has 1 items from registry (array)
[2026-01-08 10:57:29.262] _PopulateMenusFromRegistry: Menu 'Options' has 2 items from registry (array)
[2026-01-08 10:57:29.264] _PopulateMenusFromRegistry: Menu 'Help' has 1 items from registry (array)
[2026-01-08 10:57:29.267] _PopulateMenusFromRegistry: Menu 'Tools' has 6 items from registry (array)
[2026-01-08 10:57:29.270] _PopulateMenusFromRegistry: Menu 'Time' has 3 items from registry (array)
[2026-01-08 10:57:29.271] ServiceContainer: Resolved 'TaskListScreen' successfully
[2026-01-08 10:57:29.515] [INFO] StandardListScreen._ConfigureListActions: Configuring actions for Tasks
[2026-01-08 10:57:29.517] [INFO] StandardListScreen: Added footer shortcut D -> Delete
[2026-01-08 10:57:29.521] [INFO] StandardListScreen._ConfigureListActions: Configured 16 footer shortcuts
[10:57:30.632] [Z-BUFFER] REJECTED at (4,4): currentZ=10 < zBuffer=20 char='T'
[10:57:30.633] [Z-BUFFER] REJECTED at (5,4): currentZ=10 < zBuffer=20 char='a'
[10:57:30.634] [Z-BUFFER] REJECTED at (6,4): currentZ=10 < zBuffer=20 char='s'
[10:57:30.635] [Z-BUFFER] REJECTED at (7,4): currentZ=10 < zBuffer=20 char='k'
[10:57:30.636] [Z-BUFFER] REJECTED at (27,4): currentZ=10 < zBuffer=20 char='D'
[10:57:30.637] [Z-BUFFER] REJECTED at (28,4): currentZ=10 < zBuffer=20 char='u'
[10:57:30.637] [Z-BUFFER] REJECTED at (29,4): currentZ=10 < zBuffer=20 char='e'
[10:57:30.639] [Z-BUFFER] REJECTED at (49,4): currentZ=10 < zBuffer=20 char='T'
[10:57:30.639] [Z-BUFFER] REJECTED at (50,4): currentZ=10 < zBuffer=20 char='a'
[10:57:30.640] [Z-BUFFER] REJECTED at (51,4): currentZ=10 < zBuffer=20 char='g'
[10:57:30.641] [Z-BUFFER] REJECTED at (52,4): currentZ=10 < zBuffer=20 char='s'
[10:57:33.880] [Z-BUFFER] REJECTED at (4,4): currentZ=10 < zBuffer=20 char='T'
[10:57:33.881] [Z-BUFFER] REJECTED at (5,4): currentZ=10 < zBuffer=20 char='a'
[10:57:33.882] [Z-BUFFER] REJECTED at (6,4): currentZ=10 < zBuffer=20 char='s'
[10:57:33.882] [Z-BUFFER] REJECTED at (7,4): currentZ=10 < zBuffer=20 char='k'
[10:57:33.883] [Z-BUFFER] REJECTED at (27,4): currentZ=10 < zBuffer=20 char='D'
[10:57:33.883] [Z-BUFFER] REJECTED at (28,4): currentZ=10 < zBuffer=20 char='u'
[10:57:33.884] [Z-BUFFER] REJECTED at (29,4): currentZ=10 < zBuffer=20 char='e'
[10:57:33.885] [Z-BUFFER] REJECTED at (49,4): currentZ=10 < zBuffer=200 char='T'
[10:57:33.885] [Z-BUFFER] REJECTED at (50,4): currentZ=10 < zBuffer=200 char='a'
[10:57:33.886] [Z-BUFFER] REJECTED at (51,4): currentZ=10 < zBuffer=200 char='g'
[10:57:33.886] [Z-BUFFER] REJECTED at (52,4): currentZ=10 < zBuffer=200 char='s'
[2026-01-08 10:57:35.414] ServiceContainer: Resolving 'NotesMenuScreen'...
[2026-01-08 10:57:35.445] [ERROR] ServiceContainer: Failed to resolve 'NotesMenuScreen': At /home/teej/ztest/module/Pmc.Strict/consoleui/screens/NotesMenuScreen.ps1:663 char:1
+ }
+ ~
Unexpected token '}' in expression or statement.

At /home/teej/ztest/module/Pmc.Strict/consoleui/screens/NotesMenuScreen.ps1:609 char:20
+         $editor = [NoteEditorScreen]::new($item.id)
+                    ~~~~~~~~~~~~~~~~
Unable to find type [NoteEditorScreen].
[2026-01-08 10:57:35.446] Stack trace: at <ScriptBlock>, /home/teej/ztest/module/Pmc.Strict/consoleui/services/MenuRegistry.ps1: line 242
at Resolve, /home/teej/ztest/module/Pmc.Strict/consoleui/ServiceContainer.ps1: line 130
at <ScriptBlock>, <No file>: line 2
at ExecuteSelectedItem, /home/teej/ztest/module/Pmc.Strict/consoleui/widgets/PmcMenuBar.ps1: line 299
at _HandleItemHotkey, /home/teej/ztest/module/Pmc.Strict/consoleui/widgets/PmcMenuBar.ps1: line 587
at HandleKeyPress, /home/teej/ztest/module/Pmc.Strict/consoleui/widgets/PmcMenuBar.ps1: line 522
at HandleKeyPress, /home/teej/ztest/module/Pmc.Strict/consoleui/base/StandardListScreen.ps1: line 1128
at HandleKeyPress, /home/teej/ztest/module/Pmc.Strict/consoleui/screens/TaskListScreen.ps1: line 2178
at Run, /home/teej/ztest/module/Pmc.Strict/consoleui/PmcApplication.ps1: line 420
at Start-PmcTUI, /home/teej/ztest/module/Pmc.Strict/consoleui/Start-PmcTUI.ps1: line 620
at <ScriptBlock>, /home/teej/ztest/start.ps1: line 37
[2026-01-08 10:57:35.448] [ERROR] MenuRegistry: Error launching 'NotesMenuScreen': At /home/teej/ztest/module/Pmc.Strict/consoleui/screens/NotesMenuScreen.ps1:663 char:1
+ }
+ ~
Unexpected token '}' in expression or statement.

At /home/teej/ztest/module/Pmc.Strict/consoleui/screens/NotesMenuScreen.ps1:609 char:20
+         $editor = [NoteEditorScreen]::new($item.id)
+                    ~~~~~~~~~~~~~~~~
Unable to find type [NoteEditorScreen].
[2026-01-08 10:57:35.449] Stack trace: 
at <ScriptBlock>, /home/teej/ztest/module/Pmc.Strict/consoleui/services/MenuRegistry.ps1: line 242
at Resolve, /home/teej/ztest/module/Pmc.Strict/consoleui/ServiceContainer.ps1: line 130
at <ScriptBlock>, <No file>: line 2
at ExecuteSelectedItem, /home/teej/ztest/module/Pmc.Strict/consoleui/widgets/PmcMenuBar.ps1: line 299
at _HandleItemHotkey, /home/teej/ztest/module/Pmc.Strict/consoleui/widgets/PmcMenuBar.ps1: line 587
at HandleKeyPress, /home/teej/ztest/module/Pmc.Strict/consoleui/widgets/PmcMenuBar.ps1: line 522
at HandleKeyPress, /home/teej/ztest/module/Pmc.Strict/consoleui/base/StandardListScreen.ps1: line 1128
at HandleKeyPress, /home/teej/ztest/module/Pmc.Strict/consoleui/screens/TaskListScreen.ps1: line 2178
at Run, /home/teej/ztest/module/Pmc.Strict/consoleui/PmcApplication.ps1: line 420
at Start-PmcTUI, /home/teej/ztest/module/Pmc.Strict/consoleui/Start-PmcTUI.ps1: line 620
at <ScriptBlock>, /home/teej/ztest/start.ps1: line 37
[10:57:35.482] [Z-BUFFER] REJECTED at (4,4): currentZ=10 < zBuffer=20 char='T'
[10:57:35.483] [Z-BUFFER] REJECTED at (5,4): currentZ=10 < zBuffer=20 char='a'
[10:57:35.483] [Z-BUFFER] REJECTED at (6,4): currentZ=10 < zBuffer=20 char='s'
[10:57:35.484] [Z-BUFFER] REJECTED at (7,4): currentZ=10 < zBuffer=20 char='k'
[10:57:35.484] [Z-BUFFER] REJECTED at (27,4): currentZ=10 < zBuffer=20 char='D'
[10:57:35.485] [Z-BUFFER] REJECTED at (28,4): currentZ=10 < zBuffer=20 char='u'
[10:57:35.485] [Z-BUFFER] REJECTED at (29,4): currentZ=10 < zBuffer=20 char='e'
[10:57:35.486] [Z-BUFFER] REJECTED at (49,4): currentZ=10 < zBuffer=20 char='T'
[10:57:35.487] [Z-BUFFER] REJECTED at (50,4): currentZ=10 < zBuffer=20 char='a'
[10:57:35.487] [Z-BUFFER] REJECTED at (51,4): currentZ=10 < zBuffer=20 char='g'
[10:57:35.488] [Z-BUFFER] REJECTED at (52,4): currentZ=10 < zBuffer=20 char='s'
