[2025-12-18 16:42:29.468] [INFO] Loading PMC module...
[2025-12-18 16:42:30.306] [INFO] PMC module loaded
[2025-12-18 16:42:30.308] [INFO] Loading dependencies (FieldSchemas, etc.)...
[2025-12-18 16:42:30.393] [INFO] Dependencies loaded
[2025-12-18 16:42:30.394] [INFO] Loading SpeedTUI framework...
[2025-12-18 16:42:31.404] [INFO] SpeedTUI framework loaded
[2025-12-18 16:42:31.405] [INFO] Loading PraxisVT...
[2025-12-18 16:42:31.406] [INFO] PraxisVT loaded
[2025-12-18 16:42:31.407] [INFO] Loading core dependencies...
[2025-12-18 16:42:31.438] [INFO] Core dependencies loaded
[2025-12-18 16:42:31.439] [INFO] Loading widget base classes...
[2025-12-18 16:42:31.480] [INFO] Widget base classes loaded
[2025-12-18 16:42:31.481] [INFO] Loading services...
[2025-12-18 16:42:31.576] [INFO] Services loaded
[2025-12-18 16:42:31.578] [INFO] Loading helpers...
[2025-12-18 16:42:31.735] [INFO] Helpers loaded
[2025-12-18 16:42:31.736] [INFO] Loading widgets...
[2025-12-18 16:42:32.048] [INFO] Widgets loaded
[2025-12-18 16:42:32.049] [INFO] Loading screen base class...
[2025-12-18 16:42:32.061] [INFO] Screen base class loaded
[2025-12-18 16:42:32.085] [INFO] Loading HelpViewScreen (needed by base classes)...
[2025-12-18 16:42:32.093] [INFO] HelpViewScreen loaded
[2025-12-18 16:42:32.094] [INFO] Loading base classes...
[2025-12-18 16:42:32.162] [INFO] Base classes loaded
[2025-12-18 16:42:32.163] [INFO] Loading ServiceContainer (needed by screens)...
[2025-12-18 16:42:32.167] [INFO] ServiceContainer loaded
[2025-12-18 16:42:32.168] [INFO] Loading remaining screens...
[2025-12-18 16:42:32.234] [INFO] Remaining screens loaded
[2025-12-18 16:42:32.235] [INFO] Loading PmcApplication...
[2025-12-18 16:42:32.252] [INFO] PmcApplication loaded
[2025-12-18 16:42:32.253] [INFO] All components loaded successfully
[2025-12-18 16:42:32.266] [INFO] Starting PMC TUI with screen: TaskList
[2025-12-18 16:42:32.271] [INFO] Cleared stale PmcSharedMenuBar and MenuRegistry singleton
[2025-12-18 16:42:32.272] [INFO] Creating ServiceContainer...
[2025-12-18 16:42:32.280] [INFO] ServiceContainer created
[2025-12-18 16:42:32.281] [INFO] Registering Theme service...
[2025-12-18 16:42:32.295] ServiceContainer: Registered 'Theme' (singleton=True)
[2025-12-18 16:42:32.297] [INFO] Registering ThemeManager...
[2025-12-18 16:42:32.298] ServiceContainer: Registered 'ThemeManager' (singleton=True)
[2025-12-18 16:42:32.299] [INFO] Registering Config service...
[2025-12-18 16:42:32.300] ServiceContainer: Registered 'Config' (singleton=True)
[2025-12-18 16:42:32.301] [INFO] Registering TaskStore service...
[2025-12-18 16:42:32.301] ServiceContainer: Registered 'TaskStore' (singleton=True)
[2025-12-18 16:42:32.302] [INFO] Registering MenuRegistry service...
[2025-12-18 16:42:32.303] ServiceContainer: Registered 'MenuRegistry' (singleton=True)
[2025-12-18 16:42:32.304] [INFO] Registering Application service...
[2025-12-18 16:42:32.304] ServiceContainer: Registered 'Application' (singleton=True)
[2025-12-18 16:42:32.305] [INFO] Registering CommandService...
[2025-12-18 16:42:32.306] ServiceContainer: Registered 'CommandService' (singleton=True)
[2025-12-18 16:42:32.306] [INFO] Registering ChecklistService...
[2025-12-18 16:42:32.307] ServiceContainer: Registered 'ChecklistService' (singleton=True)
[2025-12-18 16:42:32.308] [INFO] Registering NoteService...
[2025-12-18 16:42:32.308] ServiceContainer: Registered 'NoteService' (singleton=True)
[2025-12-18 16:42:32.309] [INFO] Registering ExcelMappingService...
[2025-12-18 16:42:32.310] ServiceContainer: Registered 'ExcelMappingService' (singleton=True)
[2025-12-18 16:42:32.310] [INFO] Registering PreferencesService...
[2025-12-18 16:42:32.311] ServiceContainer: Registered 'PreferencesService' (singleton=True)
[2025-12-18 16:42:32.312] [INFO] Registering screen factories...
[2025-12-18 16:42:32.313] ServiceContainer: Registered 'TaskListScreen' (singleton=False)
[2025-12-18 16:42:32.313] [INFO] Resolving Application from container...
[2025-12-18 16:42:32.329] ServiceContainer: Resolving 'Application'...
[2025-12-18 16:42:32.331] [INFO] Resolving Application...
[2025-12-18 16:42:32.332] ServiceContainer: Resolving 'Theme'...
[2025-12-18 16:42:32.335] [INFO] Resolving Theme: Calling Initialize-PmcThemeSystem...
[2025-12-18 16:42:32.424] [INFO] Theme initialized: #33aaff
[2025-12-18 16:42:32.426] ServiceContainer: Resolved 'Theme' successfully
[2025-12-18 16:42:32.508] ServiceContainer: Resolving 'ThemeManager'...
[2025-12-18 16:42:32.509] [INFO] Resolving ThemeManager...
[2025-12-18 16:42:32.511] ServiceContainer: Resolved 'ThemeManager' successfully
[2025-12-18 16:42:32.522] ServiceContainer: Resolved 'Application' successfully
[2025-12-18 16:42:32.523] [INFO] Application resolved and assigned to $global:PmcApp
[2025-12-18 16:42:32.524] [INFO] Loading menus from manifest...
[2025-12-18 16:42:32.525] ServiceContainer: Resolving 'MenuRegistry'...
[2025-12-18 16:42:32.526] [INFO] Resolving MenuRegistry...
[2025-12-18 16:42:32.537] ServiceContainer: Resolved 'MenuRegistry' successfully
[2025-12-18 16:42:32.552] MenuRegistry: Loaded manifest with 23 entries
[2025-12-18 16:42:32.573] ServiceContainer: Registered 'TaskListScreen_NextActions' (singleton=False)
[2025-12-18 16:42:32.574] MenuRegistry: Registered screen factory 'TaskListScreen_NextActions' in container (viewMode=nextactions)
[2025-12-18 16:42:32.586] MenuRegistry: Registered 'Next Actions' in 'Tasks' menu (hotkey=N order=35)
[2025-12-18 16:42:32.587] ServiceContainer: Registered 'CommandLibraryScreen' (singleton=False)
[2025-12-18 16:42:32.588] MenuRegistry: Registered screen factory 'CommandLibraryScreen' in container (viewMode=)
[2025-12-18 16:42:32.590] MenuRegistry: Registered 'Command Library' in 'Tools' menu (hotkey=L order=10)
[2025-12-18 16:42:32.591] ServiceContainer: Registered 'TimeListScreen' (singleton=False)
[2025-12-18 16:42:32.591] MenuRegistry: Registered screen factory 'TimeListScreen' in container (viewMode=)
[2025-12-18 16:42:32.592] MenuRegistry: Registered 'Time Tracking' in 'Time' menu (hotkey=T order=5)
[2025-12-18 16:42:32.593] ServiceContainer: Registered 'ChecklistTemplatesFolderScreen' (singleton=False)
[2025-12-18 16:42:32.594] MenuRegistry: Registered screen factory 'ChecklistTemplatesFolderScreen' in container (viewMode=)
[2025-12-18 16:42:32.595] MenuRegistry: Registered 'Checklist Templates' in 'Tools' menu (hotkey=H order=30)
[2025-12-18 16:42:32.597] ServiceContainer: Registered 'TaskListScreen_Default' (singleton=False)
[2025-12-18 16:42:32.597] MenuRegistry: Registered screen factory 'TaskListScreen_Default' in container (viewMode=)
[2025-12-18 16:42:32.598] MenuRegistry: Registered 'Task List' in 'Tasks' menu (hotkey=L order=5)
[2025-12-18 16:42:32.604] ServiceContainer: Registered 'SettingsScreen' (singleton=False)
[2025-12-18 16:42:32.605] MenuRegistry: Registered screen factory 'SettingsScreen' in container (viewMode=)
[2025-12-18 16:42:32.606] MenuRegistry: Registered 'Settings' in 'Options' menu (hotkey=S order=20)
[2025-12-18 16:42:32.607] ServiceContainer: Registered 'TaskListScreen_Overdue' (singleton=False)
[2025-12-18 16:42:32.607] MenuRegistry: Registered screen factory 'TaskListScreen_Overdue' in container (viewMode=overdue)
[2025-12-18 16:42:32.608] MenuRegistry: Registered 'Overdue' in 'Tasks' menu (hotkey=O order=30)
[2025-12-18 16:42:32.609] ServiceContainer: Registered 'NotesMenuScreen' (singleton=False)
[2025-12-18 16:42:32.610] MenuRegistry: Registered screen factory 'NotesMenuScreen' in container (viewMode=)
[2025-12-18 16:42:32.611] MenuRegistry: Registered 'Notes' in 'Tools' menu (hotkey=N order=20)
[2025-12-18 16:42:32.612] ServiceContainer: Registered 'ChecklistsLauncherScreen' (singleton=False)
[2025-12-18 16:42:32.613] MenuRegistry: Registered screen factory 'ChecklistsLauncherScreen' in container (viewMode=)
[2025-12-18 16:42:32.614] MenuRegistry: Registered 'Checklists' in 'Tools' menu (hotkey=C order=25)
[2025-12-18 16:42:32.615] ServiceContainer: Registered 'TaskListScreen_Tomorrow' (singleton=False)
[2025-12-18 16:42:32.616] MenuRegistry: Registered screen factory 'TaskListScreen_Tomorrow' in container (viewMode=tomorrow)
[2025-12-18 16:42:32.616] MenuRegistry: Registered 'Tomorrow' in 'Tasks' menu (hotkey=T order=15)
[2025-12-18 16:42:32.618] ServiceContainer: Registered 'TaskListScreen_Upcoming' (singleton=False)
[2025-12-18 16:42:32.618] MenuRegistry: Registered screen factory 'TaskListScreen_Upcoming' in container (viewMode=upcoming)
[2025-12-18 16:42:32.619] MenuRegistry: Registered 'Upcoming' in 'Tasks' menu (hotkey=U order=25)
[2025-12-18 16:42:32.620] ServiceContainer: Registered 'HelpViewScreen' (singleton=False)
[2025-12-18 16:42:32.621] MenuRegistry: Registered screen factory 'HelpViewScreen' in container (viewMode=)
[2025-12-18 16:42:32.621] MenuRegistry: Registered 'Help' in 'Help' menu (hotkey=H order=10)
[2025-12-18 16:42:32.622] ServiceContainer: Registered 'ExcelProfileManagerScreen' (singleton=False)
[2025-12-18 16:42:32.623] MenuRegistry: Registered screen factory 'ExcelProfileManagerScreen' in container (viewMode=)
[2025-12-18 16:42:32.624] MenuRegistry: Registered 'Excel Profiles' in 'Projects' menu (hotkey=M order=50)
[2025-12-18 16:42:32.624] ServiceContainer: Registered 'ProjectListScreen' (singleton=False)
[2025-12-18 16:42:32.625] MenuRegistry: Registered screen factory 'ProjectListScreen' in container (viewMode=)
[2025-12-18 16:42:32.626] MenuRegistry: Registered 'Project List' in 'Projects' menu (hotkey=L order=10)
[2025-12-18 16:42:32.627] ServiceContainer: Registered 'TaskListScreen_Month' (singleton=False)
[2025-12-18 16:42:32.628] MenuRegistry: Registered screen factory 'TaskListScreen_Month' in container (viewMode=month)
[2025-12-18 16:42:32.628] MenuRegistry: Registered 'Month View' in 'Tasks' menu (hotkey=M order=45)
[2025-12-18 16:42:32.630] ServiceContainer: Registered 'TaskListScreen_Week' (singleton=False)
[2025-12-18 16:42:32.630] MenuRegistry: Registered screen factory 'TaskListScreen_Week' in container (viewMode=week)
[2025-12-18 16:42:32.631] MenuRegistry: Registered 'Week View' in 'Tasks' menu (hotkey=W order=20)
[2025-12-18 16:42:32.632] ServiceContainer: Registered 'TaskListScreen_NoDate' (singleton=False)
[2025-12-18 16:42:32.633] MenuRegistry: Registered screen factory 'TaskListScreen_NoDate' in container (viewMode=noduedate)
[2025-12-18 16:42:32.634] MenuRegistry: Registered 'No Due Date' in 'Tasks' menu (hotkey=D order=40)
[2025-12-18 16:42:32.635] ServiceContainer: Registered 'TaskListScreen_Agenda' (singleton=False)
[2025-12-18 16:42:32.636] MenuRegistry: Registered screen factory 'TaskListScreen_Agenda' in container (viewMode=agenda)
[2025-12-18 16:42:32.637] MenuRegistry: Registered 'Agenda View' in 'Tasks' menu (hotkey=A order=50)
[2025-12-18 16:42:32.638] ServiceContainer: Registered 'WeeklyTimeReportScreen' (singleton=False)
[2025-12-18 16:42:32.638] MenuRegistry: Registered screen factory 'WeeklyTimeReportScreen' in container (viewMode=)
[2025-12-18 16:42:32.639] MenuRegistry: Registered 'Weekly Report' in 'Time' menu (hotkey=W order=10)
[2025-12-18 16:42:32.640] ServiceContainer: Registered 'TaskListScreen_Today' (singleton=False)
[2025-12-18 16:42:32.650] MenuRegistry: Registered screen factory 'TaskListScreen_Today' in container (viewMode=today)
[2025-12-18 16:42:32.650] MenuRegistry: Registered 'Today' in 'Tasks' menu (hotkey=Y order=10)
[2025-12-18 16:42:32.652] ServiceContainer: Registered 'ThemeEditorScreen' (singleton=False)
[2025-12-18 16:42:32.653] MenuRegistry: Registered screen factory 'ThemeEditorScreen' in container (viewMode=)
[2025-12-18 16:42:32.654] MenuRegistry: Registered 'Theme Editor' in 'Options' menu (hotkey=T order=10)
[2025-12-18 16:42:32.656] ServiceContainer: Registered 'ExcelImportScreen' (singleton=False)
[2025-12-18 16:42:32.657] MenuRegistry: Registered screen factory 'ExcelImportScreen' in container (viewMode=)
[2025-12-18 16:42:32.658] MenuRegistry: Registered 'Import from Excel' in 'Projects' menu (hotkey=I order=40)
[2025-12-18 16:42:32.660] ServiceContainer: Registered 'TimeReportScreen' (singleton=False)
[2025-12-18 16:42:32.661] MenuRegistry: Registered screen factory 'TimeReportScreen' in container (viewMode=)
[2025-12-18 16:42:32.662] MenuRegistry: Registered 'Time Report' in 'Time' menu (hotkey=R order=20)
[2025-12-18 16:42:32.663] [INFO] Menus loaded from /home/teej/ztest/module/Pmc.Strict/consoleui/screens/MenuItems.psd1
[2025-12-18 16:42:32.664] [INFO] Launching screen: TaskList
[2025-12-18 16:42:32.665] [INFO] Resolving TaskListScreen from container...
[2025-12-18 16:42:32.666] ServiceContainer: Resolving 'TaskListScreen'...
[2025-12-18 16:42:32.668] [INFO] Resolving TaskListScreen...
[2025-12-18 16:42:32.669] ServiceContainer: Resolving 'TaskStore'...
[2025-12-18 16:42:32.671] [INFO] Resolving TaskStore...
[2025-12-18 16:42:32.883] ServiceContainer: Resolved 'TaskStore' successfully
[2025-12-18 16:42:33.433] _PopulateMenusFromRegistry: Menu 'Options' has 2 items from registry (array)
[2025-12-18 16:42:33.449] _PopulateMenusFromRegistry: Menu 'Time' has 3 items from registry (array)
[2025-12-18 16:42:33.452] _PopulateMenusFromRegistry: Menu 'Projects' has 3 items from registry (array)
[2025-12-18 16:42:33.456] _PopulateMenusFromRegistry: Menu 'Tasks' has 10 items from registry (array)
[2025-12-18 16:42:33.460] _PopulateMenusFromRegistry: Menu 'Tools' has 4 items from registry (array)
[2025-12-18 16:42:33.471] _PopulateMenusFromRegistry: Menu 'Help' has 1 items from registry (array)
[2025-12-18 16:42:33.473] ServiceContainer: Resolved 'TaskListScreen' successfully
[2025-12-18 16:42:33.474] [INFO] Pushing screen to app...
[2025-12-18 16:42:33.809] [INFO] Screen pushed successfully
[2025-12-18 16:42:33.810] [INFO] Starting event loop...
[2025-12-18 16:42:51.256] [INFO] Event loop exited normally
[2025-12-18 16:42:51.258] [INFO] Cleanup - showing cursor and resetting terminal
