[2026-01-03 13:39:03.326] ServiceContainer: Registered 'Theme' (singleton=True)
[2026-01-03 13:39:03.328] ServiceContainer: Registered 'ThemeManager' (singleton=True)
[2026-01-03 13:39:03.330] ServiceContainer: Registered 'Config' (singleton=True)
[2026-01-03 13:39:03.331] ServiceContainer: Registered 'TaskStore' (singleton=True)
[2026-01-03 13:39:03.332] ServiceContainer: Registered 'MenuRegistry' (singleton=True)
[2026-01-03 13:39:03.332] ServiceContainer: Registered 'Application' (singleton=True)
[2026-01-03 13:39:03.333] ServiceContainer: Registered 'CommandService' (singleton=True)
[2026-01-03 13:39:03.334] ServiceContainer: Registered 'ChecklistService' (singleton=True)
[2026-01-03 13:39:03.335] ServiceContainer: Registered 'NoteService' (singleton=True)
[2026-01-03 13:39:03.336] ServiceContainer: Registered 'ExcelMappingService' (singleton=True)
[2026-01-03 13:39:03.337] ServiceContainer: Registered 'ExcelCopyService' (singleton=True)
[2026-01-03 13:39:03.337] ServiceContainer: Registered 'PreferencesService' (singleton=True)
[2026-01-03 13:39:03.338] ServiceContainer: Registered 'ExcelImportService' (singleton=True)
[2026-01-03 13:39:03.339] ServiceContainer: Registered 'TextExportService' (singleton=True)
[2026-01-03 13:39:03.340] ServiceContainer: Registered 'TaskListScreen' (singleton=False)
[2026-01-03 13:39:03.354] ServiceContainer: Resolving 'Application'...
[2026-01-03 13:39:03.356] ServiceContainer: Resolving 'Theme'...
[2026-01-03 13:39:03.541] ServiceContainer: Resolved 'Theme' successfully
[2026-01-03 13:39:03.621] ServiceContainer: Resolving 'ThemeManager'...
[2026-01-03 13:39:03.623] ServiceContainer: Resolved 'ThemeManager' successfully
[2026-01-03 13:39:03.634] ServiceContainer: Resolved 'Application' successfully
[2026-01-03 13:39:03.635] ServiceContainer: Resolving 'MenuRegistry'...
[2026-01-03 13:39:03.646] ServiceContainer: Resolved 'MenuRegistry' successfully
[2026-01-03 13:39:03.661] MenuRegistry: Loaded manifest with 16 entries
[2026-01-03 13:39:03.686] ServiceContainer: Registered 'ProjectListScreen' (singleton=False)
[2026-01-03 13:39:03.687] MenuRegistry: Registered 'Project List' in 'Projects' menu (hotkey=L order=10)
[2026-01-03 13:39:03.700] MenuRegistry: Registered 'Project List' in 'Projects' menu (hotkey=L order=10)
[2026-01-03 13:39:03.702] ServiceContainer: Registered 'ChecklistTemplatesFolderScreen' (singleton=False)
[2026-01-03 13:39:03.703] MenuRegistry: Registered 'Checklist Templates' in 'Tools' menu (hotkey=H order=30)
[2026-01-03 13:39:03.705] MenuRegistry: Registered 'Checklist Templates' in 'Tools' menu (hotkey=H order=30)
[2026-01-03 13:39:03.706] ServiceContainer: Registered 'TextExportProfileManagerScreen' (singleton=False)
[2026-01-03 13:39:03.708] MenuRegistry: Registered 'T2020 Export Profiles' in 'Tools' menu (hotkey=E order=45)
[2026-01-03 13:39:03.709] MenuRegistry: Registered 'T2020 Export Profiles' in 'Tools' menu (hotkey=E order=45)
[2026-01-03 13:39:03.716] ServiceContainer: Registered 'TimeListScreen' (singleton=False)
[2026-01-03 13:39:03.717] MenuRegistry: Registered 'Time Tracking' in 'Time' menu (hotkey=T order=5)
[2026-01-03 13:39:03.719] MenuRegistry: Registered 'Time Tracking' in 'Time' menu (hotkey=T order=5)
[2026-01-03 13:39:03.720] ServiceContainer: Registered 'ChecklistsLauncherScreen' (singleton=False)
[2026-01-03 13:39:03.721] MenuRegistry: Registered 'Checklists' in 'Tools' menu (hotkey=C order=25)
[2026-01-03 13:39:03.722] MenuRegistry: Registered 'Checklists' in 'Tools' menu (hotkey=C order=25)
[2026-01-03 13:39:03.723] ServiceContainer: Registered 'TimeReportScreen' (singleton=False)
[2026-01-03 13:39:03.724] MenuRegistry: Registered 'Time Report' in 'Time' menu (hotkey=R order=20)
[2026-01-03 13:39:03.725] MenuRegistry: Registered 'Time Report' in 'Time' menu (hotkey=R order=20)
[2026-01-03 13:39:03.726] ServiceContainer: Registered 'ExcelProfileManagerScreen' (singleton=False)
[2026-01-03 13:39:03.727] MenuRegistry: Registered 'Excel Profiles' in 'Projects' menu (hotkey=M order=50)
[2026-01-03 13:39:03.728] MenuRegistry: Registered 'Excel Profiles' in 'Projects' menu (hotkey=M order=50)
[2026-01-03 13:39:03.729] ServiceContainer: Registered 'TaskListScreen_Default' (singleton=False)
[2026-01-03 13:39:03.730] MenuRegistry: Registered 'Task List' in 'Tasks' menu (hotkey=L order=5)
[2026-01-03 13:39:03.731] MenuRegistry: Registered 'Task List' in 'Tasks' menu (hotkey=L order=5)
[2026-01-03 13:39:03.732] ServiceContainer: Registered 'WeeklyTimeReportScreen' (singleton=False)
[2026-01-03 13:39:03.733] MenuRegistry: Registered 'Weekly Report' in 'Time' menu (hotkey=W order=10)
[2026-01-03 13:39:03.734] MenuRegistry: Registered 'Weekly Report' in 'Time' menu (hotkey=W order=10)
[2026-01-03 13:39:03.736] ServiceContainer: Registered 'SettingsScreen' (singleton=False)
[2026-01-03 13:39:03.736] MenuRegistry: Registered 'Settings' in 'Options' menu (hotkey=S order=20)
[2026-01-03 13:39:03.738] MenuRegistry: Registered 'Settings' in 'Options' menu (hotkey=S order=20)
[2026-01-03 13:39:03.739] ServiceContainer: Registered 'ExcelImportProfileManagerScreen' (singleton=False)
[2026-01-03 13:39:03.740] MenuRegistry: Registered 'Excel Import Profiles' in 'Tools' menu (hotkey=I order=40)
[2026-01-03 13:39:03.741] MenuRegistry: Registered 'Excel Import Profiles' in 'Tools' menu (hotkey=I order=40)
[2026-01-03 13:39:03.742] ServiceContainer: Registered 'CommandLibraryScreen' (singleton=False)
[2026-01-03 13:39:03.743] MenuRegistry: Registered 'Command Library' in 'Tools' menu (hotkey=L order=10)
[2026-01-03 13:39:03.744] MenuRegistry: Registered 'Command Library' in 'Tools' menu (hotkey=L order=10)
[2026-01-03 13:39:03.745] ServiceContainer: Registered 'ThemeEditorScreen' (singleton=False)
[2026-01-03 13:39:03.746] MenuRegistry: Registered 'Theme Editor' in 'Options' menu (hotkey=T order=10)
[2026-01-03 13:39:03.748] MenuRegistry: Registered 'Theme Editor' in 'Options' menu (hotkey=T order=10)
[2026-01-03 13:39:03.749] ServiceContainer: Registered 'ExcelImportScreen' (singleton=False)
[2026-01-03 13:39:03.750] MenuRegistry: Registered 'Import from Excel' in 'Projects' menu (hotkey=I order=40)
[2026-01-03 13:39:03.752] MenuRegistry: Registered 'Import from Excel' in 'Projects' menu (hotkey=I order=40)
[2026-01-03 13:39:03.753] ServiceContainer: Registered 'NotesMenuScreen' (singleton=False)
[2026-01-03 13:39:03.754] MenuRegistry: Registered 'Notes' in 'Tools' menu (hotkey=N order=20)
[2026-01-03 13:39:03.755] MenuRegistry: Registered 'Notes' in 'Tools' menu (hotkey=N order=20)
[2026-01-03 13:39:03.756] ServiceContainer: Registered 'HelpViewScreen' (singleton=False)
[2026-01-03 13:39:03.757] MenuRegistry: Registered 'Help' in 'Help' menu (hotkey=H order=10)
[2026-01-03 13:39:03.758] MenuRegistry: Registered 'Help' in 'Help' menu (hotkey=H order=10)
[2026-01-03 13:39:03.759] ServiceContainer: Resolving 'TaskListScreen'...
[2026-01-03 13:39:03.761] ServiceContainer: Resolving 'TaskStore'...
[2026-01-03 13:39:03.875] ServiceContainer: Resolved 'TaskStore' successfully
[2026-01-03 13:39:04.705] _PopulateMenusFromRegistry: Menu 'Tasks' has 1 items from registry (array)
[2026-01-03 13:39:04.721] _PopulateMenusFromRegistry: Menu 'Projects' has 3 items from registry (array)
[2026-01-03 13:39:04.723] _PopulateMenusFromRegistry: Menu 'Help' has 1 items from registry (array)
[2026-01-03 13:39:04.726] _PopulateMenusFromRegistry: Menu 'Tools' has 6 items from registry (array)
[2026-01-03 13:39:04.729] _PopulateMenusFromRegistry: Menu 'Options' has 2 items from registry (array)
[2026-01-03 13:39:04.731] _PopulateMenusFromRegistry: Menu 'Time' has 3 items from registry (array)
[2026-01-03 13:39:04.733] ServiceContainer: Resolved 'TaskListScreen' successfully
