[2025-12-20 13:54:00.864] ServiceContainer: Registered 'Theme' (singleton=True)
[2025-12-20 13:54:00.877] ServiceContainer: Registered 'ThemeManager' (singleton=True)
[2025-12-20 13:54:00.879] ServiceContainer: Registered 'Config' (singleton=True)
[2025-12-20 13:54:00.881] ServiceContainer: Registered 'TaskStore' (singleton=True)
[2025-12-20 13:54:00.883] ServiceContainer: Registered 'MenuRegistry' (singleton=True)
[2025-12-20 13:54:00.885] ServiceContainer: Registered 'Application' (singleton=True)
[2025-12-20 13:54:00.887] ServiceContainer: Registered 'CommandService' (singleton=True)
[2025-12-20 13:54:00.888] ServiceContainer: Registered 'ChecklistService' (singleton=True)
[2025-12-20 13:54:00.890] ServiceContainer: Registered 'NoteService' (singleton=True)
[2025-12-20 13:54:00.892] ServiceContainer: Registered 'ExcelMappingService' (singleton=True)
[2025-12-20 13:54:00.894] ServiceContainer: Registered 'PreferencesService' (singleton=True)
[2025-12-20 13:54:00.896] ServiceContainer: Registered 'TaskListScreen' (singleton=False)
[2025-12-20 13:54:00.931] ServiceContainer: Resolving 'Application'...
[2025-12-20 13:54:00.936] ServiceContainer: Resolving 'Theme'...
[2025-12-20 13:54:01.244] ServiceContainer: Resolved 'Theme' successfully
[2025-12-20 13:54:01.344] ServiceContainer: Resolving 'ThemeManager'...
[2025-12-20 13:54:01.347] ServiceContainer: Resolved 'ThemeManager' successfully
[2025-12-20 13:54:01.365] ServiceContainer: Resolved 'Application' successfully
[2025-12-20 13:54:01.367] ServiceContainer: Resolving 'MenuRegistry'...
[2025-12-20 13:54:01.385] ServiceContainer: Resolved 'MenuRegistry' successfully
[2025-12-20 13:54:01.413] MenuRegistry: Loaded manifest with 23 entries
[2025-12-20 13:54:01.452] ServiceContainer: Registered 'TaskListScreen_Overdue' (singleton=False)
[2025-12-20 13:54:01.453] MenuRegistry: Registered screen factory 'TaskListScreen_Overdue' in container (viewMode=overdue)
[2025-12-20 13:54:01.490] MenuRegistry: Registered 'Overdue' in 'Tasks' menu (hotkey=O order=30)
[2025-12-20 13:54:01.494] ServiceContainer: Registered 'TimeListScreen' (singleton=False)
[2025-12-20 13:54:01.495] MenuRegistry: Registered screen factory 'TimeListScreen' in container (viewMode=)
[2025-12-20 13:54:01.499] MenuRegistry: Registered 'Time Tracking' in 'Time' menu (hotkey=T order=5)
[2025-12-20 13:54:01.501] ServiceContainer: Registered 'ExcelImportScreen' (singleton=False)
[2025-12-20 13:54:01.503] MenuRegistry: Registered screen factory 'ExcelImportScreen' in container (viewMode=)
[2025-12-20 13:54:01.504] MenuRegistry: Registered 'Import from Excel' in 'Projects' menu (hotkey=I order=40)
[2025-12-20 13:54:01.507] ServiceContainer: Registered 'TaskListScreen_Week' (singleton=False)
[2025-12-20 13:54:01.509] MenuRegistry: Registered screen factory 'TaskListScreen_Week' in container (viewMode=week)
[2025-12-20 13:54:01.512] MenuRegistry: Registered 'Week View' in 'Tasks' menu (hotkey=W order=20)
[2025-12-20 13:54:01.514] ServiceContainer: Registered 'ChecklistTemplatesFolderScreen' (singleton=False)
[2025-12-20 13:54:01.515] MenuRegistry: Registered screen factory 'ChecklistTemplatesFolderScreen' in container (viewMode=)
[2025-12-20 13:54:01.516] MenuRegistry: Registered 'Checklist Templates' in 'Tools' menu (hotkey=H order=30)
[2025-12-20 13:54:01.518] ServiceContainer: Registered 'TaskListScreen_NextActions' (singleton=False)
[2025-12-20 13:54:01.519] MenuRegistry: Registered screen factory 'TaskListScreen_NextActions' in container (viewMode=nextactions)
[2025-12-20 13:54:01.520] MenuRegistry: Registered 'Next Actions' in 'Tasks' menu (hotkey=N order=35)
[2025-12-20 13:54:01.522] ServiceContainer: Registered 'TaskListScreen_Default' (singleton=False)
[2025-12-20 13:54:01.523] MenuRegistry: Registered screen factory 'TaskListScreen_Default' in container (viewMode=)
[2025-12-20 13:54:01.524] MenuRegistry: Registered 'Task List' in 'Tasks' menu (hotkey=L order=5)
[2025-12-20 13:54:01.526] ServiceContainer: Registered 'WeeklyTimeReportScreen' (singleton=False)
[2025-12-20 13:54:01.527] MenuRegistry: Registered screen factory 'WeeklyTimeReportScreen' in container (viewMode=)
[2025-12-20 13:54:01.528] MenuRegistry: Registered 'Weekly Report' in 'Time' menu (hotkey=W order=10)
[2025-12-20 13:54:01.530] ServiceContainer: Registered 'ChecklistsLauncherScreen' (singleton=False)
[2025-12-20 13:54:01.531] MenuRegistry: Registered screen factory 'ChecklistsLauncherScreen' in container (viewMode=)
[2025-12-20 13:54:01.533] MenuRegistry: Registered 'Checklists' in 'Tools' menu (hotkey=C order=25)
[2025-12-20 13:54:01.535] ServiceContainer: Registered 'TaskListScreen_NoDate' (singleton=False)
[2025-12-20 13:54:01.536] MenuRegistry: Registered screen factory 'TaskListScreen_NoDate' in container (viewMode=noduedate)
[2025-12-20 13:54:01.537] MenuRegistry: Registered 'No Due Date' in 'Tasks' menu (hotkey=D order=40)
[2025-12-20 13:54:01.539] ServiceContainer: Registered 'TaskListScreen_Agenda' (singleton=False)
[2025-12-20 13:54:01.541] MenuRegistry: Registered screen factory 'TaskListScreen_Agenda' in container (viewMode=agenda)
[2025-12-20 13:54:01.542] MenuRegistry: Registered 'Agenda View' in 'Tasks' menu (hotkey=A order=50)
[2025-12-20 13:54:01.544] ServiceContainer: Registered 'ExcelProfileManagerScreen' (singleton=False)
[2025-12-20 13:54:01.545] MenuRegistry: Registered screen factory 'ExcelProfileManagerScreen' in container (viewMode=)
[2025-12-20 13:54:01.546] MenuRegistry: Registered 'Excel Profiles' in 'Projects' menu (hotkey=M order=50)
[2025-12-20 13:54:01.548] ServiceContainer: Registered 'HelpViewScreen' (singleton=False)
[2025-12-20 13:54:01.549] MenuRegistry: Registered screen factory 'HelpViewScreen' in container (viewMode=)
[2025-12-20 13:54:01.550] MenuRegistry: Registered 'Help' in 'Help' menu (hotkey=H order=10)
[2025-12-20 13:54:01.552] ServiceContainer: Registered 'CommandLibraryScreen' (singleton=False)
[2025-12-20 13:54:01.553] MenuRegistry: Registered screen factory 'CommandLibraryScreen' in container (viewMode=)
[2025-12-20 13:54:01.555] MenuRegistry: Registered 'Command Library' in 'Tools' menu (hotkey=L order=10)
[2025-12-20 13:54:01.556] ServiceContainer: Registered 'TaskListScreen_Today' (singleton=False)
[2025-12-20 13:54:01.558] MenuRegistry: Registered screen factory 'TaskListScreen_Today' in container (viewMode=today)
[2025-12-20 13:54:01.588] MenuRegistry: Registered 'Today' in 'Tasks' menu (hotkey=Y order=10)
[2025-12-20 13:54:01.591] ServiceContainer: Registered 'NotesMenuScreen' (singleton=False)
[2025-12-20 13:54:01.592] MenuRegistry: Registered screen factory 'NotesMenuScreen' in container (viewMode=)
[2025-12-20 13:54:01.594] MenuRegistry: Registered 'Notes' in 'Tools' menu (hotkey=N order=20)
[2025-12-20 13:54:01.596] ServiceContainer: Registered 'TaskListScreen_Upcoming' (singleton=False)
[2025-12-20 13:54:01.597] MenuRegistry: Registered screen factory 'TaskListScreen_Upcoming' in container (viewMode=upcoming)
[2025-12-20 13:54:01.599] MenuRegistry: Registered 'Upcoming' in 'Tasks' menu (hotkey=U order=25)
[2025-12-20 13:54:01.601] ServiceContainer: Registered 'ThemeEditorScreen' (singleton=False)
[2025-12-20 13:54:01.602] MenuRegistry: Registered screen factory 'ThemeEditorScreen' in container (viewMode=)
[2025-12-20 13:54:01.604] MenuRegistry: Registered 'Theme Editor' in 'Options' menu (hotkey=T order=10)
[2025-12-20 13:54:01.608] ServiceContainer: Registered 'TaskListScreen_Month' (singleton=False)
[2025-12-20 13:54:01.610] MenuRegistry: Registered screen factory 'TaskListScreen_Month' in container (viewMode=month)
[2025-12-20 13:54:01.612] MenuRegistry: Registered 'Month View' in 'Tasks' menu (hotkey=M order=45)
[2025-12-20 13:54:01.615] ServiceContainer: Registered 'TimeReportScreen' (singleton=False)
[2025-12-20 13:54:01.616] MenuRegistry: Registered screen factory 'TimeReportScreen' in container (viewMode=)
[2025-12-20 13:54:01.618] MenuRegistry: Registered 'Time Report' in 'Time' menu (hotkey=R order=20)
[2025-12-20 13:54:01.621] ServiceContainer: Registered 'SettingsScreen' (singleton=False)
[2025-12-20 13:54:01.623] MenuRegistry: Registered screen factory 'SettingsScreen' in container (viewMode=)
[2025-12-20 13:54:01.625] MenuRegistry: Registered 'Settings' in 'Options' menu (hotkey=S order=20)
[2025-12-20 13:54:01.628] ServiceContainer: Registered 'TaskListScreen_Tomorrow' (singleton=False)
[2025-12-20 13:54:01.630] MenuRegistry: Registered screen factory 'TaskListScreen_Tomorrow' in container (viewMode=tomorrow)
[2025-12-20 13:54:01.632] MenuRegistry: Registered 'Tomorrow' in 'Tasks' menu (hotkey=T order=15)
[2025-12-20 13:54:01.635] ServiceContainer: Registered 'ProjectListScreen' (singleton=False)
[2025-12-20 13:54:01.636] MenuRegistry: Registered screen factory 'ProjectListScreen' in container (viewMode=)
[2025-12-20 13:54:01.639] MenuRegistry: Registered 'Project List' in 'Projects' menu (hotkey=L order=10)
[2025-12-20 13:54:01.642] ServiceContainer: Resolving 'TaskListScreen'...
[2025-12-20 13:54:01.645] ServiceContainer: Resolving 'TaskStore'...
[2025-12-20 13:54:01.980] ServiceContainer: Resolved 'TaskStore' successfully
[2025-12-20 13:54:03.239] _PopulateMenusFromRegistry: Menu 'Time' has 3 items from registry (array)
[2025-12-20 13:54:03.268] _PopulateMenusFromRegistry: Menu 'Options' has 2 items from registry (array)
[2025-12-20 13:54:03.290] _PopulateMenusFromRegistry: Menu 'Tasks' has 10 items from registry (array)
[2025-12-20 13:54:03.295] _PopulateMenusFromRegistry: Menu 'Projects' has 3 items from registry (array)
[2025-12-20 13:54:03.300] _PopulateMenusFromRegistry: Menu 'Help' has 1 items from registry (array)
[2025-12-20 13:54:03.305] _PopulateMenusFromRegistry: Menu 'Tools' has 4 items from registry (array)
[2025-12-20 13:54:03.309] ServiceContainer: Resolved 'TaskListScreen' successfully
