[2026-01-02 13:41:28.927] ServiceContainer: Registered 'Theme' (singleton=True)
[2026-01-02 13:41:28.930] ServiceContainer: Registered 'ThemeManager' (singleton=True)
[2026-01-02 13:41:28.931] ServiceContainer: Registered 'Config' (singleton=True)
[2026-01-02 13:41:28.932] ServiceContainer: Registered 'TaskStore' (singleton=True)
[2026-01-02 13:41:28.933] ServiceContainer: Registered 'MenuRegistry' (singleton=True)
[2026-01-02 13:41:28.933] ServiceContainer: Registered 'Application' (singleton=True)
[2026-01-02 13:41:28.935] ServiceContainer: Registered 'CommandService' (singleton=True)
[2026-01-02 13:41:28.936] ServiceContainer: Registered 'ChecklistService' (singleton=True)
[2026-01-02 13:41:28.937] ServiceContainer: Registered 'NoteService' (singleton=True)
[2026-01-02 13:41:28.938] ServiceContainer: Registered 'ExcelMappingService' (singleton=True)
[2026-01-02 13:41:28.939] ServiceContainer: Registered 'ExcelCopyService' (singleton=True)
[2026-01-02 13:41:28.940] ServiceContainer: Registered 'PreferencesService' (singleton=True)
[2026-01-02 13:41:28.941] ServiceContainer: Registered 'ExcelImportService' (singleton=True)
[2026-01-02 13:41:28.942] ServiceContainer: Registered 'TextExportService' (singleton=True)
[2026-01-02 13:41:28.943] ServiceContainer: Registered 'TaskListScreen' (singleton=False)
[2026-01-02 13:41:28.957] ServiceContainer: Resolving 'Application'...
[2026-01-02 13:41:28.958] ServiceContainer: Resolving 'Theme'...
[2026-01-02 13:41:29.131] ServiceContainer: Resolved 'Theme' successfully
[2026-01-02 13:41:29.207] ServiceContainer: Resolving 'ThemeManager'...
[2026-01-02 13:41:29.209] ServiceContainer: Resolved 'ThemeManager' successfully
[2026-01-02 13:41:29.220] ServiceContainer: Resolved 'Application' successfully
[2026-01-02 13:41:29.221] ServiceContainer: Resolving 'MenuRegistry'...
[2026-01-02 13:41:29.232] ServiceContainer: Resolved 'MenuRegistry' successfully
[2026-01-02 13:41:29.248] MenuRegistry: Loaded manifest with 16 entries
[2026-01-02 13:41:29.271] ServiceContainer: Registered 'ChecklistTemplatesFolderScreen' (singleton=False)
[2026-01-02 13:41:29.272] MenuRegistry: Registered 'Checklist Templates' in 'Tools' menu (hotkey=H order=30)
[2026-01-02 13:41:29.285] MenuRegistry: Registered 'Checklist Templates' in 'Tools' menu (hotkey=H order=30)
[2026-01-02 13:41:29.287] ServiceContainer: Registered 'ExcelImportProfileManagerScreen' (singleton=False)
[2026-01-02 13:41:29.288] MenuRegistry: Registered 'Excel Import Profiles' in 'Tools' menu (hotkey=I order=40)
[2026-01-02 13:41:29.289] MenuRegistry: Registered 'Excel Import Profiles' in 'Tools' menu (hotkey=I order=40)
[2026-01-02 13:41:29.291] ServiceContainer: Registered 'ExcelProfileManagerScreen' (singleton=False)
[2026-01-02 13:41:29.292] MenuRegistry: Registered 'Excel Profiles' in 'Projects' menu (hotkey=M order=50)
[2026-01-02 13:41:29.293] MenuRegistry: Registered 'Excel Profiles' in 'Projects' menu (hotkey=M order=50)
[2026-01-02 13:41:29.295] ServiceContainer: Registered 'TaskListScreen_Default' (singleton=False)
[2026-01-02 13:41:29.295] MenuRegistry: Registered 'Task List' in 'Tasks' menu (hotkey=L order=5)
[2026-01-02 13:41:29.297] MenuRegistry: Registered 'Task List' in 'Tasks' menu (hotkey=L order=5)
[2026-01-02 13:41:29.304] ServiceContainer: Registered 'CommandLibraryScreen' (singleton=False)
[2026-01-02 13:41:29.305] MenuRegistry: Registered 'Command Library' in 'Tools' menu (hotkey=L order=10)
[2026-01-02 13:41:29.306] MenuRegistry: Registered 'Command Library' in 'Tools' menu (hotkey=L order=10)
[2026-01-02 13:41:29.308] ServiceContainer: Registered 'ExcelImportScreen' (singleton=False)
[2026-01-02 13:41:29.308] MenuRegistry: Registered 'Import from Excel' in 'Projects' menu (hotkey=I order=40)
[2026-01-02 13:41:29.310] MenuRegistry: Registered 'Import from Excel' in 'Projects' menu (hotkey=I order=40)
[2026-01-02 13:41:29.311] ServiceContainer: Registered 'NotesMenuScreen' (singleton=False)
[2026-01-02 13:41:29.312] MenuRegistry: Registered 'Notes' in 'Tools' menu (hotkey=N order=20)
[2026-01-02 13:41:29.313] MenuRegistry: Registered 'Notes' in 'Tools' menu (hotkey=N order=20)
[2026-01-02 13:41:29.314] ServiceContainer: Registered 'SettingsScreen' (singleton=False)
[2026-01-02 13:41:29.315] MenuRegistry: Registered 'Settings' in 'Options' menu (hotkey=S order=20)
[2026-01-02 13:41:29.316] MenuRegistry: Registered 'Settings' in 'Options' menu (hotkey=S order=20)
[2026-01-02 13:41:29.317] ServiceContainer: Registered 'ThemeEditorScreen' (singleton=False)
[2026-01-02 13:41:29.318] MenuRegistry: Registered 'Theme Editor' in 'Options' menu (hotkey=T order=10)
[2026-01-02 13:41:29.319] MenuRegistry: Registered 'Theme Editor' in 'Options' menu (hotkey=T order=10)
[2026-01-02 13:41:29.320] ServiceContainer: Registered 'TimeListScreen' (singleton=False)
[2026-01-02 13:41:29.321] MenuRegistry: Registered 'Time Tracking' in 'Time' menu (hotkey=T order=5)
[2026-01-02 13:41:29.322] MenuRegistry: Registered 'Time Tracking' in 'Time' menu (hotkey=T order=5)
[2026-01-02 13:41:29.324] ServiceContainer: Registered 'ChecklistsLauncherScreen' (singleton=False)
[2026-01-02 13:41:29.325] MenuRegistry: Registered 'Checklists' in 'Tools' menu (hotkey=C order=25)
[2026-01-02 13:41:29.326] MenuRegistry: Registered 'Checklists' in 'Tools' menu (hotkey=C order=25)
[2026-01-02 13:41:29.327] ServiceContainer: Registered 'TextExportProfileManagerScreen' (singleton=False)
[2026-01-02 13:41:29.328] MenuRegistry: Registered 'T2020 Export Profiles' in 'Tools' menu (hotkey=E order=45)
[2026-01-02 13:41:29.330] MenuRegistry: Registered 'T2020 Export Profiles' in 'Tools' menu (hotkey=E order=45)
[2026-01-02 13:41:29.331] ServiceContainer: Registered 'TimeReportScreen' (singleton=False)
[2026-01-02 13:41:29.332] MenuRegistry: Registered 'Time Report' in 'Time' menu (hotkey=R order=20)
[2026-01-02 13:41:29.333] MenuRegistry: Registered 'Time Report' in 'Time' menu (hotkey=R order=20)
[2026-01-02 13:41:29.334] ServiceContainer: Registered 'ProjectListScreen' (singleton=False)
[2026-01-02 13:41:29.335] MenuRegistry: Registered 'Project List' in 'Projects' menu (hotkey=L order=10)
[2026-01-02 13:41:29.336] MenuRegistry: Registered 'Project List' in 'Projects' menu (hotkey=L order=10)
[2026-01-02 13:41:29.337] ServiceContainer: Registered 'WeeklyTimeReportScreen' (singleton=False)
[2026-01-02 13:41:29.338] MenuRegistry: Registered 'Weekly Report' in 'Time' menu (hotkey=W order=10)
[2026-01-02 13:41:29.339] MenuRegistry: Registered 'Weekly Report' in 'Time' menu (hotkey=W order=10)
[2026-01-02 13:41:29.341] ServiceContainer: Registered 'HelpViewScreen' (singleton=False)
[2026-01-02 13:41:29.341] MenuRegistry: Registered 'Help' in 'Help' menu (hotkey=H order=10)
[2026-01-02 13:41:29.343] MenuRegistry: Registered 'Help' in 'Help' menu (hotkey=H order=10)
[2026-01-02 13:41:29.344] ServiceContainer: Resolving 'TaskListScreen'...
[2026-01-02 13:41:29.346] ServiceContainer: Resolving 'TaskStore'...
[2026-01-02 13:41:29.450] ServiceContainer: Resolved 'TaskStore' successfully
[2026-01-02 13:41:30.162] _PopulateMenusFromRegistry: Menu 'Help' has 1 items from registry (array)
[2026-01-02 13:41:30.179] _PopulateMenusFromRegistry: Menu 'Projects' has 3 items from registry (array)
[2026-01-02 13:41:30.182] _PopulateMenusFromRegistry: Menu 'Tasks' has 1 items from registry (array)
[2026-01-02 13:41:30.185] _PopulateMenusFromRegistry: Menu 'Time' has 3 items from registry (array)
[2026-01-02 13:41:30.188] _PopulateMenusFromRegistry: Menu 'Tools' has 6 items from registry (array)
[2026-01-02 13:41:30.191] _PopulateMenusFromRegistry: Menu 'Options' has 2 items from registry (array)
[2026-01-02 13:41:30.193] ServiceContainer: Resolved 'TaskListScreen' successfully
[2026-01-02 13:41:36.374] ServiceContainer: Resolving 'CommandLibraryScreen'...
[2026-01-02 13:41:36.471] ServiceContainer: Resolved 'CommandLibraryScreen' successfully
[2026-01-02 13:42:07.829] ServiceContainer: Resolving 'CommandLibraryScreen'...
[2026-01-02 13:42:07.848] ServiceContainer: Resolved 'CommandLibraryScreen' successfully
