[2026-01-02 14:28:17.889] ServiceContainer: Registered 'Theme' (singleton=True)
[2026-01-02 14:28:17.892] ServiceContainer: Registered 'ThemeManager' (singleton=True)
[2026-01-02 14:28:17.893] ServiceContainer: Registered 'Config' (singleton=True)
[2026-01-02 14:28:17.894] ServiceContainer: Registered 'TaskStore' (singleton=True)
[2026-01-02 14:28:17.895] ServiceContainer: Registered 'MenuRegistry' (singleton=True)
[2026-01-02 14:28:17.896] ServiceContainer: Registered 'Application' (singleton=True)
[2026-01-02 14:28:17.897] ServiceContainer: Registered 'CommandService' (singleton=True)
[2026-01-02 14:28:17.897] ServiceContainer: Registered 'ChecklistService' (singleton=True)
[2026-01-02 14:28:17.898] ServiceContainer: Registered 'NoteService' (singleton=True)
[2026-01-02 14:28:17.899] ServiceContainer: Registered 'ExcelMappingService' (singleton=True)
[2026-01-02 14:28:17.900] ServiceContainer: Registered 'ExcelCopyService' (singleton=True)
[2026-01-02 14:28:17.901] ServiceContainer: Registered 'PreferencesService' (singleton=True)
[2026-01-02 14:28:17.902] ServiceContainer: Registered 'ExcelImportService' (singleton=True)
[2026-01-02 14:28:17.909] ServiceContainer: Registered 'TextExportService' (singleton=True)
[2026-01-02 14:28:17.910] ServiceContainer: Registered 'TaskListScreen' (singleton=False)
[2026-01-02 14:28:17.924] ServiceContainer: Resolving 'Application'...
[2026-01-02 14:28:17.926] ServiceContainer: Resolving 'Theme'...
[2026-01-02 14:28:18.106] ServiceContainer: Resolved 'Theme' successfully
[2026-01-02 14:28:18.180] ServiceContainer: Resolving 'ThemeManager'...
[2026-01-02 14:28:18.181] ServiceContainer: Resolved 'ThemeManager' successfully
[2026-01-02 14:28:18.194] ServiceContainer: Resolved 'Application' successfully
[2026-01-02 14:28:18.195] ServiceContainer: Resolving 'MenuRegistry'...
[2026-01-02 14:28:18.206] ServiceContainer: Resolved 'MenuRegistry' successfully
[2026-01-02 14:28:18.230] MenuRegistry: Loaded manifest with 16 entries
[2026-01-02 14:28:18.253] ServiceContainer: Registered 'TaskListScreen_Default' (singleton=False)
[2026-01-02 14:28:18.254] MenuRegistry: Registered 'Task List' in 'Tasks' menu (hotkey=L order=5)
[2026-01-02 14:28:18.272] MenuRegistry: Registered 'Task List' in 'Tasks' menu (hotkey=L order=5)
[2026-01-02 14:28:18.274] ServiceContainer: Registered 'HelpViewScreen' (singleton=False)
[2026-01-02 14:28:18.274] MenuRegistry: Registered 'Help' in 'Help' menu (hotkey=H order=10)
[2026-01-02 14:28:18.276] MenuRegistry: Registered 'Help' in 'Help' menu (hotkey=H order=10)
[2026-01-02 14:28:18.278] ServiceContainer: Registered 'ThemeEditorScreen' (singleton=False)
[2026-01-02 14:28:18.278] MenuRegistry: Registered 'Theme Editor' in 'Options' menu (hotkey=T order=10)
[2026-01-02 14:28:18.280] MenuRegistry: Registered 'Theme Editor' in 'Options' menu (hotkey=T order=10)
[2026-01-02 14:28:18.281] ServiceContainer: Registered 'CommandLibraryScreen' (singleton=False)
[2026-01-02 14:28:18.282] MenuRegistry: Registered 'Command Library' in 'Tools' menu (hotkey=L order=10)
[2026-01-02 14:28:18.283] MenuRegistry: Registered 'Command Library' in 'Tools' menu (hotkey=L order=10)
[2026-01-02 14:28:18.284] ServiceContainer: Registered 'ProjectListScreen' (singleton=False)
[2026-01-02 14:28:18.285] MenuRegistry: Registered 'Project List' in 'Projects' menu (hotkey=L order=10)
[2026-01-02 14:28:18.286] MenuRegistry: Registered 'Project List' in 'Projects' menu (hotkey=L order=10)
[2026-01-02 14:28:18.288] ServiceContainer: Registered 'ExcelImportScreen' (singleton=False)
[2026-01-02 14:28:18.289] MenuRegistry: Registered 'Import from Excel' in 'Projects' menu (hotkey=I order=40)
[2026-01-02 14:28:18.290] MenuRegistry: Registered 'Import from Excel' in 'Projects' menu (hotkey=I order=40)
[2026-01-02 14:28:18.291] ServiceContainer: Registered 'ChecklistTemplatesFolderScreen' (singleton=False)
[2026-01-02 14:28:18.292] MenuRegistry: Registered 'Checklist Templates' in 'Tools' menu (hotkey=H order=30)
[2026-01-02 14:28:18.293] MenuRegistry: Registered 'Checklist Templates' in 'Tools' menu (hotkey=H order=30)
[2026-01-02 14:28:18.295] ServiceContainer: Registered 'NotesMenuScreen' (singleton=False)
[2026-01-02 14:28:18.296] MenuRegistry: Registered 'Notes' in 'Tools' menu (hotkey=N order=20)
[2026-01-02 14:28:18.297] MenuRegistry: Registered 'Notes' in 'Tools' menu (hotkey=N order=20)
[2026-01-02 14:28:18.298] ServiceContainer: Registered 'ExcelImportProfileManagerScreen' (singleton=False)
[2026-01-02 14:28:18.299] MenuRegistry: Registered 'Excel Import Profiles' in 'Tools' menu (hotkey=I order=40)
[2026-01-02 14:28:18.300] MenuRegistry: Registered 'Excel Import Profiles' in 'Tools' menu (hotkey=I order=40)
[2026-01-02 14:28:18.302] ServiceContainer: Registered 'TextExportProfileManagerScreen' (singleton=False)
[2026-01-02 14:28:18.303] MenuRegistry: Registered 'T2020 Export Profiles' in 'Tools' menu (hotkey=E order=45)
[2026-01-02 14:28:18.304] MenuRegistry: Registered 'T2020 Export Profiles' in 'Tools' menu (hotkey=E order=45)
[2026-01-02 14:28:18.305] ServiceContainer: Registered 'ChecklistsLauncherScreen' (singleton=False)
[2026-01-02 14:28:18.306] MenuRegistry: Registered 'Checklists' in 'Tools' menu (hotkey=C order=25)
[2026-01-02 14:28:18.307] MenuRegistry: Registered 'Checklists' in 'Tools' menu (hotkey=C order=25)
[2026-01-02 14:28:18.313] ServiceContainer: Registered 'WeeklyTimeReportScreen' (singleton=False)
[2026-01-02 14:28:18.314] MenuRegistry: Registered 'Weekly Report' in 'Time' menu (hotkey=W order=10)
[2026-01-02 14:28:18.315] MenuRegistry: Registered 'Weekly Report' in 'Time' menu (hotkey=W order=10)
[2026-01-02 14:28:18.316] ServiceContainer: Registered 'TimeReportScreen' (singleton=False)
[2026-01-02 14:28:18.317] MenuRegistry: Registered 'Time Report' in 'Time' menu (hotkey=R order=20)
[2026-01-02 14:28:18.318] MenuRegistry: Registered 'Time Report' in 'Time' menu (hotkey=R order=20)
[2026-01-02 14:28:18.320] ServiceContainer: Registered 'ExcelProfileManagerScreen' (singleton=False)
[2026-01-02 14:28:18.321] MenuRegistry: Registered 'Excel Profiles' in 'Projects' menu (hotkey=M order=50)
[2026-01-02 14:28:18.322] MenuRegistry: Registered 'Excel Profiles' in 'Projects' menu (hotkey=M order=50)
[2026-01-02 14:28:18.323] ServiceContainer: Registered 'SettingsScreen' (singleton=False)
[2026-01-02 14:28:18.324] MenuRegistry: Registered 'Settings' in 'Options' menu (hotkey=S order=20)
[2026-01-02 14:28:18.325] MenuRegistry: Registered 'Settings' in 'Options' menu (hotkey=S order=20)
[2026-01-02 14:28:18.327] ServiceContainer: Registered 'TimeListScreen' (singleton=False)
[2026-01-02 14:28:18.327] MenuRegistry: Registered 'Time Tracking' in 'Time' menu (hotkey=T order=5)
[2026-01-02 14:28:18.329] MenuRegistry: Registered 'Time Tracking' in 'Time' menu (hotkey=T order=5)
[2026-01-02 14:28:18.330] ServiceContainer: Resolving 'TaskListScreen'...
[2026-01-02 14:28:18.332] ServiceContainer: Resolving 'TaskStore'...
[2026-01-02 14:28:18.415] ServiceContainer: Resolved 'TaskStore' successfully
[2026-01-02 14:28:19.273] _PopulateMenusFromRegistry: Menu 'Tools' has 6 items from registry (array)
[2026-01-02 14:28:19.292] _PopulateMenusFromRegistry: Menu 'Tasks' has 1 items from registry (array)
[2026-01-02 14:28:19.295] _PopulateMenusFromRegistry: Menu 'Time' has 3 items from registry (array)
[2026-01-02 14:28:19.297] _PopulateMenusFromRegistry: Menu 'Projects' has 3 items from registry (array)
[2026-01-02 14:28:19.300] _PopulateMenusFromRegistry: Menu 'Help' has 1 items from registry (array)
[2026-01-02 14:28:19.302] _PopulateMenusFromRegistry: Menu 'Options' has 2 items from registry (array)
[2026-01-02 14:28:19.304] ServiceContainer: Resolved 'TaskListScreen' successfully
