[2025-12-19 20:56:30.027] ServiceContainer: Registered 'Theme' (singleton=True)
[2025-12-19 20:56:30.039] ServiceContainer: Registered 'ThemeManager' (singleton=True)
[2025-12-19 20:56:30.040] ServiceContainer: Registered 'Config' (singleton=True)
[2025-12-19 20:56:30.041] ServiceContainer: Registered 'TaskStore' (singleton=True)
[2025-12-19 20:56:30.042] ServiceContainer: Registered 'MenuRegistry' (singleton=True)
[2025-12-19 20:56:30.043] ServiceContainer: Registered 'Application' (singleton=True)
[2025-12-19 20:56:30.044] ServiceContainer: Registered 'CommandService' (singleton=True)
[2025-12-19 20:56:30.045] ServiceContainer: Registered 'ChecklistService' (singleton=True)
[2025-12-19 20:56:30.046] ServiceContainer: Registered 'NoteService' (singleton=True)
[2025-12-19 20:56:30.047] ServiceContainer: Registered 'ExcelMappingService' (singleton=True)
[2025-12-19 20:56:30.057] ServiceContainer: Registered 'PreferencesService' (singleton=True)
[2025-12-19 20:56:30.058] ServiceContainer: Registered 'TaskListScreen' (singleton=False)
[2025-12-19 20:56:30.077] ServiceContainer: Resolving 'Application'...
[2025-12-19 20:56:30.080] ServiceContainer: Resolving 'Theme'...
[2025-12-19 20:56:30.423] ServiceContainer: Resolved 'Theme' successfully
[2025-12-19 20:56:30.547] ServiceContainer: Resolving 'ThemeManager'...
[2025-12-19 20:56:30.549] ServiceContainer: Resolved 'ThemeManager' successfully
[2025-12-19 20:56:30.570] ServiceContainer: Resolved 'Application' successfully
[2025-12-19 20:56:30.572] ServiceContainer: Resolving 'MenuRegistry'...
[2025-12-19 20:56:30.591] ServiceContainer: Resolved 'MenuRegistry' successfully
[2025-12-19 20:56:30.615] MenuRegistry: Loaded manifest with 23 entries
[2025-12-19 20:56:30.648] ServiceContainer: Registered 'NotesMenuScreen' (singleton=False)
[2025-12-19 20:56:30.649] MenuRegistry: Registered screen factory 'NotesMenuScreen' in container (viewMode=)
[2025-12-19 20:56:30.671] MenuRegistry: Registered 'Notes' in 'Tools' menu (hotkey=N order=20)
[2025-12-19 20:56:30.675] ServiceContainer: Registered 'TaskListScreen_NoDate' (singleton=False)
[2025-12-19 20:56:30.676] MenuRegistry: Registered screen factory 'TaskListScreen_NoDate' in container (viewMode=noduedate)
[2025-12-19 20:56:30.678] MenuRegistry: Registered 'No Due Date' in 'Tasks' menu (hotkey=D order=40)
[2025-12-19 20:56:30.680] ServiceContainer: Registered 'SettingsScreen' (singleton=False)
[2025-12-19 20:56:30.681] MenuRegistry: Registered screen factory 'SettingsScreen' in container (viewMode=)
[2025-12-19 20:56:30.683] MenuRegistry: Registered 'Settings' in 'Options' menu (hotkey=S order=20)
[2025-12-19 20:56:30.685] ServiceContainer: Registered 'TimeListScreen' (singleton=False)
[2025-12-19 20:56:30.697] MenuRegistry: Registered screen factory 'TimeListScreen' in container (viewMode=)
[2025-12-19 20:56:30.699] MenuRegistry: Registered 'Time Tracking' in 'Time' menu (hotkey=T order=5)
[2025-12-19 20:56:30.701] ServiceContainer: Registered 'ExcelProfileManagerScreen' (singleton=False)
[2025-12-19 20:56:30.702] MenuRegistry: Registered screen factory 'ExcelProfileManagerScreen' in container (viewMode=)
[2025-12-19 20:56:30.703] MenuRegistry: Registered 'Excel Profiles' in 'Projects' menu (hotkey=M order=50)
[2025-12-19 20:56:30.705] ServiceContainer: Registered 'ProjectListScreen' (singleton=False)
[2025-12-19 20:56:30.706] MenuRegistry: Registered screen factory 'ProjectListScreen' in container (viewMode=)
[2025-12-19 20:56:30.708] MenuRegistry: Registered 'Project List' in 'Projects' menu (hotkey=L order=10)
[2025-12-19 20:56:30.710] ServiceContainer: Registered 'TaskListScreen_Default' (singleton=False)
[2025-12-19 20:56:30.711] MenuRegistry: Registered screen factory 'TaskListScreen_Default' in container (viewMode=)
[2025-12-19 20:56:30.712] MenuRegistry: Registered 'Task List' in 'Tasks' menu (hotkey=L order=5)
[2025-12-19 20:56:30.714] ServiceContainer: Registered 'ChecklistsLauncherScreen' (singleton=False)
[2025-12-19 20:56:30.715] MenuRegistry: Registered screen factory 'ChecklistsLauncherScreen' in container (viewMode=)
[2025-12-19 20:56:30.716] MenuRegistry: Registered 'Checklists' in 'Tools' menu (hotkey=C order=25)
[2025-12-19 20:56:30.718] ServiceContainer: Registered 'TaskListScreen_Agenda' (singleton=False)
[2025-12-19 20:56:30.719] MenuRegistry: Registered screen factory 'TaskListScreen_Agenda' in container (viewMode=agenda)
[2025-12-19 20:56:30.721] MenuRegistry: Registered 'Agenda View' in 'Tasks' menu (hotkey=A order=50)
[2025-12-19 20:56:30.723] ServiceContainer: Registered 'TimeReportScreen' (singleton=False)
[2025-12-19 20:56:30.724] MenuRegistry: Registered screen factory 'TimeReportScreen' in container (viewMode=)
[2025-12-19 20:56:30.725] MenuRegistry: Registered 'Time Report' in 'Time' menu (hotkey=R order=20)
[2025-12-19 20:56:30.727] ServiceContainer: Registered 'TaskListScreen_Overdue' (singleton=False)
[2025-12-19 20:56:30.728] MenuRegistry: Registered screen factory 'TaskListScreen_Overdue' in container (viewMode=overdue)
[2025-12-19 20:56:30.729] MenuRegistry: Registered 'Overdue' in 'Tasks' menu (hotkey=O order=30)
[2025-12-19 20:56:30.731] ServiceContainer: Registered 'HelpViewScreen' (singleton=False)
[2025-12-19 20:56:30.732] MenuRegistry: Registered screen factory 'HelpViewScreen' in container (viewMode=)
[2025-12-19 20:56:30.733] MenuRegistry: Registered 'Help' in 'Help' menu (hotkey=H order=10)
[2025-12-19 20:56:30.735] ServiceContainer: Registered 'ThemeEditorScreen' (singleton=False)
[2025-12-19 20:56:30.736] MenuRegistry: Registered screen factory 'ThemeEditorScreen' in container (viewMode=)
[2025-12-19 20:56:30.738] MenuRegistry: Registered 'Theme Editor' in 'Options' menu (hotkey=T order=10)
[2025-12-19 20:56:30.740] ServiceContainer: Registered 'TaskListScreen_Month' (singleton=False)
[2025-12-19 20:56:30.741] MenuRegistry: Registered screen factory 'TaskListScreen_Month' in container (viewMode=month)
[2025-12-19 20:56:30.743] MenuRegistry: Registered 'Month View' in 'Tasks' menu (hotkey=M order=45)
[2025-12-19 20:56:30.744] ServiceContainer: Registered 'ChecklistTemplatesFolderScreen' (singleton=False)
[2025-12-19 20:56:30.745] MenuRegistry: Registered screen factory 'ChecklistTemplatesFolderScreen' in container (viewMode=)
[2025-12-19 20:56:30.747] MenuRegistry: Registered 'Checklist Templates' in 'Tools' menu (hotkey=H order=30)
[2025-12-19 20:56:30.748] ServiceContainer: Registered 'TaskListScreen_Today' (singleton=False)
[2025-12-19 20:56:30.749] MenuRegistry: Registered screen factory 'TaskListScreen_Today' in container (viewMode=today)
[2025-12-19 20:56:30.750] MenuRegistry: Registered 'Today' in 'Tasks' menu (hotkey=Y order=10)
[2025-12-19 20:56:30.753] ServiceContainer: Registered 'WeeklyTimeReportScreen' (singleton=False)
[2025-12-19 20:56:30.754] MenuRegistry: Registered screen factory 'WeeklyTimeReportScreen' in container (viewMode=)
[2025-12-19 20:56:30.755] MenuRegistry: Registered 'Weekly Report' in 'Time' menu (hotkey=W order=10)
[2025-12-19 20:56:30.757] ServiceContainer: Registered 'TaskListScreen_NextActions' (singleton=False)
[2025-12-19 20:56:30.798] MenuRegistry: Registered screen factory 'TaskListScreen_NextActions' in container (viewMode=nextactions)
[2025-12-19 20:56:30.800] MenuRegistry: Registered 'Next Actions' in 'Tasks' menu (hotkey=N order=35)
[2025-12-19 20:56:30.803] ServiceContainer: Registered 'CommandLibraryScreen' (singleton=False)
[2025-12-19 20:56:30.806] MenuRegistry: Registered screen factory 'CommandLibraryScreen' in container (viewMode=)
[2025-12-19 20:56:30.809] MenuRegistry: Registered 'Command Library' in 'Tools' menu (hotkey=L order=10)
[2025-12-19 20:56:30.812] ServiceContainer: Registered 'TaskListScreen_Week' (singleton=False)
[2025-12-19 20:56:30.815] MenuRegistry: Registered screen factory 'TaskListScreen_Week' in container (viewMode=week)
[2025-12-19 20:56:30.817] MenuRegistry: Registered 'Week View' in 'Tasks' menu (hotkey=W order=20)
[2025-12-19 20:56:30.821] ServiceContainer: Registered 'TaskListScreen_Tomorrow' (singleton=False)
[2025-12-19 20:56:30.823] MenuRegistry: Registered screen factory 'TaskListScreen_Tomorrow' in container (viewMode=tomorrow)
[2025-12-19 20:56:30.826] MenuRegistry: Registered 'Tomorrow' in 'Tasks' menu (hotkey=T order=15)
[2025-12-19 20:56:30.831] ServiceContainer: Registered 'ExcelImportScreen' (singleton=False)
[2025-12-19 20:56:30.833] MenuRegistry: Registered screen factory 'ExcelImportScreen' in container (viewMode=)
[2025-12-19 20:56:30.835] MenuRegistry: Registered 'Import from Excel' in 'Projects' menu (hotkey=I order=40)
[2025-12-19 20:56:30.839] ServiceContainer: Registered 'TaskListScreen_Upcoming' (singleton=False)
[2025-12-19 20:56:30.842] MenuRegistry: Registered screen factory 'TaskListScreen_Upcoming' in container (viewMode=upcoming)
[2025-12-19 20:56:30.844] MenuRegistry: Registered 'Upcoming' in 'Tasks' menu (hotkey=U order=25)
[2025-12-19 20:56:30.847] ServiceContainer: Resolving 'TaskListScreen'...
[2025-12-19 20:56:30.851] ServiceContainer: Resolving 'TaskStore'...
[2025-12-19 20:56:31.235] ServiceContainer: Resolved 'TaskStore' successfully
[2025-12-19 20:56:32.475] _PopulateMenusFromRegistry: Menu 'Options' has 2 items from registry (array)
[2025-12-19 20:56:32.505] _PopulateMenusFromRegistry: Menu 'Tools' has 4 items from registry (array)
[2025-12-19 20:56:32.509] _PopulateMenusFromRegistry: Menu 'Projects' has 3 items from registry (array)
[2025-12-19 20:56:32.513] _PopulateMenusFromRegistry: Menu 'Time' has 3 items from registry (array)
[2025-12-19 20:56:32.519] _PopulateMenusFromRegistry: Menu 'Tasks' has 10 items from registry (array)
[2025-12-19 20:56:32.525] _PopulateMenusFromRegistry: Menu 'Help' has 1 items from registry (array)
[2025-12-19 20:56:32.528] ServiceContainer: Resolved 'TaskListScreen' successfully
