[2025-12-19 23:26:19.832] ServiceContainer: Registered 'Theme' (singleton=True)
[2025-12-19 23:26:19.840] ServiceContainer: Registered 'ThemeManager' (singleton=True)
[2025-12-19 23:26:19.841] ServiceContainer: Registered 'Config' (singleton=True)
[2025-12-19 23:26:19.842] ServiceContainer: Registered 'TaskStore' (singleton=True)
[2025-12-19 23:26:19.849] ServiceContainer: Registered 'MenuRegistry' (singleton=True)
[2025-12-19 23:26:19.850] ServiceContainer: Registered 'Application' (singleton=True)
[2025-12-19 23:26:19.852] ServiceContainer: Registered 'CommandService' (singleton=True)
[2025-12-19 23:26:19.853] ServiceContainer: Registered 'ChecklistService' (singleton=True)
[2025-12-19 23:26:19.854] ServiceContainer: Registered 'NoteService' (singleton=True)
[2025-12-19 23:26:19.856] ServiceContainer: Registered 'ExcelMappingService' (singleton=True)
[2025-12-19 23:26:19.857] ServiceContainer: Registered 'PreferencesService' (singleton=True)
[2025-12-19 23:26:19.858] ServiceContainer: Registered 'TaskListScreen' (singleton=False)
[2025-12-19 23:26:19.871] ServiceContainer: Resolving 'Application'...
[2025-12-19 23:26:19.872] ServiceContainer: Resolving 'Theme'...
[2025-12-19 23:26:20.059] ServiceContainer: Resolved 'Theme' successfully
[2025-12-19 23:26:20.138] ServiceContainer: Resolving 'ThemeManager'...
[2025-12-19 23:26:20.140] ServiceContainer: Resolved 'ThemeManager' successfully
[2025-12-19 23:26:20.161] ServiceContainer: Resolved 'Application' successfully
[2025-12-19 23:26:20.163] ServiceContainer: Resolving 'MenuRegistry'...
[2025-12-19 23:26:20.177] ServiceContainer: Resolved 'MenuRegistry' successfully
[2025-12-19 23:26:20.200] MenuRegistry: Loaded manifest with 23 entries
[2025-12-19 23:26:20.237] ServiceContainer: Registered 'TaskListScreen_Tomorrow' (singleton=False)
[2025-12-19 23:26:20.239] MenuRegistry: Registered screen factory 'TaskListScreen_Tomorrow' in container (viewMode=tomorrow)
[2025-12-19 23:26:20.255] MenuRegistry: Registered 'Tomorrow' in 'Tasks' menu (hotkey=T order=15)
[2025-12-19 23:26:20.257] ServiceContainer: Registered 'TaskListScreen_Month' (singleton=False)
[2025-12-19 23:26:20.258] MenuRegistry: Registered screen factory 'TaskListScreen_Month' in container (viewMode=month)
[2025-12-19 23:26:20.260] MenuRegistry: Registered 'Month View' in 'Tasks' menu (hotkey=M order=45)
[2025-12-19 23:26:20.262] ServiceContainer: Registered 'CommandLibraryScreen' (singleton=False)
[2025-12-19 23:26:20.263] MenuRegistry: Registered screen factory 'CommandLibraryScreen' in container (viewMode=)
[2025-12-19 23:26:20.265] MenuRegistry: Registered 'Command Library' in 'Tools' menu (hotkey=L order=10)
[2025-12-19 23:26:20.267] ServiceContainer: Registered 'TaskListScreen_Today' (singleton=False)
[2025-12-19 23:26:20.268] MenuRegistry: Registered screen factory 'TaskListScreen_Today' in container (viewMode=today)
[2025-12-19 23:26:20.269] MenuRegistry: Registered 'Today' in 'Tasks' menu (hotkey=Y order=10)
[2025-12-19 23:26:20.271] ServiceContainer: Registered 'ExcelImportScreen' (singleton=False)
[2025-12-19 23:26:20.272] MenuRegistry: Registered screen factory 'ExcelImportScreen' in container (viewMode=)
[2025-12-19 23:26:20.273] MenuRegistry: Registered 'Import from Excel' in 'Projects' menu (hotkey=I order=40)
[2025-12-19 23:26:20.275] ServiceContainer: Registered 'ProjectListScreen' (singleton=False)
[2025-12-19 23:26:20.276] MenuRegistry: Registered screen factory 'ProjectListScreen' in container (viewMode=)
[2025-12-19 23:26:20.277] MenuRegistry: Registered 'Project List' in 'Projects' menu (hotkey=L order=10)
[2025-12-19 23:26:20.279] ServiceContainer: Registered 'TimeListScreen' (singleton=False)
[2025-12-19 23:26:20.280] MenuRegistry: Registered screen factory 'TimeListScreen' in container (viewMode=)
[2025-12-19 23:26:20.281] MenuRegistry: Registered 'Time Tracking' in 'Time' menu (hotkey=T order=5)
[2025-12-19 23:26:20.283] ServiceContainer: Registered 'TaskListScreen_Default' (singleton=False)
[2025-12-19 23:26:20.284] MenuRegistry: Registered screen factory 'TaskListScreen_Default' in container (viewMode=)
[2025-12-19 23:26:20.285] MenuRegistry: Registered 'Task List' in 'Tasks' menu (hotkey=L order=5)
[2025-12-19 23:26:20.287] ServiceContainer: Registered 'TaskListScreen_NextActions' (singleton=False)
[2025-12-19 23:26:20.288] MenuRegistry: Registered screen factory 'TaskListScreen_NextActions' in container (viewMode=nextactions)
[2025-12-19 23:26:20.310] MenuRegistry: Registered 'Next Actions' in 'Tasks' menu (hotkey=N order=35)
[2025-12-19 23:26:20.312] ServiceContainer: Registered 'ThemeEditorScreen' (singleton=False)
[2025-12-19 23:26:20.313] MenuRegistry: Registered screen factory 'ThemeEditorScreen' in container (viewMode=)
[2025-12-19 23:26:20.314] MenuRegistry: Registered 'Theme Editor' in 'Options' menu (hotkey=T order=10)
[2025-12-19 23:26:20.316] ServiceContainer: Registered 'ChecklistTemplatesFolderScreen' (singleton=False)
[2025-12-19 23:26:20.316] MenuRegistry: Registered screen factory 'ChecklistTemplatesFolderScreen' in container (viewMode=)
[2025-12-19 23:26:20.318] MenuRegistry: Registered 'Checklist Templates' in 'Tools' menu (hotkey=H order=30)
[2025-12-19 23:26:20.319] ServiceContainer: Registered 'TaskListScreen_Overdue' (singleton=False)
[2025-12-19 23:26:20.320] MenuRegistry: Registered screen factory 'TaskListScreen_Overdue' in container (viewMode=overdue)
[2025-12-19 23:26:20.322] MenuRegistry: Registered 'Overdue' in 'Tasks' menu (hotkey=O order=30)
[2025-12-19 23:26:20.323] ServiceContainer: Registered 'HelpViewScreen' (singleton=False)
[2025-12-19 23:26:20.324] MenuRegistry: Registered screen factory 'HelpViewScreen' in container (viewMode=)
[2025-12-19 23:26:20.326] MenuRegistry: Registered 'Help' in 'Help' menu (hotkey=H order=10)
[2025-12-19 23:26:20.327] ServiceContainer: Registered 'ExcelProfileManagerScreen' (singleton=False)
[2025-12-19 23:26:20.328] MenuRegistry: Registered screen factory 'ExcelProfileManagerScreen' in container (viewMode=)
[2025-12-19 23:26:20.330] MenuRegistry: Registered 'Excel Profiles' in 'Projects' menu (hotkey=M order=50)
[2025-12-19 23:26:20.332] ServiceContainer: Registered 'ChecklistsLauncherScreen' (singleton=False)
[2025-12-19 23:26:20.334] MenuRegistry: Registered screen factory 'ChecklistsLauncherScreen' in container (viewMode=)
[2025-12-19 23:26:20.335] MenuRegistry: Registered 'Checklists' in 'Tools' menu (hotkey=C order=25)
[2025-12-19 23:26:20.337] ServiceContainer: Registered 'SettingsScreen' (singleton=False)
[2025-12-19 23:26:20.339] MenuRegistry: Registered screen factory 'SettingsScreen' in container (viewMode=)
[2025-12-19 23:26:20.340] MenuRegistry: Registered 'Settings' in 'Options' menu (hotkey=S order=20)
[2025-12-19 23:26:20.342] ServiceContainer: Registered 'TaskListScreen_Upcoming' (singleton=False)
[2025-12-19 23:26:20.343] MenuRegistry: Registered screen factory 'TaskListScreen_Upcoming' in container (viewMode=upcoming)
[2025-12-19 23:26:20.344] MenuRegistry: Registered 'Upcoming' in 'Tasks' menu (hotkey=U order=25)
[2025-12-19 23:26:20.346] ServiceContainer: Registered 'TaskListScreen_Week' (singleton=False)
[2025-12-19 23:26:20.347] MenuRegistry: Registered screen factory 'TaskListScreen_Week' in container (viewMode=week)
[2025-12-19 23:26:20.348] MenuRegistry: Registered 'Week View' in 'Tasks' menu (hotkey=W order=20)
[2025-12-19 23:26:20.350] ServiceContainer: Registered 'TaskListScreen_Agenda' (singleton=False)
[2025-12-19 23:26:20.352] MenuRegistry: Registered screen factory 'TaskListScreen_Agenda' in container (viewMode=agenda)
[2025-12-19 23:26:20.353] MenuRegistry: Registered 'Agenda View' in 'Tasks' menu (hotkey=A order=50)
[2025-12-19 23:26:20.356] ServiceContainer: Registered 'WeeklyTimeReportScreen' (singleton=False)
[2025-12-19 23:26:20.357] MenuRegistry: Registered screen factory 'WeeklyTimeReportScreen' in container (viewMode=)
[2025-12-19 23:26:20.359] MenuRegistry: Registered 'Weekly Report' in 'Time' menu (hotkey=W order=10)
[2025-12-19 23:26:20.361] ServiceContainer: Registered 'TimeReportScreen' (singleton=False)
[2025-12-19 23:26:20.362] MenuRegistry: Registered screen factory 'TimeReportScreen' in container (viewMode=)
[2025-12-19 23:26:20.364] MenuRegistry: Registered 'Time Report' in 'Time' menu (hotkey=R order=20)
[2025-12-19 23:26:20.366] ServiceContainer: Registered 'TaskListScreen_NoDate' (singleton=False)
[2025-12-19 23:26:20.367] MenuRegistry: Registered screen factory 'TaskListScreen_NoDate' in container (viewMode=noduedate)
[2025-12-19 23:26:20.368] MenuRegistry: Registered 'No Due Date' in 'Tasks' menu (hotkey=D order=40)
[2025-12-19 23:26:20.370] ServiceContainer: Registered 'NotesMenuScreen' (singleton=False)
[2025-12-19 23:26:20.375] MenuRegistry: Registered screen factory 'NotesMenuScreen' in container (viewMode=)
[2025-12-19 23:26:20.377] MenuRegistry: Registered 'Notes' in 'Tools' menu (hotkey=N order=20)
[2025-12-19 23:26:20.379] ServiceContainer: Resolving 'TaskListScreen'...
[2025-12-19 23:26:20.381] ServiceContainer: Resolving 'TaskStore'...
[2025-12-19 23:26:20.611] ServiceContainer: Resolved 'TaskStore' successfully
[2025-12-19 23:26:21.507] _PopulateMenusFromRegistry: Menu 'Time' has 3 items from registry (array)
[2025-12-19 23:26:21.555] _PopulateMenusFromRegistry: Menu 'Projects' has 3 items from registry (array)
[2025-12-19 23:26:21.559] _PopulateMenusFromRegistry: Menu 'Tools' has 4 items from registry (array)
[2025-12-19 23:26:21.562] _PopulateMenusFromRegistry: Menu 'Options' has 2 items from registry (array)
[2025-12-19 23:26:21.566] _PopulateMenusFromRegistry: Menu 'Help' has 1 items from registry (array)
[2025-12-19 23:26:21.572] _PopulateMenusFromRegistry: Menu 'Tasks' has 10 items from registry (array)
[2025-12-19 23:26:21.575] ServiceContainer: Resolved 'TaskListScreen' successfully
