[2026-01-07 16:46:43.186] ServiceContainer: Registered 'Theme' (singleton=True)
[2026-01-07 16:46:43.199] ServiceContainer: Registered 'ThemeManager' (singleton=True)
[2026-01-07 16:46:43.204] ServiceContainer: Registered 'Config' (singleton=True)
[2026-01-07 16:46:43.210] ServiceContainer: Registered 'TaskStore' (singleton=True)
[2026-01-07 16:46:43.216] ServiceContainer: Registered 'MenuRegistry' (singleton=True)
[2026-01-07 16:46:43.219] ServiceContainer: Registered 'Application' (singleton=True)
[2026-01-07 16:46:43.221] ServiceContainer: Registered 'CommandService' (singleton=True)
[2026-01-07 16:46:43.223] ServiceContainer: Registered 'ChecklistService' (singleton=True)
[2026-01-07 16:46:43.225] ServiceContainer: Registered 'NoteService' (singleton=True)
[2026-01-07 16:46:43.227] ServiceContainer: Registered 'ExcelMappingService' (singleton=True)
[2026-01-07 16:46:43.229] ServiceContainer: Registered 'ExcelCopyService' (singleton=True)
[2026-01-07 16:46:43.231] ServiceContainer: Registered 'PreferencesService' (singleton=True)
[2026-01-07 16:46:43.232] ServiceContainer: Registered 'ExcelImportService' (singleton=True)
[2026-01-07 16:46:43.233] ServiceContainer: Registered 'TextExportService' (singleton=True)
[2026-01-07 16:46:43.234] ServiceContainer: Registered 'TaskListScreen' (singleton=False)
[2026-01-07 16:46:43.256] ServiceContainer: Resolving 'Application'...
[2026-01-07 16:46:43.259] ServiceContainer: Resolving 'Theme'...
[2026-01-07 16:46:43.538] ServiceContainer: Resolved 'Theme' successfully
[2026-01-07 16:46:43.674] ServiceContainer: Resolving 'ThemeManager'...
[2026-01-07 16:46:43.677] ServiceContainer: Resolved 'ThemeManager' successfully
[2026-01-07 16:46:43.699] ServiceContainer: Resolved 'Application' successfully
[2026-01-07 16:46:43.701] ServiceContainer: Resolving 'MenuRegistry'...
[2026-01-07 16:46:43.724] ServiceContainer: Resolved 'MenuRegistry' successfully
[2026-01-07 16:46:43.756] MenuRegistry: Loaded manifest with 16 entries
[2026-01-07 16:46:43.800] ServiceContainer: Registered 'HelpViewScreen' (singleton=False)
[2026-01-07 16:46:43.801] MenuRegistry: Registered 'Help' in 'Help' menu (hotkey=H order=10)
[2026-01-07 16:46:43.824] MenuRegistry: Registered 'Help' in 'Help' menu (hotkey=H order=10)
[2026-01-07 16:46:43.827] ServiceContainer: Registered 'ExcelImportScreen' (singleton=False)
[2026-01-07 16:46:43.828] MenuRegistry: Registered 'Import from Excel' in 'Projects' menu (hotkey=I order=40)
[2026-01-07 16:46:43.831] MenuRegistry: Registered 'Import from Excel' in 'Projects' menu (hotkey=I order=40)
[2026-01-07 16:46:43.833] ServiceContainer: Registered 'CommandLibraryScreen' (singleton=False)
[2026-01-07 16:46:43.834] MenuRegistry: Registered 'Command Library' in 'Tools' menu (hotkey=L order=10)
[2026-01-07 16:46:43.836] MenuRegistry: Registered 'Command Library' in 'Tools' menu (hotkey=L order=10)
[2026-01-07 16:46:43.849] ServiceContainer: Registered 'TaskListScreen_Default' (singleton=False)
[2026-01-07 16:46:43.851] MenuRegistry: Registered 'Task List' in 'Tasks' menu (hotkey=L order=5)
[2026-01-07 16:46:43.853] MenuRegistry: Registered 'Task List' in 'Tasks' menu (hotkey=L order=5)
[2026-01-07 16:46:43.855] ServiceContainer: Registered 'ChecklistTemplatesFolderScreen' (singleton=False)
[2026-01-07 16:46:43.856] MenuRegistry: Registered 'Checklist Templates' in 'Tools' menu (hotkey=H order=30)
[2026-01-07 16:46:43.858] MenuRegistry: Registered 'Checklist Templates' in 'Tools' menu (hotkey=H order=30)
[2026-01-07 16:46:43.861] ServiceContainer: Registered 'TimeReportScreen' (singleton=False)
[2026-01-07 16:46:43.862] MenuRegistry: Registered 'Time Report' in 'Time' menu (hotkey=R order=20)
[2026-01-07 16:46:43.864] MenuRegistry: Registered 'Time Report' in 'Time' menu (hotkey=R order=20)
[2026-01-07 16:46:43.866] ServiceContainer: Registered 'ProjectListScreen' (singleton=False)
[2026-01-07 16:46:43.867] MenuRegistry: Registered 'Project List' in 'Projects' menu (hotkey=L order=10)
[2026-01-07 16:46:43.869] MenuRegistry: Registered 'Project List' in 'Projects' menu (hotkey=L order=10)
[2026-01-07 16:46:43.872] ServiceContainer: Registered 'NotesMenuScreen' (singleton=False)
[2026-01-07 16:46:43.873] MenuRegistry: Registered 'Notes' in 'Tools' menu (hotkey=N order=20)
[2026-01-07 16:46:43.875] MenuRegistry: Registered 'Notes' in 'Tools' menu (hotkey=N order=20)
[2026-01-07 16:46:43.877] ServiceContainer: Registered 'TextExportProfileManagerScreen' (singleton=False)
[2026-01-07 16:46:43.878] MenuRegistry: Registered 'T2020 Export Profiles' in 'Tools' menu (hotkey=E order=45)
[2026-01-07 16:46:43.880] MenuRegistry: Registered 'T2020 Export Profiles' in 'Tools' menu (hotkey=E order=45)
[2026-01-07 16:46:43.882] ServiceContainer: Registered 'ChecklistsLauncherScreen' (singleton=False)
[2026-01-07 16:46:43.884] MenuRegistry: Registered 'Checklists' in 'Tools' menu (hotkey=C order=25)
[2026-01-07 16:46:43.886] MenuRegistry: Registered 'Checklists' in 'Tools' menu (hotkey=C order=25)
[2026-01-07 16:46:43.888] ServiceContainer: Registered 'ExcelImportProfileManagerScreen' (singleton=False)
[2026-01-07 16:46:43.889] MenuRegistry: Registered 'Excel Import Profiles' in 'Tools' menu (hotkey=I order=40)
[2026-01-07 16:46:43.891] MenuRegistry: Registered 'Excel Import Profiles' in 'Tools' menu (hotkey=I order=40)
[2026-01-07 16:46:43.893] ServiceContainer: Registered 'WeeklyTimeReportScreen' (singleton=False)
[2026-01-07 16:46:43.894] MenuRegistry: Registered 'Weekly Report' in 'Time' menu (hotkey=W order=10)
[2026-01-07 16:46:43.896] MenuRegistry: Registered 'Weekly Report' in 'Time' menu (hotkey=W order=10)
[2026-01-07 16:46:43.898] ServiceContainer: Registered 'TimeListScreen' (singleton=False)
[2026-01-07 16:46:43.899] MenuRegistry: Registered 'Time Tracking' in 'Time' menu (hotkey=T order=5)
[2026-01-07 16:46:43.901] MenuRegistry: Registered 'Time Tracking' in 'Time' menu (hotkey=T order=5)
[2026-01-07 16:46:43.903] ServiceContainer: Registered 'SettingsScreen' (singleton=False)
[2026-01-07 16:46:43.905] MenuRegistry: Registered 'Settings' in 'Options' menu (hotkey=S order=20)
[2026-01-07 16:46:43.907] MenuRegistry: Registered 'Settings' in 'Options' menu (hotkey=S order=20)
[2026-01-07 16:46:43.909] ServiceContainer: Registered 'ExcelProfileManagerScreen' (singleton=False)
[2026-01-07 16:46:43.910] MenuRegistry: Registered 'Excel Profiles' in 'Projects' menu (hotkey=M order=50)
[2026-01-07 16:46:43.912] MenuRegistry: Registered 'Excel Profiles' in 'Projects' menu (hotkey=M order=50)
[2026-01-07 16:46:43.914] ServiceContainer: Registered 'ThemeEditorScreen' (singleton=False)
[2026-01-07 16:46:43.915] MenuRegistry: Registered 'Theme Editor' in 'Options' menu (hotkey=T order=10)
[2026-01-07 16:46:43.917] MenuRegistry: Registered 'Theme Editor' in 'Options' menu (hotkey=T order=10)
[2026-01-07 16:46:43.920] ServiceContainer: Resolving 'TaskListScreen'...
[2026-01-07 16:46:43.923] ServiceContainer: Resolving 'TaskStore'...
[2026-01-07 16:46:44.122] ServiceContainer: Resolved 'TaskStore' successfully
[2026-01-07 16:46:44.919] [INFO] StandardListScreen._ConfigureListActions: Configuring actions for Tasks
[2026-01-07 16:46:44.960] [INFO] StandardListScreen: Added footer shortcut D -> Delete
[2026-01-07 16:46:44.983] [INFO] StandardListScreen._ConfigureListActions: Configured 16 footer shortcuts
[2026-01-07 16:46:45.198] _PopulateMenusFromRegistry: Menu 'Tasks' has 1 items from registry (array)
[2026-01-07 16:46:45.224] _PopulateMenusFromRegistry: Menu 'Tools' has 6 items from registry (array)
[2026-01-07 16:46:45.230] _PopulateMenusFromRegistry: Menu 'Projects' has 3 items from registry (array)
[2026-01-07 16:46:45.246] _PopulateMenusFromRegistry: Menu 'Time' has 3 items from registry (array)
[2026-01-07 16:46:45.250] _PopulateMenusFromRegistry: Menu 'Options' has 2 items from registry (array)
[2026-01-07 16:46:45.253] _PopulateMenusFromRegistry: Menu 'Help' has 1 items from registry (array)
[2026-01-07 16:46:45.256] ServiceContainer: Resolved 'TaskListScreen' successfully
[2026-01-07 16:46:45.649] [INFO] StandardListScreen._ConfigureListActions: Configuring actions for Tasks
[2026-01-07 16:46:45.652] [INFO] StandardListScreen: Added footer shortcut D -> Delete
[2026-01-07 16:46:45.659] [INFO] StandardListScreen._ConfigureListActions: Configured 16 footer shortcuts
[2026-01-07 16:46:49.498] ServiceContainer: Resolving 'NotesMenuScreen'...
[2026-01-07 16:46:49.605] [INFO] StandardListScreen._ConfigureListActions: Configuring actions for Notes
[2026-01-07 16:46:49.612] [INFO] StandardListScreen: Added footer shortcut D -> Delete
[2026-01-07 16:46:49.618] [INFO] StandardListScreen._ConfigureListActions: Configured 7 footer shortcuts
[2026-01-07 16:46:49.665] ServiceContainer: Resolved 'NotesMenuScreen' successfully
[2026-01-07 16:46:49.743] [INFO] StandardListScreen._ConfigureListActions: Configuring actions for Notes
[2026-01-07 16:46:49.746] [INFO] StandardListScreen: Added footer shortcut D -> Delete
[2026-01-07 16:46:49.748] [INFO] StandardListScreen._ConfigureListActions: Configured 7 footer shortcuts
[2026-01-07 16:46:52.035] [INFO] *** STANDARDLISTSCREEN.ADDITEM CALLED on type=NotesMenuScreen key=NotesList ***
[2026-01-07 16:46:52.155] [INFO] StandardListScreen.AddItem: ActiveModal set to InlineEditor. ShowInlineEditor=True
[2026-01-07 16:46:52.331] [INFO] StandardListScreen.RenderContentToEngine: Rendering InlineEditor at Y=11
[2026-01-07 16:46:55.296] [INFO] StandardListScreen.RenderContentToEngine: Rendering InlineEditor at Y=11
[2026-01-07 16:46:55.344] [INFO] StandardListScreen.RenderContentToEngine: Rendering InlineEditor at Y=11
[2026-01-07 16:46:55.489] [INFO] StandardListScreen.RenderContentToEngine: Rendering InlineEditor at Y=11
[2026-01-07 16:46:56.788] [INFO] StandardListScreen.OnInlineEditConfirmed: Dispatching to _SaveEditedItem
[2026-01-07 16:46:56.871] RequestRender called from: <ScriptBlock> at line 64
[2026-01-07 16:46:56.901] RequestRender called from:  at line 313
[2026-01-07 16:46:56.947] RequestRender called from:  at line 972
[2026-01-07 16:46:58.628] [INFO] UniversalList.RenderToEngine: SKIPPING row 0 (editor active, filling with blank)
[2026-01-07 16:46:58.685] [INFO] UniversalList.RenderToEngine: SKIPPING row 0 (editor active, filling with blank)
[2026-01-07 16:46:58.689] [INFO] StandardListScreen.RenderContentToEngine: Rendering InlineEditor at Y=9
[2026-01-07 16:46:59.967] [INFO] UniversalList.RenderToEngine: SKIPPING row 0 (editor active, filling with blank)
[2026-01-07 16:47:00.001] [INFO] UniversalList.RenderToEngine: SKIPPING row 0 (editor active, filling with blank)
[2026-01-07 16:47:00.005] [INFO] StandardListScreen.RenderContentToEngine: Rendering InlineEditor at Y=9
[2026-01-07 16:47:00.160] [INFO] StandardListScreen.OnInlineEditConfirmed: Dispatching to _SaveEditedItem
[2026-01-07 16:47:00.211] RequestRender called from:  at line 972
[2026-01-07 16:47:54.425] [INFO] *** STANDARDLISTSCREEN.DELETEITEM CALLED ***
[2026-01-07 16:47:59.803] [INFO] *** STANDARDLISTSCREEN.DELETEITEM CALLED ***
[2026-01-07 16:48:43.770] ServiceContainer: Resolving 'ThemeEditorScreen'...
[2026-01-07 16:48:43.843] ServiceContainer: Resolved 'ThemeEditorScreen' successfully
[2026-01-07 16:48:48.223] RequestRender called from: Invoke-ThemeHotReload at line 86
