[2025-12-18 17:56:51.516] [INFO] Loading PMC module...
[2025-12-18 17:56:53.028] [INFO] PMC module loaded
[2025-12-18 17:56:53.031] [INFO] Loading dependencies (FieldSchemas, etc.)...
[2025-12-18 17:56:53.168] [INFO] Dependencies loaded
[2025-12-18 17:56:53.170] [INFO] Loading SpeedTUI framework...
[2025-12-18 17:56:54.420] [INFO] SpeedTUI framework loaded
[2025-12-18 17:56:54.422] [INFO] Loading PraxisVT...
[2025-12-18 17:56:54.425] [INFO] PraxisVT loaded
[2025-12-18 17:56:54.426] [INFO] Loading core dependencies...
[2025-12-18 17:56:54.488] [INFO] Core dependencies loaded
[2025-12-18 17:56:54.490] [INFO] Loading widget base classes...
[2025-12-18 17:56:54.532] [INFO] Widget base classes loaded
[2025-12-18 17:56:54.561] [INFO] Loading services...
[2025-12-18 17:56:54.709] [INFO] Services loaded
[2025-12-18 17:56:54.711] [INFO] Loading helpers...
[2025-12-18 17:56:54.921] [INFO] Helpers loaded
[2025-12-18 17:56:54.923] [INFO] Loading widgets...
[2025-12-18 17:56:55.327] [INFO] Widgets loaded
[2025-12-18 17:56:55.329] [INFO] Loading screen base class...
[2025-12-18 17:56:55.347] [INFO] Screen base class loaded
[2025-12-18 17:56:55.349] [INFO] Loading HelpViewScreen (needed by base classes)...
[2025-12-18 17:56:55.360] [INFO] HelpViewScreen loaded
[2025-12-18 17:56:55.362] [INFO] Loading base classes...
[2025-12-18 17:56:55.460] [INFO] Base classes loaded
[2025-12-18 17:56:55.462] [INFO] Loading ServiceContainer (needed by screens)...
[2025-12-18 17:56:55.469] [INFO] ServiceContainer loaded
[2025-12-18 17:56:55.471] [INFO] Loading remaining screens...
[2025-12-18 17:56:55.590] [INFO] Remaining screens loaded
[2025-12-18 17:56:55.592] [INFO] Loading PmcApplication...
[2025-12-18 17:56:55.616] [INFO] PmcApplication loaded
[2025-12-18 17:56:55.619] [INFO] All components loaded successfully
[2025-12-18 17:56:55.649] [INFO] Starting PMC TUI with screen: TaskList
[2025-12-18 17:56:55.663] [INFO] Cleared stale PmcSharedMenuBar and MenuRegistry singleton
[2025-12-18 17:56:55.666] [INFO] Creating ServiceContainer...
[2025-12-18 17:56:55.686] [INFO] ServiceContainer created
[2025-12-18 17:56:55.688] [INFO] Registering Theme service...
[2025-12-18 17:56:55.730] ServiceContainer: Registered 'Theme' (singleton=True)
[2025-12-18 17:56:55.736] [INFO] Registering ThemeManager...
[2025-12-18 17:56:55.738] ServiceContainer: Registered 'ThemeManager' (singleton=True)
[2025-12-18 17:56:55.739] [INFO] Registering Config service...
[2025-12-18 17:56:55.741] ServiceContainer: Registered 'Config' (singleton=True)
[2025-12-18 17:56:55.743] [INFO] Registering TaskStore service...
[2025-12-18 17:56:55.744] ServiceContainer: Registered 'TaskStore' (singleton=True)
[2025-12-18 17:56:55.746] [INFO] Registering MenuRegistry service...
[2025-12-18 17:56:55.748] ServiceContainer: Registered 'MenuRegistry' (singleton=True)
[2025-12-18 17:56:55.750] [INFO] Registering Application service...
[2025-12-18 17:56:55.751] ServiceContainer: Registered 'Application' (singleton=True)
[2025-12-18 17:56:55.753] [INFO] Registering CommandService...
[2025-12-18 17:56:55.755] ServiceContainer: Registered 'CommandService' (singleton=True)
[2025-12-18 17:56:55.756] [INFO] Registering ChecklistService...
[2025-12-18 17:56:55.758] ServiceContainer: Registered 'ChecklistService' (singleton=True)
[2025-12-18 17:56:55.760] [INFO] Registering NoteService...
[2025-12-18 17:56:55.761] ServiceContainer: Registered 'NoteService' (singleton=True)
[2025-12-18 17:56:55.763] [INFO] Registering ExcelMappingService...
[2025-12-18 17:56:55.765] ServiceContainer: Registered 'ExcelMappingService' (singleton=True)
[2025-12-18 17:56:55.766] [INFO] Registering PreferencesService...
[2025-12-18 17:56:55.768] ServiceContainer: Registered 'PreferencesService' (singleton=True)
[2025-12-18 17:56:55.769] [INFO] Registering screen factories...
[2025-12-18 17:56:55.771] ServiceContainer: Registered 'TaskListScreen' (singleton=False)
[2025-12-18 17:56:55.772] [INFO] Resolving Application from container...
[2025-12-18 17:56:55.800] ServiceContainer: Resolving 'Application'...
[2025-12-18 17:56:55.804] [INFO] Resolving Application...
[2025-12-18 17:56:55.806] ServiceContainer: Resolving 'Theme'...
[2025-12-18 17:56:55.811] [INFO] Resolving Theme: Calling Initialize-PmcThemeSystem...
