[2026-01-10 20:46:37.885] ServiceContainer: Registered 'Theme' (singleton=True)
[2026-01-10 20:46:37.890] ServiceContainer: Registered 'ThemeManager' (singleton=True)
[2026-01-10 20:46:37.891] ServiceContainer: Registered 'Config' (singleton=True)
[2026-01-10 20:46:37.892] ServiceContainer: Registered 'TaskStore' (singleton=True)
[2026-01-10 20:46:37.893] ServiceContainer: Registered 'MenuRegistry' (singleton=True)
[2026-01-10 20:46:37.894] ServiceContainer: Registered 'Application' (singleton=True)
[2026-01-10 20:46:37.896] ServiceContainer: Registered 'CommandService' (singleton=True)
[2026-01-10 20:46:37.897] ServiceContainer: Registered 'ChecklistService' (singleton=True)
[2026-01-10 20:46:37.898] ServiceContainer: Registered 'NoteService' (singleton=True)
[2026-01-10 20:46:37.899] ServiceContainer: Registered 'ExcelMappingService' (singleton=True)
[2026-01-10 20:46:37.900] ServiceContainer: Registered 'ExcelCopyService' (singleton=True)
[2026-01-10 20:46:37.901] ServiceContainer: Registered 'PreferencesService' (singleton=True)
[2026-01-10 20:46:37.902] ServiceContainer: Registered 'ExcelImportService' (singleton=True)
[2026-01-10 20:46:37.903] ServiceContainer: Registered 'TextExportService' (singleton=True)
[2026-01-10 20:46:37.904] ServiceContainer: Registered 'TaskListScreen' (singleton=False)
[2026-01-10 20:46:37.924] ServiceContainer: Resolving 'Application'...
[2026-01-10 20:46:37.935] ServiceContainer: Resolving 'Theme'...
[2026-01-10 20:46:38.192] ServiceContainer: Resolved 'Theme' successfully
[2026-01-10 20:46:38.296] ServiceContainer: Resolving 'ThemeManager'...
[2026-01-10 20:46:38.298] ServiceContainer: Resolved 'ThemeManager' successfully
[2026-01-10 20:46:38.317] ServiceContainer: Resolved 'Application' successfully
[2026-01-10 20:46:38.318] ServiceContainer: Resolving 'MenuRegistry'...
[2026-01-10 20:46:38.334] ServiceContainer: Resolved 'MenuRegistry' successfully
[2026-01-10 20:46:38.358] MenuRegistry: Loaded manifest with 17 entries
[2026-01-10 20:46:38.401] ServiceContainer: Registered 'TextExportProfileManagerScreen' (singleton=False)
[2026-01-10 20:46:38.402] MenuRegistry: Registered 'T2020 Export Profiles' in 'Tools' menu (hotkey=E order=45)
[2026-01-10 20:46:38.431] MenuRegistry: Registered 'T2020 Export Profiles' in 'Tools' menu (hotkey=E order=45)
[2026-01-10 20:46:38.435] ServiceContainer: Registered 'ExcelProfileManagerScreen' (singleton=False)
[2026-01-10 20:46:38.436] MenuRegistry: Registered 'Excel Profiles' in 'Projects' menu (hotkey=M order=50)
[2026-01-10 20:46:38.438] MenuRegistry: Registered 'Excel Profiles' in 'Projects' menu (hotkey=M order=50)
[2026-01-10 20:46:38.441] ServiceContainer: Registered 'WeeklyTimeReportScreen' (singleton=False)
[2026-01-10 20:46:38.442] MenuRegistry: Registered 'Weekly Report' in 'Time' menu (hotkey=W order=10)
[2026-01-10 20:46:38.444] MenuRegistry: Registered 'Weekly Report' in 'Time' menu (hotkey=W order=10)
[2026-01-10 20:46:38.446] ServiceContainer: Registered 'TaskListScreen_Default' (singleton=False)
[2026-01-10 20:46:38.447] MenuRegistry: Registered 'Task List' in 'Tasks' menu (hotkey=L order=5)
[2026-01-10 20:46:38.449] MenuRegistry: Registered 'Task List' in 'Tasks' menu (hotkey=L order=5)
[2026-01-10 20:46:38.452] ServiceContainer: Registered 'ThemeEditorScreen' (singleton=False)
[2026-01-10 20:46:38.453] MenuRegistry: Registered 'Theme Editor' in 'Options' menu (hotkey=T order=10)
[2026-01-10 20:46:38.455] MenuRegistry: Registered 'Theme Editor' in 'Options' menu (hotkey=T order=10)
[2026-01-10 20:46:38.457] ServiceContainer: Registered 'ExcelImportScreen' (singleton=False)
[2026-01-10 20:46:38.458] MenuRegistry: Registered 'Import from Excel' in 'Projects' menu (hotkey=I order=40)
[2026-01-10 20:46:38.460] MenuRegistry: Registered 'Import from Excel' in 'Projects' menu (hotkey=I order=40)
[2026-01-10 20:46:38.462] ServiceContainer: Registered 'CommandLibraryScreen' (singleton=False)
[2026-01-10 20:46:38.463] MenuRegistry: Registered 'Command Library' in 'Tools' menu (hotkey=L order=10)
[2026-01-10 20:46:38.465] MenuRegistry: Registered 'Command Library' in 'Tools' menu (hotkey=L order=10)
[2026-01-10 20:46:38.467] ServiceContainer: Registered 'TimeListScreen' (singleton=False)
[2026-01-10 20:46:38.468] MenuRegistry: Registered 'Time Tracking' in 'Time' menu (hotkey=T order=5)
[2026-01-10 20:46:38.470] MenuRegistry: Registered 'Time Tracking' in 'Time' menu (hotkey=T order=5)
[2026-01-10 20:46:38.472] ServiceContainer: Registered 'CalendarScreen' (singleton=False)
[2026-01-10 20:46:38.474] MenuRegistry: Registered 'Calendar' in 'Tools' menu (hotkey=A order=50)
[2026-01-10 20:46:38.476] MenuRegistry: Registered 'Calendar' in 'Tools' menu (hotkey=A order=50)
[2026-01-10 20:46:38.478] ServiceContainer: Registered 'TimeReportScreen' (singleton=False)
[2026-01-10 20:46:38.479] MenuRegistry: Registered 'Time Report' in 'Time' menu (hotkey=R order=20)
[2026-01-10 20:46:38.481] MenuRegistry: Registered 'Time Report' in 'Time' menu (hotkey=R order=20)
[2026-01-10 20:46:38.482] ServiceContainer: Registered 'NotesMenuScreen' (singleton=False)
[2026-01-10 20:46:38.483] MenuRegistry: Registered 'Notes' in 'Tools' menu (hotkey=N order=20)
[2026-01-10 20:46:38.485] MenuRegistry: Registered 'Notes' in 'Tools' menu (hotkey=N order=20)
[2026-01-10 20:46:38.487] ServiceContainer: Registered 'ChecklistsLauncherScreen' (singleton=False)
[2026-01-10 20:46:38.488] MenuRegistry: Registered 'Checklists' in 'Tools' menu (hotkey=C order=25)
[2026-01-10 20:46:38.489] MenuRegistry: Registered 'Checklists' in 'Tools' menu (hotkey=C order=25)
[2026-01-10 20:46:38.491] ServiceContainer: Registered 'ProjectListScreen' (singleton=False)
[2026-01-10 20:46:38.492] MenuRegistry: Registered 'Project List' in 'Projects' menu (hotkey=L order=10)
[2026-01-10 20:46:38.522] MenuRegistry: Registered 'Project List' in 'Projects' menu (hotkey=L order=10)
[2026-01-10 20:46:38.525] ServiceContainer: Registered 'ChecklistTemplatesFolderScreen' (singleton=False)
[2026-01-10 20:46:38.526] MenuRegistry: Registered 'Checklist Templates' in 'Tools' menu (hotkey=H order=30)
[2026-01-10 20:46:38.528] MenuRegistry: Registered 'Checklist Templates' in 'Tools' menu (hotkey=H order=30)
[2026-01-10 20:46:38.529] ServiceContainer: Registered 'SettingsScreen' (singleton=False)
[2026-01-10 20:46:38.530] MenuRegistry: Registered 'Settings' in 'Options' menu (hotkey=S order=20)
[2026-01-10 20:46:38.534] MenuRegistry: Registered 'Settings' in 'Options' menu (hotkey=S order=20)
[2026-01-10 20:46:38.539] ServiceContainer: Registered 'HelpViewScreen' (singleton=False)
[2026-01-10 20:46:38.540] MenuRegistry: Registered 'Help' in 'Help' menu (hotkey=H order=10)
[2026-01-10 20:46:38.542] MenuRegistry: Registered 'Help' in 'Help' menu (hotkey=H order=10)
[2026-01-10 20:46:38.545] ServiceContainer: Registered 'ExcelImportProfileManagerScreen' (singleton=False)
[2026-01-10 20:46:38.546] MenuRegistry: Registered 'Excel Import Profiles' in 'Tools' menu (hotkey=I order=40)
[2026-01-10 20:46:38.548] MenuRegistry: Registered 'Excel Import Profiles' in 'Tools' menu (hotkey=I order=40)
[2026-01-10 20:46:42.795] ServiceContainer: Resolving 'CommandLibraryScreen'...
[2026-01-10 20:46:43.214] [INFO] StandardListScreen._ConfigureListActions: Configuring actions for Command Library
[2026-01-10 20:46:43.232] [INFO] StandardListScreen: Added footer shortcut D -> Delete
[2026-01-10 20:46:43.239] [INFO] StandardListScreen._ConfigureListActions: Configured 5 footer shortcuts
[2026-01-10 20:46:43.318] ServiceContainer: Resolved 'CommandLibraryScreen' successfully
[2026-01-10 20:46:43.498] [INFO] StandardListScreen._ConfigureListActions: Configuring actions for Command Library
[2026-01-10 20:46:43.501] [INFO] StandardListScreen: Added footer shortcut D -> Delete
[2026-01-10 20:46:43.503] [INFO] StandardListScreen._ConfigureListActions: Configured 5 footer shortcuts
[20:46:43.932] [Z-BUFFER] REJECTED at (2,7): currentZ=10 < zBuffer=20 char='N'
[20:46:43.934] [Z-BUFFER] REJECTED at (3,7): currentZ=10 < zBuffer=20 char='a'
[20:46:43.935] [Z-BUFFER] REJECTED at (4,7): currentZ=10 < zBuffer=20 char='m'
[20:46:43.937] [Z-BUFFER] REJECTED at (5,7): currentZ=10 < zBuffer=20 char='e'
[2026-01-10 20:46:46.177] [INFO] *** STANDARDLISTSCREEN.ADDITEM CALLED on type=CommandLibraryScreen key=CommandLibrary ***
[2026-01-10 20:46:46.320] [INFO] StandardListScreen.AddItem: ActiveModal set to InlineEditor. ShowInlineEditor=True
[20:46:46.504] [Z-BUFFER] REJECTED at (2,7): currentZ=10 < zBuffer=20 char='N'
[20:46:46.506] [Z-BUFFER] REJECTED at (3,7): currentZ=10 < zBuffer=20 char='a'
[20:46:46.507] [Z-BUFFER] REJECTED at (4,7): currentZ=10 < zBuffer=20 char='m'
[20:46:46.508] [Z-BUFFER] REJECTED at (5,7): currentZ=10 < zBuffer=20 char='e'
[2026-01-10 20:46:46.515] [INFO] StandardListScreen.RenderContentToEngine: Rendering InlineEditor at Y=12
[20:46:47.096] [Z-BUFFER] REJECTED at (2,7): currentZ=10 < zBuffer=20 char='N'
[20:46:47.098] [Z-BUFFER] REJECTED at (3,7): currentZ=10 < zBuffer=20 char='a'
[20:46:47.099] [Z-BUFFER] REJECTED at (4,7): currentZ=10 < zBuffer=20 char='m'
[20:46:47.101] [Z-BUFFER] REJECTED at (5,7): currentZ=10 < zBuffer=20 char='e'
[2026-01-10 20:46:47.111] [INFO] StandardListScreen.RenderContentToEngine: Rendering InlineEditor at Y=12
[20:46:47.321] [Z-BUFFER] REJECTED at (2,7): currentZ=10 < zBuffer=20 char='N'
[20:46:47.323] [Z-BUFFER] REJECTED at (3,7): currentZ=10 < zBuffer=20 char='a'
[20:46:47.324] [Z-BUFFER] REJECTED at (4,7): currentZ=10 < zBuffer=20 char='m'
[20:46:47.325] [Z-BUFFER] REJECTED at (5,7): currentZ=10 < zBuffer=20 char='e'
[2026-01-10 20:46:47.332] [INFO] StandardListScreen.RenderContentToEngine: Rendering InlineEditor at Y=12
[20:46:47.942] [Z-BUFFER] REJECTED at (2,7): currentZ=10 < zBuffer=20 char='N'
[20:46:47.943] [Z-BUFFER] REJECTED at (3,7): currentZ=10 < zBuffer=20 char='a'
[20:46:47.944] [Z-BUFFER] REJECTED at (4,7): currentZ=10 < zBuffer=20 char='m'
[20:46:47.946] [Z-BUFFER] REJECTED at (5,7): currentZ=10 < zBuffer=20 char='e'
[2026-01-10 20:46:47.950] [INFO] StandardListScreen.RenderContentToEngine: Rendering InlineEditor at Y=12
[20:46:48.065] [Z-BUFFER] REJECTED at (2,7): currentZ=10 < zBuffer=20 char='N'
[20:46:48.067] [Z-BUFFER] REJECTED at (3,7): currentZ=10 < zBuffer=20 char='a'
[20:46:48.068] [Z-BUFFER] REJECTED at (4,7): currentZ=10 < zBuffer=20 char='m'
[20:46:48.068] [Z-BUFFER] REJECTED at (5,7): currentZ=10 < zBuffer=20 char='e'
[2026-01-10 20:46:48.073] [INFO] StandardListScreen.RenderContentToEngine: Rendering InlineEditor at Y=12
[20:46:49.737] [Z-BUFFER] REJECTED at (2,7): currentZ=10 < zBuffer=20 char='N'
[20:46:49.739] [Z-BUFFER] REJECTED at (3,7): currentZ=10 < zBuffer=20 char='a'
[20:46:49.740] [Z-BUFFER] REJECTED at (4,7): currentZ=10 < zBuffer=20 char='m'
[20:46:49.741] [Z-BUFFER] REJECTED at (5,7): currentZ=10 < zBuffer=20 char='e'
[2026-01-10 20:46:49.746] [INFO] StandardListScreen.RenderContentToEngine: Rendering InlineEditor at Y=12
[20:46:50.751] [Z-BUFFER] REJECTED at (2,7): currentZ=10 < zBuffer=20 char='N'
[20:46:50.752] [Z-BUFFER] REJECTED at (3,7): currentZ=10 < zBuffer=20 char='a'
[20:46:50.752] [Z-BUFFER] REJECTED at (4,7): currentZ=10 < zBuffer=20 char='m'
[20:46:50.753] [Z-BUFFER] REJECTED at (5,7): currentZ=10 < zBuffer=20 char='e'
[2026-01-10 20:46:50.759] [INFO] StandardListScreen.RenderContentToEngine: Rendering InlineEditor at Y=12
[2026-01-10 20:46:52.363] [INFO] UniversalList.RenderToEngine: SKIPPING row 0 (editor active, filling with blank)
[2026-01-10 20:46:52.377] [INFO] UniversalList.RenderToEngine: SKIPPING row 0 (editor active, filling with blank)
[20:46:52.387] [Z-BUFFER] REJECTED at (2,7): currentZ=10 < zBuffer=20 char='N'
[20:46:52.388] [Z-BUFFER] REJECTED at (3,7): currentZ=10 < zBuffer=20 char='a'
[20:46:52.389] [Z-BUFFER] REJECTED at (4,7): currentZ=10 < zBuffer=20 char='m'
[20:46:52.389] [Z-BUFFER] REJECTED at (5,7): currentZ=10 < zBuffer=20 char='e'
[2026-01-10 20:46:52.390] [INFO] UniversalList.RenderToEngine: SKIPPING row 0 (editor active, filling with blank)
[2026-01-10 20:46:52.394] [INFO] StandardListScreen.RenderContentToEngine: Rendering InlineEditor at Y=9
[2026-01-10 20:46:54.887] [INFO] UniversalList.RenderToEngine: SKIPPING row 0 (editor active, filling with blank)
[20:46:54.912] [Z-BUFFER] REJECTED at (2,7): currentZ=10 < zBuffer=20 char='N'
[20:46:54.913] [Z-BUFFER] REJECTED at (3,7): currentZ=10 < zBuffer=20 char='a'
[20:46:54.913] [Z-BUFFER] REJECTED at (4,7): currentZ=10 < zBuffer=20 char='m'
[20:46:54.913] [Z-BUFFER] REJECTED at (5,7): currentZ=10 < zBuffer=20 char='e'
[2026-01-10 20:46:54.914] [INFO] UniversalList.RenderToEngine: SKIPPING row 0 (editor active, filling with blank)
[2026-01-10 20:46:54.916] [INFO] StandardListScreen.RenderContentToEngine: Rendering InlineEditor at Y=9
