[2025-12-19 20:07:54.075] ServiceContainer: Registered 'Theme' (singleton=True)
[2025-12-19 20:07:54.087] ServiceContainer: Registered 'ThemeManager' (singleton=True)
[2025-12-19 20:07:54.089] ServiceContainer: Registered 'Config' (singleton=True)
[2025-12-19 20:07:54.090] ServiceContainer: Registered 'TaskStore' (singleton=True)
[2025-12-19 20:07:54.092] ServiceContainer: Registered 'MenuRegistry' (singleton=True)
[2025-12-19 20:07:54.093] ServiceContainer: Registered 'Application' (singleton=True)
[2025-12-19 20:07:54.094] ServiceContainer: Registered 'CommandService' (singleton=True)
[2025-12-19 20:07:54.095] ServiceContainer: Registered 'ChecklistService' (singleton=True)
[2025-12-19 20:07:54.096] ServiceContainer: Registered 'NoteService' (singleton=True)
[2025-12-19 20:07:54.098] ServiceContainer: Registered 'ExcelMappingService' (singleton=True)
[2025-12-19 20:07:54.099] ServiceContainer: Registered 'PreferencesService' (singleton=True)
[2025-12-19 20:07:54.100] ServiceContainer: Registered 'TaskListScreen' (singleton=False)
[2025-12-19 20:07:54.133] ServiceContainer: Resolving 'Application'...
[2025-12-19 20:07:54.136] ServiceContainer: Resolving 'Theme'...
[2025-12-19 20:07:54.539] ServiceContainer: Resolved 'Theme' successfully
[2025-12-19 20:07:54.695] ServiceContainer: Resolving 'ThemeManager'...
[2025-12-19 20:07:54.697] ServiceContainer: Resolved 'ThemeManager' successfully
[2025-12-19 20:07:54.716] ServiceContainer: Resolved 'Application' successfully
[2025-12-19 20:07:54.718] ServiceContainer: Resolving 'MenuRegistry'...
[2025-12-19 20:07:54.737] ServiceContainer: Resolved 'MenuRegistry' successfully
[2025-12-19 20:07:54.765] MenuRegistry: Loaded manifest with 23 entries
[2025-12-19 20:07:54.802] ServiceContainer: Registered 'TaskListScreen_Month' (singleton=False)
[2025-12-19 20:07:54.803] MenuRegistry: Registered screen factory 'TaskListScreen_Month' in container (viewMode=month)
[2025-12-19 20:07:54.825] MenuRegistry: Registered 'Month View' in 'Tasks' menu (hotkey=M order=45)
[2025-12-19 20:07:54.828] ServiceContainer: Registered 'TaskListScreen_Agenda' (singleton=False)
[2025-12-19 20:07:54.829] MenuRegistry: Registered screen factory 'TaskListScreen_Agenda' in container (viewMode=agenda)
[2025-12-19 20:07:54.831] MenuRegistry: Registered 'Agenda View' in 'Tasks' menu (hotkey=A order=50)
[2025-12-19 20:07:54.833] ServiceContainer: Registered 'ExcelImportScreen' (singleton=False)
[2025-12-19 20:07:54.834] MenuRegistry: Registered screen factory 'ExcelImportScreen' in container (viewMode=)
[2025-12-19 20:07:54.838] MenuRegistry: Registered 'Import from Excel' in 'Projects' menu (hotkey=I order=40)
[2025-12-19 20:07:54.840] ServiceContainer: Registered 'ChecklistsLauncherScreen' (singleton=False)
[2025-12-19 20:07:54.841] MenuRegistry: Registered screen factory 'ChecklistsLauncherScreen' in container (viewMode=)
[2025-12-19 20:07:54.843] MenuRegistry: Registered 'Checklists' in 'Tools' menu (hotkey=C order=25)
[2025-12-19 20:07:54.856] ServiceContainer: Registered 'TaskListScreen_NoDate' (singleton=False)
[2025-12-19 20:07:54.857] MenuRegistry: Registered screen factory 'TaskListScreen_NoDate' in container (viewMode=noduedate)
[2025-12-19 20:07:54.859] MenuRegistry: Registered 'No Due Date' in 'Tasks' menu (hotkey=D order=40)
[2025-12-19 20:07:54.861] ServiceContainer: Registered 'ProjectListScreen' (singleton=False)
[2025-12-19 20:07:54.862] MenuRegistry: Registered screen factory 'ProjectListScreen' in container (viewMode=)
[2025-12-19 20:07:54.864] MenuRegistry: Registered 'Project List' in 'Projects' menu (hotkey=L order=10)
[2025-12-19 20:07:54.866] ServiceContainer: Registered 'HelpViewScreen' (singleton=False)
[2025-12-19 20:07:54.867] MenuRegistry: Registered screen factory 'HelpViewScreen' in container (viewMode=)
[2025-12-19 20:07:54.869] MenuRegistry: Registered 'Help' in 'Help' menu (hotkey=H order=10)
[2025-12-19 20:07:54.871] ServiceContainer: Registered 'TimeListScreen' (singleton=False)
[2025-12-19 20:07:54.873] MenuRegistry: Registered screen factory 'TimeListScreen' in container (viewMode=)
[2025-12-19 20:07:54.874] MenuRegistry: Registered 'Time Tracking' in 'Time' menu (hotkey=T order=5)
[2025-12-19 20:07:54.877] ServiceContainer: Registered 'CommandLibraryScreen' (singleton=False)
[2025-12-19 20:07:54.878] MenuRegistry: Registered screen factory 'CommandLibraryScreen' in container (viewMode=)
[2025-12-19 20:07:54.879] MenuRegistry: Registered 'Command Library' in 'Tools' menu (hotkey=L order=10)
[2025-12-19 20:07:54.881] ServiceContainer: Registered 'ChecklistTemplatesFolderScreen' (singleton=False)
[2025-12-19 20:07:54.882] MenuRegistry: Registered screen factory 'ChecklistTemplatesFolderScreen' in container (viewMode=)
[2025-12-19 20:07:54.884] MenuRegistry: Registered 'Checklist Templates' in 'Tools' menu (hotkey=H order=30)
[2025-12-19 20:07:54.886] ServiceContainer: Registered 'TaskListScreen_NextActions' (singleton=False)
[2025-12-19 20:07:54.888] MenuRegistry: Registered screen factory 'TaskListScreen_NextActions' in container (viewMode=nextactions)
[2025-12-19 20:07:54.889] MenuRegistry: Registered 'Next Actions' in 'Tasks' menu (hotkey=N order=35)
[2025-12-19 20:07:54.891] ServiceContainer: Registered 'ExcelProfileManagerScreen' (singleton=False)
[2025-12-19 20:07:54.893] MenuRegistry: Registered screen factory 'ExcelProfileManagerScreen' in container (viewMode=)
[2025-12-19 20:07:54.894] MenuRegistry: Registered 'Excel Profiles' in 'Projects' menu (hotkey=M order=50)
[2025-12-19 20:07:54.896] ServiceContainer: Registered 'SettingsScreen' (singleton=False)
[2025-12-19 20:07:54.897] MenuRegistry: Registered screen factory 'SettingsScreen' in container (viewMode=)
[2025-12-19 20:07:54.898] MenuRegistry: Registered 'Settings' in 'Options' menu (hotkey=S order=20)
[2025-12-19 20:07:54.900] ServiceContainer: Registered 'WeeklyTimeReportScreen' (singleton=False)
[2025-12-19 20:07:54.901] MenuRegistry: Registered screen factory 'WeeklyTimeReportScreen' in container (viewMode=)
[2025-12-19 20:07:54.903] MenuRegistry: Registered 'Weekly Report' in 'Time' menu (hotkey=W order=10)
[2025-12-19 20:07:54.905] ServiceContainer: Registered 'ThemeEditorScreen' (singleton=False)
[2025-12-19 20:07:54.907] MenuRegistry: Registered screen factory 'ThemeEditorScreen' in container (viewMode=)
[2025-12-19 20:07:54.908] MenuRegistry: Registered 'Theme Editor' in 'Options' menu (hotkey=T order=10)
[2025-12-19 20:07:54.910] ServiceContainer: Registered 'TimeReportScreen' (singleton=False)
[2025-12-19 20:07:54.911] MenuRegistry: Registered screen factory 'TimeReportScreen' in container (viewMode=)
[2025-12-19 20:07:54.913] MenuRegistry: Registered 'Time Report' in 'Time' menu (hotkey=R order=20)
[2025-12-19 20:07:54.915] ServiceContainer: Registered 'TaskListScreen_Week' (singleton=False)
[2025-12-19 20:07:54.916] MenuRegistry: Registered screen factory 'TaskListScreen_Week' in container (viewMode=week)
[2025-12-19 20:07:54.917] MenuRegistry: Registered 'Week View' in 'Tasks' menu (hotkey=W order=20)
[2025-12-19 20:07:54.920] ServiceContainer: Registered 'TaskListScreen_Today' (singleton=False)
[2025-12-19 20:07:54.921] MenuRegistry: Registered screen factory 'TaskListScreen_Today' in container (viewMode=today)
[2025-12-19 20:07:54.922] MenuRegistry: Registered 'Today' in 'Tasks' menu (hotkey=Y order=10)
[2025-12-19 20:07:54.928] ServiceContainer: Registered 'TaskListScreen_Overdue' (singleton=False)
[2025-12-19 20:07:54.929] MenuRegistry: Registered screen factory 'TaskListScreen_Overdue' in container (viewMode=overdue)
[2025-12-19 20:07:54.931] MenuRegistry: Registered 'Overdue' in 'Tasks' menu (hotkey=O order=30)
[2025-12-19 20:07:54.933] ServiceContainer: Registered 'TaskListScreen_Tomorrow' (singleton=False)
[2025-12-19 20:07:54.934] MenuRegistry: Registered screen factory 'TaskListScreen_Tomorrow' in container (viewMode=tomorrow)
[2025-12-19 20:07:54.936] MenuRegistry: Registered 'Tomorrow' in 'Tasks' menu (hotkey=T order=15)
[2025-12-19 20:07:54.938] ServiceContainer: Registered 'TaskListScreen_Upcoming' (singleton=False)
[2025-12-19 20:07:54.939] MenuRegistry: Registered screen factory 'TaskListScreen_Upcoming' in container (viewMode=upcoming)
[2025-12-19 20:07:54.941] MenuRegistry: Registered 'Upcoming' in 'Tasks' menu (hotkey=U order=25)
[2025-12-19 20:07:54.943] ServiceContainer: Registered 'TaskListScreen_Default' (singleton=False)
[2025-12-19 20:07:54.945] MenuRegistry: Registered screen factory 'TaskListScreen_Default' in container (viewMode=)
[2025-12-19 20:07:54.946] MenuRegistry: Registered 'Task List' in 'Tasks' menu (hotkey=L order=5)
[2025-12-19 20:07:54.949] ServiceContainer: Registered 'NotesMenuScreen' (singleton=False)
[2025-12-19 20:07:54.950] MenuRegistry: Registered screen factory 'NotesMenuScreen' in container (viewMode=)
[2025-12-19 20:07:54.952] MenuRegistry: Registered 'Notes' in 'Tools' menu (hotkey=N order=20)
[2025-12-19 20:07:54.955] ServiceContainer: Resolving 'TaskListScreen'...
[2025-12-19 20:07:54.958] ServiceContainer: Resolving 'TaskStore'...
[2025-12-19 20:07:55.271] ServiceContainer: Resolved 'TaskStore' successfully
[2025-12-19 20:07:56.318] _PopulateMenusFromRegistry: Menu 'Time' has 3 items from registry (array)
[2025-12-19 20:07:56.346] _PopulateMenusFromRegistry: Menu 'Help' has 1 items from registry (array)
[2025-12-19 20:07:56.350] _PopulateMenusFromRegistry: Menu 'Options' has 2 items from registry (array)
[2025-12-19 20:07:56.354] _PopulateMenusFromRegistry: Menu 'Projects' has 3 items from registry (array)
[2025-12-19 20:07:56.358] _PopulateMenusFromRegistry: Menu 'Tools' has 4 items from registry (array)
[2025-12-19 20:07:56.366] _PopulateMenusFromRegistry: Menu 'Tasks' has 10 items from registry (array)
[2025-12-19 20:07:56.370] ServiceContainer: Resolved 'TaskListScreen' successfully
