[2025-12-21 17:41:57.375] ServiceContainer: Registered 'Theme' (singleton=True)
[2025-12-21 17:41:57.380] ServiceContainer: Registered 'ThemeManager' (singleton=True)
[2025-12-21 17:41:57.381] ServiceContainer: Registered 'Config' (singleton=True)
[2025-12-21 17:41:57.382] ServiceContainer: Registered 'TaskStore' (singleton=True)
[2025-12-21 17:41:57.383] ServiceContainer: Registered 'MenuRegistry' (singleton=True)
[2025-12-21 17:41:57.385] ServiceContainer: Registered 'Application' (singleton=True)
[2025-12-21 17:41:57.386] ServiceContainer: Registered 'CommandService' (singleton=True)
[2025-12-21 17:41:57.388] ServiceContainer: Registered 'ChecklistService' (singleton=True)
[2025-12-21 17:41:57.389] ServiceContainer: Registered 'NoteService' (singleton=True)
[2025-12-21 17:41:57.391] ServiceContainer: Registered 'ExcelMappingService' (singleton=True)
[2025-12-21 17:41:57.393] ServiceContainer: Registered 'PreferencesService' (singleton=True)
[2025-12-21 17:41:57.396] ServiceContainer: Registered 'TaskListScreen' (singleton=False)
[2025-12-21 17:41:57.426] ServiceContainer: Resolving 'Application'...
[2025-12-21 17:41:57.429] ServiceContainer: Resolving 'Theme'...
[2025-12-21 17:41:57.694] ServiceContainer: Resolved 'Theme' successfully
[2025-12-21 17:41:57.825] ServiceContainer: Resolving 'ThemeManager'...
[2025-12-21 17:41:57.829] ServiceContainer: Resolved 'ThemeManager' successfully
[2025-12-21 17:41:57.849] ServiceContainer: Resolved 'Application' successfully
[2025-12-21 17:41:57.851] ServiceContainer: Resolving 'MenuRegistry'...
[2025-12-21 17:41:57.865] ServiceContainer: Resolved 'MenuRegistry' successfully
[2025-12-21 17:41:57.899] MenuRegistry: Loaded manifest with 14 entries
[2025-12-21 17:41:57.928] ServiceContainer: Registered 'ProjectListScreen' (singleton=False)
[2025-12-21 17:41:57.929] MenuRegistry: Registered 'Project List' in 'Projects' menu (hotkey=L order=10)
[2025-12-21 17:41:57.955] MenuRegistry: Registered 'Project List' in 'Projects' menu (hotkey=L order=10)
[2025-12-21 17:41:57.957] ServiceContainer: Registered 'ExcelImportScreen' (singleton=False)
[2025-12-21 17:41:57.959] MenuRegistry: Registered 'Import from Excel' in 'Projects' menu (hotkey=I order=40)
[2025-12-21 17:41:57.961] MenuRegistry: Registered 'Import from Excel' in 'Projects' menu (hotkey=I order=40)
[2025-12-21 17:41:57.963] ServiceContainer: Registered 'WeeklyTimeReportScreen' (singleton=False)
[2025-12-21 17:41:57.965] MenuRegistry: Registered 'Weekly Report' in 'Time' menu (hotkey=W order=10)
[2025-12-21 17:41:57.966] MenuRegistry: Registered 'Weekly Report' in 'Time' menu (hotkey=W order=10)
[2025-12-21 17:41:57.968] ServiceContainer: Registered 'ExcelProfileManagerScreen' (singleton=False)
[2025-12-21 17:41:57.970] MenuRegistry: Registered 'Excel Profiles' in 'Projects' menu (hotkey=M order=50)
[2025-12-21 17:41:57.972] MenuRegistry: Registered 'Excel Profiles' in 'Projects' menu (hotkey=M order=50)
[2025-12-21 17:41:57.974] ServiceContainer: Registered 'ChecklistTemplatesFolderScreen' (singleton=False)
[2025-12-21 17:41:57.975] MenuRegistry: Registered 'Checklist Templates' in 'Tools' menu (hotkey=H order=30)
[2025-12-21 17:41:57.977] MenuRegistry: Registered 'Checklist Templates' in 'Tools' menu (hotkey=H order=30)
[2025-12-21 17:41:57.979] ServiceContainer: Registered 'SettingsScreen' (singleton=False)
[2025-12-21 17:41:57.980] MenuRegistry: Registered 'Settings' in 'Options' menu (hotkey=S order=20)
[2025-12-21 17:41:57.982] MenuRegistry: Registered 'Settings' in 'Options' menu (hotkey=S order=20)
[2025-12-21 17:41:57.983] ServiceContainer: Registered 'TimeReportScreen' (singleton=False)
[2025-12-21 17:41:57.984] MenuRegistry: Registered 'Time Report' in 'Time' menu (hotkey=R order=20)
[2025-12-21 17:41:57.986] MenuRegistry: Registered 'Time Report' in 'Time' menu (hotkey=R order=20)
[2025-12-21 17:41:57.988] ServiceContainer: Registered 'ThemeEditorScreen' (singleton=False)
[2025-12-21 17:41:57.989] MenuRegistry: Registered 'Theme Editor' in 'Options' menu (hotkey=T order=10)
[2025-12-21 17:41:57.991] MenuRegistry: Registered 'Theme Editor' in 'Options' menu (hotkey=T order=10)
[2025-12-21 17:41:57.993] ServiceContainer: Registered 'NotesMenuScreen' (singleton=False)
[2025-12-21 17:41:57.994] MenuRegistry: Registered 'Notes' in 'Tools' menu (hotkey=N order=20)
[2025-12-21 17:41:57.996] MenuRegistry: Registered 'Notes' in 'Tools' menu (hotkey=N order=20)
[2025-12-21 17:41:57.998] ServiceContainer: Registered 'CommandLibraryScreen' (singleton=False)
[2025-12-21 17:41:57.999] MenuRegistry: Registered 'Command Library' in 'Tools' menu (hotkey=L order=10)
[2025-12-21 17:41:58.000] MenuRegistry: Registered 'Command Library' in 'Tools' menu (hotkey=L order=10)
[2025-12-21 17:41:58.009] ServiceContainer: Registered 'TaskListScreen_Default' (singleton=False)
[2025-12-21 17:41:58.010] MenuRegistry: Registered 'Task List' in 'Tasks' menu (hotkey=L order=5)
[2025-12-21 17:41:58.012] MenuRegistry: Registered 'Task List' in 'Tasks' menu (hotkey=L order=5)
[2025-12-21 17:41:58.013] ServiceContainer: Registered 'HelpViewScreen' (singleton=False)
[2025-12-21 17:41:58.014] MenuRegistry: Registered 'Help' in 'Help' menu (hotkey=H order=10)
[2025-12-21 17:41:58.016] MenuRegistry: Registered 'Help' in 'Help' menu (hotkey=H order=10)
[2025-12-21 17:41:58.017] ServiceContainer: Registered 'TimeListScreen' (singleton=False)
[2025-12-21 17:41:58.018] MenuRegistry: Registered 'Time Tracking' in 'Time' menu (hotkey=T order=5)
[2025-12-21 17:41:58.019] MenuRegistry: Registered 'Time Tracking' in 'Time' menu (hotkey=T order=5)
[2025-12-21 17:41:58.021] ServiceContainer: Registered 'ChecklistsLauncherScreen' (singleton=False)
[2025-12-21 17:41:58.022] MenuRegistry: Registered 'Checklists' in 'Tools' menu (hotkey=C order=25)
[2025-12-21 17:41:58.023] MenuRegistry: Registered 'Checklists' in 'Tools' menu (hotkey=C order=25)
[2025-12-21 17:41:58.025] ServiceContainer: Resolving 'TaskListScreen'...
[2025-12-21 17:41:58.028] ServiceContainer: Resolving 'TaskStore'...
[2025-12-21 17:41:58.383] ServiceContainer: Resolved 'TaskStore' successfully
[2025-12-21 17:41:59.412] _PopulateMenusFromRegistry: Menu 'Projects' has 3 items from registry (array)
[2025-12-21 17:41:59.436] _PopulateMenusFromRegistry: Menu 'Options' has 2 items from registry (array)
[2025-12-21 17:41:59.440] _PopulateMenusFromRegistry: Menu 'Time' has 3 items from registry (array)
[2025-12-21 17:41:59.443] _PopulateMenusFromRegistry: Menu 'Help' has 1 items from registry (array)
[2025-12-21 17:41:59.460] _PopulateMenusFromRegistry: Menu 'Tools' has 4 items from registry (array)
[2025-12-21 17:41:59.463] _PopulateMenusFromRegistry: Menu 'Tasks' has 1 items from registry (array)
[2025-12-21 17:41:59.466] ServiceContainer: Resolved 'TaskListScreen' successfully
[2025-12-21 17:42:10.475] ServiceContainer: Resolving 'ProjectListScreen'...
[2025-12-21 17:42:10.572] ServiceContainer: Resolved 'ProjectListScreen' successfully
[2025-12-21 17:42:11.737] ServiceContainer: Registered 'ProjectInfoScreenV4' (singleton=False)
[2025-12-21 17:42:11.738] ServiceContainer: Resolving 'ProjectInfoScreenV4'...
[2025-12-21 17:42:11.855] [ERROR] ServiceContainer: Failed to resolve 'ProjectInfoScreenV4': Exception calling ".ctor" with "1" argument(s): "Method invocation failed because [ProjectInfoScreenV4] does not contain a method named '_UpdateBreadcrumb'."
[2025-12-21 17:42:11.856] Stack trace: at <ScriptBlock>, /home/teej/ztest/module/Pmc.Strict/consoleui/screens/ProjectListScreen.ps1: line 715
at Resolve, /home/teej/ztest/module/Pmc.Strict/consoleui/ServiceContainer.ps1: line 130
at <ScriptBlock>, /home/teej/ztest/module/Pmc.Strict/consoleui/screens/ProjectListScreen.ps1: line 719
at _InvokeCallback, /home/teej/ztest/module/Pmc.Strict/consoleui/widgets/UniversalList.ps1: line 1315
at HandleInput, /home/teej/ztest/module/Pmc.Strict/consoleui/widgets/UniversalList.ps1: line 833
at HandleKeyPress, /home/teej/ztest/module/Pmc.Strict/consoleui/base/StandardListScreen.ps1: line 1131
at HandleKeyPress, /home/teej/ztest/module/Pmc.Strict/consoleui/screens/ProjectListScreen.ps1: line 771
at Run, /home/teej/ztest/module/Pmc.Strict/consoleui/PmcApplication.ps1: line 413
at Start-PmcTUI, /home/teej/ztest/module/Pmc.Strict/consoleui/Start-PmcTUI.ps1: line 599
at <ScriptBlock>, /home/teej/ztest/start.ps1: line 37
[2025-12-21 17:42:16.566] ServiceContainer: Resolving 'ProjectInfoScreenV4'...
[2025-12-21 17:42:16.587] [ERROR] ServiceContainer: Failed to resolve 'ProjectInfoScreenV4': Exception calling ".ctor" with "1" argument(s): "Method invocation failed because [ProjectInfoScreenV4] does not contain a method named '_UpdateBreadcrumb'."
[2025-12-21 17:42:16.588] Stack trace: at <ScriptBlock>, /home/teej/ztest/module/Pmc.Strict/consoleui/screens/ProjectListScreen.ps1: line 715
at Resolve, /home/teej/ztest/module/Pmc.Strict/consoleui/ServiceContainer.ps1: line 130
at <ScriptBlock>, /home/teej/ztest/module/Pmc.Strict/consoleui/screens/ProjectListScreen.ps1: line 719
at _InvokeCallback, /home/teej/ztest/module/Pmc.Strict/consoleui/widgets/UniversalList.ps1: line 1315
at HandleInput, /home/teej/ztest/module/Pmc.Strict/consoleui/widgets/UniversalList.ps1: line 833
at HandleKeyPress, /home/teej/ztest/module/Pmc.Strict/consoleui/base/StandardListScreen.ps1: line 1131
at HandleKeyPress, /home/teej/ztest/module/Pmc.Strict/consoleui/screens/ProjectListScreen.ps1: line 771
at Run, /home/teej/ztest/module/Pmc.Strict/consoleui/PmcApplication.ps1: line 413
at Start-PmcTUI, /home/teej/ztest/module/Pmc.Strict/consoleui/Start-PmcTUI.ps1: line 599
at <ScriptBlock>, /home/teej/ztest/start.ps1: line 37
