[2026-01-03 14:00:52.096] ServiceContainer: Registered 'Theme' (singleton=True)
[2026-01-03 14:00:52.098] ServiceContainer: Registered 'ThemeManager' (singleton=True)
[2026-01-03 14:00:52.099] ServiceContainer: Registered 'Config' (singleton=True)
[2026-01-03 14:00:52.100] ServiceContainer: Registered 'TaskStore' (singleton=True)
[2026-01-03 14:00:52.101] ServiceContainer: Registered 'MenuRegistry' (singleton=True)
[2026-01-03 14:00:52.102] ServiceContainer: Registered 'Application' (singleton=True)
[2026-01-03 14:00:52.103] ServiceContainer: Registered 'CommandService' (singleton=True)
[2026-01-03 14:00:52.103] ServiceContainer: Registered 'ChecklistService' (singleton=True)
[2026-01-03 14:00:52.104] ServiceContainer: Registered 'NoteService' (singleton=True)
[2026-01-03 14:00:52.105] ServiceContainer: Registered 'ExcelMappingService' (singleton=True)
[2026-01-03 14:00:52.106] ServiceContainer: Registered 'ExcelCopyService' (singleton=True)
[2026-01-03 14:00:52.107] ServiceContainer: Registered 'PreferencesService' (singleton=True)
[2026-01-03 14:00:52.107] ServiceContainer: Registered 'ExcelImportService' (singleton=True)
[2026-01-03 14:00:52.108] ServiceContainer: Registered 'TextExportService' (singleton=True)
[2026-01-03 14:00:52.109] ServiceContainer: Registered 'TaskListScreen' (singleton=False)
[2026-01-03 14:00:52.123] ServiceContainer: Resolving 'Application'...
[2026-01-03 14:00:52.125] ServiceContainer: Resolving 'Theme'...
[2026-01-03 14:00:52.290] ServiceContainer: Resolved 'Theme' successfully
[2026-01-03 14:00:52.362] ServiceContainer: Resolving 'ThemeManager'...
[2026-01-03 14:00:52.363] ServiceContainer: Resolved 'ThemeManager' successfully
[2026-01-03 14:00:52.375] ServiceContainer: Resolved 'Application' successfully
[2026-01-03 14:00:52.376] ServiceContainer: Resolving 'MenuRegistry'...
[2026-01-03 14:00:52.386] ServiceContainer: Resolved 'MenuRegistry' successfully
[2026-01-03 14:00:52.402] MenuRegistry: Loaded manifest with 16 entries
[2026-01-03 14:00:52.423] ServiceContainer: Registered 'TimeListScreen' (singleton=False)
[2026-01-03 14:00:52.424] MenuRegistry: Registered 'Time Tracking' in 'Time' menu (hotkey=T order=5)
[2026-01-03 14:00:52.437] MenuRegistry: Registered 'Time Tracking' in 'Time' menu (hotkey=T order=5)
[2026-01-03 14:00:52.438] ServiceContainer: Registered 'NotesMenuScreen' (singleton=False)
[2026-01-03 14:00:52.439] MenuRegistry: Registered 'Notes' in 'Tools' menu (hotkey=N order=20)
[2026-01-03 14:00:52.440] MenuRegistry: Registered 'Notes' in 'Tools' menu (hotkey=N order=20)
[2026-01-03 14:00:52.442] ServiceContainer: Registered 'WeeklyTimeReportScreen' (singleton=False)
[2026-01-03 14:00:52.442] MenuRegistry: Registered 'Weekly Report' in 'Time' menu (hotkey=W order=10)
[2026-01-03 14:00:52.444] MenuRegistry: Registered 'Weekly Report' in 'Time' menu (hotkey=W order=10)
[2026-01-03 14:00:52.445] ServiceContainer: Registered 'CommandLibraryScreen' (singleton=False)
[2026-01-03 14:00:52.445] MenuRegistry: Registered 'Command Library' in 'Tools' menu (hotkey=L order=10)
[2026-01-03 14:00:52.452] MenuRegistry: Registered 'Command Library' in 'Tools' menu (hotkey=L order=10)
[2026-01-03 14:00:52.454] ServiceContainer: Registered 'ExcelImportProfileManagerScreen' (singleton=False)
[2026-01-03 14:00:52.455] MenuRegistry: Registered 'Excel Import Profiles' in 'Tools' menu (hotkey=I order=40)
[2026-01-03 14:00:52.456] MenuRegistry: Registered 'Excel Import Profiles' in 'Tools' menu (hotkey=I order=40)
[2026-01-03 14:00:52.457] ServiceContainer: Registered 'ChecklistTemplatesFolderScreen' (singleton=False)
[2026-01-03 14:00:52.458] MenuRegistry: Registered 'Checklist Templates' in 'Tools' menu (hotkey=H order=30)
[2026-01-03 14:00:52.459] MenuRegistry: Registered 'Checklist Templates' in 'Tools' menu (hotkey=H order=30)
[2026-01-03 14:00:52.460] ServiceContainer: Registered 'SettingsScreen' (singleton=False)
[2026-01-03 14:00:52.461] MenuRegistry: Registered 'Settings' in 'Options' menu (hotkey=S order=20)
[2026-01-03 14:00:52.462] MenuRegistry: Registered 'Settings' in 'Options' menu (hotkey=S order=20)
[2026-01-03 14:00:52.463] ServiceContainer: Registered 'ProjectListScreen' (singleton=False)
[2026-01-03 14:00:52.464] MenuRegistry: Registered 'Project List' in 'Projects' menu (hotkey=L order=10)
[2026-01-03 14:00:52.465] MenuRegistry: Registered 'Project List' in 'Projects' menu (hotkey=L order=10)
[2026-01-03 14:00:52.466] ServiceContainer: Registered 'HelpViewScreen' (singleton=False)
[2026-01-03 14:00:52.467] MenuRegistry: Registered 'Help' in 'Help' menu (hotkey=H order=10)
[2026-01-03 14:00:52.469] MenuRegistry: Registered 'Help' in 'Help' menu (hotkey=H order=10)
[2026-01-03 14:00:52.470] ServiceContainer: Registered 'TimeReportScreen' (singleton=False)
[2026-01-03 14:00:52.471] MenuRegistry: Registered 'Time Report' in 'Time' menu (hotkey=R order=20)
[2026-01-03 14:00:52.473] MenuRegistry: Registered 'Time Report' in 'Time' menu (hotkey=R order=20)
[2026-01-03 14:00:52.474] ServiceContainer: Registered 'ChecklistsLauncherScreen' (singleton=False)
[2026-01-03 14:00:52.475] MenuRegistry: Registered 'Checklists' in 'Tools' menu (hotkey=C order=25)
[2026-01-03 14:00:52.477] MenuRegistry: Registered 'Checklists' in 'Tools' menu (hotkey=C order=25)
[2026-01-03 14:00:52.478] ServiceContainer: Registered 'ExcelProfileManagerScreen' (singleton=False)
[2026-01-03 14:00:52.479] MenuRegistry: Registered 'Excel Profiles' in 'Projects' menu (hotkey=M order=50)
[2026-01-03 14:00:52.480] MenuRegistry: Registered 'Excel Profiles' in 'Projects' menu (hotkey=M order=50)
[2026-01-03 14:00:52.481] ServiceContainer: Registered 'ThemeEditorScreen' (singleton=False)
[2026-01-03 14:00:52.482] MenuRegistry: Registered 'Theme Editor' in 'Options' menu (hotkey=T order=10)
[2026-01-03 14:00:52.483] MenuRegistry: Registered 'Theme Editor' in 'Options' menu (hotkey=T order=10)
[2026-01-03 14:00:52.484] ServiceContainer: Registered 'TaskListScreen_Default' (singleton=False)
[2026-01-03 14:00:52.485] MenuRegistry: Registered 'Task List' in 'Tasks' menu (hotkey=L order=5)
[2026-01-03 14:00:52.486] MenuRegistry: Registered 'Task List' in 'Tasks' menu (hotkey=L order=5)
[2026-01-03 14:00:52.488] ServiceContainer: Registered 'TextExportProfileManagerScreen' (singleton=False)
[2026-01-03 14:00:52.489] MenuRegistry: Registered 'T2020 Export Profiles' in 'Tools' menu (hotkey=E order=45)
[2026-01-03 14:00:52.490] MenuRegistry: Registered 'T2020 Export Profiles' in 'Tools' menu (hotkey=E order=45)
[2026-01-03 14:00:52.491] ServiceContainer: Registered 'ExcelImportScreen' (singleton=False)
[2026-01-03 14:00:52.492] MenuRegistry: Registered 'Import from Excel' in 'Projects' menu (hotkey=I order=40)
[2026-01-03 14:00:52.493] MenuRegistry: Registered 'Import from Excel' in 'Projects' menu (hotkey=I order=40)
[2026-01-03 14:00:52.495] ServiceContainer: Resolving 'TaskListScreen'...
[2026-01-03 14:00:52.496] ServiceContainer: Resolving 'TaskStore'...
[2026-01-03 14:00:52.639] ServiceContainer: Resolved 'TaskStore' successfully
[2026-01-03 14:00:53.341] _PopulateMenusFromRegistry: Menu 'Tasks' has 1 items from registry (array)
[2026-01-03 14:00:53.357] _PopulateMenusFromRegistry: Menu 'Time' has 3 items from registry (array)
[2026-01-03 14:00:53.360] _PopulateMenusFromRegistry: Menu 'Help' has 1 items from registry (array)
[2026-01-03 14:00:53.362] _PopulateMenusFromRegistry: Menu 'Projects' has 3 items from registry (array)
[2026-01-03 14:00:53.365] _PopulateMenusFromRegistry: Menu 'Options' has 2 items from registry (array)
[2026-01-03 14:00:53.368] _PopulateMenusFromRegistry: Menu 'Tools' has 6 items from registry (array)
[2026-01-03 14:00:53.370] ServiceContainer: Resolved 'TaskListScreen' successfully
