[2025-12-21 21:45:59.419] ServiceContainer: Registered 'Theme' (singleton=True)
[2025-12-21 21:45:59.425] ServiceContainer: Registered 'ThemeManager' (singleton=True)
[2025-12-21 21:45:59.426] ServiceContainer: Registered 'Config' (singleton=True)
[2025-12-21 21:45:59.428] ServiceContainer: Registered 'TaskStore' (singleton=True)
[2025-12-21 21:45:59.429] ServiceContainer: Registered 'MenuRegistry' (singleton=True)
[2025-12-21 21:45:59.431] ServiceContainer: Registered 'Application' (singleton=True)
[2025-12-21 21:45:59.432] ServiceContainer: Registered 'CommandService' (singleton=True)
[2025-12-21 21:45:59.433] ServiceContainer: Registered 'ChecklistService' (singleton=True)
[2025-12-21 21:45:59.435] ServiceContainer: Registered 'NoteService' (singleton=True)
[2025-12-21 21:45:59.436] ServiceContainer: Registered 'ExcelMappingService' (singleton=True)
[2025-12-21 21:45:59.437] ServiceContainer: Registered 'PreferencesService' (singleton=True)
[2025-12-21 21:45:59.439] ServiceContainer: Registered 'TaskListScreen' (singleton=False)
[2025-12-21 21:45:59.459] ServiceContainer: Resolving 'Application'...
[2025-12-21 21:45:59.461] ServiceContainer: Resolving 'Theme'...
[2025-12-21 21:45:59.739] ServiceContainer: Resolved 'Theme' successfully
[2025-12-21 21:45:59.837] ServiceContainer: Resolving 'ThemeManager'...
[2025-12-21 21:45:59.840] ServiceContainer: Resolved 'ThemeManager' successfully
[2025-12-21 21:45:59.859] ServiceContainer: Resolved 'Application' successfully
[2025-12-21 21:45:59.860] ServiceContainer: Resolving 'MenuRegistry'...
[2025-12-21 21:45:59.876] ServiceContainer: Resolved 'MenuRegistry' successfully
[2025-12-21 21:45:59.900] MenuRegistry: Loaded manifest with 14 entries
[2025-12-21 21:45:59.934] ServiceContainer: Registered 'TimeReportScreen' (singleton=False)
[2025-12-21 21:45:59.936] MenuRegistry: Registered 'Time Report' in 'Time' menu (hotkey=R order=20)
[2025-12-21 21:45:59.957] MenuRegistry: Registered 'Time Report' in 'Time' menu (hotkey=R order=20)
[2025-12-21 21:45:59.979] ServiceContainer: Registered 'ExcelImportScreen' (singleton=False)
[2025-12-21 21:45:59.980] MenuRegistry: Registered 'Import from Excel' in 'Projects' menu (hotkey=I order=40)
[2025-12-21 21:45:59.983] MenuRegistry: Registered 'Import from Excel' in 'Projects' menu (hotkey=I order=40)
[2025-12-21 21:45:59.986] ServiceContainer: Registered 'ChecklistsLauncherScreen' (singleton=False)
[2025-12-21 21:45:59.987] MenuRegistry: Registered 'Checklists' in 'Tools' menu (hotkey=C order=25)
[2025-12-21 21:45:59.989] MenuRegistry: Registered 'Checklists' in 'Tools' menu (hotkey=C order=25)
[2025-12-21 21:45:59.991] ServiceContainer: Registered 'ExcelProfileManagerScreen' (singleton=False)
[2025-12-21 21:45:59.993] MenuRegistry: Registered 'Excel Profiles' in 'Projects' menu (hotkey=M order=50)
[2025-12-21 21:45:59.995] MenuRegistry: Registered 'Excel Profiles' in 'Projects' menu (hotkey=M order=50)
[2025-12-21 21:45:59.997] ServiceContainer: Registered 'NotesMenuScreen' (singleton=False)
[2025-12-21 21:45:59.999] MenuRegistry: Registered 'Notes' in 'Tools' menu (hotkey=N order=20)
[2025-12-21 21:46:00.001] MenuRegistry: Registered 'Notes' in 'Tools' menu (hotkey=N order=20)
[2025-12-21 21:46:00.004] ServiceContainer: Registered 'TimeListScreen' (singleton=False)
[2025-12-21 21:46:00.005] MenuRegistry: Registered 'Time Tracking' in 'Time' menu (hotkey=T order=5)
[2025-12-21 21:46:00.007] MenuRegistry: Registered 'Time Tracking' in 'Time' menu (hotkey=T order=5)
[2025-12-21 21:46:00.009] ServiceContainer: Registered 'HelpViewScreen' (singleton=False)
[2025-12-21 21:46:00.011] MenuRegistry: Registered 'Help' in 'Help' menu (hotkey=H order=10)
[2025-12-21 21:46:00.013] MenuRegistry: Registered 'Help' in 'Help' menu (hotkey=H order=10)
[2025-12-21 21:46:00.015] ServiceContainer: Registered 'SettingsScreen' (singleton=False)
[2025-12-21 21:46:00.017] MenuRegistry: Registered 'Settings' in 'Options' menu (hotkey=S order=20)
[2025-12-21 21:46:00.019] MenuRegistry: Registered 'Settings' in 'Options' menu (hotkey=S order=20)
[2025-12-21 21:46:00.022] ServiceContainer: Registered 'ChecklistTemplatesFolderScreen' (singleton=False)
[2025-12-21 21:46:00.023] MenuRegistry: Registered 'Checklist Templates' in 'Tools' menu (hotkey=H order=30)
[2025-12-21 21:46:00.025] MenuRegistry: Registered 'Checklist Templates' in 'Tools' menu (hotkey=H order=30)
[2025-12-21 21:46:00.027] ServiceContainer: Registered 'ThemeEditorScreen' (singleton=False)
[2025-12-21 21:46:00.029] MenuRegistry: Registered 'Theme Editor' in 'Options' menu (hotkey=T order=10)
[2025-12-21 21:46:00.031] MenuRegistry: Registered 'Theme Editor' in 'Options' menu (hotkey=T order=10)
[2025-12-21 21:46:00.034] ServiceContainer: Registered 'ProjectListScreen' (singleton=False)
[2025-12-21 21:46:00.035] MenuRegistry: Registered 'Project List' in 'Projects' menu (hotkey=L order=10)
[2025-12-21 21:46:00.037] MenuRegistry: Registered 'Project List' in 'Projects' menu (hotkey=L order=10)
[2025-12-21 21:46:00.039] ServiceContainer: Registered 'WeeklyTimeReportScreen' (singleton=False)
[2025-12-21 21:46:00.040] MenuRegistry: Registered 'Weekly Report' in 'Time' menu (hotkey=W order=10)
[2025-12-21 21:46:00.042] MenuRegistry: Registered 'Weekly Report' in 'Time' menu (hotkey=W order=10)
[2025-12-21 21:46:00.045] ServiceContainer: Registered 'TaskListScreen_Default' (singleton=False)
[2025-12-21 21:46:00.046] MenuRegistry: Registered 'Task List' in 'Tasks' menu (hotkey=L order=5)
[2025-12-21 21:46:00.048] MenuRegistry: Registered 'Task List' in 'Tasks' menu (hotkey=L order=5)
[2025-12-21 21:46:00.051] ServiceContainer: Registered 'CommandLibraryScreen' (singleton=False)
[2025-12-21 21:46:00.052] MenuRegistry: Registered 'Command Library' in 'Tools' menu (hotkey=L order=10)
[2025-12-21 21:46:00.054] MenuRegistry: Registered 'Command Library' in 'Tools' menu (hotkey=L order=10)
[2025-12-21 21:46:00.056] ServiceContainer: Resolving 'TaskListScreen'...
[2025-12-21 21:46:00.059] ServiceContainer: Resolving 'TaskStore'...
[2025-12-21 21:46:00.462] ServiceContainer: Resolved 'TaskStore' successfully
[2025-12-21 21:46:01.541] _PopulateMenusFromRegistry: Menu 'Help' has 1 items from registry (array)
[2025-12-21 21:46:01.582] _PopulateMenusFromRegistry: Menu 'Options' has 2 items from registry (array)
[2025-12-21 21:46:01.588] _PopulateMenusFromRegistry: Menu 'Projects' has 3 items from registry (array)
[2025-12-21 21:46:01.592] _PopulateMenusFromRegistry: Menu 'Time' has 3 items from registry (array)
[2025-12-21 21:46:01.597] _PopulateMenusFromRegistry: Menu 'Tools' has 4 items from registry (array)
[2025-12-21 21:46:01.600] _PopulateMenusFromRegistry: Menu 'Tasks' has 1 items from registry (array)
[2025-12-21 21:46:01.603] ServiceContainer: Resolved 'TaskListScreen' successfully
[2025-12-21 21:46:07.590] ServiceContainer: Resolving 'NotesMenuScreen'...
[2025-12-21 21:46:07.767] ServiceContainer: Resolved 'NotesMenuScreen' successfully
