[2026-01-06 17:56:00.100] ServiceContainer: Registered 'Theme' (singleton=True)
[2026-01-06 17:56:00.104] ServiceContainer: Registered 'ThemeManager' (singleton=True)
[2026-01-06 17:56:00.106] ServiceContainer: Registered 'Config' (singleton=True)
[2026-01-06 17:56:00.108] ServiceContainer: Registered 'TaskStore' (singleton=True)
[2026-01-06 17:56:00.110] ServiceContainer: Registered 'MenuRegistry' (singleton=True)
[2026-01-06 17:56:00.111] ServiceContainer: Registered 'Application' (singleton=True)
[2026-01-06 17:56:00.113] ServiceContainer: Registered 'CommandService' (singleton=True)
[2026-01-06 17:56:00.114] ServiceContainer: Registered 'ChecklistService' (singleton=True)
[2026-01-06 17:56:00.115] ServiceContainer: Registered 'NoteService' (singleton=True)
[2026-01-06 17:56:00.116] ServiceContainer: Registered 'ExcelMappingService' (singleton=True)
[2026-01-06 17:56:00.117] ServiceContainer: Registered 'ExcelCopyService' (singleton=True)
[2026-01-06 17:56:00.118] ServiceContainer: Registered 'PreferencesService' (singleton=True)
[2026-01-06 17:56:00.119] ServiceContainer: Registered 'ExcelImportService' (singleton=True)
[2026-01-06 17:56:00.120] ServiceContainer: Registered 'TextExportService' (singleton=True)
[2026-01-06 17:56:00.121] ServiceContainer: Registered 'TaskListScreen' (singleton=False)
[2026-01-06 17:56:00.142] ServiceContainer: Resolving 'Application'...
[2026-01-06 17:56:00.145] ServiceContainer: Resolving 'Theme'...
[2026-01-06 17:56:00.422] ServiceContainer: Resolved 'Theme' successfully
[2026-01-06 17:56:00.549] ServiceContainer: Resolving 'ThemeManager'...
[2026-01-06 17:56:00.552] ServiceContainer: Resolved 'ThemeManager' successfully
[2026-01-06 17:56:00.571] ServiceContainer: Resolved 'Application' successfully
[2026-01-06 17:56:00.573] ServiceContainer: Resolving 'MenuRegistry'...
[2026-01-06 17:56:00.588] ServiceContainer: Resolved 'MenuRegistry' successfully
[2026-01-06 17:56:00.611] MenuRegistry: Loaded manifest with 16 entries
[2026-01-06 17:56:00.645] ServiceContainer: Registered 'ProjectListScreen' (singleton=False)
[2026-01-06 17:56:00.646] MenuRegistry: Registered 'Project List' in 'Projects' menu (hotkey=L order=10)
[2026-01-06 17:56:00.666] MenuRegistry: Registered 'Project List' in 'Projects' menu (hotkey=L order=10)
[2026-01-06 17:56:00.668] ServiceContainer: Registered 'TimeListScreen' (singleton=False)
[2026-01-06 17:56:00.669] MenuRegistry: Registered 'Time Tracking' in 'Time' menu (hotkey=T order=5)
[2026-01-06 17:56:00.672] MenuRegistry: Registered 'Time Tracking' in 'Time' menu (hotkey=T order=5)
[2026-01-06 17:56:00.674] ServiceContainer: Registered 'ChecklistsLauncherScreen' (singleton=False)
[2026-01-06 17:56:00.675] MenuRegistry: Registered 'Checklists' in 'Tools' menu (hotkey=C order=25)
[2026-01-06 17:56:00.676] MenuRegistry: Registered 'Checklists' in 'Tools' menu (hotkey=C order=25)
[2026-01-06 17:56:00.678] ServiceContainer: Registered 'ExcelImportProfileManagerScreen' (singleton=False)
[2026-01-06 17:56:00.679] MenuRegistry: Registered 'Excel Import Profiles' in 'Tools' menu (hotkey=I order=40)
[2026-01-06 17:56:00.681] MenuRegistry: Registered 'Excel Import Profiles' in 'Tools' menu (hotkey=I order=40)
[2026-01-06 17:56:00.682] ServiceContainer: Registered 'WeeklyTimeReportScreen' (singleton=False)
[2026-01-06 17:56:00.694] MenuRegistry: Registered 'Weekly Report' in 'Time' menu (hotkey=W order=10)
[2026-01-06 17:56:00.696] MenuRegistry: Registered 'Weekly Report' in 'Time' menu (hotkey=W order=10)
[2026-01-06 17:56:00.698] ServiceContainer: Registered 'ThemeEditorScreen' (singleton=False)
[2026-01-06 17:56:00.699] MenuRegistry: Registered 'Theme Editor' in 'Options' menu (hotkey=T order=10)
[2026-01-06 17:56:00.701] MenuRegistry: Registered 'Theme Editor' in 'Options' menu (hotkey=T order=10)
[2026-01-06 17:56:00.702] ServiceContainer: Registered 'HelpViewScreen' (singleton=False)
[2026-01-06 17:56:00.703] MenuRegistry: Registered 'Help' in 'Help' menu (hotkey=H order=10)
[2026-01-06 17:56:00.705] MenuRegistry: Registered 'Help' in 'Help' menu (hotkey=H order=10)
[2026-01-06 17:56:00.707] ServiceContainer: Registered 'TimeReportScreen' (singleton=False)
[2026-01-06 17:56:00.708] MenuRegistry: Registered 'Time Report' in 'Time' menu (hotkey=R order=20)
[2026-01-06 17:56:00.709] MenuRegistry: Registered 'Time Report' in 'Time' menu (hotkey=R order=20)
[2026-01-06 17:56:00.711] ServiceContainer: Registered 'ExcelImportScreen' (singleton=False)
[2026-01-06 17:56:00.712] MenuRegistry: Registered 'Import from Excel' in 'Projects' menu (hotkey=I order=40)
[2026-01-06 17:56:00.714] MenuRegistry: Registered 'Import from Excel' in 'Projects' menu (hotkey=I order=40)
[2026-01-06 17:56:00.715] ServiceContainer: Registered 'ChecklistTemplatesFolderScreen' (singleton=False)
[2026-01-06 17:56:00.716] MenuRegistry: Registered 'Checklist Templates' in 'Tools' menu (hotkey=H order=30)
[2026-01-06 17:56:00.718] MenuRegistry: Registered 'Checklist Templates' in 'Tools' menu (hotkey=H order=30)
[2026-01-06 17:56:00.720] ServiceContainer: Registered 'SettingsScreen' (singleton=False)
[2026-01-06 17:56:00.721] MenuRegistry: Registered 'Settings' in 'Options' menu (hotkey=S order=20)
[2026-01-06 17:56:00.722] MenuRegistry: Registered 'Settings' in 'Options' menu (hotkey=S order=20)
[2026-01-06 17:56:00.724] ServiceContainer: Registered 'TextExportProfileManagerScreen' (singleton=False)
[2026-01-06 17:56:00.725] MenuRegistry: Registered 'T2020 Export Profiles' in 'Tools' menu (hotkey=E order=45)
[2026-01-06 17:56:00.726] MenuRegistry: Registered 'T2020 Export Profiles' in 'Tools' menu (hotkey=E order=45)
[2026-01-06 17:56:00.728] ServiceContainer: Registered 'CommandLibraryScreen' (singleton=False)
[2026-01-06 17:56:00.729] MenuRegistry: Registered 'Command Library' in 'Tools' menu (hotkey=L order=10)
[2026-01-06 17:56:00.731] MenuRegistry: Registered 'Command Library' in 'Tools' menu (hotkey=L order=10)
[2026-01-06 17:56:00.732] ServiceContainer: Registered 'ExcelProfileManagerScreen' (singleton=False)
[2026-01-06 17:56:00.733] MenuRegistry: Registered 'Excel Profiles' in 'Projects' menu (hotkey=M order=50)
[2026-01-06 17:56:00.735] MenuRegistry: Registered 'Excel Profiles' in 'Projects' menu (hotkey=M order=50)
[2026-01-06 17:56:00.737] ServiceContainer: Registered 'NotesMenuScreen' (singleton=False)
[2026-01-06 17:56:00.738] MenuRegistry: Registered 'Notes' in 'Tools' menu (hotkey=N order=20)
[2026-01-06 17:56:00.740] MenuRegistry: Registered 'Notes' in 'Tools' menu (hotkey=N order=20)
[2026-01-06 17:56:00.741] ServiceContainer: Registered 'TaskListScreen_Default' (singleton=False)
[2026-01-06 17:56:00.742] MenuRegistry: Registered 'Task List' in 'Tasks' menu (hotkey=L order=5)
[2026-01-06 17:56:00.744] MenuRegistry: Registered 'Task List' in 'Tasks' menu (hotkey=L order=5)
[2026-01-06 17:56:00.746] ServiceContainer: Resolving 'TaskListScreen'...
[2026-01-06 17:56:00.748] ServiceContainer: Resolving 'TaskStore'...
[2026-01-06 17:56:00.905] ServiceContainer: Resolved 'TaskStore' successfully
[2026-01-06 17:56:01.726] [INFO] StandardListScreen._ConfigureListActions: Configuring actions for Tasks
[2026-01-06 17:56:01.752] [INFO] StandardListScreen: Added footer shortcut D -> Delete
[2026-01-06 17:56:01.789] [INFO] StandardListScreen._ConfigureListActions: Configured 16 footer shortcuts
[2026-01-06 17:56:01.994] _PopulateMenusFromRegistry: Menu 'Projects' has 3 items from registry (array)
[2026-01-06 17:56:02.017] _PopulateMenusFromRegistry: Menu 'Options' has 2 items from registry (array)
[2026-01-06 17:56:02.020] _PopulateMenusFromRegistry: Menu 'Tasks' has 1 items from registry (array)
[2026-01-06 17:56:02.023] _PopulateMenusFromRegistry: Menu 'Time' has 3 items from registry (array)
[2026-01-06 17:56:02.028] _PopulateMenusFromRegistry: Menu 'Tools' has 6 items from registry (array)
[2026-01-06 17:56:02.044] _PopulateMenusFromRegistry: Menu 'Help' has 1 items from registry (array)
[2026-01-06 17:56:02.048] ServiceContainer: Resolved 'TaskListScreen' successfully
[2026-01-06 17:56:02.447] [INFO] StandardListScreen._ConfigureListActions: Configuring actions for Tasks
[2026-01-06 17:56:02.450] [INFO] StandardListScreen: Added footer shortcut D -> Delete
[2026-01-06 17:56:02.458] [INFO] StandardListScreen._ConfigureListActions: Configured 16 footer shortcuts
[2026-01-06 17:56:10.606] [INFO] *** STANDARDLISTSCREEN.ADDITEM CALLED on type=TaskListScreen key=TaskList ***
[2026-01-06 17:56:10.739] [INFO] StandardListScreen.AddItem: ActiveModal set to InlineEditor. ShowInlineEditor=True
[2026-01-06 17:56:11.028] [INFO] StandardListScreen.RenderContentToEngine: Rendering InlineEditor at Y=15
[2026-01-06 17:56:13.652] [INFO] StandardListScreen.RenderContentToEngine: Rendering InlineEditor at Y=15
[2026-01-06 17:56:14.452] [INFO] TaskListScreen.OnInlineEditConfirmed called - EditorMode=add
[2026-01-06 17:56:14.470] [INFO] TaskListScreen.OnItemUpdated: item=NULL values=tags, project, due, text
[2026-01-06 17:56:14.481] [INFO] TaskListScreen.OnItemCreated: Called with values: tags, project, due, text
[2026-01-06 17:56:14.763] [INFO] TaskListScreen.OnInlineEditConfirmed: Editor closed
