[2026-01-13 09:24:30.885] ServiceContainer: Registered 'Theme' (singleton=True)
[2026-01-13 09:24:30.887] ServiceContainer: Registered 'ThemeManager' (singleton=True)
[2026-01-13 09:24:30.888] ServiceContainer: Registered 'Config' (singleton=True)
[2026-01-13 09:24:30.889] ServiceContainer: Registered 'TaskStore' (singleton=True)
[2026-01-13 09:24:30.890] ServiceContainer: Registered 'MenuRegistry' (singleton=True)
[2026-01-13 09:24:30.891] ServiceContainer: Registered 'Application' (singleton=True)
[2026-01-13 09:24:30.891] ServiceContainer: Registered 'CommandService' (singleton=True)
[2026-01-13 09:24:30.892] ServiceContainer: Registered 'ChecklistService' (singleton=True)
[2026-01-13 09:24:30.893] ServiceContainer: Registered 'NoteService' (singleton=True)
[2026-01-13 09:24:30.894] ServiceContainer: Registered 'ExcelMappingService' (singleton=True)
[2026-01-13 09:24:30.895] ServiceContainer: Registered 'ExcelCopyService' (singleton=True)
[2026-01-13 09:24:30.895] ServiceContainer: Registered 'PreferencesService' (singleton=True)
[2026-01-13 09:24:30.896] ServiceContainer: Registered 'ExcelImportService' (singleton=True)
[2026-01-13 09:24:30.897] ServiceContainer: Registered 'TextExportService' (singleton=True)
[2026-01-13 09:24:30.898] ServiceContainer: Registered 'TaskListScreen' (singleton=False)
[2026-01-13 09:24:30.912] ServiceContainer: Resolving 'Application'...
[2026-01-13 09:24:30.913] ServiceContainer: Resolving 'Theme'...
[2026-01-13 09:24:31.078] ServiceContainer: Resolved 'Theme' successfully
[2026-01-13 09:24:31.139] ServiceContainer: Resolving 'ThemeManager'...
[2026-01-13 09:24:31.141] ServiceContainer: Resolved 'ThemeManager' successfully
[2026-01-13 09:24:31.150] ServiceContainer: Resolved 'Application' successfully
[2026-01-13 09:24:31.151] ServiceContainer: Resolving 'MenuRegistry'...
[2026-01-13 09:24:31.161] ServiceContainer: Resolved 'MenuRegistry' successfully
[2026-01-13 09:24:31.181] MenuRegistry: Loaded manifest with 17 entries
[2026-01-13 09:24:31.201] ServiceContainer: Registered 'SettingsScreen' (singleton=False)
[2026-01-13 09:24:31.208] MenuRegistry: Registered factory for 'Settings'
[2026-01-13 09:24:31.220] MenuRegistry: Registered 'Settings' in 'Options' menu (hotkey=S order=20)
[2026-01-13 09:24:31.222] ServiceContainer: Registered 'WeeklyTimeReportScreen' (singleton=False)
[2026-01-13 09:24:31.222] MenuRegistry: Registered factory for 'Weekly Report'
[2026-01-13 09:24:31.223] MenuRegistry: Registered 'Weekly Report' in 'Time' menu (hotkey=W order=10)
[2026-01-13 09:24:31.225] ServiceContainer: Registered 'CalendarScreen' (singleton=False)
[2026-01-13 09:24:31.225] MenuRegistry: Registered factory for 'Calendar'
[2026-01-13 09:24:31.226] MenuRegistry: Registered 'Calendar' in 'Tools' menu (hotkey=A order=50)
[2026-01-13 09:24:31.227] ServiceContainer: Registered 'NotesMenuScreen' (singleton=False)
[2026-01-13 09:24:31.228] MenuRegistry: Registered factory for 'Notes'
[2026-01-13 09:24:31.229] MenuRegistry: Registered 'Notes' in 'Tools' menu (hotkey=N order=20)
[2026-01-13 09:24:31.230] ServiceContainer: Registered 'TimeReportScreen' (singleton=False)
[2026-01-13 09:24:31.231] MenuRegistry: Registered factory for 'Time Report'
[2026-01-13 09:24:31.232] MenuRegistry: Registered 'Time Report' in 'Time' menu (hotkey=R order=20)
[2026-01-13 09:24:31.233] ServiceContainer: Registered 'ExcelProfileManagerScreen' (singleton=False)
[2026-01-13 09:24:31.233] MenuRegistry: Registered factory for 'Excel Profiles'
[2026-01-13 09:24:31.234] MenuRegistry: Registered 'Excel Profiles' in 'Projects' menu (hotkey=M order=50)
[2026-01-13 09:24:31.235] ServiceContainer: Registered 'HelpViewScreen' (singleton=False)
[2026-01-13 09:24:31.236] MenuRegistry: Registered factory for 'Help'
[2026-01-13 09:24:31.237] MenuRegistry: Registered 'Help' in 'Help' menu (hotkey=H order=10)
[2026-01-13 09:24:31.238] ServiceContainer: Registered 'ChecklistTemplatesFolderScreen' (singleton=False)
[2026-01-13 09:24:31.239] MenuRegistry: Registered factory for 'Checklist Templates'
[2026-01-13 09:24:31.239] MenuRegistry: Registered 'Checklist Templates' in 'Tools' menu (hotkey=H order=30)
[2026-01-13 09:24:31.241] ServiceContainer: Registered 'TaskListScreen_Default' (singleton=False)
[2026-01-13 09:24:31.241] MenuRegistry: Registered factory for 'Task List'
[2026-01-13 09:24:31.242] MenuRegistry: Registered 'Task List' in 'Tasks' menu (hotkey=L order=5)
[2026-01-13 09:24:31.243] ServiceContainer: Registered 'ChecklistsLauncherScreen' (singleton=False)
[2026-01-13 09:24:31.244] MenuRegistry: Registered factory for 'Checklists'
[2026-01-13 09:24:31.245] MenuRegistry: Registered 'Checklists' in 'Tools' menu (hotkey=C order=25)
[2026-01-13 09:24:31.246] ServiceContainer: Registered 'ThemeEditorScreen' (singleton=False)
[2026-01-13 09:24:31.247] MenuRegistry: Registered factory for 'Theme Editor'
[2026-01-13 09:24:31.247] MenuRegistry: Registered 'Theme Editor' in 'Options' menu (hotkey=T order=10)
[2026-01-13 09:24:31.249] ServiceContainer: Registered 'CommandLibraryScreen' (singleton=False)
[2026-01-13 09:24:31.249] MenuRegistry: Registered factory for 'Command Library'
[2026-01-13 09:24:31.250] MenuRegistry: Registered 'Command Library' in 'Tools' menu (hotkey=L order=10)
[2026-01-13 09:24:31.251] ServiceContainer: Registered 'ExcelImportScreen' (singleton=False)
[2026-01-13 09:24:31.252] MenuRegistry: Registered factory for 'Import from Excel'
[2026-01-13 09:24:31.253] MenuRegistry: Registered 'Import from Excel' in 'Projects' menu (hotkey=I order=40)
[2026-01-13 09:24:31.254] ServiceContainer: Registered 'ExcelImportProfileManagerScreen' (singleton=False)
[2026-01-13 09:24:31.254] MenuRegistry: Registered factory for 'Excel Import Profiles'
[2026-01-13 09:24:31.255] MenuRegistry: Registered 'Excel Import Profiles' in 'Tools' menu (hotkey=I order=40)
[2026-01-13 09:24:31.256] ServiceContainer: Registered 'TimeListScreen' (singleton=False)
[2026-01-13 09:24:31.274] MenuRegistry: Registered factory for 'Time Tracking'
[2026-01-13 09:24:31.275] MenuRegistry: Registered 'Time Tracking' in 'Time' menu (hotkey=T order=5)
[2026-01-13 09:24:31.276] ServiceContainer: Registered 'ProjectListScreen' (singleton=False)
[2026-01-13 09:24:31.277] MenuRegistry: Registered factory for 'Project List'
[2026-01-13 09:24:31.278] MenuRegistry: Registered 'Project List' in 'Projects' menu (hotkey=L order=10)
[2026-01-13 09:24:31.279] ServiceContainer: Registered 'TextExportProfileManagerScreen' (singleton=False)
[2026-01-13 09:24:31.279] MenuRegistry: Registered factory for 'T2020 Export Profiles'
[2026-01-13 09:24:31.280] MenuRegistry: Registered 'T2020 Export Profiles' in 'Tools' menu (hotkey=E order=45)
[2026-01-13 09:24:35.938] ServiceContainer: Resolving 'TimeListScreen'...
[2026-01-13 09:24:36.128] [INFO] StandardListScreen._ConfigureListActions: Configuring actions for Time Tracking
[2026-01-13 09:24:36.136] [INFO] StandardListScreen: Added footer shortcut D -> Delete
[2026-01-13 09:24:36.146] [INFO] StandardListScreen._ConfigureListActions: Configured 7 footer shortcuts
[2026-01-13 09:24:36.234] ServiceContainer: Resolved 'TimeListScreen' successfully
[2026-01-13 09:24:36.317] [INFO] StandardListScreen._ConfigureListActions: Configuring actions for Time Tracking
[2026-01-13 09:24:36.319] [INFO] StandardListScreen: Added footer shortcut D -> Delete
[2026-01-13 09:24:36.320] [INFO] StandardListScreen._ConfigureListActions: Configured 7 footer shortcuts
[09:24:36.490] [Z-BUFFER] REJECTED at (2,7): currentZ=10 < zBuffer=20 char='D'
[09:24:36.492] [Z-BUFFER] REJECTED at (3,7): currentZ=10 < zBuffer=20 char='a'
[09:24:36.493] [Z-BUFFER] REJECTED at (4,7): currentZ=10 < zBuffer=20 char='t'
[09:24:36.494] [Z-BUFFER] REJECTED at (5,7): currentZ=10 < zBuffer=20 char='e'
[09:24:36.497] [Z-BUFFER] REJECTED at (14,7): currentZ=10 < zBuffer=20 char='T'
[09:24:36.498] [Z-BUFFER] REJECTED at (15,7): currentZ=10 < zBuffer=20 char='a'
[09:24:36.499] [Z-BUFFER] REJECTED at (16,7): currentZ=10 < zBuffer=20 char='s'
[09:24:36.500] [Z-BUFFER] REJECTED at (17,7): currentZ=10 < zBuffer=20 char='k'
[09:24:36.502] [Z-BUFFER] REJECTED at (55,7): currentZ=10 < zBuffer=20 char='I'
[09:24:36.502] [Z-BUFFER] REJECTED at (56,7): currentZ=10 < zBuffer=20 char='D'
[09:24:36.503] [Z-BUFFER] REJECTED at (57,7): currentZ=10 < zBuffer=20 char='1'
[09:24:36.504] [Z-BUFFER] REJECTED at (65,7): currentZ=10 < zBuffer=20 char='I'
[09:24:36.507] [Z-BUFFER] REJECTED at (66,7): currentZ=10 < zBuffer=20 char='D'
[09:24:36.508] [Z-BUFFER] REJECTED at (67,7): currentZ=10 < zBuffer=20 char='2'
[09:24:36.510] [Z-BUFFER] REJECTED at (93,7): currentZ=10 < zBuffer=20 char='N'
[09:24:36.533] [Z-BUFFER] REJECTED at (94,7): currentZ=10 < zBuffer=20 char='o'
[09:24:36.534] [Z-BUFFER] REJECTED at (95,7): currentZ=10 < zBuffer=20 char='t'
[09:24:36.534] [Z-BUFFER] REJECTED at (96,7): currentZ=10 < zBuffer=20 char='e'
[09:24:36.535] [Z-BUFFER] REJECTED at (97,7): currentZ=10 < zBuffer=20 char='s'
[09:24:37.520] [Z-BUFFER] REJECTED at (2,7): currentZ=10 < zBuffer=20 char='D'
[09:24:37.521] [Z-BUFFER] REJECTED at (3,7): currentZ=10 < zBuffer=20 char='a'
[09:24:37.521] [Z-BUFFER] REJECTED at (4,7): currentZ=10 < zBuffer=20 char='t'
[09:24:37.522] [Z-BUFFER] REJECTED at (5,7): currentZ=10 < zBuffer=20 char='e'
[09:24:37.522] [Z-BUFFER] REJECTED at (14,7): currentZ=10 < zBuffer=20 char='T'
[09:24:37.523] [Z-BUFFER] REJECTED at (15,7): currentZ=10 < zBuffer=20 char='a'
[09:24:37.523] [Z-BUFFER] REJECTED at (16,7): currentZ=10 < zBuffer=20 char='s'
[09:24:37.524] [Z-BUFFER] REJECTED at (17,7): currentZ=10 < zBuffer=20 char='k'
[09:24:37.524] [Z-BUFFER] REJECTED at (55,7): currentZ=10 < zBuffer=20 char='I'
[09:24:37.525] [Z-BUFFER] REJECTED at (56,7): currentZ=10 < zBuffer=20 char='D'
[09:24:37.525] [Z-BUFFER] REJECTED at (57,7): currentZ=10 < zBuffer=20 char='1'
[09:24:37.525] [Z-BUFFER] REJECTED at (65,7): currentZ=10 < zBuffer=20 char='I'
[09:24:37.529] [Z-BUFFER] REJECTED at (66,7): currentZ=10 < zBuffer=20 char='D'
[09:24:37.530] [Z-BUFFER] REJECTED at (67,7): currentZ=10 < zBuffer=20 char='2'
[09:24:37.530] [Z-BUFFER] REJECTED at (93,7): currentZ=10 < zBuffer=20 char='N'
[09:24:37.531] [Z-BUFFER] REJECTED at (94,7): currentZ=10 < zBuffer=20 char='o'
[09:24:37.531] [Z-BUFFER] REJECTED at (95,7): currentZ=10 < zBuffer=20 char='t'
[09:24:37.531] [Z-BUFFER] REJECTED at (96,7): currentZ=10 < zBuffer=20 char='e'
[09:24:37.532] [Z-BUFFER] REJECTED at (97,7): currentZ=10 < zBuffer=20 char='s'
[09:24:38.392] [Z-BUFFER] REJECTED at (2,7): currentZ=10 < zBuffer=20 char='D'
[09:24:38.393] [Z-BUFFER] REJECTED at (3,7): currentZ=10 < zBuffer=20 char='a'
[09:24:38.393] [Z-BUFFER] REJECTED at (4,7): currentZ=10 < zBuffer=20 char='t'
[09:24:38.393] [Z-BUFFER] REJECTED at (5,7): currentZ=10 < zBuffer=20 char='e'
[09:24:38.394] [Z-BUFFER] REJECTED at (14,7): currentZ=10 < zBuffer=20 char='T'
[09:24:38.394] [Z-BUFFER] REJECTED at (15,7): currentZ=10 < zBuffer=20 char='a'
[09:24:38.394] [Z-BUFFER] REJECTED at (16,7): currentZ=10 < zBuffer=20 char='s'
[09:24:38.395] [Z-BUFFER] REJECTED at (17,7): currentZ=10 < zBuffer=20 char='k'
[09:24:38.395] [Z-BUFFER] REJECTED at (55,7): currentZ=10 < zBuffer=20 char='I'
[09:24:38.396] [Z-BUFFER] REJECTED at (56,7): currentZ=10 < zBuffer=20 char='D'
[09:24:38.396] [Z-BUFFER] REJECTED at (57,7): currentZ=10 < zBuffer=20 char='1'
[09:24:38.398] [Z-BUFFER] REJECTED at (65,7): currentZ=10 < zBuffer=20 char='I'
[09:24:38.398] [Z-BUFFER] REJECTED at (66,7): currentZ=10 < zBuffer=20 char='D'
[09:24:38.398] [Z-BUFFER] REJECTED at (67,7): currentZ=10 < zBuffer=20 char='2'
[09:24:38.399] [Z-BUFFER] REJECTED at (93,7): currentZ=10 < zBuffer=20 char='N'
[09:24:38.399] [Z-BUFFER] REJECTED at (94,7): currentZ=10 < zBuffer=20 char='o'
[09:24:38.399] [Z-BUFFER] REJECTED at (95,7): currentZ=10 < zBuffer=20 char='t'
[09:24:38.400] [Z-BUFFER] REJECTED at (96,7): currentZ=10 < zBuffer=20 char='e'
[09:24:38.400] [Z-BUFFER] REJECTED at (97,7): currentZ=10 < zBuffer=20 char='s'
[2026-01-13 09:24:47.608] [ERROR] HandleKeyPress exception: Method invocation failed because [HybridRenderEngine] does not contain a method named 'ForceRedraw'.
[2026-01-13 09:24:47.610] [ERROR] Stack: at ShowDetailDialog, /home/teej/ztest/module/Pmc.Strict/consoleui/screens/TimeListScreen.ps1: line 695
at HandleKeyPress, /home/teej/ztest/module/Pmc.Strict/consoleui/screens/TimeListScreen.ps1: line 713
at Run, /home/teej/ztest/module/Pmc.Strict/consoleui/PmcApplication.ps1: line 420
at Start-PmcTUI, /home/teej/ztest/module/Pmc.Strict/consoleui/Start-PmcTUI.ps1: line 632
at <ScriptBlock>, /home/teej/ztest/start.ps1: line 37
