[2026-01-02 07:38:28.555] ServiceContainer: Registered 'Theme' (singleton=True)
[2026-01-02 07:38:28.562] ServiceContainer: Registered 'ThemeManager' (singleton=True)
[2026-01-02 07:38:28.564] ServiceContainer: Registered 'Config' (singleton=True)
[2026-01-02 07:38:28.565] ServiceContainer: Registered 'TaskStore' (singleton=True)
[2026-01-02 07:38:28.566] ServiceContainer: Registered 'MenuRegistry' (singleton=True)
[2026-01-02 07:38:28.567] ServiceContainer: Registered 'Application' (singleton=True)
[2026-01-02 07:38:28.569] ServiceContainer: Registered 'CommandService' (singleton=True)
[2026-01-02 07:38:28.570] ServiceContainer: Registered 'ChecklistService' (singleton=True)
[2026-01-02 07:38:28.571] ServiceContainer: Registered 'NoteService' (singleton=True)
[2026-01-02 07:38:28.573] ServiceContainer: Registered 'ExcelMappingService' (singleton=True)
[2026-01-02 07:38:28.574] ServiceContainer: Registered 'ExcelCopyService' (singleton=True)
[2026-01-02 07:38:28.576] ServiceContainer: Registered 'PreferencesService' (singleton=True)
[2026-01-02 07:38:28.577] ServiceContainer: Registered 'ExcelImportService' (singleton=True)
[2026-01-02 07:38:28.578] ServiceContainer: Registered 'TextExportService' (singleton=True)
[2026-01-02 07:38:28.580] ServiceContainer: Registered 'TaskListScreen' (singleton=False)
[2026-01-02 07:38:28.608] ServiceContainer: Resolving 'Application'...
[2026-01-02 07:38:28.610] ServiceContainer: Resolving 'Theme'...
[2026-01-02 07:38:28.923] ServiceContainer: Resolved 'Theme' successfully
[2026-01-02 07:38:29.057] ServiceContainer: Resolving 'ThemeManager'...
[2026-01-02 07:38:29.060] ServiceContainer: Resolved 'ThemeManager' successfully
[2026-01-02 07:38:29.079] ServiceContainer: Resolved 'Application' successfully
[2026-01-02 07:38:29.081] ServiceContainer: Resolving 'MenuRegistry'...
[2026-01-02 07:38:29.098] ServiceContainer: Resolved 'MenuRegistry' successfully
[2026-01-02 07:38:29.122] MenuRegistry: Loaded manifest with 16 entries
[2026-01-02 07:38:29.161] ServiceContainer: Registered 'NotesMenuScreen' (singleton=False)
[2026-01-02 07:38:29.162] MenuRegistry: Registered 'Notes' in 'Tools' menu (hotkey=N order=20)
[2026-01-02 07:38:29.185] MenuRegistry: Registered 'Notes' in 'Tools' menu (hotkey=N order=20)
[2026-01-02 07:38:29.188] ServiceContainer: Registered 'ChecklistTemplatesFolderScreen' (singleton=False)
[2026-01-02 07:38:29.189] MenuRegistry: Registered 'Checklist Templates' in 'Tools' menu (hotkey=H order=30)
[2026-01-02 07:38:29.192] MenuRegistry: Registered 'Checklist Templates' in 'Tools' menu (hotkey=H order=30)
[2026-01-02 07:38:29.194] ServiceContainer: Registered 'ChecklistsLauncherScreen' (singleton=False)
[2026-01-02 07:38:29.195] MenuRegistry: Registered 'Checklists' in 'Tools' menu (hotkey=C order=25)
[2026-01-02 07:38:29.197] MenuRegistry: Registered 'Checklists' in 'Tools' menu (hotkey=C order=25)
[2026-01-02 07:38:29.199] ServiceContainer: Registered 'HelpViewScreen' (singleton=False)
[2026-01-02 07:38:29.200] MenuRegistry: Registered 'Help' in 'Help' menu (hotkey=H order=10)
[2026-01-02 07:38:29.212] MenuRegistry: Registered 'Help' in 'Help' menu (hotkey=H order=10)
[2026-01-02 07:38:29.215] ServiceContainer: Registered 'TextExportProfileManagerScreen' (singleton=False)
[2026-01-02 07:38:29.216] MenuRegistry: Registered 'T2020 Export Profiles' in 'Tools' menu (hotkey=E order=45)
[2026-01-02 07:38:29.218] MenuRegistry: Registered 'T2020 Export Profiles' in 'Tools' menu (hotkey=E order=45)
[2026-01-02 07:38:29.220] ServiceContainer: Registered 'ExcelProfileManagerScreen' (singleton=False)
[2026-01-02 07:38:29.221] MenuRegistry: Registered 'Excel Profiles' in 'Projects' menu (hotkey=M order=50)
[2026-01-02 07:38:29.223] MenuRegistry: Registered 'Excel Profiles' in 'Projects' menu (hotkey=M order=50)
[2026-01-02 07:38:29.225] ServiceContainer: Registered 'CommandLibraryScreen' (singleton=False)
[2026-01-02 07:38:29.226] MenuRegistry: Registered 'Command Library' in 'Tools' menu (hotkey=L order=10)
[2026-01-02 07:38:29.228] MenuRegistry: Registered 'Command Library' in 'Tools' menu (hotkey=L order=10)
[2026-01-02 07:38:29.230] ServiceContainer: Registered 'TimeReportScreen' (singleton=False)
[2026-01-02 07:38:29.232] MenuRegistry: Registered 'Time Report' in 'Time' menu (hotkey=R order=20)
[2026-01-02 07:38:29.233] MenuRegistry: Registered 'Time Report' in 'Time' menu (hotkey=R order=20)
[2026-01-02 07:38:29.235] ServiceContainer: Registered 'WeeklyTimeReportScreen' (singleton=False)
[2026-01-02 07:38:29.236] MenuRegistry: Registered 'Weekly Report' in 'Time' menu (hotkey=W order=10)
[2026-01-02 07:38:29.238] MenuRegistry: Registered 'Weekly Report' in 'Time' menu (hotkey=W order=10)
[2026-01-02 07:38:29.240] ServiceContainer: Registered 'SettingsScreen' (singleton=False)
[2026-01-02 07:38:29.241] MenuRegistry: Registered 'Settings' in 'Options' menu (hotkey=S order=20)
[2026-01-02 07:38:29.243] MenuRegistry: Registered 'Settings' in 'Options' menu (hotkey=S order=20)
[2026-01-02 07:38:29.245] ServiceContainer: Registered 'ExcelImportScreen' (singleton=False)
[2026-01-02 07:38:29.246] MenuRegistry: Registered 'Import from Excel' in 'Projects' menu (hotkey=I order=40)
[2026-01-02 07:38:29.248] MenuRegistry: Registered 'Import from Excel' in 'Projects' menu (hotkey=I order=40)
[2026-01-02 07:38:29.250] ServiceContainer: Registered 'ExcelImportProfileManagerScreen' (singleton=False)
[2026-01-02 07:38:29.251] MenuRegistry: Registered 'Excel Import Profiles' in 'Tools' menu (hotkey=I order=40)
[2026-01-02 07:38:29.253] MenuRegistry: Registered 'Excel Import Profiles' in 'Tools' menu (hotkey=I order=40)
[2026-01-02 07:38:29.255] ServiceContainer: Registered 'TaskListScreen_Default' (singleton=False)
[2026-01-02 07:38:29.256] MenuRegistry: Registered 'Task List' in 'Tasks' menu (hotkey=L order=5)
[2026-01-02 07:38:29.258] MenuRegistry: Registered 'Task List' in 'Tasks' menu (hotkey=L order=5)
[2026-01-02 07:38:29.260] ServiceContainer: Registered 'TimeListScreen' (singleton=False)
[2026-01-02 07:38:29.261] MenuRegistry: Registered 'Time Tracking' in 'Time' menu (hotkey=T order=5)
[2026-01-02 07:38:29.263] MenuRegistry: Registered 'Time Tracking' in 'Time' menu (hotkey=T order=5)
[2026-01-02 07:38:29.265] ServiceContainer: Registered 'ThemeEditorScreen' (singleton=False)
[2026-01-02 07:38:29.266] MenuRegistry: Registered 'Theme Editor' in 'Options' menu (hotkey=T order=10)
[2026-01-02 07:38:29.268] MenuRegistry: Registered 'Theme Editor' in 'Options' menu (hotkey=T order=10)
[2026-01-02 07:38:29.269] ServiceContainer: Registered 'ProjectListScreen' (singleton=False)
[2026-01-02 07:38:29.270] MenuRegistry: Registered 'Project List' in 'Projects' menu (hotkey=L order=10)
[2026-01-02 07:38:29.272] MenuRegistry: Registered 'Project List' in 'Projects' menu (hotkey=L order=10)
[2026-01-02 07:38:29.274] ServiceContainer: Resolving 'TaskListScreen'...
[2026-01-02 07:38:29.277] ServiceContainer: Resolving 'TaskStore'...
[2026-01-02 07:38:29.435] ServiceContainer: Resolved 'TaskStore' successfully
[2026-01-02 07:38:30.621] _PopulateMenusFromRegistry: Menu 'Tools' has 6 items from registry (array)
[2026-01-02 07:38:30.649] _PopulateMenusFromRegistry: Menu 'Projects' has 3 items from registry (array)
[2026-01-02 07:38:30.652] _PopulateMenusFromRegistry: Menu 'Options' has 2 items from registry (array)
[2026-01-02 07:38:30.655] _PopulateMenusFromRegistry: Menu 'Tasks' has 1 items from registry (array)
[2026-01-02 07:38:30.659] _PopulateMenusFromRegistry: Menu 'Time' has 3 items from registry (array)
[2026-01-02 07:38:30.662] _PopulateMenusFromRegistry: Menu 'Help' has 1 items from registry (array)
[2026-01-02 07:38:30.665] ServiceContainer: Resolved 'TaskListScreen' successfully
[2026-01-02 07:38:35.202] ServiceContainer: Resolving 'NotesMenuScreen'...
[2026-01-02 07:38:35.370] ServiceContainer: Resolved 'NotesMenuScreen' successfully
