[2026-01-13 10:28:03.539] ServiceContainer: Registered 'Theme' (singleton=True)
[2026-01-13 10:28:03.542] ServiceContainer: Registered 'ThemeManager' (singleton=True)
[2026-01-13 10:28:03.542] ServiceContainer: Registered 'Config' (singleton=True)
[2026-01-13 10:28:03.543] ServiceContainer: Registered 'TaskStore' (singleton=True)
[2026-01-13 10:28:03.544] ServiceContainer: Registered 'MenuRegistry' (singleton=True)
[2026-01-13 10:28:03.544] ServiceContainer: Registered 'Application' (singleton=True)
[2026-01-13 10:28:03.545] ServiceContainer: Registered 'CommandService' (singleton=True)
[2026-01-13 10:28:03.545] ServiceContainer: Registered 'ChecklistService' (singleton=True)
[2026-01-13 10:28:03.546] ServiceContainer: Registered 'NoteService' (singleton=True)
[2026-01-13 10:28:03.547] ServiceContainer: Registered 'ExcelMappingService' (singleton=True)
[2026-01-13 10:28:03.547] ServiceContainer: Registered 'ExcelCopyService' (singleton=True)
[2026-01-13 10:28:03.548] ServiceContainer: Registered 'PreferencesService' (singleton=True)
[2026-01-13 10:28:03.549] ServiceContainer: Registered 'ExcelImportService' (singleton=True)
[2026-01-13 10:28:03.549] ServiceContainer: Registered 'TextExportService' (singleton=True)
[2026-01-13 10:28:03.550] ServiceContainer: Registered 'TaskListScreen' (singleton=False)
[2026-01-13 10:28:03.563] ServiceContainer: Resolving 'Application'...
[2026-01-13 10:28:03.564] ServiceContainer: Resolving 'Theme'...
[2026-01-13 10:28:03.723] ServiceContainer: Resolved 'Theme' successfully
[2026-01-13 10:28:03.781] ServiceContainer: Resolving 'ThemeManager'...
[2026-01-13 10:28:03.783] ServiceContainer: Resolved 'ThemeManager' successfully
[2026-01-13 10:28:03.793] ServiceContainer: Resolved 'Application' successfully
[2026-01-13 10:28:03.794] ServiceContainer: Resolving 'MenuRegistry'...
[2026-01-13 10:28:03.802] ServiceContainer: Resolved 'MenuRegistry' successfully
[2026-01-13 10:28:03.817] MenuRegistry: Loaded manifest with 17 entries
[2026-01-13 10:28:03.836] ServiceContainer: Registered 'ExcelProfileManagerScreen' (singleton=False)
[2026-01-13 10:28:03.844] MenuRegistry: Registered factory for 'Excel Profiles'
[2026-01-13 10:28:03.856] MenuRegistry: Registered 'Excel Profiles' in 'Projects' menu (hotkey=M order=50)
[2026-01-13 10:28:03.858] ServiceContainer: Registered 'TimeListScreen' (singleton=False)
[2026-01-13 10:28:03.859] MenuRegistry: Registered factory for 'Time Tracking'
[2026-01-13 10:28:03.860] MenuRegistry: Registered 'Time Tracking' in 'Time' menu (hotkey=T order=5)
[2026-01-13 10:28:03.861] ServiceContainer: Registered 'ChecklistTemplatesFolderScreen' (singleton=False)
[2026-01-13 10:28:03.861] MenuRegistry: Registered factory for 'Checklist Templates'
[2026-01-13 10:28:03.862] MenuRegistry: Registered 'Checklist Templates' in 'Tools' menu (hotkey=H order=30)
[2026-01-13 10:28:03.863] ServiceContainer: Registered 'ThemeEditorScreen' (singleton=False)
[2026-01-13 10:28:03.864] MenuRegistry: Registered factory for 'Theme Editor'
[2026-01-13 10:28:03.865] MenuRegistry: Registered 'Theme Editor' in 'Options' menu (hotkey=T order=10)
[2026-01-13 10:28:03.866] ServiceContainer: Registered 'CalendarScreen' (singleton=False)
[2026-01-13 10:28:03.866] MenuRegistry: Registered factory for 'Calendar'
[2026-01-13 10:28:03.867] MenuRegistry: Registered 'Calendar' in 'Tools' menu (hotkey=A order=50)
[2026-01-13 10:28:03.868] ServiceContainer: Registered 'CommandLibraryScreen' (singleton=False)
[2026-01-13 10:28:03.869] MenuRegistry: Registered factory for 'Command Library'
[2026-01-13 10:28:03.870] MenuRegistry: Registered 'Command Library' in 'Tools' menu (hotkey=L order=10)
[2026-01-13 10:28:03.871] ServiceContainer: Registered 'TextExportProfileManagerScreen' (singleton=False)
[2026-01-13 10:28:03.871] MenuRegistry: Registered factory for 'T2020 Export Profiles'
[2026-01-13 10:28:03.872] MenuRegistry: Registered 'T2020 Export Profiles' in 'Tools' menu (hotkey=E order=45)
[2026-01-13 10:28:03.873] ServiceContainer: Registered 'WeeklyTimeReportScreen' (singleton=False)
[2026-01-13 10:28:03.874] MenuRegistry: Registered factory for 'Weekly Report'
[2026-01-13 10:28:03.874] MenuRegistry: Registered 'Weekly Report' in 'Time' menu (hotkey=W order=10)
[2026-01-13 10:28:03.875] ServiceContainer: Registered 'TimeReportScreen' (singleton=False)
[2026-01-13 10:28:03.876] MenuRegistry: Registered factory for 'Time Report'
[2026-01-13 10:28:03.877] MenuRegistry: Registered 'Time Report' in 'Time' menu (hotkey=R order=20)
[2026-01-13 10:28:03.878] ServiceContainer: Registered 'ChecklistsLauncherScreen' (singleton=False)
[2026-01-13 10:28:03.878] MenuRegistry: Registered factory for 'Checklists'
[2026-01-13 10:28:03.879] MenuRegistry: Registered 'Checklists' in 'Tools' menu (hotkey=C order=25)
[2026-01-13 10:28:03.880] ServiceContainer: Registered 'NotesMenuScreen' (singleton=False)
[2026-01-13 10:28:03.881] MenuRegistry: Registered factory for 'Notes'
[2026-01-13 10:28:03.882] MenuRegistry: Registered 'Notes' in 'Tools' menu (hotkey=N order=20)
[2026-01-13 10:28:03.883] ServiceContainer: Registered 'TaskListScreen_Default' (singleton=False)
[2026-01-13 10:28:03.883] MenuRegistry: Registered factory for 'Task List'
[2026-01-13 10:28:03.884] MenuRegistry: Registered 'Task List' in 'Tasks' menu (hotkey=L order=5)
[2026-01-13 10:28:03.885] ServiceContainer: Registered 'ExcelImportProfileManagerScreen' (singleton=False)
[2026-01-13 10:28:03.886] MenuRegistry: Registered factory for 'Excel Import Profiles'
[2026-01-13 10:28:03.887] MenuRegistry: Registered 'Excel Import Profiles' in 'Tools' menu (hotkey=I order=40)
[2026-01-13 10:28:03.888] ServiceContainer: Registered 'ProjectListScreen' (singleton=False)
[2026-01-13 10:28:03.888] MenuRegistry: Registered factory for 'Project List'
[2026-01-13 10:28:03.889] MenuRegistry: Registered 'Project List' in 'Projects' menu (hotkey=L order=10)
[2026-01-13 10:28:03.890] ServiceContainer: Registered 'HelpViewScreen' (singleton=False)
[2026-01-13 10:28:03.908] MenuRegistry: Registered factory for 'Help'
[2026-01-13 10:28:03.909] MenuRegistry: Registered 'Help' in 'Help' menu (hotkey=H order=10)
[2026-01-13 10:28:03.910] ServiceContainer: Registered 'SettingsScreen' (singleton=False)
[2026-01-13 10:28:03.910] MenuRegistry: Registered factory for 'Settings'
[2026-01-13 10:28:03.911] MenuRegistry: Registered 'Settings' in 'Options' menu (hotkey=S order=20)
[2026-01-13 10:28:03.912] ServiceContainer: Registered 'ExcelImportScreen' (singleton=False)
[2026-01-13 10:28:03.913] MenuRegistry: Registered factory for 'Import from Excel'
[2026-01-13 10:28:03.914] MenuRegistry: Registered 'Import from Excel' in 'Projects' menu (hotkey=I order=40)
[2026-01-13 10:28:09.603] ServiceContainer: Resolving 'TimeReportScreen'...
[2026-01-13 10:28:09.656] ServiceContainer: Resolved 'TimeReportScreen' successfully
[2026-01-13 10:28:28.500] ServiceContainer: Resolving 'CommandLibraryScreen'...
[2026-01-13 10:28:28.677] [INFO] StandardListScreen._ConfigureListActions: Configuring actions for Command Library
[2026-01-13 10:28:28.684] [INFO] StandardListScreen: Added footer shortcut D -> Delete
[2026-01-13 10:28:28.687] [INFO] StandardListScreen._ConfigureListActions: Configured 5 footer shortcuts
[2026-01-13 10:28:28.727] ServiceContainer: Resolved 'CommandLibraryScreen' successfully
[2026-01-13 10:28:28.762] [INFO] StandardListScreen._ConfigureListActions: Configuring actions for Command Library
[2026-01-13 10:28:28.763] [INFO] StandardListScreen: Added footer shortcut D -> Delete
[2026-01-13 10:28:28.763] [INFO] StandardListScreen._ConfigureListActions: Configured 5 footer shortcuts
[10:28:28.937] [Z-BUFFER] REJECTED at (2,7): currentZ=10 < zBuffer=20 char='N'
[10:28:28.938] [Z-BUFFER] REJECTED at (3,7): currentZ=10 < zBuffer=20 char='a'
[10:28:28.939] [Z-BUFFER] REJECTED at (4,7): currentZ=10 < zBuffer=20 char='m'
[10:28:28.939] [Z-BUFFER] REJECTED at (5,7): currentZ=10 < zBuffer=20 char='e'
[10:28:31.183] [Z-BUFFER] REJECTED at (2,7): currentZ=10 < zBuffer=20 char='N'
[10:28:31.184] [Z-BUFFER] REJECTED at (3,7): currentZ=10 < zBuffer=20 char='a'
[10:28:31.184] [Z-BUFFER] REJECTED at (4,7): currentZ=10 < zBuffer=20 char='m'
[10:28:31.185] [Z-BUFFER] REJECTED at (5,7): currentZ=10 < zBuffer=20 char='e'
[10:28:32.275] [Z-BUFFER] REJECTED at (2,7): currentZ=10 < zBuffer=20 char='N'
[10:28:32.276] [Z-BUFFER] REJECTED at (3,7): currentZ=10 < zBuffer=20 char='a'
[10:28:32.276] [Z-BUFFER] REJECTED at (4,7): currentZ=10 < zBuffer=20 char='m'
[10:28:32.277] [Z-BUFFER] REJECTED at (5,7): currentZ=10 < zBuffer=20 char='e'
[10:28:32.538] [Z-BUFFER] REJECTED at (2,7): currentZ=10 < zBuffer=20 char='N'
[10:28:32.541] [Z-BUFFER] REJECTED at (3,7): currentZ=10 < zBuffer=20 char='a'
[10:28:32.541] [Z-BUFFER] REJECTED at (4,7): currentZ=10 < zBuffer=20 char='m'
[10:28:32.542] [Z-BUFFER] REJECTED at (5,7): currentZ=10 < zBuffer=20 char='e'
