[2026-01-03 11:00:43.632] ServiceContainer: Registered 'Theme' (singleton=True)
[2026-01-03 11:00:43.639] ServiceContainer: Registered 'ThemeManager' (singleton=True)
[2026-01-03 11:00:43.640] ServiceContainer: Registered 'Config' (singleton=True)
[2026-01-03 11:00:43.642] ServiceContainer: Registered 'TaskStore' (singleton=True)
[2026-01-03 11:00:43.644] ServiceContainer: Registered 'MenuRegistry' (singleton=True)
[2026-01-03 11:00:43.645] ServiceContainer: Registered 'Application' (singleton=True)
[2026-01-03 11:00:43.647] ServiceContainer: Registered 'CommandService' (singleton=True)
[2026-01-03 11:00:43.649] ServiceContainer: Registered 'ChecklistService' (singleton=True)
[2026-01-03 11:00:43.650] ServiceContainer: Registered 'NoteService' (singleton=True)
[2026-01-03 11:00:43.652] ServiceContainer: Registered 'ExcelMappingService' (singleton=True)
[2026-01-03 11:00:43.654] ServiceContainer: Registered 'ExcelCopyService' (singleton=True)
[2026-01-03 11:00:43.657] ServiceContainer: Registered 'PreferencesService' (singleton=True)
[2026-01-03 11:00:43.659] ServiceContainer: Registered 'ExcelImportService' (singleton=True)
[2026-01-03 11:00:43.662] ServiceContainer: Registered 'TextExportService' (singleton=True)
[2026-01-03 11:00:43.664] ServiceContainer: Registered 'TaskListScreen' (singleton=False)
[2026-01-03 11:00:43.691] ServiceContainer: Resolving 'Application'...
[2026-01-03 11:00:43.694] ServiceContainer: Resolving 'Theme'...
[2026-01-03 11:00:44.035] ServiceContainer: Resolved 'Theme' successfully
[2026-01-03 11:00:44.192] ServiceContainer: Resolving 'ThemeManager'...
[2026-01-03 11:00:44.195] ServiceContainer: Resolved 'ThemeManager' successfully
[2026-01-03 11:00:44.218] ServiceContainer: Resolved 'Application' successfully
[2026-01-03 11:00:44.220] ServiceContainer: Resolving 'MenuRegistry'...
[2026-01-03 11:00:44.240] ServiceContainer: Resolved 'MenuRegistry' successfully
[2026-01-03 11:00:44.270] MenuRegistry: Loaded manifest with 16 entries
[2026-01-03 11:00:44.318] ServiceContainer: Registered 'TimeListScreen' (singleton=False)
[2026-01-03 11:00:44.320] MenuRegistry: Registered 'Time Tracking' in 'Time' menu (hotkey=T order=5)
[2026-01-03 11:00:44.348] MenuRegistry: Registered 'Time Tracking' in 'Time' menu (hotkey=T order=5)
[2026-01-03 11:00:44.352] ServiceContainer: Registered 'CommandLibraryScreen' (singleton=False)
[2026-01-03 11:00:44.353] MenuRegistry: Registered 'Command Library' in 'Tools' menu (hotkey=L order=10)
[2026-01-03 11:00:44.356] MenuRegistry: Registered 'Command Library' in 'Tools' menu (hotkey=L order=10)
[2026-01-03 11:00:44.359] ServiceContainer: Registered 'ExcelImportScreen' (singleton=False)
[2026-01-03 11:00:44.361] MenuRegistry: Registered 'Import from Excel' in 'Projects' menu (hotkey=I order=40)
[2026-01-03 11:00:44.363] MenuRegistry: Registered 'Import from Excel' in 'Projects' menu (hotkey=I order=40)
[2026-01-03 11:00:44.382] ServiceContainer: Registered 'SettingsScreen' (singleton=False)
[2026-01-03 11:00:44.384] MenuRegistry: Registered 'Settings' in 'Options' menu (hotkey=S order=20)
[2026-01-03 11:00:44.387] MenuRegistry: Registered 'Settings' in 'Options' menu (hotkey=S order=20)
[2026-01-03 11:00:44.391] ServiceContainer: Registered 'ChecklistTemplatesFolderScreen' (singleton=False)
[2026-01-03 11:00:44.394] MenuRegistry: Registered 'Checklist Templates' in 'Tools' menu (hotkey=H order=30)
[2026-01-03 11:00:44.397] MenuRegistry: Registered 'Checklist Templates' in 'Tools' menu (hotkey=H order=30)
[2026-01-03 11:00:44.402] ServiceContainer: Registered 'ExcelProfileManagerScreen' (singleton=False)
[2026-01-03 11:00:44.404] MenuRegistry: Registered 'Excel Profiles' in 'Projects' menu (hotkey=M order=50)
[2026-01-03 11:00:44.408] MenuRegistry: Registered 'Excel Profiles' in 'Projects' menu (hotkey=M order=50)
[2026-01-03 11:00:44.412] ServiceContainer: Registered 'ExcelImportProfileManagerScreen' (singleton=False)
[2026-01-03 11:00:44.414] MenuRegistry: Registered 'Excel Import Profiles' in 'Tools' menu (hotkey=I order=40)
[2026-01-03 11:00:44.417] MenuRegistry: Registered 'Excel Import Profiles' in 'Tools' menu (hotkey=I order=40)
[2026-01-03 11:00:44.421] ServiceContainer: Registered 'TaskListScreen_Default' (singleton=False)
[2026-01-03 11:00:44.424] MenuRegistry: Registered 'Task List' in 'Tasks' menu (hotkey=L order=5)
[2026-01-03 11:00:44.426] MenuRegistry: Registered 'Task List' in 'Tasks' menu (hotkey=L order=5)
[2026-01-03 11:00:44.429] ServiceContainer: Registered 'ChecklistsLauncherScreen' (singleton=False)
[2026-01-03 11:00:44.430] MenuRegistry: Registered 'Checklists' in 'Tools' menu (hotkey=C order=25)
[2026-01-03 11:00:44.432] MenuRegistry: Registered 'Checklists' in 'Tools' menu (hotkey=C order=25)
[2026-01-03 11:00:44.435] ServiceContainer: Registered 'ThemeEditorScreen' (singleton=False)
[2026-01-03 11:00:44.436] MenuRegistry: Registered 'Theme Editor' in 'Options' menu (hotkey=T order=10)
[2026-01-03 11:00:44.438] MenuRegistry: Registered 'Theme Editor' in 'Options' menu (hotkey=T order=10)
[2026-01-03 11:00:44.441] ServiceContainer: Registered 'HelpViewScreen' (singleton=False)
[2026-01-03 11:00:44.443] MenuRegistry: Registered 'Help' in 'Help' menu (hotkey=H order=10)
[2026-01-03 11:00:44.445] MenuRegistry: Registered 'Help' in 'Help' menu (hotkey=H order=10)
[2026-01-03 11:00:44.448] ServiceContainer: Registered 'NotesMenuScreen' (singleton=False)
[2026-01-03 11:00:44.450] MenuRegistry: Registered 'Notes' in 'Tools' menu (hotkey=N order=20)
[2026-01-03 11:00:44.452] MenuRegistry: Registered 'Notes' in 'Tools' menu (hotkey=N order=20)
[2026-01-03 11:00:44.455] ServiceContainer: Registered 'WeeklyTimeReportScreen' (singleton=False)
[2026-01-03 11:00:44.457] MenuRegistry: Registered 'Weekly Report' in 'Time' menu (hotkey=W order=10)
[2026-01-03 11:00:44.459] MenuRegistry: Registered 'Weekly Report' in 'Time' menu (hotkey=W order=10)
[2026-01-03 11:00:44.462] ServiceContainer: Registered 'ProjectListScreen' (singleton=False)
[2026-01-03 11:00:44.463] MenuRegistry: Registered 'Project List' in 'Projects' menu (hotkey=L order=10)
[2026-01-03 11:00:44.465] MenuRegistry: Registered 'Project List' in 'Projects' menu (hotkey=L order=10)
[2026-01-03 11:00:44.467] ServiceContainer: Registered 'TimeReportScreen' (singleton=False)
[2026-01-03 11:00:44.468] MenuRegistry: Registered 'Time Report' in 'Time' menu (hotkey=R order=20)
[2026-01-03 11:00:44.470] MenuRegistry: Registered 'Time Report' in 'Time' menu (hotkey=R order=20)
[2026-01-03 11:00:44.472] ServiceContainer: Registered 'TextExportProfileManagerScreen' (singleton=False)
[2026-01-03 11:00:44.474] MenuRegistry: Registered 'T2020 Export Profiles' in 'Tools' menu (hotkey=E order=45)
[2026-01-03 11:00:44.476] MenuRegistry: Registered 'T2020 Export Profiles' in 'Tools' menu (hotkey=E order=45)
[2026-01-03 11:00:44.478] ServiceContainer: Resolving 'TaskListScreen'...
[2026-01-03 11:00:44.525] ServiceContainer: Resolving 'TaskStore'...
[2026-01-03 11:00:44.717] ServiceContainer: Resolved 'TaskStore' successfully
[2026-01-03 11:00:46.233] _PopulateMenusFromRegistry: Menu 'Tasks' has 1 items from registry (array)
[2026-01-03 11:00:46.268] _PopulateMenusFromRegistry: Menu 'Time' has 3 items from registry (array)
[2026-01-03 11:00:46.275] _PopulateMenusFromRegistry: Menu 'Projects' has 3 items from registry (array)
[2026-01-03 11:00:46.279] _PopulateMenusFromRegistry: Menu 'Help' has 1 items from registry (array)
[2026-01-03 11:00:46.284] _PopulateMenusFromRegistry: Menu 'Options' has 2 items from registry (array)
[2026-01-03 11:00:46.289] _PopulateMenusFromRegistry: Menu 'Tools' has 6 items from registry (array)
[2026-01-03 11:00:46.293] ServiceContainer: Resolved 'TaskListScreen' successfully
[2026-01-03 11:00:55.690] ServiceContainer: Resolving 'ProjectListScreen'...
[2026-01-03 11:00:55.873] ServiceContainer: Resolved 'ProjectListScreen' successfully
