[2025-12-18 14:08:53.479] [INFO] Loading PMC module...
[2025-12-18 14:08:54.819] [INFO] PMC module loaded
[2025-12-18 14:08:54.821] [INFO] Loading dependencies (FieldSchemas, etc.)...
[2025-12-18 14:08:54.948] [INFO] Dependencies loaded
[2025-12-18 14:08:54.949] [INFO] Loading SpeedTUI framework...
[2025-12-18 14:08:56.354] [INFO] SpeedTUI framework loaded
[2025-12-18 14:08:56.355] [INFO] Loading PraxisVT...
[2025-12-18 14:08:56.357] [INFO] PraxisVT loaded
[2025-12-18 14:08:56.358] [INFO] Loading core dependencies...
[2025-12-18 14:08:56.396] [INFO] Core dependencies loaded
[2025-12-18 14:08:56.397] [INFO] Loading widget base classes...
[2025-12-18 14:08:56.444] [INFO] Widget base classes loaded
[2025-12-18 14:08:56.445] [INFO] Loading services...
[2025-12-18 14:08:56.569] [INFO] Services loaded
[2025-12-18 14:08:56.571] [INFO] Loading helpers...
[2025-12-18 14:08:56.821] [INFO] Helpers loaded
[2025-12-18 14:08:56.822] [INFO] Loading widgets...
[2025-12-18 14:08:57.250] [INFO] Widgets loaded
[2025-12-18 14:08:57.252] [INFO] Loading screen base class...
[2025-12-18 14:08:57.270] [INFO] Screen base class loaded
[2025-12-18 14:08:57.273] [INFO] Loading HelpViewScreen (needed by base classes)...
[2025-12-18 14:08:57.283] [INFO] HelpViewScreen loaded
[2025-12-18 14:08:57.285] [INFO] Loading base classes...
[2025-12-18 14:08:57.355] [INFO] Base classes loaded
[2025-12-18 14:08:57.357] [INFO] Loading ServiceContainer (needed by screens)...
[2025-12-18 14:08:57.363] [INFO] ServiceContainer loaded
[2025-12-18 14:08:57.365] [INFO] Loading remaining screens...
[2025-12-18 14:08:57.499] [INFO] Remaining screens loaded
[2025-12-18 14:08:57.500] [INFO] Loading PmcApplication...
[2025-12-18 14:08:57.515] [INFO] PmcApplication loaded
[2025-12-18 14:08:57.517] [INFO] All components loaded successfully
[2025-12-18 14:08:57.539] [INFO] Starting PMC TUI with screen: TaskList
[2025-12-18 14:08:57.548] [INFO] Cleared stale PmcSharedMenuBar and MenuRegistry singleton
[2025-12-18 14:08:57.550] [INFO] Creating ServiceContainer...
[2025-12-18 14:08:57.563] [INFO] ServiceContainer created
[2025-12-18 14:08:57.565] [INFO] Registering Theme service...
[2025-12-18 14:08:57.587] ServiceContainer: Registered 'Theme' (singleton=True)
[2025-12-18 14:08:57.591] [INFO] Registering ThemeManager...
[2025-12-18 14:08:57.593] ServiceContainer: Registered 'ThemeManager' (singleton=True)
[2025-12-18 14:08:57.594] [INFO] Registering Config service...
[2025-12-18 14:08:57.595] ServiceContainer: Registered 'Config' (singleton=True)
[2025-12-18 14:08:57.603] [INFO] Registering TaskStore service...
[2025-12-18 14:08:57.604] ServiceContainer: Registered 'TaskStore' (singleton=True)
[2025-12-18 14:08:57.605] [INFO] Registering MenuRegistry service...
[2025-12-18 14:08:57.606] ServiceContainer: Registered 'MenuRegistry' (singleton=True)
[2025-12-18 14:08:57.608] [INFO] Registering Application service...
[2025-12-18 14:08:57.609] ServiceContainer: Registered 'Application' (singleton=True)
[2025-12-18 14:08:57.610] [INFO] Registering CommandService...
[2025-12-18 14:08:57.611] ServiceContainer: Registered 'CommandService' (singleton=True)
[2025-12-18 14:08:57.612] [INFO] Registering ChecklistService...
[2025-12-18 14:08:57.613] ServiceContainer: Registered 'ChecklistService' (singleton=True)
[2025-12-18 14:08:57.614] [INFO] Registering NoteService...
[2025-12-18 14:08:57.615] ServiceContainer: Registered 'NoteService' (singleton=True)
[2025-12-18 14:08:57.616] [INFO] Registering ExcelMappingService...
[2025-12-18 14:08:57.618] ServiceContainer: Registered 'ExcelMappingService' (singleton=True)
[2025-12-18 14:08:57.619] [INFO] Registering PreferencesService...
[2025-12-18 14:08:57.620] ServiceContainer: Registered 'PreferencesService' (singleton=True)
[2025-12-18 14:08:57.622] [INFO] Registering screen factories...
[2025-12-18 14:08:57.624] ServiceContainer: Registered 'TaskListScreen' (singleton=False)
[2025-12-18 14:08:57.625] [INFO] Resolving Application from container...
[2025-12-18 14:08:57.647] ServiceContainer: Resolving 'Application'...
[2025-12-18 14:08:57.650] [INFO] Resolving Application...
[2025-12-18 14:08:57.652] ServiceContainer: Resolving 'Theme'...
[2025-12-18 14:08:57.657] [INFO] Resolving Theme: Calling Initialize-PmcThemeSystem...
[2025-12-18 14:08:57.826] [INFO] Theme initialized: #33aaff
[2025-12-18 14:08:57.831] ServiceContainer: Resolved 'Theme' successfully
[2025-12-18 14:08:57.944] ServiceContainer: Resolving 'ThemeManager'...
[2025-12-18 14:08:57.946] [INFO] Resolving ThemeManager...
[2025-12-18 14:08:57.949] ServiceContainer: Resolved 'ThemeManager' successfully
[2025-12-18 14:08:57.968] ServiceContainer: Resolved 'Application' successfully
[2025-12-18 14:08:57.969] [INFO] Application resolved and assigned to $global:PmcApp
[2025-12-18 14:08:57.970] [INFO] Loading menus from manifest...
[2025-12-18 14:08:57.971] ServiceContainer: Resolving 'MenuRegistry'...
[2025-12-18 14:08:57.973] [INFO] Resolving MenuRegistry...
[2025-12-18 14:08:57.988] ServiceContainer: Resolved 'MenuRegistry' successfully
[2025-12-18 14:08:58.012] MenuRegistry: Loaded manifest with 23 entries
[2025-12-18 14:08:58.054] ServiceContainer: Registered 'WeeklyTimeReportScreen' (singleton=False)
[2025-12-18 14:08:58.056] MenuRegistry: Registered screen factory 'WeeklyTimeReportScreen' in container (viewMode=)
[2025-12-18 14:08:58.078] MenuRegistry: Registered 'Weekly Report' in 'Time' menu (hotkey=W order=10)
[2025-12-18 14:08:58.082] ServiceContainer: Registered 'TaskListScreen_Month' (singleton=False)
[2025-12-18 14:08:58.084] MenuRegistry: Registered screen factory 'TaskListScreen_Month' in container (viewMode=month)
[2025-12-18 14:08:58.086] MenuRegistry: Registered 'Month View' in 'Tasks' menu (hotkey=M order=45)
[2025-12-18 14:08:58.088] ServiceContainer: Registered 'SettingsScreen' (singleton=False)
[2025-12-18 14:08:58.089] MenuRegistry: Registered screen factory 'SettingsScreen' in container (viewMode=)
[2025-12-18 14:08:58.091] MenuRegistry: Registered 'Settings' in 'Options' menu (hotkey=S order=20)
[2025-12-18 14:08:58.093] ServiceContainer: Registered 'TaskListScreen_Today' (singleton=False)
[2025-12-18 14:08:58.094] MenuRegistry: Registered screen factory 'TaskListScreen_Today' in container (viewMode=today)
[2025-12-18 14:08:58.095] MenuRegistry: Registered 'Today' in 'Tasks' menu (hotkey=Y order=10)
[2025-12-18 14:08:58.097] ServiceContainer: Registered 'ChecklistsLauncherScreen' (singleton=False)
[2025-12-18 14:08:58.098] MenuRegistry: Registered screen factory 'ChecklistsLauncherScreen' in container (viewMode=)
[2025-12-18 14:08:58.100] MenuRegistry: Registered 'Checklists' in 'Tools' menu (hotkey=C order=25)
[2025-12-18 14:08:58.102] ServiceContainer: Registered 'CommandLibraryScreen' (singleton=False)
[2025-12-18 14:08:58.103] MenuRegistry: Registered screen factory 'CommandLibraryScreen' in container (viewMode=)
[2025-12-18 14:08:58.105] MenuRegistry: Registered 'Command Library' in 'Tools' menu (hotkey=L order=10)
[2025-12-18 14:08:58.107] ServiceContainer: Registered 'ProjectListScreen' (singleton=False)
[2025-12-18 14:08:58.108] MenuRegistry: Registered screen factory 'ProjectListScreen' in container (viewMode=)
[2025-12-18 14:08:58.110] MenuRegistry: Registered 'Project List' in 'Projects' menu (hotkey=L order=10)
[2025-12-18 14:08:58.112] ServiceContainer: Registered 'TaskListScreen_Overdue' (singleton=False)
[2025-12-18 14:08:58.113] MenuRegistry: Registered screen factory 'TaskListScreen_Overdue' in container (viewMode=overdue)
[2025-12-18 14:08:58.114] MenuRegistry: Registered 'Overdue' in 'Tasks' menu (hotkey=O order=30)
[2025-12-18 14:08:58.116] ServiceContainer: Registered 'TaskListScreen_Week' (singleton=False)
[2025-12-18 14:08:58.117] MenuRegistry: Registered screen factory 'TaskListScreen_Week' in container (viewMode=week)
[2025-12-18 14:08:58.119] MenuRegistry: Registered 'Week View' in 'Tasks' menu (hotkey=W order=20)
[2025-12-18 14:08:58.121] ServiceContainer: Registered 'TaskListScreen_Tomorrow' (singleton=False)
[2025-12-18 14:08:58.122] MenuRegistry: Registered screen factory 'TaskListScreen_Tomorrow' in container (viewMode=tomorrow)
[2025-12-18 14:08:58.124] MenuRegistry: Registered 'Tomorrow' in 'Tasks' menu (hotkey=T order=15)
[2025-12-18 14:08:58.126] ServiceContainer: Registered 'TaskListScreen_Default' (singleton=False)
[2025-12-18 14:08:58.127] MenuRegistry: Registered screen factory 'TaskListScreen_Default' in container (viewMode=)
[2025-12-18 14:08:58.129] MenuRegistry: Registered 'Task List' in 'Tasks' menu (hotkey=L order=5)
[2025-12-18 14:08:58.131] ServiceContainer: Registered 'TaskListScreen_Upcoming' (singleton=False)
[2025-12-18 14:08:58.132] MenuRegistry: Registered screen factory 'TaskListScreen_Upcoming' in container (viewMode=upcoming)
[2025-12-18 14:08:58.133] MenuRegistry: Registered 'Upcoming' in 'Tasks' menu (hotkey=U order=25)
[2025-12-18 14:08:58.135] ServiceContainer: Registered 'ExcelImportScreen' (singleton=False)
[2025-12-18 14:08:58.137] MenuRegistry: Registered screen factory 'ExcelImportScreen' in container (viewMode=)
[2025-12-18 14:08:58.138] MenuRegistry: Registered 'Import from Excel' in 'Projects' menu (hotkey=I order=40)
[2025-12-18 14:08:58.141] ServiceContainer: Registered 'TaskListScreen_Agenda' (singleton=False)
[2025-12-18 14:08:58.142] MenuRegistry: Registered screen factory 'TaskListScreen_Agenda' in container (viewMode=agenda)
[2025-12-18 14:08:58.170] MenuRegistry: Registered 'Agenda View' in 'Tasks' menu (hotkey=A order=50)
[2025-12-18 14:08:58.174] ServiceContainer: Registered 'HelpViewScreen' (singleton=False)
[2025-12-18 14:08:58.175] MenuRegistry: Registered screen factory 'HelpViewScreen' in container (viewMode=)
[2025-12-18 14:08:58.177] MenuRegistry: Registered 'Help' in 'Help' menu (hotkey=H order=10)
[2025-12-18 14:08:58.179] ServiceContainer: Registered 'ExcelProfileManagerScreen' (singleton=False)
[2025-12-18 14:08:58.180] MenuRegistry: Registered screen factory 'ExcelProfileManagerScreen' in container (viewMode=)
[2025-12-18 14:08:58.181] MenuRegistry: Registered 'Excel Profiles' in 'Projects' menu (hotkey=M order=50)
[2025-12-18 14:08:58.183] ServiceContainer: Registered 'ChecklistTemplatesFolderScreen' (singleton=False)
[2025-12-18 14:08:58.185] MenuRegistry: Registered screen factory 'ChecklistTemplatesFolderScreen' in container (viewMode=)
[2025-12-18 14:08:58.188] MenuRegistry: Registered 'Checklist Templates' in 'Tools' menu (hotkey=H order=30)
[2025-12-18 14:08:58.191] ServiceContainer: Registered 'TaskListScreen_NextActions' (singleton=False)
[2025-12-18 14:08:58.192] MenuRegistry: Registered screen factory 'TaskListScreen_NextActions' in container (viewMode=nextactions)
[2025-12-18 14:08:58.194] MenuRegistry: Registered 'Next Actions' in 'Tasks' menu (hotkey=N order=35)
[2025-12-18 14:08:58.195] ServiceContainer: Registered 'TaskListScreen_NoDate' (singleton=False)
[2025-12-18 14:08:58.197] MenuRegistry: Registered screen factory 'TaskListScreen_NoDate' in container (viewMode=noduedate)
[2025-12-18 14:08:58.198] MenuRegistry: Registered 'No Due Date' in 'Tasks' menu (hotkey=D order=40)
[2025-12-18 14:08:58.201] ServiceContainer: Registered 'ThemeEditorScreen' (singleton=False)
[2025-12-18 14:08:58.203] MenuRegistry: Registered screen factory 'ThemeEditorScreen' in container (viewMode=)
[2025-12-18 14:08:58.206] MenuRegistry: Registered 'Theme Editor' in 'Options' menu (hotkey=T order=10)
[2025-12-18 14:08:58.209] ServiceContainer: Registered 'NotesMenuScreen' (singleton=False)
[2025-12-18 14:08:58.211] MenuRegistry: Registered screen factory 'NotesMenuScreen' in container (viewMode=)
[2025-12-18 14:08:58.213] MenuRegistry: Registered 'Notes' in 'Tools' menu (hotkey=N order=20)
[2025-12-18 14:08:58.215] ServiceContainer: Registered 'TimeReportScreen' (singleton=False)
[2025-12-18 14:08:58.217] MenuRegistry: Registered screen factory 'TimeReportScreen' in container (viewMode=)
[2025-12-18 14:08:58.219] MenuRegistry: Registered 'Time Report' in 'Time' menu (hotkey=R order=20)
[2025-12-18 14:08:58.224] ServiceContainer: Registered 'TimeListScreen' (singleton=False)
[2025-12-18 14:08:58.226] MenuRegistry: Registered screen factory 'TimeListScreen' in container (viewMode=)
[2025-12-18 14:08:58.228] MenuRegistry: Registered 'Time Tracking' in 'Time' menu (hotkey=T order=5)
[2025-12-18 14:08:58.230] [INFO] Menus loaded from /home/teej/ztest/module/Pmc.Strict/consoleui/screens/MenuItems.psd1
[2025-12-18 14:08:58.232] [INFO] Launching screen: TaskList
[2025-12-18 14:08:58.233] [INFO] Resolving TaskListScreen from container...
[2025-12-18 14:08:58.236] ServiceContainer: Resolving 'TaskListScreen'...
[2025-12-18 14:08:58.241] [INFO] Resolving TaskListScreen...
[2025-12-18 14:08:58.243] ServiceContainer: Resolving 'TaskStore'...
[2025-12-18 14:08:58.246] [INFO] Resolving TaskStore...
[2025-12-18 14:08:58.606] ServiceContainer: Resolved 'TaskStore' successfully
[2025-12-18 14:08:59.816] _PopulateMenusFromRegistry: Menu 'Options' has 2 items from registry (array)
[2025-12-18 14:08:59.850] _PopulateMenusFromRegistry: Menu 'Tasks' has 10 items from registry (array)
[2025-12-18 14:08:59.857] _PopulateMenusFromRegistry: Menu 'Tools' has 4 items from registry (array)
[2025-12-18 14:08:59.863] _PopulateMenusFromRegistry: Menu 'Help' has 1 items from registry (array)
[2025-12-18 14:08:59.867] _PopulateMenusFromRegistry: Menu 'Projects' has 3 items from registry (array)
[2025-12-18 14:08:59.872] _PopulateMenusFromRegistry: Menu 'Time' has 3 items from registry (array)
[2025-12-18 14:08:59.876] ServiceContainer: Resolved 'TaskListScreen' successfully
[2025-12-18 14:08:59.878] [INFO] Pushing screen to app...
[2025-12-18 14:09:00.416] [INFO] Screen pushed successfully
[2025-12-18 14:09:00.418] [INFO] Starting event loop...
[2025-12-18 14:09:08.506] ServiceContainer: Resolving 'ThemeEditorScreen'...
[2025-12-18 14:09:08.564] ServiceContainer: Resolved 'ThemeEditorScreen' successfully
[2025-12-18 14:09:13.994] RequestRender called from:  at line 395
[2025-12-18 14:09:14.004] ThemeHelper: Hot reload started (hex=#ff00ff)
[2025-12-18 14:09:14.026] RequestRender called from:  at line 395
[2025-12-18 14:09:14.026] ThemeHelper: Hot reload COMPLETE
[2025-12-18 14:09:16.633] RequestRender called from:  at line 395
[2025-12-18 14:09:16.634] ThemeHelper: Hot reload started (hex=#ffaa33)
[2025-12-18 14:09:16.664] RequestRender called from:  at line 395
[2025-12-18 14:09:16.664] ThemeHelper: Hot reload COMPLETE
[2025-12-18 14:09:17.646] RequestRender called from:  at line 395
[2025-12-18 14:09:17.647] ThemeHelper: Hot reload started (hex=#66ccff)
[2025-12-18 14:09:17.671] RequestRender called from:  at line 395
[2025-12-18 14:09:17.672] ThemeHelper: Hot reload COMPLETE
[2025-12-18 14:09:21.554] [INFO] Event loop exited normally
[2025-12-18 14:09:21.555] [INFO] Cleanup - showing cursor and resetting terminal
