[2025-12-21 19:28:04.030] ServiceContainer: Registered 'Theme' (singleton=True)
[2025-12-21 19:28:04.036] ServiceContainer: Registered 'ThemeManager' (singleton=True)
[2025-12-21 19:28:04.037] ServiceContainer: Registered 'Config' (singleton=True)
[2025-12-21 19:28:04.038] ServiceContainer: Registered 'TaskStore' (singleton=True)
[2025-12-21 19:28:04.040] ServiceContainer: Registered 'MenuRegistry' (singleton=True)
[2025-12-21 19:28:04.041] ServiceContainer: Registered 'Application' (singleton=True)
[2025-12-21 19:28:04.043] ServiceContainer: Registered 'CommandService' (singleton=True)
[2025-12-21 19:28:04.044] ServiceContainer: Registered 'ChecklistService' (singleton=True)
[2025-12-21 19:28:04.046] ServiceContainer: Registered 'NoteService' (singleton=True)
[2025-12-21 19:28:04.047] ServiceContainer: Registered 'ExcelMappingService' (singleton=True)
[2025-12-21 19:28:04.048] ServiceContainer: Registered 'PreferencesService' (singleton=True)
[2025-12-21 19:28:04.049] ServiceContainer: Registered 'TaskListScreen' (singleton=False)
[2025-12-21 19:28:04.069] ServiceContainer: Resolving 'Application'...
[2025-12-21 19:28:04.071] ServiceContainer: Resolving 'Theme'...
[2025-12-21 19:28:04.365] ServiceContainer: Resolved 'Theme' successfully
[2025-12-21 19:28:04.458] ServiceContainer: Resolving 'ThemeManager'...
[2025-12-21 19:28:04.461] ServiceContainer: Resolved 'ThemeManager' successfully
[2025-12-21 19:28:04.480] ServiceContainer: Resolved 'Application' successfully
[2025-12-21 19:28:04.481] ServiceContainer: Resolving 'MenuRegistry'...
[2025-12-21 19:28:04.499] ServiceContainer: Resolved 'MenuRegistry' successfully
[2025-12-21 19:28:04.523] MenuRegistry: Loaded manifest with 14 entries
[2025-12-21 19:28:04.562] ServiceContainer: Registered 'NotesMenuScreen' (singleton=False)
[2025-12-21 19:28:04.563] MenuRegistry: Registered 'Notes' in 'Tools' menu (hotkey=N order=20)
[2025-12-21 19:28:04.583] MenuRegistry: Registered 'Notes' in 'Tools' menu (hotkey=N order=20)
[2025-12-21 19:28:04.603] ServiceContainer: Registered 'WeeklyTimeReportScreen' (singleton=False)
[2025-12-21 19:28:04.605] MenuRegistry: Registered 'Weekly Report' in 'Time' menu (hotkey=W order=10)
[2025-12-21 19:28:04.608] MenuRegistry: Registered 'Weekly Report' in 'Time' menu (hotkey=W order=10)
[2025-12-21 19:28:04.610] ServiceContainer: Registered 'ChecklistsLauncherScreen' (singleton=False)
[2025-12-21 19:28:04.612] MenuRegistry: Registered 'Checklists' in 'Tools' menu (hotkey=C order=25)
[2025-12-21 19:28:04.614] MenuRegistry: Registered 'Checklists' in 'Tools' menu (hotkey=C order=25)
[2025-12-21 19:28:04.616] ServiceContainer: Registered 'ExcelImportScreen' (singleton=False)
[2025-12-21 19:28:04.618] MenuRegistry: Registered 'Import from Excel' in 'Projects' menu (hotkey=I order=40)
[2025-12-21 19:28:04.620] MenuRegistry: Registered 'Import from Excel' in 'Projects' menu (hotkey=I order=40)
[2025-12-21 19:28:04.622] ServiceContainer: Registered 'TimeListScreen' (singleton=False)
[2025-12-21 19:28:04.624] MenuRegistry: Registered 'Time Tracking' in 'Time' menu (hotkey=T order=5)
[2025-12-21 19:28:04.626] MenuRegistry: Registered 'Time Tracking' in 'Time' menu (hotkey=T order=5)
[2025-12-21 19:28:04.629] ServiceContainer: Registered 'TaskListScreen_Default' (singleton=False)
[2025-12-21 19:28:04.630] MenuRegistry: Registered 'Task List' in 'Tasks' menu (hotkey=L order=5)
[2025-12-21 19:28:04.632] MenuRegistry: Registered 'Task List' in 'Tasks' menu (hotkey=L order=5)
[2025-12-21 19:28:04.634] ServiceContainer: Registered 'CommandLibraryScreen' (singleton=False)
[2025-12-21 19:28:04.636] MenuRegistry: Registered 'Command Library' in 'Tools' menu (hotkey=L order=10)
[2025-12-21 19:28:04.638] MenuRegistry: Registered 'Command Library' in 'Tools' menu (hotkey=L order=10)
[2025-12-21 19:28:04.640] ServiceContainer: Registered 'ExcelProfileManagerScreen' (singleton=False)
[2025-12-21 19:28:04.641] MenuRegistry: Registered 'Excel Profiles' in 'Projects' menu (hotkey=M order=50)
[2025-12-21 19:28:04.643] MenuRegistry: Registered 'Excel Profiles' in 'Projects' menu (hotkey=M order=50)
[2025-12-21 19:28:04.645] ServiceContainer: Registered 'ChecklistTemplatesFolderScreen' (singleton=False)
[2025-12-21 19:28:04.646] MenuRegistry: Registered 'Checklist Templates' in 'Tools' menu (hotkey=H order=30)
[2025-12-21 19:28:04.648] MenuRegistry: Registered 'Checklist Templates' in 'Tools' menu (hotkey=H order=30)
[2025-12-21 19:28:04.651] ServiceContainer: Registered 'HelpViewScreen' (singleton=False)
[2025-12-21 19:28:04.652] MenuRegistry: Registered 'Help' in 'Help' menu (hotkey=H order=10)
[2025-12-21 19:28:04.654] MenuRegistry: Registered 'Help' in 'Help' menu (hotkey=H order=10)
[2025-12-21 19:28:04.656] ServiceContainer: Registered 'TimeReportScreen' (singleton=False)
[2025-12-21 19:28:04.658] MenuRegistry: Registered 'Time Report' in 'Time' menu (hotkey=R order=20)
[2025-12-21 19:28:04.660] MenuRegistry: Registered 'Time Report' in 'Time' menu (hotkey=R order=20)
[2025-12-21 19:28:04.663] ServiceContainer: Registered 'SettingsScreen' (singleton=False)
[2025-12-21 19:28:04.664] MenuRegistry: Registered 'Settings' in 'Options' menu (hotkey=S order=20)
[2025-12-21 19:28:04.667] MenuRegistry: Registered 'Settings' in 'Options' menu (hotkey=S order=20)
[2025-12-21 19:28:04.669] ServiceContainer: Registered 'ThemeEditorScreen' (singleton=False)
[2025-12-21 19:28:04.670] MenuRegistry: Registered 'Theme Editor' in 'Options' menu (hotkey=T order=10)
[2025-12-21 19:28:04.672] MenuRegistry: Registered 'Theme Editor' in 'Options' menu (hotkey=T order=10)
[2025-12-21 19:28:04.675] ServiceContainer: Registered 'ProjectListScreen' (singleton=False)
[2025-12-21 19:28:04.676] MenuRegistry: Registered 'Project List' in 'Projects' menu (hotkey=L order=10)
[2025-12-21 19:28:04.679] MenuRegistry: Registered 'Project List' in 'Projects' menu (hotkey=L order=10)
[2025-12-21 19:28:04.681] ServiceContainer: Resolving 'TaskListScreen'...
[2025-12-21 19:28:04.684] ServiceContainer: Resolving 'TaskStore'...
[2025-12-21 19:28:05.097] ServiceContainer: Resolved 'TaskStore' successfully
[2025-12-21 19:28:06.183] _PopulateMenusFromRegistry: Menu 'Help' has 1 items from registry (array)
[2025-12-21 19:28:06.224] _PopulateMenusFromRegistry: Menu 'Tools' has 4 items from registry (array)
[2025-12-21 19:28:06.230] _PopulateMenusFromRegistry: Menu 'Time' has 3 items from registry (array)
[2025-12-21 19:28:06.234] _PopulateMenusFromRegistry: Menu 'Projects' has 3 items from registry (array)
[2025-12-21 19:28:06.237] _PopulateMenusFromRegistry: Menu 'Options' has 2 items from registry (array)
[2025-12-21 19:28:06.240] _PopulateMenusFromRegistry: Menu 'Tasks' has 1 items from registry (array)
[2025-12-21 19:28:06.243] ServiceContainer: Resolved 'TaskListScreen' successfully
[2025-12-21 19:28:14.894] ServiceContainer: Resolving 'ProjectListScreen'...
[2025-12-21 19:28:15.008] ServiceContainer: Resolved 'ProjectListScreen' successfully
[2025-12-21 19:28:18.656] ServiceContainer: Registered 'ProjectInfoScreenV4' (singleton=False)
[2025-12-21 19:28:18.657] ServiceContainer: Resolving 'ProjectInfoScreenV4'...
[2025-12-21 19:28:18.777] ServiceContainer: Resolved 'ProjectInfoScreenV4' successfully
