[2025-12-20 14:31:20.590] ServiceContainer: Registered 'Theme' (singleton=True)
[2025-12-20 14:31:20.600] ServiceContainer: Registered 'ThemeManager' (singleton=True)
[2025-12-20 14:31:20.602] ServiceContainer: Registered 'Config' (singleton=True)
[2025-12-20 14:31:20.604] ServiceContainer: Registered 'TaskStore' (singleton=True)
[2025-12-20 14:31:20.605] ServiceContainer: Registered 'MenuRegistry' (singleton=True)
[2025-12-20 14:31:20.607] ServiceContainer: Registered 'Application' (singleton=True)
[2025-12-20 14:31:20.609] ServiceContainer: Registered 'CommandService' (singleton=True)
[2025-12-20 14:31:20.611] ServiceContainer: Registered 'ChecklistService' (singleton=True)
[2025-12-20 14:31:20.613] ServiceContainer: Registered 'NoteService' (singleton=True)
[2025-12-20 14:31:20.615] ServiceContainer: Registered 'ExcelMappingService' (singleton=True)
[2025-12-20 14:31:20.634] ServiceContainer: Registered 'PreferencesService' (singleton=True)
[2025-12-20 14:31:20.635] ServiceContainer: Registered 'TaskListScreen' (singleton=False)
[2025-12-20 14:31:20.659] ServiceContainer: Resolving 'Application'...
[2025-12-20 14:31:20.662] ServiceContainer: Resolving 'Theme'...
[2025-12-20 14:31:20.926] ServiceContainer: Resolved 'Theme' successfully
[2025-12-20 14:31:21.035] ServiceContainer: Resolving 'ThemeManager'...
[2025-12-20 14:31:21.038] ServiceContainer: Resolved 'ThemeManager' successfully
[2025-12-20 14:31:21.063] ServiceContainer: Resolved 'Application' successfully
[2025-12-20 14:31:21.064] ServiceContainer: Resolving 'MenuRegistry'...
[2025-12-20 14:31:21.081] ServiceContainer: Resolved 'MenuRegistry' successfully
[2025-12-20 14:31:21.108] MenuRegistry: Loaded manifest with 23 entries
[2025-12-20 14:31:21.179] ServiceContainer: Registered 'ChecklistsLauncherScreen' (singleton=False)
[2025-12-20 14:31:21.180] MenuRegistry: Registered screen factory 'ChecklistsLauncherScreen' in container (viewMode=)
[2025-12-20 14:31:21.201] MenuRegistry: Registered 'Checklists' in 'Tools' menu (hotkey=C order=25)
[2025-12-20 14:31:21.203] ServiceContainer: Registered 'WeeklyTimeReportScreen' (singleton=False)
[2025-12-20 14:31:21.204] MenuRegistry: Registered screen factory 'WeeklyTimeReportScreen' in container (viewMode=)
[2025-12-20 14:31:21.206] MenuRegistry: Registered 'Weekly Report' in 'Time' menu (hotkey=W order=10)
[2025-12-20 14:31:21.210] ServiceContainer: Registered 'TaskListScreen_Upcoming' (singleton=False)
[2025-12-20 14:31:21.211] MenuRegistry: Registered screen factory 'TaskListScreen_Upcoming' in container (viewMode=upcoming)
[2025-12-20 14:31:21.212] MenuRegistry: Registered 'Upcoming' in 'Tasks' menu (hotkey=U order=25)
[2025-12-20 14:31:21.214] ServiceContainer: Registered 'ChecklistTemplatesFolderScreen' (singleton=False)
[2025-12-20 14:31:21.215] MenuRegistry: Registered screen factory 'ChecklistTemplatesFolderScreen' in container (viewMode=)
[2025-12-20 14:31:21.216] MenuRegistry: Registered 'Checklist Templates' in 'Tools' menu (hotkey=H order=30)
[2025-12-20 14:31:21.217] ServiceContainer: Registered 'ThemeEditorScreen' (singleton=False)
[2025-12-20 14:31:21.218] MenuRegistry: Registered screen factory 'ThemeEditorScreen' in container (viewMode=)
[2025-12-20 14:31:21.220] MenuRegistry: Registered 'Theme Editor' in 'Options' menu (hotkey=T order=10)
[2025-12-20 14:31:21.221] ServiceContainer: Registered 'TaskListScreen_Overdue' (singleton=False)
[2025-12-20 14:31:21.222] MenuRegistry: Registered screen factory 'TaskListScreen_Overdue' in container (viewMode=overdue)
[2025-12-20 14:31:21.224] MenuRegistry: Registered 'Overdue' in 'Tasks' menu (hotkey=O order=30)
[2025-12-20 14:31:21.226] ServiceContainer: Registered 'HelpViewScreen' (singleton=False)
[2025-12-20 14:31:21.227] MenuRegistry: Registered screen factory 'HelpViewScreen' in container (viewMode=)
[2025-12-20 14:31:21.228] MenuRegistry: Registered 'Help' in 'Help' menu (hotkey=H order=10)
[2025-12-20 14:31:21.230] ServiceContainer: Registered 'ProjectListScreen' (singleton=False)
[2025-12-20 14:31:21.231] MenuRegistry: Registered screen factory 'ProjectListScreen' in container (viewMode=)
[2025-12-20 14:31:21.232] MenuRegistry: Registered 'Project List' in 'Projects' menu (hotkey=L order=10)
[2025-12-20 14:31:21.234] ServiceContainer: Registered 'TaskListScreen_Month' (singleton=False)
[2025-12-20 14:31:21.235] MenuRegistry: Registered screen factory 'TaskListScreen_Month' in container (viewMode=month)
[2025-12-20 14:31:21.236] MenuRegistry: Registered 'Month View' in 'Tasks' menu (hotkey=M order=45)
[2025-12-20 14:31:21.238] ServiceContainer: Registered 'NotesMenuScreen' (singleton=False)
[2025-12-20 14:31:21.239] MenuRegistry: Registered screen factory 'NotesMenuScreen' in container (viewMode=)
[2025-12-20 14:31:21.241] MenuRegistry: Registered 'Notes' in 'Tools' menu (hotkey=N order=20)
[2025-12-20 14:31:21.243] ServiceContainer: Registered 'TaskListScreen_Week' (singleton=False)
[2025-12-20 14:31:21.244] MenuRegistry: Registered screen factory 'TaskListScreen_Week' in container (viewMode=week)
[2025-12-20 14:31:21.245] MenuRegistry: Registered 'Week View' in 'Tasks' menu (hotkey=W order=20)
[2025-12-20 14:31:21.247] ServiceContainer: Registered 'ExcelProfileManagerScreen' (singleton=False)
[2025-12-20 14:31:21.248] MenuRegistry: Registered screen factory 'ExcelProfileManagerScreen' in container (viewMode=)
[2025-12-20 14:31:21.249] MenuRegistry: Registered 'Excel Profiles' in 'Projects' menu (hotkey=M order=50)
[2025-12-20 14:31:21.251] ServiceContainer: Registered 'TaskListScreen_NoDate' (singleton=False)
[2025-12-20 14:31:21.252] MenuRegistry: Registered screen factory 'TaskListScreen_NoDate' in container (viewMode=noduedate)
[2025-12-20 14:31:21.253] MenuRegistry: Registered 'No Due Date' in 'Tasks' menu (hotkey=D order=40)
[2025-12-20 14:31:21.255] ServiceContainer: Registered 'TaskListScreen_NextActions' (singleton=False)
[2025-12-20 14:31:21.256] MenuRegistry: Registered screen factory 'TaskListScreen_NextActions' in container (viewMode=nextactions)
[2025-12-20 14:31:21.261] MenuRegistry: Registered 'Next Actions' in 'Tasks' menu (hotkey=N order=35)
[2025-12-20 14:31:21.263] ServiceContainer: Registered 'TaskListScreen_Tomorrow' (singleton=False)
[2025-12-20 14:31:21.264] MenuRegistry: Registered screen factory 'TaskListScreen_Tomorrow' in container (viewMode=tomorrow)
[2025-12-20 14:31:21.265] MenuRegistry: Registered 'Tomorrow' in 'Tasks' menu (hotkey=T order=15)
[2025-12-20 14:31:21.267] ServiceContainer: Registered 'TaskListScreen_Agenda' (singleton=False)
[2025-12-20 14:31:21.268] MenuRegistry: Registered screen factory 'TaskListScreen_Agenda' in container (viewMode=agenda)
[2025-12-20 14:31:21.269] MenuRegistry: Registered 'Agenda View' in 'Tasks' menu (hotkey=A order=50)
[2025-12-20 14:31:21.271] ServiceContainer: Registered 'TaskListScreen_Today' (singleton=False)
[2025-12-20 14:31:21.272] MenuRegistry: Registered screen factory 'TaskListScreen_Today' in container (viewMode=today)
[2025-12-20 14:31:21.273] MenuRegistry: Registered 'Today' in 'Tasks' menu (hotkey=Y order=10)
[2025-12-20 14:31:21.275] ServiceContainer: Registered 'CommandLibraryScreen' (singleton=False)
[2025-12-20 14:31:21.276] MenuRegistry: Registered screen factory 'CommandLibraryScreen' in container (viewMode=)
[2025-12-20 14:31:21.278] MenuRegistry: Registered 'Command Library' in 'Tools' menu (hotkey=L order=10)
[2025-12-20 14:31:21.280] ServiceContainer: Registered 'TaskListScreen_Default' (singleton=False)
[2025-12-20 14:31:21.281] MenuRegistry: Registered screen factory 'TaskListScreen_Default' in container (viewMode=)
[2025-12-20 14:31:21.283] MenuRegistry: Registered 'Task List' in 'Tasks' menu (hotkey=L order=5)
[2025-12-20 14:31:21.285] ServiceContainer: Registered 'TimeListScreen' (singleton=False)
[2025-12-20 14:31:21.286] MenuRegistry: Registered screen factory 'TimeListScreen' in container (viewMode=)
[2025-12-20 14:31:21.288] MenuRegistry: Registered 'Time Tracking' in 'Time' menu (hotkey=T order=5)
[2025-12-20 14:31:21.290] ServiceContainer: Registered 'TimeReportScreen' (singleton=False)
[2025-12-20 14:31:21.292] MenuRegistry: Registered screen factory 'TimeReportScreen' in container (viewMode=)
[2025-12-20 14:31:21.293] MenuRegistry: Registered 'Time Report' in 'Time' menu (hotkey=R order=20)
[2025-12-20 14:31:21.296] ServiceContainer: Registered 'SettingsScreen' (singleton=False)
[2025-12-20 14:31:21.297] MenuRegistry: Registered screen factory 'SettingsScreen' in container (viewMode=)
[2025-12-20 14:31:21.299] MenuRegistry: Registered 'Settings' in 'Options' menu (hotkey=S order=20)
[2025-12-20 14:31:21.301] ServiceContainer: Registered 'ExcelImportScreen' (singleton=False)
[2025-12-20 14:31:21.302] MenuRegistry: Registered screen factory 'ExcelImportScreen' in container (viewMode=)
[2025-12-20 14:31:21.304] MenuRegistry: Registered 'Import from Excel' in 'Projects' menu (hotkey=I order=40)
[2025-12-20 14:31:21.307] ServiceContainer: Resolving 'TaskListScreen'...
[2025-12-20 14:31:21.310] ServiceContainer: Resolving 'TaskStore'...
[2025-12-20 14:31:21.668] ServiceContainer: Resolved 'TaskStore' successfully
[2025-12-20 14:31:22.755] _PopulateMenusFromRegistry: Menu 'Projects' has 3 items from registry (array)
[2025-12-20 14:31:22.782] _PopulateMenusFromRegistry: Menu 'Help' has 1 items from registry (array)
[2025-12-20 14:31:22.786] _PopulateMenusFromRegistry: Menu 'Options' has 2 items from registry (array)
[2025-12-20 14:31:22.790] _PopulateMenusFromRegistry: Menu 'Time' has 3 items from registry (array)
[2025-12-20 14:31:22.794] _PopulateMenusFromRegistry: Menu 'Tools' has 4 items from registry (array)
[2025-12-20 14:31:22.801] _PopulateMenusFromRegistry: Menu 'Tasks' has 10 items from registry (array)
[2025-12-20 14:31:22.805] ServiceContainer: Resolved 'TaskListScreen' successfully
[2025-12-20 14:35:15.451] ServiceContainer: Resolving 'ThemeEditorScreen'...
[2025-12-20 14:35:15.511] ServiceContainer: Resolved 'ThemeEditorScreen' successfully
[2025-12-20 14:35:22.872] ServiceContainer: Resolving 'ThemeEditorScreen'...
[2025-12-20 14:35:22.882] ServiceContainer: Resolved 'ThemeEditorScreen' successfully
