[2026-01-02 14:25:11.795] ServiceContainer: Registered 'Theme' (singleton=True)
[2026-01-02 14:25:11.798] ServiceContainer: Registered 'ThemeManager' (singleton=True)
[2026-01-02 14:25:11.799] ServiceContainer: Registered 'Config' (singleton=True)
[2026-01-02 14:25:11.800] ServiceContainer: Registered 'TaskStore' (singleton=True)
[2026-01-02 14:25:11.802] ServiceContainer: Registered 'MenuRegistry' (singleton=True)
[2026-01-02 14:25:11.803] ServiceContainer: Registered 'Application' (singleton=True)
[2026-01-02 14:25:11.804] ServiceContainer: Registered 'CommandService' (singleton=True)
[2026-01-02 14:25:11.805] ServiceContainer: Registered 'ChecklistService' (singleton=True)
[2026-01-02 14:25:11.806] ServiceContainer: Registered 'NoteService' (singleton=True)
[2026-01-02 14:25:11.808] ServiceContainer: Registered 'ExcelMappingService' (singleton=True)
[2026-01-02 14:25:11.809] ServiceContainer: Registered 'ExcelCopyService' (singleton=True)
[2026-01-02 14:25:11.810] ServiceContainer: Registered 'PreferencesService' (singleton=True)
[2026-01-02 14:25:11.811] ServiceContainer: Registered 'ExcelImportService' (singleton=True)
[2026-01-02 14:25:11.813] ServiceContainer: Registered 'TextExportService' (singleton=True)
[2026-01-02 14:25:11.814] ServiceContainer: Registered 'TaskListScreen' (singleton=False)
[2026-01-02 14:25:11.831] ServiceContainer: Resolving 'Application'...
[2026-01-02 14:25:11.833] ServiceContainer: Resolving 'Theme'...
[2026-01-02 14:25:12.026] ServiceContainer: Resolved 'Theme' successfully
[2026-01-02 14:25:12.103] ServiceContainer: Resolving 'ThemeManager'...
[2026-01-02 14:25:12.105] ServiceContainer: Resolved 'ThemeManager' successfully
[2026-01-02 14:25:12.117] ServiceContainer: Resolved 'Application' successfully
[2026-01-02 14:25:12.118] ServiceContainer: Resolving 'MenuRegistry'...
[2026-01-02 14:25:12.128] ServiceContainer: Resolved 'MenuRegistry' successfully
[2026-01-02 14:25:12.144] MenuRegistry: Loaded manifest with 16 entries
[2026-01-02 14:25:12.167] ServiceContainer: Registered 'ExcelImportProfileManagerScreen' (singleton=False)
[2026-01-02 14:25:12.168] MenuRegistry: Registered 'Excel Import Profiles' in 'Tools' menu (hotkey=I order=40)
[2026-01-02 14:25:12.182] MenuRegistry: Registered 'Excel Import Profiles' in 'Tools' menu (hotkey=I order=40)
[2026-01-02 14:25:12.183] ServiceContainer: Registered 'ExcelImportScreen' (singleton=False)
[2026-01-02 14:25:12.184] MenuRegistry: Registered 'Import from Excel' in 'Projects' menu (hotkey=I order=40)
[2026-01-02 14:25:12.186] MenuRegistry: Registered 'Import from Excel' in 'Projects' menu (hotkey=I order=40)
[2026-01-02 14:25:12.188] ServiceContainer: Registered 'WeeklyTimeReportScreen' (singleton=False)
[2026-01-02 14:25:12.188] MenuRegistry: Registered 'Weekly Report' in 'Time' menu (hotkey=W order=10)
[2026-01-02 14:25:12.190] MenuRegistry: Registered 'Weekly Report' in 'Time' menu (hotkey=W order=10)
[2026-01-02 14:25:12.191] ServiceContainer: Registered 'ProjectListScreen' (singleton=False)
[2026-01-02 14:25:12.192] MenuRegistry: Registered 'Project List' in 'Projects' menu (hotkey=L order=10)
[2026-01-02 14:25:12.193] MenuRegistry: Registered 'Project List' in 'Projects' menu (hotkey=L order=10)
[2026-01-02 14:25:12.217] ServiceContainer: Registered 'TimeReportScreen' (singleton=False)
[2026-01-02 14:25:12.218] MenuRegistry: Registered 'Time Report' in 'Time' menu (hotkey=R order=20)
[2026-01-02 14:25:12.219] MenuRegistry: Registered 'Time Report' in 'Time' menu (hotkey=R order=20)
[2026-01-02 14:25:12.220] ServiceContainer: Registered 'TaskListScreen_Default' (singleton=False)
[2026-01-02 14:25:12.221] MenuRegistry: Registered 'Task List' in 'Tasks' menu (hotkey=L order=5)
[2026-01-02 14:25:12.222] MenuRegistry: Registered 'Task List' in 'Tasks' menu (hotkey=L order=5)
[2026-01-02 14:25:12.223] ServiceContainer: Registered 'SettingsScreen' (singleton=False)
[2026-01-02 14:25:12.224] MenuRegistry: Registered 'Settings' in 'Options' menu (hotkey=S order=20)
[2026-01-02 14:25:12.225] MenuRegistry: Registered 'Settings' in 'Options' menu (hotkey=S order=20)
[2026-01-02 14:25:12.227] ServiceContainer: Registered 'ExcelProfileManagerScreen' (singleton=False)
[2026-01-02 14:25:12.228] MenuRegistry: Registered 'Excel Profiles' in 'Projects' menu (hotkey=M order=50)
[2026-01-02 14:25:12.229] MenuRegistry: Registered 'Excel Profiles' in 'Projects' menu (hotkey=M order=50)
[2026-01-02 14:25:12.230] ServiceContainer: Registered 'ThemeEditorScreen' (singleton=False)
[2026-01-02 14:25:12.231] MenuRegistry: Registered 'Theme Editor' in 'Options' menu (hotkey=T order=10)
[2026-01-02 14:25:12.232] MenuRegistry: Registered 'Theme Editor' in 'Options' menu (hotkey=T order=10)
[2026-01-02 14:25:12.234] ServiceContainer: Registered 'HelpViewScreen' (singleton=False)
[2026-01-02 14:25:12.234] MenuRegistry: Registered 'Help' in 'Help' menu (hotkey=H order=10)
[2026-01-02 14:25:12.236] MenuRegistry: Registered 'Help' in 'Help' menu (hotkey=H order=10)
[2026-01-02 14:25:12.237] ServiceContainer: Registered 'TimeListScreen' (singleton=False)
[2026-01-02 14:25:12.238] MenuRegistry: Registered 'Time Tracking' in 'Time' menu (hotkey=T order=5)
[2026-01-02 14:25:12.239] MenuRegistry: Registered 'Time Tracking' in 'Time' menu (hotkey=T order=5)
[2026-01-02 14:25:12.240] ServiceContainer: Registered 'NotesMenuScreen' (singleton=False)
[2026-01-02 14:25:12.241] MenuRegistry: Registered 'Notes' in 'Tools' menu (hotkey=N order=20)
[2026-01-02 14:25:12.242] MenuRegistry: Registered 'Notes' in 'Tools' menu (hotkey=N order=20)
[2026-01-02 14:25:12.244] ServiceContainer: Registered 'ChecklistsLauncherScreen' (singleton=False)
[2026-01-02 14:25:12.245] MenuRegistry: Registered 'Checklists' in 'Tools' menu (hotkey=C order=25)
[2026-01-02 14:25:12.246] MenuRegistry: Registered 'Checklists' in 'Tools' menu (hotkey=C order=25)
[2026-01-02 14:25:12.247] ServiceContainer: Registered 'ChecklistTemplatesFolderScreen' (singleton=False)
[2026-01-02 14:25:12.248] MenuRegistry: Registered 'Checklist Templates' in 'Tools' menu (hotkey=H order=30)
[2026-01-02 14:25:12.249] MenuRegistry: Registered 'Checklist Templates' in 'Tools' menu (hotkey=H order=30)
[2026-01-02 14:25:12.250] ServiceContainer: Registered 'TextExportProfileManagerScreen' (singleton=False)
[2026-01-02 14:25:12.251] MenuRegistry: Registered 'T2020 Export Profiles' in 'Tools' menu (hotkey=E order=45)
[2026-01-02 14:25:12.252] MenuRegistry: Registered 'T2020 Export Profiles' in 'Tools' menu (hotkey=E order=45)
[2026-01-02 14:25:12.254] ServiceContainer: Registered 'CommandLibraryScreen' (singleton=False)
[2026-01-02 14:25:12.254] MenuRegistry: Registered 'Command Library' in 'Tools' menu (hotkey=L order=10)
[2026-01-02 14:25:12.256] MenuRegistry: Registered 'Command Library' in 'Tools' menu (hotkey=L order=10)
[2026-01-02 14:25:12.257] ServiceContainer: Resolving 'TaskListScreen'...
[2026-01-02 14:25:12.259] ServiceContainer: Resolving 'TaskStore'...
[2026-01-02 14:25:12.373] ServiceContainer: Resolved 'TaskStore' successfully
[2026-01-02 14:25:13.272] _PopulateMenusFromRegistry: Menu 'Tools' has 6 items from registry (array)
[2026-01-02 14:25:13.291] _PopulateMenusFromRegistry: Menu 'Help' has 1 items from registry (array)
[2026-01-02 14:25:13.294] _PopulateMenusFromRegistry: Menu 'Time' has 3 items from registry (array)
[2026-01-02 14:25:13.296] _PopulateMenusFromRegistry: Menu 'Tasks' has 1 items from registry (array)
[2026-01-02 14:25:13.299] _PopulateMenusFromRegistry: Menu 'Projects' has 3 items from registry (array)
[2026-01-02 14:25:13.301] _PopulateMenusFromRegistry: Menu 'Options' has 2 items from registry (array)
[2026-01-02 14:25:13.303] ServiceContainer: Resolved 'TaskListScreen' successfully
