[2025-12-19 07:33:07.509] [INFO] Loading PMC module...
[2025-12-19 07:33:08.302] [INFO] PMC module loaded
[2025-12-19 07:33:08.305] [INFO] Loading dependencies (FieldSchemas, etc.)...
[2025-12-19 07:33:08.382] [INFO] Dependencies loaded
[2025-12-19 07:33:08.383] [INFO] Loading SpeedTUI framework...
[2025-12-19 07:33:09.332] [INFO] SpeedTUI framework loaded
[2025-12-19 07:33:09.332] [INFO] Loading PraxisVT...
[2025-12-19 07:33:09.334] [INFO] PraxisVT loaded
[2025-12-19 07:33:09.334] [INFO] Loading core dependencies...
[2025-12-19 07:33:09.359] [INFO] Core dependencies loaded
[2025-12-19 07:33:09.372] [INFO] Loading widget base classes...
[2025-12-19 07:33:09.391] [INFO] Widget base classes loaded
[2025-12-19 07:33:09.392] [INFO] Loading services...
[2025-12-19 07:33:09.468] [INFO] Services loaded
[2025-12-19 07:33:09.469] [INFO] Loading helpers...
[2025-12-19 07:33:09.585] [INFO] Helpers loaded
[2025-12-19 07:33:09.586] [INFO] Loading widgets...
[2025-12-19 07:33:09.797] [INFO] Widgets loaded
[2025-12-19 07:33:09.797] [INFO] Loading screen base class...
[2025-12-19 07:33:09.808] [INFO] Screen base class loaded
[2025-12-19 07:33:09.809] [INFO] Loading HelpViewScreen (needed by base classes)...
[2025-12-19 07:33:09.814] [INFO] HelpViewScreen loaded
[2025-12-19 07:33:09.815] [INFO] Loading base classes...
[2025-12-19 07:33:09.892] [INFO] Base classes loaded
[2025-12-19 07:33:09.893] [INFO] Loading ServiceContainer (needed by screens)...
[2025-12-19 07:33:09.899] [INFO] ServiceContainer loaded
[2025-12-19 07:33:09.900] [INFO] Loading remaining screens...
[2025-12-19 07:33:10.033] [INFO] Remaining screens loaded
[2025-12-19 07:33:10.034] [INFO] Loading PmcApplication...
[2025-12-19 07:33:10.045] [INFO] PmcApplication loaded
[2025-12-19 07:33:10.046] [INFO] All components loaded successfully
[2025-12-19 07:33:10.062] [INFO] Starting PMC TUI with screen: TaskList
[2025-12-19 07:33:10.069] [INFO] Cleared stale PmcSharedMenuBar and MenuRegistry singleton
[2025-12-19 07:33:10.070] [INFO] Creating ServiceContainer...
[2025-12-19 07:33:10.080] [INFO] ServiceContainer created
[2025-12-19 07:33:10.088] [INFO] Registering Theme service...
[2025-12-19 07:33:10.102] ServiceContainer: Registered 'Theme' (singleton=True)
[2025-12-19 07:33:10.105] [INFO] Registering ThemeManager...
[2025-12-19 07:33:10.105] ServiceContainer: Registered 'ThemeManager' (singleton=True)
[2025-12-19 07:33:10.106] [INFO] Registering Config service...
[2025-12-19 07:33:10.107] ServiceContainer: Registered 'Config' (singleton=True)
[2025-12-19 07:33:10.108] [INFO] Registering TaskStore service...
[2025-12-19 07:33:10.108] ServiceContainer: Registered 'TaskStore' (singleton=True)
[2025-12-19 07:33:10.109] [INFO] Registering MenuRegistry service...
[2025-12-19 07:33:10.110] ServiceContainer: Registered 'MenuRegistry' (singleton=True)
[2025-12-19 07:33:10.111] [INFO] Registering Application service...
[2025-12-19 07:33:10.111] ServiceContainer: Registered 'Application' (singleton=True)
[2025-12-19 07:33:10.112] [INFO] Registering CommandService...
[2025-12-19 07:33:10.113] ServiceContainer: Registered 'CommandService' (singleton=True)
[2025-12-19 07:33:10.114] [INFO] Registering ChecklistService...
[2025-12-19 07:33:10.115] ServiceContainer: Registered 'ChecklistService' (singleton=True)
[2025-12-19 07:33:10.116] [INFO] Registering NoteService...
[2025-12-19 07:33:10.117] ServiceContainer: Registered 'NoteService' (singleton=True)
[2025-12-19 07:33:10.118] [INFO] Registering ExcelMappingService...
[2025-12-19 07:33:10.119] ServiceContainer: Registered 'ExcelMappingService' (singleton=True)
[2025-12-19 07:33:10.120] [INFO] Registering PreferencesService...
[2025-12-19 07:33:10.120] ServiceContainer: Registered 'PreferencesService' (singleton=True)
[2025-12-19 07:33:10.121] [INFO] Registering screen factories...
[2025-12-19 07:33:10.122] ServiceContainer: Registered 'TaskListScreen' (singleton=False)
[2025-12-19 07:33:10.123] [INFO] Resolving Application from container...
[2025-12-19 07:33:10.136] ServiceContainer: Resolving 'Application'...
[2025-12-19 07:33:10.137] [INFO] Resolving Application...
[2025-12-19 07:33:10.138] ServiceContainer: Resolving 'Theme'...
[2025-12-19 07:33:10.141] [INFO] Resolving Theme: Resetting singletons and initializing...
[2025-12-19 07:33:10.273] [INFO] Theme initialized: #33aaff
[2025-12-19 07:33:10.276] ServiceContainer: Resolved 'Theme' successfully
[2025-12-19 07:33:10.334] ServiceContainer: Resolving 'ThemeManager'...
[2025-12-19 07:33:10.336] [INFO] Resolving ThemeManager...
[2025-12-19 07:33:10.344] ServiceContainer: Resolved 'ThemeManager' successfully
[2025-12-19 07:33:10.354] ServiceContainer: Resolved 'Application' successfully
[2025-12-19 07:33:10.355] [INFO] Application resolved and assigned to $global:PmcApp
[2025-12-19 07:33:10.356] [INFO] Loading menus from manifest...
[2025-12-19 07:33:10.357] ServiceContainer: Resolving 'MenuRegistry'...
[2025-12-19 07:33:10.358] [INFO] Resolving MenuRegistry...
[2025-12-19 07:33:10.367] ServiceContainer: Resolved 'MenuRegistry' successfully
[2025-12-19 07:33:10.383] MenuRegistry: Loaded manifest with 23 entries
[2025-12-19 07:33:10.402] ServiceContainer: Registered 'TimeListScreen' (singleton=False)
[2025-12-19 07:33:10.402] MenuRegistry: Registered screen factory 'TimeListScreen' in container (viewMode=)
[2025-12-19 07:33:10.415] MenuRegistry: Registered 'Time Tracking' in 'Time' menu (hotkey=T order=5)
[2025-12-19 07:33:10.417] ServiceContainer: Registered 'CommandLibraryScreen' (singleton=False)
[2025-12-19 07:33:10.418] MenuRegistry: Registered screen factory 'CommandLibraryScreen' in container (viewMode=)
[2025-12-19 07:33:10.419] MenuRegistry: Registered 'Command Library' in 'Tools' menu (hotkey=L order=10)
[2025-12-19 07:33:10.420] ServiceContainer: Registered 'SettingsScreen' (singleton=False)
[2025-12-19 07:33:10.421] MenuRegistry: Registered screen factory 'SettingsScreen' in container (viewMode=)
[2025-12-19 07:33:10.421] MenuRegistry: Registered 'Settings' in 'Options' menu (hotkey=S order=20)
[2025-12-19 07:33:10.423] ServiceContainer: Registered 'ThemeEditorScreen' (singleton=False)
[2025-12-19 07:33:10.423] MenuRegistry: Registered screen factory 'ThemeEditorScreen' in container (viewMode=)
[2025-12-19 07:33:10.424] MenuRegistry: Registered 'Theme Editor' in 'Options' menu (hotkey=T order=10)
[2025-12-19 07:33:10.425] ServiceContainer: Registered 'ChecklistTemplatesFolderScreen' (singleton=False)
[2025-12-19 07:33:10.426] MenuRegistry: Registered screen factory 'ChecklistTemplatesFolderScreen' in container (viewMode=)
[2025-12-19 07:33:10.426] MenuRegistry: Registered 'Checklist Templates' in 'Tools' menu (hotkey=H order=30)
[2025-12-19 07:33:10.429] ServiceContainer: Registered 'TaskListScreen_Tomorrow' (singleton=False)
[2025-12-19 07:33:10.429] MenuRegistry: Registered screen factory 'TaskListScreen_Tomorrow' in container (viewMode=tomorrow)
[2025-12-19 07:33:10.430] MenuRegistry: Registered 'Tomorrow' in 'Tasks' menu (hotkey=T order=15)
[2025-12-19 07:33:10.431] ServiceContainer: Registered 'TaskListScreen_Overdue' (singleton=False)
[2025-12-19 07:33:10.432] MenuRegistry: Registered screen factory 'TaskListScreen_Overdue' in container (viewMode=overdue)
[2025-12-19 07:33:10.453] MenuRegistry: Registered 'Overdue' in 'Tasks' menu (hotkey=O order=30)
[2025-12-19 07:33:10.455] ServiceContainer: Registered 'TaskListScreen_Today' (singleton=False)
[2025-12-19 07:33:10.455] MenuRegistry: Registered screen factory 'TaskListScreen_Today' in container (viewMode=today)
[2025-12-19 07:33:10.456] MenuRegistry: Registered 'Today' in 'Tasks' menu (hotkey=Y order=10)
[2025-12-19 07:33:10.457] ServiceContainer: Registered 'ProjectListScreen' (singleton=False)
[2025-12-19 07:33:10.458] MenuRegistry: Registered screen factory 'ProjectListScreen' in container (viewMode=)
[2025-12-19 07:33:10.459] MenuRegistry: Registered 'Project List' in 'Projects' menu (hotkey=L order=10)
[2025-12-19 07:33:10.460] ServiceContainer: Registered 'TaskListScreen_Default' (singleton=False)
[2025-12-19 07:33:10.460] MenuRegistry: Registered screen factory 'TaskListScreen_Default' in container (viewMode=)
[2025-12-19 07:33:10.461] MenuRegistry: Registered 'Task List' in 'Tasks' menu (hotkey=L order=5)
[2025-12-19 07:33:10.462] ServiceContainer: Registered 'ExcelImportScreen' (singleton=False)
[2025-12-19 07:33:10.463] MenuRegistry: Registered screen factory 'ExcelImportScreen' in container (viewMode=)
[2025-12-19 07:33:10.464] MenuRegistry: Registered 'Import from Excel' in 'Projects' menu (hotkey=I order=40)
[2025-12-19 07:33:10.465] ServiceContainer: Registered 'TaskListScreen_NoDate' (singleton=False)
[2025-12-19 07:33:10.466] MenuRegistry: Registered screen factory 'TaskListScreen_NoDate' in container (viewMode=noduedate)
[2025-12-19 07:33:10.466] MenuRegistry: Registered 'No Due Date' in 'Tasks' menu (hotkey=D order=40)
[2025-12-19 07:33:10.468] ServiceContainer: Registered 'ExcelProfileManagerScreen' (singleton=False)
[2025-12-19 07:33:10.468] MenuRegistry: Registered screen factory 'ExcelProfileManagerScreen' in container (viewMode=)
[2025-12-19 07:33:10.469] MenuRegistry: Registered 'Excel Profiles' in 'Projects' menu (hotkey=M order=50)
[2025-12-19 07:33:10.470] ServiceContainer: Registered 'NotesMenuScreen' (singleton=False)
[2025-12-19 07:33:10.471] MenuRegistry: Registered screen factory 'NotesMenuScreen' in container (viewMode=)
[2025-12-19 07:33:10.472] MenuRegistry: Registered 'Notes' in 'Tools' menu (hotkey=N order=20)
[2025-12-19 07:33:10.473] ServiceContainer: Registered 'HelpViewScreen' (singleton=False)
[2025-12-19 07:33:10.474] MenuRegistry: Registered screen factory 'HelpViewScreen' in container (viewMode=)
[2025-12-19 07:33:10.474] MenuRegistry: Registered 'Help' in 'Help' menu (hotkey=H order=10)
[2025-12-19 07:33:10.476] ServiceContainer: Registered 'TaskListScreen_Week' (singleton=False)
[2025-12-19 07:33:10.476] MenuRegistry: Registered screen factory 'TaskListScreen_Week' in container (viewMode=week)
[2025-12-19 07:33:10.477] MenuRegistry: Registered 'Week View' in 'Tasks' menu (hotkey=W order=20)
[2025-12-19 07:33:10.478] ServiceContainer: Registered 'TaskListScreen_NextActions' (singleton=False)
[2025-12-19 07:33:10.479] MenuRegistry: Registered screen factory 'TaskListScreen_NextActions' in container (viewMode=nextactions)
[2025-12-19 07:33:10.480] MenuRegistry: Registered 'Next Actions' in 'Tasks' menu (hotkey=N order=35)
[2025-12-19 07:33:10.481] ServiceContainer: Registered 'WeeklyTimeReportScreen' (singleton=False)
[2025-12-19 07:33:10.482] MenuRegistry: Registered screen factory 'WeeklyTimeReportScreen' in container (viewMode=)
[2025-12-19 07:33:10.483] MenuRegistry: Registered 'Weekly Report' in 'Time' menu (hotkey=W order=10)
[2025-12-19 07:33:10.484] ServiceContainer: Registered 'TaskListScreen_Upcoming' (singleton=False)
[2025-12-19 07:33:10.485] MenuRegistry: Registered screen factory 'TaskListScreen_Upcoming' in container (viewMode=upcoming)
[2025-12-19 07:33:10.486] MenuRegistry: Registered 'Upcoming' in 'Tasks' menu (hotkey=U order=25)
[2025-12-19 07:33:10.487] ServiceContainer: Registered 'TaskListScreen_Agenda' (singleton=False)
[2025-12-19 07:33:10.488] MenuRegistry: Registered screen factory 'TaskListScreen_Agenda' in container (viewMode=agenda)
[2025-12-19 07:33:10.489] MenuRegistry: Registered 'Agenda View' in 'Tasks' menu (hotkey=A order=50)
[2025-12-19 07:33:10.490] ServiceContainer: Registered 'ChecklistsLauncherScreen' (singleton=False)
[2025-12-19 07:33:10.491] MenuRegistry: Registered screen factory 'ChecklistsLauncherScreen' in container (viewMode=)
[2025-12-19 07:33:10.494] MenuRegistry: Registered 'Checklists' in 'Tools' menu (hotkey=C order=25)
[2025-12-19 07:33:10.496] ServiceContainer: Registered 'TimeReportScreen' (singleton=False)
[2025-12-19 07:33:10.497] MenuRegistry: Registered screen factory 'TimeReportScreen' in container (viewMode=)
[2025-12-19 07:33:10.499] MenuRegistry: Registered 'Time Report' in 'Time' menu (hotkey=R order=20)
[2025-12-19 07:33:10.500] ServiceContainer: Registered 'TaskListScreen_Month' (singleton=False)
[2025-12-19 07:33:10.501] MenuRegistry: Registered screen factory 'TaskListScreen_Month' in container (viewMode=month)
[2025-12-19 07:33:10.503] MenuRegistry: Registered 'Month View' in 'Tasks' menu (hotkey=M order=45)
[2025-12-19 07:33:10.504] [INFO] Menus loaded from /home/teej/ztest/module/Pmc.Strict/consoleui/screens/MenuItems.psd1
[2025-12-19 07:33:10.505] [INFO] Launching screen: TaskList
[2025-12-19 07:33:10.506] [INFO] Resolving TaskListScreen from container...
[2025-12-19 07:33:10.507] ServiceContainer: Resolving 'TaskListScreen'...
[2025-12-19 07:33:10.508] [INFO] Resolving TaskListScreen...
[2025-12-19 07:33:10.509] ServiceContainer: Resolving 'TaskStore'...
[2025-12-19 07:33:10.511] [INFO] Resolving TaskStore...
[2025-12-19 07:33:10.727] ServiceContainer: Resolved 'TaskStore' successfully
[2025-12-19 07:33:11.287] _PopulateMenusFromRegistry: Menu 'Help' has 1 items from registry (array)
[2025-12-19 07:33:11.301] _PopulateMenusFromRegistry: Menu 'Options' has 2 items from registry (array)
[2025-12-19 07:33:11.304] _PopulateMenusFromRegistry: Menu 'Tools' has 4 items from registry (array)
[2025-12-19 07:33:11.307] _PopulateMenusFromRegistry: Menu 'Projects' has 3 items from registry (array)
[2025-12-19 07:33:11.312] _PopulateMenusFromRegistry: Menu 'Tasks' has 10 items from registry (array)
[2025-12-19 07:33:11.315] _PopulateMenusFromRegistry: Menu 'Time' has 3 items from registry (array)
[2025-12-19 07:33:11.318] ServiceContainer: Resolved 'TaskListScreen' successfully
[2025-12-19 07:33:11.319] [INFO] Pushing screen to app...
[2025-12-19 07:33:11.647] [INFO] Screen pushed successfully
[2025-12-19 07:33:11.648] [INFO] Starting event loop...
[2025-12-19 07:33:18.200] ServiceContainer: Resolving 'ThemeEditorScreen'...
[2025-12-19 07:33:18.251] ServiceContainer: Resolved 'ThemeEditorScreen' successfully
[2025-12-19 07:33:22.238] RequestRender called from: Invoke-ThemeHotReload at line 67
[2025-12-19 07:33:33.126] ServiceContainer: Resolving 'TaskListScreen_Default'...
[2025-12-19 07:33:33.160] _PopulateMenusFromRegistry: Menu 'Help' has 1 items from registry (array)
[2025-12-19 07:33:33.163] _PopulateMenusFromRegistry: Menu 'Options' has 2 items from registry (array)
[2025-12-19 07:33:33.167] _PopulateMenusFromRegistry: Menu 'Tools' has 4 items from registry (array)
[2025-12-19 07:33:33.170] _PopulateMenusFromRegistry: Menu 'Projects' has 3 items from registry (array)
[2025-12-19 07:33:33.177] _PopulateMenusFromRegistry: Menu 'Tasks' has 10 items from registry (array)
[2025-12-19 07:33:33.179] _PopulateMenusFromRegistry: Menu 'Time' has 3 items from registry (array)
[2025-12-19 07:33:33.180] ServiceContainer: Resolved 'TaskListScreen_Default' successfully
[2025-12-19 07:35:48.117] [INFO] *** STANDARDLISTSCREEN.ADDITEM CALLED on type=TaskListScreen key=TaskList ***
[2025-12-19 07:36:24.933] [INFO] PadText: text='Current: 2025-12-19 Fri' rawLen=23 visibleLen=23 width=22 align=left
[2025-12-19 07:36:24.948] [INFO] PadText: text='Enter: Select' rawLen=13 visibleLen=13 width=22 align=left
[2025-12-19 07:36:25.010] [INFO] PadText: text='Current: 2025-12-19 Fri' rawLen=23 visibleLen=23 width=22 align=left
[2025-12-19 07:36:25.011] [INFO] PadText: text='Enter: Select' rawLen=13 visibleLen=13 width=22 align=left
[2025-12-19 07:36:25.074] [INFO] PadText: text='Current: 2025-12-19 Fri' rawLen=23 visibleLen=23 width=22 align=left
[2025-12-19 07:36:25.076] [INFO] PadText: text='Enter: Select' rawLen=13 visibleLen=13 width=22 align=left
[2025-12-19 07:36:25.083] [INFO] PadText: text='Current: 2025-12-19 Fri' rawLen=23 visibleLen=23 width=22 align=left
[2025-12-19 07:36:25.086] [INFO] PadText: text='Enter: Select' rawLen=13 visibleLen=13 width=22 align=left
[2025-12-19 07:36:26.383] [INFO] PadText: text='Current: 2025-12-26 Fri' rawLen=23 visibleLen=23 width=22 align=left
[2025-12-19 07:36:26.386] [INFO] PadText: text='Enter: Select' rawLen=13 visibleLen=13 width=22 align=left
[2025-12-19 07:36:26.441] [INFO] PadText: text='Current: 2025-12-26 Fri' rawLen=23 visibleLen=23 width=22 align=left
[2025-12-19 07:36:26.444] [INFO] PadText: text='Enter: Select' rawLen=13 visibleLen=13 width=22 align=left
[2025-12-19 07:36:26.507] [INFO] PadText: text='Current: 2025-12-26 Fri' rawLen=23 visibleLen=23 width=22 align=left
[2025-12-19 07:36:26.508] [INFO] PadText: text='Enter: Select' rawLen=13 visibleLen=13 width=22 align=left
[2025-12-19 07:36:26.516] [INFO] PadText: text='Current: 2025-12-26 Fri' rawLen=23 visibleLen=23 width=22 align=left
[2025-12-19 07:36:26.517] [INFO] PadText: text='Enter: Select' rawLen=13 visibleLen=13 width=22 align=left
[2025-12-19 07:36:29.467] [INFO] PadText: text='Type to filter...' rawLen=17 visibleLen=17 width=56 align=left
[2025-12-19 07:36:29.481] [INFO] PadText: text='Enter=Select | Alt+N=Create' rawLen=27 visibleLen=27 width=56 align=left
[2025-12-19 07:36:29.538] [INFO] PadText: text='Type to filter...' rawLen=17 visibleLen=17 width=56 align=left
[2025-12-19 07:36:29.546] [INFO] PadText: text='Enter=Select | Alt+N=Create' rawLen=27 visibleLen=27 width=56 align=left
[2025-12-19 07:36:29.629] [INFO] PadText: text='Type to filter...' rawLen=17 visibleLen=17 width=56 align=left
[2025-12-19 07:36:29.635] [INFO] PadText: text='Enter=Select | Alt+N=Create' rawLen=27 visibleLen=27 width=56 align=left
[2025-12-19 07:36:29.650] [INFO] PadText: text='Type to filter...' rawLen=17 visibleLen=17 width=56 align=left
[2025-12-19 07:36:29.656] [INFO] PadText: text='Enter=Select | Alt+N=Create' rawLen=27 visibleLen=27 width=56 align=left
[2025-12-19 07:36:31.990] [INFO] PadText: text='Type to filter...' rawLen=17 visibleLen=17 width=56 align=left
[2025-12-19 07:36:31.995] [INFO] PadText: text='Enter=Select | Alt+N=Create' rawLen=27 visibleLen=27 width=56 align=left
[2025-12-19 07:36:32.057] [INFO] PadText: text='Type to filter...' rawLen=17 visibleLen=17 width=56 align=left
[2025-12-19 07:36:32.064] [INFO] PadText: text='Enter=Select | Alt+N=Create' rawLen=27 visibleLen=27 width=56 align=left
[2025-12-19 07:36:32.135] [INFO] PadText: text='Type to filter...' rawLen=17 visibleLen=17 width=56 align=left
[2025-12-19 07:36:32.142] [INFO] PadText: text='Enter=Select | Alt+N=Create' rawLen=27 visibleLen=27 width=56 align=left
[2025-12-19 07:36:32.155] [INFO] PadText: text='Type to filter...' rawLen=17 visibleLen=17 width=56 align=left
[2025-12-19 07:36:32.160] [INFO] PadText: text='Enter=Select | Alt+N=Create' rawLen=27 visibleLen=27 width=56 align=left
[2025-12-19 07:36:43.817] [INFO] OnInlineEditConfirmed: Processing ADD operation
[2025-12-19 07:36:43.828] [INFO] OnItemUpdated: Processing ADD (new task) mode
[2025-12-19 07:36:43.882] [INFO] TaskStore.SaveData: START - tasks=4 projects=1 timelogs=2
[2025-12-19 07:36:43.899] [INFO] _CreatePersistentBackup: Created backup at /home/teej/ztest/tasks.json.backup.20251219-073643
[2025-12-19 07:36:43.918] [INFO] TaskStore.SaveData: Data structure built - tasks=4 projects=1 timelogs=2
[2025-12-19 07:36:43.919] [INFO] TaskStore.SaveData: Calling Save-PmcData
[2025-12-19 07:36:44.003] [INFO] TaskStore.SaveData: Save-PmcData completed successfully
[2025-12-19 07:36:44.062] [INFO] TaskStore.SaveData: SUCCESS - Data saved and verified
[2025-12-19 07:42:30.418] [INFO] Event loop exited normally
[2025-12-19 07:42:30.419] [INFO] Cleanup - showing cursor and resetting terminal
