[2025-12-29 12:05:36.520] ServiceContainer: Registered 'Theme' (singleton=True)
[2025-12-29 12:05:36.523] ServiceContainer: Registered 'ThemeManager' (singleton=True)
[2025-12-29 12:05:36.524] ServiceContainer: Registered 'Config' (singleton=True)
[2025-12-29 12:05:36.525] ServiceContainer: Registered 'TaskStore' (singleton=True)
[2025-12-29 12:05:36.525] ServiceContainer: Registered 'MenuRegistry' (singleton=True)
[2025-12-29 12:05:36.526] ServiceContainer: Registered 'Application' (singleton=True)
[2025-12-29 12:05:36.527] ServiceContainer: Registered 'CommandService' (singleton=True)
[2025-12-29 12:05:36.528] ServiceContainer: Registered 'ChecklistService' (singleton=True)
[2025-12-29 12:05:36.528] ServiceContainer: Registered 'NoteService' (singleton=True)
[2025-12-29 12:05:36.529] ServiceContainer: Registered 'ExcelMappingService' (singleton=True)
[2025-12-29 12:05:36.530] ServiceContainer: Registered 'ExcelCopyService' (singleton=True)
[2025-12-29 12:05:36.531] ServiceContainer: Registered 'PreferencesService' (singleton=True)
[2025-12-29 12:05:36.531] ServiceContainer: Registered 'ExcelImportService' (singleton=True)
[2025-12-29 12:05:36.532] ServiceContainer: Registered 'TextExportService' (singleton=True)
[2025-12-29 12:05:36.533] ServiceContainer: Registered 'TaskListScreen' (singleton=False)
[2025-12-29 12:05:36.544] ServiceContainer: Resolving 'Application'...
[2025-12-29 12:05:36.546] ServiceContainer: Resolving 'Theme'...
[2025-12-29 12:05:36.840] ServiceContainer: Resolved 'Theme' successfully
[2025-12-29 12:05:36.909] ServiceContainer: Resolving 'ThemeManager'...
[2025-12-29 12:05:36.935] ServiceContainer: Resolved 'ThemeManager' successfully
[2025-12-29 12:05:36.946] ServiceContainer: Resolved 'Application' successfully
[2025-12-29 12:05:36.947] ServiceContainer: Resolving 'MenuRegistry'...
[2025-12-29 12:05:36.957] ServiceContainer: Resolved 'MenuRegistry' successfully
[2025-12-29 12:05:36.973] MenuRegistry: Loaded manifest with 16 entries
[2025-12-29 12:05:36.994] ServiceContainer: Registered 'CommandLibraryScreen' (singleton=False)
[2025-12-29 12:05:36.995] MenuRegistry: Registered 'Command Library' in 'Tools' menu (hotkey=L order=10)
[2025-12-29 12:05:37.007] MenuRegistry: Registered 'Command Library' in 'Tools' menu (hotkey=L order=10)
[2025-12-29 12:05:37.008] ServiceContainer: Registered 'WeeklyTimeReportScreen' (singleton=False)
[2025-12-29 12:05:37.009] MenuRegistry: Registered 'Weekly Report' in 'Time' menu (hotkey=W order=10)
[2025-12-29 12:05:37.011] MenuRegistry: Registered 'Weekly Report' in 'Time' menu (hotkey=W order=10)
[2025-12-29 12:05:37.012] ServiceContainer: Registered 'ThemeEditorScreen' (singleton=False)
[2025-12-29 12:05:37.013] MenuRegistry: Registered 'Theme Editor' in 'Options' menu (hotkey=T order=10)
[2025-12-29 12:05:37.014] MenuRegistry: Registered 'Theme Editor' in 'Options' menu (hotkey=T order=10)
[2025-12-29 12:05:37.015] ServiceContainer: Registered 'ExcelProfileManagerScreen' (singleton=False)
[2025-12-29 12:05:37.016] MenuRegistry: Registered 'Excel Profiles' in 'Projects' menu (hotkey=M order=50)
[2025-12-29 12:05:37.017] MenuRegistry: Registered 'Excel Profiles' in 'Projects' menu (hotkey=M order=50)
[2025-12-29 12:05:37.018] ServiceContainer: Registered 'TextExportProfileManagerScreen' (singleton=False)
[2025-12-29 12:05:37.019] MenuRegistry: Registered 'T2020 Export Profiles' in 'Tools' menu (hotkey=E order=45)
[2025-12-29 12:05:37.020] MenuRegistry: Registered 'T2020 Export Profiles' in 'Tools' menu (hotkey=E order=45)
[2025-12-29 12:05:37.021] ServiceContainer: Registered 'ProjectListScreen' (singleton=False)
[2025-12-29 12:05:37.022] MenuRegistry: Registered 'Project List' in 'Projects' menu (hotkey=L order=10)
[2025-12-29 12:05:37.023] MenuRegistry: Registered 'Project List' in 'Projects' menu (hotkey=L order=10)
[2025-12-29 12:05:37.024] ServiceContainer: Registered 'ExcelImportScreen' (singleton=False)
[2025-12-29 12:05:37.025] MenuRegistry: Registered 'Import from Excel' in 'Projects' menu (hotkey=I order=40)
[2025-12-29 12:05:37.026] MenuRegistry: Registered 'Import from Excel' in 'Projects' menu (hotkey=I order=40)
[2025-12-29 12:05:37.027] ServiceContainer: Registered 'ExcelImportProfileManagerScreen' (singleton=False)
[2025-12-29 12:05:37.032] MenuRegistry: Registered 'Excel Import Profiles' in 'Tools' menu (hotkey=I order=40)
[2025-12-29 12:05:37.033] MenuRegistry: Registered 'Excel Import Profiles' in 'Tools' menu (hotkey=I order=40)
[2025-12-29 12:05:37.034] ServiceContainer: Registered 'SettingsScreen' (singleton=False)
[2025-12-29 12:05:37.035] MenuRegistry: Registered 'Settings' in 'Options' menu (hotkey=S order=20)
[2025-12-29 12:05:37.036] MenuRegistry: Registered 'Settings' in 'Options' menu (hotkey=S order=20)
[2025-12-29 12:05:37.037] ServiceContainer: Registered 'ChecklistsLauncherScreen' (singleton=False)
[2025-12-29 12:05:37.038] MenuRegistry: Registered 'Checklists' in 'Tools' menu (hotkey=C order=25)
[2025-12-29 12:05:37.039] MenuRegistry: Registered 'Checklists' in 'Tools' menu (hotkey=C order=25)
[2025-12-29 12:05:37.040] ServiceContainer: Registered 'TimeListScreen' (singleton=False)
[2025-12-29 12:05:37.041] MenuRegistry: Registered 'Time Tracking' in 'Time' menu (hotkey=T order=5)
[2025-12-29 12:05:37.042] MenuRegistry: Registered 'Time Tracking' in 'Time' menu (hotkey=T order=5)
[2025-12-29 12:05:37.043] ServiceContainer: Registered 'TaskListScreen_Default' (singleton=False)
[2025-12-29 12:05:37.044] MenuRegistry: Registered 'Task List' in 'Tasks' menu (hotkey=L order=5)
[2025-12-29 12:05:37.045] MenuRegistry: Registered 'Task List' in 'Tasks' menu (hotkey=L order=5)
[2025-12-29 12:05:37.046] ServiceContainer: Registered 'ChecklistTemplatesFolderScreen' (singleton=False)
[2025-12-29 12:05:37.047] MenuRegistry: Registered 'Checklist Templates' in 'Tools' menu (hotkey=H order=30)
[2025-12-29 12:05:37.048] MenuRegistry: Registered 'Checklist Templates' in 'Tools' menu (hotkey=H order=30)
[2025-12-29 12:05:37.049] ServiceContainer: Registered 'HelpViewScreen' (singleton=False)
[2025-12-29 12:05:37.050] MenuRegistry: Registered 'Help' in 'Help' menu (hotkey=H order=10)
[2025-12-29 12:05:37.051] MenuRegistry: Registered 'Help' in 'Help' menu (hotkey=H order=10)
[2025-12-29 12:05:37.052] ServiceContainer: Registered 'NotesMenuScreen' (singleton=False)
[2025-12-29 12:05:37.053] MenuRegistry: Registered 'Notes' in 'Tools' menu (hotkey=N order=20)
[2025-12-29 12:05:37.054] MenuRegistry: Registered 'Notes' in 'Tools' menu (hotkey=N order=20)
[2025-12-29 12:05:37.055] ServiceContainer: Registered 'TimeReportScreen' (singleton=False)
[2025-12-29 12:05:37.056] MenuRegistry: Registered 'Time Report' in 'Time' menu (hotkey=R order=20)
[2025-12-29 12:05:37.057] MenuRegistry: Registered 'Time Report' in 'Time' menu (hotkey=R order=20)
[2025-12-29 12:05:37.058] ServiceContainer: Resolving 'TaskListScreen'...
[2025-12-29 12:05:37.059] ServiceContainer: Resolving 'TaskStore'...
[2025-12-29 12:05:37.369] ServiceContainer: Resolved 'TaskStore' successfully
[2025-12-29 12:05:37.998] _PopulateMenusFromRegistry: Menu 'Time' has 3 items from registry (array)
[2025-12-29 12:05:38.014] _PopulateMenusFromRegistry: Menu 'Options' has 2 items from registry (array)
[2025-12-29 12:05:38.025] _PopulateMenusFromRegistry: Menu 'Help' has 1 items from registry (array)
[2025-12-29 12:05:38.026] _PopulateMenusFromRegistry: Menu 'Tasks' has 1 items from registry (array)
[2025-12-29 12:05:38.029] _PopulateMenusFromRegistry: Menu 'Projects' has 3 items from registry (array)
[2025-12-29 12:05:38.032] _PopulateMenusFromRegistry: Menu 'Tools' has 6 items from registry (array)
[2025-12-29 12:05:38.034] ServiceContainer: Resolved 'TaskListScreen' successfully
[2025-12-29 12:05:49.515] ServiceContainer: Resolving 'ProjectListScreen'...
[2025-12-29 12:05:49.579] ServiceContainer: Resolved 'ProjectListScreen' successfully
[2025-12-29 12:05:51.693] ServiceContainer: Registered 'ProjectInfoScreenV4' (singleton=False)
[2025-12-29 12:05:51.694] ServiceContainer: Resolving 'ProjectInfoScreenV4'...
[2025-12-29 12:05:51.774] ServiceContainer: Resolved 'ProjectInfoScreenV4' successfully
[2025-12-29 12:05:54.249] ========== TabbedScreen.OnTabChanged: Switched to tab 6 'Files' ==========
[2025-12-29 12:05:55.877] ========== TabbedScreen.OnTabChanged: Switched to tab 0 'Identity' ==========
