[2025-12-18 08:15:58.777] [INFO] Loading PMC module...
[2025-12-18 08:16:00.198] [INFO] PMC module loaded
[2025-12-18 08:16:00.203] [INFO] Loading dependencies (FieldSchemas, etc.)...
[2025-12-18 08:16:00.348] [INFO] Dependencies loaded
[2025-12-18 08:16:00.350] [INFO] Loading SpeedTUI framework...
[2025-12-18 08:16:00.791] [INFO] SpeedTUI framework loaded
[2025-12-18 08:16:00.794] [INFO] Loading PraxisVT...
[2025-12-18 08:16:00.797] [INFO] PraxisVT loaded
[2025-12-18 08:16:00.799] [INFO] Loading core dependencies...
[2025-12-18 08:16:00.858] [INFO] Core dependencies loaded
[2025-12-18 08:16:00.860] [INFO] Loading widget base classes...
[2025-12-18 08:16:00.925] [INFO] Widget base classes loaded
[2025-12-18 08:16:00.927] [INFO] Loading services...
[2025-12-18 08:16:01.102] [INFO] Services loaded
[2025-12-18 08:16:01.104] [INFO] Loading helpers...
[2025-12-18 08:16:02.115] [INFO] Helpers loaded
[2025-12-18 08:16:02.117] [INFO] Loading widgets...
[2025-12-18 08:16:02.505] [INFO] Widgets loaded
[2025-12-18 08:16:02.507] [INFO] Loading screen base class...
[2025-12-18 08:16:02.521] [INFO] Screen base class loaded
[2025-12-18 08:16:02.522] [INFO] Loading HelpViewScreen (needed by base classes)...
[2025-12-18 08:16:02.532] [INFO] HelpViewScreen loaded
[2025-12-18 08:16:02.534] [INFO] Loading base classes...
[2025-12-18 08:16:02.600] [INFO] Base classes loaded
[2025-12-18 08:16:02.602] [INFO] Loading ServiceContainer (needed by screens)...
[2025-12-18 08:16:02.608] [INFO] ServiceContainer loaded
[2025-12-18 08:16:02.609] [INFO] Loading remaining screens...
[2025-12-18 08:16:02.748] [INFO] Remaining screens loaded
[2025-12-18 08:16:02.750] [INFO] Loading PmcApplication...
[2025-12-18 08:16:02.769] [INFO] PmcApplication loaded
[2025-12-18 08:16:02.770] [INFO] All components loaded successfully
