[2025-12-18 17:13:16.597] [INFO] Loading PMC module...
[2025-12-18 17:13:18.161] [INFO] PMC module loaded
[2025-12-18 17:13:18.165] [INFO] Loading dependencies (FieldSchemas, etc.)...
[2025-12-18 17:13:18.297] [INFO] Dependencies loaded
[2025-12-18 17:13:18.299] [INFO] Loading SpeedTUI framework...
[2025-12-18 17:13:19.867] [INFO] SpeedTUI framework loaded
[2025-12-18 17:13:19.869] [INFO] Loading PraxisVT...
[2025-12-18 17:13:19.872] [INFO] PraxisVT loaded
[2025-12-18 17:13:19.874] [INFO] Loading core dependencies...
[2025-12-18 17:13:19.919] [INFO] Core dependencies loaded
[2025-12-18 17:13:19.920] [INFO] Loading widget base classes...
[2025-12-18 17:13:19.980] [INFO] Widget base classes loaded
[2025-12-18 17:13:19.983] [INFO] Loading services...
[2025-12-18 17:13:20.161] [INFO] Services loaded
[2025-12-18 17:13:20.162] [INFO] Loading helpers...
[2025-12-18 17:13:20.379] [INFO] Helpers loaded
[2025-12-18 17:13:20.380] [INFO] Loading widgets...
[2025-12-18 17:13:20.772] [INFO] Widgets loaded
[2025-12-18 17:13:20.774] [INFO] Loading screen base class...
[2025-12-18 17:13:20.789] [INFO] Screen base class loaded
[2025-12-18 17:13:20.790] [INFO] Loading HelpViewScreen (needed by base classes)...
[2025-12-18 17:13:20.799] [INFO] HelpViewScreen loaded
[2025-12-18 17:13:20.800] [INFO] Loading base classes...
[2025-12-18 17:13:20.882] [INFO] Base classes loaded
[2025-12-18 17:13:20.884] [INFO] Loading ServiceContainer (needed by screens)...
[2025-12-18 17:13:20.891] [INFO] ServiceContainer loaded
[2025-12-18 17:13:20.892] [INFO] Loading remaining screens...
[2025-12-18 17:13:21.002] [INFO] Remaining screens loaded
[2025-12-18 17:13:21.004] [INFO] Loading PmcApplication...
[2025-12-18 17:13:21.023] [INFO] PmcApplication loaded
[2025-12-18 17:13:21.025] [INFO] All components loaded successfully
[2025-12-18 17:13:21.050] [INFO] Starting PMC TUI with screen: TaskList
[2025-12-18 17:13:21.060] [INFO] Cleared stale PmcSharedMenuBar and MenuRegistry singleton
[2025-12-18 17:13:21.061] [INFO] Creating ServiceContainer...
[2025-12-18 17:13:21.078] [INFO] ServiceContainer created
[2025-12-18 17:13:21.080] [INFO] Registering Theme service...
[2025-12-18 17:13:21.112] ServiceContainer: Registered 'Theme' (singleton=True)
[2025-12-18 17:13:21.116] [INFO] Registering ThemeManager...
[2025-12-18 17:13:21.118] ServiceContainer: Registered 'ThemeManager' (singleton=True)
[2025-12-18 17:13:21.119] [INFO] Registering Config service...
[2025-12-18 17:13:21.121] ServiceContainer: Registered 'Config' (singleton=True)
[2025-12-18 17:13:21.122] [INFO] Registering TaskStore service...
[2025-12-18 17:13:21.123] ServiceContainer: Registered 'TaskStore' (singleton=True)
[2025-12-18 17:13:21.124] [INFO] Registering MenuRegistry service...
[2025-12-18 17:13:21.125] ServiceContainer: Registered 'MenuRegistry' (singleton=True)
[2025-12-18 17:13:21.127] [INFO] Registering Application service...
[2025-12-18 17:13:21.128] ServiceContainer: Registered 'Application' (singleton=True)
[2025-12-18 17:13:21.129] [INFO] Registering CommandService...
[2025-12-18 17:13:21.130] ServiceContainer: Registered 'CommandService' (singleton=True)
[2025-12-18 17:13:21.131] [INFO] Registering ChecklistService...
[2025-12-18 17:13:21.132] ServiceContainer: Registered 'ChecklistService' (singleton=True)
[2025-12-18 17:13:21.133] [INFO] Registering NoteService...
[2025-12-18 17:13:21.134] ServiceContainer: Registered 'NoteService' (singleton=True)
[2025-12-18 17:13:21.135] [INFO] Registering ExcelMappingService...
[2025-12-18 17:13:21.137] ServiceContainer: Registered 'ExcelMappingService' (singleton=True)
[2025-12-18 17:13:21.138] [INFO] Registering PreferencesService...
[2025-12-18 17:13:21.139] ServiceContainer: Registered 'PreferencesService' (singleton=True)
[2025-12-18 17:13:21.140] [INFO] Registering screen factories...
[2025-12-18 17:13:21.141] ServiceContainer: Registered 'TaskListScreen' (singleton=False)
[2025-12-18 17:13:21.142] [INFO] Resolving Application from container...
[2025-12-18 17:13:21.162] ServiceContainer: Resolving 'Application'...
[2025-12-18 17:13:21.164] [INFO] Resolving Application...
[2025-12-18 17:13:21.165] ServiceContainer: Resolving 'Theme'...
[2025-12-18 17:13:21.170] [INFO] Resolving Theme: Calling Initialize-PmcThemeSystem...
[2025-12-18 17:13:21.334] [INFO] Theme initialized: #33aaff
[2025-12-18 17:13:21.339] ServiceContainer: Resolved 'Theme' successfully
[2025-12-18 17:13:21.447] ServiceContainer: Resolving 'ThemeManager'...
[2025-12-18 17:13:21.449] [INFO] Resolving ThemeManager...
[2025-12-18 17:13:21.452] ServiceContainer: Resolved 'ThemeManager' successfully
[2025-12-18 17:13:21.472] ServiceContainer: Resolved 'Application' successfully
[2025-12-18 17:13:21.473] [INFO] Application resolved and assigned to $global:PmcApp
[2025-12-18 17:13:21.475] [INFO] Loading menus from manifest...
[2025-12-18 17:13:21.476] ServiceContainer: Resolving 'MenuRegistry'...
[2025-12-18 17:13:21.479] [INFO] Resolving MenuRegistry...
[2025-12-18 17:13:21.495] ServiceContainer: Resolved 'MenuRegistry' successfully
[2025-12-18 17:13:21.540] MenuRegistry: Loaded manifest with 23 entries
[2025-12-18 17:13:21.578] ServiceContainer: Registered 'SettingsScreen' (singleton=False)
[2025-12-18 17:13:21.580] MenuRegistry: Registered screen factory 'SettingsScreen' in container (viewMode=)
[2025-12-18 17:13:21.603] MenuRegistry: Registered 'Settings' in 'Options' menu (hotkey=S order=20)
[2025-12-18 17:13:21.607] ServiceContainer: Registered 'TaskListScreen_Today' (singleton=False)
[2025-12-18 17:13:21.608] MenuRegistry: Registered screen factory 'TaskListScreen_Today' in container (viewMode=today)
[2025-12-18 17:13:21.611] MenuRegistry: Registered 'Today' in 'Tasks' menu (hotkey=Y order=10)
[2025-12-18 17:13:21.613] ServiceContainer: Registered 'TaskListScreen_NoDate' (singleton=False)
[2025-12-18 17:13:21.614] MenuRegistry: Registered screen factory 'TaskListScreen_NoDate' in container (viewMode=noduedate)
[2025-12-18 17:13:21.616] MenuRegistry: Registered 'No Due Date' in 'Tasks' menu (hotkey=D order=40)
[2025-12-18 17:13:21.619] ServiceContainer: Registered 'ThemeEditorScreen' (singleton=False)
[2025-12-18 17:13:21.620] MenuRegistry: Registered screen factory 'ThemeEditorScreen' in container (viewMode=)
[2025-12-18 17:13:21.622] MenuRegistry: Registered 'Theme Editor' in 'Options' menu (hotkey=T order=10)
[2025-12-18 17:13:21.624] ServiceContainer: Registered 'ChecklistsLauncherScreen' (singleton=False)
[2025-12-18 17:13:21.625] MenuRegistry: Registered screen factory 'ChecklistsLauncherScreen' in container (viewMode=)
[2025-12-18 17:13:21.627] MenuRegistry: Registered 'Checklists' in 'Tools' menu (hotkey=C order=25)
[2025-12-18 17:13:21.630] ServiceContainer: Registered 'TaskListScreen_Upcoming' (singleton=False)
[2025-12-18 17:13:21.631] MenuRegistry: Registered screen factory 'TaskListScreen_Upcoming' in container (viewMode=upcoming)
[2025-12-18 17:13:21.633] MenuRegistry: Registered 'Upcoming' in 'Tasks' menu (hotkey=U order=25)
[2025-12-18 17:13:21.635] ServiceContainer: Registered 'TaskListScreen_NextActions' (singleton=False)
[2025-12-18 17:13:21.637] MenuRegistry: Registered screen factory 'TaskListScreen_NextActions' in container (viewMode=nextactions)
[2025-12-18 17:13:21.639] MenuRegistry: Registered 'Next Actions' in 'Tasks' menu (hotkey=N order=35)
[2025-12-18 17:13:21.641] ServiceContainer: Registered 'TaskListScreen_Month' (singleton=False)
[2025-12-18 17:13:21.642] MenuRegistry: Registered screen factory 'TaskListScreen_Month' in container (viewMode=month)
[2025-12-18 17:13:21.644] MenuRegistry: Registered 'Month View' in 'Tasks' menu (hotkey=M order=45)
[2025-12-18 17:13:21.646] ServiceContainer: Registered 'ProjectListScreen' (singleton=False)
[2025-12-18 17:13:21.647] MenuRegistry: Registered screen factory 'ProjectListScreen' in container (viewMode=)
[2025-12-18 17:13:21.649] MenuRegistry: Registered 'Project List' in 'Projects' menu (hotkey=L order=10)
[2025-12-18 17:13:21.651] ServiceContainer: Registered 'WeeklyTimeReportScreen' (singleton=False)
[2025-12-18 17:13:21.653] MenuRegistry: Registered screen factory 'WeeklyTimeReportScreen' in container (viewMode=)
[2025-12-18 17:13:21.655] MenuRegistry: Registered 'Weekly Report' in 'Time' menu (hotkey=W order=10)
[2025-12-18 17:13:21.657] ServiceContainer: Registered 'ExcelImportScreen' (singleton=False)
[2025-12-18 17:13:21.658] MenuRegistry: Registered screen factory 'ExcelImportScreen' in container (viewMode=)
[2025-12-18 17:13:21.660] MenuRegistry: Registered 'Import from Excel' in 'Projects' menu (hotkey=I order=40)
[2025-12-18 17:13:21.662] ServiceContainer: Registered 'TaskListScreen_Agenda' (singleton=False)
[2025-12-18 17:13:21.664] MenuRegistry: Registered screen factory 'TaskListScreen_Agenda' in container (viewMode=agenda)
[2025-12-18 17:13:21.682] MenuRegistry: Registered 'Agenda View' in 'Tasks' menu (hotkey=A order=50)
[2025-12-18 17:13:21.684] ServiceContainer: Registered 'TimeReportScreen' (singleton=False)
[2025-12-18 17:13:21.686] MenuRegistry: Registered screen factory 'TimeReportScreen' in container (viewMode=)
[2025-12-18 17:13:21.687] MenuRegistry: Registered 'Time Report' in 'Time' menu (hotkey=R order=20)
[2025-12-18 17:13:21.689] ServiceContainer: Registered 'TaskListScreen_Week' (singleton=False)
[2025-12-18 17:13:21.690] MenuRegistry: Registered screen factory 'TaskListScreen_Week' in container (viewMode=week)
[2025-12-18 17:13:21.692] MenuRegistry: Registered 'Week View' in 'Tasks' menu (hotkey=W order=20)
[2025-12-18 17:13:21.693] ServiceContainer: Registered 'ExcelProfileManagerScreen' (singleton=False)
[2025-12-18 17:13:21.695] MenuRegistry: Registered screen factory 'ExcelProfileManagerScreen' in container (viewMode=)
[2025-12-18 17:13:21.696] MenuRegistry: Registered 'Excel Profiles' in 'Projects' menu (hotkey=M order=50)
[2025-12-18 17:13:21.698] ServiceContainer: Registered 'TaskListScreen_Overdue' (singleton=False)
[2025-12-18 17:13:21.699] MenuRegistry: Registered screen factory 'TaskListScreen_Overdue' in container (viewMode=overdue)
[2025-12-18 17:13:21.700] MenuRegistry: Registered 'Overdue' in 'Tasks' menu (hotkey=O order=30)
[2025-12-18 17:13:21.702] ServiceContainer: Registered 'TaskListScreen_Tomorrow' (singleton=False)
[2025-12-18 17:13:21.703] MenuRegistry: Registered screen factory 'TaskListScreen_Tomorrow' in container (viewMode=tomorrow)
[2025-12-18 17:13:21.705] MenuRegistry: Registered 'Tomorrow' in 'Tasks' menu (hotkey=T order=15)
[2025-12-18 17:13:21.707] ServiceContainer: Registered 'ChecklistTemplatesFolderScreen' (singleton=False)
[2025-12-18 17:13:21.708] MenuRegistry: Registered screen factory 'ChecklistTemplatesFolderScreen' in container (viewMode=)
[2025-12-18 17:13:21.710] MenuRegistry: Registered 'Checklist Templates' in 'Tools' menu (hotkey=H order=30)
[2025-12-18 17:13:21.712] ServiceContainer: Registered 'HelpViewScreen' (singleton=False)
[2025-12-18 17:13:21.713] MenuRegistry: Registered screen factory 'HelpViewScreen' in container (viewMode=)
[2025-12-18 17:13:21.715] MenuRegistry: Registered 'Help' in 'Help' menu (hotkey=H order=10)
[2025-12-18 17:13:21.717] ServiceContainer: Registered 'TaskListScreen_Default' (singleton=False)
[2025-12-18 17:13:21.718] MenuRegistry: Registered screen factory 'TaskListScreen_Default' in container (viewMode=)
[2025-12-18 17:13:21.720] MenuRegistry: Registered 'Task List' in 'Tasks' menu (hotkey=L order=5)
[2025-12-18 17:13:21.722] ServiceContainer: Registered 'NotesMenuScreen' (singleton=False)
[2025-12-18 17:13:21.723] MenuRegistry: Registered screen factory 'NotesMenuScreen' in container (viewMode=)
[2025-12-18 17:13:21.725] MenuRegistry: Registered 'Notes' in 'Tools' menu (hotkey=N order=20)
[2025-12-18 17:13:21.727] ServiceContainer: Registered 'TimeListScreen' (singleton=False)
[2025-12-18 17:13:21.729] MenuRegistry: Registered screen factory 'TimeListScreen' in container (viewMode=)
[2025-12-18 17:13:21.731] MenuRegistry: Registered 'Time Tracking' in 'Time' menu (hotkey=T order=5)
[2025-12-18 17:13:21.734] ServiceContainer: Registered 'CommandLibraryScreen' (singleton=False)
[2025-12-18 17:13:21.735] MenuRegistry: Registered screen factory 'CommandLibraryScreen' in container (viewMode=)
[2025-12-18 17:13:21.737] MenuRegistry: Registered 'Command Library' in 'Tools' menu (hotkey=L order=10)
[2025-12-18 17:13:21.738] [INFO] Menus loaded from /home/teej/ztest/module/Pmc.Strict/consoleui/screens/MenuItems.psd1
[2025-12-18 17:13:21.740] [INFO] Launching screen: TaskList
[2025-12-18 17:13:21.742] [INFO] Resolving TaskListScreen from container...
[2025-12-18 17:13:21.743] ServiceContainer: Resolving 'TaskListScreen'...
[2025-12-18 17:13:21.745] [INFO] Resolving TaskListScreen...
[2025-12-18 17:13:21.747] ServiceContainer: Resolving 'TaskStore'...
[2025-12-18 17:13:21.750] [INFO] Resolving TaskStore...
[2025-12-18 17:13:22.139] ServiceContainer: Resolved 'TaskStore' successfully
[2025-12-18 17:13:23.212] _PopulateMenusFromRegistry: Menu 'Projects' has 3 items from registry (array)
[2025-12-18 17:13:23.243] _PopulateMenusFromRegistry: Menu 'Options' has 2 items from registry (array)
[2025-12-18 17:13:23.247] _PopulateMenusFromRegistry: Menu 'Time' has 3 items from registry (array)
[2025-12-18 17:13:23.254] _PopulateMenusFromRegistry: Menu 'Tasks' has 10 items from registry (array)
[2025-12-18 17:13:23.259] _PopulateMenusFromRegistry: Menu 'Tools' has 4 items from registry (array)
[2025-12-18 17:13:23.263] _PopulateMenusFromRegistry: Menu 'Help' has 1 items from registry (array)
[2025-12-18 17:13:23.267] ServiceContainer: Resolved 'TaskListScreen' successfully
[2025-12-18 17:13:23.269] [INFO] Pushing screen to app...
[2025-12-18 17:13:24.028] [INFO] Screen pushed successfully
[2025-12-18 17:13:24.030] [INFO] Starting event loop...
[2025-12-18 17:13:35.570] [INFO] Event loop exited normally
[2025-12-18 17:13:35.572] [INFO] Cleanup - showing cursor and resetting terminal
