[2025-12-19 21:01:55.806] ServiceContainer: Registered 'Theme' (singleton=True)
[2025-12-19 21:01:55.818] ServiceContainer: Registered 'ThemeManager' (singleton=True)
[2025-12-19 21:01:55.820] ServiceContainer: Registered 'Config' (singleton=True)
[2025-12-19 21:01:55.821] ServiceContainer: Registered 'TaskStore' (singleton=True)
[2025-12-19 21:01:55.822] ServiceContainer: Registered 'MenuRegistry' (singleton=True)
[2025-12-19 21:01:55.824] ServiceContainer: Registered 'Application' (singleton=True)
[2025-12-19 21:01:55.825] ServiceContainer: Registered 'CommandService' (singleton=True)
[2025-12-19 21:01:55.827] ServiceContainer: Registered 'ChecklistService' (singleton=True)
[2025-12-19 21:01:55.828] ServiceContainer: Registered 'NoteService' (singleton=True)
[2025-12-19 21:01:55.829] ServiceContainer: Registered 'ExcelMappingService' (singleton=True)
[2025-12-19 21:01:55.830] ServiceContainer: Registered 'PreferencesService' (singleton=True)
[2025-12-19 21:01:55.831] ServiceContainer: Registered 'TaskListScreen' (singleton=False)
[2025-12-19 21:01:55.852] ServiceContainer: Resolving 'Application'...
[2025-12-19 21:01:55.854] ServiceContainer: Resolving 'Theme'...
[2025-12-19 21:01:56.228] ServiceContainer: Resolved 'Theme' successfully
[2025-12-19 21:01:56.342] ServiceContainer: Resolving 'ThemeManager'...
[2025-12-19 21:01:56.346] ServiceContainer: Resolved 'ThemeManager' successfully
[2025-12-19 21:01:56.367] ServiceContainer: Resolved 'Application' successfully
[2025-12-19 21:01:56.369] ServiceContainer: Resolving 'MenuRegistry'...
[2025-12-19 21:01:56.385] ServiceContainer: Resolved 'MenuRegistry' successfully
[2025-12-19 21:01:56.419] MenuRegistry: Loaded manifest with 23 entries
[2025-12-19 21:01:56.455] ServiceContainer: Registered 'TaskListScreen_NoDate' (singleton=False)
[2025-12-19 21:01:56.456] MenuRegistry: Registered screen factory 'TaskListScreen_NoDate' in container (viewMode=noduedate)
[2025-12-19 21:01:56.477] MenuRegistry: Registered 'No Due Date' in 'Tasks' menu (hotkey=D order=40)
[2025-12-19 21:01:56.479] ServiceContainer: Registered 'SettingsScreen' (singleton=False)
[2025-12-19 21:01:56.480] MenuRegistry: Registered screen factory 'SettingsScreen' in container (viewMode=)
[2025-12-19 21:01:56.483] MenuRegistry: Registered 'Settings' in 'Options' menu (hotkey=S order=20)
[2025-12-19 21:01:56.486] ServiceContainer: Registered 'TaskListScreen_NextActions' (singleton=False)
[2025-12-19 21:01:56.487] MenuRegistry: Registered screen factory 'TaskListScreen_NextActions' in container (viewMode=nextactions)
[2025-12-19 21:01:56.488] MenuRegistry: Registered 'Next Actions' in 'Tasks' menu (hotkey=N order=35)
[2025-12-19 21:01:56.490] ServiceContainer: Registered 'ThemeEditorScreen' (singleton=False)
[2025-12-19 21:01:56.491] MenuRegistry: Registered screen factory 'ThemeEditorScreen' in container (viewMode=)
[2025-12-19 21:01:56.492] MenuRegistry: Registered 'Theme Editor' in 'Options' menu (hotkey=T order=10)
[2025-12-19 21:01:56.494] ServiceContainer: Registered 'TaskListScreen_Tomorrow' (singleton=False)
[2025-12-19 21:01:56.495] MenuRegistry: Registered screen factory 'TaskListScreen_Tomorrow' in container (viewMode=tomorrow)
[2025-12-19 21:01:56.496] MenuRegistry: Registered 'Tomorrow' in 'Tasks' menu (hotkey=T order=15)
[2025-12-19 21:01:56.497] ServiceContainer: Registered 'NotesMenuScreen' (singleton=False)
[2025-12-19 21:01:56.498] MenuRegistry: Registered screen factory 'NotesMenuScreen' in container (viewMode=)
[2025-12-19 21:01:56.500] MenuRegistry: Registered 'Notes' in 'Tools' menu (hotkey=N order=20)
[2025-12-19 21:01:56.501] ServiceContainer: Registered 'CommandLibraryScreen' (singleton=False)
[2025-12-19 21:01:56.502] MenuRegistry: Registered screen factory 'CommandLibraryScreen' in container (viewMode=)
[2025-12-19 21:01:56.504] MenuRegistry: Registered 'Command Library' in 'Tools' menu (hotkey=L order=10)
[2025-12-19 21:01:56.505] ServiceContainer: Registered 'TaskListScreen_Upcoming' (singleton=False)
[2025-12-19 21:01:56.507] MenuRegistry: Registered screen factory 'TaskListScreen_Upcoming' in container (viewMode=upcoming)
[2025-12-19 21:01:56.508] MenuRegistry: Registered 'Upcoming' in 'Tasks' menu (hotkey=U order=25)
[2025-12-19 21:01:56.510] ServiceContainer: Registered 'TaskListScreen_Agenda' (singleton=False)
[2025-12-19 21:01:56.511] MenuRegistry: Registered screen factory 'TaskListScreen_Agenda' in container (viewMode=agenda)
[2025-12-19 21:01:56.512] MenuRegistry: Registered 'Agenda View' in 'Tasks' menu (hotkey=A order=50)
[2025-12-19 21:01:56.514] ServiceContainer: Registered 'HelpViewScreen' (singleton=False)
[2025-12-19 21:01:56.515] MenuRegistry: Registered screen factory 'HelpViewScreen' in container (viewMode=)
[2025-12-19 21:01:56.516] MenuRegistry: Registered 'Help' in 'Help' menu (hotkey=H order=10)
[2025-12-19 21:01:56.518] ServiceContainer: Registered 'TaskListScreen_Month' (singleton=False)
[2025-12-19 21:01:56.519] MenuRegistry: Registered screen factory 'TaskListScreen_Month' in container (viewMode=month)
[2025-12-19 21:01:56.520] MenuRegistry: Registered 'Month View' in 'Tasks' menu (hotkey=M order=45)
[2025-12-19 21:01:56.522] ServiceContainer: Registered 'WeeklyTimeReportScreen' (singleton=False)
[2025-12-19 21:01:56.551] MenuRegistry: Registered screen factory 'WeeklyTimeReportScreen' in container (viewMode=)
[2025-12-19 21:01:56.552] MenuRegistry: Registered 'Weekly Report' in 'Time' menu (hotkey=W order=10)
[2025-12-19 21:01:56.555] ServiceContainer: Registered 'ExcelImportScreen' (singleton=False)
[2025-12-19 21:01:56.556] MenuRegistry: Registered screen factory 'ExcelImportScreen' in container (viewMode=)
[2025-12-19 21:01:56.557] MenuRegistry: Registered 'Import from Excel' in 'Projects' menu (hotkey=I order=40)
[2025-12-19 21:01:56.559] ServiceContainer: Registered 'ProjectListScreen' (singleton=False)
[2025-12-19 21:01:56.561] MenuRegistry: Registered screen factory 'ProjectListScreen' in container (viewMode=)
[2025-12-19 21:01:56.562] MenuRegistry: Registered 'Project List' in 'Projects' menu (hotkey=L order=10)
[2025-12-19 21:01:56.564] ServiceContainer: Registered 'TimeReportScreen' (singleton=False)
[2025-12-19 21:01:56.565] MenuRegistry: Registered screen factory 'TimeReportScreen' in container (viewMode=)
[2025-12-19 21:01:56.567] MenuRegistry: Registered 'Time Report' in 'Time' menu (hotkey=R order=20)
[2025-12-19 21:01:56.569] ServiceContainer: Registered 'TaskListScreen_Default' (singleton=False)
[2025-12-19 21:01:56.570] MenuRegistry: Registered screen factory 'TaskListScreen_Default' in container (viewMode=)
[2025-12-19 21:01:56.572] MenuRegistry: Registered 'Task List' in 'Tasks' menu (hotkey=L order=5)
[2025-12-19 21:01:56.574] ServiceContainer: Registered 'TaskListScreen_Overdue' (singleton=False)
[2025-12-19 21:01:56.576] MenuRegistry: Registered screen factory 'TaskListScreen_Overdue' in container (viewMode=overdue)
[2025-12-19 21:01:56.579] MenuRegistry: Registered 'Overdue' in 'Tasks' menu (hotkey=O order=30)
[2025-12-19 21:01:56.582] ServiceContainer: Registered 'ChecklistsLauncherScreen' (singleton=False)
[2025-12-19 21:01:56.584] MenuRegistry: Registered screen factory 'ChecklistsLauncherScreen' in container (viewMode=)
[2025-12-19 21:01:56.587] MenuRegistry: Registered 'Checklists' in 'Tools' menu (hotkey=C order=25)
[2025-12-19 21:01:56.591] ServiceContainer: Registered 'ChecklistTemplatesFolderScreen' (singleton=False)
[2025-12-19 21:01:56.594] MenuRegistry: Registered screen factory 'ChecklistTemplatesFolderScreen' in container (viewMode=)
[2025-12-19 21:01:56.597] MenuRegistry: Registered 'Checklist Templates' in 'Tools' menu (hotkey=H order=30)
[2025-12-19 21:01:56.600] ServiceContainer: Registered 'TaskListScreen_Week' (singleton=False)
[2025-12-19 21:01:56.603] MenuRegistry: Registered screen factory 'TaskListScreen_Week' in container (viewMode=week)
[2025-12-19 21:01:56.605] MenuRegistry: Registered 'Week View' in 'Tasks' menu (hotkey=W order=20)
[2025-12-19 21:01:56.608] ServiceContainer: Registered 'ExcelProfileManagerScreen' (singleton=False)
[2025-12-19 21:01:56.610] MenuRegistry: Registered screen factory 'ExcelProfileManagerScreen' in container (viewMode=)
[2025-12-19 21:01:56.612] MenuRegistry: Registered 'Excel Profiles' in 'Projects' menu (hotkey=M order=50)
[2025-12-19 21:01:56.615] ServiceContainer: Registered 'TaskListScreen_Today' (singleton=False)
[2025-12-19 21:01:56.618] MenuRegistry: Registered screen factory 'TaskListScreen_Today' in container (viewMode=today)
[2025-12-19 21:01:56.620] MenuRegistry: Registered 'Today' in 'Tasks' menu (hotkey=Y order=10)
[2025-12-19 21:01:56.623] ServiceContainer: Registered 'TimeListScreen' (singleton=False)
[2025-12-19 21:01:56.624] MenuRegistry: Registered screen factory 'TimeListScreen' in container (viewMode=)
[2025-12-19 21:01:56.626] MenuRegistry: Registered 'Time Tracking' in 'Time' menu (hotkey=T order=5)
[2025-12-19 21:01:56.629] ServiceContainer: Resolving 'TaskListScreen'...
[2025-12-19 21:01:56.632] ServiceContainer: Resolving 'TaskStore'...
[2025-12-19 21:01:56.955] ServiceContainer: Resolved 'TaskStore' successfully
[2025-12-19 21:01:57.958] _PopulateMenusFromRegistry: Menu 'Tools' has 4 items from registry (array)
[2025-12-19 21:01:57.985] _PopulateMenusFromRegistry: Menu 'Projects' has 3 items from registry (array)
[2025-12-19 21:01:58.003] _PopulateMenusFromRegistry: Menu 'Help' has 1 items from registry (array)
[2025-12-19 21:01:58.007] _PopulateMenusFromRegistry: Menu 'Options' has 2 items from registry (array)
[2025-12-19 21:01:58.010] _PopulateMenusFromRegistry: Menu 'Time' has 3 items from registry (array)
[2025-12-19 21:01:58.017] _PopulateMenusFromRegistry: Menu 'Tasks' has 10 items from registry (array)
[2025-12-19 21:01:58.021] ServiceContainer: Resolved 'TaskListScreen' successfully
