[2025-12-18 09:54:42.325] [INFO] Loading PMC module...
[2025-12-18 09:54:43.114] [INFO] PMC module loaded
[2025-12-18 09:54:43.115] [INFO] Loading dependencies (FieldSchemas, etc.)...
[2025-12-18 09:54:43.194] [INFO] Dependencies loaded
[2025-12-18 09:54:43.195] [INFO] Loading SpeedTUI framework...
[2025-12-18 09:54:44.158] [INFO] SpeedTUI framework loaded
[2025-12-18 09:54:44.159] [INFO] Loading PraxisVT...
[2025-12-18 09:54:44.160] [INFO] PraxisVT loaded
[2025-12-18 09:54:44.161] [INFO] Loading core dependencies...
[2025-12-18 09:54:44.185] [INFO] Core dependencies loaded
[2025-12-18 09:54:44.186] [INFO] Loading widget base classes...
[2025-12-18 09:54:44.212] [INFO] Widget base classes loaded
[2025-12-18 09:54:44.213] [INFO] Loading services...
[2025-12-18 09:54:44.293] [INFO] Services loaded
[2025-12-18 09:54:44.294] [INFO] Loading helpers...
[2025-12-18 09:54:44.470] [INFO] Helpers loaded
[2025-12-18 09:54:44.471] [INFO] Loading widgets...
[2025-12-18 09:54:44.674] [INFO] Widgets loaded
[2025-12-18 09:54:44.675] [INFO] Loading screen base class...
[2025-12-18 09:54:44.683] [INFO] Screen base class loaded
[2025-12-18 09:54:44.684] [INFO] Loading HelpViewScreen (needed by base classes)...
[2025-12-18 09:54:44.689] [INFO] HelpViewScreen loaded
[2025-12-18 09:54:44.690] [INFO] Loading base classes...
[2025-12-18 09:54:44.786] [INFO] Base classes loaded
[2025-12-18 09:54:44.788] [INFO] Loading ServiceContainer (needed by screens)...
[2025-12-18 09:54:44.795] [INFO] ServiceContainer loaded
[2025-12-18 09:54:44.796] [INFO] Loading remaining screens...
[2025-12-18 09:54:44.895] [INFO] Remaining screens loaded
[2025-12-18 09:54:44.896] [INFO] Loading PmcApplication...
[2025-12-18 09:54:44.914] [ERROR] Failed to load PmcApplication: At /home/teej/ztest/module/Pmc.Strict/consoleui/PmcApplication.ps1:441 char:26
+                     if ([PmcTerminalService]::CheckForResize()) {
+                          ~~~~~~~~~~~~~~~~~~
Unable to find type [PmcTerminalService].

At /home/teej/ztest/module/Pmc.Strict/consoleui/PmcApplication.ps1:442 char:34
+                         $dims = [PmcTerminalService]::GetDimensions()
+                                  ~~~~~~~~~~~~~~~~~~
Unable to find type [PmcTerminalService].

At /home/teej/ztest/module/Pmc.Strict/consoleui/PmcApplication.ps1:646 char:18
+         $dims = [PmcTerminalService]::GetDimensions()
+                  ~~~~~~~~~~~~~~~~~~
Unable to find type [PmcTerminalService].
