[2026-01-08 08:23:03.711] ServiceContainer: Registered 'Theme' (singleton=True)
[2026-01-08 08:23:03.716] ServiceContainer: Registered 'ThemeManager' (singleton=True)
[2026-01-08 08:23:03.718] ServiceContainer: Registered 'Config' (singleton=True)
[2026-01-08 08:23:03.719] ServiceContainer: Registered 'TaskStore' (singleton=True)
[2026-01-08 08:23:03.721] ServiceContainer: Registered 'MenuRegistry' (singleton=True)
[2026-01-08 08:23:03.723] ServiceContainer: Registered 'Application' (singleton=True)
[2026-01-08 08:23:03.725] ServiceContainer: Registered 'CommandService' (singleton=True)
[2026-01-08 08:23:03.727] ServiceContainer: Registered 'ChecklistService' (singleton=True)
[2026-01-08 08:23:03.728] ServiceContainer: Registered 'NoteService' (singleton=True)
[2026-01-08 08:23:03.730] ServiceContainer: Registered 'ExcelMappingService' (singleton=True)
[2026-01-08 08:23:03.731] ServiceContainer: Registered 'ExcelCopyService' (singleton=True)
[2026-01-08 08:23:03.733] ServiceContainer: Registered 'PreferencesService' (singleton=True)
[2026-01-08 08:23:03.734] ServiceContainer: Registered 'ExcelImportService' (singleton=True)
[2026-01-08 08:23:03.736] ServiceContainer: Registered 'TextExportService' (singleton=True)
[2026-01-08 08:23:03.737] ServiceContainer: Registered 'TaskListScreen' (singleton=False)
[2026-01-08 08:23:03.766] ServiceContainer: Resolving 'Application'...
[2026-01-08 08:23:03.769] ServiceContainer: Resolving 'Theme'...
[2026-01-08 08:23:04.036] ServiceContainer: Resolved 'Theme' successfully
[2026-01-08 08:23:04.156] ServiceContainer: Resolving 'ThemeManager'...
[2026-01-08 08:23:04.158] ServiceContainer: Resolved 'ThemeManager' successfully
[2026-01-08 08:23:04.176] ServiceContainer: Resolved 'Application' successfully
[2026-01-08 08:23:04.177] ServiceContainer: Resolving 'MenuRegistry'...
[2026-01-08 08:23:04.192] ServiceContainer: Resolved 'MenuRegistry' successfully
[2026-01-08 08:23:04.216] MenuRegistry: Loaded manifest with 16 entries
[2026-01-08 08:23:04.252] ServiceContainer: Registered 'ThemeEditorScreen' (singleton=False)
[2026-01-08 08:23:04.253] MenuRegistry: Registered 'Theme Editor' in 'Options' menu (hotkey=T order=10)
[2026-01-08 08:23:04.274] MenuRegistry: Registered 'Theme Editor' in 'Options' menu (hotkey=T order=10)
[2026-01-08 08:23:04.277] ServiceContainer: Registered 'SettingsScreen' (singleton=False)
[2026-01-08 08:23:04.278] MenuRegistry: Registered 'Settings' in 'Options' menu (hotkey=S order=20)
[2026-01-08 08:23:04.280] MenuRegistry: Registered 'Settings' in 'Options' menu (hotkey=S order=20)
[2026-01-08 08:23:04.282] ServiceContainer: Registered 'TimeListScreen' (singleton=False)
[2026-01-08 08:23:04.283] MenuRegistry: Registered 'Time Tracking' in 'Time' menu (hotkey=T order=5)
[2026-01-08 08:23:04.285] MenuRegistry: Registered 'Time Tracking' in 'Time' menu (hotkey=T order=5)
[2026-01-08 08:23:04.298] ServiceContainer: Registered 'NotesMenuScreen' (singleton=False)
[2026-01-08 08:23:04.299] MenuRegistry: Registered 'Notes' in 'Tools' menu (hotkey=N order=20)
[2026-01-08 08:23:04.301] MenuRegistry: Registered 'Notes' in 'Tools' menu (hotkey=N order=20)
[2026-01-08 08:23:04.304] ServiceContainer: Registered 'ExcelImportProfileManagerScreen' (singleton=False)
[2026-01-08 08:23:04.305] MenuRegistry: Registered 'Excel Import Profiles' in 'Tools' menu (hotkey=I order=40)
[2026-01-08 08:23:04.307] MenuRegistry: Registered 'Excel Import Profiles' in 'Tools' menu (hotkey=I order=40)
[2026-01-08 08:23:04.308] ServiceContainer: Registered 'TaskListScreen_Default' (singleton=False)
[2026-01-08 08:23:04.309] MenuRegistry: Registered 'Task List' in 'Tasks' menu (hotkey=L order=5)
[2026-01-08 08:23:04.311] MenuRegistry: Registered 'Task List' in 'Tasks' menu (hotkey=L order=5)
[2026-01-08 08:23:04.313] ServiceContainer: Registered 'HelpViewScreen' (singleton=False)
[2026-01-08 08:23:04.314] MenuRegistry: Registered 'Help' in 'Help' menu (hotkey=H order=10)
[2026-01-08 08:23:04.315] MenuRegistry: Registered 'Help' in 'Help' menu (hotkey=H order=10)
[2026-01-08 08:23:04.317] ServiceContainer: Registered 'CommandLibraryScreen' (singleton=False)
[2026-01-08 08:23:04.318] MenuRegistry: Registered 'Command Library' in 'Tools' menu (hotkey=L order=10)
[2026-01-08 08:23:04.320] MenuRegistry: Registered 'Command Library' in 'Tools' menu (hotkey=L order=10)
[2026-01-08 08:23:04.322] ServiceContainer: Registered 'WeeklyTimeReportScreen' (singleton=False)
[2026-01-08 08:23:04.323] MenuRegistry: Registered 'Weekly Report' in 'Time' menu (hotkey=W order=10)
[2026-01-08 08:23:04.324] MenuRegistry: Registered 'Weekly Report' in 'Time' menu (hotkey=W order=10)
[2026-01-08 08:23:04.326] ServiceContainer: Registered 'ExcelImportScreen' (singleton=False)
[2026-01-08 08:23:04.327] MenuRegistry: Registered 'Import from Excel' in 'Projects' menu (hotkey=I order=40)
[2026-01-08 08:23:04.329] MenuRegistry: Registered 'Import from Excel' in 'Projects' menu (hotkey=I order=40)
[2026-01-08 08:23:04.330] ServiceContainer: Registered 'TextExportProfileManagerScreen' (singleton=False)
[2026-01-08 08:23:04.331] MenuRegistry: Registered 'T2020 Export Profiles' in 'Tools' menu (hotkey=E order=45)
[2026-01-08 08:23:04.333] MenuRegistry: Registered 'T2020 Export Profiles' in 'Tools' menu (hotkey=E order=45)
[2026-01-08 08:23:04.335] ServiceContainer: Registered 'TimeReportScreen' (singleton=False)
[2026-01-08 08:23:04.336] MenuRegistry: Registered 'Time Report' in 'Time' menu (hotkey=R order=20)
[2026-01-08 08:23:04.337] MenuRegistry: Registered 'Time Report' in 'Time' menu (hotkey=R order=20)
[2026-01-08 08:23:04.339] ServiceContainer: Registered 'ProjectListScreen' (singleton=False)
[2026-01-08 08:23:04.340] MenuRegistry: Registered 'Project List' in 'Projects' menu (hotkey=L order=10)
[2026-01-08 08:23:04.342] MenuRegistry: Registered 'Project List' in 'Projects' menu (hotkey=L order=10)
[2026-01-08 08:23:04.343] ServiceContainer: Registered 'ChecklistsLauncherScreen' (singleton=False)
[2026-01-08 08:23:04.344] MenuRegistry: Registered 'Checklists' in 'Tools' menu (hotkey=C order=25)
[2026-01-08 08:23:04.346] MenuRegistry: Registered 'Checklists' in 'Tools' menu (hotkey=C order=25)
[2026-01-08 08:23:04.347] ServiceContainer: Registered 'ChecklistTemplatesFolderScreen' (singleton=False)
[2026-01-08 08:23:04.348] MenuRegistry: Registered 'Checklist Templates' in 'Tools' menu (hotkey=H order=30)
[2026-01-08 08:23:04.350] MenuRegistry: Registered 'Checklist Templates' in 'Tools' menu (hotkey=H order=30)
[2026-01-08 08:23:04.352] ServiceContainer: Registered 'ExcelProfileManagerScreen' (singleton=False)
[2026-01-08 08:23:04.353] MenuRegistry: Registered 'Excel Profiles' in 'Projects' menu (hotkey=M order=50)
[2026-01-08 08:23:04.354] MenuRegistry: Registered 'Excel Profiles' in 'Projects' menu (hotkey=M order=50)
[2026-01-08 08:23:04.356] ServiceContainer: Resolving 'TaskListScreen'...
[2026-01-08 08:23:04.395] ServiceContainer: Resolving 'TaskStore'...
[2026-01-08 08:23:04.533] ServiceContainer: Resolved 'TaskStore' successfully
[2026-01-08 08:23:05.484] [INFO] StandardListScreen._ConfigureListActions: Configuring actions for Tasks
[2026-01-08 08:23:05.523] [INFO] StandardListScreen: Added footer shortcut D -> Delete
[2026-01-08 08:23:05.547] [INFO] StandardListScreen._ConfigureListActions: Configured 16 footer shortcuts
[2026-01-08 08:23:05.767] _PopulateMenusFromRegistry: Menu 'Projects' has 3 items from registry (array)
[2026-01-08 08:23:05.789] _PopulateMenusFromRegistry: Menu 'Tasks' has 1 items from registry (array)
[2026-01-08 08:23:05.792] _PopulateMenusFromRegistry: Menu 'Options' has 2 items from registry (array)
[2026-01-08 08:23:05.808] _PopulateMenusFromRegistry: Menu 'Time' has 3 items from registry (array)
[2026-01-08 08:23:05.811] _PopulateMenusFromRegistry: Menu 'Help' has 1 items from registry (array)
[2026-01-08 08:23:05.815] _PopulateMenusFromRegistry: Menu 'Tools' has 6 items from registry (array)
[2026-01-08 08:23:05.818] ServiceContainer: Resolved 'TaskListScreen' successfully
[2026-01-08 08:23:06.216] [INFO] StandardListScreen._ConfigureListActions: Configuring actions for Tasks
[2026-01-08 08:23:06.219] [INFO] StandardListScreen: Added footer shortcut D -> Delete
[2026-01-08 08:23:06.226] [INFO] StandardListScreen._ConfigureListActions: Configured 16 footer shortcuts
[2026-01-08 08:23:31.999] ServiceContainer: Resolving 'NotesMenuScreen'...
[2026-01-08 08:23:32.085] [INFO] StandardListScreen._ConfigureListActions: Configuring actions for Notes
[2026-01-08 08:23:32.090] [INFO] StandardListScreen: Added footer shortcut D -> Delete
[2026-01-08 08:23:32.095] [INFO] StandardListScreen._ConfigureListActions: Configured 7 footer shortcuts
[2026-01-08 08:23:32.136] ServiceContainer: Resolved 'NotesMenuScreen' successfully
[2026-01-08 08:23:32.175] [INFO] StandardListScreen._ConfigureListActions: Configuring actions for Notes
[2026-01-08 08:23:32.177] [INFO] StandardListScreen: Added footer shortcut D -> Delete
[2026-01-08 08:23:32.178] [INFO] StandardListScreen._ConfigureListActions: Configured 7 footer shortcuts
[2026-01-08 08:23:41.506] [INFO] ========== _AssignToProject START ==========
[2026-01-08 08:23:41.508] [INFO] _AssignToProject: noteId=nn3ab, noteTitle=nn3ab
[2026-01-08 08:23:41.550] [ERROR] UniversalList callback error: Method invocation failed because [ProjectPickerDialog] does not contain a method named 'Show'.
[2026-01-08 08:23:41.551] [ERROR] Stack trace: at _AssignToProject, /home/teej/ztest/module/Pmc.Strict/consoleui/screens/NotesMenuScreen.ps1: line 524
at <ScriptBlock>, /home/teej/ztest/module/Pmc.Strict/consoleui/screens/NotesMenuScreen.ps1: line 495
at _InvokeCallback, /home/teej/ztest/module/Pmc.Strict/consoleui/widgets/UniversalList.ps1: line 1415
at HandleInput, /home/teej/ztest/module/Pmc.Strict/consoleui/widgets/UniversalList.ps1: line 707
at HandleKeyPress, /home/teej/ztest/module/Pmc.Strict/consoleui/base/StandardListScreen.ps1: line 1171
at Run, /home/teej/ztest/module/Pmc.Strict/consoleui/PmcApplication.ps1: line 420
at Start-PmcTUI, /home/teej/ztest/module/Pmc.Strict/consoleui/Start-PmcTUI.ps1: line 620
at <ScriptBlock>, /home/teej/ztest/start.ps1: line 37
[2026-01-08 08:23:46.546] [INFO] UniversalList.RenderToEngine: SKIPPING row 0 (editor active, filling with blank)
[2026-01-08 08:23:46.641] [INFO] UniversalList.RenderToEngine: SKIPPING row 0 (editor active, filling with blank)
[2026-01-08 08:23:46.646] [INFO] StandardListScreen.RenderContentToEngine: Rendering InlineEditor at Y=9
[2026-01-08 08:23:48.228] [INFO] UniversalList.RenderToEngine: SKIPPING row 0 (editor active, filling with blank)
[2026-01-08 08:23:48.258] [INFO] UniversalList.RenderToEngine: SKIPPING row 0 (editor active, filling with blank)
[2026-01-08 08:23:48.261] [INFO] StandardListScreen.RenderContentToEngine: Rendering InlineEditor at Y=9
[2026-01-08 08:23:49.547] [INFO] StandardListScreen.OnInlineEditConfirmed: Dispatching to _SaveEditedItem
[2026-01-08 08:23:49.561] [INFO] ========== OnEditItem START ==========
[2026-01-08 08:23:49.562] [INFO] OnEditItem: noteId = nn3ab
[2026-01-08 08:23:49.566] [INFO] OnEditItem: New title = 'nn3abc'
[2026-01-08 08:23:49.645] RequestRender called from: <ScriptBlock> at line 63
[2026-01-08 08:23:49.664] [INFO] OnEditItem: Loaded 3 notes
[2026-01-08 08:23:49.671] [INFO] OnEditItem: Title changed, re-selecting item with title='nn3abc'
[2026-01-08 08:23:49.675] [ERROR] OnEditItem: EXCEPTION - Method invocation failed because [UniversalList] does not contain a method named 'GetAllItems'.
[2026-01-08 08:23:49.677] [ERROR] OnEditItem: Stack trace - at OnEditItem, /home/teej/ztest/module/Pmc.Strict/consoleui/screens/NotesMenuScreen.ps1: line 405
at OnItemUpdated, /home/teej/ztest/module/Pmc.Strict/consoleui/screens/NotesMenuScreen.ps1: line 326
at _SaveEditedItem, /home/teej/ztest/module/Pmc.Strict/consoleui/base/StandardListScreen.ps1: line 933
at OnInlineEditConfirmed, /home/teej/ztest/module/Pmc.Strict/consoleui/base/StandardListScreen.ps1: line 999
at <ScriptBlock>, /home/teej/ztest/module/Pmc.Strict/consoleui/base/StandardListScreen.ps1: line 490
at _InvokeCallback, /home/teej/ztest/module/Pmc.Strict/consoleui/widgets/InlineEditor.ps1: line 2186
at HandleInput, /home/teej/ztest/module/Pmc.Strict/consoleui/widgets/InlineEditor.ps1: line 451
at HandleModalInput, /home/teej/ztest/module/Pmc.Strict/consoleui/PmcScreen.ps1: line 566
at HandleKeyPress, /home/teej/ztest/module/Pmc.Strict/consoleui/base/StandardListScreen.ps1: line 1114
at Run, /home/teej/ztest/module/Pmc.Strict/consoleui/PmcApplication.ps1: line 420
at Start-PmcTUI, /home/teej/ztest/module/Pmc.Strict/consoleui/Start-PmcTUI.ps1: line 620
at <ScriptBlock>, /home/teej/ztest/start.ps1: line 37
[2026-01-08 08:23:49.725] RequestRender called from:  at line 972
