[2026-01-08 11:00:27.561] ServiceContainer: Registered 'Theme' (singleton=True)
[2026-01-08 11:00:27.567] ServiceContainer: Registered 'ThemeManager' (singleton=True)
[2026-01-08 11:00:27.569] ServiceContainer: Registered 'Config' (singleton=True)
[2026-01-08 11:00:27.571] ServiceContainer: Registered 'TaskStore' (singleton=True)
[2026-01-08 11:00:27.572] ServiceContainer: Registered 'MenuRegistry' (singleton=True)
[2026-01-08 11:00:27.574] ServiceContainer: Registered 'Application' (singleton=True)
[2026-01-08 11:00:27.576] ServiceContainer: Registered 'CommandService' (singleton=True)
[2026-01-08 11:00:27.578] ServiceContainer: Registered 'ChecklistService' (singleton=True)
[2026-01-08 11:00:27.580] ServiceContainer: Registered 'NoteService' (singleton=True)
[2026-01-08 11:00:27.582] ServiceContainer: Registered 'ExcelMappingService' (singleton=True)
[2026-01-08 11:00:27.584] ServiceContainer: Registered 'ExcelCopyService' (singleton=True)
[2026-01-08 11:00:27.586] ServiceContainer: Registered 'PreferencesService' (singleton=True)
[2026-01-08 11:00:27.587] ServiceContainer: Registered 'ExcelImportService' (singleton=True)
[2026-01-08 11:00:27.589] ServiceContainer: Registered 'TextExportService' (singleton=True)
[2026-01-08 11:00:27.591] ServiceContainer: Registered 'TaskListScreen' (singleton=False)
[2026-01-08 11:00:27.623] ServiceContainer: Resolving 'Application'...
[2026-01-08 11:00:27.626] ServiceContainer: Resolving 'Theme'...
[2026-01-08 11:00:27.894] ServiceContainer: Resolved 'Theme' successfully
[2026-01-08 11:00:27.991] ServiceContainer: Resolving 'ThemeManager'...
[2026-01-08 11:00:27.993] ServiceContainer: Resolved 'ThemeManager' successfully
[2026-01-08 11:00:28.008] ServiceContainer: Resolved 'Application' successfully
[2026-01-08 11:00:28.009] ServiceContainer: Resolving 'MenuRegistry'...
[2026-01-08 11:00:28.022] ServiceContainer: Resolved 'MenuRegistry' successfully
[2026-01-08 11:00:28.043] MenuRegistry: Loaded manifest with 16 entries
[2026-01-08 11:00:28.072] ServiceContainer: Registered 'ProjectListScreen' (singleton=False)
[2026-01-08 11:00:28.074] MenuRegistry: Registered 'Project List' in 'Projects' menu (hotkey=L order=10)
[2026-01-08 11:00:28.091] MenuRegistry: Registered 'Project List' in 'Projects' menu (hotkey=L order=10)
[2026-01-08 11:00:28.093] ServiceContainer: Registered 'ThemeEditorScreen' (singleton=False)
[2026-01-08 11:00:28.094] MenuRegistry: Registered 'Theme Editor' in 'Options' menu (hotkey=T order=10)
[2026-01-08 11:00:28.097] MenuRegistry: Registered 'Theme Editor' in 'Options' menu (hotkey=T order=10)
[2026-01-08 11:00:28.099] ServiceContainer: Registered 'TextExportProfileManagerScreen' (singleton=False)
[2026-01-08 11:00:28.100] MenuRegistry: Registered 'T2020 Export Profiles' in 'Tools' menu (hotkey=E order=45)
[2026-01-08 11:00:28.102] MenuRegistry: Registered 'T2020 Export Profiles' in 'Tools' menu (hotkey=E order=45)
[2026-01-08 11:00:28.104] ServiceContainer: Registered 'TimeListScreen' (singleton=False)
[2026-01-08 11:00:28.105] MenuRegistry: Registered 'Time Tracking' in 'Time' menu (hotkey=T order=5)
[2026-01-08 11:00:28.106] MenuRegistry: Registered 'Time Tracking' in 'Time' menu (hotkey=T order=5)
[2026-01-08 11:00:28.108] ServiceContainer: Registered 'WeeklyTimeReportScreen' (singleton=False)
[2026-01-08 11:00:28.110] MenuRegistry: Registered 'Weekly Report' in 'Time' menu (hotkey=W order=10)
[2026-01-08 11:00:28.111] MenuRegistry: Registered 'Weekly Report' in 'Time' menu (hotkey=W order=10)
[2026-01-08 11:00:28.121] ServiceContainer: Registered 'TimeReportScreen' (singleton=False)
[2026-01-08 11:00:28.122] MenuRegistry: Registered 'Time Report' in 'Time' menu (hotkey=R order=20)
[2026-01-08 11:00:28.124] MenuRegistry: Registered 'Time Report' in 'Time' menu (hotkey=R order=20)
[2026-01-08 11:00:28.125] ServiceContainer: Registered 'CommandLibraryScreen' (singleton=False)
[2026-01-08 11:00:28.126] MenuRegistry: Registered 'Command Library' in 'Tools' menu (hotkey=L order=10)
[2026-01-08 11:00:28.128] MenuRegistry: Registered 'Command Library' in 'Tools' menu (hotkey=L order=10)
[2026-01-08 11:00:28.130] ServiceContainer: Registered 'HelpViewScreen' (singleton=False)
[2026-01-08 11:00:28.131] MenuRegistry: Registered 'Help' in 'Help' menu (hotkey=H order=10)
[2026-01-08 11:00:28.132] MenuRegistry: Registered 'Help' in 'Help' menu (hotkey=H order=10)
[2026-01-08 11:00:28.134] ServiceContainer: Registered 'TaskListScreen_Default' (singleton=False)
[2026-01-08 11:00:28.135] MenuRegistry: Registered 'Task List' in 'Tasks' menu (hotkey=L order=5)
[2026-01-08 11:00:28.136] MenuRegistry: Registered 'Task List' in 'Tasks' menu (hotkey=L order=5)
[2026-01-08 11:00:28.138] ServiceContainer: Registered 'SettingsScreen' (singleton=False)
[2026-01-08 11:00:28.139] MenuRegistry: Registered 'Settings' in 'Options' menu (hotkey=S order=20)
[2026-01-08 11:00:28.141] MenuRegistry: Registered 'Settings' in 'Options' menu (hotkey=S order=20)
[2026-01-08 11:00:28.142] ServiceContainer: Registered 'ExcelImportScreen' (singleton=False)
[2026-01-08 11:00:28.143] MenuRegistry: Registered 'Import from Excel' in 'Projects' menu (hotkey=I order=40)
[2026-01-08 11:00:28.145] MenuRegistry: Registered 'Import from Excel' in 'Projects' menu (hotkey=I order=40)
[2026-01-08 11:00:28.146] ServiceContainer: Registered 'ChecklistsLauncherScreen' (singleton=False)
[2026-01-08 11:00:28.147] MenuRegistry: Registered 'Checklists' in 'Tools' menu (hotkey=C order=25)
[2026-01-08 11:00:28.149] MenuRegistry: Registered 'Checklists' in 'Tools' menu (hotkey=C order=25)
[2026-01-08 11:00:28.151] ServiceContainer: Registered 'ChecklistTemplatesFolderScreen' (singleton=False)
[2026-01-08 11:00:28.152] MenuRegistry: Registered 'Checklist Templates' in 'Tools' menu (hotkey=H order=30)
[2026-01-08 11:00:28.153] MenuRegistry: Registered 'Checklist Templates' in 'Tools' menu (hotkey=H order=30)
[2026-01-08 11:00:28.155] ServiceContainer: Registered 'ExcelImportProfileManagerScreen' (singleton=False)
[2026-01-08 11:00:28.156] MenuRegistry: Registered 'Excel Import Profiles' in 'Tools' menu (hotkey=I order=40)
[2026-01-08 11:00:28.157] MenuRegistry: Registered 'Excel Import Profiles' in 'Tools' menu (hotkey=I order=40)
[2026-01-08 11:00:28.159] ServiceContainer: Registered 'NotesMenuScreen' (singleton=False)
[2026-01-08 11:00:28.160] MenuRegistry: Registered 'Notes' in 'Tools' menu (hotkey=N order=20)
[2026-01-08 11:00:28.161] MenuRegistry: Registered 'Notes' in 'Tools' menu (hotkey=N order=20)
[2026-01-08 11:00:28.163] ServiceContainer: Registered 'ExcelProfileManagerScreen' (singleton=False)
[2026-01-08 11:00:28.164] MenuRegistry: Registered 'Excel Profiles' in 'Projects' menu (hotkey=M order=50)
[2026-01-08 11:00:28.166] MenuRegistry: Registered 'Excel Profiles' in 'Projects' menu (hotkey=M order=50)
[2026-01-08 11:00:28.167] ServiceContainer: Resolving 'TaskListScreen'...
[2026-01-08 11:00:28.170] ServiceContainer: Resolving 'TaskStore'...
[2026-01-08 11:00:28.315] ServiceContainer: Resolved 'TaskStore' successfully
[2026-01-08 11:00:29.457] [INFO] StandardListScreen._ConfigureListActions: Configuring actions for Tasks
[2026-01-08 11:00:29.502] [INFO] StandardListScreen: Added footer shortcut D -> Delete
[2026-01-08 11:00:29.575] [INFO] StandardListScreen._ConfigureListActions: Configured 16 footer shortcuts
[2026-01-08 11:00:29.922] _PopulateMenusFromRegistry: Menu 'Tasks' has 1 items from registry (array)
[2026-01-08 11:00:29.952] _PopulateMenusFromRegistry: Menu 'Help' has 1 items from registry (array)
[2026-01-08 11:00:29.960] _PopulateMenusFromRegistry: Menu 'Tools' has 6 items from registry (array)
[2026-01-08 11:00:29.967] _PopulateMenusFromRegistry: Menu 'Options' has 2 items from registry (array)
[2026-01-08 11:00:29.972] _PopulateMenusFromRegistry: Menu 'Time' has 3 items from registry (array)
[2026-01-08 11:00:29.977] _PopulateMenusFromRegistry: Menu 'Projects' has 3 items from registry (array)
[2026-01-08 11:00:29.981] ServiceContainer: Resolved 'TaskListScreen' successfully
[2026-01-08 11:00:30.593] [INFO] StandardListScreen._ConfigureListActions: Configuring actions for Tasks
[2026-01-08 11:00:30.596] [INFO] StandardListScreen: Added footer shortcut D -> Delete
[2026-01-08 11:00:30.603] [INFO] StandardListScreen._ConfigureListActions: Configured 16 footer shortcuts
[11:00:31.904] [Z-BUFFER] REJECTED at (8,9): currentZ=0 < zBuffer=65 char=' '
[11:00:31.907] [Z-BUFFER] REJECTED at (9,9): currentZ=0 < zBuffer=65 char=' '
[11:00:31.963] [Z-BUFFER] REJECTED at (2,4): currentZ=10 < zBuffer=20 char='T'
[11:00:31.964] [Z-BUFFER] REJECTED at (3,4): currentZ=10 < zBuffer=20 char='a'
[11:00:31.965] [Z-BUFFER] REJECTED at (4,4): currentZ=10 < zBuffer=20 char='s'
[11:00:31.966] [Z-BUFFER] REJECTED at (5,4): currentZ=10 < zBuffer=20 char='k'
