[2026-01-08 11:04:59.766] ServiceContainer: Registered 'Theme' (singleton=True)
[2026-01-08 11:04:59.768] ServiceContainer: Registered 'ThemeManager' (singleton=True)
[2026-01-08 11:04:59.769] ServiceContainer: Registered 'Config' (singleton=True)
[2026-01-08 11:04:59.770] ServiceContainer: Registered 'TaskStore' (singleton=True)
[2026-01-08 11:04:59.771] ServiceContainer: Registered 'MenuRegistry' (singleton=True)
[2026-01-08 11:04:59.771] ServiceContainer: Registered 'Application' (singleton=True)
[2026-01-08 11:04:59.772] ServiceContainer: Registered 'CommandService' (singleton=True)
[2026-01-08 11:04:59.773] ServiceContainer: Registered 'ChecklistService' (singleton=True)
[2026-01-08 11:04:59.773] ServiceContainer: Registered 'NoteService' (singleton=True)
[2026-01-08 11:04:59.774] ServiceContainer: Registered 'ExcelMappingService' (singleton=True)
[2026-01-08 11:04:59.775] ServiceContainer: Registered 'ExcelCopyService' (singleton=True)
[2026-01-08 11:04:59.775] ServiceContainer: Registered 'PreferencesService' (singleton=True)
[2026-01-08 11:04:59.776] ServiceContainer: Registered 'ExcelImportService' (singleton=True)
[2026-01-08 11:04:59.777] ServiceContainer: Registered 'TextExportService' (singleton=True)
[2026-01-08 11:04:59.777] ServiceContainer: Registered 'TaskListScreen' (singleton=False)
[2026-01-08 11:04:59.790] ServiceContainer: Resolving 'Application'...
[2026-01-08 11:04:59.792] ServiceContainer: Resolving 'Theme'...
[2026-01-08 11:04:59.946] ServiceContainer: Resolved 'Theme' successfully
[2026-01-08 11:05:00.012] ServiceContainer: Resolving 'ThemeManager'...
[2026-01-08 11:05:00.013] ServiceContainer: Resolved 'ThemeManager' successfully
[2026-01-08 11:05:00.025] ServiceContainer: Resolved 'Application' successfully
[2026-01-08 11:05:00.026] ServiceContainer: Resolving 'MenuRegistry'...
[2026-01-08 11:05:00.035] ServiceContainer: Resolved 'MenuRegistry' successfully
[2026-01-08 11:05:00.050] MenuRegistry: Loaded manifest with 16 entries
[2026-01-08 11:05:00.070] ServiceContainer: Registered 'CommandLibraryScreen' (singleton=False)
[2026-01-08 11:05:00.071] MenuRegistry: Registered 'Command Library' in 'Tools' menu (hotkey=L order=10)
[2026-01-08 11:05:00.084] MenuRegistry: Registered 'Command Library' in 'Tools' menu (hotkey=L order=10)
[2026-01-08 11:05:00.085] ServiceContainer: Registered 'ThemeEditorScreen' (singleton=False)
[2026-01-08 11:05:00.086] MenuRegistry: Registered 'Theme Editor' in 'Options' menu (hotkey=T order=10)
[2026-01-08 11:05:00.088] MenuRegistry: Registered 'Theme Editor' in 'Options' menu (hotkey=T order=10)
[2026-01-08 11:05:00.089] ServiceContainer: Registered 'ExcelImportScreen' (singleton=False)
[2026-01-08 11:05:00.090] MenuRegistry: Registered 'Import from Excel' in 'Projects' menu (hotkey=I order=40)
[2026-01-08 11:05:00.092] MenuRegistry: Registered 'Import from Excel' in 'Projects' menu (hotkey=I order=40)
[2026-01-08 11:05:00.093] ServiceContainer: Registered 'HelpViewScreen' (singleton=False)
[2026-01-08 11:05:00.094] MenuRegistry: Registered 'Help' in 'Help' menu (hotkey=H order=10)
[2026-01-08 11:05:00.095] MenuRegistry: Registered 'Help' in 'Help' menu (hotkey=H order=10)
[2026-01-08 11:05:00.096] ServiceContainer: Registered 'TimeReportScreen' (singleton=False)
[2026-01-08 11:05:00.097] MenuRegistry: Registered 'Time Report' in 'Time' menu (hotkey=R order=20)
[2026-01-08 11:05:00.098] MenuRegistry: Registered 'Time Report' in 'Time' menu (hotkey=R order=20)
[2026-01-08 11:05:00.100] ServiceContainer: Registered 'TextExportProfileManagerScreen' (singleton=False)
[2026-01-08 11:05:00.105] MenuRegistry: Registered 'T2020 Export Profiles' in 'Tools' menu (hotkey=E order=45)
[2026-01-08 11:05:00.107] MenuRegistry: Registered 'T2020 Export Profiles' in 'Tools' menu (hotkey=E order=45)
[2026-01-08 11:05:00.108] ServiceContainer: Registered 'ExcelImportProfileManagerScreen' (singleton=False)
[2026-01-08 11:05:00.108] MenuRegistry: Registered 'Excel Import Profiles' in 'Tools' menu (hotkey=I order=40)
[2026-01-08 11:05:00.109] MenuRegistry: Registered 'Excel Import Profiles' in 'Tools' menu (hotkey=I order=40)
[2026-01-08 11:05:00.110] ServiceContainer: Registered 'SettingsScreen' (singleton=False)
[2026-01-08 11:05:00.111] MenuRegistry: Registered 'Settings' in 'Options' menu (hotkey=S order=20)
[2026-01-08 11:05:00.112] MenuRegistry: Registered 'Settings' in 'Options' menu (hotkey=S order=20)
[2026-01-08 11:05:00.113] ServiceContainer: Registered 'ChecklistsLauncherScreen' (singleton=False)
[2026-01-08 11:05:00.114] MenuRegistry: Registered 'Checklists' in 'Tools' menu (hotkey=C order=25)
[2026-01-08 11:05:00.115] MenuRegistry: Registered 'Checklists' in 'Tools' menu (hotkey=C order=25)
[2026-01-08 11:05:00.116] ServiceContainer: Registered 'ChecklistTemplatesFolderScreen' (singleton=False)
[2026-01-08 11:05:00.116] MenuRegistry: Registered 'Checklist Templates' in 'Tools' menu (hotkey=H order=30)
[2026-01-08 11:05:00.117] MenuRegistry: Registered 'Checklist Templates' in 'Tools' menu (hotkey=H order=30)
[2026-01-08 11:05:00.118] ServiceContainer: Registered 'ExcelProfileManagerScreen' (singleton=False)
[2026-01-08 11:05:00.119] MenuRegistry: Registered 'Excel Profiles' in 'Projects' menu (hotkey=M order=50)
[2026-01-08 11:05:00.120] MenuRegistry: Registered 'Excel Profiles' in 'Projects' menu (hotkey=M order=50)
[2026-01-08 11:05:00.121] ServiceContainer: Registered 'TimeListScreen' (singleton=False)
[2026-01-08 11:05:00.122] MenuRegistry: Registered 'Time Tracking' in 'Time' menu (hotkey=T order=5)
[2026-01-08 11:05:00.123] MenuRegistry: Registered 'Time Tracking' in 'Time' menu (hotkey=T order=5)
[2026-01-08 11:05:00.124] ServiceContainer: Registered 'TaskListScreen_Default' (singleton=False)
[2026-01-08 11:05:00.124] MenuRegistry: Registered 'Task List' in 'Tasks' menu (hotkey=L order=5)
[2026-01-08 11:05:00.125] MenuRegistry: Registered 'Task List' in 'Tasks' menu (hotkey=L order=5)
[2026-01-08 11:05:00.126] ServiceContainer: Registered 'NotesMenuScreen' (singleton=False)
[2026-01-08 11:05:00.127] MenuRegistry: Registered 'Notes' in 'Tools' menu (hotkey=N order=20)
[2026-01-08 11:05:00.128] MenuRegistry: Registered 'Notes' in 'Tools' menu (hotkey=N order=20)
[2026-01-08 11:05:00.129] ServiceContainer: Registered 'WeeklyTimeReportScreen' (singleton=False)
[2026-01-08 11:05:00.129] MenuRegistry: Registered 'Weekly Report' in 'Time' menu (hotkey=W order=10)
[2026-01-08 11:05:00.130] MenuRegistry: Registered 'Weekly Report' in 'Time' menu (hotkey=W order=10)
[2026-01-08 11:05:00.131] ServiceContainer: Registered 'ProjectListScreen' (singleton=False)
[2026-01-08 11:05:00.132] MenuRegistry: Registered 'Project List' in 'Projects' menu (hotkey=L order=10)
[2026-01-08 11:05:00.133] MenuRegistry: Registered 'Project List' in 'Projects' menu (hotkey=L order=10)
[2026-01-08 11:05:00.134] ServiceContainer: Resolving 'TaskListScreen'...
[2026-01-08 11:05:00.135] ServiceContainer: Resolving 'TaskStore'...
[2026-01-08 11:05:00.228] ServiceContainer: Resolved 'TaskStore' successfully
[2026-01-08 11:05:00.714] [INFO] StandardListScreen._ConfigureListActions: Configuring actions for Tasks
[2026-01-08 11:05:00.731] [INFO] StandardListScreen: Added footer shortcut D -> Delete
[2026-01-08 11:05:00.756] [INFO] StandardListScreen._ConfigureListActions: Configured 16 footer shortcuts
[2026-01-08 11:05:00.883] _PopulateMenusFromRegistry: Menu 'Options' has 2 items from registry (array)
[2026-01-08 11:05:00.899] _PopulateMenusFromRegistry: Menu 'Help' has 1 items from registry (array)
[2026-01-08 11:05:00.902] _PopulateMenusFromRegistry: Menu 'Projects' has 3 items from registry (array)
[2026-01-08 11:05:00.905] _PopulateMenusFromRegistry: Menu 'Tools' has 6 items from registry (array)
[2026-01-08 11:05:00.907] _PopulateMenusFromRegistry: Menu 'Tasks' has 1 items from registry (array)
[2026-01-08 11:05:00.910] _PopulateMenusFromRegistry: Menu 'Time' has 3 items from registry (array)
[2026-01-08 11:05:00.911] ServiceContainer: Resolved 'TaskListScreen' successfully
[2026-01-08 11:05:01.182] [INFO] StandardListScreen._ConfigureListActions: Configuring actions for Tasks
[2026-01-08 11:05:01.184] [INFO] StandardListScreen: Added footer shortcut D -> Delete
[2026-01-08 11:05:01.188] [INFO] StandardListScreen._ConfigureListActions: Configured 16 footer shortcuts
[11:05:02.274] [Z-BUFFER] REJECTED at (4,4): currentZ=10 < zBuffer=20 char='T'
[11:05:02.275] [Z-BUFFER] REJECTED at (5,4): currentZ=10 < zBuffer=20 char='a'
[11:05:02.276] [Z-BUFFER] REJECTED at (6,4): currentZ=10 < zBuffer=20 char='s'
[11:05:02.276] [Z-BUFFER] REJECTED at (7,4): currentZ=10 < zBuffer=20 char='k'
[11:05:02.277] [Z-BUFFER] REJECTED at (27,4): currentZ=10 < zBuffer=20 char='D'
[11:05:02.278] [Z-BUFFER] REJECTED at (28,4): currentZ=10 < zBuffer=20 char='u'
[11:05:02.279] [Z-BUFFER] REJECTED at (29,4): currentZ=10 < zBuffer=20 char='e'
[11:05:02.280] [Z-BUFFER] REJECTED at (49,4): currentZ=10 < zBuffer=20 char='T'
[11:05:02.281] [Z-BUFFER] REJECTED at (50,4): currentZ=10 < zBuffer=20 char='a'
[11:05:02.282] [Z-BUFFER] REJECTED at (51,4): currentZ=10 < zBuffer=20 char='g'
[11:05:02.282] [Z-BUFFER] REJECTED at (52,4): currentZ=10 < zBuffer=20 char='s'
[11:05:04.792] [Z-BUFFER] REJECTED at (4,4): currentZ=10 < zBuffer=20 char='T'
[11:05:04.793] [Z-BUFFER] REJECTED at (5,4): currentZ=10 < zBuffer=20 char='a'
[11:05:04.794] [Z-BUFFER] REJECTED at (6,4): currentZ=10 < zBuffer=20 char='s'
[11:05:04.795] [Z-BUFFER] REJECTED at (7,4): currentZ=10 < zBuffer=20 char='k'
[11:05:04.796] [Z-BUFFER] REJECTED at (27,4): currentZ=10 < zBuffer=20 char='D'
[11:05:04.796] [Z-BUFFER] REJECTED at (28,4): currentZ=10 < zBuffer=20 char='u'
[11:05:04.797] [Z-BUFFER] REJECTED at (29,4): currentZ=10 < zBuffer=20 char='e'
[11:05:04.798] [Z-BUFFER] REJECTED at (49,4): currentZ=10 < zBuffer=200 char='T'
[11:05:04.799] [Z-BUFFER] REJECTED at (50,4): currentZ=10 < zBuffer=200 char='a'
[11:05:04.799] [Z-BUFFER] REJECTED at (51,4): currentZ=10 < zBuffer=200 char='g'
[11:05:04.800] [Z-BUFFER] REJECTED at (52,4): currentZ=10 < zBuffer=200 char='s'
[2026-01-08 11:05:07.719] ServiceContainer: Resolving 'NotesMenuScreen'...
[2026-01-08 11:05:07.747] [ERROR] ServiceContainer: Failed to resolve 'NotesMenuScreen': At /home/teej/ztest/module/Pmc.Strict/consoleui/screens/NotesMenuScreen.ps1:609 char:20
+         $editor = [NoteEditorScreen]::new($item.id)
+                    ~~~~~~~~~~~~~~~~
Unable to find type [NoteEditorScreen].
[2026-01-08 11:05:07.749] Stack trace: at <ScriptBlock>, /home/teej/ztest/module/Pmc.Strict/consoleui/services/MenuRegistry.ps1: line 242
at Resolve, /home/teej/ztest/module/Pmc.Strict/consoleui/ServiceContainer.ps1: line 130
at <ScriptBlock>, <No file>: line 2
at ExecuteSelectedItem, /home/teej/ztest/module/Pmc.Strict/consoleui/widgets/PmcMenuBar.ps1: line 299
at _HandleItemHotkey, /home/teej/ztest/module/Pmc.Strict/consoleui/widgets/PmcMenuBar.ps1: line 587
at HandleKeyPress, /home/teej/ztest/module/Pmc.Strict/consoleui/widgets/PmcMenuBar.ps1: line 522
at HandleKeyPress, /home/teej/ztest/module/Pmc.Strict/consoleui/base/StandardListScreen.ps1: line 1128
at HandleKeyPress, /home/teej/ztest/module/Pmc.Strict/consoleui/screens/TaskListScreen.ps1: line 2178
at Run, /home/teej/ztest/module/Pmc.Strict/consoleui/PmcApplication.ps1: line 420
at Start-PmcTUI, /home/teej/ztest/module/Pmc.Strict/consoleui/Start-PmcTUI.ps1: line 620
at <ScriptBlock>, /home/teej/ztest/start.ps1: line 37
[2026-01-08 11:05:07.751] [ERROR] MenuRegistry: Error launching 'NotesMenuScreen': At /home/teej/ztest/module/Pmc.Strict/consoleui/screens/NotesMenuScreen.ps1:609 char:20
+         $editor = [NoteEditorScreen]::new($item.id)
+                    ~~~~~~~~~~~~~~~~
Unable to find type [NoteEditorScreen].
[2026-01-08 11:05:07.752] Stack trace: 
at <ScriptBlock>, /home/teej/ztest/module/Pmc.Strict/consoleui/services/MenuRegistry.ps1: line 242
at Resolve, /home/teej/ztest/module/Pmc.Strict/consoleui/ServiceContainer.ps1: line 130
at <ScriptBlock>, <No file>: line 2
at ExecuteSelectedItem, /home/teej/ztest/module/Pmc.Strict/consoleui/widgets/PmcMenuBar.ps1: line 299
at _HandleItemHotkey, /home/teej/ztest/module/Pmc.Strict/consoleui/widgets/PmcMenuBar.ps1: line 587
at HandleKeyPress, /home/teej/ztest/module/Pmc.Strict/consoleui/widgets/PmcMenuBar.ps1: line 522
at HandleKeyPress, /home/teej/ztest/module/Pmc.Strict/consoleui/base/StandardListScreen.ps1: line 1128
at HandleKeyPress, /home/teej/ztest/module/Pmc.Strict/consoleui/screens/TaskListScreen.ps1: line 2178
at Run, /home/teej/ztest/module/Pmc.Strict/consoleui/PmcApplication.ps1: line 420
at Start-PmcTUI, /home/teej/ztest/module/Pmc.Strict/consoleui/Start-PmcTUI.ps1: line 620
at <ScriptBlock>, /home/teej/ztest/start.ps1: line 37
[11:05:07.793] [Z-BUFFER] REJECTED at (4,4): currentZ=10 < zBuffer=20 char='T'
[11:05:07.793] [Z-BUFFER] REJECTED at (5,4): currentZ=10 < zBuffer=20 char='a'
[11:05:07.793] [Z-BUFFER] REJECTED at (6,4): currentZ=10 < zBuffer=20 char='s'
[11:05:07.794] [Z-BUFFER] REJECTED at (7,4): currentZ=10 < zBuffer=20 char='k'
[11:05:07.794] [Z-BUFFER] REJECTED at (27,4): currentZ=10 < zBuffer=20 char='D'
[11:05:07.794] [Z-BUFFER] REJECTED at (28,4): currentZ=10 < zBuffer=20 char='u'
[11:05:07.795] [Z-BUFFER] REJECTED at (29,4): currentZ=10 < zBuffer=20 char='e'
[11:05:07.795] [Z-BUFFER] REJECTED at (49,4): currentZ=10 < zBuffer=20 char='T'
[11:05:07.796] [Z-BUFFER] REJECTED at (50,4): currentZ=10 < zBuffer=20 char='a'
[11:05:07.796] [Z-BUFFER] REJECTED at (51,4): currentZ=10 < zBuffer=20 char='g'
[11:05:07.796] [Z-BUFFER] REJECTED at (52,4): currentZ=10 < zBuffer=20 char='s'
