[2025-12-21 13:12:12.115] ServiceContainer: Registered 'Theme' (singleton=True)
[2025-12-21 13:12:12.121] ServiceContainer: Registered 'ThemeManager' (singleton=True)
[2025-12-21 13:12:12.122] ServiceContainer: Registered 'Config' (singleton=True)
[2025-12-21 13:12:12.124] ServiceContainer: Registered 'TaskStore' (singleton=True)
[2025-12-21 13:12:12.126] ServiceContainer: Registered 'MenuRegistry' (singleton=True)
[2025-12-21 13:12:12.127] ServiceContainer: Registered 'Application' (singleton=True)
[2025-12-21 13:12:12.129] ServiceContainer: Registered 'CommandService' (singleton=True)
[2025-12-21 13:12:12.131] ServiceContainer: Registered 'ChecklistService' (singleton=True)
[2025-12-21 13:12:12.133] ServiceContainer: Registered 'NoteService' (singleton=True)
[2025-12-21 13:12:12.144] ServiceContainer: Registered 'ExcelMappingService' (singleton=True)
[2025-12-21 13:12:12.146] ServiceContainer: Registered 'PreferencesService' (singleton=True)
[2025-12-21 13:12:12.148] ServiceContainer: Registered 'TaskListScreen' (singleton=False)
[2025-12-21 13:12:12.176] ServiceContainer: Resolving 'Application'...
[2025-12-21 13:12:12.179] ServiceContainer: Resolving 'Theme'...
[2025-12-21 13:12:12.456] ServiceContainer: Resolved 'Theme' successfully
[2025-12-21 13:12:12.550] ServiceContainer: Resolving 'ThemeManager'...
[2025-12-21 13:12:12.553] ServiceContainer: Resolved 'ThemeManager' successfully
[2025-12-21 13:12:12.570] ServiceContainer: Resolved 'Application' successfully
[2025-12-21 13:12:12.572] ServiceContainer: Resolving 'MenuRegistry'...
[2025-12-21 13:12:12.599] ServiceContainer: Resolved 'MenuRegistry' successfully
[2025-12-21 13:12:12.623] MenuRegistry: Loaded manifest with 14 entries
[2025-12-21 13:12:12.656] ServiceContainer: Registered 'ExcelImportScreen' (singleton=False)
[2025-12-21 13:12:12.657] MenuRegistry: Registered 'Import from Excel' in 'Projects' menu (hotkey=I order=40)
[2025-12-21 13:12:12.679] MenuRegistry: Registered 'Import from Excel' in 'Projects' menu (hotkey=I order=40)
[2025-12-21 13:12:12.682] ServiceContainer: Registered 'TaskListScreen_Default' (singleton=False)
[2025-12-21 13:12:12.684] MenuRegistry: Registered 'Task List' in 'Tasks' menu (hotkey=L order=5)
[2025-12-21 13:12:12.688] MenuRegistry: Registered 'Task List' in 'Tasks' menu (hotkey=L order=5)
[2025-12-21 13:12:12.690] ServiceContainer: Registered 'NotesMenuScreen' (singleton=False)
[2025-12-21 13:12:12.691] MenuRegistry: Registered 'Notes' in 'Tools' menu (hotkey=N order=20)
[2025-12-21 13:12:12.694] MenuRegistry: Registered 'Notes' in 'Tools' menu (hotkey=N order=20)
[2025-12-21 13:12:12.696] ServiceContainer: Registered 'ProjectListScreen' (singleton=False)
[2025-12-21 13:12:12.697] MenuRegistry: Registered 'Project List' in 'Projects' menu (hotkey=L order=10)
[2025-12-21 13:12:12.700] MenuRegistry: Registered 'Project List' in 'Projects' menu (hotkey=L order=10)
[2025-12-21 13:12:12.702] ServiceContainer: Registered 'ExcelProfileManagerScreen' (singleton=False)
[2025-12-21 13:12:12.703] MenuRegistry: Registered 'Excel Profiles' in 'Projects' menu (hotkey=M order=50)
[2025-12-21 13:12:12.705] MenuRegistry: Registered 'Excel Profiles' in 'Projects' menu (hotkey=M order=50)
[2025-12-21 13:12:12.708] ServiceContainer: Registered 'TimeReportScreen' (singleton=False)
[2025-12-21 13:12:12.709] MenuRegistry: Registered 'Time Report' in 'Time' menu (hotkey=R order=20)
[2025-12-21 13:12:12.711] MenuRegistry: Registered 'Time Report' in 'Time' menu (hotkey=R order=20)
[2025-12-21 13:12:12.713] ServiceContainer: Registered 'ChecklistTemplatesFolderScreen' (singleton=False)
[2025-12-21 13:12:12.714] MenuRegistry: Registered 'Checklist Templates' in 'Tools' menu (hotkey=H order=30)
[2025-12-21 13:12:12.716] MenuRegistry: Registered 'Checklist Templates' in 'Tools' menu (hotkey=H order=30)
[2025-12-21 13:12:12.719] ServiceContainer: Registered 'TimeListScreen' (singleton=False)
[2025-12-21 13:12:12.720] MenuRegistry: Registered 'Time Tracking' in 'Time' menu (hotkey=T order=5)
[2025-12-21 13:12:12.722] MenuRegistry: Registered 'Time Tracking' in 'Time' menu (hotkey=T order=5)
[2025-12-21 13:12:12.724] ServiceContainer: Registered 'CommandLibraryScreen' (singleton=False)
[2025-12-21 13:12:12.725] MenuRegistry: Registered 'Command Library' in 'Tools' menu (hotkey=L order=10)
[2025-12-21 13:12:12.727] MenuRegistry: Registered 'Command Library' in 'Tools' menu (hotkey=L order=10)
[2025-12-21 13:12:12.736] ServiceContainer: Registered 'ThemeEditorScreen' (singleton=False)
[2025-12-21 13:12:12.737] MenuRegistry: Registered 'Theme Editor' in 'Options' menu (hotkey=T order=10)
[2025-12-21 13:12:12.739] MenuRegistry: Registered 'Theme Editor' in 'Options' menu (hotkey=T order=10)
[2025-12-21 13:12:12.741] ServiceContainer: Registered 'SettingsScreen' (singleton=False)
[2025-12-21 13:12:12.742] MenuRegistry: Registered 'Settings' in 'Options' menu (hotkey=S order=20)
[2025-12-21 13:12:12.743] MenuRegistry: Registered 'Settings' in 'Options' menu (hotkey=S order=20)
[2025-12-21 13:12:12.745] ServiceContainer: Registered 'ChecklistsLauncherScreen' (singleton=False)
[2025-12-21 13:12:12.746] MenuRegistry: Registered 'Checklists' in 'Tools' menu (hotkey=C order=25)
[2025-12-21 13:12:12.748] MenuRegistry: Registered 'Checklists' in 'Tools' menu (hotkey=C order=25)
[2025-12-21 13:12:12.750] ServiceContainer: Registered 'HelpViewScreen' (singleton=False)
[2025-12-21 13:12:12.751] MenuRegistry: Registered 'Help' in 'Help' menu (hotkey=H order=10)
[2025-12-21 13:12:12.752] MenuRegistry: Registered 'Help' in 'Help' menu (hotkey=H order=10)
[2025-12-21 13:12:12.754] ServiceContainer: Registered 'WeeklyTimeReportScreen' (singleton=False)
[2025-12-21 13:12:12.755] MenuRegistry: Registered 'Weekly Report' in 'Time' menu (hotkey=W order=10)
[2025-12-21 13:12:12.757] MenuRegistry: Registered 'Weekly Report' in 'Time' menu (hotkey=W order=10)
[2025-12-21 13:12:12.759] ServiceContainer: Resolving 'TaskListScreen'...
[2025-12-21 13:12:12.761] ServiceContainer: Resolving 'TaskStore'...
[2025-12-21 13:12:13.097] ServiceContainer: Resolved 'TaskStore' successfully
[2025-12-21 13:12:14.106] _PopulateMenusFromRegistry: Menu 'Projects' has 3 items from registry (array)
[2025-12-21 13:12:14.130] _PopulateMenusFromRegistry: Menu 'Tasks' has 1 items from registry (array)
[2025-12-21 13:12:14.146] _PopulateMenusFromRegistry: Menu 'Help' has 1 items from registry (array)
[2025-12-21 13:12:14.149] _PopulateMenusFromRegistry: Menu 'Options' has 2 items from registry (array)
[2025-12-21 13:12:14.153] _PopulateMenusFromRegistry: Menu 'Time' has 3 items from registry (array)
[2025-12-21 13:12:14.157] _PopulateMenusFromRegistry: Menu 'Tools' has 4 items from registry (array)
[2025-12-21 13:12:14.160] ServiceContainer: Resolved 'TaskListScreen' successfully
[2025-12-21 13:16:13.935] ServiceContainer: Resolving 'ProjectListScreen'...
[2025-12-21 13:16:14.013] ServiceContainer: Resolved 'ProjectListScreen' successfully
[2025-12-21 13:17:10.720] ServiceContainer: Resolving 'TimeListScreen'...
[2025-12-21 13:17:10.885] ServiceContainer: Resolved 'TimeListScreen' successfully
[2025-12-21 13:17:47.076] ServiceContainer: Resolving 'NotesMenuScreen'...
[2025-12-21 13:17:47.286] ServiceContainer: Resolved 'NotesMenuScreen' successfully
[2025-12-21 16:00:55.710] ServiceContainer: Resolving 'ProjectListScreen'...
[2025-12-21 16:00:55.746] ServiceContainer: Resolved 'ProjectListScreen' successfully
[2025-12-21 16:00:57.839] ServiceContainer: Registered 'ProjectInfoScreenV4' (singleton=False)
[2025-12-21 16:00:57.840] ServiceContainer: Resolving 'ProjectInfoScreenV4'...
[2025-12-21 16:00:57.913] ServiceContainer: Resolved 'ProjectInfoScreenV4' successfully
[2025-12-21 16:00:58.045] [ERROR] Widget render error: RenderContent render failed: Cannot find an overload for "WriteAt" and the argument count: "4".
[2025-12-21 16:00:58.045] [ERROR] Stack: at RenderToEngine, /home/teej/ztest/module/Pmc.Strict/consoleui/widgets/TabPanel.ps1: line 327
at RenderContentToEngine, /home/teej/ztest/module/Pmc.Strict/consoleui/base/TabbedScreen.ps1: line 452
at RenderContentToEngine, /home/teej/ztest/module/Pmc.Strict/consoleui/screens/ProjectInfoScreenV4.ps1: line 612
at RenderToEngine, /home/teej/ztest/module/Pmc.Strict/consoleui/PmcScreen.ps1: line 410
at _RenderCurrentScreen, /home/teej/ztest/module/Pmc.Strict/consoleui/PmcApplication.ps1: line 233
at Run, /home/teej/ztest/module/Pmc.Strict/consoleui/PmcApplication.ps1: line 457
at Start-PmcTUI, /home/teej/ztest/module/Pmc.Strict/consoleui/Start-PmcTUI.ps1: line 599
at <ScriptBlock>, /home/teej/ztest/start.ps1: line 37
[2025-12-21 16:00:58.046] [ERROR] TargetObject: 
[2025-12-21 16:00:58.048] [ERROR] InvocationInfo:             $engine.WriteAt($this.X, $this.Y, "No tabs defined", "Foreground.Secondary")

