[2026-01-09 12:23:40.193] ServiceContainer: Registered 'Theme' (singleton=True)
[2026-01-09 12:23:40.196] ServiceContainer: Registered 'ThemeManager' (singleton=True)
[2026-01-09 12:23:40.197] ServiceContainer: Registered 'Config' (singleton=True)
[2026-01-09 12:23:40.198] ServiceContainer: Registered 'TaskStore' (singleton=True)
[2026-01-09 12:23:40.198] ServiceContainer: Registered 'MenuRegistry' (singleton=True)
[2026-01-09 12:23:40.199] ServiceContainer: Registered 'Application' (singleton=True)
[2026-01-09 12:23:40.200] ServiceContainer: Registered 'CommandService' (singleton=True)
[2026-01-09 12:23:40.201] ServiceContainer: Registered 'ChecklistService' (singleton=True)
[2026-01-09 12:23:40.201] ServiceContainer: Registered 'NoteService' (singleton=True)
[2026-01-09 12:23:40.202] ServiceContainer: Registered 'ExcelMappingService' (singleton=True)
[2026-01-09 12:23:40.203] ServiceContainer: Registered 'ExcelCopyService' (singleton=True)
[2026-01-09 12:23:40.204] ServiceContainer: Registered 'PreferencesService' (singleton=True)
[2026-01-09 12:23:40.205] ServiceContainer: Registered 'ExcelImportService' (singleton=True)
[2026-01-09 12:23:40.206] ServiceContainer: Registered 'TextExportService' (singleton=True)
[2026-01-09 12:23:40.207] ServiceContainer: Registered 'TaskListScreen' (singleton=False)
[2026-01-09 12:23:40.221] ServiceContainer: Resolving 'Application'...
[2026-01-09 12:23:40.223] ServiceContainer: Resolving 'Theme'...
[2026-01-09 12:23:40.399] ServiceContainer: Resolved 'Theme' successfully
[2026-01-09 12:23:40.468] ServiceContainer: Resolving 'ThemeManager'...
[2026-01-09 12:23:40.469] ServiceContainer: Resolved 'ThemeManager' successfully
[2026-01-09 12:23:40.481] ServiceContainer: Resolved 'Application' successfully
[2026-01-09 12:23:40.482] ServiceContainer: Resolving 'MenuRegistry'...
[2026-01-09 12:23:40.492] ServiceContainer: Resolved 'MenuRegistry' successfully
[2026-01-09 12:23:40.509] MenuRegistry: Loaded manifest with 17 entries
[2026-01-09 12:23:40.531] ServiceContainer: Registered 'CalendarScreen' (singleton=False)
[2026-01-09 12:23:40.532] MenuRegistry: Registered 'Calendar' in 'Tools' menu (hotkey=A order=50)
[2026-01-09 12:23:40.546] MenuRegistry: Registered 'Calendar' in 'Tools' menu (hotkey=A order=50)
[2026-01-09 12:23:40.547] ServiceContainer: Registered 'WeeklyTimeReportScreen' (singleton=False)
[2026-01-09 12:23:40.548] MenuRegistry: Registered 'Weekly Report' in 'Time' menu (hotkey=W order=10)
[2026-01-09 12:23:40.550] MenuRegistry: Registered 'Weekly Report' in 'Time' menu (hotkey=W order=10)
[2026-01-09 12:23:40.551] ServiceContainer: Registered 'ExcelImportProfileManagerScreen' (singleton=False)
[2026-01-09 12:23:40.552] MenuRegistry: Registered 'Excel Import Profiles' in 'Tools' menu (hotkey=I order=40)
[2026-01-09 12:23:40.559] MenuRegistry: Registered 'Excel Import Profiles' in 'Tools' menu (hotkey=I order=40)
[2026-01-09 12:23:40.561] ServiceContainer: Registered 'HelpViewScreen' (singleton=False)
[2026-01-09 12:23:40.561] MenuRegistry: Registered 'Help' in 'Help' menu (hotkey=H order=10)
[2026-01-09 12:23:40.563] MenuRegistry: Registered 'Help' in 'Help' menu (hotkey=H order=10)
[2026-01-09 12:23:40.564] ServiceContainer: Registered 'ChecklistsLauncherScreen' (singleton=False)
[2026-01-09 12:23:40.565] MenuRegistry: Registered 'Checklists' in 'Tools' menu (hotkey=C order=25)
[2026-01-09 12:23:40.566] MenuRegistry: Registered 'Checklists' in 'Tools' menu (hotkey=C order=25)
[2026-01-09 12:23:40.567] ServiceContainer: Registered 'NotesMenuScreen' (singleton=False)
[2026-01-09 12:23:40.568] MenuRegistry: Registered 'Notes' in 'Tools' menu (hotkey=N order=20)
[2026-01-09 12:23:40.570] MenuRegistry: Registered 'Notes' in 'Tools' menu (hotkey=N order=20)
[2026-01-09 12:23:40.571] ServiceContainer: Registered 'ThemeEditorScreen' (singleton=False)
[2026-01-09 12:23:40.572] MenuRegistry: Registered 'Theme Editor' in 'Options' menu (hotkey=T order=10)
[2026-01-09 12:23:40.573] MenuRegistry: Registered 'Theme Editor' in 'Options' menu (hotkey=T order=10)
[2026-01-09 12:23:40.575] ServiceContainer: Registered 'TimeListScreen' (singleton=False)
[2026-01-09 12:23:40.575] MenuRegistry: Registered 'Time Tracking' in 'Time' menu (hotkey=T order=5)
[2026-01-09 12:23:40.577] MenuRegistry: Registered 'Time Tracking' in 'Time' menu (hotkey=T order=5)
[2026-01-09 12:23:40.578] ServiceContainer: Registered 'TextExportProfileManagerScreen' (singleton=False)
[2026-01-09 12:23:40.578] MenuRegistry: Registered 'T2020 Export Profiles' in 'Tools' menu (hotkey=E order=45)
[2026-01-09 12:23:40.580] MenuRegistry: Registered 'T2020 Export Profiles' in 'Tools' menu (hotkey=E order=45)
[2026-01-09 12:23:40.581] ServiceContainer: Registered 'ExcelImportScreen' (singleton=False)
[2026-01-09 12:23:40.581] MenuRegistry: Registered 'Import from Excel' in 'Projects' menu (hotkey=I order=40)
[2026-01-09 12:23:40.583] MenuRegistry: Registered 'Import from Excel' in 'Projects' menu (hotkey=I order=40)
[2026-01-09 12:23:40.584] ServiceContainer: Registered 'TaskListScreen_Default' (singleton=False)
[2026-01-09 12:23:40.584] MenuRegistry: Registered 'Task List' in 'Tasks' menu (hotkey=L order=5)
[2026-01-09 12:23:40.586] MenuRegistry: Registered 'Task List' in 'Tasks' menu (hotkey=L order=5)
[2026-01-09 12:23:40.587] ServiceContainer: Registered 'ExcelProfileManagerScreen' (singleton=False)
[2026-01-09 12:23:40.588] MenuRegistry: Registered 'Excel Profiles' in 'Projects' menu (hotkey=M order=50)
[2026-01-09 12:23:40.589] MenuRegistry: Registered 'Excel Profiles' in 'Projects' menu (hotkey=M order=50)
[2026-01-09 12:23:40.591] ServiceContainer: Registered 'TimeReportScreen' (singleton=False)
[2026-01-09 12:23:40.591] MenuRegistry: Registered 'Time Report' in 'Time' menu (hotkey=R order=20)
[2026-01-09 12:23:40.593] MenuRegistry: Registered 'Time Report' in 'Time' menu (hotkey=R order=20)
[2026-01-09 12:23:40.594] ServiceContainer: Registered 'ProjectListScreen' (singleton=False)
[2026-01-09 12:23:40.595] MenuRegistry: Registered 'Project List' in 'Projects' menu (hotkey=L order=10)
[2026-01-09 12:23:40.596] MenuRegistry: Registered 'Project List' in 'Projects' menu (hotkey=L order=10)
[2026-01-09 12:23:40.597] ServiceContainer: Registered 'CommandLibraryScreen' (singleton=False)
[2026-01-09 12:23:40.598] MenuRegistry: Registered 'Command Library' in 'Tools' menu (hotkey=L order=10)
[2026-01-09 12:23:40.599] MenuRegistry: Registered 'Command Library' in 'Tools' menu (hotkey=L order=10)
[2026-01-09 12:23:40.601] ServiceContainer: Registered 'SettingsScreen' (singleton=False)
[2026-01-09 12:23:40.601] MenuRegistry: Registered 'Settings' in 'Options' menu (hotkey=S order=20)
[2026-01-09 12:23:40.603] MenuRegistry: Registered 'Settings' in 'Options' menu (hotkey=S order=20)
[2026-01-09 12:23:40.622] ServiceContainer: Registered 'ChecklistTemplatesFolderScreen' (singleton=False)
[2026-01-09 12:23:40.623] MenuRegistry: Registered 'Checklist Templates' in 'Tools' menu (hotkey=H order=30)
[2026-01-09 12:23:40.624] MenuRegistry: Registered 'Checklist Templates' in 'Tools' menu (hotkey=H order=30)
[2026-01-09 12:23:40.626] ServiceContainer: Resolving 'TaskListScreen'...
[2026-01-09 12:23:40.627] ServiceContainer: Resolving 'TaskStore'...
[2026-01-09 12:23:40.720] ServiceContainer: Resolved 'TaskStore' successfully
[2026-01-09 12:23:41.264] [INFO] StandardListScreen._ConfigureListActions: Configuring actions for Tasks
[2026-01-09 12:23:41.280] [INFO] StandardListScreen: Added footer shortcut D -> Delete
[2026-01-09 12:23:41.297] [INFO] StandardListScreen._ConfigureListActions: Configured 16 footer shortcuts
[2026-01-09 12:23:41.438] _PopulateMenusFromRegistry: Menu 'Time' has 3 items from registry (array)
[2026-01-09 12:23:41.463] _PopulateMenusFromRegistry: Menu 'Options' has 2 items from registry (array)
[2026-01-09 12:23:41.465] _PopulateMenusFromRegistry: Menu 'Tasks' has 1 items from registry (array)
[2026-01-09 12:23:41.468] _PopulateMenusFromRegistry: Menu 'Tools' has 7 items from registry (array)
[2026-01-09 12:23:41.471] _PopulateMenusFromRegistry: Menu 'Projects' has 3 items from registry (array)
[2026-01-09 12:23:41.473] _PopulateMenusFromRegistry: Menu 'Help' has 1 items from registry (array)
[2026-01-09 12:23:41.475] ServiceContainer: Resolved 'TaskListScreen' successfully
[2026-01-09 12:23:41.772] [INFO] StandardListScreen._ConfigureListActions: Configuring actions for Tasks
[2026-01-09 12:23:41.775] [INFO] StandardListScreen: Added footer shortcut D -> Delete
[2026-01-09 12:23:41.780] [INFO] StandardListScreen._ConfigureListActions: Configured 16 footer shortcuts
[12:23:42.936] [Z-BUFFER] REJECTED at (4,4): currentZ=10 < zBuffer=20 char='T'
[12:23:42.938] [Z-BUFFER] REJECTED at (5,4): currentZ=10 < zBuffer=20 char='a'
[12:23:42.939] [Z-BUFFER] REJECTED at (6,4): currentZ=10 < zBuffer=20 char='s'
[12:23:42.940] [Z-BUFFER] REJECTED at (7,4): currentZ=10 < zBuffer=20 char='k'
[12:23:42.942] [Z-BUFFER] REJECTED at (27,4): currentZ=10 < zBuffer=20 char='D'
[12:23:42.943] [Z-BUFFER] REJECTED at (28,4): currentZ=10 < zBuffer=20 char='u'
[12:23:42.944] [Z-BUFFER] REJECTED at (29,4): currentZ=10 < zBuffer=20 char='e'
[12:23:42.946] [Z-BUFFER] REJECTED at (49,4): currentZ=10 < zBuffer=20 char='T'
[12:23:42.947] [Z-BUFFER] REJECTED at (50,4): currentZ=10 < zBuffer=20 char='a'
[12:23:42.948] [Z-BUFFER] REJECTED at (51,4): currentZ=10 < zBuffer=20 char='g'
[12:23:42.949] [Z-BUFFER] REJECTED at (52,4): currentZ=10 < zBuffer=20 char='s'
[2026-01-09 12:23:46.480] [INFO] *** STANDARDLISTSCREEN.ADDITEM CALLED on type=TaskListScreen key=TaskList ***
[2026-01-09 12:23:46.573] [INFO] StandardListScreen.AddItem: ActiveModal set to InlineEditor. ShowInlineEditor=True
[12:23:46.705] [Z-BUFFER] REJECTED at (4,4): currentZ=10 < zBuffer=20 char='T'
[12:23:46.706] [Z-BUFFER] REJECTED at (5,4): currentZ=10 < zBuffer=20 char='a'
[12:23:46.707] [Z-BUFFER] REJECTED at (6,4): currentZ=10 < zBuffer=20 char='s'
[12:23:46.708] [Z-BUFFER] REJECTED at (7,4): currentZ=10 < zBuffer=20 char='k'
[12:23:46.708] [Z-BUFFER] REJECTED at (27,4): currentZ=10 < zBuffer=20 char='D'
[12:23:46.709] [Z-BUFFER] REJECTED at (28,4): currentZ=10 < zBuffer=20 char='u'
[12:23:46.710] [Z-BUFFER] REJECTED at (29,4): currentZ=10 < zBuffer=20 char='e'
[12:23:46.715] [Z-BUFFER] REJECTED at (49,4): currentZ=10 < zBuffer=20 char='T'
[12:23:46.716] [Z-BUFFER] REJECTED at (50,4): currentZ=10 < zBuffer=20 char='a'
[12:23:46.716] [Z-BUFFER] REJECTED at (51,4): currentZ=10 < zBuffer=20 char='g'
[12:23:46.717] [Z-BUFFER] REJECTED at (52,4): currentZ=10 < zBuffer=20 char='s'
[2026-01-09 12:23:46.721] [INFO] StandardListScreen.RenderContentToEngine: Rendering InlineEditor at Y=10
[12:23:48.467] [Z-BUFFER] REJECTED at (4,4): currentZ=10 < zBuffer=20 char='T'
[12:23:48.468] [Z-BUFFER] REJECTED at (5,4): currentZ=10 < zBuffer=20 char='a'
[12:23:48.469] [Z-BUFFER] REJECTED at (6,4): currentZ=10 < zBuffer=20 char='s'
[12:23:48.470] [Z-BUFFER] REJECTED at (7,4): currentZ=10 < zBuffer=20 char='k'
[12:23:48.470] [Z-BUFFER] REJECTED at (27,4): currentZ=10 < zBuffer=20 char='D'
[12:23:48.471] [Z-BUFFER] REJECTED at (28,4): currentZ=10 < zBuffer=20 char='u'
[12:23:48.472] [Z-BUFFER] REJECTED at (29,4): currentZ=10 < zBuffer=20 char='e'
[12:23:48.473] [Z-BUFFER] REJECTED at (49,4): currentZ=10 < zBuffer=20 char='T'
[12:23:48.474] [Z-BUFFER] REJECTED at (50,4): currentZ=10 < zBuffer=20 char='a'
[12:23:48.475] [Z-BUFFER] REJECTED at (51,4): currentZ=10 < zBuffer=20 char='g'
[12:23:48.476] [Z-BUFFER] REJECTED at (52,4): currentZ=10 < zBuffer=20 char='s'
[2026-01-09 12:23:48.480] [INFO] StandardListScreen.RenderContentToEngine: Rendering InlineEditor at Y=10
[12:23:50.037] [Z-BUFFER] REJECTED at (4,4): currentZ=10 < zBuffer=20 char='T'
[12:23:50.038] [Z-BUFFER] REJECTED at (5,4): currentZ=10 < zBuffer=20 char='a'
[12:23:50.039] [Z-BUFFER] REJECTED at (6,4): currentZ=10 < zBuffer=20 char='s'
[12:23:50.040] [Z-BUFFER] REJECTED at (7,4): currentZ=10 < zBuffer=20 char='k'
[12:23:50.041] [Z-BUFFER] REJECTED at (27,4): currentZ=10 < zBuffer=20 char='D'
[12:23:50.041] [Z-BUFFER] REJECTED at (28,4): currentZ=10 < zBuffer=20 char='u'
[12:23:50.041] [Z-BUFFER] REJECTED at (29,4): currentZ=10 < zBuffer=20 char='e'
[12:23:50.042] [Z-BUFFER] REJECTED at (49,4): currentZ=10 < zBuffer=20 char='T'
[12:23:50.042] [Z-BUFFER] REJECTED at (50,4): currentZ=10 < zBuffer=20 char='a'
[12:23:50.042] [Z-BUFFER] REJECTED at (51,4): currentZ=10 < zBuffer=20 char='g'
[12:23:50.042] [Z-BUFFER] REJECTED at (52,4): currentZ=10 < zBuffer=20 char='s'
[2026-01-09 12:23:50.044] [INFO] StandardListScreen.RenderContentToEngine: Rendering InlineEditor at Y=10
[12:23:50.955] [Z-BUFFER] REJECTED at (4,4): currentZ=10 < zBuffer=20 char='T'
[12:23:50.956] [Z-BUFFER] REJECTED at (5,4): currentZ=10 < zBuffer=20 char='a'
[12:23:50.956] [Z-BUFFER] REJECTED at (6,4): currentZ=10 < zBuffer=20 char='s'
[12:23:50.958] [Z-BUFFER] REJECTED at (7,4): currentZ=10 < zBuffer=20 char='k'
[12:23:50.959] [Z-BUFFER] REJECTED at (27,4): currentZ=10 < zBuffer=20 char='D'
[12:23:50.959] [Z-BUFFER] REJECTED at (28,4): currentZ=10 < zBuffer=20 char='u'
[12:23:50.959] [Z-BUFFER] REJECTED at (29,4): currentZ=10 < zBuffer=20 char='e'
[12:23:50.960] [Z-BUFFER] REJECTED at (49,4): currentZ=10 < zBuffer=20 char='T'
[12:23:50.960] [Z-BUFFER] REJECTED at (50,4): currentZ=10 < zBuffer=20 char='a'
[12:23:50.961] [Z-BUFFER] REJECTED at (51,4): currentZ=10 < zBuffer=20 char='g'
[12:23:50.961] [Z-BUFFER] REJECTED at (52,4): currentZ=10 < zBuffer=20 char='s'
[2026-01-09 12:23:50.963] [INFO] StandardListScreen.RenderContentToEngine: Rendering InlineEditor at Y=10
[12:23:51.370] [Z-BUFFER] REJECTED at (4,4): currentZ=10 < zBuffer=20 char='T'
[12:23:51.371] [Z-BUFFER] REJECTED at (5,4): currentZ=10 < zBuffer=20 char='a'
[12:23:51.372] [Z-BUFFER] REJECTED at (6,4): currentZ=10 < zBuffer=20 char='s'
[12:23:51.373] [Z-BUFFER] REJECTED at (7,4): currentZ=10 < zBuffer=20 char='k'
[12:23:51.374] [Z-BUFFER] REJECTED at (27,4): currentZ=10 < zBuffer=20 char='D'
[12:23:51.375] [Z-BUFFER] REJECTED at (28,4): currentZ=10 < zBuffer=20 char='u'
[12:23:51.376] [Z-BUFFER] REJECTED at (29,4): currentZ=10 < zBuffer=20 char='e'
[12:23:51.377] [Z-BUFFER] REJECTED at (49,4): currentZ=10 < zBuffer=20 char='T'
[12:23:51.377] [Z-BUFFER] REJECTED at (50,4): currentZ=10 < zBuffer=20 char='a'
[12:23:51.378] [Z-BUFFER] REJECTED at (51,4): currentZ=10 < zBuffer=20 char='g'
[12:23:51.379] [Z-BUFFER] REJECTED at (52,4): currentZ=10 < zBuffer=20 char='s'
[2026-01-09 12:23:51.383] [INFO] StandardListScreen.RenderContentToEngine: Rendering InlineEditor at Y=10
[12:23:51.532] [Z-BUFFER] REJECTED at (4,4): currentZ=10 < zBuffer=20 char='T'
[12:23:51.533] [Z-BUFFER] REJECTED at (5,4): currentZ=10 < zBuffer=20 char='a'
[12:23:51.537] [Z-BUFFER] REJECTED at (6,4): currentZ=10 < zBuffer=20 char='s'
[12:23:51.538] [Z-BUFFER] REJECTED at (7,4): currentZ=10 < zBuffer=20 char='k'
[12:23:51.538] [Z-BUFFER] REJECTED at (27,4): currentZ=10 < zBuffer=20 char='D'
[12:23:51.539] [Z-BUFFER] REJECTED at (28,4): currentZ=10 < zBuffer=20 char='u'
[12:23:51.540] [Z-BUFFER] REJECTED at (29,4): currentZ=10 < zBuffer=20 char='e'
[12:23:51.541] [Z-BUFFER] REJECTED at (49,4): currentZ=10 < zBuffer=20 char='T'
[12:23:51.541] [Z-BUFFER] REJECTED at (50,4): currentZ=10 < zBuffer=20 char='a'
[12:23:51.542] [Z-BUFFER] REJECTED at (51,4): currentZ=10 < zBuffer=20 char='g'
[12:23:51.542] [Z-BUFFER] REJECTED at (52,4): currentZ=10 < zBuffer=20 char='s'
[2026-01-09 12:23:51.544] [INFO] StandardListScreen.RenderContentToEngine: Rendering InlineEditor at Y=10
[12:23:52.103] [Z-BUFFER] REJECTED at (4,4): currentZ=10 < zBuffer=20 char='T'
[12:23:52.104] [Z-BUFFER] REJECTED at (5,4): currentZ=10 < zBuffer=20 char='a'
[12:23:52.104] [Z-BUFFER] REJECTED at (6,4): currentZ=10 < zBuffer=20 char='s'
[12:23:52.105] [Z-BUFFER] REJECTED at (7,4): currentZ=10 < zBuffer=20 char='k'
[12:23:52.105] [Z-BUFFER] REJECTED at (27,4): currentZ=10 < zBuffer=20 char='D'
[12:23:52.105] [Z-BUFFER] REJECTED at (28,4): currentZ=10 < zBuffer=20 char='u'
[12:23:52.106] [Z-BUFFER] REJECTED at (29,4): currentZ=10 < zBuffer=20 char='e'
[12:23:52.106] [Z-BUFFER] REJECTED at (49,4): currentZ=10 < zBuffer=20 char='T'
[12:23:52.107] [Z-BUFFER] REJECTED at (50,4): currentZ=10 < zBuffer=20 char='a'
[12:23:52.107] [Z-BUFFER] REJECTED at (51,4): currentZ=10 < zBuffer=20 char='g'
[12:23:52.108] [Z-BUFFER] REJECTED at (52,4): currentZ=10 < zBuffer=20 char='s'
[2026-01-09 12:23:52.111] [INFO] StandardListScreen.RenderContentToEngine: Rendering InlineEditor at Y=10
[12:23:55.057] [Z-BUFFER] REJECTED at (4,4): currentZ=10 < zBuffer=20 char='T'
[12:23:55.058] [Z-BUFFER] REJECTED at (5,4): currentZ=10 < zBuffer=20 char='a'
[12:23:55.058] [Z-BUFFER] REJECTED at (6,4): currentZ=10 < zBuffer=20 char='s'
[12:23:55.058] [Z-BUFFER] REJECTED at (7,4): currentZ=10 < zBuffer=20 char='k'
[12:23:55.059] [Z-BUFFER] REJECTED at (27,4): currentZ=10 < zBuffer=20 char='D'
[12:23:55.059] [Z-BUFFER] REJECTED at (28,4): currentZ=10 < zBuffer=20 char='u'
[12:23:55.060] [Z-BUFFER] REJECTED at (29,4): currentZ=10 < zBuffer=20 char='e'
[12:23:55.060] [Z-BUFFER] REJECTED at (49,4): currentZ=10 < zBuffer=20 char='T'
[12:23:55.061] [Z-BUFFER] REJECTED at (50,4): currentZ=10 < zBuffer=20 char='a'
[12:23:55.065] [Z-BUFFER] REJECTED at (51,4): currentZ=10 < zBuffer=20 char='g'
[12:23:55.066] [Z-BUFFER] REJECTED at (52,4): currentZ=10 < zBuffer=20 char='s'
[2026-01-09 12:23:55.068] [INFO] StandardListScreen.RenderContentToEngine: Rendering InlineEditor at Y=10
[12:23:55.972] [Z-BUFFER] REJECTED at (4,4): currentZ=10 < zBuffer=20 char='T'
[12:23:55.973] [Z-BUFFER] REJECTED at (5,4): currentZ=10 < zBuffer=20 char='a'
[12:23:55.973] [Z-BUFFER] REJECTED at (6,4): currentZ=10 < zBuffer=20 char='s'
[12:23:55.974] [Z-BUFFER] REJECTED at (7,4): currentZ=10 < zBuffer=20 char='k'
[12:23:55.975] [Z-BUFFER] REJECTED at (27,4): currentZ=10 < zBuffer=20 char='D'
[12:23:55.975] [Z-BUFFER] REJECTED at (28,4): currentZ=10 < zBuffer=20 char='u'
[12:23:55.976] [Z-BUFFER] REJECTED at (29,4): currentZ=10 < zBuffer=20 char='e'
[12:23:55.977] [Z-BUFFER] REJECTED at (49,4): currentZ=10 < zBuffer=20 char='T'
[12:23:55.977] [Z-BUFFER] REJECTED at (50,4): currentZ=10 < zBuffer=20 char='a'
[12:23:55.977] [Z-BUFFER] REJECTED at (51,4): currentZ=10 < zBuffer=20 char='g'
[12:23:55.977] [Z-BUFFER] REJECTED at (52,4): currentZ=10 < zBuffer=20 char='s'
[2026-01-09 12:23:55.981] [INFO] StandardListScreen.RenderContentToEngine: Rendering InlineEditor at Y=10
[12:23:56.060] [Z-BUFFER] REJECTED at (4,4): currentZ=10 < zBuffer=20 char='T'
[12:23:56.063] [Z-BUFFER] REJECTED at (5,4): currentZ=10 < zBuffer=20 char='a'
[12:23:56.063] [Z-BUFFER] REJECTED at (6,4): currentZ=10 < zBuffer=20 char='s'
[12:23:56.063] [Z-BUFFER] REJECTED at (7,4): currentZ=10 < zBuffer=20 char='k'
[12:23:56.064] [Z-BUFFER] REJECTED at (27,4): currentZ=10 < zBuffer=20 char='D'
[12:23:56.064] [Z-BUFFER] REJECTED at (28,4): currentZ=10 < zBuffer=20 char='u'
[12:23:56.064] [Z-BUFFER] REJECTED at (29,4): currentZ=10 < zBuffer=20 char='e'
[12:23:56.065] [Z-BUFFER] REJECTED at (49,4): currentZ=10 < zBuffer=20 char='T'
[12:23:56.065] [Z-BUFFER] REJECTED at (50,4): currentZ=10 < zBuffer=20 char='a'
[12:23:56.065] [Z-BUFFER] REJECTED at (51,4): currentZ=10 < zBuffer=20 char='g'
[12:23:56.066] [Z-BUFFER] REJECTED at (52,4): currentZ=10 < zBuffer=20 char='s'
[2026-01-09 12:23:56.069] [INFO] StandardListScreen.RenderContentToEngine: Rendering InlineEditor at Y=10
[2026-01-09 12:23:56.501] [INFO] TaskListScreen.OnInlineEditConfirmed called - EditorMode=add
[2026-01-09 12:23:56.502] [INFO] TaskListScreen.OnInlineEditConfirmed: STEP 1 - Disabling editor flags
[2026-01-09 12:23:56.512] [INFO] TaskListScreen.OnInlineEditConfirmed: Set List._showInlineEditor = false
[2026-01-09 12:23:56.513] [INFO] TaskListScreen.OnInlineEditConfirmed: STEP 2 - Calling save (isAddMode=True)
[2026-01-09 12:23:56.526] [INFO] TaskListScreen.OnItemUpdated: item=NULL values=due, tags, project, text
[2026-01-09 12:23:56.532] [INFO] TaskListScreen.OnItemCreated: Called with values: due, tags, project, text
[2026-01-09 12:23:56.675] [INFO] TaskListScreen.OnInlineEditConfirmed: STEP 3 - Save completed, now cleanup
[2026-01-09 12:23:56.679] [INFO] TaskListScreen.OnInlineEditConfirmed: STEP 4 - Invalidated List cache
[2026-01-09 12:23:56.683] [INFO] TaskListScreen.OnInlineEditConfirmed: STEP 5 - Invalidated render region Y=10
[2026-01-09 12:23:56.689] [INFO] TaskListScreen.OnInlineEditConfirmed: STEP 6a - Requesting render from Application
[2026-01-09 12:23:56.691] RequestRender called from:  at line 1189
[2026-01-09 12:23:56.695] [INFO] TaskListScreen.OnInlineEditConfirmed: STEP 6 - Editor cleanup complete
[12:23:56.727] [Z-BUFFER] REJECTED at (4,4): currentZ=10 < zBuffer=20 char='T'
[12:23:56.728] [Z-BUFFER] REJECTED at (5,4): currentZ=10 < zBuffer=20 char='a'
[12:23:56.728] [Z-BUFFER] REJECTED at (6,4): currentZ=10 < zBuffer=20 char='s'
[12:23:56.728] [Z-BUFFER] REJECTED at (7,4): currentZ=10 < zBuffer=20 char='k'
[12:23:56.729] [Z-BUFFER] REJECTED at (27,4): currentZ=10 < zBuffer=20 char='D'
[12:23:56.729] [Z-BUFFER] REJECTED at (28,4): currentZ=10 < zBuffer=20 char='u'
[12:23:56.729] [Z-BUFFER] REJECTED at (29,4): currentZ=10 < zBuffer=20 char='e'
[12:23:56.730] [Z-BUFFER] REJECTED at (49,4): currentZ=10 < zBuffer=20 char='T'
[12:23:56.730] [Z-BUFFER] REJECTED at (50,4): currentZ=10 < zBuffer=20 char='a'
[12:23:56.730] [Z-BUFFER] REJECTED at (51,4): currentZ=10 < zBuffer=20 char='g'
[12:23:56.731] [Z-BUFFER] REJECTED at (52,4): currentZ=10 < zBuffer=20 char='s'
[12:23:58.446] [Z-BUFFER] REJECTED at (4,4): currentZ=10 < zBuffer=20 char='T'
[12:23:58.447] [Z-BUFFER] REJECTED at (5,4): currentZ=10 < zBuffer=20 char='a'
[12:23:58.447] [Z-BUFFER] REJECTED at (6,4): currentZ=10 < zBuffer=20 char='s'
[12:23:58.448] [Z-BUFFER] REJECTED at (7,4): currentZ=10 < zBuffer=20 char='k'
[12:23:58.448] [Z-BUFFER] REJECTED at (27,4): currentZ=10 < zBuffer=20 char='D'
[12:23:58.448] [Z-BUFFER] REJECTED at (28,4): currentZ=10 < zBuffer=20 char='u'
[12:23:58.449] [Z-BUFFER] REJECTED at (29,4): currentZ=10 < zBuffer=20 char='e'
[12:23:58.449] [Z-BUFFER] REJECTED at (49,4): currentZ=10 < zBuffer=20 char='T'
[12:23:58.450] [Z-BUFFER] REJECTED at (50,4): currentZ=10 < zBuffer=20 char='a'
[12:23:58.450] [Z-BUFFER] REJECTED at (51,4): currentZ=10 < zBuffer=20 char='g'
[12:23:58.451] [Z-BUFFER] REJECTED at (52,4): currentZ=10 < zBuffer=20 char='s'
[12:23:58.590] [Z-BUFFER] REJECTED at (4,4): currentZ=10 < zBuffer=20 char='T'
[12:23:58.591] [Z-BUFFER] REJECTED at (5,4): currentZ=10 < zBuffer=20 char='a'
[12:23:58.592] [Z-BUFFER] REJECTED at (6,4): currentZ=10 < zBuffer=20 char='s'
[12:23:58.592] [Z-BUFFER] REJECTED at (7,4): currentZ=10 < zBuffer=20 char='k'
[12:23:58.593] [Z-BUFFER] REJECTED at (27,4): currentZ=10 < zBuffer=20 char='D'
[12:23:58.593] [Z-BUFFER] REJECTED at (28,4): currentZ=10 < zBuffer=20 char='u'
[12:23:58.594] [Z-BUFFER] REJECTED at (29,4): currentZ=10 < zBuffer=20 char='e'
[12:23:58.595] [Z-BUFFER] REJECTED at (49,4): currentZ=10 < zBuffer=20 char='T'
[12:23:58.595] [Z-BUFFER] REJECTED at (50,4): currentZ=10 < zBuffer=20 char='a'
[12:23:58.596] [Z-BUFFER] REJECTED at (51,4): currentZ=10 < zBuffer=20 char='g'
[12:23:58.596] [Z-BUFFER] REJECTED at (52,4): currentZ=10 < zBuffer=20 char='s'
[12:24:03.106] [Z-BUFFER] REJECTED at (4,4): currentZ=10 < zBuffer=20 char='T'
[12:24:03.106] [Z-BUFFER] REJECTED at (5,4): currentZ=10 < zBuffer=20 char='a'
[12:24:03.106] [Z-BUFFER] REJECTED at (6,4): currentZ=10 < zBuffer=20 char='s'
[12:24:03.107] [Z-BUFFER] REJECTED at (7,4): currentZ=10 < zBuffer=20 char='k'
[12:24:03.107] [Z-BUFFER] REJECTED at (27,4): currentZ=10 < zBuffer=20 char='D'
[12:24:03.107] [Z-BUFFER] REJECTED at (28,4): currentZ=10 < zBuffer=20 char='u'
[12:24:03.107] [Z-BUFFER] REJECTED at (29,4): currentZ=10 < zBuffer=20 char='e'
[12:24:03.108] [Z-BUFFER] REJECTED at (49,4): currentZ=10 < zBuffer=200 char='T'
[12:24:03.108] [Z-BUFFER] REJECTED at (50,4): currentZ=10 < zBuffer=200 char='a'
[12:24:03.108] [Z-BUFFER] REJECTED at (51,4): currentZ=10 < zBuffer=200 char='g'
[12:24:03.109] [Z-BUFFER] REJECTED at (52,4): currentZ=10 < zBuffer=200 char='s'
[2026-01-09 12:24:04.338] ServiceContainer: Resolving 'CalendarScreen'...
[2026-01-09 12:24:04.438] ServiceContainer: Resolved 'CalendarScreen' successfully
