[08:15:58.745] [Start-PmcTUI] Debug logging enabled: /home/teej/ztest/data/logs/pmc-tui-20251218-081558.log (Level 2)
[08:16:02.771] [Start-PmcTUI] DEBUG: InvocationName='.' MyCommand='Start-PmcTUI.ps1'
[08:16:34.300] [Start-PmcTUI] Debug logging enabled: /home/teej/ztest/data/logs/pmc-tui-20251218-081634.log (Level 2)
[08:16:39.110] [Start-PmcTUI] DEBUG: InvocationName='.' MyCommand='Start-PmcTUI.ps1'
[08:16:50.061] [Start-PmcTUI] Debug logging enabled: /home/teej/ztest/data/logs/pmc-tui-20251218-081650.log (Level 2)
[08:16:54.035] [Start-PmcTUI] DEBUG: InvocationName='.' MyCommand='Start-PmcTUI.ps1'
[08:17:46.346] [Start-PmcTUI] Debug logging enabled: /home/teej/ztest/data/logs/pmc-tui-20251218-081746.log (Level 2)
[08:17:50.345] [Start-PmcTUI] DEBUG: InvocationName='.' MyCommand='Start-PmcTUI.ps1'
[08:17:50.375] [Start-PmcTUI] Starting PMC TUI (SpeedTUI Architecture)...
[08:19:00.931] [Start-PmcTUI] Debug logging enabled: /home/teej/ztest/data/logs/pmc-tui-20251218-081900.log (Level 2)
[08:19:04.415] [Start-PmcTUI] DEBUG: InvocationName='.' MyCommand='Start-PmcTUI.ps1'
[08:19:04.437] [Start-PmcTUI] Starting PMC TUI (SpeedTUI Architecture)...
[08:19:24.911] [Start-PmcTUI] Log saved to: /home/teej/ztest/data/logs/pmc-tui-20251218-081900.log
[09:48:32.566] [Start-PmcTUI] Debug logging enabled: /home/teej/ztest/data/logs/pmc-tui-20251218-094832.log (Level 2)
[09:48:33.585] [SpeedTUILoader] Failed to load SpeedTUI: At /home/teej/ztest/lib/SpeedTUI/Core/HybridRenderEngine.ps1:158 char:35
+             $this._frontBuffer = [NativeCellBuffer]::new($this.Width, …
+                                   ~~~~~~~~~~~~~~~~
Unable to find type [NativeCellBuffer].

At /home/teej/ztest/lib/SpeedTUI/Core/HybridRenderEngine.ps1:159 char:34
+             $this._backBuffer = [NativeCellBuffer]::new($this.Width,  …
+                                  ~~~~~~~~~~~~~~~~
Unable to find type [NativeCellBuffer].

At /home/teej/ztest/lib/SpeedTUI/Core/HybridRenderEngine.ps1:586 char:36
+         if ($this._backBuffer -is [NativeCellBuffer]) {
+                                    ~~~~~~~~~~~~~~~~
Unable to find type [NativeCellBuffer].
[2025-12-18 09:48:33.588] [ERROR] Failed to load SpeedTUI: At /home/teej/ztest/lib/SpeedTUI/Core/HybridRenderEngine.ps1:158 char:35
+             $this._frontBuffer = [NativeCellBuffer]::new($this.Width, …
+                                   ~~~~~~~~~~~~~~~~
Unable to find type [NativeCellBuffer].

At /home/teej/ztest/lib/SpeedTUI/Core/HybridRenderEngine.ps1:159 char:34
+             $this._backBuffer = [NativeCellBuffer]::new($this.Width,  …
+                                  ~~~~~~~~~~~~~~~~
Unable to find type [NativeCellBuffer].

At /home/teej/ztest/lib/SpeedTUI/Core/HybridRenderEngine.ps1:586 char:36
+         if ($this._backBuffer -is [NativeCellBuffer]) {
+                                    ~~~~~~~~~~~~~~~~
Unable to find type [NativeCellBuffer].
[09:51:20.754] [Start-PmcTUI] Debug logging enabled: /home/teej/ztest/data/logs/pmc-tui-20251218-095120.log (Level 2)
[2025-12-18 09:51:22.553] [ERROR] Failed to load widget base classes: At /home/teej/ztest/module/Pmc.Strict/consoleui/widgets/PmcWidget.ps1:634 char:27
+             $termWidth = [PmcTerminalService]::GetWidth()
+                           ~~~~~~~~~~~~~~~~~~
Unable to find type [PmcTerminalService].
[09:54:42.306] [Start-PmcTUI] Debug logging enabled: /home/teej/ztest/data/logs/pmc-tui-20251218-095442.log (Level 2)
[2025-12-18 09:54:44.914] [ERROR] Failed to load PmcApplication: At /home/teej/ztest/module/Pmc.Strict/consoleui/PmcApplication.ps1:441 char:26
+                     if ([PmcTerminalService]::CheckForResize()) {
+                          ~~~~~~~~~~~~~~~~~~
Unable to find type [PmcTerminalService].

At /home/teej/ztest/module/Pmc.Strict/consoleui/PmcApplication.ps1:442 char:34
+                         $dims = [PmcTerminalService]::GetDimensions()
+                                  ~~~~~~~~~~~~~~~~~~
Unable to find type [PmcTerminalService].

At /home/teej/ztest/module/Pmc.Strict/consoleui/PmcApplication.ps1:646 char:18
+         $dims = [PmcTerminalService]::GetDimensions()
+                  ~~~~~~~~~~~~~~~~~~
Unable to find type [PmcTerminalService].
[09:58:31.672] [Start-PmcTUI] DEBUG: InvocationName='/home/teej/ztest/module/Pmc.Strict/consoleui/Start-PmcTUI.ps1' MyCommand='Start-PmcTUI.ps1'
[09:58:31.688] [Start-PmcTUI] Starting PMC TUI (SpeedTUI Architecture)...
[2025-12-18 09:58:31.867] [ERROR] EXCEPTION: Unable to find type [PmcApplication].
[2025-12-18 09:58:31.869] [ERROR] Stack trace: at <ScriptBlock>, /home/teej/ztest/module/Pmc.Strict/consoleui/Start-PmcTUI.ps1: line 502
at Resolve, /home/teej/ztest/module/Pmc.Strict/consoleui/ServiceContainer.ps1: line 130
at Start-PmcTUI, /home/teej/ztest/module/Pmc.Strict/consoleui/Start-PmcTUI.ps1: line 559
at <ScriptBlock>, /home/teej/ztest/module/Pmc.Strict/consoleui/Start-PmcTUI.ps1: line 639
[2025-12-18 09:58:31.888] [ERROR] Exception details: 
ErrorRecord                 : Unable to find type [PmcApplication].
WasThrownFromThrowStatement : True
TargetSite                  : Void CheckActionPreference(System.Management.Automation.Language.FunctionContext, System.Exception)
Message                     : Unable to find type [PmcApplication].
Data                        : {[System.Management.Automation.Interpreter.InterpretedFrameInfo, System.Management.Automation.Interpreter.InterpretedFrameInfo[]]}
InnerException              : 
HelpLink                    : 
Source                      : System.Management.Automation
HResult                     : -2146233087
StackTrace                  :    at System.Management.Automation.ExceptionHandlingOps.CheckActionPreference(FunctionContext funcContext, Exception exception)
                                 at System.Management.Automation.Interpreter.ActionCallInstruction`2.Run(InterpretedFrame frame)
                                 at System.Management.Automation.Interpreter.EnterTryCatchFinallyInstruction.Run(InterpretedFrame frame)
                                 at System.Management.Automation.Interpreter.EnterTryCatchFinallyInstruction.Run(InterpretedFrame frame)


[09:58:31.889] [Start-PmcTUI] PMC TUI Error: Unable to find type [PmcApplication].
[09:58:31.890] [Start-PmcTUI] Log file: /home/teej/ztest/module/.pmc-data/logs/pmc-tui-20251218-095827.log
[09:58:31.891] [Start-PmcTUI] Stack trace: at <ScriptBlock>, /home/teej/ztest/module/Pmc.Strict/consoleui/Start-PmcTUI.ps1: line 502
at Resolve, /home/teej/ztest/module/Pmc.Strict/consoleui/ServiceContainer.ps1: line 130
at Start-PmcTUI, /home/teej/ztest/module/Pmc.Strict/consoleui/Start-PmcTUI.ps1: line 559
at <ScriptBlock>, /home/teej/ztest/module/Pmc.Strict/consoleui/Start-PmcTUI.ps1: line 639
[09:58:31.893] [Start-PmcTUI] Log saved to: /home/teej/ztest/module/.pmc-data/logs/pmc-tui-20251218-095827.log
[10:00:22.006] [Start-PmcTUI] Debug logging enabled: /home/teej/ztest/data/logs/pmc-tui-20251218-100022.log (Level 2)
[2025-12-18 10:00:23.902] [ERROR] Failed to load widget base classes: At /home/teej/ztest/module/Pmc.Strict/consoleui/widgets/PmcWidget.ps1:634 char:27
+             $termWidth = [PmcTerminalService]::GetWidth()
+                           ~~~~~~~~~~~~~~~~~~
Unable to find type [PmcTerminalService].
[10:02:13.717] [Start-PmcTUI] DEBUG: InvocationName='/home/teej/ztest/module/Pmc.Strict/consoleui/Start-PmcTUI.ps1' MyCommand='Start-PmcTUI.ps1'
[10:02:13.736] [Start-PmcTUI] Starting PMC TUI (SpeedTUI Architecture)...
[2025-12-18 10:02:13.914] [ERROR] EXCEPTION: Unable to find type [PmcApplication].
[2025-12-18 10:02:13.917] [ERROR] Stack trace: at <ScriptBlock>, /home/teej/ztest/module/Pmc.Strict/consoleui/Start-PmcTUI.ps1: line 502
at Resolve, /home/teej/ztest/module/Pmc.Strict/consoleui/ServiceContainer.ps1: line 130
at Start-PmcTUI, /home/teej/ztest/module/Pmc.Strict/consoleui/Start-PmcTUI.ps1: line 559
at <ScriptBlock>, /home/teej/ztest/module/Pmc.Strict/consoleui/Start-PmcTUI.ps1: line 639
[2025-12-18 10:02:13.938] [ERROR] Exception details: 
ErrorRecord                 : Unable to find type [PmcApplication].
WasThrownFromThrowStatement : True
TargetSite                  : Void CheckActionPreference(System.Management.Automation.Language.FunctionContext, System.Exception)
Message                     : Unable to find type [PmcApplication].
Data                        : {[System.Management.Automation.Interpreter.InterpretedFrameInfo, System.Management.Automation.Interpreter.InterpretedFrameInfo[]]}
InnerException              : 
HelpLink                    : 
Source                      : System.Management.Automation
HResult                     : -2146233087
StackTrace                  :    at System.Management.Automation.ExceptionHandlingOps.CheckActionPreference(FunctionContext funcContext, Exception exception)
                                 at System.Management.Automation.Interpreter.ActionCallInstruction`2.Run(InterpretedFrame frame)
                                 at System.Management.Automation.Interpreter.EnterTryCatchFinallyInstruction.Run(InterpretedFrame frame)
                                 at System.Management.Automation.Interpreter.EnterTryCatchFinallyInstruction.Run(InterpretedFrame frame)


[10:02:13.940] [Start-PmcTUI] PMC TUI Error: Unable to find type [PmcApplication].
[10:02:13.941] [Start-PmcTUI] Log file: /home/teej/ztest/module/.pmc-data/logs/pmc-tui-20251218-100210.log
[10:02:13.948] [Start-PmcTUI] Stack trace: at <ScriptBlock>, /home/teej/ztest/module/Pmc.Strict/consoleui/Start-PmcTUI.ps1: line 502
at Resolve, /home/teej/ztest/module/Pmc.Strict/consoleui/ServiceContainer.ps1: line 130
at Start-PmcTUI, /home/teej/ztest/module/Pmc.Strict/consoleui/Start-PmcTUI.ps1: line 559
at <ScriptBlock>, /home/teej/ztest/module/Pmc.Strict/consoleui/Start-PmcTUI.ps1: line 639
[10:02:13.950] [Start-PmcTUI] Log saved to: /home/teej/ztest/module/.pmc-data/logs/pmc-tui-20251218-100210.log
[10:04:32.628] [Start-PmcTUI] Debug logging enabled: /home/teej/ztest/module/.pmc-data/logs/pmc-tui-20251218-100432.log (Level 2)
[2025-12-18 10:04:35.744] [ERROR] Failed to load PmcApplication: At /home/teej/ztest/module/Pmc.Strict/consoleui/PmcApplication.ps1:441 char:26
+                     if ([PmcTerminalService]::CheckForResize()) {
+                          ~~~~~~~~~~~~~~~~~~
Unable to find type [PmcTerminalService].

At /home/teej/ztest/module/Pmc.Strict/consoleui/PmcApplication.ps1:442 char:34
+                         $dims = [PmcTerminalService]::GetDimensions()
+                                  ~~~~~~~~~~~~~~~~~~
Unable to find type [PmcTerminalService].

At /home/teej/ztest/module/Pmc.Strict/consoleui/PmcApplication.ps1:646 char:18
+         $dims = [PmcTerminalService]::GetDimensions()
+                  ~~~~~~~~~~~~~~~~~~
Unable to find type [PmcTerminalService].
[10:05:20.541] [Start-PmcTUI] Debug logging enabled: /home/teej/ztest/module/.pmc-data/logs/pmc-tui-20251218-100520.log (Level 2)
[10:05:24.582] [Start-PmcTUI] DEBUG: InvocationName='/home/teej/ztest/module/Pmc.Strict/consoleui/Start-PmcTUI.ps1' MyCommand='Start-PmcTUI.ps1'
[10:05:24.595] [Start-PmcTUI] Starting PMC TUI (SpeedTUI Architecture)...
[10:05:38.942] [Start-PmcTUI] Debug logging enabled: /home/teej/ztest/module/.pmc-data/logs/pmc-tui-20251218-100538.log (Level 2)
[10:07:09.594] [Start-PmcTUI] Debug logging enabled: /home/teej/ztest/module/.pmc-data/logs/pmc-tui-20251218-100709.log (Level 2)
[10:07:13.118] [Start-PmcTUI] DEBUG: InvocationName='/home/teej/ztest/module/Pmc.Strict/consoleui/Start-PmcTUI.ps1' MyCommand='Start-PmcTUI.ps1'
[10:07:13.133] [Start-PmcTUI] Starting PMC TUI (SpeedTUI Architecture)...
[2025-12-18 10:07:14.902] [ERROR] EXCEPTION: The property 'Width' cannot be found on this object. Verify that the property exists.
[2025-12-18 10:07:14.905] [ERROR] Stack trace: at Run, /home/teej/ztest/module/Pmc.Strict/consoleui/PmcApplication.ps1: line 441
at Start-PmcTUI, /home/teej/ztest/module/Pmc.Strict/consoleui/Start-PmcTUI.ps1: line 614
at <ScriptBlock>, /home/teej/ztest/module/Pmc.Strict/consoleui/Start-PmcTUI.ps1: line 639
[2025-12-18 10:07:14.946] [ERROR] Exception details: 
ErrorRecord                 : The property 'Width' cannot be found on this object. Verify that the property exists.
WasThrownFromThrowStatement : False
TargetSite                  : Void CheckActionPreference(System.Management.Automation.Language.FunctionContext, System.Exception)
Message                     : The property 'Width' cannot be found on this object. Verify that the property exists.
Data                        : {[System.Management.Automation.Interpreter.InterpretedFrameInfo, System.Management.Automation.Interpreter.InterpretedFrameInfo[]]}
InnerException              : 
HelpLink                    : 
Source                      : System.Management.Automation
HResult                     : -2146233087
StackTrace                  :    at System.Management.Automation.ExceptionHandlingOps.CheckActionPreference(FunctionContext funcContext, Exception exception)
                                 at System.Management.Automation.Interpreter.ActionCallInstruction`2.Run(InterpretedFrame frame)
                                 at System.Management.Automation.Interpreter.EnterTryCatchFinallyInstruction.Run(InterpretedFrame frame)
                                 at System.Management.Automation.Interpreter.EnterTryCatchFinallyInstruction.Run(InterpretedFrame frame)


[10:07:14.948] [Start-PmcTUI] PMC TUI Error: The property 'Width' cannot be found on this object. Verify that the property exists.
[10:07:14.950] [Start-PmcTUI] Log file: /home/teej/ztest/module/.pmc-data/logs/pmc-tui-20251218-100709.log
[10:07:14.951] [Start-PmcTUI] Stack trace: at Run, /home/teej/ztest/module/Pmc.Strict/consoleui/PmcApplication.ps1: line 441
at Start-PmcTUI, /home/teej/ztest/module/Pmc.Strict/consoleui/Start-PmcTUI.ps1: line 614
at <ScriptBlock>, /home/teej/ztest/module/Pmc.Strict/consoleui/Start-PmcTUI.ps1: line 639
[10:07:14.955] [Start-PmcTUI] Log saved to: /home/teej/ztest/module/.pmc-data/logs/pmc-tui-20251218-100709.log
[10:08:10.832] [Start-PmcTUI] Debug logging enabled: /home/teej/ztest/module/.pmc-data/logs/pmc-tui-20251218-100810.log (Level 2)
[10:08:13.971] [Start-PmcTUI] DEBUG: InvocationName='/home/teej/ztest/module/Pmc.Strict/consoleui/Start-PmcTUI.ps1' MyCommand='Start-PmcTUI.ps1'
[10:08:13.991] [Start-PmcTUI] Starting PMC TUI (SpeedTUI Architecture)...
[10:08:42.398] [Start-PmcTUI] Log saved to: /home/teej/ztest/module/.pmc-data/logs/pmc-tui-20251218-100810.log
[10:09:59.570] [Start-PmcTUI] Debug logging enabled: /home/teej/ztest/data/logs/pmc-tui-20251218-100959.log (Level 2)
[10:10:02.234] [Start-PmcTUI] DEBUG: InvocationName='.' MyCommand='Start-PmcTUI.ps1'
[10:10:02.247] [Start-PmcTUI] Starting PMC TUI (SpeedTUI Architecture)...
[10:10:26.969] [Start-PmcTUI] Log saved to: /home/teej/ztest/data/logs/pmc-tui-20251218-100959.log
[10:19:28.655] [Start-PmcTUI] Debug logging enabled: /home/teej/ztest/data/logs/pmc-tui-20251218-101928.log (Level 2)
[10:19:31.248] [Start-PmcTUI] DEBUG: InvocationName='.' MyCommand='Start-PmcTUI.ps1'
[10:19:31.259] [Start-PmcTUI] Starting PMC TUI (SpeedTUI Architecture)...
[10:20:54.845] [Start-PmcTUI] Log saved to: /home/teej/ztest/data/logs/pmc-tui-20251218-101928.log
[10:32:36.121] [Start-PmcTUI] Debug logging enabled: /home/teej/ztest/data/logs/pmc-tui-20251218-103236.log (Level 2)
[10:32:38.926] [Start-PmcTUI] DEBUG: InvocationName='.' MyCommand='Start-PmcTUI.ps1'
[10:32:38.941] [Start-PmcTUI] Starting PMC TUI (SpeedTUI Architecture)...
[10:33:00.834] [Start-PmcTUI] Log saved to: /home/teej/ztest/data/logs/pmc-tui-20251218-103236.log
[10:44:49.661] [Start-PmcTUI] Debug logging enabled: /home/teej/ztest/data/logs/pmc-tui-20251218-104449.log (Level 2)
[10:44:52.173] [Start-PmcTUI] DEBUG: InvocationName='.' MyCommand='Start-PmcTUI.ps1'
[10:44:52.187] [Start-PmcTUI] Starting PMC TUI (SpeedTUI Architecture)...
[11:08:44.972] [Start-PmcTUI] Log saved to: /home/teej/ztest/data/logs/pmc-tui-20251218-104449.log
[11:08:47.176] [Start-PmcTUI] Debug logging enabled: /home/teej/ztest/data/logs/pmc-tui-20251218-110847.log (Level 2)
[11:08:49.659] [Start-PmcTUI] DEBUG: InvocationName='.' MyCommand='Start-PmcTUI.ps1'
[11:08:49.671] [Start-PmcTUI] Starting PMC TUI (SpeedTUI Architecture)...
[11:09:14.825] [Start-PmcTUI] Log saved to: /home/teej/ztest/data/logs/pmc-tui-20251218-110847.log
[13:55:04.372] [Start-PmcTUI] Debug logging enabled: /home/teej/ztest/data/logs/pmc-tui-20251218-135504.log (Level 2)
[2025-12-18 13:55:07.331] [ERROR] Failed to load core dependencies: At /home/teej/ztest/module/Pmc.Strict/consoleui/src/PmcThemeEngine.ps1:57 char:1
+ using namespace System.Collections.Generic
+ ~~~~~~~~~~~~~~~~~~~~~~~~~~~~~~~~~~~~~~~~~~
A 'using' statement must appear before any other statements in a script.

At /home/teej/ztest/module/Pmc.Strict/consoleui/src/PmcThemeEngine.ps1:43 char:43
+     static [PmcThemeEngine] GetInstance() {
+                                           ~
Missing closing '}' in statement block or type definition.

At /home/teej/ztest/module/Pmc.Strict/consoleui/src/PmcThemeEngine.ps1:25 char:23
+ class PmcThemeEngine {
+                       ~
Missing closing '}' in statement block or type definition.
[14:02:55.953] [Start-PmcTUI] Debug logging enabled: /home/teej/ztest/module/.pmc-data/logs/pmc-tui-20251218-140255.log (Level 2)
[2025-12-18 14:03:00.705] [ERROR] Failed to load widgets: At /home/teej/ztest/module/Pmc.Strict/consoleui/widgets/InlineEditor.ps1:1875 char:36
+     hidden [void] _MoveToNextField() {
+                                    ~
An expression was expected after '('.

At /home/teej/ztest/module/Pmc.Strict/consoleui/widgets/InlineEditor.ps1:1890 char:40
+     hidden [void] _MoveToPreviousField() {
+                                        ~
An expression was expected after '('.

At /home/teej/ztest/module/Pmc.Strict/consoleui/widgets/InlineEditor.ps1:1905 char:39
+     hidden [void] _ExpandCurrentField() {
+                                       ~
An expression was expected after '('.

At /home/teej/ztest/module/Pmc.Strict/consoleui/widgets/InlineEditor.ps1:2032 char:38
+     hidden [bool] _ValidateAllFields() {
+                                      ~
An expression was expected after '('.

At /home/teej/ztest/module/Pmc.Strict/consoleui/widgets/InlineEditor.ps1:1787 char:57
+             if ($widget.GetType().Name -eq 'TextInput') {
+                                                         ~
Missing closing '}' in statement block or type definition.

At /home/teej/ztest/module/Pmc.Strict/consoleui/widgets/InlineEditor.ps1:1783 char:58
+         if ($this._fieldWidgets.ContainsKey($fieldName)) {
+                                                          ~
Missing closing '}' in statement block or type definition.

At /home/teej/ztest/module/Pmc.Strict/consoleui/widgets/InlineEditor.ps1:1770 char:70
+ …    hidden [void] _SetFieldValue([string]$fieldName, [object]$value) {
+                                                                       ~
Missing closing '}' in statement block or type definition.

At /home/teej/ztest/module/Pmc.Strict/consoleui/widgets/InlineEditor.ps1:80 char:33
+ class InlineEditor : PmcWidget {
+                                 ~
Missing closing '}' in statement block or type definition.

At /home/teej/ztest/module/Pmc.Strict/consoleui/widgets/InlineEditor.ps1:2161 char:48
+     hidden [void] _InvokeCallback([scriptblock]$callback, $arg) {
+                                                ~~~~~~~~~
Variable is not assigned in the method.

At /home/teej/ztest/module/Pmc.Strict/consoleui/widgets/InlineEditor.ps1:2161 char:59
+     hidden [void] _InvokeCallback([scriptblock]$callback, $arg) {
+                                                           ~~~~
Variable is not assigned in the method.
[14:04:21.190] [Start-PmcTUI] Debug logging enabled: /home/teej/ztest/module/.pmc-data/logs/pmc-tui-20251218-140421.log (Level 2)
[14:04:26.308] [Start-PmcTUI] DEBUG: InvocationName='/home/teej/ztest/module/Pmc.Strict/consoleui/Start-PmcTUI.ps1' MyCommand='Start-PmcTUI.ps1'
[14:04:26.330] [Start-PmcTUI] Starting PMC TUI (SpeedTUI Architecture)...
[14:04:40.960] [Start-PmcTUI] Log saved to: /home/teej/ztest/module/.pmc-data/logs/pmc-tui-20251218-140421.log
[14:08:53.444] [Start-PmcTUI] Debug logging enabled: /home/teej/ztest/data/logs/pmc-tui-20251218-140853.log (Level 2)
[14:08:57.518] [Start-PmcTUI] DEBUG: InvocationName='.' MyCommand='Start-PmcTUI.ps1'
[14:08:57.537] [Start-PmcTUI] Starting PMC TUI (SpeedTUI Architecture)...
[14:09:21.556] [Start-PmcTUI] Log saved to: /home/teej/ztest/data/logs/pmc-tui-20251218-140853.log
[14:24:28.709] [Start-PmcTUI] Debug logging enabled: /home/teej/ztest/data/logs/pmc-tui-20251218-142428.log (Level 2)
[14:24:31.126] [Start-PmcTUI] DEBUG: InvocationName='.' MyCommand='Start-PmcTUI.ps1'
[14:24:31.155] [Start-PmcTUI] Starting PMC TUI (SpeedTUI Architecture)...
[14:24:45.662] [Start-PmcTUI] Log saved to: /home/teej/ztest/data/logs/pmc-tui-20251218-142428.log
[14:34:10.419] [Start-PmcTUI] Debug logging enabled: /home/teej/ztest/data/logs/pmc-tui-20251218-143410.log (Level 2)
[14:34:12.930] [Start-PmcTUI] DEBUG: InvocationName='.' MyCommand='Start-PmcTUI.ps1'
[14:34:12.964] [Start-PmcTUI] Starting PMC TUI (SpeedTUI Architecture)...
[14:34:52.112] [Start-PmcTUI] Log saved to: /home/teej/ztest/data/logs/pmc-tui-20251218-143410.log
[14:47:39.097] [Start-PmcTUI] Debug logging enabled: /home/teej/ztest/data/logs/pmc-tui-20251218-144739.log (Level 2)
[14:47:41.689] [Start-PmcTUI] DEBUG: InvocationName='.' MyCommand='Start-PmcTUI.ps1'
[14:47:41.722] [Start-PmcTUI] Starting PMC TUI (SpeedTUI Architecture)...
[14:47:54.421] [Start-PmcTUI] Log saved to: /home/teej/ztest/data/logs/pmc-tui-20251218-144739.log
[15:06:17.929] [Start-PmcTUI] Debug logging enabled: /home/teej/ztest/data/logs/pmc-tui-20251218-150617.log (Level 2)
[15:06:20.550] [Start-PmcTUI] DEBUG: InvocationName='.' MyCommand='Start-PmcTUI.ps1'
[15:06:20.565] [Start-PmcTUI] Starting PMC TUI (SpeedTUI Architecture)...
[15:06:36.723] [Start-PmcTUI] Log saved to: /home/teej/ztest/data/logs/pmc-tui-20251218-150617.log
[16:38:45.359] [Start-PmcTUI] Debug logging enabled: /home/teej/ztest/data/logs/pmc-tui-20251218-163845.log (Level 2)
[16:38:48.107] [Start-PmcTUI] DEBUG: InvocationName='.' MyCommand='Start-PmcTUI.ps1'
[16:38:48.126] [Start-PmcTUI] Starting PMC TUI (SpeedTUI Architecture)...
[16:42:26.678] [Start-PmcTUI] Log saved to: /home/teej/ztest/data/logs/pmc-tui-20251218-163845.log
[16:42:29.446] [Start-PmcTUI] Debug logging enabled: /home/teej/ztest/data/logs/pmc-tui-20251218-164229.log (Level 2)
[16:42:32.254] [Start-PmcTUI] DEBUG: InvocationName='.' MyCommand='Start-PmcTUI.ps1'
[16:42:32.265] [Start-PmcTUI] Starting PMC TUI (SpeedTUI Architecture)...
[16:42:51.259] [Start-PmcTUI] Log saved to: /home/teej/ztest/data/logs/pmc-tui-20251218-164229.log
[17:13:16.555] [Start-PmcTUI] Debug logging enabled: /home/teej/ztest/data/logs/pmc-tui-20251218-171316.log (Level 2)
[17:13:21.026] [Start-PmcTUI] DEBUG: InvocationName='.' MyCommand='Start-PmcTUI.ps1'
[17:13:21.048] [Start-PmcTUI] Starting PMC TUI (SpeedTUI Architecture)...
[17:13:35.574] [Start-PmcTUI] Log saved to: /home/teej/ztest/data/logs/pmc-tui-20251218-171316.log
[17:43:44.833] [Start-PmcTUI] Debug logging enabled: /home/teej/ztest/data/logs/pmc-tui-20251218-174344.log (Level 2)
[17:43:49.064] [Start-PmcTUI] DEBUG: InvocationName='.' MyCommand='Start-PmcTUI.ps1'
[17:43:49.084] [Start-PmcTUI] Starting PMC TUI (SpeedTUI Architecture)...
[17:43:57.922] [Start-PmcTUI] Log saved to: /home/teej/ztest/data/logs/pmc-tui-20251218-174344.log
[17:55:18.572] [Start-PmcTUI] Debug logging enabled: /home/teej/ztest/data/logs/pmc-tui-20251218-175518.log (Level 2)
[17:55:23.639] [Start-PmcTUI] DEBUG: InvocationName='.' MyCommand='Start-PmcTUI.ps1'
[17:55:23.661] [Start-PmcTUI] Starting PMC TUI (SpeedTUI Architecture)...
[17:56:51.476] [Start-PmcTUI] Debug logging enabled: /home/teej/ztest/data/logs/pmc-tui-20251218-175651.log (Level 2)
[17:56:55.621] [Start-PmcTUI] DEBUG: InvocationName='.' MyCommand='Start-PmcTUI.ps1'
[17:56:55.646] [Start-PmcTUI] Starting PMC TUI (SpeedTUI Architecture)...
[18:27:41.092] [Start-PmcTUI] Debug logging enabled: /home/teej/ztest/module/.pmc-data/logs/pmc-tui-20251218-182741.log (Level 2)
[18:27:44.887] [Start-PmcTUI] DEBUG: InvocationName='.' MyCommand='Start-PmcTUI.ps1'
[18:31:41.043] [Start-PmcTUI] Debug logging enabled: /home/teej/ztest/module/.pmc-data/logs/pmc-tui-20251218-183141.log (Level 2)
[18:31:45.038] [Start-PmcTUI] DEBUG: InvocationName='.' MyCommand='Start-PmcTUI.ps1'
[18:34:42.582] [Start-PmcTUI] Debug logging enabled: /home/teej/ztest/module/.pmc-data/logs/pmc-tui-20251218-183442.log (Level 2)
[18:34:46.565] [Start-PmcTUI] DEBUG: InvocationName='.' MyCommand='Start-PmcTUI.ps1'
[18:55:49.442] [Start-PmcTUI] Debug logging enabled: /home/teej/ztest/data/logs/pmc-tui-20251218-185549.log (Level 2)
[18:55:53.083] [Start-PmcTUI] DEBUG: InvocationName='.' MyCommand='Start-PmcTUI.ps1'
[18:55:53.104] [Start-PmcTUI] Starting PMC TUI (SpeedTUI Architecture)...
[18:56:09.297] [Start-PmcTUI] Log saved to: /home/teej/ztest/data/logs/pmc-tui-20251218-185549.log
[19:20:01.621] [Start-PmcTUI] Debug logging enabled: /home/teej/ztest/data/logs/pmc-tui-20251218-192001.log (Level 2)
[19:20:05.567] [Start-PmcTUI] DEBUG: InvocationName='.' MyCommand='Start-PmcTUI.ps1'
[19:20:05.602] [Start-PmcTUI] Starting PMC TUI (SpeedTUI Architecture)...
[19:20:23.100] [Start-PmcTUI] Log saved to: /home/teej/ztest/data/logs/pmc-tui-20251218-192001.log
[07:31:40.870] [Start-PmcTUI] Debug logging enabled: /home/teej/ztest/data/logs/pmc-tui-20251219-073140.log (Level 2)
[07:31:43.399] [Start-PmcTUI] DEBUG: InvocationName='.' MyCommand='Start-PmcTUI.ps1'
[07:31:43.413] [Start-PmcTUI] Starting PMC TUI (SpeedTUI Architecture)...
[07:33:07.490] [Start-PmcTUI] Debug logging enabled: /home/teej/ztest/data/logs/pmc-tui-20251219-073307.log (Level 2)
[07:33:10.047] [Start-PmcTUI] DEBUG: InvocationName='.' MyCommand='Start-PmcTUI.ps1'
[07:33:10.061] [Start-PmcTUI] Starting PMC TUI (SpeedTUI Architecture)...
[07:42:30.420] [Start-PmcTUI] Log saved to: /home/teej/ztest/data/logs/pmc-tui-20251219-073307.log
[07:43:53.071] [Start-PmcTUI] Debug logging enabled: /home/teej/ztest/data/logs/pmc-tui-20251219-074353.log (Level 2)
[07:43:55.971] [Start-PmcTUI] DEBUG: InvocationName='.' MyCommand='Start-PmcTUI.ps1'
[07:43:55.990] [Start-PmcTUI] Starting PMC TUI (SpeedTUI Architecture)...
[07:44:49.338] [Start-PmcTUI] Debug logging enabled: /home/teej/ztest/data/logs/pmc-tui-20251219-074449.log (Level 2)
[07:44:51.799] [Start-PmcTUI] DEBUG: InvocationName='.' MyCommand='Start-PmcTUI.ps1'
[07:44:51.815] [Start-PmcTUI] Starting PMC TUI (SpeedTUI Architecture)...
[08:18:53.782] [Start-PmcTUI] Debug logging enabled: /home/teej/ztest/data/logs/pmc-tui-20251219-081853.log (Level 2)
[08:18:56.672] [Start-PmcTUI] DEBUG: InvocationName='.' MyCommand='Start-PmcTUI.ps1'
[08:18:56.685] [Start-PmcTUI] Starting PMC TUI (SpeedTUI Architecture)...
[08:20:16.787] [Start-PmcTUI] Debug logging enabled: /home/teej/ztest/data/logs/pmc-tui-20251219-082016.log (Level 2)
[08:20:19.561] [Start-PmcTUI] DEBUG: InvocationName='.' MyCommand='Start-PmcTUI.ps1'
[08:20:19.574] [Start-PmcTUI] Starting PMC TUI (SpeedTUI Architecture)...
[08:32:33.273] [Start-PmcTUI] Debug logging enabled: /home/teej/ztest/data/logs/pmc-tui-20251219-083233.log (Level 2)
[08:32:35.613] [Start-PmcTUI] DEBUG: InvocationName='.' MyCommand='Start-PmcTUI.ps1'
[08:32:35.627] [Start-PmcTUI] Starting PMC TUI (SpeedTUI Architecture)...
[08:33:14.492] [Start-PmcTUI] Log saved to: /home/teej/ztest/data/logs/pmc-tui-20251219-083233.log
