--- Log Started: 01/23/2026 11:00:37 (Level: 1) ---
11:00:43.833 [INFO] _HandleInput ENTRY: key=N
11:00:43.839 [INFO] TuiApp: PAST KANBAN CHECK, about to check WeeklyReport. CurrentView=Dashboard
11:00:43.839 [INFO] TuiApp: CurrentView=Dashboard checking WeeklyReport
11:00:45.483 [INFO] _HandleInput ENTRY: key=I
11:00:45.784 [INFO] _HandleInput ENTRY: key=N
11:00:46.073 [INFO] _HandleInput ENTRY: key=B
11:00:46.616 [INFO] _HandleInput ENTRY: key=O
11:00:46.885 [INFO] _HandleInput ENTRY: key=X
11:00:47.916 [INFO] _HandleInput ENTRY: key=Enter
11:00:49.647 [INFO] _HandleInput ENTRY: key=Tab
11:00:49.647 [INFO] TuiApp: PAST KANBAN CHECK, about to check WeeklyReport. CurrentView=Dashboard
11:00:49.648 [INFO] TuiApp: CurrentView=Dashboard checking WeeklyReport
11:00:52.533 [INFO] _HandleInput ENTRY: key=N
11:00:52.534 [INFO] TuiApp: PAST KANBAN CHECK, about to check WeeklyReport. CurrentView=Dashboard
11:00:52.535 [INFO] TuiApp: CurrentView=Dashboard checking WeeklyReport
11:00:54.115 [INFO] _HandleInput ENTRY: key=T
11:00:54.628 [INFO] _HandleInput ENTRY: key=E
11:00:54.891 [INFO] _HandleInput ENTRY: key=S
11:00:55.155 [INFO] _HandleInput ENTRY: key=T
11:00:57.548 [INFO] _HandleInput ENTRY: key=Tab
11:09:11.779 [INFO] _HandleInput ENTRY: key=DownArrow
11:09:19.275 [INFO] _HandleInput ENTRY: key=DownArrow
11:09:20.040 [INFO] _HandleInput ENTRY: key=Enter
11:09:22.198 [INFO] _HandleInput ENTRY: key=Tab
11:09:25.169 [INFO] _HandleInput ENTRY: key=Tab
11:09:25.625 [INFO] _HandleInput ENTRY: key=Tab
11:09:25.855 [INFO] _HandleInput ENTRY: key=Tab
11:09:26.332 [INFO] _HandleInput ENTRY: key=Tab
11:09:28.243 [INFO] _HandleInput ENTRY: key=Tab
11:09:31.046 [INFO] _HandleInput ENTRY: key=Enter
11:09:32.463 [INFO] _HandleInput ENTRY: key=Enter
11:11:31.871 [INFO] _HandleInput ENTRY: key=D
11:11:31.873 [INFO] TuiApp: PAST KANBAN CHECK, about to check WeeklyReport. CurrentView=Dashboard
11:11:31.874 [INFO] TuiApp: CurrentView=Dashboard checking WeeklyReport
11:11:36.144 [INFO] _HandleInput ENTRY: key=RightArrow
11:11:36.145 [INFO] Kanban: Received key RightArrow
11:11:37.990 [INFO] _HandleInput ENTRY: key=LeftArrow
11:11:37.991 [INFO] Kanban: Received key LeftArrow
11:11:39.082 [INFO] _HandleInput ENTRY: key=RightArrow
11:11:39.083 [INFO] Kanban: Received key RightArrow
11:11:39.402 [INFO] _HandleInput ENTRY: key=LeftArrow
11:11:39.403 [INFO] Kanban: Received key LeftArrow
11:11:40.921 [INFO] _HandleInput ENTRY: key=LeftArrow
11:11:40.922 [INFO] Kanban: Received key LeftArrow
11:12:04.143 [INFO] _HandleInput ENTRY: key=Escape
11:12:04.144 [INFO] Kanban: Received key Escape
11:12:14.881 [INFO] _HandleInput ENTRY: key=Tab
11:12:14.884 [INFO] TuiApp: PAST KANBAN CHECK, about to check WeeklyReport. CurrentView=Dashboard
11:12:14.885 [INFO] TuiApp: CurrentView=Dashboard checking WeeklyReport
11:12:15.928 [INFO] _HandleInput ENTRY: key=Enter
11:12:15.929 [INFO] TuiApp: PAST KANBAN CHECK, about to check WeeklyReport. CurrentView=Dashboard
11:12:15.930 [INFO] TuiApp: CurrentView=Dashboard checking WeeklyReport
11:13:46.892 [INFO] _HandleInput ENTRY: key=L
11:13:48.906 [INFO] _HandleInput ENTRY: key=N
11:13:53.484 [INFO] _HandleInput ENTRY: key=Enter
11:13:54.477 [INFO] _HandleInput ENTRY: key=Enter
11:13:56.678 [INFO] _HandleInput ENTRY: key=Tab
11:13:56.869 [INFO] _HandleInput ENTRY: key=Tab
11:13:57.566 [INFO] _HandleInput ENTRY: key=Tab
11:13:57.820 [INFO] _HandleInput ENTRY: key=UpArrow
11:13:58.653 [INFO] _HandleInput ENTRY: key=UpArrow
11:13:58.981 [INFO] _HandleInput ENTRY: key=UpArrow
11:13:59.149 [INFO] _HandleInput ENTRY: key=UpArrow
11:13:59.326 [INFO] _HandleInput ENTRY: key=UpArrow
11:13:59.489 [INFO] _HandleInput ENTRY: key=UpArrow
11:13:59.657 [INFO] _HandleInput ENTRY: key=UpArrow
11:13:59.993 [INFO] _HandleInput ENTRY: key=DownArrow
11:14:00.164 [INFO] _HandleInput ENTRY: key=DownArrow
11:14:00.499 [INFO] _HandleInput ENTRY: key=UpArrow
11:14:00.668 [INFO] _HandleInput ENTRY: key=UpArrow
11:14:00.838 [INFO] _HandleInput ENTRY: key=UpArrow
11:14:01.006 [INFO] _HandleInput ENTRY: key=UpArrow
11:14:01.175 [INFO] _HandleInput ENTRY: key=UpArrow
11:15:10.488 [INFO] _HandleInput ENTRY: key=Enter
11:16:32.023 [INFO] _HandleInput ENTRY: key=Escape
11:16:36.380 [INFO] _HandleInput ENTRY: key=H
11:16:41.050 [INFO] _HandleInput ENTRY: key=N
11:16:53.345 [INFO] _HandleInput ENTRY: key=E
11:18:36.921 [INFO] _HandleInput ENTRY: key=Escape
11:18:39.780 [INFO] _HandleInput ENTRY: key=None
11:18:41.419 [INFO] _HandleInput ENTRY: key=DownArrow
11:18:41.915 [INFO] _HandleInput ENTRY: key=DownArrow
11:18:44.408 [INFO] _HandleInput ENTRY: key=Enter
11:18:46.162 [INFO] _HandleInput ENTRY: key=N
11:19:18.124 [INFO] _HandleInput ENTRY: key=Escape
11:19:19.130 [INFO] _HandleInput ENTRY: key=None
11:19:20.777 [INFO] _HandleInput ENTRY: key=DownArrow
11:19:20.906 [INFO] _HandleInput ENTRY: key=DownArrow
11:19:21.174 [INFO] _HandleInput ENTRY: key=DownArrow
11:19:21.312 [INFO] _HandleInput ENTRY: key=DownArrow
11:19:21.709 [INFO] _HandleInput ENTRY: key=DownArrow
11:19:22.100 [INFO] _HandleInput ENTRY: key=DownArrow
11:19:25.404 [INFO] _HandleInput ENTRY: key=DownArrow
11:19:25.909 [INFO] _HandleInput ENTRY: key=DownArrow
11:19:26.290 [INFO] _HandleInput ENTRY: key=DownArrow
11:19:28.048 [INFO] _HandleInput ENTRY: key=DownArrow
11:19:28.714 [INFO] _HandleInput ENTRY: key=DownArrow
11:19:29.796 [INFO] _HandleInput ENTRY: key=DownArrow
11:19:30.184 [INFO] _HandleInput ENTRY: key=DownArrow
11:19:31.085 [INFO] _HandleInput ENTRY: key=DownArrow
11:19:32.157 [INFO] _HandleInput ENTRY: key=DownArrow
11:19:32.670 [INFO] _HandleInput ENTRY: key=DownArrow
11:19:33.526 [INFO] _HandleInput ENTRY: key=DownArrow
11:19:38.611 [INFO] _HandleInput ENTRY: key=DownArrow
11:19:39.979 [INFO] _HandleInput ENTRY: key=DownArrow
11:19:40.715 [INFO] _HandleInput ENTRY: key=DownArrow
11:19:41.317 [INFO] _HandleInput ENTRY: key=DownArrow
11:19:45.937 [INFO] _HandleInput ENTRY: key=DownArrow
11:19:48.780 [INFO] _HandleInput ENTRY: key=DownArrow
11:19:49.575 [INFO] _HandleInput ENTRY: key=DownArrow
11:19:50.903 [INFO] _HandleInput ENTRY: key=DownArrow
11:19:51.264 [INFO] _HandleInput ENTRY: key=DownArrow
11:19:52.135 [INFO] _HandleInput ENTRY: key=DownArrow
11:19:54.253 [INFO] _HandleInput ENTRY: key=DownArrow
11:19:54.731 [INFO] _HandleInput ENTRY: key=DownArrow
11:19:55.298 [INFO] _HandleInput ENTRY: key=DownArrow
11:19:56.085 [INFO] _HandleInput ENTRY: key=DownArrow
11:19:57.958 [INFO] _HandleInput ENTRY: key=DownArrow
11:19:59.276 [INFO] _HandleInput ENTRY: key=DownArrow
11:19:59.779 [INFO] _HandleInput ENTRY: key=DownArrow
11:20:01.086 [INFO] _HandleInput ENTRY: key=UpArrow
11:20:01.383 [INFO] _HandleInput ENTRY: key=UpArrow
11:20:01.536 [INFO] _HandleInput ENTRY: key=UpArrow
11:20:01.664 [INFO] _HandleInput ENTRY: key=UpArrow
11:20:01.788 [INFO] _HandleInput ENTRY: key=UpArrow
11:20:01.913 [INFO] _HandleInput ENTRY: key=UpArrow
11:20:02.163 [INFO] _HandleInput ENTRY: key=UpArrow
11:20:02.287 [INFO] _HandleInput ENTRY: key=UpArrow
11:20:02.648 [INFO] _HandleInput ENTRY: key=RightArrow
11:22:17.331 [INFO] _HandleInput ENTRY: key=Q
11:22:18.585 [INFO] _HandleInput ENTRY: key=Escape
11:22:19.548 [INFO] _HandleInput ENTRY: key=Escape
11:22:19.549 [INFO] TuiApp: PAST KANBAN CHECK, about to check WeeklyReport. CurrentView=Dashboard
11:22:19.550 [INFO] TuiApp: CurrentView=Dashboard checking WeeklyReport
11:22:20.688 [INFO] _HandleInput ENTRY: key=Q
11:22:20.689 [INFO] TuiApp: PAST KANBAN CHECK, about to check WeeklyReport. CurrentView=Dashboard
11:22:20.689 [INFO] TuiApp: CurrentView=Dashboard checking WeeklyReport
