[2025-12-16 12:25:11.699] [INFO] Loading PMC module...
[2025-12-16 12:25:12.488] [INFO] PMC module loaded
[2025-12-16 12:25:12.490] [INFO] Loading dependencies (FieldSchemas, etc.)...
[2025-12-16 12:25:12.567] [INFO] Dependencies loaded
[2025-12-16 12:25:12.567] [INFO] Loading SpeedTUI framework...
[2025-12-16 12:25:12.738] [INFO] SpeedTUI framework loaded
[2025-12-16 12:25:12.738] [INFO] Loading PraxisVT...
[2025-12-16 12:25:12.740] [INFO] PraxisVT loaded
[2025-12-16 12:25:12.741] [INFO] Loading core dependencies...
[2025-12-16 12:25:12.775] [INFO] Core dependencies loaded
[2025-12-16 12:25:12.776] [INFO] Loading widget base classes...
[2025-12-16 12:25:12.816] [INFO] Widget base classes loaded
[2025-12-16 12:25:12.817] [INFO] Loading services...
[2025-12-16 12:25:12.899] [INFO] Services loaded
[2025-12-16 12:25:12.900] [INFO] Loading helpers...
[2025-12-16 12:25:13.343] [INFO] Helpers loaded
[2025-12-16 12:25:13.343] [INFO] Loading widgets...
[2025-12-16 12:25:13.646] [INFO] Widgets loaded
[2025-12-16 12:25:13.647] [INFO] Loading screen base class...
[2025-12-16 12:25:13.657] [INFO] Screen base class loaded
[2025-12-16 12:25:13.658] [INFO] Loading HelpViewScreen (needed by base classes)...
[2025-12-16 12:25:13.685] [INFO] HelpViewScreen loaded
[2025-12-16 12:25:13.686] [INFO] Loading base classes...
[2025-12-16 12:25:13.728] [INFO] Base classes loaded
[2025-12-16 12:25:13.729] [INFO] Loading ServiceContainer (needed by screens)...
[2025-12-16 12:25:13.739] [INFO] ServiceContainer loaded
[2025-12-16 12:25:13.740] [INFO] Loading remaining screens...
[2025-12-16 12:25:13.808] [INFO] Remaining screens loaded
[2025-12-16 12:25:13.809] [INFO] Loading PmcApplication...
[2025-12-16 12:25:13.823] [INFO] PmcApplication loaded
[2025-12-16 12:25:13.824] [INFO] All components loaded successfully
