[2025-12-16 12:52:16.238] [INFO] Loading PMC module...
[2025-12-16 12:52:17.104] [INFO] PMC module loaded
[2025-12-16 12:52:17.105] [INFO] Loading dependencies (FieldSchemas, etc.)...
[2025-12-16 12:52:17.177] [INFO] Dependencies loaded
[2025-12-16 12:52:17.178] [INFO] Loading SpeedTUI framework...
[2025-12-16 12:52:17.351] [INFO] SpeedTUI framework loaded
[2025-12-16 12:52:17.352] [INFO] Loading PraxisVT...
[2025-12-16 12:52:17.353] [INFO] PraxisVT loaded
[2025-12-16 12:52:17.354] [INFO] Loading core dependencies...
[2025-12-16 12:52:17.398] [INFO] Core dependencies loaded
[2025-12-16 12:52:17.399] [INFO] Loading widget base classes...
[2025-12-16 12:52:17.446] [INFO] Widget base classes loaded
[2025-12-16 12:52:17.446] [INFO] Loading services...
[2025-12-16 12:52:17.516] [INFO] Services loaded
[2025-12-16 12:52:17.516] [INFO] Loading helpers...
[2025-12-16 12:52:18.188] [INFO] Helpers loaded
[2025-12-16 12:52:18.189] [INFO] Loading widgets...
[2025-12-16 12:52:18.377] [INFO] Widgets loaded
[2025-12-16 12:52:18.377] [INFO] Loading screen base class...
[2025-12-16 12:52:18.392] [INFO] Screen base class loaded
[2025-12-16 12:52:18.393] [INFO] Loading HelpViewScreen (needed by base classes)...
[2025-12-16 12:52:18.397] [INFO] HelpViewScreen loaded
[2025-12-16 12:52:18.398] [INFO] Loading base classes...
[2025-12-16 12:52:18.488] [INFO] Base classes loaded
[2025-12-16 12:52:18.490] [INFO] Loading ServiceContainer (needed by screens)...
[2025-12-16 12:52:18.496] [INFO] ServiceContainer loaded
[2025-12-16 12:52:18.499] [INFO] Loading remaining screens...
[2025-12-16 12:52:18.586] [INFO] Remaining screens loaded
[2025-12-16 12:52:18.587] [INFO] Loading PmcApplication...
[2025-12-16 12:52:18.598] [INFO] PmcApplication loaded
[2025-12-16 12:52:18.599] [INFO] All components loaded successfully
[2025-12-16 12:52:18.613] [INFO] Starting PMC TUI with screen: TaskList
[2025-12-16 12:52:18.619] [INFO] Cleared stale PmcSharedMenuBar and MenuRegistry singleton
[2025-12-16 12:52:18.620] [INFO] Creating ServiceContainer...
[2025-12-16 12:52:18.628] [INFO] ServiceContainer created
[2025-12-16 12:52:18.629] [INFO] Registering Theme service...
[2025-12-16 12:52:18.644] ServiceContainer: Registered 'Theme' (singleton=True)
[2025-12-16 12:52:18.646] [INFO] Registering ThemeManager...
[2025-12-16 12:52:18.647] ServiceContainer: Registered 'ThemeManager' (singleton=True)
[2025-12-16 12:52:18.648] [INFO] Registering Config service...
[2025-12-16 12:52:18.649] ServiceContainer: Registered 'Config' (singleton=True)
[2025-12-16 12:52:18.650] [INFO] Registering TaskStore service...
[2025-12-16 12:52:18.650] ServiceContainer: Registered 'TaskStore' (singleton=True)
[2025-12-16 12:52:18.651] [INFO] Registering MenuRegistry service...
[2025-12-16 12:52:18.652] ServiceContainer: Registered 'MenuRegistry' (singleton=True)
[2025-12-16 12:52:18.653] [INFO] Registering Application service...
[2025-12-16 12:52:18.654] ServiceContainer: Registered 'Application' (singleton=True)
[2025-12-16 12:52:18.654] [INFO] Registering CommandService...
[2025-12-16 12:52:18.655] ServiceContainer: Registered 'CommandService' (singleton=True)
[2025-12-16 12:52:18.656] [INFO] Registering ChecklistService...
[2025-12-16 12:52:18.660] ServiceContainer: Registered 'ChecklistService' (singleton=True)
[2025-12-16 12:52:18.661] [INFO] Registering NoteService...
[2025-12-16 12:52:18.662] ServiceContainer: Registered 'NoteService' (singleton=True)
[2025-12-16 12:52:18.663] [INFO] Registering ExcelMappingService...
[2025-12-16 12:52:18.663] ServiceContainer: Registered 'ExcelMappingService' (singleton=True)
[2025-12-16 12:52:18.664] [INFO] Registering PreferencesService...
[2025-12-16 12:52:18.665] ServiceContainer: Registered 'PreferencesService' (singleton=True)
[2025-12-16 12:52:18.665] [INFO] Registering screen factories...
[2025-12-16 12:52:18.666] ServiceContainer: Registered 'TaskListScreen' (singleton=False)
[2025-12-16 12:52:18.667] [INFO] Resolving Application from container...
[2025-12-16 12:52:18.678] ServiceContainer: Resolving 'Application'...
[2025-12-16 12:52:18.680] [INFO] Resolving Application...
[2025-12-16 12:52:18.681] ServiceContainer: Resolving 'Theme'...
[2025-12-16 12:52:18.686] [INFO] Resolving Theme: Calling Initialize-PmcThemeSystem...
[2025-12-16 12:52:18.696] [INFO] Theme resolved: #33aaff
[2025-12-16 12:52:18.697] [INFO] Loading PmcThemeEngine...
[2025-12-16 12:52:18.749] [INFO] LoadFromConfig: Loaded Properties with 16 items
[2025-12-16 12:52:18.762] [INFO] PmcThemeEngine initialized with PMC palette (14 colors)
[2025-12-16 12:52:18.765] ServiceContainer: Resolved 'Theme' successfully
[2025-12-16 12:52:18.983] ServiceContainer: Resolving 'ThemeManager'...
[2025-12-16 12:52:18.985] [INFO] Resolving ThemeManager...
[2025-12-16 12:52:19.013] ServiceContainer: Resolved 'ThemeManager' successfully
[2025-12-16 12:52:19.022] ServiceContainer: Resolved 'Application' successfully
[2025-12-16 12:52:19.023] [INFO] Application resolved and assigned to $global:PmcApp
[2025-12-16 12:52:19.024] [INFO] Loading menus from manifest...
[2025-12-16 12:52:19.024] ServiceContainer: Resolving 'MenuRegistry'...
[2025-12-16 12:52:19.026] [INFO] Resolving MenuRegistry...
[2025-12-16 12:52:19.034] ServiceContainer: Resolved 'MenuRegistry' successfully
[2025-12-16 12:52:19.048] MenuRegistry: Loaded manifest with 24 entries
[2025-12-16 12:52:19.070] ServiceContainer: Registered 'TaskListScreen_NextActions' (singleton=False)
[2025-12-16 12:52:19.071] MenuRegistry: Registered screen factory 'TaskListScreen_NextActions' in container (viewMode=nextactions)
[2025-12-16 12:52:19.082] MenuRegistry: Registered 'Next Actions' in 'Tasks' menu (hotkey=N order=35)
[2025-12-16 12:52:19.084] ServiceContainer: Registered 'TaskListScreen_Today' (singleton=False)
[2025-12-16 12:52:19.085] MenuRegistry: Registered screen factory 'TaskListScreen_Today' in container (viewMode=today)
[2025-12-16 12:52:19.086] MenuRegistry: Registered 'Today' in 'Tasks' menu (hotkey=Y order=10)
[2025-12-16 12:52:19.087] ServiceContainer: Registered 'NotesMenuScreen' (singleton=False)
[2025-12-16 12:52:19.088] MenuRegistry: Registered screen factory 'NotesMenuScreen' in container (viewMode=)
[2025-12-16 12:52:19.089] MenuRegistry: Registered 'Notes' in 'Tools' menu (hotkey=N order=20)
[2025-12-16 12:52:19.090] ServiceContainer: Registered 'TaskListScreen_Week' (singleton=False)
[2025-12-16 12:52:19.091] MenuRegistry: Registered screen factory 'TaskListScreen_Week' in container (viewMode=week)
[2025-12-16 12:52:19.092] MenuRegistry: Registered 'Week View' in 'Tasks' menu (hotkey=W order=20)
[2025-12-16 12:52:19.093] ServiceContainer: Registered 'HelpViewScreen' (singleton=False)
[2025-12-16 12:52:19.094] MenuRegistry: Registered screen factory 'HelpViewScreen' in container (viewMode=)
[2025-12-16 12:52:19.094] MenuRegistry: Registered 'Help' in 'Help' menu (hotkey=H order=10)
[2025-12-16 12:52:19.095] ServiceContainer: Registered 'ExcelProfileManagerScreen' (singleton=False)
[2025-12-16 12:52:19.096] MenuRegistry: Registered screen factory 'ExcelProfileManagerScreen' in container (viewMode=)
[2025-12-16 12:52:19.097] MenuRegistry: Registered 'Excel Profiles' in 'Projects' menu (hotkey=M order=50)
[2025-12-16 12:52:19.098] ServiceContainer: Registered 'TaskListScreen_Agenda' (singleton=False)
[2025-12-16 12:52:19.102] MenuRegistry: Registered screen factory 'TaskListScreen_Agenda' in container (viewMode=agenda)
[2025-12-16 12:52:19.103] MenuRegistry: Registered 'Agenda View' in 'Tasks' menu (hotkey=A order=50)
[2025-12-16 12:52:19.104] ServiceContainer: Registered 'TaskListScreen_Overdue' (singleton=False)
[2025-12-16 12:52:19.105] MenuRegistry: Registered screen factory 'TaskListScreen_Overdue' in container (viewMode=overdue)
[2025-12-16 12:52:19.106] MenuRegistry: Registered 'Overdue' in 'Tasks' menu (hotkey=O order=30)
[2025-12-16 12:52:19.107] ServiceContainer: Registered 'ChecklistsLauncherScreen' (singleton=False)
[2025-12-16 12:52:19.108] MenuRegistry: Registered screen factory 'ChecklistsLauncherScreen' in container (viewMode=)
[2025-12-16 12:52:19.108] MenuRegistry: Registered 'Checklists' in 'Tools' menu (hotkey=C order=25)
[2025-12-16 12:52:19.109] ServiceContainer: Registered 'ProjectListScreen' (singleton=False)
[2025-12-16 12:52:19.110] MenuRegistry: Registered screen factory 'ProjectListScreen' in container (viewMode=)
[2025-12-16 12:52:19.111] MenuRegistry: Registered 'Project List' in 'Projects' menu (hotkey=L order=10)
[2025-12-16 12:52:19.112] ServiceContainer: Registered 'TaskListScreen_Upcoming' (singleton=False)
[2025-12-16 12:52:19.113] MenuRegistry: Registered screen factory 'TaskListScreen_Upcoming' in container (viewMode=upcoming)
[2025-12-16 12:52:19.113] MenuRegistry: Registered 'Upcoming' in 'Tasks' menu (hotkey=U order=25)
[2025-12-16 12:52:19.114] ServiceContainer: Registered 'TaskListScreen_Tomorrow' (singleton=False)
[2025-12-16 12:52:19.115] MenuRegistry: Registered screen factory 'TaskListScreen_Tomorrow' in container (viewMode=tomorrow)
[2025-12-16 12:52:19.116] MenuRegistry: Registered 'Tomorrow' in 'Tasks' menu (hotkey=T order=15)
[2025-12-16 12:52:19.117] ServiceContainer: Registered 'TaskListScreen_NoDate' (singleton=False)
[2025-12-16 12:52:19.117] MenuRegistry: Registered screen factory 'TaskListScreen_NoDate' in container (viewMode=noduedate)
[2025-12-16 12:52:19.118] MenuRegistry: Registered 'No Due Date' in 'Tasks' menu (hotkey=D order=40)
[2025-12-16 12:52:19.119] ServiceContainer: Registered 'ChecklistTemplatesFolderScreen' (singleton=False)
[2025-12-16 12:52:19.120] MenuRegistry: Registered screen factory 'ChecklistTemplatesFolderScreen' in container (viewMode=)
[2025-12-16 12:52:19.121] MenuRegistry: Registered 'Checklist Templates' in 'Tools' menu (hotkey=H order=30)
[2025-12-16 12:52:19.122] ServiceContainer: Registered 'CommandLibraryScreen' (singleton=False)
[2025-12-16 12:52:19.123] MenuRegistry: Registered screen factory 'CommandLibraryScreen' in container (viewMode=)
[2025-12-16 12:52:19.123] MenuRegistry: Registered 'Command Library' in 'Tools' menu (hotkey=L order=10)
[2025-12-16 12:52:19.125] ServiceContainer: Registered 'TimeListScreen' (singleton=False)
[2025-12-16 12:52:19.125] MenuRegistry: Registered screen factory 'TimeListScreen' in container (viewMode=)
[2025-12-16 12:52:19.126] MenuRegistry: Registered 'Time Tracking' in 'Time' menu (hotkey=T order=5)
[2025-12-16 12:52:19.127] ServiceContainer: Registered 'TaskListScreen_Month' (singleton=False)
[2025-12-16 12:52:19.128] MenuRegistry: Registered screen factory 'TaskListScreen_Month' in container (viewMode=month)
[2025-12-16 12:52:19.129] MenuRegistry: Registered 'Month View' in 'Tasks' menu (hotkey=M order=45)
[2025-12-16 12:52:19.130] ServiceContainer: Registered 'WeeklyTimeReportScreen' (singleton=False)
[2025-12-16 12:52:19.130] MenuRegistry: Registered screen factory 'WeeklyTimeReportScreen' in container (viewMode=)
[2025-12-16 12:52:19.131] MenuRegistry: Registered 'Weekly Report' in 'Time' menu (hotkey=W order=10)
[2025-12-16 12:52:19.132] ServiceContainer: Registered 'SettingsScreen' (singleton=False)
[2025-12-16 12:52:19.133] MenuRegistry: Registered screen factory 'SettingsScreen' in container (viewMode=)
[2025-12-16 12:52:19.134] MenuRegistry: Registered 'Settings' in 'Options' menu (hotkey=S order=20)
[2025-12-16 12:52:19.135] ServiceContainer: Registered 'KanbanScreenV2' (singleton=False)
[2025-12-16 12:52:19.136] MenuRegistry: Registered screen factory 'KanbanScreenV2' in container (viewMode=)
[2025-12-16 12:52:19.139] MenuRegistry: Registered 'Kanban Board' in 'Tasks' menu (hotkey=K order=55)
[2025-12-16 12:52:19.140] ServiceContainer: Registered 'ExcelImportScreen' (singleton=False)
[2025-12-16 12:52:19.141] MenuRegistry: Registered screen factory 'ExcelImportScreen' in container (viewMode=)
[2025-12-16 12:52:19.142] MenuRegistry: Registered 'Import from Excel' in 'Projects' menu (hotkey=I order=40)
[2025-12-16 12:52:19.143] ServiceContainer: Registered 'TimeReportScreen' (singleton=False)
[2025-12-16 12:52:19.144] MenuRegistry: Registered screen factory 'TimeReportScreen' in container (viewMode=)
[2025-12-16 12:52:19.145] MenuRegistry: Registered 'Time Report' in 'Time' menu (hotkey=R order=20)
[2025-12-16 12:52:19.146] ServiceContainer: Registered 'ThemeEditorScreen' (singleton=False)
[2025-12-16 12:52:19.146] MenuRegistry: Registered screen factory 'ThemeEditorScreen' in container (viewMode=)
[2025-12-16 12:52:19.147] MenuRegistry: Registered 'Theme Editor' in 'Options' menu (hotkey=T order=10)
[2025-12-16 12:52:19.148] ServiceContainer: Registered 'TaskListScreen_Default' (singleton=False)
[2025-12-16 12:52:19.149] MenuRegistry: Registered screen factory 'TaskListScreen_Default' in container (viewMode=)
[2025-12-16 12:52:19.150] MenuRegistry: Registered 'Task List' in 'Tasks' menu (hotkey=L order=5)
[2025-12-16 12:52:19.151] [INFO] Menus loaded from /home/teej/ztest/module/Pmc.Strict/consoleui/screens/MenuItems.psd1
[2025-12-16 12:52:19.152] [INFO] Launching screen: TaskList
[2025-12-16 12:52:19.153] [INFO] Resolving TaskListScreen from container...
[2025-12-16 12:52:19.154] ServiceContainer: Resolving 'TaskListScreen'...
[2025-12-16 12:52:19.155] [INFO] Resolving TaskListScreen...
[2025-12-16 12:52:19.156] ServiceContainer: Resolving 'TaskStore'...
[2025-12-16 12:52:19.158] [INFO] Resolving TaskStore...
[2025-12-16 12:52:19.365] ServiceContainer: Resolved 'TaskStore' successfully
[2025-12-16 12:52:19.853] _PopulateMenusFromRegistry: Menu 'Tools' has 4 items from registry (array)
[2025-12-16 12:52:19.870] _PopulateMenusFromRegistry: Menu 'Tasks' has 11 items from registry (array)
[2025-12-16 12:52:19.873] _PopulateMenusFromRegistry: Menu 'Options' has 2 items from registry (array)
[2025-12-16 12:52:19.876] _PopulateMenusFromRegistry: Menu 'Help' has 1 items from registry (array)
[2025-12-16 12:52:19.878] _PopulateMenusFromRegistry: Menu 'Projects' has 3 items from registry (array)
[2025-12-16 12:52:19.880] _PopulateMenusFromRegistry: Menu 'Time' has 3 items from registry (array)
[2025-12-16 12:52:19.882] ServiceContainer: Resolved 'TaskListScreen' successfully
[2025-12-16 12:52:19.883] [INFO] Pushing screen to app...
[2025-12-16 12:52:20.395] [INFO] Screen pushed successfully
[2025-12-16 12:52:20.396] [INFO] Starting event loop...
[2025-12-16 12:52:23.171] [INFO] TaskListScreen.EditItem called - item.id=f6d455a4-9e14-46c4-ba1a-4563c83b3b39
[2025-12-16 12:52:23.283] [INFO] TaskListScreen.EditItem: Setting OnConfirmed callback for taskId=f6d455a4-9e14-46c4-ba1a-4563c83b3b39
[2025-12-16 12:52:40.982] ServiceContainer: Resolving 'ProjectListScreen'...
[2025-12-16 12:52:41.051] ServiceContainer: Resolved 'ProjectListScreen' successfully
[2025-12-16 12:52:42.658] ServiceContainer: Registered 'ProjectInfoScreenV4' (singleton=False)
[2025-12-16 12:52:42.659] ServiceContainer: Resolving 'ProjectInfoScreenV4'...
[2025-12-16 12:52:42.728] ServiceContainer: Resolved 'ProjectInfoScreenV4' successfully
[2025-12-16 12:52:47.429] ========== TabbedScreen.OnTabChanged: Switched to tab 1 'Request' ==========
[2025-12-16 12:52:47.455] TabbedScreen.OnTabChanged: Invalidated cache region Y=9-25 (no flicker)
[2025-12-16 12:52:47.789] ========== TabbedScreen.OnTabChanged: Switched to tab 2 'Audit' ==========
[2025-12-16 12:52:47.826] TabbedScreen.OnTabChanged: Invalidated cache region Y=9-25 (no flicker)
[2025-12-16 12:52:48.116] ========== TabbedScreen.OnTabChanged: Switched to tab 3 'Location' ==========
[2025-12-16 12:52:48.147] TabbedScreen.OnTabChanged: Invalidated cache region Y=9-25 (no flicker)
[2025-12-16 12:52:48.642] ========== TabbedScreen.OnTabChanged: Switched to tab 4 'Periods' ==========
[2025-12-16 12:52:48.671] TabbedScreen.OnTabChanged: Invalidated cache region Y=9-25 (no flicker)
[2025-12-16 12:52:49.375] ========== TabbedScreen.OnTabChanged: Switched to tab 5 'More' ==========
[2025-12-16 12:52:49.411] TabbedScreen.OnTabChanged: Invalidated cache region Y=9-25 (no flicker)
[2025-12-16 12:52:50.202] ========== TabbedScreen.OnTabChanged: Switched to tab 6 'Files' ==========
[2025-12-16 12:52:50.234] TabbedScreen.OnTabChanged: Invalidated cache region Y=9-25 (no flicker)
[2025-12-16 12:52:56.236] [INFO] ProjectInfoScreenV4._HandleFileAction: action=_action_folder_browse ProjectName='p1'
[2025-12-16 12:52:56.339] [ERROR] Widget render error: RenderContent render failed: Method invocation failed because [HybridRenderEngine] does not contain a method named 'GetTerminalSize'.
[2025-12-16 12:52:56.340] [ERROR] Stack: at RegisterLayout, /home/teej/ztest/module/Pmc.Strict/consoleui/widgets/PmcFilePicker.ps1: line 96
at RenderToEngine, /home/teej/ztest/module/Pmc.Strict/consoleui/widgets/PmcFilePicker.ps1: line 115
at RenderContentToEngine, /home/teej/ztest/module/Pmc.Strict/consoleui/screens/ProjectInfoScreenV4.ps1: line 616
at RenderToEngine, /home/teej/ztest/module/Pmc.Strict/consoleui/PmcScreen.ps1: line 381
at _RenderCurrentScreen, /home/teej/ztest/module/Pmc.Strict/consoleui/PmcApplication.ps1: line 239
at Run, /home/teej/ztest/module/Pmc.Strict/consoleui/PmcApplication.ps1: line 474
at Start-PmcTUI, /home/teej/ztest/module/Pmc.Strict/consoleui/Start-PmcTUI.ps1: line 582
at <ScriptBlock>, /home/teej/ztest/module/Pmc.Strict/consoleui/Start-PmcTUI.ps1: line 611
[2025-12-16 12:52:56.340] [ERROR] TargetObject: 
[2025-12-16 12:52:56.341] [ERROR] InvocationInfo:             $termSize = $engine.GetTerminalSize()

[2025-12-16 12:57:17.795] [INFO] Event loop exited normally
[2025-12-16 12:57:17.796] [INFO] Cleanup - showing cursor and resetting terminal
