[2025-12-16 12:44:41.459] [INFO] Loading PMC module...
[2025-12-16 12:44:42.314] [INFO] PMC module loaded
[2025-12-16 12:44:42.316] [INFO] Loading dependencies (FieldSchemas, etc.)...
[2025-12-16 12:44:42.403] [INFO] Dependencies loaded
[2025-12-16 12:44:42.404] [INFO] Loading SpeedTUI framework...
[2025-12-16 12:44:42.583] [INFO] SpeedTUI framework loaded
[2025-12-16 12:44:42.584] [INFO] Loading PraxisVT...
[2025-12-16 12:44:42.586] [INFO] PraxisVT loaded
[2025-12-16 12:44:42.587] [INFO] Loading core dependencies...
[2025-12-16 12:44:42.618] [INFO] Core dependencies loaded
[2025-12-16 12:44:42.619] [INFO] Loading widget base classes...
[2025-12-16 12:44:42.642] [INFO] Widget base classes loaded
[2025-12-16 12:44:42.643] [INFO] Loading services...
[2025-12-16 12:44:42.734] [INFO] Services loaded
[2025-12-16 12:44:42.735] [INFO] Loading helpers...
[2025-12-16 12:44:43.435] [INFO] Helpers loaded
[2025-12-16 12:44:43.436] [INFO] Loading widgets...
[2025-12-16 12:44:43.645] [INFO] Widgets loaded
[2025-12-16 12:44:43.645] [INFO] Loading screen base class...
[2025-12-16 12:44:43.654] [INFO] Screen base class loaded
[2025-12-16 12:44:43.654] [INFO] Loading HelpViewScreen (needed by base classes)...
[2025-12-16 12:44:43.660] [INFO] HelpViewScreen loaded
[2025-12-16 12:44:43.661] [INFO] Loading base classes...
[2025-12-16 12:44:43.784] [INFO] Base classes loaded
[2025-12-16 12:44:43.785] [INFO] Loading ServiceContainer (needed by screens)...
[2025-12-16 12:44:43.790] [INFO] ServiceContainer loaded
[2025-12-16 12:44:43.790] [INFO] Loading remaining screens...
[2025-12-16 12:44:43.890] [INFO] Remaining screens loaded
[2025-12-16 12:44:43.891] [INFO] Loading PmcApplication...
[2025-12-16 12:44:43.905] [INFO] PmcApplication loaded
[2025-12-16 12:44:43.906] [INFO] All components loaded successfully
