[2025-12-16 16:14:51.694] [INFO] Loading PMC module...
[2025-12-16 16:14:53.148] [INFO] PMC module loaded
[2025-12-16 16:14:53.150] [INFO] Loading dependencies (FieldSchemas, etc.)...
[2025-12-16 16:14:53.269] [INFO] Dependencies loaded
[2025-12-16 16:14:53.270] [INFO] Loading SpeedTUI framework...
[2025-12-16 16:14:53.670] [INFO] SpeedTUI framework loaded
[2025-12-16 16:14:53.672] [INFO] Loading PraxisVT...
[2025-12-16 16:14:53.674] [INFO] PraxisVT loaded
[2025-12-16 16:14:53.676] [INFO] Loading core dependencies...
[2025-12-16 16:14:53.710] [INFO] Core dependencies loaded
[2025-12-16 16:14:53.711] [INFO] Loading widget base classes...
[2025-12-16 16:14:53.773] [INFO] Widget base classes loaded
[2025-12-16 16:14:53.775] [INFO] Loading services...
[2025-12-16 16:14:53.949] [INFO] Services loaded
[2025-12-16 16:14:53.953] [INFO] Loading helpers...
[2025-12-16 16:14:55.293] [INFO] Helpers loaded
[2025-12-16 16:14:55.296] [INFO] Loading widgets...
[2025-12-16 16:14:55.762] [INFO] Widgets loaded
[2025-12-16 16:14:55.765] [INFO] Loading screen base class...
[2025-12-16 16:14:55.781] [INFO] Screen base class loaded
[2025-12-16 16:14:55.783] [INFO] Loading HelpViewScreen (needed by base classes)...
[2025-12-16 16:14:55.793] [INFO] HelpViewScreen loaded
[2025-12-16 16:14:55.795] [INFO] Loading base classes...
[2025-12-16 16:14:55.866] [INFO] Base classes loaded
[2025-12-16 16:14:55.868] [INFO] Loading ServiceContainer (needed by screens)...
[2025-12-16 16:14:55.876] [INFO] ServiceContainer loaded
[2025-12-16 16:14:55.878] [INFO] Loading remaining screens...
