[2025-12-17 09:50:43.474] [INFO] Loading PMC module...
[2025-12-17 09:50:44.793] [INFO] PMC module loaded
[2025-12-17 09:50:44.797] [INFO] Loading dependencies (FieldSchemas, etc.)...
[2025-12-17 09:50:44.910] [INFO] Dependencies loaded
[2025-12-17 09:50:44.911] [INFO] Loading SpeedTUI framework...
[2025-12-17 09:50:45.255] [INFO] SpeedTUI framework loaded
[2025-12-17 09:50:45.261] [INFO] Loading PraxisVT...
[2025-12-17 09:50:45.266] [INFO] PraxisVT loaded
[2025-12-17 09:50:45.269] [INFO] Loading core dependencies...
[2025-12-17 09:50:45.355] [INFO] Core dependencies loaded
[2025-12-17 09:50:45.357] [INFO] Loading widget base classes...
[2025-12-17 09:50:45.457] [INFO] Widget base classes loaded
[2025-12-17 09:50:45.459] [INFO] Loading services...
[2025-12-17 09:50:45.594] [INFO] Services loaded
[2025-12-17 09:50:45.596] [INFO] Loading helpers...
[2025-12-17 09:50:46.582] [INFO] Helpers loaded
[2025-12-17 09:50:46.584] [INFO] Loading widgets...
[2025-12-17 09:50:46.968] [INFO] Widgets loaded
[2025-12-17 09:50:46.970] [INFO] Loading screen base class...
[2025-12-17 09:50:46.985] [INFO] Screen base class loaded
[2025-12-17 09:50:46.987] [INFO] Loading HelpViewScreen (needed by base classes)...
[2025-12-17 09:50:46.994] [INFO] HelpViewScreen loaded
[2025-12-17 09:50:46.996] [INFO] Loading base classes...
[2025-12-17 09:50:47.070] [INFO] Base classes loaded
[2025-12-17 09:50:47.072] [INFO] Loading ServiceContainer (needed by screens)...
[2025-12-17 09:50:47.083] [INFO] ServiceContainer loaded
[2025-12-17 09:50:47.085] [INFO] Loading remaining screens...
[2025-12-17 09:50:47.225] [INFO] Remaining screens loaded
[2025-12-17 09:50:47.227] [INFO] Loading PmcApplication...
[2025-12-17 09:50:47.241] [INFO] PmcApplication loaded
[2025-12-17 09:50:47.242] [INFO] All components loaded successfully
[2025-12-17 09:50:47.262] [INFO] Starting PMC TUI with screen: TaskList
[2025-12-17 09:50:47.270] [INFO] Cleared stale PmcSharedMenuBar and MenuRegistry singleton
[2025-12-17 09:50:47.271] [INFO] Creating ServiceContainer...
[2025-12-17 09:50:47.284] [INFO] ServiceContainer created
[2025-12-17 09:50:47.285] [INFO] Registering Theme service...
[2025-12-17 09:50:47.306] ServiceContainer: Registered 'Theme' (singleton=True)
[2025-12-17 09:50:47.310] [INFO] Registering ThemeManager...
[2025-12-17 09:50:47.311] ServiceContainer: Registered 'ThemeManager' (singleton=True)
[2025-12-17 09:50:47.312] [INFO] Registering Config service...
[2025-12-17 09:50:47.313] ServiceContainer: Registered 'Config' (singleton=True)
[2025-12-17 09:50:47.314] [INFO] Registering TaskStore service...
[2025-12-17 09:50:47.315] ServiceContainer: Registered 'TaskStore' (singleton=True)
[2025-12-17 09:50:47.316] [INFO] Registering MenuRegistry service...
[2025-12-17 09:50:47.317] ServiceContainer: Registered 'MenuRegistry' (singleton=True)
[2025-12-17 09:50:47.324] [INFO] Registering Application service...
[2025-12-17 09:50:47.325] ServiceContainer: Registered 'Application' (singleton=True)
[2025-12-17 09:50:47.326] [INFO] Registering CommandService...
[2025-12-17 09:50:47.327] ServiceContainer: Registered 'CommandService' (singleton=True)
[2025-12-17 09:50:47.328] [INFO] Registering ChecklistService...
[2025-12-17 09:50:47.329] ServiceContainer: Registered 'ChecklistService' (singleton=True)
[2025-12-17 09:50:47.330] [INFO] Registering NoteService...
[2025-12-17 09:50:47.331] ServiceContainer: Registered 'NoteService' (singleton=True)
[2025-12-17 09:50:47.332] [INFO] Registering ExcelMappingService...
[2025-12-17 09:50:47.333] ServiceContainer: Registered 'ExcelMappingService' (singleton=True)
[2025-12-17 09:50:47.334] [INFO] Registering PreferencesService...
[2025-12-17 09:50:47.334] ServiceContainer: Registered 'PreferencesService' (singleton=True)
[2025-12-17 09:50:47.335] [INFO] Registering screen factories...
[2025-12-17 09:50:47.336] ServiceContainer: Registered 'TaskListScreen' (singleton=False)
[2025-12-17 09:50:47.337] [INFO] Resolving Application from container...
[2025-12-17 09:50:47.354] ServiceContainer: Resolving 'Application'...
[2025-12-17 09:50:47.356] [INFO] Resolving Application...
[2025-12-17 09:50:47.357] ServiceContainer: Resolving 'Theme'...
[2025-12-17 09:50:47.366] [INFO] Resolving Theme: Calling Initialize-PmcThemeSystem...
[2025-12-17 09:50:47.381] [INFO] Theme resolved: #33aaff
[2025-12-17 09:50:47.382] [INFO] Loading PmcThemeEngine...
[2025-12-17 09:50:47.470] [INFO] LoadFromConfig: Loaded Properties with 23 items
[2025-12-17 09:50:47.481] [INFO] PmcThemeEngine initialized with PMC palette (14 colors)
[2025-12-17 09:50:47.485] ServiceContainer: Resolved 'Theme' successfully
[2025-12-17 09:50:48.135] ServiceContainer: Resolving 'ThemeManager'...
[2025-12-17 09:50:48.139] [INFO] Resolving ThemeManager...
[2025-12-17 09:50:48.179] ServiceContainer: Resolved 'ThemeManager' successfully
[2025-12-17 09:50:48.192] ServiceContainer: Resolved 'Application' successfully
[2025-12-17 09:50:48.194] [INFO] Application resolved and assigned to $global:PmcApp
[2025-12-17 09:50:48.195] [INFO] Loading menus from manifest...
[2025-12-17 09:50:48.200] ServiceContainer: Resolving 'MenuRegistry'...
[2025-12-17 09:50:48.202] [INFO] Resolving MenuRegistry...
[2025-12-17 09:50:48.219] ServiceContainer: Resolved 'MenuRegistry' successfully
[2025-12-17 09:50:48.242] MenuRegistry: Loaded manifest with 24 entries
[2025-12-17 09:50:48.276] ServiceContainer: Registered 'TaskListScreen_Today' (singleton=False)
[2025-12-17 09:50:48.277] MenuRegistry: Registered screen factory 'TaskListScreen_Today' in container (viewMode=today)
[2025-12-17 09:50:48.296] MenuRegistry: Registered 'Today' in 'Tasks' menu (hotkey=Y order=10)
[2025-12-17 09:50:48.299] ServiceContainer: Registered 'TaskListScreen_Month' (singleton=False)
[2025-12-17 09:50:48.300] MenuRegistry: Registered screen factory 'TaskListScreen_Month' in container (viewMode=month)
[2025-12-17 09:50:48.301] MenuRegistry: Registered 'Month View' in 'Tasks' menu (hotkey=M order=45)
[2025-12-17 09:50:48.303] ServiceContainer: Registered 'KanbanScreenV2' (singleton=False)
[2025-12-17 09:50:48.304] MenuRegistry: Registered screen factory 'KanbanScreenV2' in container (viewMode=)
[2025-12-17 09:50:48.307] MenuRegistry: Registered 'Kanban Board' in 'Tasks' menu (hotkey=K order=55)
[2025-12-17 09:50:48.309] ServiceContainer: Registered 'TimeReportScreen' (singleton=False)
[2025-12-17 09:50:48.310] MenuRegistry: Registered screen factory 'TimeReportScreen' in container (viewMode=)
[2025-12-17 09:50:48.312] MenuRegistry: Registered 'Time Report' in 'Time' menu (hotkey=R order=20)
[2025-12-17 09:50:48.314] ServiceContainer: Registered 'WeeklyTimeReportScreen' (singleton=False)
[2025-12-17 09:50:48.315] MenuRegistry: Registered screen factory 'WeeklyTimeReportScreen' in container (viewMode=)
[2025-12-17 09:50:48.317] MenuRegistry: Registered 'Weekly Report' in 'Time' menu (hotkey=W order=10)
[2025-12-17 09:50:48.318] ServiceContainer: Registered 'TaskListScreen_NoDate' (singleton=False)
[2025-12-17 09:50:48.320] MenuRegistry: Registered screen factory 'TaskListScreen_NoDate' in container (viewMode=noduedate)
[2025-12-17 09:50:48.321] MenuRegistry: Registered 'No Due Date' in 'Tasks' menu (hotkey=D order=40)
[2025-12-17 09:50:48.323] ServiceContainer: Registered 'ChecklistsLauncherScreen' (singleton=False)
[2025-12-17 09:50:48.324] MenuRegistry: Registered screen factory 'ChecklistsLauncherScreen' in container (viewMode=)
[2025-12-17 09:50:48.326] MenuRegistry: Registered 'Checklists' in 'Tools' menu (hotkey=C order=25)
[2025-12-17 09:50:48.328] ServiceContainer: Registered 'SettingsScreen' (singleton=False)
[2025-12-17 09:50:48.329] MenuRegistry: Registered screen factory 'SettingsScreen' in container (viewMode=)
[2025-12-17 09:50:48.331] MenuRegistry: Registered 'Settings' in 'Options' menu (hotkey=S order=20)
[2025-12-17 09:50:48.339] ServiceContainer: Registered 'TaskListScreen_Agenda' (singleton=False)
[2025-12-17 09:50:48.340] MenuRegistry: Registered screen factory 'TaskListScreen_Agenda' in container (viewMode=agenda)
[2025-12-17 09:50:48.341] MenuRegistry: Registered 'Agenda View' in 'Tasks' menu (hotkey=A order=50)
[2025-12-17 09:50:48.343] ServiceContainer: Registered 'TaskListScreen_Tomorrow' (singleton=False)
[2025-12-17 09:50:48.344] MenuRegistry: Registered screen factory 'TaskListScreen_Tomorrow' in container (viewMode=tomorrow)
[2025-12-17 09:50:48.346] MenuRegistry: Registered 'Tomorrow' in 'Tasks' menu (hotkey=T order=15)
[2025-12-17 09:50:48.347] ServiceContainer: Registered 'CommandLibraryScreen' (singleton=False)
[2025-12-17 09:50:48.348] MenuRegistry: Registered screen factory 'CommandLibraryScreen' in container (viewMode=)
[2025-12-17 09:50:48.349] MenuRegistry: Registered 'Command Library' in 'Tools' menu (hotkey=L order=10)
[2025-12-17 09:50:48.351] ServiceContainer: Registered 'ProjectListScreen' (singleton=False)
[2025-12-17 09:50:48.352] MenuRegistry: Registered screen factory 'ProjectListScreen' in container (viewMode=)
[2025-12-17 09:50:48.353] MenuRegistry: Registered 'Project List' in 'Projects' menu (hotkey=L order=10)
[2025-12-17 09:50:48.355] ServiceContainer: Registered 'TaskListScreen_Overdue' (singleton=False)
[2025-12-17 09:50:48.356] MenuRegistry: Registered screen factory 'TaskListScreen_Overdue' in container (viewMode=overdue)
[2025-12-17 09:50:48.357] MenuRegistry: Registered 'Overdue' in 'Tasks' menu (hotkey=O order=30)
[2025-12-17 09:50:48.359] ServiceContainer: Registered 'NotesMenuScreen' (singleton=False)
[2025-12-17 09:50:48.360] MenuRegistry: Registered screen factory 'NotesMenuScreen' in container (viewMode=)
[2025-12-17 09:50:48.361] MenuRegistry: Registered 'Notes' in 'Tools' menu (hotkey=N order=20)
[2025-12-17 09:50:48.363] ServiceContainer: Registered 'ChecklistTemplatesFolderScreen' (singleton=False)
[2025-12-17 09:50:48.364] MenuRegistry: Registered screen factory 'ChecklistTemplatesFolderScreen' in container (viewMode=)
[2025-12-17 09:50:48.365] MenuRegistry: Registered 'Checklist Templates' in 'Tools' menu (hotkey=H order=30)
[2025-12-17 09:50:48.366] ServiceContainer: Registered 'ExcelProfileManagerScreen' (singleton=False)
[2025-12-17 09:50:48.367] MenuRegistry: Registered screen factory 'ExcelProfileManagerScreen' in container (viewMode=)
[2025-12-17 09:50:48.368] MenuRegistry: Registered 'Excel Profiles' in 'Projects' menu (hotkey=M order=50)
[2025-12-17 09:50:48.370] ServiceContainer: Registered 'TaskListScreen_Week' (singleton=False)
[2025-12-17 09:50:48.371] MenuRegistry: Registered screen factory 'TaskListScreen_Week' in container (viewMode=week)
[2025-12-17 09:50:48.373] MenuRegistry: Registered 'Week View' in 'Tasks' menu (hotkey=W order=20)
[2025-12-17 09:50:48.374] ServiceContainer: Registered 'ExcelImportScreen' (singleton=False)
[2025-12-17 09:50:48.376] MenuRegistry: Registered screen factory 'ExcelImportScreen' in container (viewMode=)
[2025-12-17 09:50:48.377] MenuRegistry: Registered 'Import from Excel' in 'Projects' menu (hotkey=I order=40)
[2025-12-17 09:50:48.379] ServiceContainer: Registered 'TimeListScreen' (singleton=False)
[2025-12-17 09:50:48.380] MenuRegistry: Registered screen factory 'TimeListScreen' in container (viewMode=)
[2025-12-17 09:50:48.381] MenuRegistry: Registered 'Time Tracking' in 'Time' menu (hotkey=T order=5)
[2025-12-17 09:50:48.383] ServiceContainer: Registered 'TaskListScreen_Upcoming' (singleton=False)
[2025-12-17 09:50:48.384] MenuRegistry: Registered screen factory 'TaskListScreen_Upcoming' in container (viewMode=upcoming)
[2025-12-17 09:50:48.385] MenuRegistry: Registered 'Upcoming' in 'Tasks' menu (hotkey=U order=25)
[2025-12-17 09:50:48.387] ServiceContainer: Registered 'ThemeEditorScreen' (singleton=False)
[2025-12-17 09:50:48.389] MenuRegistry: Registered screen factory 'ThemeEditorScreen' in container (viewMode=)
[2025-12-17 09:50:48.390] MenuRegistry: Registered 'Theme Editor' in 'Options' menu (hotkey=T order=10)
[2025-12-17 09:50:48.400] ServiceContainer: Registered 'HelpViewScreen' (singleton=False)
[2025-12-17 09:50:48.401] MenuRegistry: Registered screen factory 'HelpViewScreen' in container (viewMode=)
[2025-12-17 09:50:48.403] MenuRegistry: Registered 'Help' in 'Help' menu (hotkey=H order=10)
[2025-12-17 09:50:48.405] ServiceContainer: Registered 'TaskListScreen_Default' (singleton=False)
[2025-12-17 09:50:48.406] MenuRegistry: Registered screen factory 'TaskListScreen_Default' in container (viewMode=)
[2025-12-17 09:50:48.408] MenuRegistry: Registered 'Task List' in 'Tasks' menu (hotkey=L order=5)
[2025-12-17 09:50:48.410] ServiceContainer: Registered 'TaskListScreen_NextActions' (singleton=False)
[2025-12-17 09:50:48.412] MenuRegistry: Registered screen factory 'TaskListScreen_NextActions' in container (viewMode=nextactions)
[2025-12-17 09:50:48.413] MenuRegistry: Registered 'Next Actions' in 'Tasks' menu (hotkey=N order=35)
[2025-12-17 09:50:48.415] [INFO] Menus loaded from /home/teej/ztest/module/Pmc.Strict/consoleui/screens/MenuItems.psd1
[2025-12-17 09:50:48.416] [INFO] Launching screen: TaskList
[2025-12-17 09:50:48.418] [INFO] Resolving TaskListScreen from container...
[2025-12-17 09:50:48.419] ServiceContainer: Resolving 'TaskListScreen'...
[2025-12-17 09:50:48.422] [INFO] Resolving TaskListScreen...
[2025-12-17 09:50:48.424] ServiceContainer: Resolving 'TaskStore'...
[2025-12-17 09:50:48.426] [INFO] Resolving TaskStore...
[2025-12-17 09:50:48.744] ServiceContainer: Resolved 'TaskStore' successfully
[2025-12-17 09:50:49.482] _PopulateMenusFromRegistry: Menu 'Projects' has 3 items from registry (array)
[2025-12-17 09:50:49.518] _PopulateMenusFromRegistry: Menu 'Time' has 3 items from registry (array)
[2025-12-17 09:50:49.525] _PopulateMenusFromRegistry: Menu 'Tasks' has 11 items from registry (array)
[2025-12-17 09:50:49.530] _PopulateMenusFromRegistry: Menu 'Tools' has 4 items from registry (array)
[2025-12-17 09:50:49.533] _PopulateMenusFromRegistry: Menu 'Options' has 2 items from registry (array)
[2025-12-17 09:50:49.538] _PopulateMenusFromRegistry: Menu 'Help' has 1 items from registry (array)
[2025-12-17 09:50:49.541] ServiceContainer: Resolved 'TaskListScreen' successfully
[2025-12-17 09:50:49.542] [INFO] Pushing screen to app...
[2025-12-17 09:50:50.454] [INFO] Screen pushed successfully
[2025-12-17 09:50:50.455] [INFO] Starting event loop...
[2025-12-17 09:51:25.060] ServiceContainer: Resolving 'NotesMenuScreen'...
[2025-12-17 09:51:25.200] ServiceContainer: Resolved 'NotesMenuScreen' successfully
[2025-12-17 09:51:25.353] [INFO] NotesMenuScreen.LoadData: Loading notes for owner=global:
[2025-12-17 09:51:25.354] [INFO] NotesMenuScreen.LoadData: Getting all notes (global)
[2025-12-17 09:51:25.363] [INFO] NotesMenuScreen.LoadData: Loaded 2 notes
[2025-12-17 09:51:29.056] [INFO] NotesMenuScreen.OnItemActivated: Opening note 33d7d2dd-910f-4040-8972-d11b5200cd8a
[2025-12-17 09:51:29.097] [INFO] NoteEditorScreen: Constructor called for noteId=33d7d2dd-910f-4040-8972-d11b5200cd8a
[2025-12-17 09:51:29.167] [INFO] NoteEditorScreen: Constructor complete
[2025-12-17 09:51:29.280] [INFO] NoteEditorScreen.Initialize: Called with renderEngine and container
[2025-12-17 09:51:29.313] [INFO] NoteEditorScreen.Initialize: Complete
[2025-12-17 09:51:29.380] [INFO] NotesMenuScreen.OnItemActivated: Screen pushed successfully
[2025-12-17 09:51:40.380] [INFO] NoteEditorScreen.HandleKeyPress: Key=J Char=j Modifiers=None
[2025-12-17 09:51:40.381] [INFO] NoteEditorScreen.HandleKeyPress: Ctrl pressed=None
[2025-12-17 09:51:40.937] [INFO] NoteEditorScreen.HandleKeyPress: Key=J Char=j Modifiers=None
[2025-12-17 09:51:40.938] [INFO] NoteEditorScreen.HandleKeyPress: Ctrl pressed=None
[2025-12-17 09:51:41.336] [INFO] NoteEditorScreen.HandleKeyPress: Key=J Char=j Modifiers=None
[2025-12-17 09:51:41.337] [INFO] NoteEditorScreen.HandleKeyPress: Ctrl pressed=None
[2025-12-17 09:51:41.339] [INFO] NoteEditorScreen.HandleKeyPress: Key=J Char=j Modifiers=None
[2025-12-17 09:51:41.339] [INFO] NoteEditorScreen.HandleKeyPress: Ctrl pressed=None
[2025-12-17 09:51:41.684] [INFO] NoteEditorScreen.HandleKeyPress: Key=J Char=j Modifiers=None
[2025-12-17 09:51:41.684] [INFO] NoteEditorScreen.HandleKeyPress: Ctrl pressed=None
[2025-12-17 09:51:41.686] [INFO] NoteEditorScreen.HandleKeyPress: Key=J Char=j Modifiers=None
[2025-12-17 09:51:41.687] [INFO] NoteEditorScreen.HandleKeyPress: Ctrl pressed=None
[2025-12-17 09:51:44.410] [INFO] NoteEditorScreen.HandleKeyPress: Key=H Char=h Modifiers=None
[2025-12-17 09:51:44.411] [INFO] NoteEditorScreen.HandleKeyPress: Ctrl pressed=None
[2025-12-17 09:51:44.796] [INFO] NoteEditorScreen.HandleKeyPress: Key=H Char=h Modifiers=None
[2025-12-17 09:51:44.796] [INFO] NoteEditorScreen.HandleKeyPress: Ctrl pressed=None
[2025-12-17 09:51:46.565] [INFO] NoteEditorScreen.HandleKeyPress: Key=Escape Char= Modifiers=None
[2025-12-17 09:51:46.566] [INFO] NoteEditorScreen.HandleKeyPress: Ctrl pressed=None
[2025-12-17 09:51:46.567] [INFO] NoteEditorScreen: ESCAPE DETECTED - Auto-saving and exiting
[2025-12-17 09:51:46.589] [ERROR] NoteEditorScreen.SaveNote: Error - A parameter cannot be found that matches parameter name 'Encoding'.
[2025-12-17 09:51:46.600] [ERROR] NoteEditorScreen: ERROR during auto-save - Method invocation failed because [NoteEditorScreen] does not contain a method named 'SetStatusMessage'.
[2025-12-17 09:51:46.706] [INFO] NotesMenuScreen.LoadData: Loading notes for owner=global:
[2025-12-17 09:51:46.707] [INFO] NotesMenuScreen.LoadData: Getting all notes (global)
[2025-12-17 09:51:46.708] [INFO] NotesMenuScreen.LoadData: Loaded 2 notes
[2025-12-17 09:51:48.805] [INFO] NotesMenuScreen.OnItemActivated: Opening note 33d7d2dd-910f-4040-8972-d11b5200cd8a
[2025-12-17 09:51:48.813] [INFO] NoteEditorScreen: Constructor called for noteId=33d7d2dd-910f-4040-8972-d11b5200cd8a
[2025-12-17 09:51:48.815] [INFO] NoteEditorScreen: Constructor complete
[2025-12-17 09:51:48.931] [INFO] NoteEditorScreen.Initialize: Called with renderEngine and container
[2025-12-17 09:51:48.933] [INFO] NoteEditorScreen.Initialize: Complete
[2025-12-17 09:51:48.940] [INFO] NotesMenuScreen.OnItemActivated: Screen pushed successfully
[2025-12-17 09:51:51.563] [INFO] Event loop exited normally
[2025-12-17 09:51:51.567] [INFO] Cleanup - showing cursor and resetting terminal
