[2025-12-17 13:12:13.955] [INFO] Loading PMC module...
[2025-12-17 13:12:14.714] [INFO] PMC module loaded
[2025-12-17 13:12:14.715] [INFO] Loading dependencies (FieldSchemas, etc.)...
[2025-12-17 13:12:14.785] [INFO] Dependencies loaded
[2025-12-17 13:12:14.786] [INFO] Loading SpeedTUI framework...
[2025-12-17 13:12:14.965] [INFO] SpeedTUI framework loaded
[2025-12-17 13:12:14.966] [INFO] Loading PraxisVT...
[2025-12-17 13:12:14.967] [INFO] PraxisVT loaded
[2025-12-17 13:12:14.968] [INFO] Loading core dependencies...
[2025-12-17 13:12:14.989] [INFO] Core dependencies loaded
[2025-12-17 13:12:14.990] [INFO] Loading widget base classes...
[2025-12-17 13:12:15.025] [INFO] Widget base classes loaded
[2025-12-17 13:12:15.025] [INFO] Loading services...
[2025-12-17 13:12:15.091] [INFO] Services loaded
[2025-12-17 13:12:15.104] [INFO] Loading helpers...
[2025-12-17 13:12:15.474] [INFO] Helpers loaded
[2025-12-17 13:12:15.474] [INFO] Loading widgets...
[2025-12-17 13:12:15.677] [INFO] Widgets loaded
[2025-12-17 13:12:15.678] [INFO] Loading screen base class...
[2025-12-17 13:12:15.706] [INFO] Screen base class loaded
[2025-12-17 13:12:15.706] [INFO] Loading HelpViewScreen (needed by base classes)...
[2025-12-17 13:12:15.711] [INFO] HelpViewScreen loaded
[2025-12-17 13:12:15.712] [INFO] Loading base classes...
[2025-12-17 13:12:15.779] [INFO] Base classes loaded
[2025-12-17 13:12:15.780] [INFO] Loading ServiceContainer (needed by screens)...
[2025-12-17 13:12:15.785] [INFO] ServiceContainer loaded
[2025-12-17 13:12:15.786] [INFO] Loading remaining screens...
[2025-12-17 13:12:15.851] [INFO] Remaining screens loaded
[2025-12-17 13:12:15.852] [INFO] Loading PmcApplication...
[2025-12-17 13:12:15.867] [INFO] PmcApplication loaded
[2025-12-17 13:12:15.868] [INFO] All components loaded successfully
[2025-12-17 13:12:15.884] [INFO] Starting PMC TUI with screen: TaskList
[2025-12-17 13:12:15.889] [INFO] Cleared stale PmcSharedMenuBar and MenuRegistry singleton
[2025-12-17 13:12:15.890] [INFO] Creating ServiceContainer...
[2025-12-17 13:12:15.896] [INFO] ServiceContainer created
[2025-12-17 13:12:15.897] [INFO] Registering Theme service...
[2025-12-17 13:12:15.911] ServiceContainer: Registered 'Theme' (singleton=True)
[2025-12-17 13:12:15.913] [INFO] Registering ThemeManager...
[2025-12-17 13:12:15.914] ServiceContainer: Registered 'ThemeManager' (singleton=True)
[2025-12-17 13:12:15.914] [INFO] Registering Config service...
[2025-12-17 13:12:15.915] ServiceContainer: Registered 'Config' (singleton=True)
[2025-12-17 13:12:15.916] [INFO] Registering TaskStore service...
[2025-12-17 13:12:15.916] ServiceContainer: Registered 'TaskStore' (singleton=True)
[2025-12-17 13:12:15.917] [INFO] Registering MenuRegistry service...
[2025-12-17 13:12:15.918] ServiceContainer: Registered 'MenuRegistry' (singleton=True)
[2025-12-17 13:12:15.918] [INFO] Registering Application service...
[2025-12-17 13:12:15.919] ServiceContainer: Registered 'Application' (singleton=True)
[2025-12-17 13:12:15.919] [INFO] Registering CommandService...
[2025-12-17 13:12:15.920] ServiceContainer: Registered 'CommandService' (singleton=True)
[2025-12-17 13:12:15.921] [INFO] Registering ChecklistService...
[2025-12-17 13:12:15.925] ServiceContainer: Registered 'ChecklistService' (singleton=True)
[2025-12-17 13:12:15.926] [INFO] Registering NoteService...
[2025-12-17 13:12:15.927] ServiceContainer: Registered 'NoteService' (singleton=True)
[2025-12-17 13:12:15.927] [INFO] Registering ExcelMappingService...
[2025-12-17 13:12:15.928] ServiceContainer: Registered 'ExcelMappingService' (singleton=True)
[2025-12-17 13:12:15.928] [INFO] Registering PreferencesService...
[2025-12-17 13:12:15.929] ServiceContainer: Registered 'PreferencesService' (singleton=True)
[2025-12-17 13:12:15.930] [INFO] Registering screen factories...
[2025-12-17 13:12:15.930] ServiceContainer: Registered 'TaskListScreen' (singleton=False)
[2025-12-17 13:12:15.931] [INFO] Resolving Application from container...
[2025-12-17 13:12:15.942] ServiceContainer: Resolving 'Application'...
[2025-12-17 13:12:15.943] [INFO] Resolving Application...
[2025-12-17 13:12:15.944] ServiceContainer: Resolving 'Theme'...
[2025-12-17 13:12:15.949] [INFO] Resolving Theme: Calling Initialize-PmcThemeSystem...
[2025-12-17 13:12:15.958] [INFO] Theme resolved: #33aaff
[2025-12-17 13:12:15.959] [INFO] Loading PmcThemeEngine...
[2025-12-17 13:12:16.009] [INFO] LoadFromConfig: Loaded Properties with 23 items
[2025-12-17 13:12:16.026] [INFO] PmcThemeEngine initialized with PMC palette (14 colors)
[2025-12-17 13:12:16.029] ServiceContainer: Resolved 'Theme' successfully
[2025-12-17 13:12:16.468] ServiceContainer: Resolving 'ThemeManager'...
[2025-12-17 13:12:16.470] [INFO] Resolving ThemeManager...
[2025-12-17 13:12:16.495] ServiceContainer: Resolved 'ThemeManager' successfully
[2025-12-17 13:12:16.503] ServiceContainer: Resolved 'Application' successfully
[2025-12-17 13:12:16.504] [INFO] Application resolved and assigned to $global:PmcApp
[2025-12-17 13:12:16.505] [INFO] Loading menus from manifest...
[2025-12-17 13:12:16.505] ServiceContainer: Resolving 'MenuRegistry'...
[2025-12-17 13:12:16.506] [INFO] Resolving MenuRegistry...
[2025-12-17 13:12:16.514] ServiceContainer: Resolved 'MenuRegistry' successfully
[2025-12-17 13:12:16.528] MenuRegistry: Loaded manifest with 24 entries
[2025-12-17 13:12:16.546] ServiceContainer: Registered 'ChecklistTemplatesFolderScreen' (singleton=False)
[2025-12-17 13:12:16.547] MenuRegistry: Registered screen factory 'ChecklistTemplatesFolderScreen' in container (viewMode=)
[2025-12-17 13:12:16.558] MenuRegistry: Registered 'Checklist Templates' in 'Tools' menu (hotkey=H order=30)
[2025-12-17 13:12:16.561] ServiceContainer: Registered 'TaskListScreen_Upcoming' (singleton=False)
[2025-12-17 13:12:16.562] MenuRegistry: Registered screen factory 'TaskListScreen_Upcoming' in container (viewMode=upcoming)
[2025-12-17 13:12:16.562] MenuRegistry: Registered 'Upcoming' in 'Tasks' menu (hotkey=U order=25)
[2025-12-17 13:12:16.563] ServiceContainer: Registered 'TaskListScreen_NextActions' (singleton=False)
[2025-12-17 13:12:16.564] MenuRegistry: Registered screen factory 'TaskListScreen_NextActions' in container (viewMode=nextactions)
[2025-12-17 13:12:16.565] MenuRegistry: Registered 'Next Actions' in 'Tasks' menu (hotkey=N order=35)
[2025-12-17 13:12:16.566] ServiceContainer: Registered 'SettingsScreen' (singleton=False)
[2025-12-17 13:12:16.567] MenuRegistry: Registered screen factory 'SettingsScreen' in container (viewMode=)
[2025-12-17 13:12:16.571] MenuRegistry: Registered 'Settings' in 'Options' menu (hotkey=S order=20)
[2025-12-17 13:12:16.573] ServiceContainer: Registered 'ExcelProfileManagerScreen' (singleton=False)
[2025-12-17 13:12:16.573] MenuRegistry: Registered screen factory 'ExcelProfileManagerScreen' in container (viewMode=)
[2025-12-17 13:12:16.574] MenuRegistry: Registered 'Excel Profiles' in 'Projects' menu (hotkey=M order=50)
[2025-12-17 13:12:16.575] ServiceContainer: Registered 'ChecklistsLauncherScreen' (singleton=False)
[2025-12-17 13:12:16.576] MenuRegistry: Registered screen factory 'ChecklistsLauncherScreen' in container (viewMode=)
[2025-12-17 13:12:16.576] MenuRegistry: Registered 'Checklists' in 'Tools' menu (hotkey=C order=25)
[2025-12-17 13:12:16.577] ServiceContainer: Registered 'TaskListScreen_Agenda' (singleton=False)
[2025-12-17 13:12:16.578] MenuRegistry: Registered screen factory 'TaskListScreen_Agenda' in container (viewMode=agenda)
[2025-12-17 13:12:16.579] MenuRegistry: Registered 'Agenda View' in 'Tasks' menu (hotkey=A order=50)
[2025-12-17 13:12:16.580] ServiceContainer: Registered 'ThemeEditorScreen' (singleton=False)
[2025-12-17 13:12:16.580] MenuRegistry: Registered screen factory 'ThemeEditorScreen' in container (viewMode=)
[2025-12-17 13:12:16.581] MenuRegistry: Registered 'Theme Editor' in 'Options' menu (hotkey=T order=10)
[2025-12-17 13:12:16.582] ServiceContainer: Registered 'ExcelImportScreen' (singleton=False)
[2025-12-17 13:12:16.583] MenuRegistry: Registered screen factory 'ExcelImportScreen' in container (viewMode=)
[2025-12-17 13:12:16.584] MenuRegistry: Registered 'Import from Excel' in 'Projects' menu (hotkey=I order=40)
[2025-12-17 13:12:16.585] ServiceContainer: Registered 'HelpViewScreen' (singleton=False)
[2025-12-17 13:12:16.585] MenuRegistry: Registered screen factory 'HelpViewScreen' in container (viewMode=)
[2025-12-17 13:12:16.586] MenuRegistry: Registered 'Help' in 'Help' menu (hotkey=H order=10)
[2025-12-17 13:12:16.587] ServiceContainer: Registered 'TaskListScreen_Month' (singleton=False)
[2025-12-17 13:12:16.588] MenuRegistry: Registered screen factory 'TaskListScreen_Month' in container (viewMode=month)
[2025-12-17 13:12:16.589] MenuRegistry: Registered 'Month View' in 'Tasks' menu (hotkey=M order=45)
[2025-12-17 13:12:16.590] ServiceContainer: Registered 'TaskListScreen_Week' (singleton=False)
[2025-12-17 13:12:16.590] MenuRegistry: Registered screen factory 'TaskListScreen_Week' in container (viewMode=week)
[2025-12-17 13:12:16.591] MenuRegistry: Registered 'Week View' in 'Tasks' menu (hotkey=W order=20)
[2025-12-17 13:12:16.592] ServiceContainer: Registered 'KanbanScreenV2' (singleton=False)
[2025-12-17 13:12:16.593] MenuRegistry: Registered screen factory 'KanbanScreenV2' in container (viewMode=)
[2025-12-17 13:12:16.593] MenuRegistry: Registered 'Kanban Board' in 'Tasks' menu (hotkey=K order=55)
[2025-12-17 13:12:16.594] ServiceContainer: Registered 'TaskListScreen_Default' (singleton=False)
[2025-12-17 13:12:16.595] MenuRegistry: Registered screen factory 'TaskListScreen_Default' in container (viewMode=)
[2025-12-17 13:12:16.596] MenuRegistry: Registered 'Task List' in 'Tasks' menu (hotkey=L order=5)
[2025-12-17 13:12:16.597] ServiceContainer: Registered 'ProjectListScreen' (singleton=False)
[2025-12-17 13:12:16.597] MenuRegistry: Registered screen factory 'ProjectListScreen' in container (viewMode=)
[2025-12-17 13:12:16.598] MenuRegistry: Registered 'Project List' in 'Projects' menu (hotkey=L order=10)
[2025-12-17 13:12:16.599] ServiceContainer: Registered 'TaskListScreen_Overdue' (singleton=False)
[2025-12-17 13:12:16.600] MenuRegistry: Registered screen factory 'TaskListScreen_Overdue' in container (viewMode=overdue)
[2025-12-17 13:12:16.601] MenuRegistry: Registered 'Overdue' in 'Tasks' menu (hotkey=O order=30)
[2025-12-17 13:12:16.602] ServiceContainer: Registered 'TaskListScreen_Tomorrow' (singleton=False)
[2025-12-17 13:12:16.602] MenuRegistry: Registered screen factory 'TaskListScreen_Tomorrow' in container (viewMode=tomorrow)
[2025-12-17 13:12:16.603] MenuRegistry: Registered 'Tomorrow' in 'Tasks' menu (hotkey=T order=15)
[2025-12-17 13:12:16.604] ServiceContainer: Registered 'CommandLibraryScreen' (singleton=False)
[2025-12-17 13:12:16.608] MenuRegistry: Registered screen factory 'CommandLibraryScreen' in container (viewMode=)
[2025-12-17 13:12:16.608] MenuRegistry: Registered 'Command Library' in 'Tools' menu (hotkey=L order=10)
[2025-12-17 13:12:16.610] ServiceContainer: Registered 'WeeklyTimeReportScreen' (singleton=False)
[2025-12-17 13:12:16.610] MenuRegistry: Registered screen factory 'WeeklyTimeReportScreen' in container (viewMode=)
[2025-12-17 13:12:16.611] MenuRegistry: Registered 'Weekly Report' in 'Time' menu (hotkey=W order=10)
[2025-12-17 13:12:16.612] ServiceContainer: Registered 'TimeListScreen' (singleton=False)
[2025-12-17 13:12:16.613] MenuRegistry: Registered screen factory 'TimeListScreen' in container (viewMode=)
[2025-12-17 13:12:16.614] MenuRegistry: Registered 'Time Tracking' in 'Time' menu (hotkey=T order=5)
[2025-12-17 13:12:16.615] ServiceContainer: Registered 'TaskListScreen_NoDate' (singleton=False)
[2025-12-17 13:12:16.615] MenuRegistry: Registered screen factory 'TaskListScreen_NoDate' in container (viewMode=noduedate)
[2025-12-17 13:12:16.616] MenuRegistry: Registered 'No Due Date' in 'Tasks' menu (hotkey=D order=40)
[2025-12-17 13:12:16.618] ServiceContainer: Registered 'NotesMenuScreen' (singleton=False)
[2025-12-17 13:12:16.618] MenuRegistry: Registered screen factory 'NotesMenuScreen' in container (viewMode=)
[2025-12-17 13:12:16.619] MenuRegistry: Registered 'Notes' in 'Tools' menu (hotkey=N order=20)
[2025-12-17 13:12:16.621] ServiceContainer: Registered 'TimeReportScreen' (singleton=False)
[2025-12-17 13:12:16.621] MenuRegistry: Registered screen factory 'TimeReportScreen' in container (viewMode=)
[2025-12-17 13:12:16.622] MenuRegistry: Registered 'Time Report' in 'Time' menu (hotkey=R order=20)
[2025-12-17 13:12:16.623] ServiceContainer: Registered 'TaskListScreen_Today' (singleton=False)
[2025-12-17 13:12:16.624] MenuRegistry: Registered screen factory 'TaskListScreen_Today' in container (viewMode=today)
[2025-12-17 13:12:16.625] MenuRegistry: Registered 'Today' in 'Tasks' menu (hotkey=Y order=10)
[2025-12-17 13:12:16.626] [INFO] Menus loaded from /home/teej/ztest/module/Pmc.Strict/consoleui/screens/MenuItems.psd1
[2025-12-17 13:12:16.627] [INFO] Launching screen: TaskList
[2025-12-17 13:12:16.628] [INFO] Resolving TaskListScreen from container...
[2025-12-17 13:12:16.629] ServiceContainer: Resolving 'TaskListScreen'...
[2025-12-17 13:12:16.630] [INFO] Resolving TaskListScreen...
[2025-12-17 13:12:16.631] ServiceContainer: Resolving 'TaskStore'...
[2025-12-17 13:12:16.632] [INFO] Resolving TaskStore...
[2025-12-17 13:12:16.824] ServiceContainer: Resolved 'TaskStore' successfully
[2025-12-17 13:12:17.239] _PopulateMenusFromRegistry: Menu 'Tools' has 4 items from registry (array)
[2025-12-17 13:12:17.253] _PopulateMenusFromRegistry: Menu 'Options' has 2 items from registry (array)
[2025-12-17 13:12:17.255] _PopulateMenusFromRegistry: Menu 'Time' has 3 items from registry (array)
[2025-12-17 13:12:17.264] _PopulateMenusFromRegistry: Menu 'Projects' has 3 items from registry (array)
[2025-12-17 13:12:17.267] _PopulateMenusFromRegistry: Menu 'Help' has 1 items from registry (array)
[2025-12-17 13:12:17.271] _PopulateMenusFromRegistry: Menu 'Tasks' has 11 items from registry (array)
[2025-12-17 13:12:17.273] ServiceContainer: Resolved 'TaskListScreen' successfully
[2025-12-17 13:12:17.274] [INFO] Pushing screen to app...
[2025-12-17 13:12:17.830] [INFO] Screen pushed successfully
[2025-12-17 13:12:17.831] [INFO] Starting event loop...
[2025-12-17 13:12:50.385] ServiceContainer: Resolving 'NotesMenuScreen'...
[2025-12-17 13:12:50.494] ServiceContainer: Resolved 'NotesMenuScreen' successfully
[2025-12-17 13:12:50.584] [INFO] NotesMenuScreen.LoadData: Loading notes for owner=global:
[2025-12-17 13:12:50.584] [INFO] NotesMenuScreen.LoadData: Getting all notes (global)
[2025-12-17 13:12:50.594] [INFO] NotesMenuScreen.LoadData: Loaded 18 notes
[2025-12-17 13:13:11.639] [INFO] NotesMenuScreen.LoadData: Loading notes for owner=global:
[2025-12-17 13:13:11.640] [INFO] NotesMenuScreen.LoadData: Getting all notes (global)
[2025-12-17 13:13:11.643] [INFO] NotesMenuScreen.LoadData: Loaded 19 notes
[2025-12-17 13:13:11.643] [INFO] NotesMenuScreen.OnAddItem: Note ID = a272d1c3-b0db-4ad0-98bc-be6704fc78f1
[2025-12-17 13:13:11.645] [INFO] NotesMenuScreen.OnItemActivated: Opening note a272d1c3-b0db-4ad0-98bc-be6704fc78f1
[2025-12-17 13:13:11.665] [INFO] NoteEditorScreen: Constructor called for noteId=a272d1c3-b0db-4ad0-98bc-be6704fc78f1
[2025-12-17 13:13:11.712] [INFO] NoteEditorScreen: Constructor complete
[2025-12-17 13:13:11.783] [INFO] NoteEditorScreen.Initialize: Called with renderEngine and container
[2025-12-17 13:13:11.801] [INFO] NoteEditorScreen.Initialize: Complete
[2025-12-17 13:13:11.847] [INFO] NotesMenuScreen.OnItemActivated: Screen pushed successfully
[2025-12-17 13:13:14.094] [INFO] NoteEditorScreen.HandleKeyPress: Key=A Char=a Modifiers=None
[2025-12-17 13:13:14.095] [INFO] NoteEditorScreen.HandleKeyPress: Ctrl pressed=None
[2025-12-17 13:13:15.246] [INFO] NoteEditorScreen.HandleKeyPress: Key=S Char=s Modifiers=None
[2025-12-17 13:13:15.246] [INFO] NoteEditorScreen.HandleKeyPress: Ctrl pressed=None
[2025-12-17 13:13:15.494] [INFO] NoteEditorScreen.HandleKeyPress: Key=A Char=a Modifiers=None
[2025-12-17 13:13:15.495] [INFO] NoteEditorScreen.HandleKeyPress: Ctrl pressed=None
[2025-12-17 13:13:15.496] [INFO] NoteEditorScreen.HandleKeyPress: Key=D Char=d Modifiers=None
[2025-12-17 13:13:15.497] [INFO] NoteEditorScreen.HandleKeyPress: Ctrl pressed=None
[2025-12-17 13:13:15.916] [INFO] NoteEditorScreen.HandleKeyPress: Key=A Char=a Modifiers=None
[2025-12-17 13:13:15.916] [INFO] NoteEditorScreen.HandleKeyPress: Ctrl pressed=None
[2025-12-17 13:13:16.165] [INFO] NoteEditorScreen.HandleKeyPress: Key=D Char=d Modifiers=None
[2025-12-17 13:13:16.165] [INFO] NoteEditorScreen.HandleKeyPress: Ctrl pressed=None
[2025-12-17 13:13:16.166] [INFO] NoteEditorScreen.HandleKeyPress: Key=S Char=s Modifiers=None
[2025-12-17 13:13:16.167] [INFO] NoteEditorScreen.HandleKeyPress: Ctrl pressed=None
[2025-12-17 13:48:32.342] [INFO] Event loop exited normally
[2025-12-17 13:48:32.343] [INFO] Cleanup - showing cursor and resetting terminal
