[2025-12-18 18:27:41.129] [INFO] Loading PMC module...
[2025-12-18 18:27:42.431] [INFO] PMC module loaded
[2025-12-18 18:27:42.435] [INFO] Loading dependencies (FieldSchemas, etc.)...
[2025-12-18 18:27:42.563] [INFO] Dependencies loaded
[2025-12-18 18:27:42.565] [INFO] Loading SpeedTUI framework...
[2025-12-18 18:27:43.726] [INFO] SpeedTUI framework loaded
[2025-12-18 18:27:43.728] [INFO] Loading PraxisVT...
[2025-12-18 18:27:43.731] [INFO] PraxisVT loaded
[2025-12-18 18:27:43.732] [INFO] Loading core dependencies...
[2025-12-18 18:27:43.796] [INFO] Core dependencies loaded
[2025-12-18 18:27:43.798] [INFO] Loading widget base classes...
[2025-12-18 18:27:43.866] [INFO] Widget base classes loaded
[2025-12-18 18:27:43.868] [INFO] Loading services...
[2025-12-18 18:27:44.009] [INFO] Services loaded
[2025-12-18 18:27:44.021] [INFO] Loading helpers...
[2025-12-18 18:27:44.226] [INFO] Helpers loaded
[2025-12-18 18:27:44.228] [INFO] Loading widgets...
[2025-12-18 18:27:44.596] [INFO] Widgets loaded
[2025-12-18 18:27:44.598] [INFO] Loading screen base class...
[2025-12-18 18:27:44.624] [INFO] Screen base class loaded
[2025-12-18 18:27:44.625] [INFO] Loading HelpViewScreen (needed by base classes)...
[2025-12-18 18:27:44.635] [INFO] HelpViewScreen loaded
[2025-12-18 18:27:44.636] [INFO] Loading base classes...
[2025-12-18 18:27:44.703] [INFO] Base classes loaded
[2025-12-18 18:27:44.705] [INFO] Loading ServiceContainer (needed by screens)...
[2025-12-18 18:27:44.712] [INFO] ServiceContainer loaded
[2025-12-18 18:27:44.713] [INFO] Loading remaining screens...
[2025-12-18 18:27:44.865] [INFO] Remaining screens loaded
[2025-12-18 18:27:44.867] [INFO] Loading PmcApplication...
[2025-12-18 18:27:44.884] [INFO] PmcApplication loaded
[2025-12-18 18:27:44.886] [INFO] All components loaded successfully
