[2025-12-16 14:15:10.601] [INFO] Loading PMC module...
[2025-12-16 14:15:12.163] [INFO] PMC module loaded
[2025-12-16 14:15:12.166] [INFO] Loading dependencies (FieldSchemas, etc.)...
[2025-12-16 14:15:12.314] [INFO] Dependencies loaded
[2025-12-16 14:15:12.316] [INFO] Loading SpeedTUI framework...
[2025-12-16 14:15:12.692] [INFO] SpeedTUI framework loaded
[2025-12-16 14:15:12.694] [INFO] Loading PraxisVT...
[2025-12-16 14:15:12.698] [INFO] PraxisVT loaded
[2025-12-16 14:15:12.700] [INFO] Loading core dependencies...
[2025-12-16 14:15:12.770] [INFO] Core dependencies loaded
[2025-12-16 14:15:12.772] [INFO] Loading widget base classes...
[2025-12-16 14:15:12.832] [INFO] Widget base classes loaded
[2025-12-16 14:15:12.834] [INFO] Loading services...
[2025-12-16 14:15:13.045] [INFO] Services loaded
[2025-12-16 14:15:13.047] [INFO] Loading helpers...
[2025-12-16 14:15:14.445] [INFO] Helpers loaded
[2025-12-16 14:15:14.447] [INFO] Loading widgets...
[2025-12-16 14:15:14.911] [INFO] Widgets loaded
[2025-12-16 14:15:14.913] [INFO] Loading screen base class...
[2025-12-16 14:15:14.929] [INFO] Screen base class loaded
[2025-12-16 14:15:14.931] [INFO] Loading HelpViewScreen (needed by base classes)...
[2025-12-16 14:15:14.940] [INFO] HelpViewScreen loaded
[2025-12-16 14:15:14.942] [INFO] Loading base classes...
[2025-12-16 14:15:15.047] [INFO] Base classes loaded
[2025-12-16 14:15:15.049] [INFO] Loading ServiceContainer (needed by screens)...
[2025-12-16 14:15:15.056] [INFO] ServiceContainer loaded
[2025-12-16 14:15:15.058] [INFO] Loading remaining screens...
[2025-12-16 14:15:15.177] [INFO] Remaining screens loaded
[2025-12-16 14:15:15.179] [INFO] Loading PmcApplication...
[2025-12-16 14:15:15.200] [INFO] PmcApplication loaded
[2025-12-16 14:15:15.202] [INFO] All components loaded successfully
