[2025-12-16 10:46:42.838] [INFO] Loading PMC module...
[2025-12-16 10:46:44.178] [INFO] PMC module loaded
[2025-12-16 10:46:44.183] [INFO] Loading dependencies (FieldSchemas, etc.)...
[2025-12-16 10:46:44.300] [INFO] Dependencies loaded
[2025-12-16 10:46:44.302] [INFO] Loading SpeedTUI framework...
[2025-12-16 10:46:44.646] [INFO] SpeedTUI framework loaded
[2025-12-16 10:46:44.648] [INFO] Loading PraxisVT...
[2025-12-16 10:46:44.650] [INFO] PraxisVT loaded
[2025-12-16 10:46:44.651] [INFO] Loading core dependencies...
[2025-12-16 10:46:44.692] [INFO] Core dependencies loaded
[2025-12-16 10:46:44.693] [INFO] Loading widget base classes...
[2025-12-16 10:46:44.740] [INFO] Widget base classes loaded
[2025-12-16 10:46:44.742] [INFO] Loading services...
[2025-12-16 10:46:44.882] [INFO] Services loaded
[2025-12-16 10:46:44.884] [INFO] Loading helpers...
[2025-12-16 10:46:45.921] [INFO] Helpers loaded
[2025-12-16 10:46:45.922] [INFO] Loading widgets...
[2025-12-16 10:46:46.314] [INFO] Widgets loaded
[2025-12-16 10:46:46.327] [INFO] Loading screen base class...
[2025-12-16 10:46:46.342] [INFO] Screen base class loaded
[2025-12-16 10:46:46.344] [INFO] Loading HelpViewScreen (needed by base classes)...
[2025-12-16 10:46:46.352] [INFO] HelpViewScreen loaded
[2025-12-16 10:46:46.353] [INFO] Loading base classes...
[2025-12-16 10:46:46.414] [INFO] Base classes loaded
[2025-12-16 10:46:46.416] [INFO] Loading ServiceContainer (needed by screens)...
[2025-12-16 10:46:46.423] [INFO] ServiceContainer loaded
[2025-12-16 10:46:46.425] [INFO] Loading remaining screens...
[2025-12-16 10:46:46.554] [INFO] Remaining screens loaded
[2025-12-16 10:46:46.556] [INFO] Loading PmcApplication...
[2025-12-16 10:46:46.572] [INFO] PmcApplication loaded
[2025-12-16 10:46:46.574] [INFO] All components loaded successfully
[2025-12-16 10:46:46.594] [INFO] Starting PMC TUI with screen: TaskList
[2025-12-16 10:46:46.604] [INFO] Cleared stale PmcSharedMenuBar and MenuRegistry singleton
[2025-12-16 10:46:46.605] [INFO] Creating ServiceContainer...
[2025-12-16 10:46:46.617] [INFO] ServiceContainer created
[2025-12-16 10:46:46.619] [INFO] Registering Theme service...
[2025-12-16 10:46:46.638] ServiceContainer: Registered 'Theme' (singleton=True)
[2025-12-16 10:46:46.642] [INFO] Registering ThemeManager...
[2025-12-16 10:46:46.643] ServiceContainer: Registered 'ThemeManager' (singleton=True)
[2025-12-16 10:46:46.644] [INFO] Registering Config service...
[2025-12-16 10:46:46.645] ServiceContainer: Registered 'Config' (singleton=True)
[2025-12-16 10:46:46.646] [INFO] Registering TaskStore service...
[2025-12-16 10:46:46.647] ServiceContainer: Registered 'TaskStore' (singleton=True)
[2025-12-16 10:46:46.648] [INFO] Registering MenuRegistry service...
[2025-12-16 10:46:46.649] ServiceContainer: Registered 'MenuRegistry' (singleton=True)
[2025-12-16 10:46:46.650] [INFO] Registering Application service...
[2025-12-16 10:46:46.651] ServiceContainer: Registered 'Application' (singleton=True)
[2025-12-16 10:46:46.652] [INFO] Registering CommandService...
[2025-12-16 10:46:46.653] ServiceContainer: Registered 'CommandService' (singleton=True)
[2025-12-16 10:46:46.660] [INFO] Registering ChecklistService...
[2025-12-16 10:46:46.661] ServiceContainer: Registered 'ChecklistService' (singleton=True)
[2025-12-16 10:46:46.662] [INFO] Registering NoteService...
[2025-12-16 10:46:46.663] ServiceContainer: Registered 'NoteService' (singleton=True)
[2025-12-16 10:46:46.664] [INFO] Registering ExcelMappingService...
[2025-12-16 10:46:46.665] ServiceContainer: Registered 'ExcelMappingService' (singleton=True)
[2025-12-16 10:46:46.666] [INFO] Registering PreferencesService...
[2025-12-16 10:46:46.667] ServiceContainer: Registered 'PreferencesService' (singleton=True)
[2025-12-16 10:46:46.668] [INFO] Registering screen factories...
[2025-12-16 10:46:46.669] ServiceContainer: Registered 'TaskListScreen' (singleton=False)
[2025-12-16 10:46:46.670] [INFO] Resolving Application from container...
[2025-12-16 10:46:46.687] ServiceContainer: Resolving 'Application'...
[2025-12-16 10:46:46.689] [INFO] Resolving Application...
[2025-12-16 10:46:46.691] ServiceContainer: Resolving 'Theme'...
[2025-12-16 10:46:46.699] [INFO] Resolving Theme: Calling Initialize-PmcThemeSystem...
[2025-12-16 10:46:46.714] [INFO] Theme resolved: #33aaff
[2025-12-16 10:46:46.716] [INFO] Loading PmcThemeEngine...
[2025-12-16 10:46:46.786] [DEBUG] Palette [Error] -> #BE2914 (R=190 G=41 B=20)
[2025-12-16 10:46:46.787] [DEBUG] Palette [Text] -> #C2EACF (R=194 G=234 B=207)
[2025-12-16 10:46:46.788] [DEBUG] Palette [Label] -> #5C8F6D (R=92 G=143 B=109)
[2025-12-16 10:46:46.789] [DEBUG] Palette [Success] -> #2CB158 (R=44 G=177 B=88)
[2025-12-16 10:46:46.798] [DEBUG] Palette [Status] -> #5C8F6D (R=92 G=143 B=109)
[2025-12-16 10:46:46.799] [DEBUG] Palette [Footer] -> #185F30 (R=24 G=95 B=48)
[2025-12-16 10:46:46.801] [DEBUG] Palette [Primary] -> #228844 (R=34 G=136 B=68)
[2025-12-16 10:46:46.802] [DEBUG] Palette [Border] -> #185F30 (R=24 G=95 B=48)
[2025-12-16 10:46:46.803] [DEBUG] Palette [Header] -> #228844 (R=34 G=136 B=68)
[2025-12-16 10:46:46.804] [DEBUG] Palette [Warning] -> #7FCA14 (R=127 G=202 B=20)
[2025-12-16 10:46:46.805] [DEBUG] Palette [Bright] -> #2CB158 (R=44 G=177 B=88)
[2025-12-16 10:46:46.806] [DEBUG] Palette [Cursor] -> #228844 (R=34 G=136 B=68)
[2025-12-16 10:46:46.807] [DEBUG] Palette [Highlight] -> #228844 (R=34 G=136 B=68)
[2025-12-16 10:46:46.809] [DEBUG] Palette [Muted] -> #5C8F6D (R=92 G=143 B=109)
[2025-12-16 10:46:46.825] [INFO] LoadFromConfig: Loaded Properties with 16 items
[2025-12-16 10:46:46.837] [INFO] PmcThemeEngine initialized with PMC palette (14 colors)
[2025-12-16 10:46:46.842] ServiceContainer: Resolved 'Theme' successfully
[2025-12-16 10:46:47.410] ServiceContainer: Resolving 'ThemeManager'...
[2025-12-16 10:46:47.413] [INFO] Resolving ThemeManager...
[2025-12-16 10:46:47.451] ServiceContainer: Resolved 'ThemeManager' successfully
[2025-12-16 10:46:47.464] ServiceContainer: Resolved 'Application' successfully
[2025-12-16 10:46:47.466] [INFO] Application resolved and assigned to $global:PmcApp
[2025-12-16 10:46:47.467] [INFO] Loading menus from manifest...
[2025-12-16 10:46:47.468] ServiceContainer: Resolving 'MenuRegistry'...
[2025-12-16 10:46:47.470] [INFO] Resolving MenuRegistry...
[2025-12-16 10:46:47.483] ServiceContainer: Resolved 'MenuRegistry' successfully
[2025-12-16 10:46:47.506] MenuRegistry: Loaded manifest with 24 entries
[2025-12-16 10:46:47.540] ServiceContainer: Registered 'SettingsScreen' (singleton=False)
[2025-12-16 10:46:47.541] MenuRegistry: Registered screen factory 'SettingsScreen' in container (viewMode=)
[2025-12-16 10:46:47.570] MenuRegistry: Registered 'Settings' in 'Options' menu (hotkey=S order=20)
[2025-12-16 10:46:47.573] ServiceContainer: Registered 'TimeListScreen' (singleton=False)
[2025-12-16 10:46:47.574] MenuRegistry: Registered screen factory 'TimeListScreen' in container (viewMode=)
[2025-12-16 10:46:47.575] MenuRegistry: Registered 'Time Tracking' in 'Time' menu (hotkey=T order=5)
[2025-12-16 10:46:47.579] ServiceContainer: Registered 'TaskListScreen_NoDate' (singleton=False)
[2025-12-16 10:46:47.580] MenuRegistry: Registered screen factory 'TaskListScreen_NoDate' in container (viewMode=noduedate)
[2025-12-16 10:46:47.582] MenuRegistry: Registered 'No Due Date' in 'Tasks' menu (hotkey=D order=40)
[2025-12-16 10:46:47.583] ServiceContainer: Registered 'CommandLibraryScreen' (singleton=False)
[2025-12-16 10:46:47.584] MenuRegistry: Registered screen factory 'CommandLibraryScreen' in container (viewMode=)
[2025-12-16 10:46:47.586] MenuRegistry: Registered 'Command Library' in 'Tools' menu (hotkey=L order=10)
[2025-12-16 10:46:47.587] ServiceContainer: Registered 'ThemeEditorScreen' (singleton=False)
[2025-12-16 10:46:47.588] MenuRegistry: Registered screen factory 'ThemeEditorScreen' in container (viewMode=)
[2025-12-16 10:46:47.589] MenuRegistry: Registered 'Theme Editor' in 'Options' menu (hotkey=T order=10)
[2025-12-16 10:46:47.591] ServiceContainer: Registered 'NotesMenuScreen' (singleton=False)
[2025-12-16 10:46:47.592] MenuRegistry: Registered screen factory 'NotesMenuScreen' in container (viewMode=)
[2025-12-16 10:46:47.593] MenuRegistry: Registered 'Notes' in 'Tools' menu (hotkey=N order=20)
[2025-12-16 10:46:47.595] ServiceContainer: Registered 'TaskListScreen_Agenda' (singleton=False)
[2025-12-16 10:46:47.596] MenuRegistry: Registered screen factory 'TaskListScreen_Agenda' in container (viewMode=agenda)
[2025-12-16 10:46:47.597] MenuRegistry: Registered 'Agenda View' in 'Tasks' menu (hotkey=A order=50)
[2025-12-16 10:46:47.598] ServiceContainer: Registered 'TaskListScreen_Month' (singleton=False)
[2025-12-16 10:46:47.599] MenuRegistry: Registered screen factory 'TaskListScreen_Month' in container (viewMode=month)
[2025-12-16 10:46:47.600] MenuRegistry: Registered 'Month View' in 'Tasks' menu (hotkey=M order=45)
[2025-12-16 10:46:47.602] ServiceContainer: Registered 'TaskListScreen_Overdue' (singleton=False)
[2025-12-16 10:46:47.603] MenuRegistry: Registered screen factory 'TaskListScreen_Overdue' in container (viewMode=overdue)
[2025-12-16 10:46:47.604] MenuRegistry: Registered 'Overdue' in 'Tasks' menu (hotkey=O order=30)
[2025-12-16 10:46:47.606] ServiceContainer: Registered 'TaskListScreen_Upcoming' (singleton=False)
[2025-12-16 10:46:47.606] MenuRegistry: Registered screen factory 'TaskListScreen_Upcoming' in container (viewMode=upcoming)
[2025-12-16 10:46:47.608] MenuRegistry: Registered 'Upcoming' in 'Tasks' menu (hotkey=U order=25)
[2025-12-16 10:46:47.609] ServiceContainer: Registered 'KanbanScreenV2' (singleton=False)
[2025-12-16 10:46:47.610] MenuRegistry: Registered screen factory 'KanbanScreenV2' in container (viewMode=)
[2025-12-16 10:46:47.611] MenuRegistry: Registered 'Kanban Board' in 'Tasks' menu (hotkey=K order=55)
[2025-12-16 10:46:47.613] ServiceContainer: Registered 'ChecklistsLauncherScreen' (singleton=False)
[2025-12-16 10:46:47.614] MenuRegistry: Registered screen factory 'ChecklistsLauncherScreen' in container (viewMode=)
[2025-12-16 10:46:47.615] MenuRegistry: Registered 'Checklists' in 'Tools' menu (hotkey=C order=25)
[2025-12-16 10:46:47.616] ServiceContainer: Registered 'WeeklyTimeReportScreen' (singleton=False)
[2025-12-16 10:46:47.617] MenuRegistry: Registered screen factory 'WeeklyTimeReportScreen' in container (viewMode=)
[2025-12-16 10:46:47.619] MenuRegistry: Registered 'Weekly Report' in 'Time' menu (hotkey=W order=10)
[2025-12-16 10:46:47.621] ServiceContainer: Registered 'TaskListScreen_Week' (singleton=False)
[2025-12-16 10:46:47.622] MenuRegistry: Registered screen factory 'TaskListScreen_Week' in container (viewMode=week)
[2025-12-16 10:46:47.623] MenuRegistry: Registered 'Week View' in 'Tasks' menu (hotkey=W order=20)
[2025-12-16 10:46:47.625] ServiceContainer: Registered 'TaskListScreen_Tomorrow' (singleton=False)
[2025-12-16 10:46:47.627] MenuRegistry: Registered screen factory 'TaskListScreen_Tomorrow' in container (viewMode=tomorrow)
[2025-12-16 10:46:47.631] MenuRegistry: Registered 'Tomorrow' in 'Tasks' menu (hotkey=T order=15)
[2025-12-16 10:46:47.633] ServiceContainer: Registered 'TaskListScreen_Default' (singleton=False)
[2025-12-16 10:46:47.634] MenuRegistry: Registered screen factory 'TaskListScreen_Default' in container (viewMode=)
[2025-12-16 10:46:47.635] MenuRegistry: Registered 'Task List' in 'Tasks' menu (hotkey=L order=5)
[2025-12-16 10:46:47.637] ServiceContainer: Registered 'HelpViewScreen' (singleton=False)
[2025-12-16 10:46:47.638] MenuRegistry: Registered screen factory 'HelpViewScreen' in container (viewMode=)
[2025-12-16 10:46:47.639] MenuRegistry: Registered 'Help' in 'Help' menu (hotkey=H order=10)
[2025-12-16 10:46:47.641] ServiceContainer: Registered 'ProjectListScreen' (singleton=False)
[2025-12-16 10:46:47.642] MenuRegistry: Registered screen factory 'ProjectListScreen' in container (viewMode=)
[2025-12-16 10:46:47.643] MenuRegistry: Registered 'Project List' in 'Projects' menu (hotkey=L order=10)
[2025-12-16 10:46:47.645] ServiceContainer: Registered 'ExcelImportScreen' (singleton=False)
[2025-12-16 10:46:47.646] MenuRegistry: Registered screen factory 'ExcelImportScreen' in container (viewMode=)
[2025-12-16 10:46:47.648] MenuRegistry: Registered 'Import from Excel' in 'Projects' menu (hotkey=I order=40)
[2025-12-16 10:46:47.650] ServiceContainer: Registered 'ExcelProfileManagerScreen' (singleton=False)
[2025-12-16 10:46:47.651] MenuRegistry: Registered screen factory 'ExcelProfileManagerScreen' in container (viewMode=)
[2025-12-16 10:46:47.652] MenuRegistry: Registered 'Excel Profiles' in 'Projects' menu (hotkey=M order=50)
[2025-12-16 10:46:47.654] ServiceContainer: Registered 'TaskListScreen_Today' (singleton=False)
[2025-12-16 10:46:47.656] MenuRegistry: Registered screen factory 'TaskListScreen_Today' in container (viewMode=today)
[2025-12-16 10:46:47.657] MenuRegistry: Registered 'Today' in 'Tasks' menu (hotkey=Y order=10)
[2025-12-16 10:46:47.659] ServiceContainer: Registered 'TaskListScreen_NextActions' (singleton=False)
[2025-12-16 10:46:47.660] MenuRegistry: Registered screen factory 'TaskListScreen_NextActions' in container (viewMode=nextactions)
[2025-12-16 10:46:47.662] MenuRegistry: Registered 'Next Actions' in 'Tasks' menu (hotkey=N order=35)
[2025-12-16 10:46:47.677] ServiceContainer: Registered 'TimeReportScreen' (singleton=False)
[2025-12-16 10:46:47.678] MenuRegistry: Registered screen factory 'TimeReportScreen' in container (viewMode=)
[2025-12-16 10:46:47.680] MenuRegistry: Registered 'Time Report' in 'Time' menu (hotkey=R order=20)
[2025-12-16 10:46:47.682] ServiceContainer: Registered 'ChecklistTemplatesFolderScreen' (singleton=False)
[2025-12-16 10:46:47.683] MenuRegistry: Registered screen factory 'ChecklistTemplatesFolderScreen' in container (viewMode=)
[2025-12-16 10:46:47.684] MenuRegistry: Registered 'Checklist Templates' in 'Tools' menu (hotkey=H order=30)
[2025-12-16 10:46:47.686] [INFO] Menus loaded from /home/teej/ztest/module/Pmc.Strict/consoleui/screens/MenuItems.psd1
[2025-12-16 10:46:47.687] [INFO] Launching screen: TaskList
[2025-12-16 10:46:47.688] [INFO] Resolving TaskListScreen from container...
[2025-12-16 10:46:47.689] ServiceContainer: Resolving 'TaskListScreen'...
[2025-12-16 10:46:47.691] [INFO] Resolving TaskListScreen...
[2025-12-16 10:46:47.692] ServiceContainer: Resolving 'TaskStore'...
[2025-12-16 10:46:47.694] [INFO] Resolving TaskStore...
[2025-12-16 10:46:47.742] [DEBUG] TaskStore.LoadData: Starting
[2025-12-16 10:46:47.745] [DEBUG] TaskStore.LoadData: Calling Get-PmcData
[2025-12-16 10:46:47.955] [DEBUG] TaskStore.LoadData: Get-PmcData returned - tasks=2 projects=0 timelogs=4
[2025-12-16 10:46:47.969] [DEBUG] TaskStore.LoadData: Loaded 2 tasks
[2025-12-16 10:46:47.970] [DEBUG] TaskStore.LoadData: No projects in data, initialized empty list
[2025-12-16 10:46:47.986] ServiceContainer: Resolved 'TaskStore' successfully
[2025-12-16 10:46:48.623] [DEBUG] PmcScreen.AddContentWidget: Adding UniversalList (Total: 1)
[2025-12-16 10:46:48.680] [DEBUG] TaskListScreen: Constructor started
[2025-12-16 10:46:48.737] _PopulateMenusFromRegistry: Menu 'Projects' has 3 items from registry (array)
[2025-12-16 10:46:48.775] _PopulateMenusFromRegistry: Menu 'Tools' has 4 items from registry (array)
[2025-12-16 10:46:48.780] _PopulateMenusFromRegistry: Menu 'Help' has 1 items from registry (array)
[2025-12-16 10:46:48.787] _PopulateMenusFromRegistry: Menu 'Tasks' has 11 items from registry (array)
[2025-12-16 10:46:48.791] _PopulateMenusFromRegistry: Menu 'Options' has 2 items from registry (array)
[2025-12-16 10:46:48.795] _PopulateMenusFromRegistry: Menu 'Time' has 3 items from registry (array)
[2025-12-16 10:46:48.797] [DEBUG] TaskListScreen: Constructor completed
[2025-12-16 10:46:48.800] ServiceContainer: Resolved 'TaskListScreen' successfully
[2025-12-16 10:46:48.801] [INFO] Pushing screen to app...
[2025-12-16 10:46:49.484] [DEBUG] LoadData: Got 2 tasks from Store
[2025-12-16 10:46:49.600] [DEBUG] TaskListScreen.LoadData: Setting 2 tasks
[2025-12-16 10:46:49.607] [DEBUG] UniversalList.SetData: START
[2025-12-16 10:46:49.684] [DEBUG] UniversalList.SetData: COMPLETE (2 items)
[2025-12-16 10:46:49.696] [INFO] Screen pushed successfully
[2025-12-16 10:46:49.697] [INFO] Starting event loop...
[2025-12-16 10:46:50.664] [DEBUG] PmcScreen: Calling RenderToEngine on UniversalList
[2025-12-16 10:46:53.029] [DEBUG] PmcScreen: Calling RenderToEngine on UniversalList
[2025-12-16 10:46:56.063] ServiceContainer: Resolving 'ProjectListScreen'...
[2025-12-16 10:46:56.139] [DEBUG] PmcScreen.AddContentWidget: Adding UniversalList (Total: 1)
[2025-12-16 10:46:56.171] ServiceContainer: Resolved 'ProjectListScreen' successfully
[2025-12-16 10:46:56.424] [DEBUG] UniversalList.SetData: START
[2025-12-16 10:46:56.434] [DEBUG] UniversalList.SetData: COMPLETE (0 items)
[2025-12-16 10:46:56.805] [DEBUG] PmcScreen: Calling RenderToEngine on UniversalList
[2025-12-16 10:46:57.983] [DEBUG] ProjectListScreen.GetEditFields: Creating NEW project fields
[2025-12-16 10:46:57.986] [DEBUG] StandardListScreen.AddItem: About to SetFields with 2 fields
[2025-12-16 10:46:58.010] [DEBUG] InlineEditor.SetFields: Added field 'name' type=text
[2025-12-16 10:46:58.074] [DEBUG] InlineEditor._CreateFieldWidget: Stored widget for field 'name' (type=text) - widget.Text=''
[2025-12-16 10:46:58.076] [DEBUG] InlineEditor.SetFields: Created widget for field 'name'
[2025-12-16 10:46:58.089] [DEBUG] InlineEditor.SetFields: Added field 'description' type=text
[2025-12-16 10:46:58.090] [DEBUG] InlineEditor._CreateFieldWidget: Stored widget for field 'description' (type=text) - widget.Text=''
[2025-12-16 10:46:58.091] [DEBUG] InlineEditor.SetFields: Created widget for field 'description'
[2025-12-16 10:46:58.095] [DEBUG] StandardListScreen.AddItem: SetFields completed successfully
[2025-12-16 10:46:58.414] [DEBUG] InlineEditor.RenderToEngine: START X=2 Y=9 Width=169 Height=1 Fields=2 CurrentFieldIndex=0
[2025-12-16 10:46:58.448] [DEBUG] InlineEditor._GetFieldValue: text field 'name' -> value='' (widget.Text='')
[2025-12-16 10:46:58.453] [DEBUG] InlineEditor.RenderToEngine: Field check - focused=True editableType=True hasWidget=True widgets=name,description
[2025-12-16 10:46:58.455] [DEBUG] InlineEditor.RenderToEngine: TextInput widget found for field 'name' - text=''
[2025-12-16 10:46:58.460] [DEBUG] InlineEditor.RenderToEngine: Rendering focused text field 'name' at X=2 Y=9 width=41 text=''
[2025-12-16 10:46:58.466] [DEBUG] InlineEditor.RenderToEngine: Rendering cursor at X=2 Y=9 char=' '
[2025-12-16 10:46:58.467] [DEBUG] InlineEditor._GetFieldValue: text field 'description' -> value='' (widget.Text='')
[2025-12-16 10:46:58.468] [DEBUG] InlineEditor.RenderToEngine: Field check - focused=False editableType=True hasWidget=True widgets=name,description
[2025-12-16 10:46:58.473] [DEBUG] PmcScreen: Calling RenderToEngine on UniversalList
[2025-12-16 10:46:58.663] [DEBUG] InlineEditor.RenderToEngine: START X=2 Y=9 Width=169 Height=1 Fields=2 CurrentFieldIndex=0
[2025-12-16 10:46:58.667] [DEBUG] InlineEditor._GetFieldValue: text field 'name' -> value='' (widget.Text='')
[2025-12-16 10:46:58.668] [DEBUG] InlineEditor.RenderToEngine: Field check - focused=True editableType=True hasWidget=True widgets=name,description
[2025-12-16 10:46:58.669] [DEBUG] InlineEditor.RenderToEngine: TextInput widget found for field 'name' - text=''
[2025-12-16 10:46:58.670] [DEBUG] InlineEditor.RenderToEngine: Rendering focused text field 'name' at X=2 Y=9 width=41 text=''
[2025-12-16 10:46:58.672] [DEBUG] InlineEditor.RenderToEngine: Rendering cursor at X=2 Y=9 char=' '
[2025-12-16 10:46:58.673] [DEBUG] InlineEditor._GetFieldValue: text field 'description' -> value='' (widget.Text='')
[2025-12-16 10:46:58.673] [DEBUG] InlineEditor.RenderToEngine: Field check - focused=False editableType=True hasWidget=True widgets=name,description
[2025-12-16 10:46:58.881] [DEBUG] InlineEditor.RenderToEngine: START X=2 Y=9 Width=169 Height=1 Fields=2 CurrentFieldIndex=0
[2025-12-16 10:46:58.883] [DEBUG] InlineEditor._GetFieldValue: text field 'name' -> value='' (widget.Text='')
[2025-12-16 10:46:58.884] [DEBUG] InlineEditor.RenderToEngine: Field check - focused=True editableType=True hasWidget=True widgets=name,description
[2025-12-16 10:46:58.885] [DEBUG] InlineEditor.RenderToEngine: TextInput widget found for field 'name' - text=''
[2025-12-16 10:46:58.886] [DEBUG] InlineEditor.RenderToEngine: Rendering focused text field 'name' at X=2 Y=9 width=41 text=''
[2025-12-16 10:46:58.888] [DEBUG] InlineEditor.RenderToEngine: Rendering cursor at X=2 Y=9 char=' '
[2025-12-16 10:46:58.889] [DEBUG] InlineEditor._GetFieldValue: text field 'description' -> value='' (widget.Text='')
[2025-12-16 10:46:58.892] [DEBUG] InlineEditor.RenderToEngine: Field check - focused=False editableType=True hasWidget=True widgets=name,description
[2025-12-16 10:46:58.905] [DEBUG] InlineEditor.RenderToEngine: START X=1 Y=9 Width=171 Height=1 Fields=2 CurrentFieldIndex=0
[2025-12-16 10:46:58.906] [DEBUG] InlineEditor._GetFieldValue: text field 'name' -> value='' (widget.Text='')
[2025-12-16 10:46:58.907] [DEBUG] InlineEditor.RenderToEngine: Field check - focused=True editableType=True hasWidget=True widgets=name,description
[2025-12-16 10:46:58.908] [DEBUG] InlineEditor.RenderToEngine: TextInput widget found for field 'name' - text=''
[2025-12-16 10:46:58.908] [DEBUG] InlineEditor.RenderToEngine: Rendering focused text field 'name' at X=1 Y=9 width=41 text=''
[2025-12-16 10:46:58.912] [DEBUG] InlineEditor.RenderToEngine: Rendering cursor at X=1 Y=9 char=' '
[2025-12-16 10:46:58.913] [DEBUG] InlineEditor._GetFieldValue: text field 'description' -> value='' (widget.Text='')
[2025-12-16 10:46:58.914] [DEBUG] InlineEditor.RenderToEngine: Field check - focused=False editableType=True hasWidget=True widgets=name,description
[2025-12-16 10:47:00.719] [DEBUG] StandardListScreen: Routing to InlineEditor (Key=P)
[2025-12-16 10:47:00.732] [DEBUG] InlineEditor.HandleInput: Current field index=0 name=name type=text
[2025-12-16 10:47:00.742] [DEBUG] InlineEditor.HandleInput: Routing input to widget type=TextInput
[2025-12-16 10:47:00.744] [DEBUG] InlineEditor.HandleInput: Calling TextInput.HandleInput() with key=P char=p
[2025-12-16 10:47:00.753] [DEBUG] TextInput.HandleInput: ENTRY - Key=P Char='p' CurrentText=''
[2025-12-16 10:47:00.768] [DEBUG] TextInput._InsertChar: ENTRY - ch='p' CurrentText='' Length=0 MaxLength=0
[2025-12-16 10:47:00.769] [DEBUG] TextInput._InsertChar: REJECTED - Text length (0) >= MaxLength (0)
[2025-12-16 10:47:00.769] [DEBUG] InlineEditor.HandleInput: TextInput.HandleInput() returned - Text before='' after='' handled=True
[2025-12-16 10:47:00.778] [DEBUG] StandardListScreen: After HandleInput - IsConfirmed=False IsCancelled=False ShowInlineEditor=True
[2025-12-16 10:47:00.780] [DEBUG] StandardListScreen: After close check - ShowInlineEditor=True
[2025-12-16 10:47:00.942] [DEBUG] InlineEditor.RenderToEngine: START X=2 Y=9 Width=169 Height=1 Fields=2 CurrentFieldIndex=0
[2025-12-16 10:47:00.943] [DEBUG] InlineEditor._GetFieldValue: text field 'name' -> value='' (widget.Text='')
[2025-12-16 10:47:00.944] [DEBUG] InlineEditor.RenderToEngine: Field check - focused=True editableType=True hasWidget=True widgets=name,description
[2025-12-16 10:47:00.947] [DEBUG] InlineEditor.RenderToEngine: TextInput widget found for field 'name' - text=''
[2025-12-16 10:47:00.948] [DEBUG] InlineEditor.RenderToEngine: Rendering focused text field 'name' at X=2 Y=9 width=41 text=''
[2025-12-16 10:47:00.949] [DEBUG] InlineEditor.RenderToEngine: Rendering cursor at X=2 Y=9 char=' '
[2025-12-16 10:47:00.949] [DEBUG] InlineEditor._GetFieldValue: text field 'description' -> value='' (widget.Text='')
[2025-12-16 10:47:00.950] [DEBUG] InlineEditor.RenderToEngine: Field check - focused=False editableType=True hasWidget=True widgets=name,description
[2025-12-16 10:47:00.952] [DEBUG] PmcScreen: Calling RenderToEngine on UniversalList
[2025-12-16 10:47:01.072] [DEBUG] InlineEditor.RenderToEngine: START X=2 Y=9 Width=169 Height=1 Fields=2 CurrentFieldIndex=0
[2025-12-16 10:47:01.073] [DEBUG] InlineEditor._GetFieldValue: text field 'name' -> value='' (widget.Text='')
[2025-12-16 10:47:01.074] [DEBUG] InlineEditor.RenderToEngine: Field check - focused=True editableType=True hasWidget=True widgets=name,description
[2025-12-16 10:47:01.074] [DEBUG] InlineEditor.RenderToEngine: TextInput widget found for field 'name' - text=''
[2025-12-16 10:47:01.075] [DEBUG] InlineEditor.RenderToEngine: Rendering focused text field 'name' at X=2 Y=9 width=41 text=''
[2025-12-16 10:47:01.076] [DEBUG] InlineEditor.RenderToEngine: Rendering cursor at X=2 Y=9 char=' '
[2025-12-16 10:47:01.077] [DEBUG] InlineEditor._GetFieldValue: text field 'description' -> value='' (widget.Text='')
[2025-12-16 10:47:01.077] [DEBUG] InlineEditor.RenderToEngine: Field check - focused=False editableType=True hasWidget=True widgets=name,description
[2025-12-16 10:47:01.228] [DEBUG] InlineEditor._GetFieldValue: text field 'name' -> value='' (widget.Text='')
[2025-12-16 10:47:01.233] [DEBUG] InlineEditor.RenderToEngine: START X=2 Y=9 Width=169 Height=1 Fields=2 CurrentFieldIndex=0
[2025-12-16 10:47:01.235] [DEBUG] InlineEditor._GetFieldValue: text field 'name' -> value='' (widget.Text='')
[2025-12-16 10:47:01.235] [DEBUG] InlineEditor.RenderToEngine: Field check - focused=True editableType=True hasWidget=True widgets=name,description
[2025-12-16 10:47:01.236] [DEBUG] InlineEditor.RenderToEngine: TextInput widget found for field 'name' - text=''
[2025-12-16 10:47:01.236] [DEBUG] InlineEditor.RenderToEngine: Rendering focused text field 'name' at X=2 Y=9 width=41 text=''
[2025-12-16 10:47:01.238] [DEBUG] InlineEditor.RenderToEngine: Rendering cursor at X=2 Y=9 char=' '
[2025-12-16 10:47:01.239] [DEBUG] InlineEditor._GetFieldValue: text field 'description' -> value='' (widget.Text='')
[2025-12-16 10:47:01.239] [DEBUG] InlineEditor.RenderToEngine: Field check - focused=False editableType=True hasWidget=True widgets=name,description
[2025-12-16 10:47:01.241] [DEBUG] InlineEditor.RenderToEngine: START X=1 Y=9 Width=171 Height=1 Fields=2 CurrentFieldIndex=0
[2025-12-16 10:47:01.244] [DEBUG] InlineEditor._GetFieldValue: text field 'name' -> value='' (widget.Text='')
[2025-12-16 10:47:01.245] [DEBUG] InlineEditor.RenderToEngine: Field check - focused=True editableType=True hasWidget=True widgets=name,description
[2025-12-16 10:47:01.245] [DEBUG] InlineEditor.RenderToEngine: TextInput widget found for field 'name' - text=''
[2025-12-16 10:47:01.245] [DEBUG] InlineEditor.RenderToEngine: Rendering focused text field 'name' at X=1 Y=9 width=41 text=''
[2025-12-16 10:47:01.247] [DEBUG] InlineEditor.RenderToEngine: Rendering cursor at X=1 Y=9 char=' '
[2025-12-16 10:47:01.247] [DEBUG] InlineEditor._GetFieldValue: text field 'description' -> value='' (widget.Text='')
[2025-12-16 10:47:01.248] [DEBUG] InlineEditor.RenderToEngine: Field check - focused=False editableType=True hasWidget=True widgets=name,description
[2025-12-16 10:47:01.400] [DEBUG] StandardListScreen: Routing to InlineEditor (Key=D1)
[2025-12-16 10:47:01.401] [DEBUG] InlineEditor.HandleInput: Current field index=0 name=name type=text
[2025-12-16 10:47:01.402] [DEBUG] InlineEditor.HandleInput: Routing input to widget type=TextInput
[2025-12-16 10:47:01.402] [DEBUG] InlineEditor.HandleInput: Calling TextInput.HandleInput() with key=D1 char=1
[2025-12-16 10:47:01.403] [DEBUG] TextInput.HandleInput: ENTRY - Key=D1 Char='1' CurrentText=''
[2025-12-16 10:47:01.403] [DEBUG] TextInput._InsertChar: ENTRY - ch='1' CurrentText='' Length=0 MaxLength=0
[2025-12-16 10:47:01.404] [DEBUG] TextInput._InsertChar: REJECTED - Text length (0) >= MaxLength (0)
[2025-12-16 10:47:01.404] [DEBUG] InlineEditor.HandleInput: TextInput.HandleInput() returned - Text before='' after='' handled=True
[2025-12-16 10:47:01.405] [DEBUG] StandardListScreen: After HandleInput - IsConfirmed=False IsCancelled=False ShowInlineEditor=True
[2025-12-16 10:47:01.405] [DEBUG] StandardListScreen: After close check - ShowInlineEditor=True
[2025-12-16 10:47:01.556] [DEBUG] InlineEditor.RenderToEngine: START X=2 Y=9 Width=169 Height=1 Fields=2 CurrentFieldIndex=0
[2025-12-16 10:47:01.557] [DEBUG] InlineEditor._GetFieldValue: text field 'name' -> value='' (widget.Text='')
[2025-12-16 10:47:01.558] [DEBUG] InlineEditor.RenderToEngine: Field check - focused=True editableType=True hasWidget=True widgets=name,description
[2025-12-16 10:47:01.558] [DEBUG] InlineEditor.RenderToEngine: TextInput widget found for field 'name' - text=''
[2025-12-16 10:47:01.559] [DEBUG] InlineEditor.RenderToEngine: Rendering focused text field 'name' at X=2 Y=9 width=41 text=''
[2025-12-16 10:47:01.564] [DEBUG] InlineEditor.RenderToEngine: Rendering cursor at X=2 Y=9 char=' '
[2025-12-16 10:47:01.565] [DEBUG] InlineEditor._GetFieldValue: text field 'description' -> value='' (widget.Text='')
[2025-12-16 10:47:01.566] [DEBUG] InlineEditor.RenderToEngine: Field check - focused=False editableType=True hasWidget=True widgets=name,description
[2025-12-16 10:47:01.568] [DEBUG] PmcScreen: Calling RenderToEngine on UniversalList
[2025-12-16 10:47:01.683] [DEBUG] InlineEditor.RenderToEngine: START X=2 Y=9 Width=169 Height=1 Fields=2 CurrentFieldIndex=0
[2025-12-16 10:47:01.684] [DEBUG] InlineEditor._GetFieldValue: text field 'name' -> value='' (widget.Text='')
[2025-12-16 10:47:01.685] [DEBUG] InlineEditor.RenderToEngine: Field check - focused=True editableType=True hasWidget=True widgets=name,description
[2025-12-16 10:47:01.685] [DEBUG] InlineEditor.RenderToEngine: TextInput widget found for field 'name' - text=''
[2025-12-16 10:47:01.686] [DEBUG] InlineEditor.RenderToEngine: Rendering focused text field 'name' at X=2 Y=9 width=41 text=''
[2025-12-16 10:47:01.687] [DEBUG] InlineEditor.RenderToEngine: Rendering cursor at X=2 Y=9 char=' '
[2025-12-16 10:47:01.688] [DEBUG] InlineEditor._GetFieldValue: text field 'description' -> value='' (widget.Text='')
[2025-12-16 10:47:01.688] [DEBUG] InlineEditor.RenderToEngine: Field check - focused=False editableType=True hasWidget=True widgets=name,description
[2025-12-16 10:47:01.829] [DEBUG] InlineEditor._GetFieldValue: text field 'name' -> value='' (widget.Text='')
[2025-12-16 10:47:01.830] [DEBUG] InlineEditor.RenderToEngine: START X=2 Y=9 Width=169 Height=1 Fields=2 CurrentFieldIndex=0
[2025-12-16 10:47:01.831] [DEBUG] InlineEditor._GetFieldValue: text field 'name' -> value='' (widget.Text='')
[2025-12-16 10:47:01.832] [DEBUG] InlineEditor.RenderToEngine: Field check - focused=True editableType=True hasWidget=True widgets=name,description
[2025-12-16 10:47:01.832] [DEBUG] InlineEditor.RenderToEngine: TextInput widget found for field 'name' - text=''
[2025-12-16 10:47:01.833] [DEBUG] InlineEditor.RenderToEngine: Rendering focused text field 'name' at X=2 Y=9 width=41 text=''
[2025-12-16 10:47:01.837] [DEBUG] InlineEditor.RenderToEngine: Rendering cursor at X=2 Y=9 char=' '
[2025-12-16 10:47:01.838] [DEBUG] InlineEditor._GetFieldValue: text field 'description' -> value='' (widget.Text='')
[2025-12-16 10:47:01.838] [DEBUG] InlineEditor.RenderToEngine: Field check - focused=False editableType=True hasWidget=True widgets=name,description
[2025-12-16 10:47:01.840] [DEBUG] InlineEditor.RenderToEngine: START X=1 Y=9 Width=171 Height=1 Fields=2 CurrentFieldIndex=0
[2025-12-16 10:47:01.841] [DEBUG] InlineEditor._GetFieldValue: text field 'name' -> value='' (widget.Text='')
[2025-12-16 10:47:01.842] [DEBUG] InlineEditor.RenderToEngine: Field check - focused=True editableType=True hasWidget=True widgets=name,description
[2025-12-16 10:47:01.842] [DEBUG] InlineEditor.RenderToEngine: TextInput widget found for field 'name' - text=''
[2025-12-16 10:47:01.843] [DEBUG] InlineEditor.RenderToEngine: Rendering focused text field 'name' at X=1 Y=9 width=41 text=''
[2025-12-16 10:47:01.846] [DEBUG] InlineEditor.RenderToEngine: Rendering cursor at X=1 Y=9 char=' '
[2025-12-16 10:47:01.847] [DEBUG] InlineEditor._GetFieldValue: text field 'description' -> value='' (widget.Text='')
[2025-12-16 10:47:01.848] [DEBUG] InlineEditor.RenderToEngine: Field check - focused=False editableType=True hasWidget=True widgets=name,description
[2025-12-16 10:47:04.162] [DEBUG] StandardListScreen: Routing to InlineEditor (Key=Enter)
[2025-12-16 10:47:04.177] [DEBUG] InlineEditor._ValidateAllFields CALLED - field count: 2
[2025-12-16 10:47:04.180] [DEBUG] InlineEditor._GetFieldValue: text field 'name' -> value='' (widget.Text='')
[2025-12-16 10:47:04.180] [DEBUG] InlineEditor._ValidateAllFields - Field: name, Type: text, Required: True, Value: ''
[2025-12-16 10:47:04.183] [ERROR] InlineEditor._ValidateAllFields - VALIDATION ERROR: Project is required
[2025-12-16 10:47:04.188] [DEBUG] InlineEditor._GetFieldValue: text field 'description' -> value='' (widget.Text='')
[2025-12-16 10:47:04.189] [DEBUG] InlineEditor._ValidateAllFields - Field: description, Type: text, Required: False, Value: ''
[2025-12-16 10:47:04.191] [DEBUG] InlineEditor._ValidateAllFields RESULT: isValid=False, errorCount=1
[2025-12-16 10:47:04.203] [DEBUG] InlineEditor._InvokeCallback: Invoking callback with arg type=String[]
[2025-12-16 10:47:04.210] [DEBUG] InlineEditor._InvokeCallback: Callback completed successfully
[2025-12-16 10:47:04.211] [DEBUG] StandardListScreen: After HandleInput - IsConfirmed=False IsCancelled=False ShowInlineEditor=True
[2025-12-16 10:47:04.211] [DEBUG] StandardListScreen: After close check - ShowInlineEditor=True
[2025-12-16 10:47:04.364] [DEBUG] InlineEditor.RenderToEngine: START X=2 Y=9 Width=169 Height=1 Fields=2 CurrentFieldIndex=0
[2025-12-16 10:47:04.366] [DEBUG] InlineEditor._GetFieldValue: text field 'name' -> value='' (widget.Text='')
[2025-12-16 10:47:04.367] [DEBUG] InlineEditor.RenderToEngine: Field check - focused=True editableType=True hasWidget=True widgets=name,description
[2025-12-16 10:47:04.368] [DEBUG] InlineEditor.RenderToEngine: TextInput widget found for field 'name' - text=''
[2025-12-16 10:47:04.369] [DEBUG] InlineEditor.RenderToEngine: Rendering focused text field 'name' at X=2 Y=9 width=41 text=''
[2025-12-16 10:47:04.371] [DEBUG] InlineEditor.RenderToEngine: Rendering cursor at X=2 Y=9 char=' '
[2025-12-16 10:47:04.372] [DEBUG] InlineEditor._GetFieldValue: text field 'description' -> value='' (widget.Text='')
[2025-12-16 10:47:04.373] [DEBUG] InlineEditor.RenderToEngine: Field check - focused=False editableType=True hasWidget=True widgets=name,description
[2025-12-16 10:47:04.378] [DEBUG] PmcScreen: Calling RenderToEngine on UniversalList
[2025-12-16 10:47:04.489] [DEBUG] InlineEditor.RenderToEngine: START X=2 Y=9 Width=169 Height=1 Fields=2 CurrentFieldIndex=0
[2025-12-16 10:47:04.490] [DEBUG] InlineEditor._GetFieldValue: text field 'name' -> value='' (widget.Text='')
[2025-12-16 10:47:04.491] [DEBUG] InlineEditor.RenderToEngine: Field check - focused=True editableType=True hasWidget=True widgets=name,description
[2025-12-16 10:47:04.491] [DEBUG] InlineEditor.RenderToEngine: TextInput widget found for field 'name' - text=''
[2025-12-16 10:47:04.492] [DEBUG] InlineEditor.RenderToEngine: Rendering focused text field 'name' at X=2 Y=9 width=41 text=''
[2025-12-16 10:47:04.495] [DEBUG] InlineEditor.RenderToEngine: Rendering cursor at X=2 Y=9 char=' '
[2025-12-16 10:47:04.496] [DEBUG] InlineEditor._GetFieldValue: text field 'description' -> value='' (widget.Text='')
[2025-12-16 10:47:04.496] [DEBUG] InlineEditor.RenderToEngine: Field check - focused=False editableType=True hasWidget=True widgets=name,description
[2025-12-16 10:47:04.623] [DEBUG] InlineEditor.RenderToEngine: START X=2 Y=9 Width=169 Height=1 Fields=2 CurrentFieldIndex=0
[2025-12-16 10:47:04.627] [DEBUG] InlineEditor._GetFieldValue: text field 'name' -> value='' (widget.Text='')
[2025-12-16 10:47:04.628] [DEBUG] InlineEditor.RenderToEngine: Field check - focused=True editableType=True hasWidget=True widgets=name,description
[2025-12-16 10:47:04.629] [DEBUG] InlineEditor.RenderToEngine: TextInput widget found for field 'name' - text=''
[2025-12-16 10:47:04.629] [DEBUG] InlineEditor.RenderToEngine: Rendering focused text field 'name' at X=2 Y=9 width=41 text=''
[2025-12-16 10:47:04.631] [DEBUG] InlineEditor.RenderToEngine: Rendering cursor at X=2 Y=9 char=' '
[2025-12-16 10:47:04.633] [DEBUG] InlineEditor._GetFieldValue: text field 'description' -> value='' (widget.Text='')
[2025-12-16 10:47:04.637] [DEBUG] InlineEditor.RenderToEngine: Field check - focused=False editableType=True hasWidget=True widgets=name,description
[2025-12-16 10:47:04.640] [DEBUG] InlineEditor.RenderToEngine: START X=1 Y=9 Width=171 Height=1 Fields=2 CurrentFieldIndex=0
[2025-12-16 10:47:04.642] [DEBUG] InlineEditor._GetFieldValue: text field 'name' -> value='' (widget.Text='')
[2025-12-16 10:47:04.642] [DEBUG] InlineEditor.RenderToEngine: Field check - focused=True editableType=True hasWidget=True widgets=name,description
[2025-12-16 10:47:04.643] [DEBUG] InlineEditor.RenderToEngine: TextInput widget found for field 'name' - text=''
[2025-12-16 10:47:04.644] [DEBUG] InlineEditor.RenderToEngine: Rendering focused text field 'name' at X=1 Y=9 width=41 text=''
[2025-12-16 10:47:04.646] [DEBUG] InlineEditor.RenderToEngine: Rendering cursor at X=1 Y=9 char=' '
[2025-12-16 10:47:04.647] [DEBUG] InlineEditor._GetFieldValue: text field 'description' -> value='' (widget.Text='')
[2025-12-16 10:47:04.648] [DEBUG] InlineEditor.RenderToEngine: Field check - focused=False editableType=True hasWidget=True widgets=name,description
