[2025-12-16 10:11:30.634] [INFO] Loading PMC module...
[2025-12-16 10:11:31.954] [INFO] PMC module loaded
[2025-12-16 10:11:31.957] [INFO] Loading dependencies (FieldSchemas, etc.)...
[2025-12-16 10:11:32.082] [INFO] Dependencies loaded
[2025-12-16 10:11:32.085] [INFO] Loading SpeedTUI framework...
[2025-12-16 10:11:32.437] [INFO] SpeedTUI framework loaded
[2025-12-16 10:11:32.439] [INFO] Loading PraxisVT...
[2025-12-16 10:11:32.441] [INFO] PraxisVT loaded
[2025-12-16 10:11:32.442] [INFO] Loading core dependencies...
[2025-12-16 10:11:32.485] [INFO] Core dependencies loaded
[2025-12-16 10:11:32.487] [INFO] Loading widget base classes...
[2025-12-16 10:11:32.551] [INFO] Widget base classes loaded
[2025-12-16 10:11:32.553] [INFO] Loading services...
[2025-12-16 10:11:32.686] [INFO] Services loaded
[2025-12-16 10:11:32.687] [INFO] Loading helpers...
[2025-12-16 10:11:33.737] [INFO] Helpers loaded
[2025-12-16 10:11:33.739] [INFO] Loading widgets...
[2025-12-16 10:11:34.131] [INFO] Widgets loaded
[2025-12-16 10:11:34.166] [INFO] Loading screen base class...
[2025-12-16 10:11:34.182] [INFO] Screen base class loaded
[2025-12-16 10:11:34.183] [INFO] Loading HelpViewScreen (needed by base classes)...
[2025-12-16 10:11:34.191] [INFO] HelpViewScreen loaded
[2025-12-16 10:11:34.192] [INFO] Loading base classes...
[2025-12-16 10:11:34.250] [INFO] Base classes loaded
[2025-12-16 10:11:34.252] [INFO] Loading ServiceContainer (needed by screens)...
[2025-12-16 10:11:34.258] [INFO] ServiceContainer loaded
[2025-12-16 10:11:34.259] [INFO] Loading remaining screens...
[2025-12-16 10:11:34.374] [INFO] Remaining screens loaded
[2025-12-16 10:11:34.376] [INFO] Loading PmcApplication...
[2025-12-16 10:11:34.392] [INFO] PmcApplication loaded
[2025-12-16 10:11:34.393] [INFO] All components loaded successfully
[2025-12-16 10:11:34.414] [INFO] Starting PMC TUI with screen: TaskList
[2025-12-16 10:11:34.424] [INFO] Cleared stale PmcSharedMenuBar and MenuRegistry singleton
[2025-12-16 10:11:34.426] [INFO] Creating ServiceContainer...
[2025-12-16 10:11:34.439] [INFO] ServiceContainer created
[2025-12-16 10:11:34.440] [INFO] Registering Theme service...
[2025-12-16 10:11:34.461] ServiceContainer: Registered 'Theme' (singleton=True)
[2025-12-16 10:11:34.465] [INFO] Registering ThemeManager...
[2025-12-16 10:11:34.466] ServiceContainer: Registered 'ThemeManager' (singleton=True)
[2025-12-16 10:11:34.467] [INFO] Registering Config service...
[2025-12-16 10:11:34.468] ServiceContainer: Registered 'Config' (singleton=True)
[2025-12-16 10:11:34.469] [INFO] Registering TaskStore service...
[2025-12-16 10:11:34.470] ServiceContainer: Registered 'TaskStore' (singleton=True)
[2025-12-16 10:11:34.471] [INFO] Registering MenuRegistry service...
[2025-12-16 10:11:34.472] ServiceContainer: Registered 'MenuRegistry' (singleton=True)
[2025-12-16 10:11:34.473] [INFO] Registering Application service...
[2025-12-16 10:11:34.474] ServiceContainer: Registered 'Application' (singleton=True)
[2025-12-16 10:11:34.475] [INFO] Registering CommandService...
[2025-12-16 10:11:34.476] ServiceContainer: Registered 'CommandService' (singleton=True)
[2025-12-16 10:11:34.477] [INFO] Registering ChecklistService...
[2025-12-16 10:11:34.484] ServiceContainer: Registered 'ChecklistService' (singleton=True)
[2025-12-16 10:11:34.485] [INFO] Registering NoteService...
[2025-12-16 10:11:34.486] ServiceContainer: Registered 'NoteService' (singleton=True)
[2025-12-16 10:11:34.487] [INFO] Registering ExcelMappingService...
[2025-12-16 10:11:34.488] ServiceContainer: Registered 'ExcelMappingService' (singleton=True)
[2025-12-16 10:11:34.489] [INFO] Registering PreferencesService...
[2025-12-16 10:11:34.490] ServiceContainer: Registered 'PreferencesService' (singleton=True)
[2025-12-16 10:11:34.491] [INFO] Registering screen factories...
[2025-12-16 10:11:34.493] ServiceContainer: Registered 'TaskListScreen' (singleton=False)
[2025-12-16 10:11:34.494] [INFO] Resolving Application from container...
[2025-12-16 10:11:34.513] ServiceContainer: Resolving 'Application'...
[2025-12-16 10:11:34.516] [INFO] Resolving Application...
[2025-12-16 10:11:34.517] ServiceContainer: Resolving 'Theme'...
[2025-12-16 10:11:34.526] [INFO] Resolving Theme: Calling Initialize-PmcThemeSystem...
[2025-12-16 10:11:34.542] [INFO] Theme resolved: #33aaff
[2025-12-16 10:11:34.543] [INFO] Loading PmcThemeEngine...
[2025-12-16 10:11:34.615] [DEBUG] Palette [Error] -> #BE2914 (R=190 G=41 B=20)
[2025-12-16 10:11:34.616] [DEBUG] Palette [Bright] -> #2CB158 (R=44 G=177 B=88)
[2025-12-16 10:11:34.617] [DEBUG] Palette [Text] -> #C2EACF (R=194 G=234 B=207)
[2025-12-16 10:11:34.619] [DEBUG] Palette [Border] -> #185F30 (R=24 G=95 B=48)
[2025-12-16 10:11:34.620] [DEBUG] Palette [Status] -> #5C8F6D (R=92 G=143 B=109)
[2025-12-16 10:11:34.639] [DEBUG] Palette [Header] -> #228844 (R=34 G=136 B=68)
[2025-12-16 10:11:34.641] [DEBUG] Palette [Warning] -> #7FCA14 (R=127 G=202 B=20)
[2025-12-16 10:11:34.642] [DEBUG] Palette [Footer] -> #185F30 (R=24 G=95 B=48)
[2025-12-16 10:11:34.644] [DEBUG] Palette [Label] -> #5C8F6D (R=92 G=143 B=109)
[2025-12-16 10:11:34.645] [DEBUG] Palette [Primary] -> #228844 (R=34 G=136 B=68)
[2025-12-16 10:11:34.647] [DEBUG] Palette [Muted] -> #5C8F6D (R=92 G=143 B=109)
[2025-12-16 10:11:34.648] [DEBUG] Palette [Cursor] -> #228844 (R=34 G=136 B=68)
[2025-12-16 10:11:34.649] [DEBUG] Palette [Success] -> #2CB158 (R=44 G=177 B=88)
[2025-12-16 10:11:34.651] [DEBUG] Palette [Highlight] -> #228844 (R=34 G=136 B=68)
[2025-12-16 10:11:34.667] [INFO] LoadFromConfig: Loaded Properties with 16 items
[2025-12-16 10:11:34.681] [INFO] PmcThemeEngine initialized with PMC palette (14 colors)
[2025-12-16 10:11:34.685] ServiceContainer: Resolved 'Theme' successfully
[2025-12-16 10:11:35.263] ServiceContainer: Resolving 'ThemeManager'...
[2025-12-16 10:11:35.266] [INFO] Resolving ThemeManager...
[2025-12-16 10:11:35.309] ServiceContainer: Resolved 'ThemeManager' successfully
[2025-12-16 10:11:35.323] ServiceContainer: Resolved 'Application' successfully
[2025-12-16 10:11:35.325] [INFO] Application resolved and assigned to $global:PmcApp
[2025-12-16 10:11:35.326] [INFO] Loading menus from manifest...
[2025-12-16 10:11:35.328] ServiceContainer: Resolving 'MenuRegistry'...
[2025-12-16 10:11:35.330] [INFO] Resolving MenuRegistry...
[2025-12-16 10:11:35.346] ServiceContainer: Resolved 'MenuRegistry' successfully
[2025-12-16 10:11:35.370] MenuRegistry: Loaded manifest with 24 entries
[2025-12-16 10:11:35.412] ServiceContainer: Registered 'HelpViewScreen' (singleton=False)
[2025-12-16 10:11:35.413] MenuRegistry: Registered screen factory 'HelpViewScreen' in container (viewMode=)
[2025-12-16 10:11:35.433] MenuRegistry: Registered 'Help' in 'Help' menu (hotkey=H order=10)
[2025-12-16 10:11:35.438] ServiceContainer: Registered 'TaskListScreen_NoDate' (singleton=False)
[2025-12-16 10:11:35.439] MenuRegistry: Registered screen factory 'TaskListScreen_NoDate' in container (viewMode=noduedate)
[2025-12-16 10:11:35.441] MenuRegistry: Registered 'No Due Date' in 'Tasks' menu (hotkey=D order=40)
[2025-12-16 10:11:35.442] ServiceContainer: Registered 'ExcelImportScreen' (singleton=False)
[2025-12-16 10:11:35.443] MenuRegistry: Registered screen factory 'ExcelImportScreen' in container (viewMode=)
[2025-12-16 10:11:35.445] MenuRegistry: Registered 'Import from Excel' in 'Projects' menu (hotkey=I order=40)
[2025-12-16 10:11:35.447] ServiceContainer: Registered 'SettingsScreen' (singleton=False)
[2025-12-16 10:11:35.448] MenuRegistry: Registered screen factory 'SettingsScreen' in container (viewMode=)
[2025-12-16 10:11:35.449] MenuRegistry: Registered 'Settings' in 'Options' menu (hotkey=S order=20)
[2025-12-16 10:11:35.451] ServiceContainer: Registered 'NotesMenuScreen' (singleton=False)
[2025-12-16 10:11:35.452] MenuRegistry: Registered screen factory 'NotesMenuScreen' in container (viewMode=)
[2025-12-16 10:11:35.453] MenuRegistry: Registered 'Notes' in 'Tools' menu (hotkey=N order=20)
[2025-12-16 10:11:35.455] ServiceContainer: Registered 'TaskListScreen_Week' (singleton=False)
[2025-12-16 10:11:35.456] MenuRegistry: Registered screen factory 'TaskListScreen_Week' in container (viewMode=week)
[2025-12-16 10:11:35.457] MenuRegistry: Registered 'Week View' in 'Tasks' menu (hotkey=W order=20)
[2025-12-16 10:11:35.459] ServiceContainer: Registered 'KanbanScreenV2' (singleton=False)
[2025-12-16 10:11:35.460] MenuRegistry: Registered screen factory 'KanbanScreenV2' in container (viewMode=)
[2025-12-16 10:11:35.461] MenuRegistry: Registered 'Kanban Board' in 'Tasks' menu (hotkey=K order=55)
[2025-12-16 10:11:35.463] ServiceContainer: Registered 'ChecklistsLauncherScreen' (singleton=False)
[2025-12-16 10:11:35.464] MenuRegistry: Registered screen factory 'ChecklistsLauncherScreen' in container (viewMode=)
[2025-12-16 10:11:35.465] MenuRegistry: Registered 'Checklists' in 'Tools' menu (hotkey=C order=25)
[2025-12-16 10:11:35.467] ServiceContainer: Registered 'TaskListScreen_Month' (singleton=False)
[2025-12-16 10:11:35.468] MenuRegistry: Registered screen factory 'TaskListScreen_Month' in container (viewMode=month)
[2025-12-16 10:11:35.470] MenuRegistry: Registered 'Month View' in 'Tasks' menu (hotkey=M order=45)
[2025-12-16 10:11:35.471] ServiceContainer: Registered 'TaskListScreen_Agenda' (singleton=False)
[2025-12-16 10:11:35.472] MenuRegistry: Registered screen factory 'TaskListScreen_Agenda' in container (viewMode=agenda)
[2025-12-16 10:11:35.474] MenuRegistry: Registered 'Agenda View' in 'Tasks' menu (hotkey=A order=50)
[2025-12-16 10:11:35.476] ServiceContainer: Registered 'ThemeEditorScreen' (singleton=False)
[2025-12-16 10:11:35.477] MenuRegistry: Registered screen factory 'ThemeEditorScreen' in container (viewMode=)
[2025-12-16 10:11:35.479] MenuRegistry: Registered 'Theme Editor' in 'Options' menu (hotkey=T order=10)
[2025-12-16 10:11:35.481] ServiceContainer: Registered 'ChecklistTemplatesFolderScreen' (singleton=False)
[2025-12-16 10:11:35.482] MenuRegistry: Registered screen factory 'ChecklistTemplatesFolderScreen' in container (viewMode=)
[2025-12-16 10:11:35.484] MenuRegistry: Registered 'Checklist Templates' in 'Tools' menu (hotkey=H order=30)
[2025-12-16 10:11:35.486] ServiceContainer: Registered 'ProjectListScreen' (singleton=False)
[2025-12-16 10:11:35.487] MenuRegistry: Registered screen factory 'ProjectListScreen' in container (viewMode=)
[2025-12-16 10:11:35.489] MenuRegistry: Registered 'Project List' in 'Projects' menu (hotkey=L order=10)
[2025-12-16 10:11:35.495] ServiceContainer: Registered 'TaskListScreen_Upcoming' (singleton=False)
[2025-12-16 10:11:35.497] MenuRegistry: Registered screen factory 'TaskListScreen_Upcoming' in container (viewMode=upcoming)
[2025-12-16 10:11:35.498] MenuRegistry: Registered 'Upcoming' in 'Tasks' menu (hotkey=U order=25)
[2025-12-16 10:11:35.500] ServiceContainer: Registered 'TimeReportScreen' (singleton=False)
[2025-12-16 10:11:35.501] MenuRegistry: Registered screen factory 'TimeReportScreen' in container (viewMode=)
[2025-12-16 10:11:35.502] MenuRegistry: Registered 'Time Report' in 'Time' menu (hotkey=R order=20)
[2025-12-16 10:11:35.504] ServiceContainer: Registered 'TimeListScreen' (singleton=False)
[2025-12-16 10:11:35.505] MenuRegistry: Registered screen factory 'TimeListScreen' in container (viewMode=)
[2025-12-16 10:11:35.507] MenuRegistry: Registered 'Time Tracking' in 'Time' menu (hotkey=T order=5)
[2025-12-16 10:11:35.509] ServiceContainer: Registered 'CommandLibraryScreen' (singleton=False)
[2025-12-16 10:11:35.510] MenuRegistry: Registered screen factory 'CommandLibraryScreen' in container (viewMode=)
[2025-12-16 10:11:35.512] MenuRegistry: Registered 'Command Library' in 'Tools' menu (hotkey=L order=10)
[2025-12-16 10:11:35.514] ServiceContainer: Registered 'TaskListScreen_NextActions' (singleton=False)
[2025-12-16 10:11:35.515] MenuRegistry: Registered screen factory 'TaskListScreen_NextActions' in container (viewMode=nextactions)
[2025-12-16 10:11:35.516] MenuRegistry: Registered 'Next Actions' in 'Tasks' menu (hotkey=N order=35)
[2025-12-16 10:11:35.518] ServiceContainer: Registered 'ExcelProfileManagerScreen' (singleton=False)
[2025-12-16 10:11:35.519] MenuRegistry: Registered screen factory 'ExcelProfileManagerScreen' in container (viewMode=)
[2025-12-16 10:11:35.521] MenuRegistry: Registered 'Excel Profiles' in 'Projects' menu (hotkey=M order=50)
[2025-12-16 10:11:35.523] ServiceContainer: Registered 'WeeklyTimeReportScreen' (singleton=False)
[2025-12-16 10:11:35.524] MenuRegistry: Registered screen factory 'WeeklyTimeReportScreen' in container (viewMode=)
[2025-12-16 10:11:35.526] MenuRegistry: Registered 'Weekly Report' in 'Time' menu (hotkey=W order=10)
[2025-12-16 10:11:35.529] ServiceContainer: Registered 'TaskListScreen_Default' (singleton=False)
[2025-12-16 10:11:35.530] MenuRegistry: Registered screen factory 'TaskListScreen_Default' in container (viewMode=)
[2025-12-16 10:11:35.532] MenuRegistry: Registered 'Task List' in 'Tasks' menu (hotkey=L order=5)
[2025-12-16 10:11:35.534] ServiceContainer: Registered 'TaskListScreen_Tomorrow' (singleton=False)
[2025-12-16 10:11:35.536] MenuRegistry: Registered screen factory 'TaskListScreen_Tomorrow' in container (viewMode=tomorrow)
[2025-12-16 10:11:35.537] MenuRegistry: Registered 'Tomorrow' in 'Tasks' menu (hotkey=T order=15)
[2025-12-16 10:11:35.540] ServiceContainer: Registered 'TaskListScreen_Overdue' (singleton=False)
[2025-12-16 10:11:35.541] MenuRegistry: Registered screen factory 'TaskListScreen_Overdue' in container (viewMode=overdue)
[2025-12-16 10:11:35.544] MenuRegistry: Registered 'Overdue' in 'Tasks' menu (hotkey=O order=30)
[2025-12-16 10:11:35.546] ServiceContainer: Registered 'TaskListScreen_Today' (singleton=False)
[2025-12-16 10:11:35.548] MenuRegistry: Registered screen factory 'TaskListScreen_Today' in container (viewMode=today)
[2025-12-16 10:11:35.550] MenuRegistry: Registered 'Today' in 'Tasks' menu (hotkey=Y order=10)
[2025-12-16 10:11:35.551] [INFO] Menus loaded from /home/teej/ztest/module/Pmc.Strict/consoleui/screens/MenuItems.psd1
[2025-12-16 10:11:35.553] [INFO] Launching screen: TaskList
[2025-12-16 10:11:35.554] [INFO] Resolving TaskListScreen from container...
[2025-12-16 10:11:35.555] ServiceContainer: Resolving 'TaskListScreen'...
[2025-12-16 10:11:35.558] [INFO] Resolving TaskListScreen...
[2025-12-16 10:11:35.560] ServiceContainer: Resolving 'TaskStore'...
[2025-12-16 10:11:35.574] [INFO] Resolving TaskStore...
[2025-12-16 10:11:35.621] [DEBUG] TaskStore.LoadData: Starting
[2025-12-16 10:11:35.624] [DEBUG] TaskStore.LoadData: Calling Get-PmcData
[2025-12-16 10:11:35.829] [DEBUG] TaskStore.LoadData: Get-PmcData returned - tasks=2 projects=0 timelogs=3
[2025-12-16 10:11:35.844] [DEBUG] TaskStore.LoadData: Loaded 2 tasks
[2025-12-16 10:11:35.847] [DEBUG] TaskStore.LoadData: No projects in data, initialized empty list
[2025-12-16 10:11:35.871] ServiceContainer: Resolved 'TaskStore' successfully
[2025-12-16 10:11:36.531] [DEBUG] PmcScreen.AddContentWidget: Adding UniversalList (Total: 1)
[2025-12-16 10:11:36.591] [DEBUG] TaskListScreen: Constructor started
[2025-12-16 10:11:36.648] _PopulateMenusFromRegistry: Menu 'Tools' has 4 items from registry (array)
[2025-12-16 10:11:36.672] _PopulateMenusFromRegistry: Menu 'Help' has 1 items from registry (array)
[2025-12-16 10:11:36.678] _PopulateMenusFromRegistry: Menu 'Tasks' has 11 items from registry (array)
[2025-12-16 10:11:36.682] _PopulateMenusFromRegistry: Menu 'Options' has 2 items from registry (array)
[2025-12-16 10:11:36.686] _PopulateMenusFromRegistry: Menu 'Projects' has 3 items from registry (array)
[2025-12-16 10:11:36.690] _PopulateMenusFromRegistry: Menu 'Time' has 3 items from registry (array)
[2025-12-16 10:11:36.692] [DEBUG] TaskListScreen: Constructor completed
[2025-12-16 10:11:36.694] ServiceContainer: Resolved 'TaskListScreen' successfully
[2025-12-16 10:11:36.695] [INFO] Pushing screen to app...
[2025-12-16 10:11:37.450] [DEBUG] LoadData: Got 2 tasks from Store
[2025-12-16 10:11:37.584] [DEBUG] TaskListScreen.LoadData: Setting 2 tasks
[2025-12-16 10:11:37.591] [DEBUG] UniversalList.SetData: START
[2025-12-16 10:11:37.664] [DEBUG] UniversalList.SetData: COMPLETE (2 items)
[2025-12-16 10:11:37.677] [INFO] Screen pushed successfully
[2025-12-16 10:11:37.679] [INFO] Starting event loop...
[2025-12-16 10:11:38.608] [DEBUG] PmcScreen: Calling RenderToEngine on UniversalList
[2025-12-16 10:11:40.584] [DEBUG] StandardListScreen.AddItem: About to SetFields with 5 fields
[2025-12-16 10:11:40.612] [DEBUG] InlineEditor.SetFields: Added field 'text' type=text
[2025-12-16 10:11:40.679] [DEBUG] InlineEditor.SetFields: Created widget for field 'text'
[2025-12-16 10:11:40.680] [DEBUG] InlineEditor.SetFields: Added field 'details' type=text
[2025-12-16 10:11:40.682] [DEBUG] InlineEditor.SetFields: Created widget for field 'details'
[2025-12-16 10:11:40.684] [DEBUG] InlineEditor.SetFields: Added field 'due' type=date
[2025-12-16 10:11:40.706] [DEBUG] InlineEditor.SetFields: Created widget for field 'due'
[2025-12-16 10:11:40.708] [DEBUG] InlineEditor.SetFields: Added field 'project' type=project
[2025-12-16 10:11:40.712] [DEBUG] InlineEditor.SetFields: Created widget for field 'project'
[2025-12-16 10:11:40.714] [DEBUG] InlineEditor.SetFields: Added field 'tags' type=tags
[2025-12-16 10:11:40.716] [DEBUG] InlineEditor.SetFields: Created widget for field 'tags'
[2025-12-16 10:11:40.722] [DEBUG] StandardListScreen.AddItem: SetFields completed successfully
[2025-12-16 10:11:41.269] [DEBUG] PmcScreen: Calling RenderToEngine on UniversalList
[2025-12-16 10:11:45.429] [DEBUG] StandardListScreen: Routing to InlineEditor (Key=Tab)
[2025-12-16 10:11:45.458] [DEBUG] StandardListScreen: After HandleInput - IsConfirmed=False IsCancelled=False ShowInlineEditor=True
[2025-12-16 10:11:45.469] [DEBUG] StandardListScreen: After close check - ShowInlineEditor=True
[2025-12-16 10:11:45.801] [DEBUG] PmcScreen: Calling RenderToEngine on UniversalList
[2025-12-16 10:11:47.684] [DEBUG] StandardListScreen: Routing to InlineEditor (Key=Tab)
[2025-12-16 10:11:47.685] [DEBUG] StandardListScreen: After HandleInput - IsConfirmed=False IsCancelled=False ShowInlineEditor=True
[2025-12-16 10:11:47.686] [DEBUG] StandardListScreen: After close check - ShowInlineEditor=True
[2025-12-16 10:11:47.883] [DEBUG] PmcScreen: Calling RenderToEngine on UniversalList
[2025-12-16 10:11:50.727] [DEBUG] StandardListScreen: Routing to InlineEditor (Key=Tab)
[2025-12-16 10:11:50.728] [DEBUG] StandardListScreen: After HandleInput - IsConfirmed=False IsCancelled=False ShowInlineEditor=True
[2025-12-16 10:11:50.729] [DEBUG] StandardListScreen: After close check - ShowInlineEditor=True
[2025-12-16 10:11:50.917] [DEBUG] PmcScreen: Calling RenderToEngine on UniversalList
[2025-12-16 10:11:53.170] [DEBUG] StandardListScreen: Routing to InlineEditor (Key=Enter)
[2025-12-16 10:11:53.265] [DEBUG] StandardListScreen: After HandleInput - IsConfirmed=False IsCancelled=False ShowInlineEditor=True
[2025-12-16 10:11:53.266] [DEBUG] StandardListScreen: After close check - ShowInlineEditor=True
[2025-12-16 10:11:53.592] [INFO] PadText: text='Type to filter...' rawLen=17 visibleLen=17 width=56 align=left
[2025-12-16 10:11:53.625] [INFO] PadText: text='Enter=Select | Alt+N=Create' rawLen=27 visibleLen=27 width=56 align=left
[2025-12-16 10:11:53.629] [DEBUG] PmcScreen: Calling RenderToEngine on UniversalList
[2025-12-16 10:11:53.808] [INFO] PadText: text='Type to filter...' rawLen=17 visibleLen=17 width=56 align=left
[2025-12-16 10:11:53.826] [INFO] PadText: text='Enter=Select | Alt+N=Create' rawLen=27 visibleLen=27 width=56 align=left
[2025-12-16 10:11:54.029] [INFO] PadText: text='Type to filter...' rawLen=17 visibleLen=17 width=56 align=left
[2025-12-16 10:11:54.048] [INFO] PadText: text='Enter=Select | Alt+N=Create' rawLen=27 visibleLen=27 width=56 align=left
[2025-12-16 10:11:54.100] [INFO] PadText: text='Type to filter...' rawLen=17 visibleLen=17 width=56 align=left
[2025-12-16 10:11:54.118] [INFO] PadText: text='Enter=Select | Alt+N=Create' rawLen=27 visibleLen=27 width=56 align=left
[2025-12-16 10:11:55.037] [DEBUG] StandardListScreen: Routing to InlineEditor (Key=Enter)
[2025-12-16 10:11:55.077] [DEBUG] InlineEditor._InvokeCallback: Callback is null/empty, skipping
[2025-12-16 10:11:55.080] [DEBUG] StandardListScreen: After HandleInput - IsConfirmed=False IsCancelled=False ShowInlineEditor=True
[2025-12-16 10:11:55.081] [DEBUG] StandardListScreen: After close check - ShowInlineEditor=True
[2025-12-16 10:11:55.245] [DEBUG] PmcScreen: Calling RenderToEngine on UniversalList
[2025-12-16 10:11:56.539] [DEBUG] StandardListScreen: Routing to InlineEditor (Key=Enter)
[2025-12-16 10:11:56.544] [DEBUG] StandardListScreen: After HandleInput - IsConfirmed=False IsCancelled=False ShowInlineEditor=True
[2025-12-16 10:11:56.545] [DEBUG] StandardListScreen: After close check - ShowInlineEditor=True
[2025-12-16 10:11:56.788] [INFO] PadText: text='Type to filter...' rawLen=17 visibleLen=17 width=56 align=left
[2025-12-16 10:11:56.810] [INFO] PadText: text='Enter=Select | Alt+N=Create' rawLen=27 visibleLen=27 width=56 align=left
[2025-12-16 10:11:56.813] [DEBUG] PmcScreen: Calling RenderToEngine on UniversalList
[2025-12-16 10:11:56.975] [INFO] PadText: text='Type to filter...' rawLen=17 visibleLen=17 width=56 align=left
[2025-12-16 10:11:56.997] [INFO] PadText: text='Enter=Select | Alt+N=Create' rawLen=27 visibleLen=27 width=56 align=left
[2025-12-16 10:11:57.198] [INFO] PadText: text='Type to filter...' rawLen=17 visibleLen=17 width=56 align=left
[2025-12-16 10:11:57.216] [INFO] PadText: text='Enter=Select | Alt+N=Create' rawLen=27 visibleLen=27 width=56 align=left
[2025-12-16 10:11:57.265] [INFO] PadText: text='Type to filter...' rawLen=17 visibleLen=17 width=56 align=left
[2025-12-16 10:11:57.283] [INFO] PadText: text='Enter=Select | Alt+N=Create' rawLen=27 visibleLen=27 width=56 align=left
[2025-12-16 10:11:58.654] [DEBUG] StandardListScreen: Routing to InlineEditor (Key=Enter)
[2025-12-16 10:11:58.657] [DEBUG] InlineEditor._InvokeCallback: Callback is null/empty, skipping
[2025-12-16 10:11:58.658] [DEBUG] StandardListScreen: After HandleInput - IsConfirmed=False IsCancelled=False ShowInlineEditor=True
[2025-12-16 10:11:58.659] [DEBUG] StandardListScreen: After close check - ShowInlineEditor=True
[2025-12-16 10:11:58.858] [DEBUG] PmcScreen: Calling RenderToEngine on UniversalList
[2025-12-16 10:12:00.246] [DEBUG] StandardListScreen: Routing to InlineEditor (Key=Escape)
[2025-12-16 10:12:04.644] [DEBUG] StandardListScreen: Routing to InlineEditor (Key=UpArrow)
[2025-12-16 10:12:04.648] [DEBUG] StandardListScreen: After HandleInput - IsConfirmed=False IsCancelled=True ShowInlineEditor=True
[2025-12-16 10:12:04.649] [DEBUG] StandardListScreen: Editor field widget closed - PROPAGATING CLEAR TO SCREEN
[2025-12-16 10:12:04.919] [DEBUG] PmcScreen: Calling RenderToEngine on UniversalList
[2025-12-16 10:12:06.549] [DEBUG] StandardListScreen: Routing to InlineEditor (Key=UpArrow)
[2025-12-16 10:12:06.550] [DEBUG] StandardListScreen: After HandleInput - IsConfirmed=False IsCancelled=True ShowInlineEditor=True
[2025-12-16 10:12:06.550] [DEBUG] StandardListScreen: Editor confirmed/cancelled - closing editor NO CLEAR
[2025-12-16 10:12:06.554] [DEBUG] StandardListScreen: Restored selectedIndex to 1 after add mode exit (itemCount=2)
[2025-12-16 10:12:06.741] [DEBUG] PmcScreen: Calling RenderToEngine on UniversalList
[2025-12-16 10:12:09.763] [DEBUG] PmcScreen: Calling RenderToEngine on UniversalList
[2025-12-16 10:12:10.471] [INFO] TaskListScreen.EditItem called - item.id=f6d455a4-9e14-46c4-ba1a-4563c83b3b39
[2025-12-16 10:12:10.485] [DEBUG] InlineEditor.SetFields: Added field 'text' type=text
[2025-12-16 10:12:10.504] [DEBUG] InlineEditor.SetFields: Created widget for field 'text'
[2025-12-16 10:12:10.505] [DEBUG] InlineEditor.SetFields: Added field 'details' type=text
[2025-12-16 10:12:10.507] [DEBUG] InlineEditor.SetFields: Created widget for field 'details'
[2025-12-16 10:12:10.507] [DEBUG] InlineEditor.SetFields: Added field 'due' type=date
[2025-12-16 10:12:10.512] [DEBUG] InlineEditor.SetFields: Created widget for field 'due'
[2025-12-16 10:12:10.512] [DEBUG] InlineEditor.SetFields: Added field 'project' type=project
[2025-12-16 10:12:10.513] [DEBUG] InlineEditor.SetFields: Created widget for field 'project'
[2025-12-16 10:12:10.514] [DEBUG] InlineEditor.SetFields: Added field 'tags' type=tags
[2025-12-16 10:12:10.516] [DEBUG] InlineEditor.SetFields: Created widget for field 'tags'
[2025-12-16 10:12:10.518] [INFO] TaskListScreen.EditItem: Setting OnConfirmed callback for taskId=f6d455a4-9e14-46c4-ba1a-4563c83b3b39
[2025-12-16 10:12:10.722] [DEBUG] PmcScreen: Calling RenderToEngine on UniversalList
[2025-12-16 10:12:12.324] [DEBUG] StandardListScreen: Routing to InlineEditor (Key=Tab)
[2025-12-16 10:12:12.325] [DEBUG] StandardListScreen: After HandleInput - IsConfirmed=False IsCancelled=False ShowInlineEditor=True
[2025-12-16 10:12:12.326] [DEBUG] StandardListScreen: After close check - ShowInlineEditor=True
[2025-12-16 10:12:12.527] [DEBUG] PmcScreen: Calling RenderToEngine on UniversalList
[2025-12-16 10:12:17.556] [DEBUG] StandardListScreen: Routing to InlineEditor (Key=Tab)
[2025-12-16 10:12:17.557] [DEBUG] StandardListScreen: After HandleInput - IsConfirmed=False IsCancelled=False ShowInlineEditor=True
[2025-12-16 10:12:17.558] [DEBUG] StandardListScreen: After close check - ShowInlineEditor=True
[2025-12-16 10:12:17.756] [DEBUG] PmcScreen: Calling RenderToEngine on UniversalList
[2025-12-16 10:12:35.178] [DEBUG] PmcScreen: Calling RenderToEngine on UniversalList
[2025-12-16 10:12:36.395] ServiceContainer: Resolving 'ProjectListScreen'...
[2025-12-16 10:12:36.454] [DEBUG] PmcScreen.AddContentWidget: Adding UniversalList (Total: 1)
[2025-12-16 10:12:36.477] ServiceContainer: Resolved 'ProjectListScreen' successfully
[2025-12-16 10:12:36.615] [DEBUG] UniversalList.SetData: START
[2025-12-16 10:12:36.619] [DEBUG] UniversalList.SetData: COMPLETE (0 items)
[2025-12-16 10:12:36.791] [DEBUG] PmcScreen: Calling RenderToEngine on UniversalList
[2025-12-16 10:12:37.751] [DEBUG] ProjectListScreen.GetEditFields: Creating NEW project fields
[2025-12-16 10:12:37.752] [DEBUG] StandardListScreen.AddItem: About to SetFields with 2 fields
[2025-12-16 10:12:37.753] [DEBUG] InlineEditor.SetFields: Added field 'name' type=text
[2025-12-16 10:12:37.760] [DEBUG] InlineEditor.SetFields: Created widget for field 'name'
[2025-12-16 10:12:37.761] [DEBUG] InlineEditor.SetFields: Added field 'description' type=text
[2025-12-16 10:12:37.762] [DEBUG] InlineEditor.SetFields: Created widget for field 'description'
[2025-12-16 10:12:37.763] [DEBUG] StandardListScreen.AddItem: SetFields completed successfully
[2025-12-16 10:12:37.920] [DEBUG] PmcScreen: Calling RenderToEngine on UniversalList
[2025-12-16 10:12:39.210] [DEBUG] StandardListScreen: Routing to InlineEditor (Key=P)
[2025-12-16 10:12:39.211] [DEBUG] InlineEditor.HandleInput: Current field index=0 name=name type=text
[2025-12-16 10:12:39.214] [DEBUG] InlineEditor.HandleInput: Routing input to widget type=TextInput
[2025-12-16 10:12:39.217] [DEBUG] InlineEditor.HandleInput: Calling TextInput.HandleInput() with key=P char=p
[2025-12-16 10:12:39.240] [DEBUG] StandardListScreen: After HandleInput - IsConfirmed=False IsCancelled=False ShowInlineEditor=True
[2025-12-16 10:12:39.241] [DEBUG] StandardListScreen: After close check - ShowInlineEditor=True
[2025-12-16 10:12:39.409] [DEBUG] PmcScreen: Calling RenderToEngine on UniversalList
[2025-12-16 10:12:41.110] [DEBUG] StandardListScreen: Routing to InlineEditor (Key=Escape)
[2025-12-16 10:12:43.455] [DEBUG] PmcScreen: Calling RenderToEngine on UniversalList
[2025-12-16 10:12:44.665] ServiceContainer: Resolving 'TimeListScreen'...
[2025-12-16 10:12:44.751] [DEBUG] PmcScreen.AddContentWidget: Adding UniversalList (Total: 1)
[2025-12-16 10:12:44.833] [DEBUG] UniversalList.SetData: START
[2025-12-16 10:12:44.835] [DEBUG] UniversalList.SetData: COMPLETE (2 items)
[2025-12-16 10:12:44.837] ServiceContainer: Resolved 'TimeListScreen' successfully
[2025-12-16 10:12:44.962] [DEBUG] UniversalList.SetData: START
[2025-12-16 10:12:44.963] [DEBUG] UniversalList.SetData: COMPLETE (2 items)
[2025-12-16 10:12:45.153] [DEBUG] PmcScreen: Calling RenderToEngine on UniversalList
[2025-12-16 10:12:50.924] [DEBUG] StandardListScreen.AddItem: About to SetFields with 7 fields
[2025-12-16 10:12:50.926] [DEBUG] InlineEditor.SetFields: Added field 'date' type=date
[2025-12-16 10:12:50.927] [DEBUG] InlineEditor.SetFields: Created widget for field 'date'
[2025-12-16 10:12:50.928] [DEBUG] InlineEditor.SetFields: Added field 'task' type=text
[2025-12-16 10:12:50.934] [DEBUG] InlineEditor.SetFields: Created widget for field 'task'
[2025-12-16 10:12:50.935] [DEBUG] InlineEditor.SetFields: Added field 'project' type=project
[2025-12-16 10:12:50.937] [DEBUG] InlineEditor.SetFields: Created widget for field 'project'
[2025-12-16 10:12:50.937] [DEBUG] InlineEditor.SetFields: Added field 'id1' type=text
[2025-12-16 10:12:50.938] [DEBUG] InlineEditor.SetFields: Created widget for field 'id1'
[2025-12-16 10:12:50.939] [DEBUG] InlineEditor.SetFields: Added field 'id2' type=text
[2025-12-16 10:12:50.940] [DEBUG] InlineEditor.SetFields: Created widget for field 'id2'
[2025-12-16 10:12:50.941] [DEBUG] InlineEditor.SetFields: Added field 'hours' type=number
[2025-12-16 10:12:50.942] [DEBUG] InlineEditor.SetFields: Created widget for field 'hours'
[2025-12-16 10:12:50.943] [DEBUG] InlineEditor.SetFields: Added field 'notes' type=text
[2025-12-16 10:12:50.944] [DEBUG] InlineEditor.SetFields: Created widget for field 'notes'
[2025-12-16 10:12:50.945] [DEBUG] StandardListScreen.AddItem: SetFields completed successfully
[2025-12-16 10:12:51.216] [DEBUG] PmcScreen: Calling RenderToEngine on UniversalList
[2025-12-16 10:12:52.084] [DEBUG] StandardListScreen: Routing to InlineEditor (Key=Tab)
[2025-12-16 10:12:52.085] [DEBUG] StandardListScreen: After HandleInput - IsConfirmed=False IsCancelled=False ShowInlineEditor=True
[2025-12-16 10:12:52.086] [DEBUG] StandardListScreen: After close check - ShowInlineEditor=True
[2025-12-16 10:12:52.264] [DEBUG] PmcScreen: Calling RenderToEngine on UniversalList
[2025-12-16 10:12:54.540] [DEBUG] StandardListScreen: Routing to InlineEditor (Key=Tab)
[2025-12-16 10:12:54.541] [DEBUG] StandardListScreen: After HandleInput - IsConfirmed=False IsCancelled=False ShowInlineEditor=True
[2025-12-16 10:12:54.542] [DEBUG] StandardListScreen: After close check - ShowInlineEditor=True
[2025-12-16 10:12:54.722] [DEBUG] PmcScreen: Calling RenderToEngine on UniversalList
[2025-12-16 10:12:55.654] [DEBUG] StandardListScreen: Routing to InlineEditor (Key=Tab)
[2025-12-16 10:12:55.655] [DEBUG] StandardListScreen: After HandleInput - IsConfirmed=False IsCancelled=False ShowInlineEditor=True
[2025-12-16 10:12:55.656] [DEBUG] StandardListScreen: After close check - ShowInlineEditor=True
[2025-12-16 10:12:55.835] [DEBUG] PmcScreen: Calling RenderToEngine on UniversalList
[2025-12-16 10:12:58.818] [DEBUG] StandardListScreen: Routing to InlineEditor (Key=D0)
[2025-12-16 10:12:58.819] [DEBUG] InlineEditor.HandleInput: Current field index=3 name=id1 type=text
[2025-12-16 10:12:58.820] [DEBUG] InlineEditor.HandleInput: Routing input to widget type=TextInput
[2025-12-16 10:12:58.820] [DEBUG] InlineEditor.HandleInput: Calling TextInput.HandleInput() with key=D0 char=0
[2025-12-16 10:12:58.826] [DEBUG] StandardListScreen: After HandleInput - IsConfirmed=False IsCancelled=False ShowInlineEditor=True
[2025-12-16 10:12:58.827] [DEBUG] StandardListScreen: After close check - ShowInlineEditor=True
[2025-12-16 10:12:59.009] [DEBUG] PmcScreen: Calling RenderToEngine on UniversalList
[2025-12-16 10:13:00.089] [DEBUG] StandardListScreen: Routing to InlineEditor (Key=D6)
[2025-12-16 10:13:00.090] [DEBUG] InlineEditor.HandleInput: Current field index=3 name=id1 type=text
[2025-12-16 10:13:00.091] [DEBUG] InlineEditor.HandleInput: Routing input to widget type=TextInput
[2025-12-16 10:13:00.092] [DEBUG] InlineEditor.HandleInput: Calling TextInput.HandleInput() with key=D6 char=6
[2025-12-16 10:13:00.093] [DEBUG] StandardListScreen: After HandleInput - IsConfirmed=False IsCancelled=False ShowInlineEditor=True
[2025-12-16 10:13:00.096] [DEBUG] StandardListScreen: After close check - ShowInlineEditor=True
[2025-12-16 10:13:00.280] [DEBUG] PmcScreen: Calling RenderToEngine on UniversalList
[2025-12-16 10:13:00.711] [DEBUG] StandardListScreen: Routing to InlineEditor (Key=D9)
[2025-12-16 10:13:00.712] [DEBUG] InlineEditor.HandleInput: Current field index=3 name=id1 type=text
[2025-12-16 10:13:00.712] [DEBUG] InlineEditor.HandleInput: Routing input to widget type=TextInput
[2025-12-16 10:13:00.713] [DEBUG] InlineEditor.HandleInput: Calling TextInput.HandleInput() with key=D9 char=9
[2025-12-16 10:13:00.715] [DEBUG] StandardListScreen: After HandleInput - IsConfirmed=False IsCancelled=False ShowInlineEditor=True
[2025-12-16 10:13:00.716] [DEBUG] StandardListScreen: After close check - ShowInlineEditor=True
[2025-12-16 10:13:00.888] [DEBUG] PmcScreen: Calling RenderToEngine on UniversalList
[2025-12-16 10:13:01.308] [DEBUG] StandardListScreen: Routing to InlineEditor (Key=Tab)
[2025-12-16 10:13:01.309] [DEBUG] StandardListScreen: After HandleInput - IsConfirmed=False IsCancelled=False ShowInlineEditor=True
[2025-12-16 10:13:01.309] [DEBUG] StandardListScreen: After close check - ShowInlineEditor=True
[2025-12-16 10:13:01.475] [DEBUG] PmcScreen: Calling RenderToEngine on UniversalList
[2025-12-16 10:13:02.045] [DEBUG] StandardListScreen: Routing to InlineEditor (Key=Tab)
[2025-12-16 10:13:02.046] [DEBUG] StandardListScreen: After HandleInput - IsConfirmed=False IsCancelled=False ShowInlineEditor=True
[2025-12-16 10:13:02.048] [DEBUG] StandardListScreen: After close check - ShowInlineEditor=True
[2025-12-16 10:13:02.233] [DEBUG] PmcScreen: Calling RenderToEngine on UniversalList
[2025-12-16 10:13:04.120] [DEBUG] StandardListScreen: Routing to InlineEditor (Key=RightArrow)
[2025-12-16 10:13:04.136] [DEBUG] StandardListScreen: After HandleInput - IsConfirmed=False IsCancelled=False ShowInlineEditor=True
[2025-12-16 10:13:04.137] [DEBUG] StandardListScreen: After close check - ShowInlineEditor=True
[2025-12-16 10:13:04.317] [DEBUG] PmcScreen: Calling RenderToEngine on UniversalList
[2025-12-16 10:13:06.073] [DEBUG] StandardListScreen: Routing to InlineEditor (Key=Enter)
[2025-12-16 10:13:06.082] [DEBUG] InlineEditor._ValidateAllFields CALLED - field count: 7
[2025-12-16 10:13:06.089] [DEBUG] InlineEditor._ValidateAllFields - Field: date, Type: date, Required: True, Value: '12/16/2025 00:00:00'
[2025-12-16 10:13:06.091] [DEBUG] InlineEditor._ValidateAllFields - Field: task, Type: text, Required: False, Value: ''
[2025-12-16 10:13:06.092] [DEBUG] InlineEditor._ValidateAllFields - Field: project, Type: project, Required: False, Value: ''
[2025-12-16 10:13:06.093] [DEBUG] InlineEditor._ValidateAllFields - Field: id1, Type: text, Required: False, Value: '069'
[2025-12-16 10:13:06.094] [DEBUG] InlineEditor._ValidateAllFields - Field: id2, Type: text, Required: False, Value: ''
[2025-12-16 10:13:06.095] [DEBUG] InlineEditor._ValidateAllFields - Field: hours, Type: number, Required: False, Value: '0.5'
[2025-12-16 10:13:06.097] [DEBUG] InlineEditor._ValidateAllFields - Field: notes, Type: text, Required: False, Value: ''
[2025-12-16 10:13:06.100] [DEBUG] InlineEditor._ValidateAllFields RESULT: isValid=True, errorCount=0
[2025-12-16 10:13:06.111] [DEBUG] InlineEditor._InvokeCallback: Invoking callback with arg type=Hashtable
[2025-12-16 10:13:06.118] [DEBUG] TimeListScreen.OnInlineEditConfirmed called with values: notes,date,id2,hours,id1,project,task
[2025-12-16 10:13:06.121] [INFO] OnInlineEditConfirmed: Processing ADD mode for time entry
[2025-12-16 10:13:06.153] [DEBUG] TimeListScreen.OnItemCreated: CALLED with values: {"notes":"","date":"2025-12-16T00:00:00","id2":"","hours":0.5,"id1":"069","project":"","task":""}
[2025-12-16 10:13:06.158] [DEBUG] TimeListScreen.OnItemCreated: Hours validation passed
[2025-12-16 10:13:06.160] [DEBUG] TimeListScreen.OnItemCreated: Hours value=0.5, MAX_HOURS_PER_ENTRY=24
[2025-12-16 10:13:06.166] [DEBUG] TimeListScreen.OnItemCreated: Hour range validation passed
[2025-12-16 10:13:06.169] [DEBUG] TimeListScreen.OnItemCreated: Calculated minutes=30
[2025-12-16 10:13:06.171] [DEBUG] TimeListScreen.OnItemCreated: Date=12/16/2025 00:00:00
[2025-12-16 10:13:06.182] [DEBUG] TimeListScreen.PopulateIDsFromProject: No project selected, keeping user-entered ID1/ID2 values
[2025-12-16 10:13:06.182] [DEBUG] TimeListScreen.OnItemCreated: About to save time entry - id1='069' id2=''
[2025-12-16 10:13:06.183] [DEBUG] TimeListScreen.OnItemCreated: Calling Store.AddTimeLog...
[2025-12-16 10:13:06.190] [DEBUG] TaskStore.AddTimeLog: CALLED with timelog keys: id1, created, minutes, project, date, task, id2, notes
[2025-12-16 10:13:06.194] [DEBUG] TaskStore.AddTimeLog:   id1 = 069 (type: String)
[2025-12-16 10:13:06.196] [DEBUG] TaskStore.AddTimeLog:   created = 12/16/2025 10:13:06 (type: DateTime)
[2025-12-16 10:13:06.199] [DEBUG] TaskStore.AddTimeLog:   minutes = 30 (type: Int32)
[2025-12-16 10:13:06.199] [DEBUG] TaskStore.AddTimeLog:   project =  (type: String)
[2025-12-16 10:13:06.200] [DEBUG] TaskStore.AddTimeLog:   date = 12/16/2025 00:00:00 (type: DateTime)
[2025-12-16 10:13:06.200] [DEBUG] TaskStore.AddTimeLog:   task =  (type: String)
[2025-12-16 10:13:06.201] [DEBUG] TaskStore.AddTimeLog:   id2 =  (type: String)
[2025-12-16 10:13:06.201] [DEBUG] TaskStore.AddTimeLog:   notes =  (type: String)
[2025-12-16 10:13:06.221] [DEBUG] TaskStore.AddTimeLog: Validation passed
[2025-12-16 10:13:06.240] [INFO] TaskStore.SaveData: START - tasks=2 projects=0 timelogs=4
[2025-12-16 10:13:06.241] [DEBUG] TaskStore.SaveData: Creating in-memory backup
[2025-12-16 10:13:06.242] [DEBUG] TaskStore.SaveData: Creating persistent backup
[2025-12-16 10:13:06.273] [INFO] _CreatePersistentBackup: Created backup at /home/teej/ztest/tasks.json.backup.20251216-101306
[2025-12-16 10:13:06.294] [DEBUG] _CreatePersistentBackup: Deleted old backup tasks.json.backup.20251216-081630
[2025-12-16 10:13:06.295] [DEBUG] TaskStore.SaveData: Building data structure
[2025-12-16 10:13:06.295] [INFO] TaskStore.SaveData: Data structure built - tasks=2 projects=0 timelogs=4
[2025-12-16 10:13:06.296] [DEBUG] TaskStore.SaveData: First task - text='Updated' id='9ecd4e7d-79be-4091-93c5-c3efa1141a62'
[2025-12-16 10:13:06.296] [INFO] TaskStore.SaveData: Calling Save-PmcData
[2025-12-16 10:13:06.415] [INFO] TaskStore.SaveData: Save-PmcData completed successfully
[2025-12-16 10:13:06.416] [DEBUG] TaskStore.SaveData: Verifying save
[2025-12-16 10:13:06.464] [DEBUG] _VerifySave: Verification passed - tasks=2 projects=0
[2025-12-16 10:13:06.467] [INFO] TaskStore.SaveData: SUCCESS - Data saved and verified
[2025-12-16 10:13:06.467] [DEBUG] TaskStore.SaveData: END
[2025-12-16 10:13:06.481] [DEBUG] UniversalList.SetData: START
[2025-12-16 10:13:06.482] [DEBUG] UniversalList.SetData: COMPLETE (3 items)
[2025-12-16 10:13:06.485] [DEBUG] TimeListScreen.OnItemCreated: AddTimeLog returned success=True
[2025-12-16 10:13:06.487] [DEBUG] InlineEditor._InvokeCallback: Callback completed successfully
[2025-12-16 10:13:06.488] [DEBUG] StandardListScreen: After HandleInput - IsConfirmed=True IsCancelled=False ShowInlineEditor=True
[2025-12-16 10:13:06.488] [DEBUG] StandardListScreen: Editor confirmed/cancelled - closing editor NO CLEAR
[2025-12-16 10:13:06.507] [DEBUG] StandardListScreen: Restored selectedIndex to 0 after add mode exit (itemCount=3)
[2025-12-16 10:13:06.675] [DEBUG] PmcScreen: Calling RenderToEngine on UniversalList
[2025-12-16 10:13:18.403] [INFO] Event loop exited normally
[2025-12-16 10:13:18.403] [INFO] Cleanup - showing cursor and resetting terminal
