[2025-12-16 10:23:01.224] [INFO] Loading PMC module...
[2025-12-16 10:23:02.543] [INFO] PMC module loaded
[2025-12-16 10:23:02.547] [INFO] Loading dependencies (FieldSchemas, etc.)...
[2025-12-16 10:23:02.663] [INFO] Dependencies loaded
[2025-12-16 10:23:02.665] [INFO] Loading SpeedTUI framework...
[2025-12-16 10:23:03.010] [INFO] SpeedTUI framework loaded
[2025-12-16 10:23:03.012] [INFO] Loading PraxisVT...
[2025-12-16 10:23:03.014] [INFO] PraxisVT loaded
[2025-12-16 10:23:03.015] [INFO] Loading core dependencies...
[2025-12-16 10:23:03.058] [INFO] Core dependencies loaded
[2025-12-16 10:23:03.060] [INFO] Loading widget base classes...
[2025-12-16 10:23:03.124] [INFO] Widget base classes loaded
[2025-12-16 10:23:03.126] [INFO] Loading services...
[2025-12-16 10:23:03.337] [INFO] Services loaded
[2025-12-16 10:23:03.338] [INFO] Loading helpers...
[2025-12-16 10:23:04.370] [INFO] Helpers loaded
[2025-12-16 10:23:04.371] [INFO] Loading widgets...
[2025-12-16 10:23:04.750] [INFO] Widgets loaded
[2025-12-16 10:23:04.785] [INFO] Loading screen base class...
[2025-12-16 10:23:04.800] [INFO] Screen base class loaded
[2025-12-16 10:23:04.801] [INFO] Loading HelpViewScreen (needed by base classes)...
[2025-12-16 10:23:04.809] [INFO] HelpViewScreen loaded
[2025-12-16 10:23:04.811] [INFO] Loading base classes...
[2025-12-16 10:23:04.874] [INFO] Base classes loaded
[2025-12-16 10:23:04.875] [INFO] Loading ServiceContainer (needed by screens)...
[2025-12-16 10:23:04.881] [INFO] ServiceContainer loaded
[2025-12-16 10:23:04.883] [INFO] Loading remaining screens...
[2025-12-16 10:23:04.994] [INFO] Remaining screens loaded
[2025-12-16 10:23:04.996] [INFO] Loading PmcApplication...
[2025-12-16 10:23:05.013] [INFO] PmcApplication loaded
[2025-12-16 10:23:05.015] [INFO] All components loaded successfully
[2025-12-16 10:23:05.037] [INFO] Starting PMC TUI with screen: TaskList
[2025-12-16 10:23:05.048] [INFO] Cleared stale PmcSharedMenuBar and MenuRegistry singleton
[2025-12-16 10:23:05.049] [INFO] Creating ServiceContainer...
[2025-12-16 10:23:05.063] [INFO] ServiceContainer created
[2025-12-16 10:23:05.065] [INFO] Registering Theme service...
[2025-12-16 10:23:05.085] ServiceContainer: Registered 'Theme' (singleton=True)
[2025-12-16 10:23:05.089] [INFO] Registering ThemeManager...
[2025-12-16 10:23:05.090] ServiceContainer: Registered 'ThemeManager' (singleton=True)
[2025-12-16 10:23:05.091] [INFO] Registering Config service...
[2025-12-16 10:23:05.093] ServiceContainer: Registered 'Config' (singleton=True)
[2025-12-16 10:23:05.094] [INFO] Registering TaskStore service...
[2025-12-16 10:23:05.095] ServiceContainer: Registered 'TaskStore' (singleton=True)
[2025-12-16 10:23:05.096] [INFO] Registering MenuRegistry service...
[2025-12-16 10:23:05.098] ServiceContainer: Registered 'MenuRegistry' (singleton=True)
[2025-12-16 10:23:05.099] [INFO] Registering Application service...
[2025-12-16 10:23:05.100] ServiceContainer: Registered 'Application' (singleton=True)
[2025-12-16 10:23:05.101] [INFO] Registering CommandService...
[2025-12-16 10:23:05.107] ServiceContainer: Registered 'CommandService' (singleton=True)
[2025-12-16 10:23:05.109] [INFO] Registering ChecklistService...
[2025-12-16 10:23:05.110] ServiceContainer: Registered 'ChecklistService' (singleton=True)
[2025-12-16 10:23:05.111] [INFO] Registering NoteService...
[2025-12-16 10:23:05.112] ServiceContainer: Registered 'NoteService' (singleton=True)
[2025-12-16 10:23:05.113] [INFO] Registering ExcelMappingService...
[2025-12-16 10:23:05.114] ServiceContainer: Registered 'ExcelMappingService' (singleton=True)
[2025-12-16 10:23:05.115] [INFO] Registering PreferencesService...
[2025-12-16 10:23:05.116] ServiceContainer: Registered 'PreferencesService' (singleton=True)
[2025-12-16 10:23:05.117] [INFO] Registering screen factories...
[2025-12-16 10:23:05.118] ServiceContainer: Registered 'TaskListScreen' (singleton=False)
[2025-12-16 10:23:05.119] [INFO] Resolving Application from container...
[2025-12-16 10:23:05.136] ServiceContainer: Resolving 'Application'...
[2025-12-16 10:23:05.139] [INFO] Resolving Application...
[2025-12-16 10:23:05.140] ServiceContainer: Resolving 'Theme'...
[2025-12-16 10:23:05.148] [INFO] Resolving Theme: Calling Initialize-PmcThemeSystem...
[2025-12-16 10:23:05.163] [INFO] Theme resolved: #33aaff
[2025-12-16 10:23:05.165] [INFO] Loading PmcThemeEngine...
[2025-12-16 10:23:05.235] [DEBUG] Palette [Footer] -> #185F30 (R=24 G=95 B=48)
[2025-12-16 10:23:05.236] [DEBUG] Palette [Label] -> #5C8F6D (R=92 G=143 B=109)
[2025-12-16 10:23:05.237] [DEBUG] Palette [Error] -> #BE2914 (R=190 G=41 B=20)
[2025-12-16 10:23:05.238] [DEBUG] Palette [Warning] -> #7FCA14 (R=127 G=202 B=20)
[2025-12-16 10:23:05.256] [DEBUG] Palette [Bright] -> #2CB158 (R=44 G=177 B=88)
[2025-12-16 10:23:05.257] [DEBUG] Palette [Status] -> #5C8F6D (R=92 G=143 B=109)
[2025-12-16 10:23:05.258] [DEBUG] Palette [Muted] -> #5C8F6D (R=92 G=143 B=109)
[2025-12-16 10:23:05.260] [DEBUG] Palette [Header] -> #228844 (R=34 G=136 B=68)
[2025-12-16 10:23:05.261] [DEBUG] Palette [Text] -> #C2EACF (R=194 G=234 B=207)
[2025-12-16 10:23:05.263] [DEBUG] Palette [Success] -> #2CB158 (R=44 G=177 B=88)
[2025-12-16 10:23:05.264] [DEBUG] Palette [Border] -> #185F30 (R=24 G=95 B=48)
[2025-12-16 10:23:05.265] [DEBUG] Palette [Cursor] -> #228844 (R=34 G=136 B=68)
[2025-12-16 10:23:05.267] [DEBUG] Palette [Highlight] -> #228844 (R=34 G=136 B=68)
[2025-12-16 10:23:05.268] [DEBUG] Palette [Primary] -> #228844 (R=34 G=136 B=68)
[2025-12-16 10:23:05.285] [INFO] LoadFromConfig: Loaded Properties with 16 items
[2025-12-16 10:23:05.300] [INFO] PmcThemeEngine initialized with PMC palette (14 colors)
[2025-12-16 10:23:05.305] ServiceContainer: Resolved 'Theme' successfully
[2025-12-16 10:23:05.892] ServiceContainer: Resolving 'ThemeManager'...
[2025-12-16 10:23:05.894] [INFO] Resolving ThemeManager...
[2025-12-16 10:23:05.933] ServiceContainer: Resolved 'ThemeManager' successfully
[2025-12-16 10:23:05.946] ServiceContainer: Resolved 'Application' successfully
[2025-12-16 10:23:05.951] [INFO] Application resolved and assigned to $global:PmcApp
[2025-12-16 10:23:05.953] [INFO] Loading menus from manifest...
[2025-12-16 10:23:05.954] ServiceContainer: Resolving 'MenuRegistry'...
[2025-12-16 10:23:05.956] [INFO] Resolving MenuRegistry...
[2025-12-16 10:23:05.970] ServiceContainer: Resolved 'MenuRegistry' successfully
[2025-12-16 10:23:05.994] MenuRegistry: Loaded manifest with 24 entries
[2025-12-16 10:23:06.027] ServiceContainer: Registered 'TaskListScreen_Default' (singleton=False)
[2025-12-16 10:23:06.029] MenuRegistry: Registered screen factory 'TaskListScreen_Default' in container (viewMode=)
[2025-12-16 10:23:06.049] MenuRegistry: Registered 'Task List' in 'Tasks' menu (hotkey=L order=5)
[2025-12-16 10:23:06.052] ServiceContainer: Registered 'HelpViewScreen' (singleton=False)
[2025-12-16 10:23:06.053] MenuRegistry: Registered screen factory 'HelpViewScreen' in container (viewMode=)
[2025-12-16 10:23:06.054] MenuRegistry: Registered 'Help' in 'Help' menu (hotkey=H order=10)
[2025-12-16 10:23:06.058] ServiceContainer: Registered 'TaskListScreen_Week' (singleton=False)
[2025-12-16 10:23:06.059] MenuRegistry: Registered screen factory 'TaskListScreen_Week' in container (viewMode=week)
[2025-12-16 10:23:06.061] MenuRegistry: Registered 'Week View' in 'Tasks' menu (hotkey=W order=20)
[2025-12-16 10:23:06.063] ServiceContainer: Registered 'TimeReportScreen' (singleton=False)
[2025-12-16 10:23:06.064] MenuRegistry: Registered screen factory 'TimeReportScreen' in container (viewMode=)
[2025-12-16 10:23:06.066] MenuRegistry: Registered 'Time Report' in 'Time' menu (hotkey=R order=20)
[2025-12-16 10:23:06.068] ServiceContainer: Registered 'TimeListScreen' (singleton=False)
[2025-12-16 10:23:06.069] MenuRegistry: Registered screen factory 'TimeListScreen' in container (viewMode=)
[2025-12-16 10:23:06.070] MenuRegistry: Registered 'Time Tracking' in 'Time' menu (hotkey=T order=5)
[2025-12-16 10:23:06.072] ServiceContainer: Registered 'TaskListScreen_NextActions' (singleton=False)
[2025-12-16 10:23:06.074] MenuRegistry: Registered screen factory 'TaskListScreen_NextActions' in container (viewMode=nextactions)
[2025-12-16 10:23:06.075] MenuRegistry: Registered 'Next Actions' in 'Tasks' menu (hotkey=N order=35)
[2025-12-16 10:23:06.078] ServiceContainer: Registered 'ChecklistsLauncherScreen' (singleton=False)
[2025-12-16 10:23:06.079] MenuRegistry: Registered screen factory 'ChecklistsLauncherScreen' in container (viewMode=)
[2025-12-16 10:23:06.081] MenuRegistry: Registered 'Checklists' in 'Tools' menu (hotkey=C order=25)
[2025-12-16 10:23:06.083] ServiceContainer: Registered 'TaskListScreen_Month' (singleton=False)
[2025-12-16 10:23:06.084] MenuRegistry: Registered screen factory 'TaskListScreen_Month' in container (viewMode=month)
[2025-12-16 10:23:06.091] MenuRegistry: Registered 'Month View' in 'Tasks' menu (hotkey=M order=45)
[2025-12-16 10:23:06.093] ServiceContainer: Registered 'TaskListScreen_Upcoming' (singleton=False)
[2025-12-16 10:23:06.095] MenuRegistry: Registered screen factory 'TaskListScreen_Upcoming' in container (viewMode=upcoming)
[2025-12-16 10:23:06.096] MenuRegistry: Registered 'Upcoming' in 'Tasks' menu (hotkey=U order=25)
[2025-12-16 10:23:06.098] ServiceContainer: Registered 'ExcelProfileManagerScreen' (singleton=False)
[2025-12-16 10:23:06.099] MenuRegistry: Registered screen factory 'ExcelProfileManagerScreen' in container (viewMode=)
[2025-12-16 10:23:06.100] MenuRegistry: Registered 'Excel Profiles' in 'Projects' menu (hotkey=M order=50)
[2025-12-16 10:23:06.102] ServiceContainer: Registered 'CommandLibraryScreen' (singleton=False)
[2025-12-16 10:23:06.103] MenuRegistry: Registered screen factory 'CommandLibraryScreen' in container (viewMode=)
[2025-12-16 10:23:06.104] MenuRegistry: Registered 'Command Library' in 'Tools' menu (hotkey=L order=10)
[2025-12-16 10:23:06.105] ServiceContainer: Registered 'TaskListScreen_Agenda' (singleton=False)
[2025-12-16 10:23:06.106] MenuRegistry: Registered screen factory 'TaskListScreen_Agenda' in container (viewMode=agenda)
[2025-12-16 10:23:06.108] MenuRegistry: Registered 'Agenda View' in 'Tasks' menu (hotkey=A order=50)
[2025-12-16 10:23:06.109] ServiceContainer: Registered 'TaskListScreen_NoDate' (singleton=False)
[2025-12-16 10:23:06.110] MenuRegistry: Registered screen factory 'TaskListScreen_NoDate' in container (viewMode=noduedate)
[2025-12-16 10:23:06.112] MenuRegistry: Registered 'No Due Date' in 'Tasks' menu (hotkey=D order=40)
[2025-12-16 10:23:06.113] ServiceContainer: Registered 'TaskListScreen_Tomorrow' (singleton=False)
[2025-12-16 10:23:06.114] MenuRegistry: Registered screen factory 'TaskListScreen_Tomorrow' in container (viewMode=tomorrow)
[2025-12-16 10:23:06.115] MenuRegistry: Registered 'Tomorrow' in 'Tasks' menu (hotkey=T order=15)
[2025-12-16 10:23:06.117] ServiceContainer: Registered 'SettingsScreen' (singleton=False)
[2025-12-16 10:23:06.118] MenuRegistry: Registered screen factory 'SettingsScreen' in container (viewMode=)
[2025-12-16 10:23:06.119] MenuRegistry: Registered 'Settings' in 'Options' menu (hotkey=S order=20)
[2025-12-16 10:23:06.120] ServiceContainer: Registered 'NotesMenuScreen' (singleton=False)
[2025-12-16 10:23:06.121] MenuRegistry: Registered screen factory 'NotesMenuScreen' in container (viewMode=)
[2025-12-16 10:23:06.123] MenuRegistry: Registered 'Notes' in 'Tools' menu (hotkey=N order=20)
[2025-12-16 10:23:06.124] ServiceContainer: Registered 'TaskListScreen_Today' (singleton=False)
[2025-12-16 10:23:06.125] MenuRegistry: Registered screen factory 'TaskListScreen_Today' in container (viewMode=today)
[2025-12-16 10:23:06.127] MenuRegistry: Registered 'Today' in 'Tasks' menu (hotkey=Y order=10)
[2025-12-16 10:23:06.129] ServiceContainer: Registered 'TaskListScreen_Overdue' (singleton=False)
[2025-12-16 10:23:06.130] MenuRegistry: Registered screen factory 'TaskListScreen_Overdue' in container (viewMode=overdue)
[2025-12-16 10:23:06.131] MenuRegistry: Registered 'Overdue' in 'Tasks' menu (hotkey=O order=30)
[2025-12-16 10:23:06.133] ServiceContainer: Registered 'KanbanScreenV2' (singleton=False)
[2025-12-16 10:23:06.134] MenuRegistry: Registered screen factory 'KanbanScreenV2' in container (viewMode=)
[2025-12-16 10:23:06.135] MenuRegistry: Registered 'Kanban Board' in 'Tasks' menu (hotkey=K order=55)
[2025-12-16 10:23:06.137] ServiceContainer: Registered 'ChecklistTemplatesFolderScreen' (singleton=False)
[2025-12-16 10:23:06.138] MenuRegistry: Registered screen factory 'ChecklistTemplatesFolderScreen' in container (viewMode=)
[2025-12-16 10:23:06.140] MenuRegistry: Registered 'Checklist Templates' in 'Tools' menu (hotkey=H order=30)
[2025-12-16 10:23:06.142] ServiceContainer: Registered 'ThemeEditorScreen' (singleton=False)
[2025-12-16 10:23:06.143] MenuRegistry: Registered screen factory 'ThemeEditorScreen' in container (viewMode=)
[2025-12-16 10:23:06.150] MenuRegistry: Registered 'Theme Editor' in 'Options' menu (hotkey=T order=10)
[2025-12-16 10:23:06.153] ServiceContainer: Registered 'WeeklyTimeReportScreen' (singleton=False)
[2025-12-16 10:23:06.155] MenuRegistry: Registered screen factory 'WeeklyTimeReportScreen' in container (viewMode=)
[2025-12-16 10:23:06.158] MenuRegistry: Registered 'Weekly Report' in 'Time' menu (hotkey=W order=10)
[2025-12-16 10:23:06.161] ServiceContainer: Registered 'ProjectListScreen' (singleton=False)
[2025-12-16 10:23:06.163] MenuRegistry: Registered screen factory 'ProjectListScreen' in container (viewMode=)
[2025-12-16 10:23:06.165] MenuRegistry: Registered 'Project List' in 'Projects' menu (hotkey=L order=10)
[2025-12-16 10:23:06.167] ServiceContainer: Registered 'ExcelImportScreen' (singleton=False)
[2025-12-16 10:23:06.168] MenuRegistry: Registered screen factory 'ExcelImportScreen' in container (viewMode=)
[2025-12-16 10:23:06.170] MenuRegistry: Registered 'Import from Excel' in 'Projects' menu (hotkey=I order=40)
[2025-12-16 10:23:06.171] [INFO] Menus loaded from /home/teej/ztest/module/Pmc.Strict/consoleui/screens/MenuItems.psd1
[2025-12-16 10:23:06.173] [INFO] Launching screen: TaskList
[2025-12-16 10:23:06.174] [INFO] Resolving TaskListScreen from container...
[2025-12-16 10:23:06.175] ServiceContainer: Resolving 'TaskListScreen'...
[2025-12-16 10:23:06.177] [INFO] Resolving TaskListScreen...
[2025-12-16 10:23:06.179] ServiceContainer: Resolving 'TaskStore'...
[2025-12-16 10:23:06.181] [INFO] Resolving TaskStore...
[2025-12-16 10:23:06.226] [DEBUG] TaskStore.LoadData: Starting
[2025-12-16 10:23:06.229] [DEBUG] TaskStore.LoadData: Calling Get-PmcData
[2025-12-16 10:23:06.454] [DEBUG] TaskStore.LoadData: Get-PmcData returned - tasks=2 projects=0 timelogs=4
[2025-12-16 10:23:06.468] [DEBUG] TaskStore.LoadData: Loaded 2 tasks
[2025-12-16 10:23:06.469] [DEBUG] TaskStore.LoadData: No projects in data, initialized empty list
[2025-12-16 10:23:06.485] ServiceContainer: Resolved 'TaskStore' successfully
[2025-12-16 10:23:07.131] [DEBUG] PmcScreen.AddContentWidget: Adding UniversalList (Total: 1)
[2025-12-16 10:23:07.189] [DEBUG] TaskListScreen: Constructor started
[2025-12-16 10:23:07.247] _PopulateMenusFromRegistry: Menu 'Time' has 3 items from registry (array)
[2025-12-16 10:23:07.283] _PopulateMenusFromRegistry: Menu 'Options' has 2 items from registry (array)
[2025-12-16 10:23:07.288] _PopulateMenusFromRegistry: Menu 'Help' has 1 items from registry (array)
[2025-12-16 10:23:07.292] _PopulateMenusFromRegistry: Menu 'Projects' has 3 items from registry (array)
[2025-12-16 10:23:07.299] _PopulateMenusFromRegistry: Menu 'Tasks' has 11 items from registry (array)
[2025-12-16 10:23:07.304] _PopulateMenusFromRegistry: Menu 'Tools' has 4 items from registry (array)
[2025-12-16 10:23:07.306] [DEBUG] TaskListScreen: Constructor completed
[2025-12-16 10:23:07.309] ServiceContainer: Resolved 'TaskListScreen' successfully
[2025-12-16 10:23:07.310] [INFO] Pushing screen to app...
[2025-12-16 10:23:07.974] [DEBUG] LoadData: Got 2 tasks from Store
[2025-12-16 10:23:08.110] [DEBUG] TaskListScreen.LoadData: Setting 2 tasks
[2025-12-16 10:23:08.117] [DEBUG] UniversalList.SetData: START
[2025-12-16 10:23:08.187] [DEBUG] UniversalList.SetData: COMPLETE (2 items)
[2025-12-16 10:23:08.199] [INFO] Screen pushed successfully
[2025-12-16 10:23:08.201] [INFO] Starting event loop...
[2025-12-16 10:23:09.158] [DEBUG] PmcScreen: Calling RenderToEngine on UniversalList
[2025-12-16 10:23:11.199] [INFO] TaskListScreen.EditItem called - item.id=f6d455a4-9e14-46c4-ba1a-4563c83b3b39
[2025-12-16 10:23:11.240] [DEBUG] InlineEditor.SetFields: Added field 'text' type=text
[2025-12-16 10:23:11.341] [DEBUG] InlineEditor.SetFields: Created widget for field 'text'
[2025-12-16 10:23:11.344] [DEBUG] InlineEditor.SetFields: Added field 'details' type=text
[2025-12-16 10:23:11.346] [DEBUG] InlineEditor.SetFields: Created widget for field 'details'
[2025-12-16 10:23:11.348] [DEBUG] InlineEditor.SetFields: Added field 'due' type=date
[2025-12-16 10:23:11.359] [DEBUG] InlineEditor.SetFields: Created widget for field 'due'
[2025-12-16 10:23:11.361] [DEBUG] InlineEditor.SetFields: Added field 'project' type=project
[2025-12-16 10:23:11.367] [DEBUG] InlineEditor.SetFields: Created widget for field 'project'
[2025-12-16 10:23:11.369] [DEBUG] InlineEditor.SetFields: Added field 'tags' type=tags
[2025-12-16 10:23:11.386] [DEBUG] InlineEditor.SetFields: Created widget for field 'tags'
[2025-12-16 10:23:11.393] [INFO] TaskListScreen.EditItem: Setting OnConfirmed callback for taskId=f6d455a4-9e14-46c4-ba1a-4563c83b3b39
[2025-12-16 10:23:11.901] [DEBUG] InlineEditor.RenderToEngine: START X=2 Y=9 Width=169 Height=1 Fields=5 CurrentFieldIndex=0
[2025-12-16 10:23:11.970] [DEBUG] InlineEditor.RenderToEngine: Rendering focused text field 'text' at X=2 Y=9 width=50 text='t1'
[2025-12-16 10:23:11.982] [DEBUG] InlineEditor.RenderToEngine: Rendering cursor at X=4 Y=9 char=' '
[2025-12-16 10:23:12.016] [DEBUG] PmcScreen: Calling RenderToEngine on UniversalList
[2025-12-16 10:23:12.333] [DEBUG] InlineEditor.RenderToEngine: START X=2 Y=9 Width=169 Height=1 Fields=5 CurrentFieldIndex=0
[2025-12-16 10:23:12.336] [DEBUG] InlineEditor.RenderToEngine: Rendering focused text field 'text' at X=2 Y=9 width=50 text='t1'
[2025-12-16 10:23:12.341] [DEBUG] InlineEditor.RenderToEngine: Rendering cursor at X=4 Y=9 char=' '
[2025-12-16 10:23:12.714] [DEBUG] InlineEditor.RenderToEngine: START X=2 Y=9 Width=169 Height=1 Fields=5 CurrentFieldIndex=0
[2025-12-16 10:23:12.717] [DEBUG] InlineEditor.RenderToEngine: Rendering focused text field 'text' at X=2 Y=9 width=50 text='t1'
[2025-12-16 10:23:12.721] [DEBUG] InlineEditor.RenderToEngine: Rendering cursor at X=4 Y=9 char=' '
[2025-12-16 10:23:12.751] [DEBUG] InlineEditor.RenderToEngine: START X=1 Y=9 Width=171 Height=1 Fields=5 CurrentFieldIndex=0
[2025-12-16 10:23:12.754] [DEBUG] InlineEditor.RenderToEngine: Rendering focused text field 'text' at X=1 Y=9 width=50 text='t1'
[2025-12-16 10:23:12.758] [DEBUG] InlineEditor.RenderToEngine: Rendering cursor at X=3 Y=9 char=' '
[2025-12-16 10:23:18.821] [DEBUG] StandardListScreen: Routing to InlineEditor (Key=Tab)
[2025-12-16 10:23:18.856] [DEBUG] StandardListScreen: After HandleInput - IsConfirmed=False IsCancelled=False ShowInlineEditor=True
[2025-12-16 10:23:18.859] [DEBUG] StandardListScreen: After close check - ShowInlineEditor=True
[2025-12-16 10:23:19.159] [DEBUG] InlineEditor.RenderToEngine: START X=2 Y=9 Width=169 Height=1 Fields=5 CurrentFieldIndex=1
[2025-12-16 10:23:19.166] [DEBUG] InlineEditor.RenderToEngine: Rendering focused text field 'details' at X=52 Y=9 width=42 text=''
[2025-12-16 10:23:19.170] [DEBUG] InlineEditor.RenderToEngine: Rendering cursor at X=52 Y=9 char=' '
[2025-12-16 10:23:19.176] [DEBUG] PmcScreen: Calling RenderToEngine on UniversalList
[2025-12-16 10:23:19.389] [DEBUG] InlineEditor.RenderToEngine: START X=2 Y=9 Width=169 Height=1 Fields=5 CurrentFieldIndex=1
[2025-12-16 10:23:19.393] [DEBUG] InlineEditor.RenderToEngine: Rendering focused text field 'details' at X=52 Y=9 width=42 text=''
[2025-12-16 10:23:19.395] [DEBUG] InlineEditor.RenderToEngine: Rendering cursor at X=52 Y=9 char=' '
[2025-12-16 10:23:19.624] [DEBUG] InlineEditor.RenderToEngine: START X=2 Y=9 Width=169 Height=1 Fields=5 CurrentFieldIndex=1
[2025-12-16 10:23:19.627] [DEBUG] InlineEditor.RenderToEngine: Rendering focused text field 'details' at X=52 Y=9 width=42 text=''
[2025-12-16 10:23:19.630] [DEBUG] InlineEditor.RenderToEngine: Rendering cursor at X=52 Y=9 char=' '
[2025-12-16 10:23:19.639] [DEBUG] InlineEditor.RenderToEngine: START X=1 Y=9 Width=171 Height=1 Fields=5 CurrentFieldIndex=1
[2025-12-16 10:23:19.643] [DEBUG] InlineEditor.RenderToEngine: Rendering focused text field 'details' at X=51 Y=9 width=42 text=''
[2025-12-16 10:23:19.645] [DEBUG] InlineEditor.RenderToEngine: Rendering cursor at X=51 Y=9 char=' '
[2025-12-16 10:23:23.288] [DEBUG] StandardListScreen: Routing to InlineEditor (Key=Tab)
[2025-12-16 10:23:23.294] [DEBUG] StandardListScreen: After HandleInput - IsConfirmed=False IsCancelled=False ShowInlineEditor=True
[2025-12-16 10:23:23.296] [DEBUG] StandardListScreen: After close check - ShowInlineEditor=True
[2025-12-16 10:23:23.483] [DEBUG] InlineEditor.RenderToEngine: START X=2 Y=9 Width=169 Height=1 Fields=5 CurrentFieldIndex=0
[2025-12-16 10:23:23.484] [DEBUG] InlineEditor.RenderToEngine: Rendering focused text field 'text' at X=2 Y=9 width=50 text='t1'
[2025-12-16 10:23:23.486] [DEBUG] InlineEditor.RenderToEngine: Rendering cursor at X=4 Y=9 char=' '
[2025-12-16 10:23:23.493] [DEBUG] PmcScreen: Calling RenderToEngine on UniversalList
[2025-12-16 10:23:23.628] [DEBUG] InlineEditor.RenderToEngine: START X=2 Y=9 Width=169 Height=1 Fields=5 CurrentFieldIndex=0
[2025-12-16 10:23:23.630] [DEBUG] InlineEditor.RenderToEngine: Rendering focused text field 'text' at X=2 Y=9 width=50 text='t1'
[2025-12-16 10:23:23.634] [DEBUG] InlineEditor.RenderToEngine: Rendering cursor at X=4 Y=9 char=' '
[2025-12-16 10:23:23.785] [DEBUG] InlineEditor.RenderToEngine: START X=2 Y=9 Width=169 Height=1 Fields=5 CurrentFieldIndex=0
[2025-12-16 10:23:23.789] [DEBUG] InlineEditor.RenderToEngine: Rendering focused text field 'text' at X=2 Y=9 width=50 text='t1'
[2025-12-16 10:23:23.791] [DEBUG] InlineEditor.RenderToEngine: Rendering cursor at X=4 Y=9 char=' '
[2025-12-16 10:23:23.797] [DEBUG] InlineEditor.RenderToEngine: START X=1 Y=9 Width=171 Height=1 Fields=5 CurrentFieldIndex=0
[2025-12-16 10:23:23.798] [DEBUG] InlineEditor.RenderToEngine: Rendering focused text field 'text' at X=1 Y=9 width=50 text='t1'
[2025-12-16 10:23:23.799] [DEBUG] InlineEditor.RenderToEngine: Rendering cursor at X=3 Y=9 char=' '
[2025-12-16 10:23:58.800] [DEBUG] InlineEditor.RenderToEngine: START X=2 Y=9 Width=169 Height=1 Fields=5 CurrentFieldIndex=0
[2025-12-16 10:23:58.801] [DEBUG] InlineEditor.RenderToEngine: Rendering focused text field 'text' at X=2 Y=9 width=50 text='t1'
[2025-12-16 10:23:58.804] [DEBUG] InlineEditor.RenderToEngine: Rendering cursor at X=4 Y=9 char=' '
[2025-12-16 10:23:58.808] [DEBUG] PmcScreen: Calling RenderToEngine on UniversalList
[2025-12-16 10:23:58.930] [DEBUG] InlineEditor.RenderToEngine: START X=2 Y=9 Width=169 Height=1 Fields=5 CurrentFieldIndex=0
[2025-12-16 10:23:58.932] [DEBUG] InlineEditor.RenderToEngine: Rendering focused text field 'text' at X=2 Y=9 width=50 text='t1'
[2025-12-16 10:23:58.933] [DEBUG] InlineEditor.RenderToEngine: Rendering cursor at X=4 Y=9 char=' '
[2025-12-16 10:23:59.167] [DEBUG] InlineEditor.RenderToEngine: START X=2 Y=9 Width=169 Height=1 Fields=5 CurrentFieldIndex=0
[2025-12-16 10:23:59.169] [DEBUG] InlineEditor.RenderToEngine: Rendering focused text field 'text' at X=2 Y=9 width=50 text='t1'
[2025-12-16 10:23:59.171] [DEBUG] InlineEditor.RenderToEngine: Rendering cursor at X=4 Y=9 char=' '
[2025-12-16 10:23:59.181] [DEBUG] InlineEditor.RenderToEngine: START X=1 Y=9 Width=171 Height=1 Fields=5 CurrentFieldIndex=0
[2025-12-16 10:23:59.183] [DEBUG] InlineEditor.RenderToEngine: Rendering focused text field 'text' at X=1 Y=9 width=50 text='t1'
[2025-12-16 10:23:59.188] [DEBUG] InlineEditor.RenderToEngine: Rendering cursor at X=3 Y=9 char=' '
[2025-12-16 10:24:00.227] ServiceContainer: Resolving 'ProjectListScreen'...
[2025-12-16 10:24:00.290] [DEBUG] PmcScreen.AddContentWidget: Adding UniversalList (Total: 1)
[2025-12-16 10:24:00.319] ServiceContainer: Resolved 'ProjectListScreen' successfully
[2025-12-16 10:24:00.457] [DEBUG] UniversalList.SetData: START
[2025-12-16 10:24:00.462] [DEBUG] UniversalList.SetData: COMPLETE (0 items)
[2025-12-16 10:24:00.626] [DEBUG] PmcScreen: Calling RenderToEngine on UniversalList
[2025-12-16 10:24:02.421] [DEBUG] ProjectListScreen.GetEditFields: Creating NEW project fields
[2025-12-16 10:24:02.423] [DEBUG] StandardListScreen.AddItem: About to SetFields with 2 fields
[2025-12-16 10:24:02.426] [DEBUG] InlineEditor.SetFields: Added field 'name' type=text
[2025-12-16 10:24:02.429] [DEBUG] InlineEditor.SetFields: Created widget for field 'name'
[2025-12-16 10:24:02.429] [DEBUG] InlineEditor.SetFields: Added field 'description' type=text
[2025-12-16 10:24:02.430] [DEBUG] InlineEditor.SetFields: Created widget for field 'description'
[2025-12-16 10:24:02.431] [DEBUG] StandardListScreen.AddItem: SetFields completed successfully
[2025-12-16 10:24:02.588] [DEBUG] InlineEditor.RenderToEngine: START X=2 Y=9 Width=169 Height=1 Fields=2 CurrentFieldIndex=0
[2025-12-16 10:24:02.591] [DEBUG] InlineEditor.RenderToEngine: Rendering focused text field 'name' at X=2 Y=9 width=41 text=''
[2025-12-16 10:24:02.595] [DEBUG] InlineEditor.RenderToEngine: Rendering cursor at X=2 Y=9 char=' '
[2025-12-16 10:24:02.600] [DEBUG] PmcScreen: Calling RenderToEngine on UniversalList
[2025-12-16 10:24:02.720] [DEBUG] InlineEditor.RenderToEngine: START X=2 Y=9 Width=169 Height=1 Fields=2 CurrentFieldIndex=0
[2025-12-16 10:24:02.721] [DEBUG] InlineEditor.RenderToEngine: Rendering focused text field 'name' at X=2 Y=9 width=41 text=''
[2025-12-16 10:24:02.723] [DEBUG] InlineEditor.RenderToEngine: Rendering cursor at X=2 Y=9 char=' '
[2025-12-16 10:24:02.858] [DEBUG] InlineEditor.RenderToEngine: START X=2 Y=9 Width=169 Height=1 Fields=2 CurrentFieldIndex=0
[2025-12-16 10:24:02.859] [DEBUG] InlineEditor.RenderToEngine: Rendering focused text field 'name' at X=2 Y=9 width=41 text=''
[2025-12-16 10:24:02.860] [DEBUG] InlineEditor.RenderToEngine: Rendering cursor at X=2 Y=9 char=' '
[2025-12-16 10:24:02.864] [DEBUG] InlineEditor.RenderToEngine: START X=1 Y=9 Width=171 Height=1 Fields=2 CurrentFieldIndex=0
[2025-12-16 10:24:02.865] [DEBUG] InlineEditor.RenderToEngine: Rendering focused text field 'name' at X=1 Y=9 width=41 text=''
[2025-12-16 10:24:02.867] [DEBUG] InlineEditor.RenderToEngine: Rendering cursor at X=1 Y=9 char=' '
[2025-12-16 10:24:04.829] [DEBUG] StandardListScreen: Routing to InlineEditor (Key=P)
[2025-12-16 10:24:04.830] [DEBUG] InlineEditor.HandleInput: Current field index=0 name=name type=text
[2025-12-16 10:24:04.834] [DEBUG] InlineEditor.HandleInput: Routing input to widget type=TextInput
[2025-12-16 10:24:04.839] [DEBUG] InlineEditor.HandleInput: Calling TextInput.HandleInput() with key=P char=p
[2025-12-16 10:24:04.865] [DEBUG] StandardListScreen: After HandleInput - IsConfirmed=False IsCancelled=False ShowInlineEditor=True
[2025-12-16 10:24:04.866] [DEBUG] StandardListScreen: After close check - ShowInlineEditor=True
[2025-12-16 10:24:05.022] [DEBUG] InlineEditor.RenderToEngine: START X=2 Y=9 Width=169 Height=1 Fields=2 CurrentFieldIndex=0
[2025-12-16 10:24:05.023] [DEBUG] InlineEditor.RenderToEngine: Rendering focused text field 'name' at X=2 Y=9 width=41 text=''
[2025-12-16 10:24:05.025] [DEBUG] InlineEditor.RenderToEngine: Rendering cursor at X=2 Y=9 char=' '
[2025-12-16 10:24:05.027] [DEBUG] PmcScreen: Calling RenderToEngine on UniversalList
[2025-12-16 10:24:05.141] [DEBUG] InlineEditor.RenderToEngine: START X=2 Y=9 Width=169 Height=1 Fields=2 CurrentFieldIndex=0
[2025-12-16 10:24:05.142] [DEBUG] InlineEditor.RenderToEngine: Rendering focused text field 'name' at X=2 Y=9 width=41 text=''
[2025-12-16 10:24:05.143] [DEBUG] InlineEditor.RenderToEngine: Rendering cursor at X=2 Y=9 char=' '
[2025-12-16 10:24:05.286] [DEBUG] InlineEditor.RenderToEngine: START X=2 Y=9 Width=169 Height=1 Fields=2 CurrentFieldIndex=0
[2025-12-16 10:24:05.287] [DEBUG] InlineEditor.RenderToEngine: Rendering focused text field 'name' at X=2 Y=9 width=41 text=''
[2025-12-16 10:24:05.288] [DEBUG] InlineEditor.RenderToEngine: Rendering cursor at X=2 Y=9 char=' '
[2025-12-16 10:24:05.293] [DEBUG] InlineEditor.RenderToEngine: START X=1 Y=9 Width=171 Height=1 Fields=2 CurrentFieldIndex=0
[2025-12-16 10:24:05.294] [DEBUG] InlineEditor.RenderToEngine: Rendering focused text field 'name' at X=1 Y=9 width=41 text=''
[2025-12-16 10:24:05.295] [DEBUG] InlineEditor.RenderToEngine: Rendering cursor at X=1 Y=9 char=' '
[2025-12-16 10:24:05.444] [DEBUG] StandardListScreen: Routing to InlineEditor (Key=D1)
[2025-12-16 10:24:05.444] [DEBUG] InlineEditor.HandleInput: Current field index=0 name=name type=text
[2025-12-16 10:24:05.445] [DEBUG] InlineEditor.HandleInput: Routing input to widget type=TextInput
[2025-12-16 10:24:05.445] [DEBUG] InlineEditor.HandleInput: Calling TextInput.HandleInput() with key=D1 char=1
[2025-12-16 10:24:05.446] [DEBUG] StandardListScreen: After HandleInput - IsConfirmed=False IsCancelled=False ShowInlineEditor=True
[2025-12-16 10:24:05.446] [DEBUG] StandardListScreen: After close check - ShowInlineEditor=True
[2025-12-16 10:24:05.605] [DEBUG] InlineEditor.RenderToEngine: START X=2 Y=9 Width=169 Height=1 Fields=2 CurrentFieldIndex=0
[2025-12-16 10:24:05.606] [DEBUG] InlineEditor.RenderToEngine: Rendering focused text field 'name' at X=2 Y=9 width=41 text=''
[2025-12-16 10:24:05.607] [DEBUG] InlineEditor.RenderToEngine: Rendering cursor at X=2 Y=9 char=' '
[2025-12-16 10:24:05.612] [DEBUG] PmcScreen: Calling RenderToEngine on UniversalList
[2025-12-16 10:24:05.727] [DEBUG] InlineEditor.RenderToEngine: START X=2 Y=9 Width=169 Height=1 Fields=2 CurrentFieldIndex=0
[2025-12-16 10:24:05.728] [DEBUG] InlineEditor.RenderToEngine: Rendering focused text field 'name' at X=2 Y=9 width=41 text=''
[2025-12-16 10:24:05.732] [DEBUG] InlineEditor.RenderToEngine: Rendering cursor at X=2 Y=9 char=' '
[2025-12-16 10:24:05.864] [DEBUG] InlineEditor.RenderToEngine: START X=2 Y=9 Width=169 Height=1 Fields=2 CurrentFieldIndex=0
[2025-12-16 10:24:05.865] [DEBUG] InlineEditor.RenderToEngine: Rendering focused text field 'name' at X=2 Y=9 width=41 text=''
[2025-12-16 10:24:05.869] [DEBUG] InlineEditor.RenderToEngine: Rendering cursor at X=2 Y=9 char=' '
[2025-12-16 10:24:05.871] [DEBUG] InlineEditor.RenderToEngine: START X=1 Y=9 Width=171 Height=1 Fields=2 CurrentFieldIndex=0
[2025-12-16 10:24:05.872] [DEBUG] InlineEditor.RenderToEngine: Rendering focused text field 'name' at X=1 Y=9 width=41 text=''
[2025-12-16 10:24:05.873] [DEBUG] InlineEditor.RenderToEngine: Rendering cursor at X=1 Y=9 char=' '
[2025-12-16 10:24:07.587] [DEBUG] StandardListScreen: Routing to InlineEditor (Key=Enter)
[2025-12-16 10:24:07.597] [DEBUG] InlineEditor._ValidateAllFields CALLED - field count: 2
[2025-12-16 10:24:07.599] [DEBUG] InlineEditor._ValidateAllFields - Field: name, Type: text, Required: True, Value: ''
[2025-12-16 10:24:07.602] [ERROR] InlineEditor._ValidateAllFields - VALIDATION ERROR: Project is required
[2025-12-16 10:24:07.607] [DEBUG] InlineEditor._ValidateAllFields - Field: description, Type: text, Required: False, Value: ''
[2025-12-16 10:24:07.610] [DEBUG] InlineEditor._ValidateAllFields RESULT: isValid=False, errorCount=1
[2025-12-16 10:24:07.621] [DEBUG] InlineEditor._InvokeCallback: Invoking callback with arg type=String[]
[2025-12-16 10:24:07.633] [DEBUG] InlineEditor._InvokeCallback: Callback completed successfully
[2025-12-16 10:24:07.634] [DEBUG] StandardListScreen: After HandleInput - IsConfirmed=False IsCancelled=False ShowInlineEditor=True
[2025-12-16 10:24:07.635] [DEBUG] StandardListScreen: After close check - ShowInlineEditor=True
[2025-12-16 10:24:07.779] [DEBUG] InlineEditor.RenderToEngine: START X=2 Y=9 Width=169 Height=1 Fields=2 CurrentFieldIndex=0
[2025-12-16 10:24:07.781] [DEBUG] InlineEditor.RenderToEngine: Rendering focused text field 'name' at X=2 Y=9 width=41 text=''
[2025-12-16 10:24:07.783] [DEBUG] InlineEditor.RenderToEngine: Rendering cursor at X=2 Y=9 char=' '
[2025-12-16 10:24:07.786] [DEBUG] PmcScreen: Calling RenderToEngine on UniversalList
[2025-12-16 10:24:07.897] [DEBUG] InlineEditor.RenderToEngine: START X=2 Y=9 Width=169 Height=1 Fields=2 CurrentFieldIndex=0
[2025-12-16 10:24:07.900] [DEBUG] InlineEditor.RenderToEngine: Rendering focused text field 'name' at X=2 Y=9 width=41 text=''
[2025-12-16 10:24:07.901] [DEBUG] InlineEditor.RenderToEngine: Rendering cursor at X=2 Y=9 char=' '
[2025-12-16 10:24:08.024] [DEBUG] InlineEditor.RenderToEngine: START X=2 Y=9 Width=169 Height=1 Fields=2 CurrentFieldIndex=0
[2025-12-16 10:24:08.025] [DEBUG] InlineEditor.RenderToEngine: Rendering focused text field 'name' at X=2 Y=9 width=41 text=''
[2025-12-16 10:24:08.029] [DEBUG] InlineEditor.RenderToEngine: Rendering cursor at X=2 Y=9 char=' '
[2025-12-16 10:24:08.031] [DEBUG] InlineEditor.RenderToEngine: START X=1 Y=9 Width=171 Height=1 Fields=2 CurrentFieldIndex=0
[2025-12-16 10:24:08.032] [DEBUG] InlineEditor.RenderToEngine: Rendering focused text field 'name' at X=1 Y=9 width=41 text=''
[2025-12-16 10:24:08.034] [DEBUG] InlineEditor.RenderToEngine: Rendering cursor at X=1 Y=9 char=' '
[2025-12-16 10:45:38.373] [INFO] Event loop exited normally
[2025-12-16 10:45:38.374] [INFO] Cleanup - showing cursor and resetting terminal
