[2025-12-16 12:54:53.551] [INFO] Loading PMC module...
[2025-12-16 12:54:54.383] [INFO] PMC module loaded
[2025-12-16 12:54:54.384] [INFO] Loading dependencies (FieldSchemas, etc.)...
[2025-12-16 12:54:54.469] [INFO] Dependencies loaded
[2025-12-16 12:54:54.470] [INFO] Loading SpeedTUI framework...
[2025-12-16 12:54:54.656] [INFO] SpeedTUI framework loaded
[2025-12-16 12:54:54.657] [INFO] Loading PraxisVT...
[2025-12-16 12:54:54.659] [INFO] PraxisVT loaded
[2025-12-16 12:54:54.660] [INFO] Loading core dependencies...
[2025-12-16 12:54:54.693] [INFO] Core dependencies loaded
[2025-12-16 12:54:54.695] [INFO] Loading widget base classes...
[2025-12-16 12:54:54.718] [INFO] Widget base classes loaded
[2025-12-16 12:54:54.719] [INFO] Loading services...
[2025-12-16 12:54:54.805] [INFO] Services loaded
[2025-12-16 12:54:54.806] [INFO] Loading helpers...
[2025-12-16 12:54:55.572] [INFO] Helpers loaded
[2025-12-16 12:54:55.573] [INFO] Loading widgets...
[2025-12-16 12:54:55.869] [INFO] Widgets loaded
[2025-12-16 12:54:55.870] [INFO] Loading screen base class...
[2025-12-16 12:54:55.884] [INFO] Screen base class loaded
[2025-12-16 12:54:55.885] [INFO] Loading HelpViewScreen (needed by base classes)...
[2025-12-16 12:54:55.892] [INFO] HelpViewScreen loaded
[2025-12-16 12:54:55.894] [INFO] Loading base classes...
[2025-12-16 12:54:55.974] [INFO] Base classes loaded
[2025-12-16 12:54:55.975] [INFO] Loading ServiceContainer (needed by screens)...
[2025-12-16 12:54:55.979] [INFO] ServiceContainer loaded
[2025-12-16 12:54:55.980] [INFO] Loading remaining screens...
[2025-12-16 12:54:56.055] [INFO] Remaining screens loaded
[2025-12-16 12:54:56.057] [INFO] Loading PmcApplication...
[2025-12-16 12:54:56.068] [INFO] PmcApplication loaded
[2025-12-16 12:54:56.069] [INFO] All components loaded successfully
