[2025-12-18 14:04:21.258] [INFO] Loading PMC module...
[2025-12-18 14:04:23.043] [INFO] PMC module loaded
[2025-12-18 14:04:23.047] [INFO] Loading dependencies (FieldSchemas, etc.)...
[2025-12-18 14:04:23.188] [INFO] Dependencies loaded
[2025-12-18 14:04:23.192] [INFO] Loading SpeedTUI framework...
[2025-12-18 14:04:25.006] [INFO] SpeedTUI framework loaded
[2025-12-18 14:04:25.008] [INFO] Loading PraxisVT...
[2025-12-18 14:04:25.011] [INFO] PraxisVT loaded
[2025-12-18 14:04:25.012] [INFO] Loading core dependencies...
[2025-12-18 14:04:25.057] [INFO] Core dependencies loaded
[2025-12-18 14:04:25.059] [INFO] Loading widget base classes...
[2025-12-18 14:04:25.115] [INFO] Widget base classes loaded
[2025-12-18 14:04:25.118] [INFO] Loading services...
[2025-12-18 14:04:25.334] [INFO] Services loaded
[2025-12-18 14:04:25.336] [INFO] Loading helpers...
[2025-12-18 14:04:25.597] [INFO] Helpers loaded
[2025-12-18 14:04:25.599] [INFO] Loading widgets...
[2025-12-18 14:04:26.037] [INFO] Widgets loaded
[2025-12-18 14:04:26.038] [INFO] Loading screen base class...
[2025-12-18 14:04:26.053] [INFO] Screen base class loaded
[2025-12-18 14:04:26.055] [INFO] Loading HelpViewScreen (needed by base classes)...
[2025-12-18 14:04:26.063] [INFO] HelpViewScreen loaded
[2025-12-18 14:04:26.064] [INFO] Loading base classes...
[2025-12-18 14:04:26.149] [INFO] Base classes loaded
[2025-12-18 14:04:26.151] [INFO] Loading ServiceContainer (needed by screens)...
[2025-12-18 14:04:26.159] [INFO] ServiceContainer loaded
[2025-12-18 14:04:26.161] [INFO] Loading remaining screens...
[2025-12-18 14:04:26.281] [INFO] Remaining screens loaded
[2025-12-18 14:04:26.283] [INFO] Loading PmcApplication...
[2025-12-18 14:04:26.304] [INFO] PmcApplication loaded
[2025-12-18 14:04:26.306] [INFO] All components loaded successfully
[2025-12-18 14:04:26.332] [INFO] Starting PMC TUI with screen: TaskList
[2025-12-18 14:04:26.343] [INFO] Cleared stale PmcSharedMenuBar and MenuRegistry singleton
[2025-12-18 14:04:26.345] [INFO] Creating ServiceContainer...
[2025-12-18 14:04:26.361] [INFO] ServiceContainer created
[2025-12-18 14:04:26.364] [INFO] Registering Theme service...
[2025-12-18 14:04:26.392] ServiceContainer: Registered 'Theme' (singleton=True)
[2025-12-18 14:04:26.397] [INFO] Registering ThemeManager...
[2025-12-18 14:04:26.398] ServiceContainer: Registered 'ThemeManager' (singleton=True)
[2025-12-18 14:04:26.400] [INFO] Registering Config service...
[2025-12-18 14:04:26.409] ServiceContainer: Registered 'Config' (singleton=True)
[2025-12-18 14:04:26.410] [INFO] Registering TaskStore service...
[2025-12-18 14:04:26.411] ServiceContainer: Registered 'TaskStore' (singleton=True)
[2025-12-18 14:04:26.412] [INFO] Registering MenuRegistry service...
[2025-12-18 14:04:26.414] ServiceContainer: Registered 'MenuRegistry' (singleton=True)
[2025-12-18 14:04:26.415] [INFO] Registering Application service...
[2025-12-18 14:04:26.416] ServiceContainer: Registered 'Application' (singleton=True)
[2025-12-18 14:04:26.417] [INFO] Registering CommandService...
[2025-12-18 14:04:26.418] ServiceContainer: Registered 'CommandService' (singleton=True)
[2025-12-18 14:04:26.420] [INFO] Registering ChecklistService...
[2025-12-18 14:04:26.421] ServiceContainer: Registered 'ChecklistService' (singleton=True)
[2025-12-18 14:04:26.422] [INFO] Registering NoteService...
[2025-12-18 14:04:26.423] ServiceContainer: Registered 'NoteService' (singleton=True)
[2025-12-18 14:04:26.424] [INFO] Registering ExcelMappingService...
[2025-12-18 14:04:26.425] ServiceContainer: Registered 'ExcelMappingService' (singleton=True)
[2025-12-18 14:04:26.426] [INFO] Registering PreferencesService...
[2025-12-18 14:04:26.428] ServiceContainer: Registered 'PreferencesService' (singleton=True)
[2025-12-18 14:04:26.429] [INFO] Registering screen factories...
[2025-12-18 14:04:26.430] ServiceContainer: Registered 'TaskListScreen' (singleton=False)
[2025-12-18 14:04:26.432] [INFO] Resolving Application from container...
[2025-12-18 14:04:26.450] ServiceContainer: Resolving 'Application'...
[2025-12-18 14:04:26.453] [INFO] Resolving Application...
[2025-12-18 14:04:26.454] ServiceContainer: Resolving 'Theme'...
[2025-12-18 14:04:26.458] [INFO] Resolving Theme: Calling Initialize-PmcThemeSystem...
[2025-12-18 14:04:26.619] [INFO] Theme initialized: #33aaff
[2025-12-18 14:04:26.624] ServiceContainer: Resolved 'Theme' successfully
[2025-12-18 14:04:26.731] ServiceContainer: Resolving 'ThemeManager'...
[2025-12-18 14:04:26.734] [INFO] Resolving ThemeManager...
[2025-12-18 14:04:26.737] ServiceContainer: Resolved 'ThemeManager' successfully
[2025-12-18 14:04:26.761] ServiceContainer: Resolved 'Application' successfully
[2025-12-18 14:04:26.763] [INFO] Application resolved and assigned to $global:PmcApp
[2025-12-18 14:04:26.764] [INFO] Loading menus from manifest...
[2025-12-18 14:04:26.766] ServiceContainer: Resolving 'MenuRegistry'...
[2025-12-18 14:04:26.768] [INFO] Resolving MenuRegistry...
[2025-12-18 14:04:26.786] ServiceContainer: Resolved 'MenuRegistry' successfully
[2025-12-18 14:04:26.832] MenuRegistry: Loaded manifest with 23 entries
[2025-12-18 14:04:26.876] ServiceContainer: Registered 'WeeklyTimeReportScreen' (singleton=False)
[2025-12-18 14:04:26.878] MenuRegistry: Registered screen factory 'WeeklyTimeReportScreen' in container (viewMode=)
[2025-12-18 14:04:26.902] MenuRegistry: Registered 'Weekly Report' in 'Time' menu (hotkey=W order=10)
[2025-12-18 14:04:26.907] ServiceContainer: Registered 'ChecklistTemplatesFolderScreen' (singleton=False)
[2025-12-18 14:04:26.908] MenuRegistry: Registered screen factory 'ChecklistTemplatesFolderScreen' in container (viewMode=)
[2025-12-18 14:04:26.911] MenuRegistry: Registered 'Checklist Templates' in 'Tools' menu (hotkey=H order=30)
[2025-12-18 14:04:26.916] ServiceContainer: Registered 'TaskListScreen_Overdue' (singleton=False)
[2025-12-18 14:04:26.918] MenuRegistry: Registered screen factory 'TaskListScreen_Overdue' in container (viewMode=overdue)
[2025-12-18 14:04:26.920] MenuRegistry: Registered 'Overdue' in 'Tasks' menu (hotkey=O order=30)
[2025-12-18 14:04:26.923] ServiceContainer: Registered 'TaskListScreen_Month' (singleton=False)
[2025-12-18 14:04:26.925] MenuRegistry: Registered screen factory 'TaskListScreen_Month' in container (viewMode=month)
[2025-12-18 14:04:26.927] MenuRegistry: Registered 'Month View' in 'Tasks' menu (hotkey=M order=45)
[2025-12-18 14:04:26.930] ServiceContainer: Registered 'TaskListScreen_Tomorrow' (singleton=False)
[2025-12-18 14:04:26.932] MenuRegistry: Registered screen factory 'TaskListScreen_Tomorrow' in container (viewMode=tomorrow)
[2025-12-18 14:04:26.934] MenuRegistry: Registered 'Tomorrow' in 'Tasks' menu (hotkey=T order=15)
[2025-12-18 14:04:26.937] ServiceContainer: Registered 'TimeReportScreen' (singleton=False)
[2025-12-18 14:04:26.939] MenuRegistry: Registered screen factory 'TimeReportScreen' in container (viewMode=)
[2025-12-18 14:04:26.942] MenuRegistry: Registered 'Time Report' in 'Time' menu (hotkey=R order=20)
[2025-12-18 14:04:26.945] ServiceContainer: Registered 'NotesMenuScreen' (singleton=False)
[2025-12-18 14:04:26.947] MenuRegistry: Registered screen factory 'NotesMenuScreen' in container (viewMode=)
[2025-12-18 14:04:26.949] MenuRegistry: Registered 'Notes' in 'Tools' menu (hotkey=N order=20)
[2025-12-18 14:04:26.952] ServiceContainer: Registered 'TaskListScreen_NextActions' (singleton=False)
[2025-12-18 14:04:26.954] MenuRegistry: Registered screen factory 'TaskListScreen_NextActions' in container (viewMode=nextactions)
[2025-12-18 14:04:26.956] MenuRegistry: Registered 'Next Actions' in 'Tasks' menu (hotkey=N order=35)
[2025-12-18 14:04:26.959] ServiceContainer: Registered 'SettingsScreen' (singleton=False)
[2025-12-18 14:04:26.961] MenuRegistry: Registered screen factory 'SettingsScreen' in container (viewMode=)
[2025-12-18 14:04:26.963] MenuRegistry: Registered 'Settings' in 'Options' menu (hotkey=S order=20)
[2025-12-18 14:04:26.965] ServiceContainer: Registered 'TaskListScreen_Default' (singleton=False)
[2025-12-18 14:04:26.967] MenuRegistry: Registered screen factory 'TaskListScreen_Default' in container (viewMode=)
[2025-12-18 14:04:26.969] MenuRegistry: Registered 'Task List' in 'Tasks' menu (hotkey=L order=5)
[2025-12-18 14:04:26.971] ServiceContainer: Registered 'TaskListScreen_Today' (singleton=False)
[2025-12-18 14:04:26.973] MenuRegistry: Registered screen factory 'TaskListScreen_Today' in container (viewMode=today)
[2025-12-18 14:04:26.975] MenuRegistry: Registered 'Today' in 'Tasks' menu (hotkey=Y order=10)
[2025-12-18 14:04:26.978] ServiceContainer: Registered 'HelpViewScreen' (singleton=False)
[2025-12-18 14:04:26.979] MenuRegistry: Registered screen factory 'HelpViewScreen' in container (viewMode=)
[2025-12-18 14:04:26.981] MenuRegistry: Registered 'Help' in 'Help' menu (hotkey=H order=10)
[2025-12-18 14:04:26.984] ServiceContainer: Registered 'CommandLibraryScreen' (singleton=False)
[2025-12-18 14:04:27.004] MenuRegistry: Registered screen factory 'CommandLibraryScreen' in container (viewMode=)
[2025-12-18 14:04:27.006] MenuRegistry: Registered 'Command Library' in 'Tools' menu (hotkey=L order=10)
[2025-12-18 14:04:27.009] ServiceContainer: Registered 'ChecklistsLauncherScreen' (singleton=False)
[2025-12-18 14:04:27.010] MenuRegistry: Registered screen factory 'ChecklistsLauncherScreen' in container (viewMode=)
[2025-12-18 14:04:27.012] MenuRegistry: Registered 'Checklists' in 'Tools' menu (hotkey=C order=25)
[2025-12-18 14:04:27.014] ServiceContainer: Registered 'ExcelImportScreen' (singleton=False)
[2025-12-18 14:04:27.016] MenuRegistry: Registered screen factory 'ExcelImportScreen' in container (viewMode=)
[2025-12-18 14:04:27.017] MenuRegistry: Registered 'Import from Excel' in 'Projects' menu (hotkey=I order=40)
[2025-12-18 14:04:27.020] ServiceContainer: Registered 'ProjectListScreen' (singleton=False)
[2025-12-18 14:04:27.021] MenuRegistry: Registered screen factory 'ProjectListScreen' in container (viewMode=)
[2025-12-18 14:04:27.023] MenuRegistry: Registered 'Project List' in 'Projects' menu (hotkey=L order=10)
[2025-12-18 14:04:27.026] ServiceContainer: Registered 'ThemeEditorScreen' (singleton=False)
[2025-12-18 14:04:27.027] MenuRegistry: Registered screen factory 'ThemeEditorScreen' in container (viewMode=)
[2025-12-18 14:04:27.029] MenuRegistry: Registered 'Theme Editor' in 'Options' menu (hotkey=T order=10)
[2025-12-18 14:04:27.031] ServiceContainer: Registered 'ExcelProfileManagerScreen' (singleton=False)
[2025-12-18 14:04:27.032] MenuRegistry: Registered screen factory 'ExcelProfileManagerScreen' in container (viewMode=)
[2025-12-18 14:04:27.034] MenuRegistry: Registered 'Excel Profiles' in 'Projects' menu (hotkey=M order=50)
[2025-12-18 14:04:27.037] ServiceContainer: Registered 'TimeListScreen' (singleton=False)
[2025-12-18 14:04:27.039] MenuRegistry: Registered screen factory 'TimeListScreen' in container (viewMode=)
[2025-12-18 14:04:27.041] MenuRegistry: Registered 'Time Tracking' in 'Time' menu (hotkey=T order=5)
[2025-12-18 14:04:27.044] ServiceContainer: Registered 'TaskListScreen_Week' (singleton=False)
[2025-12-18 14:04:27.046] MenuRegistry: Registered screen factory 'TaskListScreen_Week' in container (viewMode=week)
[2025-12-18 14:04:27.047] MenuRegistry: Registered 'Week View' in 'Tasks' menu (hotkey=W order=20)
[2025-12-18 14:04:27.049] ServiceContainer: Registered 'TaskListScreen_Upcoming' (singleton=False)
[2025-12-18 14:04:27.051] MenuRegistry: Registered screen factory 'TaskListScreen_Upcoming' in container (viewMode=upcoming)
[2025-12-18 14:04:27.052] MenuRegistry: Registered 'Upcoming' in 'Tasks' menu (hotkey=U order=25)
[2025-12-18 14:04:27.055] ServiceContainer: Registered 'TaskListScreen_NoDate' (singleton=False)
[2025-12-18 14:04:27.057] MenuRegistry: Registered screen factory 'TaskListScreen_NoDate' in container (viewMode=noduedate)
[2025-12-18 14:04:27.058] MenuRegistry: Registered 'No Due Date' in 'Tasks' menu (hotkey=D order=40)
[2025-12-18 14:04:27.061] ServiceContainer: Registered 'TaskListScreen_Agenda' (singleton=False)
[2025-12-18 14:04:27.063] MenuRegistry: Registered screen factory 'TaskListScreen_Agenda' in container (viewMode=agenda)
[2025-12-18 14:04:27.064] MenuRegistry: Registered 'Agenda View' in 'Tasks' menu (hotkey=A order=50)
[2025-12-18 14:04:27.066] [INFO] Menus loaded from /home/teej/ztest/module/Pmc.Strict/consoleui/screens/MenuItems.psd1
[2025-12-18 14:04:27.068] [INFO] Launching screen: TaskList
[2025-12-18 14:04:27.069] [INFO] Resolving TaskListScreen from container...
[2025-12-18 14:04:27.071] ServiceContainer: Resolving 'TaskListScreen'...
[2025-12-18 14:04:27.074] [INFO] Resolving TaskListScreen...
[2025-12-18 14:04:27.075] ServiceContainer: Resolving 'TaskStore'...
[2025-12-18 14:04:27.082] [INFO] Resolving TaskStore...
[2025-12-18 14:04:27.445] ServiceContainer: Resolved 'TaskStore' successfully
[2025-12-18 14:04:28.666] _PopulateMenusFromRegistry: Menu 'Tools' has 4 items from registry (array)
[2025-12-18 14:04:28.697] _PopulateMenusFromRegistry: Menu 'Tasks' has 10 items from registry (array)
[2025-12-18 14:04:28.702] _PopulateMenusFromRegistry: Menu 'Options' has 2 items from registry (array)
[2025-12-18 14:04:28.706] _PopulateMenusFromRegistry: Menu 'Time' has 3 items from registry (array)
[2025-12-18 14:04:28.710] _PopulateMenusFromRegistry: Menu 'Projects' has 3 items from registry (array)
[2025-12-18 14:04:28.715] _PopulateMenusFromRegistry: Menu 'Help' has 1 items from registry (array)
[2025-12-18 14:04:28.718] ServiceContainer: Resolved 'TaskListScreen' successfully
[2025-12-18 14:04:28.720] [INFO] Pushing screen to app...
[2025-12-18 14:04:29.302] [INFO] Screen pushed successfully
[2025-12-18 14:04:29.304] [INFO] Starting event loop...
[2025-12-18 14:04:40.956] [INFO] Cleanup - showing cursor and resetting terminal
