[2025-12-16 14:21:27.270] [INFO] Loading PMC module...
[2025-12-16 14:21:28.120] [INFO] PMC module loaded
[2025-12-16 14:21:28.121] [INFO] Loading dependencies (FieldSchemas, etc.)...
[2025-12-16 14:21:28.203] [INFO] Dependencies loaded
[2025-12-16 14:21:28.204] [INFO] Loading SpeedTUI framework...
[2025-12-16 14:21:28.379] [INFO] SpeedTUI framework loaded
[2025-12-16 14:21:28.380] [INFO] Loading PraxisVT...
[2025-12-16 14:21:28.381] [INFO] PraxisVT loaded
[2025-12-16 14:21:28.382] [INFO] Loading core dependencies...
[2025-12-16 14:21:28.416] [INFO] Core dependencies loaded
[2025-12-16 14:21:28.417] [INFO] Loading widget base classes...
[2025-12-16 14:21:28.441] [INFO] Widget base classes loaded
[2025-12-16 14:21:28.441] [INFO] Loading services...
[2025-12-16 14:21:28.533] [INFO] Services loaded
[2025-12-16 14:21:28.534] [INFO] Loading helpers...
[2025-12-16 14:21:28.975] [INFO] Helpers loaded
[2025-12-16 14:21:28.977] [INFO] Loading widgets...
[2025-12-16 14:21:29.162] [ERROR] Failed to load widgets: At /home/teej/ztest/module/Pmc.Strict/consoleui/widgets/TabPanel.ps1:364 char:112
+ … alue "[$(Get-Date -Format 'HH:mm:ss.fff')] [TabPanel] Tab $i: label=' …
+                                                             ~~~
Variable reference is not valid. ':' was not followed by a valid variable name character. Consider using ${} to delimit the name.
