[2025-12-15 22:45:01.853] [INFO] Loading PMC module...
[2025-12-15 22:45:02.834] [INFO] PMC module loaded
[2025-12-15 22:45:02.836] [INFO] Loading dependencies (FieldSchemas, etc.)...
[2025-12-15 22:45:02.922] [INFO] Dependencies loaded
[2025-12-15 22:45:02.923] [INFO] Loading SpeedTUI framework...
[2025-12-15 22:45:03.134] [INFO] SpeedTUI framework loaded
[2025-12-15 22:45:03.134] [INFO] Loading PraxisVT...
[2025-12-15 22:45:03.136] [INFO] PraxisVT loaded
[2025-12-15 22:45:03.136] [INFO] Loading core dependencies...
[2025-12-15 22:45:03.163] [INFO] Core dependencies loaded
[2025-12-15 22:45:03.163] [INFO] Loading widget base classes...
[2025-12-15 22:45:03.191] [INFO] Widget base classes loaded
[2025-12-15 22:45:03.191] [INFO] Loading services...
[2025-12-15 22:45:03.286] [INFO] Services loaded
[2025-12-15 22:45:03.287] [INFO] Loading helpers...
[2025-12-15 22:45:03.968] [INFO] Helpers loaded
[2025-12-15 22:45:03.969] [INFO] Loading widgets...
[2025-12-15 22:45:04.274] [INFO] Widgets loaded
[2025-12-15 22:45:04.275] [INFO] Loading screen base class...
[2025-12-15 22:45:04.287] [INFO] Screen base class loaded
[2025-12-15 22:45:04.288] [INFO] Loading HelpViewScreen (needed by base classes)...
[2025-12-15 22:45:04.297] [INFO] HelpViewScreen loaded
[2025-12-15 22:45:04.298] [INFO] Loading base classes...
