[2025-12-16 09:38:02.806] [INFO] Loading PMC module...
[2025-12-16 09:38:04.142] [INFO] PMC module loaded
[2025-12-16 09:38:04.146] [INFO] Loading dependencies (FieldSchemas, etc.)...
[2025-12-16 09:38:04.263] [INFO] Dependencies loaded
[2025-12-16 09:38:04.264] [INFO] Loading SpeedTUI framework...
[2025-12-16 09:38:04.602] [INFO] SpeedTUI framework loaded
[2025-12-16 09:38:04.603] [INFO] Loading PraxisVT...
[2025-12-16 09:38:04.605] [INFO] PraxisVT loaded
[2025-12-16 09:38:04.607] [INFO] Loading core dependencies...
[2025-12-16 09:38:04.647] [INFO] Core dependencies loaded
[2025-12-16 09:38:04.648] [INFO] Loading widget base classes...
[2025-12-16 09:38:04.708] [INFO] Widget base classes loaded
[2025-12-16 09:38:04.710] [INFO] Loading services...
[2025-12-16 09:38:04.912] [INFO] Services loaded
[2025-12-16 09:38:04.937] [INFO] Loading helpers...
[2025-12-16 09:38:05.958] [INFO] Helpers loaded
[2025-12-16 09:38:05.959] [INFO] Loading widgets...
[2025-12-16 09:38:06.389] [INFO] Widgets loaded
[2025-12-16 09:38:06.391] [INFO] Loading screen base class...
[2025-12-16 09:38:06.406] [INFO] Screen base class loaded
[2025-12-16 09:38:06.408] [INFO] Loading HelpViewScreen (needed by base classes)...
[2025-12-16 09:38:06.417] [INFO] HelpViewScreen loaded
[2025-12-16 09:38:06.418] [INFO] Loading base classes...
[2025-12-16 09:38:06.477] [INFO] Base classes loaded
[2025-12-16 09:38:06.479] [INFO] Loading ServiceContainer (needed by screens)...
[2025-12-16 09:38:06.485] [INFO] ServiceContainer loaded
[2025-12-16 09:38:06.486] [INFO] Loading remaining screens...
[2025-12-16 09:38:06.602] [INFO] Remaining screens loaded
[2025-12-16 09:38:06.603] [INFO] Loading PmcApplication...
[2025-12-16 09:38:06.619] [INFO] PmcApplication loaded
[2025-12-16 09:38:06.621] [INFO] All components loaded successfully
[2025-12-16 09:38:06.641] [INFO] Starting PMC TUI with screen: TaskList
[2025-12-16 09:38:06.651] [INFO] Cleared stale PmcSharedMenuBar and MenuRegistry singleton
[2025-12-16 09:38:06.652] [INFO] Creating ServiceContainer...
[2025-12-16 09:38:06.665] [INFO] ServiceContainer created
[2025-12-16 09:38:06.666] [INFO] Registering Theme service...
[2025-12-16 09:38:06.687] ServiceContainer: Registered 'Theme' (singleton=True)
[2025-12-16 09:38:06.691] [INFO] Registering ThemeManager...
[2025-12-16 09:38:06.692] ServiceContainer: Registered 'ThemeManager' (singleton=True)
[2025-12-16 09:38:06.693] [INFO] Registering Config service...
[2025-12-16 09:38:06.694] ServiceContainer: Registered 'Config' (singleton=True)
[2025-12-16 09:38:06.695] [INFO] Registering TaskStore service...
[2025-12-16 09:38:06.696] ServiceContainer: Registered 'TaskStore' (singleton=True)
[2025-12-16 09:38:06.697] [INFO] Registering MenuRegistry service...
[2025-12-16 09:38:06.698] ServiceContainer: Registered 'MenuRegistry' (singleton=True)
[2025-12-16 09:38:06.699] [INFO] Registering Application service...
[2025-12-16 09:38:06.700] ServiceContainer: Registered 'Application' (singleton=True)
[2025-12-16 09:38:06.707] [INFO] Registering CommandService...
[2025-12-16 09:38:06.708] ServiceContainer: Registered 'CommandService' (singleton=True)
[2025-12-16 09:38:06.709] [INFO] Registering ChecklistService...
[2025-12-16 09:38:06.710] ServiceContainer: Registered 'ChecklistService' (singleton=True)
[2025-12-16 09:38:06.711] [INFO] Registering NoteService...
[2025-12-16 09:38:06.712] ServiceContainer: Registered 'NoteService' (singleton=True)
[2025-12-16 09:38:06.713] [INFO] Registering ExcelMappingService...
[2025-12-16 09:38:06.714] ServiceContainer: Registered 'ExcelMappingService' (singleton=True)
[2025-12-16 09:38:06.715] [INFO] Registering PreferencesService...
[2025-12-16 09:38:06.716] ServiceContainer: Registered 'PreferencesService' (singleton=True)
[2025-12-16 09:38:06.717] [INFO] Registering screen factories...
[2025-12-16 09:38:06.718] ServiceContainer: Registered 'TaskListScreen' (singleton=False)
[2025-12-16 09:38:06.719] [INFO] Resolving Application from container...
[2025-12-16 09:38:06.737] ServiceContainer: Resolving 'Application'...
[2025-12-16 09:38:06.740] [INFO] Resolving Application...
[2025-12-16 09:38:06.741] ServiceContainer: Resolving 'Theme'...
[2025-12-16 09:38:06.750] [INFO] Resolving Theme: Calling Initialize-PmcThemeSystem...
[2025-12-16 09:38:06.765] [INFO] Theme resolved: #33aaff
[2025-12-16 09:38:06.766] [INFO] Loading PmcThemeEngine...
[2025-12-16 09:38:06.844] [DEBUG] Palette [Header] -> #228844 (R=34 G=136 B=68)
[2025-12-16 09:38:06.845] [DEBUG] Palette [Highlight] -> #228844 (R=34 G=136 B=68)
[2025-12-16 09:38:06.846] [DEBUG] Palette [Cursor] -> #228844 (R=34 G=136 B=68)
[2025-12-16 09:38:06.866] [DEBUG] Palette [Footer] -> #185F30 (R=24 G=95 B=48)
[2025-12-16 09:38:06.867] [DEBUG] Palette [Label] -> #5C8F6D (R=92 G=143 B=109)
[2025-12-16 09:38:06.869] [DEBUG] Palette [Border] -> #185F30 (R=24 G=95 B=48)
[2025-12-16 09:38:06.870] [DEBUG] Palette [Error] -> #BE2914 (R=190 G=41 B=20)
[2025-12-16 09:38:06.872] [DEBUG] Palette [Bright] -> #2CB158 (R=44 G=177 B=88)
[2025-12-16 09:38:06.873] [DEBUG] Palette [Success] -> #2CB158 (R=44 G=177 B=88)
[2025-12-16 09:38:06.875] [DEBUG] Palette [Muted] -> #5C8F6D (R=92 G=143 B=109)
[2025-12-16 09:38:06.876] [DEBUG] Palette [Primary] -> #228844 (R=34 G=136 B=68)
[2025-12-16 09:38:06.877] [DEBUG] Palette [Warning] -> #7FCA14 (R=127 G=202 B=20)
[2025-12-16 09:38:06.879] [DEBUG] Palette [Status] -> #5C8F6D (R=92 G=143 B=109)
[2025-12-16 09:38:06.880] [DEBUG] Palette [Text] -> #C2EACF (R=194 G=234 B=207)
[2025-12-16 09:38:06.899] [INFO] LoadFromConfig: Loaded Properties with 16 items
[2025-12-16 09:38:06.912] [INFO] PmcThemeEngine initialized with PMC palette (14 colors)
[2025-12-16 09:38:06.916] ServiceContainer: Resolved 'Theme' successfully
[2025-12-16 09:38:07.529] ServiceContainer: Resolving 'ThemeManager'...
[2025-12-16 09:38:07.532] [INFO] Resolving ThemeManager...
[2025-12-16 09:38:07.578] ServiceContainer: Resolved 'ThemeManager' successfully
[2025-12-16 09:38:07.592] ServiceContainer: Resolved 'Application' successfully
[2025-12-16 09:38:07.593] [INFO] Application resolved and assigned to $global:PmcApp
[2025-12-16 09:38:07.594] [INFO] Loading menus from manifest...
[2025-12-16 09:38:07.595] ServiceContainer: Resolving 'MenuRegistry'...
[2025-12-16 09:38:07.597] [INFO] Resolving MenuRegistry...
[2025-12-16 09:38:07.612] ServiceContainer: Resolved 'MenuRegistry' successfully
[2025-12-16 09:38:07.635] MenuRegistry: Loaded manifest with 24 entries
[2025-12-16 09:38:07.669] ServiceContainer: Registered 'TimeReportScreen' (singleton=False)
[2025-12-16 09:38:07.670] MenuRegistry: Registered screen factory 'TimeReportScreen' in container (viewMode=)
[2025-12-16 09:38:07.690] MenuRegistry: Registered 'Time Report' in 'Time' menu (hotkey=R order=20)
[2025-12-16 09:38:07.693] ServiceContainer: Registered 'HelpViewScreen' (singleton=False)
[2025-12-16 09:38:07.694] MenuRegistry: Registered screen factory 'HelpViewScreen' in container (viewMode=)
[2025-12-16 09:38:07.696] MenuRegistry: Registered 'Help' in 'Help' menu (hotkey=H order=10)
[2025-12-16 09:38:07.700] ServiceContainer: Registered 'TaskListScreen_Today' (singleton=False)
[2025-12-16 09:38:07.701] MenuRegistry: Registered screen factory 'TaskListScreen_Today' in container (viewMode=today)
[2025-12-16 09:38:07.703] MenuRegistry: Registered 'Today' in 'Tasks' menu (hotkey=Y order=10)
[2025-12-16 09:38:07.705] ServiceContainer: Registered 'ThemeEditorScreen' (singleton=False)
[2025-12-16 09:38:07.706] MenuRegistry: Registered screen factory 'ThemeEditorScreen' in container (viewMode=)
[2025-12-16 09:38:07.708] MenuRegistry: Registered 'Theme Editor' in 'Options' menu (hotkey=T order=10)
[2025-12-16 09:38:07.710] ServiceContainer: Registered 'WeeklyTimeReportScreen' (singleton=False)
[2025-12-16 09:38:07.717] MenuRegistry: Registered screen factory 'WeeklyTimeReportScreen' in container (viewMode=)
[2025-12-16 09:38:07.719] MenuRegistry: Registered 'Weekly Report' in 'Time' menu (hotkey=W order=10)
[2025-12-16 09:38:07.720] ServiceContainer: Registered 'ChecklistsLauncherScreen' (singleton=False)
[2025-12-16 09:38:07.721] MenuRegistry: Registered screen factory 'ChecklistsLauncherScreen' in container (viewMode=)
[2025-12-16 09:38:07.723] MenuRegistry: Registered 'Checklists' in 'Tools' menu (hotkey=C order=25)
[2025-12-16 09:38:07.724] ServiceContainer: Registered 'TimeListScreen' (singleton=False)
[2025-12-16 09:38:07.725] MenuRegistry: Registered screen factory 'TimeListScreen' in container (viewMode=)
[2025-12-16 09:38:07.726] MenuRegistry: Registered 'Time Tracking' in 'Time' menu (hotkey=T order=5)
[2025-12-16 09:38:07.728] ServiceContainer: Registered 'ProjectListScreen' (singleton=False)
[2025-12-16 09:38:07.729] MenuRegistry: Registered screen factory 'ProjectListScreen' in container (viewMode=)
[2025-12-16 09:38:07.730] MenuRegistry: Registered 'Project List' in 'Projects' menu (hotkey=L order=10)
[2025-12-16 09:38:07.732] ServiceContainer: Registered 'TaskListScreen_NextActions' (singleton=False)
[2025-12-16 09:38:07.733] MenuRegistry: Registered screen factory 'TaskListScreen_NextActions' in container (viewMode=nextactions)
[2025-12-16 09:38:07.734] MenuRegistry: Registered 'Next Actions' in 'Tasks' menu (hotkey=N order=35)
[2025-12-16 09:38:07.735] ServiceContainer: Registered 'TaskListScreen_Agenda' (singleton=False)
[2025-12-16 09:38:07.736] MenuRegistry: Registered screen factory 'TaskListScreen_Agenda' in container (viewMode=agenda)
[2025-12-16 09:38:07.737] MenuRegistry: Registered 'Agenda View' in 'Tasks' menu (hotkey=A order=50)
[2025-12-16 09:38:07.739] ServiceContainer: Registered 'TaskListScreen_Default' (singleton=False)
[2025-12-16 09:38:07.740] MenuRegistry: Registered screen factory 'TaskListScreen_Default' in container (viewMode=)
[2025-12-16 09:38:07.741] MenuRegistry: Registered 'Task List' in 'Tasks' menu (hotkey=L order=5)
[2025-12-16 09:38:07.742] ServiceContainer: Registered 'CommandLibraryScreen' (singleton=False)
[2025-12-16 09:38:07.743] MenuRegistry: Registered screen factory 'CommandLibraryScreen' in container (viewMode=)
[2025-12-16 09:38:07.745] MenuRegistry: Registered 'Command Library' in 'Tools' menu (hotkey=L order=10)
[2025-12-16 09:38:07.746] ServiceContainer: Registered 'TaskListScreen_NoDate' (singleton=False)
[2025-12-16 09:38:07.747] MenuRegistry: Registered screen factory 'TaskListScreen_NoDate' in container (viewMode=noduedate)
[2025-12-16 09:38:07.748] MenuRegistry: Registered 'No Due Date' in 'Tasks' menu (hotkey=D order=40)
[2025-12-16 09:38:07.750] ServiceContainer: Registered 'TaskListScreen_Tomorrow' (singleton=False)
[2025-12-16 09:38:07.751] MenuRegistry: Registered screen factory 'TaskListScreen_Tomorrow' in container (viewMode=tomorrow)
[2025-12-16 09:38:07.752] MenuRegistry: Registered 'Tomorrow' in 'Tasks' menu (hotkey=T order=15)
[2025-12-16 09:38:07.754] ServiceContainer: Registered 'ChecklistTemplatesFolderScreen' (singleton=False)
[2025-12-16 09:38:07.754] MenuRegistry: Registered screen factory 'ChecklistTemplatesFolderScreen' in container (viewMode=)
[2025-12-16 09:38:07.756] MenuRegistry: Registered 'Checklist Templates' in 'Tools' menu (hotkey=H order=30)
[2025-12-16 09:38:07.757] ServiceContainer: Registered 'NotesMenuScreen' (singleton=False)
[2025-12-16 09:38:07.758] MenuRegistry: Registered screen factory 'NotesMenuScreen' in container (viewMode=)
[2025-12-16 09:38:07.759] MenuRegistry: Registered 'Notes' in 'Tools' menu (hotkey=N order=20)
[2025-12-16 09:38:07.761] ServiceContainer: Registered 'TaskListScreen_Month' (singleton=False)
[2025-12-16 09:38:07.762] MenuRegistry: Registered screen factory 'TaskListScreen_Month' in container (viewMode=month)
[2025-12-16 09:38:07.763] MenuRegistry: Registered 'Month View' in 'Tasks' menu (hotkey=M order=45)
[2025-12-16 09:38:07.765] ServiceContainer: Registered 'TaskListScreen_Overdue' (singleton=False)
[2025-12-16 09:38:07.766] MenuRegistry: Registered screen factory 'TaskListScreen_Overdue' in container (viewMode=overdue)
[2025-12-16 09:38:07.771] MenuRegistry: Registered 'Overdue' in 'Tasks' menu (hotkey=O order=30)
[2025-12-16 09:38:07.773] ServiceContainer: Registered 'SettingsScreen' (singleton=False)
[2025-12-16 09:38:07.774] MenuRegistry: Registered screen factory 'SettingsScreen' in container (viewMode=)
[2025-12-16 09:38:07.776] MenuRegistry: Registered 'Settings' in 'Options' menu (hotkey=S order=20)
[2025-12-16 09:38:07.778] ServiceContainer: Registered 'ExcelProfileManagerScreen' (singleton=False)
[2025-12-16 09:38:07.779] MenuRegistry: Registered screen factory 'ExcelProfileManagerScreen' in container (viewMode=)
[2025-12-16 09:38:07.780] MenuRegistry: Registered 'Excel Profiles' in 'Projects' menu (hotkey=M order=50)
[2025-12-16 09:38:07.782] ServiceContainer: Registered 'KanbanScreenV2' (singleton=False)
[2025-12-16 09:38:07.784] MenuRegistry: Registered screen factory 'KanbanScreenV2' in container (viewMode=)
[2025-12-16 09:38:07.786] MenuRegistry: Registered 'Kanban Board' in 'Tasks' menu (hotkey=K order=55)
[2025-12-16 09:38:07.789] ServiceContainer: Registered 'ExcelImportScreen' (singleton=False)
[2025-12-16 09:38:07.791] MenuRegistry: Registered screen factory 'ExcelImportScreen' in container (viewMode=)
[2025-12-16 09:38:07.793] MenuRegistry: Registered 'Import from Excel' in 'Projects' menu (hotkey=I order=40)
[2025-12-16 09:38:07.795] ServiceContainer: Registered 'TaskListScreen_Upcoming' (singleton=False)
[2025-12-16 09:38:07.796] MenuRegistry: Registered screen factory 'TaskListScreen_Upcoming' in container (viewMode=upcoming)
[2025-12-16 09:38:07.798] MenuRegistry: Registered 'Upcoming' in 'Tasks' menu (hotkey=U order=25)
[2025-12-16 09:38:07.802] ServiceContainer: Registered 'TaskListScreen_Week' (singleton=False)
[2025-12-16 09:38:07.804] MenuRegistry: Registered screen factory 'TaskListScreen_Week' in container (viewMode=week)
[2025-12-16 09:38:07.806] MenuRegistry: Registered 'Week View' in 'Tasks' menu (hotkey=W order=20)
[2025-12-16 09:38:07.807] [INFO] Menus loaded from /home/teej/ztest/module/Pmc.Strict/consoleui/screens/MenuItems.psd1
[2025-12-16 09:38:07.808] [INFO] Launching screen: TaskList
[2025-12-16 09:38:07.810] [INFO] Resolving TaskListScreen from container...
[2025-12-16 09:38:07.811] ServiceContainer: Resolving 'TaskListScreen'...
[2025-12-16 09:38:07.814] [INFO] Resolving TaskListScreen...
[2025-12-16 09:38:07.815] ServiceContainer: Resolving 'TaskStore'...
[2025-12-16 09:38:07.819] [INFO] Resolving TaskStore...
[2025-12-16 09:38:07.870] [DEBUG] TaskStore.LoadData: Starting
[2025-12-16 09:38:07.873] [DEBUG] TaskStore.LoadData: Calling Get-PmcData
[2025-12-16 09:38:08.095] [DEBUG] TaskStore.LoadData: Get-PmcData returned - tasks=2 projects=0 timelogs=1
[2025-12-16 09:38:08.110] [DEBUG] TaskStore.LoadData: Loaded 2 tasks
[2025-12-16 09:38:08.112] [DEBUG] TaskStore.LoadData: No projects in data, initialized empty list
[2025-12-16 09:38:08.128] ServiceContainer: Resolved 'TaskStore' successfully
[2025-12-16 09:38:08.783] [DEBUG] PmcScreen.AddContentWidget: Adding UniversalList (Total: 1)
[2025-12-16 09:38:08.853] [DEBUG] TaskListScreen: Constructor started
[2025-12-16 09:38:08.924] _PopulateMenusFromRegistry: Menu 'Tools' has 4 items from registry (array)
[2025-12-16 09:38:08.948] _PopulateMenusFromRegistry: Menu 'Help' has 1 items from registry (array)
[2025-12-16 09:38:08.952] _PopulateMenusFromRegistry: Menu 'Time' has 3 items from registry (array)
[2025-12-16 09:38:08.955] _PopulateMenusFromRegistry: Menu 'Options' has 2 items from registry (array)
[2025-12-16 09:38:08.959] _PopulateMenusFromRegistry: Menu 'Projects' has 3 items from registry (array)
[2025-12-16 09:38:08.965] _PopulateMenusFromRegistry: Menu 'Tasks' has 11 items from registry (array)
[2025-12-16 09:38:08.967] [DEBUG] TaskListScreen: Constructor completed
[2025-12-16 09:38:08.970] ServiceContainer: Resolved 'TaskListScreen' successfully
[2025-12-16 09:38:08.971] [INFO] Pushing screen to app...
[2025-12-16 09:38:09.678] [DEBUG] LoadData: Got 2 tasks from Store
[2025-12-16 09:38:09.792] [DEBUG] TaskListScreen.LoadData: Setting 2 tasks
[2025-12-16 09:38:09.799] [DEBUG] UniversalList.SetData: START
[2025-12-16 09:38:09.882] [DEBUG] UniversalList.SetData: COMPLETE (2 items)
[2025-12-16 09:38:09.895] [INFO] Screen pushed successfully
[2025-12-16 09:38:09.897] [INFO] Starting event loop...
[2025-12-16 09:38:10.834] [DEBUG] PmcScreen: Calling RenderToEngine on UniversalList
[2025-12-16 09:38:15.030] [DEBUG] PmcScreen: Calling RenderToEngine on UniversalList
[2025-12-16 09:38:42.161] [DEBUG] StandardListScreen: Routing to InlineEditor (Key=Escape)
[2025-12-16 09:38:44.871] [DEBUG] StandardListScreen: Routing to InlineEditor (Key=UpArrow)
[2025-12-16 09:38:44.880] [DEBUG] StandardListScreen: After HandleInput - IsConfirmed=False IsCancelled=True ShowInlineEditor=True
[2025-12-16 09:38:44.882] [DEBUG] StandardListScreen: Editor field widget closed - PROPAGATING CLEAR TO SCREEN
[2025-12-16 09:38:45.198] [DEBUG] PmcScreen: Calling RenderToEngine on UniversalList
[2025-12-16 09:38:46.169] [DEBUG] StandardListScreen: Routing to InlineEditor (Key=UpArrow)
[2025-12-16 09:38:46.172] [DEBUG] StandardListScreen: After HandleInput - IsConfirmed=False IsCancelled=True ShowInlineEditor=True
[2025-12-16 09:38:46.173] [DEBUG] StandardListScreen: Editor confirmed/cancelled - closing editor NO CLEAR
[2025-12-16 09:38:46.176] [DEBUG] StandardListScreen: Restored selectedIndex to 1 after add mode exit (itemCount=2)
[2025-12-16 09:38:46.357] [DEBUG] PmcScreen: Calling RenderToEngine on UniversalList
[2025-12-16 09:38:46.954] [DEBUG] PmcScreen: Calling RenderToEngine on UniversalList
[2025-12-16 09:38:47.511] [DEBUG] PmcScreen: Calling RenderToEngine on UniversalList
[2025-12-16 09:38:49.122] [INFO] TaskListScreen.EditItem called - item.id=f6d455a4-9e14-46c4-ba1a-4563c83b3b39
[2025-12-16 09:38:49.166] [INFO] TaskListScreen.EditItem: Setting OnConfirmed callback for taskId=f6d455a4-9e14-46c4-ba1a-4563c83b3b39
[2025-12-16 09:38:49.366] [DEBUG] PmcScreen: Calling RenderToEngine on UniversalList
[2025-12-16 09:39:14.793] [DEBUG] PmcScreen: Calling RenderToEngine on UniversalList
[2025-12-16 09:39:15.696] ServiceContainer: Resolving 'ProjectListScreen'...
[2025-12-16 09:39:15.756] [DEBUG] PmcScreen.AddContentWidget: Adding UniversalList (Total: 1)
[2025-12-16 09:39:15.776] ServiceContainer: Resolved 'ProjectListScreen' successfully
[2025-12-16 09:39:15.920] [DEBUG] UniversalList.SetData: START
[2025-12-16 09:39:15.925] [DEBUG] UniversalList.SetData: COMPLETE (0 items)
[2025-12-16 09:39:16.089] [DEBUG] PmcScreen: Calling RenderToEngine on UniversalList
[2025-12-16 09:39:18.680] [DEBUG] PmcScreen: Calling RenderToEngine on UniversalList
[2025-12-16 09:39:20.471] [DEBUG] StandardListScreen: Routing to InlineEditor (Key=P)
[2025-12-16 09:39:20.499] [DEBUG] StandardListScreen: After HandleInput - IsConfirmed=False IsCancelled=False ShowInlineEditor=True
[2025-12-16 09:39:20.500] [DEBUG] StandardListScreen: After close check - ShowInlineEditor=True
[2025-12-16 09:39:20.662] [DEBUG] PmcScreen: Calling RenderToEngine on UniversalList
[2025-12-16 09:39:21.089] [DEBUG] StandardListScreen: Routing to InlineEditor (Key=D1)
[2025-12-16 09:39:21.090] [DEBUG] StandardListScreen: After HandleInput - IsConfirmed=False IsCancelled=False ShowInlineEditor=True
[2025-12-16 09:39:21.091] [DEBUG] StandardListScreen: After close check - ShowInlineEditor=True
[2025-12-16 09:39:21.259] [DEBUG] PmcScreen: Calling RenderToEngine on UniversalList
[2025-12-16 09:39:27.422] [DEBUG] StandardListScreen: Routing to InlineEditor (Key=Escape)
[2025-12-16 09:40:17.174] [DEBUG] StandardListScreen: Routing to InlineEditor (Key=Escape)
[2025-12-16 09:40:19.241] [DEBUG] StandardListScreen: Routing to InlineEditor (Key=M)
[2025-12-16 09:40:19.243] [DEBUG] StandardListScreen: After HandleInput - IsConfirmed=False IsCancelled=True ShowInlineEditor=True
[2025-12-16 09:40:19.243] [DEBUG] StandardListScreen: Editor field widget closed - PROPAGATING CLEAR TO SCREEN
[2025-12-16 09:40:19.513] [DEBUG] PmcScreen: Calling RenderToEngine on UniversalList
[2025-12-16 09:40:20.649] [DEBUG] PmcScreen: Calling RenderToEngine on UniversalList
[2025-12-16 09:40:22.916] ServiceContainer: Resolving 'TimeListScreen'...
[2025-12-16 09:40:23.013] [DEBUG] PmcScreen.AddContentWidget: Adding UniversalList (Total: 1)
[2025-12-16 09:40:23.108] [DEBUG] UniversalList.SetData: START
[2025-12-16 09:40:23.109] [DEBUG] UniversalList.SetData: COMPLETE (1 items)
[2025-12-16 09:40:23.111] ServiceContainer: Resolved 'TimeListScreen' successfully
[2025-12-16 09:40:23.239] [DEBUG] UniversalList.SetData: START
[2025-12-16 09:40:23.241] [DEBUG] UniversalList.SetData: COMPLETE (1 items)
[2025-12-16 09:40:23.416] [DEBUG] PmcScreen: Calling RenderToEngine on UniversalList
[2025-12-16 09:40:26.755] [DEBUG] PmcScreen: Calling RenderToEngine on UniversalList
[2025-12-16 09:40:28.303] [DEBUG] StandardListScreen: Routing to InlineEditor (Key=Tab)
[2025-12-16 09:40:28.307] [DEBUG] StandardListScreen: After HandleInput - IsConfirmed=False IsCancelled=False ShowInlineEditor=True
[2025-12-16 09:40:28.308] [DEBUG] StandardListScreen: After close check - ShowInlineEditor=True
[2025-12-16 09:40:28.508] [DEBUG] PmcScreen: Calling RenderToEngine on UniversalList
[2025-12-16 09:40:31.419] [DEBUG] StandardListScreen: Routing to InlineEditor (Key=Tab)
[2025-12-16 09:40:31.423] [DEBUG] StandardListScreen: After HandleInput - IsConfirmed=False IsCancelled=False ShowInlineEditor=True
[2025-12-16 09:40:31.424] [DEBUG] StandardListScreen: After close check - ShowInlineEditor=True
[2025-12-16 09:40:31.613] [DEBUG] PmcScreen: Calling RenderToEngine on UniversalList
[2025-12-16 09:40:32.048] [DEBUG] StandardListScreen: Routing to InlineEditor (Key=Tab)
[2025-12-16 09:40:32.050] [DEBUG] StandardListScreen: After HandleInput - IsConfirmed=False IsCancelled=False ShowInlineEditor=True
[2025-12-16 09:40:32.050] [DEBUG] StandardListScreen: After close check - ShowInlineEditor=True
[2025-12-16 09:40:32.227] [DEBUG] PmcScreen: Calling RenderToEngine on UniversalList
[2025-12-16 09:40:39.029] [DEBUG] StandardListScreen: Routing to InlineEditor (Key=D0)
[2025-12-16 09:40:39.035] [DEBUG] StandardListScreen: After HandleInput - IsConfirmed=False IsCancelled=False ShowInlineEditor=True
[2025-12-16 09:40:39.036] [DEBUG] StandardListScreen: After close check - ShowInlineEditor=True
[2025-12-16 09:40:39.224] [DEBUG] PmcScreen: Calling RenderToEngine on UniversalList
[2025-12-16 09:40:39.676] [DEBUG] StandardListScreen: Routing to InlineEditor (Key=D5)
[2025-12-16 09:40:39.678] [DEBUG] StandardListScreen: After HandleInput - IsConfirmed=False IsCancelled=False ShowInlineEditor=True
[2025-12-16 09:40:39.678] [DEBUG] StandardListScreen: After close check - ShowInlineEditor=True
[2025-12-16 09:40:39.679] [DEBUG] StandardListScreen: Routing to InlineEditor (Key=D0)
[2025-12-16 09:40:39.680] [DEBUG] StandardListScreen: After HandleInput - IsConfirmed=False IsCancelled=False ShowInlineEditor=True
[2025-12-16 09:40:39.680] [DEBUG] StandardListScreen: After close check - ShowInlineEditor=True
[2025-12-16 09:40:39.857] [DEBUG] PmcScreen: Calling RenderToEngine on UniversalList
[2025-12-16 09:40:42.855] [DEBUG] StandardListScreen: Routing to InlineEditor (Key=Tab)
[2025-12-16 09:40:42.856] [DEBUG] StandardListScreen: After HandleInput - IsConfirmed=False IsCancelled=False ShowInlineEditor=True
[2025-12-16 09:40:42.857] [DEBUG] StandardListScreen: After close check - ShowInlineEditor=True
[2025-12-16 09:40:43.035] [DEBUG] PmcScreen: Calling RenderToEngine on UniversalList
[2025-12-16 09:40:43.518] [DEBUG] StandardListScreen: Routing to InlineEditor (Key=Tab)
[2025-12-16 09:40:43.520] [DEBUG] StandardListScreen: After HandleInput - IsConfirmed=False IsCancelled=False ShowInlineEditor=True
[2025-12-16 09:40:43.521] [DEBUG] StandardListScreen: After close check - ShowInlineEditor=True
[2025-12-16 09:40:43.691] [DEBUG] PmcScreen: Calling RenderToEngine on UniversalList
[2025-12-16 09:40:45.431] [DEBUG] StandardListScreen: Routing to InlineEditor (Key=Enter)
[2025-12-16 09:40:45.443] [DEBUG] InlineEditor._ValidateAllFields CALLED - field count: 7
[2025-12-16 09:40:45.447] [DEBUG] InlineEditor._ValidateAllFields - Field: date, Type: date, Required: True, Value: '12/16/2025 00:00:00'
[2025-12-16 09:40:45.449] [DEBUG] InlineEditor._ValidateAllFields - Field: task, Type: text, Required: False, Value: ''
[2025-12-16 09:40:45.450] [DEBUG] InlineEditor._ValidateAllFields - Field: project, Type: project, Required: False, Value: ''
[2025-12-16 09:40:45.450] [DEBUG] InlineEditor._ValidateAllFields - Field: id1, Type: text, Required: False, Value: '050'
[2025-12-16 09:40:45.451] [DEBUG] InlineEditor._ValidateAllFields - Field: id2, Type: text, Required: False, Value: ''
[2025-12-16 09:40:45.452] [DEBUG] InlineEditor._ValidateAllFields - Field: hours, Type: number, Required: False, Value: '0.25'
[2025-12-16 09:40:45.458] [DEBUG] InlineEditor._ValidateAllFields - Field: notes, Type: text, Required: False, Value: ''
[2025-12-16 09:40:45.466] [DEBUG] InlineEditor._ValidateAllFields RESULT: isValid=True, errorCount=0
[2025-12-16 09:40:45.476] [DEBUG] InlineEditor._InvokeCallback: Invoking callback with arg type=Hashtable
[2025-12-16 09:40:45.483] [DEBUG] TimeListScreen.OnInlineEditConfirmed called with values: id1,project,date,id2,notes,hours,task
[2025-12-16 09:40:45.484] [INFO] OnInlineEditConfirmed: Processing ADD mode for time entry
[2025-12-16 09:40:45.516] [DEBUG] TimeListScreen.OnItemCreated: CALLED with values: {"id1":"050","project":"","date":"2025-12-16T00:00:00","id2":"","notes":"","hours":0.25,"task":""}
[2025-12-16 09:40:45.521] [DEBUG] TimeListScreen.OnItemCreated: Hours validation passed
[2025-12-16 09:40:45.522] [DEBUG] TimeListScreen.OnItemCreated: Hours value=0.25, MAX_HOURS_PER_ENTRY=24
[2025-12-16 09:40:45.524] [DEBUG] TimeListScreen.OnItemCreated: Hour range validation passed
[2025-12-16 09:40:45.527] [DEBUG] TimeListScreen.OnItemCreated: Calculated minutes=15
[2025-12-16 09:40:45.529] [DEBUG] TimeListScreen.OnItemCreated: Date=12/16/2025 00:00:00
[2025-12-16 09:40:45.539] [DEBUG] TimeListScreen.OnItemCreated: About to save time entry - id1='050' id2=''
[2025-12-16 09:40:45.539] [DEBUG] TimeListScreen.OnItemCreated: Calling Store.AddTimeLog...
[2025-12-16 09:40:45.547] [DEBUG] TaskStore.AddTimeLog: CALLED with timelog keys: date, project, id2, minutes, notes, created, task, id1
[2025-12-16 09:40:45.551] [DEBUG] TaskStore.AddTimeLog:   date = 12/16/2025 00:00:00 (type: DateTime)
[2025-12-16 09:40:45.553] [DEBUG] TaskStore.AddTimeLog:   project =  (type: String)
[2025-12-16 09:40:45.554] [DEBUG] TaskStore.AddTimeLog:   id2 =  (type: String)
[2025-12-16 09:40:45.557] [DEBUG] TaskStore.AddTimeLog:   minutes = 15 (type: Int32)
[2025-12-16 09:40:45.565] [DEBUG] TaskStore.AddTimeLog:   notes =  (type: String)
[2025-12-16 09:40:45.566] [DEBUG] TaskStore.AddTimeLog:   created = 12/16/2025 09:40:45 (type: DateTime)
[2025-12-16 09:40:45.566] [DEBUG] TaskStore.AddTimeLog:   task =  (type: String)
[2025-12-16 09:40:45.567] [DEBUG] TaskStore.AddTimeLog:   id1 = 050 (type: String)
[2025-12-16 09:40:45.586] [DEBUG] TaskStore.AddTimeLog: Validation passed
[2025-12-16 09:40:45.604] [INFO] TaskStore.SaveData: START - tasks=2 projects=0 timelogs=2
[2025-12-16 09:40:45.604] [DEBUG] TaskStore.SaveData: Creating in-memory backup
[2025-12-16 09:40:45.605] [DEBUG] TaskStore.SaveData: Creating persistent backup
[2025-12-16 09:40:45.628] [INFO] _CreatePersistentBackup: Created backup at /home/teej/ztest/tasks.json.backup.20251216-094045
[2025-12-16 09:40:45.649] [DEBUG] _CreatePersistentBackup: Deleted old backup tasks.json.backup.20251215-171238
[2025-12-16 09:40:45.650] [DEBUG] TaskStore.SaveData: Building data structure
[2025-12-16 09:40:45.651] [INFO] TaskStore.SaveData: Data structure built - tasks=2 projects=0 timelogs=2
[2025-12-16 09:40:45.652] [DEBUG] TaskStore.SaveData: First task - text='Updated' id='9ecd4e7d-79be-4091-93c5-c3efa1141a62'
[2025-12-16 09:40:45.652] [INFO] TaskStore.SaveData: Calling Save-PmcData
[2025-12-16 09:40:45.778] [INFO] TaskStore.SaveData: Save-PmcData completed successfully
[2025-12-16 09:40:45.778] [DEBUG] TaskStore.SaveData: Verifying save
[2025-12-16 09:40:45.821] [DEBUG] _VerifySave: Verification passed - tasks=2 projects=0
[2025-12-16 09:40:45.824] [INFO] TaskStore.SaveData: SUCCESS - Data saved and verified
[2025-12-16 09:40:45.825] [DEBUG] TaskStore.SaveData: END
[2025-12-16 09:40:45.837] [DEBUG] UniversalList.SetData: START
[2025-12-16 09:40:45.838] [DEBUG] UniversalList.SetData: COMPLETE (1 items)
[2025-12-16 09:40:45.841] [DEBUG] TimeListScreen.OnItemCreated: AddTimeLog returned success=True
[2025-12-16 09:40:45.843] [DEBUG] InlineEditor._InvokeCallback: Callback completed successfully
[2025-12-16 09:40:45.844] [DEBUG] StandardListScreen: After HandleInput - IsConfirmed=True IsCancelled=False ShowInlineEditor=True
[2025-12-16 09:40:45.844] [DEBUG] StandardListScreen: Editor confirmed/cancelled - closing editor NO CLEAR
[2025-12-16 09:40:45.846] [DEBUG] StandardListScreen: Restored selectedIndex to 0 after add mode exit (itemCount=1)
[2025-12-16 09:40:46.016] [DEBUG] PmcScreen: Calling RenderToEngine on UniversalList
[2025-12-16 09:40:57.179] [DEBUG] PmcScreen: Calling RenderToEngine on UniversalList
[2025-12-16 09:40:58.124] [DEBUG] StandardListScreen: Routing to InlineEditor (Key=Tab)
[2025-12-16 09:40:58.125] [DEBUG] StandardListScreen: After HandleInput - IsConfirmed=False IsCancelled=False ShowInlineEditor=True
[2025-12-16 09:40:58.126] [DEBUG] StandardListScreen: After close check - ShowInlineEditor=True
[2025-12-16 09:40:58.305] [DEBUG] PmcScreen: Calling RenderToEngine on UniversalList
[2025-12-16 09:40:58.708] [DEBUG] StandardListScreen: Routing to InlineEditor (Key=Tab)
[2025-12-16 09:40:58.710] [DEBUG] StandardListScreen: After HandleInput - IsConfirmed=False IsCancelled=False ShowInlineEditor=True
[2025-12-16 09:40:58.711] [DEBUG] StandardListScreen: After close check - ShowInlineEditor=True
[2025-12-16 09:40:58.873] [DEBUG] PmcScreen: Calling RenderToEngine on UniversalList
[2025-12-16 09:41:00.681] [DEBUG] StandardListScreen: Routing to InlineEditor (Key=Tab)
[2025-12-16 09:41:00.683] [DEBUG] StandardListScreen: After HandleInput - IsConfirmed=False IsCancelled=False ShowInlineEditor=True
[2025-12-16 09:41:00.683] [DEBUG] StandardListScreen: After close check - ShowInlineEditor=True
[2025-12-16 09:41:00.859] [DEBUG] PmcScreen: Calling RenderToEngine on UniversalList
[2025-12-16 09:41:01.715] [DEBUG] StandardListScreen: Routing to InlineEditor (Key=D0)
[2025-12-16 09:41:01.716] [DEBUG] StandardListScreen: After HandleInput - IsConfirmed=False IsCancelled=False ShowInlineEditor=True
[2025-12-16 09:41:01.717] [DEBUG] StandardListScreen: After close check - ShowInlineEditor=True
[2025-12-16 09:41:01.899] [DEBUG] PmcScreen: Calling RenderToEngine on UniversalList
[2025-12-16 09:41:02.728] [DEBUG] StandardListScreen: Routing to InlineEditor (Key=D7)
[2025-12-16 09:41:02.729] [DEBUG] StandardListScreen: After HandleInput - IsConfirmed=False IsCancelled=False ShowInlineEditor=True
[2025-12-16 09:41:02.730] [DEBUG] StandardListScreen: After close check - ShowInlineEditor=True
[2025-12-16 09:41:02.916] [DEBUG] PmcScreen: Calling RenderToEngine on UniversalList
[2025-12-16 09:41:03.335] [DEBUG] StandardListScreen: Routing to InlineEditor (Key=D2)
[2025-12-16 09:41:03.336] [DEBUG] StandardListScreen: After HandleInput - IsConfirmed=False IsCancelled=False ShowInlineEditor=True
[2025-12-16 09:41:03.336] [DEBUG] StandardListScreen: After close check - ShowInlineEditor=True
[2025-12-16 09:41:03.337] [DEBUG] StandardListScreen: Routing to InlineEditor (Key=Tab)
[2025-12-16 09:41:03.338] [DEBUG] StandardListScreen: After HandleInput - IsConfirmed=False IsCancelled=False ShowInlineEditor=True
[2025-12-16 09:41:03.338] [DEBUG] StandardListScreen: After close check - ShowInlineEditor=True
[2025-12-16 09:41:03.526] [DEBUG] PmcScreen: Calling RenderToEngine on UniversalList
[2025-12-16 09:41:05.294] [DEBUG] StandardListScreen: Routing to InlineEditor (Key=Tab)
[2025-12-16 09:41:05.295] [DEBUG] StandardListScreen: After HandleInput - IsConfirmed=False IsCancelled=False ShowInlineEditor=True
[2025-12-16 09:41:05.295] [DEBUG] StandardListScreen: After close check - ShowInlineEditor=True
[2025-12-16 09:41:05.470] [DEBUG] PmcScreen: Calling RenderToEngine on UniversalList
[2025-12-16 09:41:05.880] [DEBUG] StandardListScreen: Routing to InlineEditor (Key=Enter)
[2025-12-16 09:41:05.881] [DEBUG] InlineEditor._ValidateAllFields CALLED - field count: 7
[2025-12-16 09:41:05.882] [DEBUG] InlineEditor._ValidateAllFields - Field: date, Type: date, Required: True, Value: '12/16/2025 00:00:00'
[2025-12-16 09:41:05.882] [DEBUG] InlineEditor._ValidateAllFields - Field: task, Type: text, Required: False, Value: ''
[2025-12-16 09:41:05.883] [DEBUG] InlineEditor._ValidateAllFields - Field: project, Type: project, Required: False, Value: ''
[2025-12-16 09:41:05.883] [DEBUG] InlineEditor._ValidateAllFields - Field: id1, Type: text, Required: False, Value: '072'
[2025-12-16 09:41:05.884] [DEBUG] InlineEditor._ValidateAllFields - Field: id2, Type: text, Required: False, Value: ''
[2025-12-16 09:41:05.885] [DEBUG] InlineEditor._ValidateAllFields - Field: hours, Type: number, Required: False, Value: '0.25'
[2025-12-16 09:41:05.885] [DEBUG] InlineEditor._ValidateAllFields - Field: notes, Type: text, Required: False, Value: ''
[2025-12-16 09:41:05.886] [DEBUG] InlineEditor._ValidateAllFields RESULT: isValid=True, errorCount=0
[2025-12-16 09:41:05.889] [DEBUG] InlineEditor._InvokeCallback: Invoking callback with arg type=Hashtable
[2025-12-16 09:41:05.890] [DEBUG] TimeListScreen.OnInlineEditConfirmed called with values: id1,project,date,id2,notes,hours,task
[2025-12-16 09:41:05.890] [INFO] OnInlineEditConfirmed: Processing ADD mode for time entry
[2025-12-16 09:41:05.891] [DEBUG] TimeListScreen.OnItemCreated: CALLED with values: {"id1":"072","project":"","date":"2025-12-16T00:00:00","id2":"","notes":"","hours":0.25,"task":""}
[2025-12-16 09:41:05.892] [DEBUG] TimeListScreen.OnItemCreated: Hours validation passed
[2025-12-16 09:41:05.892] [DEBUG] TimeListScreen.OnItemCreated: Hours value=0.25, MAX_HOURS_PER_ENTRY=24
[2025-12-16 09:41:05.893] [DEBUG] TimeListScreen.OnItemCreated: Hour range validation passed
[2025-12-16 09:41:05.893] [DEBUG] TimeListScreen.OnItemCreated: Calculated minutes=15
[2025-12-16 09:41:05.894] [DEBUG] TimeListScreen.OnItemCreated: Date=12/16/2025 00:00:00
[2025-12-16 09:41:05.894] [DEBUG] TimeListScreen.OnItemCreated: About to save time entry - id1='072' id2=''
[2025-12-16 09:41:05.895] [DEBUG] TimeListScreen.OnItemCreated: Calling Store.AddTimeLog...
[2025-12-16 09:41:05.895] [DEBUG] TaskStore.AddTimeLog: CALLED with timelog keys: date, project, id2, minutes, notes, created, task, id1
[2025-12-16 09:41:05.896] [DEBUG] TaskStore.AddTimeLog:   date = 12/16/2025 00:00:00 (type: DateTime)
[2025-12-16 09:41:05.896] [DEBUG] TaskStore.AddTimeLog:   project =  (type: String)
[2025-12-16 09:41:05.899] [DEBUG] TaskStore.AddTimeLog:   id2 =  (type: String)
[2025-12-16 09:41:05.899] [DEBUG] TaskStore.AddTimeLog:   minutes = 15 (type: Int32)
[2025-12-16 09:41:05.900] [DEBUG] TaskStore.AddTimeLog:   notes =  (type: String)
[2025-12-16 09:41:05.900] [DEBUG] TaskStore.AddTimeLog:   created = 12/16/2025 09:41:05 (type: DateTime)
[2025-12-16 09:41:05.900] [DEBUG] TaskStore.AddTimeLog:   task =  (type: String)
[2025-12-16 09:41:05.901] [DEBUG] TaskStore.AddTimeLog:   id1 = 072 (type: String)
[2025-12-16 09:41:05.903] [DEBUG] TaskStore.AddTimeLog: Validation passed
[2025-12-16 09:41:05.904] [INFO] TaskStore.SaveData: START - tasks=2 projects=0 timelogs=3
[2025-12-16 09:41:05.904] [DEBUG] TaskStore.SaveData: Creating in-memory backup
[2025-12-16 09:41:05.908] [DEBUG] TaskStore.SaveData: Creating persistent backup
[2025-12-16 09:41:05.915] [INFO] _CreatePersistentBackup: Created backup at /home/teej/ztest/tasks.json.backup.20251216-094105
[2025-12-16 09:41:05.919] [DEBUG] _CreatePersistentBackup: Deleted old backup tasks.json.backup.20251215-171239
[2025-12-16 09:41:05.920] [DEBUG] TaskStore.SaveData: Building data structure
[2025-12-16 09:41:05.921] [INFO] TaskStore.SaveData: Data structure built - tasks=2 projects=0 timelogs=3
[2025-12-16 09:41:05.922] [DEBUG] TaskStore.SaveData: First task - text='Updated' id='9ecd4e7d-79be-4091-93c5-c3efa1141a62'
[2025-12-16 09:41:05.923] [INFO] TaskStore.SaveData: Calling Save-PmcData
[2025-12-16 09:41:05.950] [INFO] TaskStore.SaveData: Save-PmcData completed successfully
[2025-12-16 09:41:05.951] [DEBUG] TaskStore.SaveData: Verifying save
[2025-12-16 09:41:05.987] [DEBUG] _VerifySave: Verification passed - tasks=2 projects=0
[2025-12-16 09:41:05.987] [INFO] TaskStore.SaveData: SUCCESS - Data saved and verified
[2025-12-16 09:41:05.988] [DEBUG] TaskStore.SaveData: END
[2025-12-16 09:41:05.990] [DEBUG] UniversalList.SetData: START
[2025-12-16 09:41:05.991] [DEBUG] UniversalList.SetData: COMPLETE (1 items)
[2025-12-16 09:41:05.991] [DEBUG] TimeListScreen.OnItemCreated: AddTimeLog returned success=True
[2025-12-16 09:41:05.992] [DEBUG] InlineEditor._InvokeCallback: Callback completed successfully
[2025-12-16 09:41:05.992] [DEBUG] StandardListScreen: After HandleInput - IsConfirmed=True IsCancelled=False ShowInlineEditor=True
[2025-12-16 09:41:05.993] [DEBUG] StandardListScreen: Editor confirmed/cancelled - closing editor NO CLEAR
[2025-12-16 09:41:05.993] [DEBUG] StandardListScreen: Restored selectedIndex to 0 after add mode exit (itemCount=1)
[2025-12-16 09:41:06.181] [DEBUG] PmcScreen: Calling RenderToEngine on UniversalList
[2025-12-16 09:53:28.404] [INFO] Event loop exited normally
[2025-12-16 09:53:28.405] [INFO] Cleanup - showing cursor and resetting terminal
