[2025-12-16 15:10:02.009] [INFO] Loading PMC module...
[2025-12-16 15:10:02.864] [INFO] PMC module loaded
[2025-12-16 15:10:02.866] [INFO] Loading dependencies (FieldSchemas, etc.)...
[2025-12-16 15:10:02.937] [INFO] Dependencies loaded
[2025-12-16 15:10:02.938] [INFO] Loading SpeedTUI framework...
[2025-12-16 15:10:03.104] [INFO] SpeedTUI framework loaded
[2025-12-16 15:10:03.104] [INFO] Loading PraxisVT...
[2025-12-16 15:10:03.106] [INFO] PraxisVT loaded
[2025-12-16 15:10:03.106] [INFO] Loading core dependencies...
[2025-12-16 15:10:03.146] [INFO] Core dependencies loaded
[2025-12-16 15:10:03.147] [INFO] Loading widget base classes...
[2025-12-16 15:10:03.195] [INFO] Widget base classes loaded
[2025-12-16 15:10:03.196] [INFO] Loading services...
[2025-12-16 15:10:03.262] [INFO] Services loaded
[2025-12-16 15:10:03.263] [INFO] Loading helpers...
[2025-12-16 15:10:03.919] [INFO] Helpers loaded
[2025-12-16 15:10:03.920] [INFO] Loading widgets...
[2025-12-16 15:10:04.178] [INFO] Widgets loaded
[2025-12-16 15:10:04.179] [INFO] Loading screen base class...
[2025-12-16 15:10:04.189] [INFO] Screen base class loaded
[2025-12-16 15:10:04.190] [INFO] Loading HelpViewScreen (needed by base classes)...
[2025-12-16 15:10:04.195] [INFO] HelpViewScreen loaded
[2025-12-16 15:10:04.196] [INFO] Loading base classes...
[2025-12-16 15:10:04.245] [INFO] Base classes loaded
[2025-12-16 15:10:04.246] [INFO] Loading ServiceContainer (needed by screens)...
[2025-12-16 15:10:04.262] [INFO] ServiceContainer loaded
[2025-12-16 15:10:04.263] [INFO] Loading remaining screens...
[2025-12-16 15:10:04.356] [INFO] Remaining screens loaded
[2025-12-16 15:10:04.356] [INFO] Loading PmcApplication...
[2025-12-16 15:10:04.367] [INFO] PmcApplication loaded
[2025-12-16 15:10:04.367] [INFO] All components loaded successfully
[2025-12-16 15:10:04.380] [INFO] Starting PMC TUI with screen: TaskList
[2025-12-16 15:10:04.385] [INFO] Cleared stale PmcSharedMenuBar and MenuRegistry singleton
[2025-12-16 15:10:04.386] [INFO] Creating ServiceContainer...
[2025-12-16 15:10:04.394] [INFO] ServiceContainer created
[2025-12-16 15:10:04.395] [INFO] Registering Theme service...
[2025-12-16 15:10:04.408] ServiceContainer: Registered 'Theme' (singleton=True)
[2025-12-16 15:10:04.411] [INFO] Registering ThemeManager...
[2025-12-16 15:10:04.412] ServiceContainer: Registered 'ThemeManager' (singleton=True)
[2025-12-16 15:10:04.412] [INFO] Registering Config service...
[2025-12-16 15:10:04.413] ServiceContainer: Registered 'Config' (singleton=True)
[2025-12-16 15:10:04.414] [INFO] Registering TaskStore service...
[2025-12-16 15:10:04.415] ServiceContainer: Registered 'TaskStore' (singleton=True)
[2025-12-16 15:10:04.415] [INFO] Registering MenuRegistry service...
[2025-12-16 15:10:04.416] ServiceContainer: Registered 'MenuRegistry' (singleton=True)
[2025-12-16 15:10:04.421] [INFO] Registering Application service...
[2025-12-16 15:10:04.422] ServiceContainer: Registered 'Application' (singleton=True)
[2025-12-16 15:10:04.422] [INFO] Registering CommandService...
[2025-12-16 15:10:04.423] ServiceContainer: Registered 'CommandService' (singleton=True)
[2025-12-16 15:10:04.424] [INFO] Registering ChecklistService...
[2025-12-16 15:10:04.425] ServiceContainer: Registered 'ChecklistService' (singleton=True)
[2025-12-16 15:10:04.425] [INFO] Registering NoteService...
[2025-12-16 15:10:04.426] ServiceContainer: Registered 'NoteService' (singleton=True)
[2025-12-16 15:10:04.427] [INFO] Registering ExcelMappingService...
[2025-12-16 15:10:04.427] ServiceContainer: Registered 'ExcelMappingService' (singleton=True)
[2025-12-16 15:10:04.428] [INFO] Registering PreferencesService...
[2025-12-16 15:10:04.429] ServiceContainer: Registered 'PreferencesService' (singleton=True)
[2025-12-16 15:10:04.429] [INFO] Registering screen factories...
[2025-12-16 15:10:04.430] ServiceContainer: Registered 'TaskListScreen' (singleton=False)
[2025-12-16 15:10:04.431] [INFO] Resolving Application from container...
[2025-12-16 15:10:04.442] ServiceContainer: Resolving 'Application'...
[2025-12-16 15:10:04.444] [INFO] Resolving Application...
[2025-12-16 15:10:04.444] ServiceContainer: Resolving 'Theme'...
[2025-12-16 15:10:04.450] [INFO] Resolving Theme: Calling Initialize-PmcThemeSystem...
[2025-12-16 15:10:04.459] [INFO] Theme resolved: #33aaff
[2025-12-16 15:10:04.459] [INFO] Loading PmcThemeEngine...
[2025-12-16 15:10:04.515] [INFO] LoadFromConfig: Loaded Properties with 16 items
[2025-12-16 15:10:04.523] [INFO] PmcThemeEngine initialized with PMC palette (14 colors)
[2025-12-16 15:10:04.525] ServiceContainer: Resolved 'Theme' successfully
[2025-12-16 15:10:04.952] ServiceContainer: Resolving 'ThemeManager'...
[2025-12-16 15:10:04.953] [INFO] Resolving ThemeManager...
[2025-12-16 15:10:04.979] ServiceContainer: Resolved 'ThemeManager' successfully
[2025-12-16 15:10:04.986] ServiceContainer: Resolved 'Application' successfully
[2025-12-16 15:10:04.987] [INFO] Application resolved and assigned to $global:PmcApp
[2025-12-16 15:10:04.988] [INFO] Loading menus from manifest...
[2025-12-16 15:10:04.989] ServiceContainer: Resolving 'MenuRegistry'...
[2025-12-16 15:10:04.990] [INFO] Resolving MenuRegistry...
[2025-12-16 15:10:04.998] ServiceContainer: Resolved 'MenuRegistry' successfully
[2025-12-16 15:10:05.011] MenuRegistry: Loaded manifest with 24 entries
[2025-12-16 15:10:05.030] ServiceContainer: Registered 'TaskListScreen_Week' (singleton=False)
[2025-12-16 15:10:05.031] MenuRegistry: Registered screen factory 'TaskListScreen_Week' in container (viewMode=week)
[2025-12-16 15:10:05.042] MenuRegistry: Registered 'Week View' in 'Tasks' menu (hotkey=W order=20)
[2025-12-16 15:10:05.044] ServiceContainer: Registered 'TaskListScreen_Agenda' (singleton=False)
[2025-12-16 15:10:05.044] MenuRegistry: Registered screen factory 'TaskListScreen_Agenda' in container (viewMode=agenda)
[2025-12-16 15:10:05.045] MenuRegistry: Registered 'Agenda View' in 'Tasks' menu (hotkey=A order=50)
[2025-12-16 15:10:05.046] ServiceContainer: Registered 'KanbanScreenV2' (singleton=False)
[2025-12-16 15:10:05.047] MenuRegistry: Registered screen factory 'KanbanScreenV2' in container (viewMode=)
[2025-12-16 15:10:05.048] MenuRegistry: Registered 'Kanban Board' in 'Tasks' menu (hotkey=K order=55)
[2025-12-16 15:10:05.049] ServiceContainer: Registered 'SettingsScreen' (singleton=False)
[2025-12-16 15:10:05.050] MenuRegistry: Registered screen factory 'SettingsScreen' in container (viewMode=)
[2025-12-16 15:10:05.051] MenuRegistry: Registered 'Settings' in 'Options' menu (hotkey=S order=20)
[2025-12-16 15:10:05.052] ServiceContainer: Registered 'NotesMenuScreen' (singleton=False)
[2025-12-16 15:10:05.052] MenuRegistry: Registered screen factory 'NotesMenuScreen' in container (viewMode=)
[2025-12-16 15:10:05.053] MenuRegistry: Registered 'Notes' in 'Tools' menu (hotkey=N order=20)
[2025-12-16 15:10:05.054] ServiceContainer: Registered 'TaskListScreen_Tomorrow' (singleton=False)
[2025-12-16 15:10:05.055] MenuRegistry: Registered screen factory 'TaskListScreen_Tomorrow' in container (viewMode=tomorrow)
[2025-12-16 15:10:05.056] MenuRegistry: Registered 'Tomorrow' in 'Tasks' menu (hotkey=T order=15)
[2025-12-16 15:10:05.060] ServiceContainer: Registered 'TaskListScreen_Overdue' (singleton=False)
[2025-12-16 15:10:05.061] MenuRegistry: Registered screen factory 'TaskListScreen_Overdue' in container (viewMode=overdue)
[2025-12-16 15:10:05.062] MenuRegistry: Registered 'Overdue' in 'Tasks' menu (hotkey=O order=30)
[2025-12-16 15:10:05.063] ServiceContainer: Registered 'TaskListScreen_Today' (singleton=False)
[2025-12-16 15:10:05.064] MenuRegistry: Registered screen factory 'TaskListScreen_Today' in container (viewMode=today)
[2025-12-16 15:10:05.064] MenuRegistry: Registered 'Today' in 'Tasks' menu (hotkey=Y order=10)
[2025-12-16 15:10:05.065] ServiceContainer: Registered 'WeeklyTimeReportScreen' (singleton=False)
[2025-12-16 15:10:05.066] MenuRegistry: Registered screen factory 'WeeklyTimeReportScreen' in container (viewMode=)
[2025-12-16 15:10:05.067] MenuRegistry: Registered 'Weekly Report' in 'Time' menu (hotkey=W order=10)
[2025-12-16 15:10:05.068] ServiceContainer: Registered 'ThemeEditorScreen' (singleton=False)
[2025-12-16 15:10:05.068] MenuRegistry: Registered screen factory 'ThemeEditorScreen' in container (viewMode=)
[2025-12-16 15:10:05.069] MenuRegistry: Registered 'Theme Editor' in 'Options' menu (hotkey=T order=10)
[2025-12-16 15:10:05.070] ServiceContainer: Registered 'ProjectListScreen' (singleton=False)
[2025-12-16 15:10:05.071] MenuRegistry: Registered screen factory 'ProjectListScreen' in container (viewMode=)
[2025-12-16 15:10:05.071] MenuRegistry: Registered 'Project List' in 'Projects' menu (hotkey=L order=10)
[2025-12-16 15:10:05.073] ServiceContainer: Registered 'ExcelImportScreen' (singleton=False)
[2025-12-16 15:10:05.073] MenuRegistry: Registered screen factory 'ExcelImportScreen' in container (viewMode=)
[2025-12-16 15:10:05.074] MenuRegistry: Registered 'Import from Excel' in 'Projects' menu (hotkey=I order=40)
[2025-12-16 15:10:05.075] ServiceContainer: Registered 'ChecklistsLauncherScreen' (singleton=False)
[2025-12-16 15:10:05.076] MenuRegistry: Registered screen factory 'ChecklistsLauncherScreen' in container (viewMode=)
[2025-12-16 15:10:05.076] MenuRegistry: Registered 'Checklists' in 'Tools' menu (hotkey=C order=25)
[2025-12-16 15:10:05.078] ServiceContainer: Registered 'TimeListScreen' (singleton=False)
[2025-12-16 15:10:05.078] MenuRegistry: Registered screen factory 'TimeListScreen' in container (viewMode=)
[2025-12-16 15:10:05.079] MenuRegistry: Registered 'Time Tracking' in 'Time' menu (hotkey=T order=5)
[2025-12-16 15:10:05.080] ServiceContainer: Registered 'TaskListScreen_Month' (singleton=False)
[2025-12-16 15:10:05.081] MenuRegistry: Registered screen factory 'TaskListScreen_Month' in container (viewMode=month)
[2025-12-16 15:10:05.081] MenuRegistry: Registered 'Month View' in 'Tasks' menu (hotkey=M order=45)
[2025-12-16 15:10:05.082] ServiceContainer: Registered 'CommandLibraryScreen' (singleton=False)
[2025-12-16 15:10:05.083] MenuRegistry: Registered screen factory 'CommandLibraryScreen' in container (viewMode=)
[2025-12-16 15:10:05.083] MenuRegistry: Registered 'Command Library' in 'Tools' menu (hotkey=L order=10)
[2025-12-16 15:10:05.084] ServiceContainer: Registered 'ExcelProfileManagerScreen' (singleton=False)
[2025-12-16 15:10:05.085] MenuRegistry: Registered screen factory 'ExcelProfileManagerScreen' in container (viewMode=)
[2025-12-16 15:10:05.086] MenuRegistry: Registered 'Excel Profiles' in 'Projects' menu (hotkey=M order=50)
[2025-12-16 15:10:05.087] ServiceContainer: Registered 'TaskListScreen_NoDate' (singleton=False)
[2025-12-16 15:10:05.088] MenuRegistry: Registered screen factory 'TaskListScreen_NoDate' in container (viewMode=noduedate)
[2025-12-16 15:10:05.089] MenuRegistry: Registered 'No Due Date' in 'Tasks' menu (hotkey=D order=40)
[2025-12-16 15:10:05.090] ServiceContainer: Registered 'TimeReportScreen' (singleton=False)
[2025-12-16 15:10:05.091] MenuRegistry: Registered screen factory 'TimeReportScreen' in container (viewMode=)
[2025-12-16 15:10:05.092] MenuRegistry: Registered 'Time Report' in 'Time' menu (hotkey=R order=20)
[2025-12-16 15:10:05.093] ServiceContainer: Registered 'TaskListScreen_Default' (singleton=False)
[2025-12-16 15:10:05.095] MenuRegistry: Registered screen factory 'TaskListScreen_Default' in container (viewMode=)
[2025-12-16 15:10:05.097] MenuRegistry: Registered 'Task List' in 'Tasks' menu (hotkey=L order=5)
[2025-12-16 15:10:05.098] ServiceContainer: Registered 'ChecklistTemplatesFolderScreen' (singleton=False)
[2025-12-16 15:10:05.098] MenuRegistry: Registered screen factory 'ChecklistTemplatesFolderScreen' in container (viewMode=)
[2025-12-16 15:10:05.099] MenuRegistry: Registered 'Checklist Templates' in 'Tools' menu (hotkey=H order=30)
[2025-12-16 15:10:05.101] ServiceContainer: Registered 'TaskListScreen_NextActions' (singleton=False)
[2025-12-16 15:10:05.101] MenuRegistry: Registered screen factory 'TaskListScreen_NextActions' in container (viewMode=nextactions)
[2025-12-16 15:10:05.102] MenuRegistry: Registered 'Next Actions' in 'Tasks' menu (hotkey=N order=35)
[2025-12-16 15:10:05.103] ServiceContainer: Registered 'TaskListScreen_Upcoming' (singleton=False)
[2025-12-16 15:10:05.104] MenuRegistry: Registered screen factory 'TaskListScreen_Upcoming' in container (viewMode=upcoming)
[2025-12-16 15:10:05.105] MenuRegistry: Registered 'Upcoming' in 'Tasks' menu (hotkey=U order=25)
[2025-12-16 15:10:05.107] ServiceContainer: Registered 'HelpViewScreen' (singleton=False)
[2025-12-16 15:10:05.108] MenuRegistry: Registered screen factory 'HelpViewScreen' in container (viewMode=)
[2025-12-16 15:10:05.109] MenuRegistry: Registered 'Help' in 'Help' menu (hotkey=H order=10)
[2025-12-16 15:10:05.110] [INFO] Menus loaded from /home/teej/ztest/module/Pmc.Strict/consoleui/screens/MenuItems.psd1
[2025-12-16 15:10:05.110] [INFO] Launching screen: TaskList
[2025-12-16 15:10:05.111] [INFO] Resolving TaskListScreen from container...
[2025-12-16 15:10:05.112] ServiceContainer: Resolving 'TaskListScreen'...
[2025-12-16 15:10:05.114] [INFO] Resolving TaskListScreen...
[2025-12-16 15:10:05.115] ServiceContainer: Resolving 'TaskStore'...
[2025-12-16 15:10:05.116] [INFO] Resolving TaskStore...
[2025-12-16 15:10:05.310] ServiceContainer: Resolved 'TaskStore' successfully
[2025-12-16 15:10:05.756] _PopulateMenusFromRegistry: Menu 'Projects' has 3 items from registry (array)
[2025-12-16 15:10:05.773] _PopulateMenusFromRegistry: Menu 'Tasks' has 11 items from registry (array)
[2025-12-16 15:10:05.776] _PopulateMenusFromRegistry: Menu 'Help' has 1 items from registry (array)
[2025-12-16 15:10:05.778] _PopulateMenusFromRegistry: Menu 'Time' has 3 items from registry (array)
[2025-12-16 15:10:05.780] _PopulateMenusFromRegistry: Menu 'Options' has 2 items from registry (array)
[2025-12-16 15:10:05.783] _PopulateMenusFromRegistry: Menu 'Tools' has 4 items from registry (array)
[2025-12-16 15:10:05.784] ServiceContainer: Resolved 'TaskListScreen' successfully
[2025-12-16 15:10:05.785] [INFO] Pushing screen to app...
[2025-12-16 15:10:06.345] [INFO] Screen pushed successfully
[2025-12-16 15:10:06.346] [INFO] Starting event loop...
[2025-12-16 15:10:06.419] [INFO] TaskListScreen.EditItem called - item.id=f6d455a4-9e14-46c4-ba1a-4563c83b3b39
[2025-12-16 15:10:06.525] [INFO] TaskListScreen.EditItem: Setting OnConfirmed callback for taskId=f6d455a4-9e14-46c4-ba1a-4563c83b3b39
[2025-12-16 15:10:49.889] ServiceContainer: Resolving 'ProjectListScreen'...
[2025-12-16 15:10:49.960] ServiceContainer: Resolved 'ProjectListScreen' successfully
[2025-12-16 15:10:51.726] ServiceContainer: Registered 'ProjectInfoScreenV4' (singleton=False)
[2025-12-16 15:10:51.727] ServiceContainer: Resolving 'ProjectInfoScreenV4'...
[2025-12-16 15:10:51.801] ServiceContainer: Resolved 'ProjectInfoScreenV4' successfully
[2025-12-16 15:11:19.621] ========== TabbedScreen.OnTabChanged: Switched to tab 6 'Files' ==========
[2025-12-16 15:11:19.680] TabbedScreen.OnTabChanged: Invalidated cache region Y=10-45 (no flicker)
[2025-12-16 15:11:27.705] [INFO] ProjectInfoScreenV4._HandleFileAction: action=_action_folder_browse ProjectName='p1'
[2025-12-16 15:11:35.204] [INFO] TaskStore.SaveData: START - tasks=2 projects=1 timelogs=4
[2025-12-16 15:11:35.226] [INFO] _CreatePersistentBackup: Created backup at /home/teej/ztest/tasks.json.backup.20251216-151135
[2025-12-16 15:11:35.238] [INFO] TaskStore.SaveData: Data structure built - tasks=2 projects=1 timelogs=4
[2025-12-16 15:11:35.239] [INFO] TaskStore.SaveData: Calling Save-PmcData
[2025-12-16 15:11:35.329] [INFO] TaskStore.SaveData: Save-PmcData completed successfully
[2025-12-16 15:11:35.363] [INFO] TaskStore.SaveData: SUCCESS - Data saved and verified
[2025-12-16 15:11:35.371] [INFO] TaskStore.SaveData: START - tasks=2 projects=1 timelogs=4
[2025-12-16 15:11:35.379] [INFO] _CreatePersistentBackup: Created backup at /home/teej/ztest/tasks.json.backup.20251216-151135
[2025-12-16 15:11:35.380] [INFO] TaskStore.SaveData: Data structure built - tasks=2 projects=1 timelogs=4
[2025-12-16 15:11:35.381] [INFO] TaskStore.SaveData: Calling Save-PmcData
[2025-12-16 15:11:35.406] [INFO] TaskStore.SaveData: Save-PmcData completed successfully
[2025-12-16 15:11:35.429] [INFO] TaskStore.SaveData: SUCCESS - Data saved and verified
[2025-12-16 15:11:39.688] [INFO] ProjectInfoScreenV4._HandleFileAction: action=_action_folder_open ProjectName='p1'
[2025-12-16 15:11:43.572] [INFO] Event loop exited normally
[2025-12-16 15:11:43.573] [INFO] Cleanup - showing cursor and resetting terminal
