[2025-12-19 20:20:49.337] ServiceContainer: Registered 'Theme' (singleton=True)
[2025-12-19 20:20:49.369] ServiceContainer: Registered 'ThemeManager' (singleton=True)
[2025-12-19 20:20:49.371] ServiceContainer: Registered 'Config' (singleton=True)
[2025-12-19 20:20:49.372] ServiceContainer: Registered 'TaskStore' (singleton=True)
[2025-12-19 20:20:49.374] ServiceContainer: Registered 'MenuRegistry' (singleton=True)
[2025-12-19 20:20:49.376] ServiceContainer: Registered 'Application' (singleton=True)
[2025-12-19 20:20:49.378] ServiceContainer: Registered 'CommandService' (singleton=True)
[2025-12-19 20:20:49.380] ServiceContainer: Registered 'ChecklistService' (singleton=True)
[2025-12-19 20:20:49.382] ServiceContainer: Registered 'NoteService' (singleton=True)
[2025-12-19 20:20:49.384] ServiceContainer: Registered 'ExcelMappingService' (singleton=True)
[2025-12-19 20:20:49.386] ServiceContainer: Registered 'PreferencesService' (singleton=True)
[2025-12-19 20:20:49.388] ServiceContainer: Registered 'TaskListScreen' (singleton=False)
[2025-12-19 20:20:49.419] ServiceContainer: Resolving 'Application'...
[2025-12-19 20:20:49.422] ServiceContainer: Resolving 'Theme'...
[2025-12-19 20:20:49.778] ServiceContainer: Resolved 'Theme' successfully
[2025-12-19 20:20:49.915] ServiceContainer: Resolving 'ThemeManager'...
[2025-12-19 20:20:49.920] ServiceContainer: Resolved 'ThemeManager' successfully
[2025-12-19 20:20:49.947] ServiceContainer: Resolved 'Application' successfully
[2025-12-19 20:20:49.950] ServiceContainer: Resolving 'MenuRegistry'...
[2025-12-19 20:20:49.977] ServiceContainer: Resolved 'MenuRegistry' successfully
[2025-12-19 20:20:50.021] MenuRegistry: Loaded manifest with 23 entries
[2025-12-19 20:20:50.120] ServiceContainer: Registered 'ChecklistTemplatesFolderScreen' (singleton=False)
[2025-12-19 20:20:50.123] MenuRegistry: Registered screen factory 'ChecklistTemplatesFolderScreen' in container (viewMode=)
[2025-12-19 20:20:50.170] MenuRegistry: Registered 'Checklist Templates' in 'Tools' menu (hotkey=H order=30)
[2025-12-19 20:20:50.177] ServiceContainer: Registered 'TaskListScreen_NextActions' (singleton=False)
[2025-12-19 20:20:50.179] MenuRegistry: Registered screen factory 'TaskListScreen_NextActions' in container (viewMode=nextactions)
[2025-12-19 20:20:50.182] MenuRegistry: Registered 'Next Actions' in 'Tasks' menu (hotkey=N order=35)
[2025-12-19 20:20:50.185] ServiceContainer: Registered 'TaskListScreen_Default' (singleton=False)
[2025-12-19 20:20:50.186] MenuRegistry: Registered screen factory 'TaskListScreen_Default' in container (viewMode=)
[2025-12-19 20:20:50.189] MenuRegistry: Registered 'Task List' in 'Tasks' menu (hotkey=L order=5)
[2025-12-19 20:20:50.192] ServiceContainer: Registered 'TaskListScreen_Upcoming' (singleton=False)
[2025-12-19 20:20:50.193] MenuRegistry: Registered screen factory 'TaskListScreen_Upcoming' in container (viewMode=upcoming)
[2025-12-19 20:20:50.195] MenuRegistry: Registered 'Upcoming' in 'Tasks' menu (hotkey=U order=25)
[2025-12-19 20:20:50.197] ServiceContainer: Registered 'TaskListScreen_Today' (singleton=False)
[2025-12-19 20:20:50.198] MenuRegistry: Registered screen factory 'TaskListScreen_Today' in container (viewMode=today)
[2025-12-19 20:20:50.200] MenuRegistry: Registered 'Today' in 'Tasks' menu (hotkey=Y order=10)
[2025-12-19 20:20:50.203] ServiceContainer: Registered 'CommandLibraryScreen' (singleton=False)
[2025-12-19 20:20:50.205] MenuRegistry: Registered screen factory 'CommandLibraryScreen' in container (viewMode=)
[2025-12-19 20:20:50.207] MenuRegistry: Registered 'Command Library' in 'Tools' menu (hotkey=L order=10)
[2025-12-19 20:20:50.209] ServiceContainer: Registered 'TimeReportScreen' (singleton=False)
[2025-12-19 20:20:50.211] MenuRegistry: Registered screen factory 'TimeReportScreen' in container (viewMode=)
[2025-12-19 20:20:50.213] MenuRegistry: Registered 'Time Report' in 'Time' menu (hotkey=R order=20)
[2025-12-19 20:20:50.215] ServiceContainer: Registered 'TaskListScreen_NoDate' (singleton=False)
[2025-12-19 20:20:50.217] MenuRegistry: Registered screen factory 'TaskListScreen_NoDate' in container (viewMode=noduedate)
[2025-12-19 20:20:50.218] MenuRegistry: Registered 'No Due Date' in 'Tasks' menu (hotkey=D order=40)
[2025-12-19 20:20:50.221] ServiceContainer: Registered 'TaskListScreen_Overdue' (singleton=False)
[2025-12-19 20:20:50.223] MenuRegistry: Registered screen factory 'TaskListScreen_Overdue' in container (viewMode=overdue)
[2025-12-19 20:20:50.225] MenuRegistry: Registered 'Overdue' in 'Tasks' menu (hotkey=O order=30)
[2025-12-19 20:20:50.227] ServiceContainer: Registered 'ThemeEditorScreen' (singleton=False)
[2025-12-19 20:20:50.229] MenuRegistry: Registered screen factory 'ThemeEditorScreen' in container (viewMode=)
[2025-12-19 20:20:50.231] MenuRegistry: Registered 'Theme Editor' in 'Options' menu (hotkey=T order=10)
[2025-12-19 20:20:50.233] ServiceContainer: Registered 'ExcelImportScreen' (singleton=False)
[2025-12-19 20:20:50.235] MenuRegistry: Registered screen factory 'ExcelImportScreen' in container (viewMode=)
[2025-12-19 20:20:50.237] MenuRegistry: Registered 'Import from Excel' in 'Projects' menu (hotkey=I order=40)
[2025-12-19 20:20:50.239] ServiceContainer: Registered 'SettingsScreen' (singleton=False)
[2025-12-19 20:20:50.241] MenuRegistry: Registered screen factory 'SettingsScreen' in container (viewMode=)
[2025-12-19 20:20:50.242] MenuRegistry: Registered 'Settings' in 'Options' menu (hotkey=S order=20)
[2025-12-19 20:20:50.245] ServiceContainer: Registered 'HelpViewScreen' (singleton=False)
[2025-12-19 20:20:50.246] MenuRegistry: Registered screen factory 'HelpViewScreen' in container (viewMode=)
[2025-12-19 20:20:50.248] MenuRegistry: Registered 'Help' in 'Help' menu (hotkey=H order=10)
[2025-12-19 20:20:50.250] ServiceContainer: Registered 'TaskListScreen_Agenda' (singleton=False)
[2025-12-19 20:20:50.255] MenuRegistry: Registered screen factory 'TaskListScreen_Agenda' in container (viewMode=agenda)
[2025-12-19 20:20:50.257] MenuRegistry: Registered 'Agenda View' in 'Tasks' menu (hotkey=A order=50)
[2025-12-19 20:20:50.259] ServiceContainer: Registered 'ChecklistsLauncherScreen' (singleton=False)
[2025-12-19 20:20:50.261] MenuRegistry: Registered screen factory 'ChecklistsLauncherScreen' in container (viewMode=)
[2025-12-19 20:20:50.262] MenuRegistry: Registered 'Checklists' in 'Tools' menu (hotkey=C order=25)
[2025-12-19 20:20:50.264] ServiceContainer: Registered 'NotesMenuScreen' (singleton=False)
[2025-12-19 20:20:50.265] MenuRegistry: Registered screen factory 'NotesMenuScreen' in container (viewMode=)
[2025-12-19 20:20:50.266] MenuRegistry: Registered 'Notes' in 'Tools' menu (hotkey=N order=20)
[2025-12-19 20:20:50.268] ServiceContainer: Registered 'TaskListScreen_Tomorrow' (singleton=False)
[2025-12-19 20:20:50.269] MenuRegistry: Registered screen factory 'TaskListScreen_Tomorrow' in container (viewMode=tomorrow)
[2025-12-19 20:20:50.271] MenuRegistry: Registered 'Tomorrow' in 'Tasks' menu (hotkey=T order=15)
[2025-12-19 20:20:50.273] ServiceContainer: Registered 'TimeListScreen' (singleton=False)
[2025-12-19 20:20:50.274] MenuRegistry: Registered screen factory 'TimeListScreen' in container (viewMode=)
[2025-12-19 20:20:50.276] MenuRegistry: Registered 'Time Tracking' in 'Time' menu (hotkey=T order=5)
[2025-12-19 20:20:50.278] ServiceContainer: Registered 'TaskListScreen_Week' (singleton=False)
[2025-12-19 20:20:50.279] MenuRegistry: Registered screen factory 'TaskListScreen_Week' in container (viewMode=week)
[2025-12-19 20:20:50.281] MenuRegistry: Registered 'Week View' in 'Tasks' menu (hotkey=W order=20)
[2025-12-19 20:20:50.283] ServiceContainer: Registered 'TaskListScreen_Month' (singleton=False)
[2025-12-19 20:20:50.284] MenuRegistry: Registered screen factory 'TaskListScreen_Month' in container (viewMode=month)
[2025-12-19 20:20:50.285] MenuRegistry: Registered 'Month View' in 'Tasks' menu (hotkey=M order=45)
[2025-12-19 20:20:50.288] ServiceContainer: Registered 'ProjectListScreen' (singleton=False)
[2025-12-19 20:20:50.289] MenuRegistry: Registered screen factory 'ProjectListScreen' in container (viewMode=)
[2025-12-19 20:20:50.291] MenuRegistry: Registered 'Project List' in 'Projects' menu (hotkey=L order=10)
[2025-12-19 20:20:50.293] ServiceContainer: Registered 'WeeklyTimeReportScreen' (singleton=False)
[2025-12-19 20:20:50.295] MenuRegistry: Registered screen factory 'WeeklyTimeReportScreen' in container (viewMode=)
[2025-12-19 20:20:50.297] MenuRegistry: Registered 'Weekly Report' in 'Time' menu (hotkey=W order=10)
[2025-12-19 20:20:50.299] ServiceContainer: Registered 'ExcelProfileManagerScreen' (singleton=False)
[2025-12-19 20:20:50.301] MenuRegistry: Registered screen factory 'ExcelProfileManagerScreen' in container (viewMode=)
[2025-12-19 20:20:50.303] MenuRegistry: Registered 'Excel Profiles' in 'Projects' menu (hotkey=M order=50)
[2025-12-19 20:20:50.305] ServiceContainer: Resolving 'TaskListScreen'...
[2025-12-19 20:20:50.308] ServiceContainer: Resolving 'TaskStore'...
[2025-12-19 20:20:50.693] ServiceContainer: Resolved 'TaskStore' successfully
[2025-12-19 20:20:51.839] _PopulateMenusFromRegistry: Menu 'Time' has 3 items from registry (array)
[2025-12-19 20:20:51.878] _PopulateMenusFromRegistry: Menu 'Tools' has 4 items from registry (array)
[2025-12-19 20:20:51.884] _PopulateMenusFromRegistry: Menu 'Help' has 1 items from registry (array)
[2025-12-19 20:20:51.901] _PopulateMenusFromRegistry: Menu 'Options' has 2 items from registry (array)
[2025-12-19 20:20:51.906] _PopulateMenusFromRegistry: Menu 'Projects' has 3 items from registry (array)
[2025-12-19 20:20:51.917] _PopulateMenusFromRegistry: Menu 'Tasks' has 10 items from registry (array)
[2025-12-19 20:20:51.922] ServiceContainer: Resolved 'TaskListScreen' successfully
