[2025-12-16 12:57:19.248] [INFO] Loading PMC module...
[2025-12-16 12:57:20.050] [INFO] PMC module loaded
[2025-12-16 12:57:20.053] [INFO] Loading dependencies (FieldSchemas, etc.)...
[2025-12-16 12:57:20.129] [INFO] Dependencies loaded
[2025-12-16 12:57:20.130] [INFO] Loading SpeedTUI framework...
[2025-12-16 12:57:20.302] [INFO] SpeedTUI framework loaded
[2025-12-16 12:57:20.303] [INFO] Loading PraxisVT...
[2025-12-16 12:57:20.304] [INFO] PraxisVT loaded
[2025-12-16 12:57:20.305] [INFO] Loading core dependencies...
[2025-12-16 12:57:20.343] [INFO] Core dependencies loaded
[2025-12-16 12:57:20.344] [INFO] Loading widget base classes...
[2025-12-16 12:57:20.392] [INFO] Widget base classes loaded
[2025-12-16 12:57:20.392] [INFO] Loading services...
[2025-12-16 12:57:20.461] [INFO] Services loaded
[2025-12-16 12:57:20.462] [INFO] Loading helpers...
[2025-12-16 12:57:21.150] [INFO] Helpers loaded
[2025-12-16 12:57:21.151] [INFO] Loading widgets...
[2025-12-16 12:57:21.415] [INFO] Widgets loaded
[2025-12-16 12:57:21.416] [INFO] Loading screen base class...
[2025-12-16 12:57:21.434] [INFO] Screen base class loaded
[2025-12-16 12:57:21.435] [INFO] Loading HelpViewScreen (needed by base classes)...
[2025-12-16 12:57:21.441] [INFO] HelpViewScreen loaded
[2025-12-16 12:57:21.442] [INFO] Loading base classes...
[2025-12-16 12:57:21.505] [INFO] Base classes loaded
[2025-12-16 12:57:21.506] [INFO] Loading ServiceContainer (needed by screens)...
[2025-12-16 12:57:21.511] [INFO] ServiceContainer loaded
[2025-12-16 12:57:21.512] [INFO] Loading remaining screens...
[2025-12-16 12:57:21.602] [INFO] Remaining screens loaded
[2025-12-16 12:57:21.610] [INFO] Loading PmcApplication...
[2025-12-16 12:57:21.620] [INFO] PmcApplication loaded
[2025-12-16 12:57:21.621] [INFO] All components loaded successfully
[2025-12-16 12:57:21.633] [INFO] Starting PMC TUI with screen: TaskList
[2025-12-16 12:57:21.640] [INFO] Cleared stale PmcSharedMenuBar and MenuRegistry singleton
[2025-12-16 12:57:21.641] [INFO] Creating ServiceContainer...
[2025-12-16 12:57:21.648] [INFO] ServiceContainer created
[2025-12-16 12:57:21.649] [INFO] Registering Theme service...
[2025-12-16 12:57:21.663] ServiceContainer: Registered 'Theme' (singleton=True)
[2025-12-16 12:57:21.666] [INFO] Registering ThemeManager...
[2025-12-16 12:57:21.667] ServiceContainer: Registered 'ThemeManager' (singleton=True)
[2025-12-16 12:57:21.668] [INFO] Registering Config service...
[2025-12-16 12:57:21.668] ServiceContainer: Registered 'Config' (singleton=True)
[2025-12-16 12:57:21.669] [INFO] Registering TaskStore service...
[2025-12-16 12:57:21.670] ServiceContainer: Registered 'TaskStore' (singleton=True)
[2025-12-16 12:57:21.671] [INFO] Registering MenuRegistry service...
[2025-12-16 12:57:21.672] ServiceContainer: Registered 'MenuRegistry' (singleton=True)
[2025-12-16 12:57:21.672] [INFO] Registering Application service...
[2025-12-16 12:57:21.673] ServiceContainer: Registered 'Application' (singleton=True)
[2025-12-16 12:57:21.674] [INFO] Registering CommandService...
[2025-12-16 12:57:21.675] ServiceContainer: Registered 'CommandService' (singleton=True)
[2025-12-16 12:57:21.675] [INFO] Registering ChecklistService...
[2025-12-16 12:57:21.676] ServiceContainer: Registered 'ChecklistService' (singleton=True)
[2025-12-16 12:57:21.681] [INFO] Registering NoteService...
[2025-12-16 12:57:21.682] ServiceContainer: Registered 'NoteService' (singleton=True)
[2025-12-16 12:57:21.683] [INFO] Registering ExcelMappingService...
[2025-12-16 12:57:21.683] ServiceContainer: Registered 'ExcelMappingService' (singleton=True)
[2025-12-16 12:57:21.684] [INFO] Registering PreferencesService...
[2025-12-16 12:57:21.685] ServiceContainer: Registered 'PreferencesService' (singleton=True)
[2025-12-16 12:57:21.686] [INFO] Registering screen factories...
[2025-12-16 12:57:21.686] ServiceContainer: Registered 'TaskListScreen' (singleton=False)
[2025-12-16 12:57:21.687] [INFO] Resolving Application from container...
[2025-12-16 12:57:21.699] ServiceContainer: Resolving 'Application'...
[2025-12-16 12:57:21.700] [INFO] Resolving Application...
[2025-12-16 12:57:21.701] ServiceContainer: Resolving 'Theme'...
[2025-12-16 12:57:21.707] [INFO] Resolving Theme: Calling Initialize-PmcThemeSystem...
[2025-12-16 12:57:21.716] [INFO] Theme resolved: #33aaff
[2025-12-16 12:57:21.717] [INFO] Loading PmcThemeEngine...
[2025-12-16 12:57:21.771] [INFO] LoadFromConfig: Loaded Properties with 16 items
[2025-12-16 12:57:21.785] [INFO] PmcThemeEngine initialized with PMC palette (14 colors)
[2025-12-16 12:57:21.787] ServiceContainer: Resolved 'Theme' successfully
[2025-12-16 12:57:22.005] ServiceContainer: Resolving 'ThemeManager'...
[2025-12-16 12:57:22.006] [INFO] Resolving ThemeManager...
[2025-12-16 12:57:22.035] ServiceContainer: Resolved 'ThemeManager' successfully
[2025-12-16 12:57:22.043] ServiceContainer: Resolved 'Application' successfully
[2025-12-16 12:57:22.044] [INFO] Application resolved and assigned to $global:PmcApp
[2025-12-16 12:57:22.045] [INFO] Loading menus from manifest...
[2025-12-16 12:57:22.046] ServiceContainer: Resolving 'MenuRegistry'...
[2025-12-16 12:57:22.047] [INFO] Resolving MenuRegistry...
[2025-12-16 12:57:22.056] ServiceContainer: Resolved 'MenuRegistry' successfully
[2025-12-16 12:57:22.070] MenuRegistry: Loaded manifest with 24 entries
[2025-12-16 12:57:22.091] ServiceContainer: Registered 'ChecklistTemplatesFolderScreen' (singleton=False)
[2025-12-16 12:57:22.091] MenuRegistry: Registered screen factory 'ChecklistTemplatesFolderScreen' in container (viewMode=)
[2025-12-16 12:57:22.103] MenuRegistry: Registered 'Checklist Templates' in 'Tools' menu (hotkey=H order=30)
[2025-12-16 12:57:22.106] ServiceContainer: Registered 'TaskListScreen_Month' (singleton=False)
[2025-12-16 12:57:22.107] MenuRegistry: Registered screen factory 'TaskListScreen_Month' in container (viewMode=month)
[2025-12-16 12:57:22.108] MenuRegistry: Registered 'Month View' in 'Tasks' menu (hotkey=M order=45)
[2025-12-16 12:57:22.109] ServiceContainer: Registered 'TimeListScreen' (singleton=False)
[2025-12-16 12:57:22.109] MenuRegistry: Registered screen factory 'TimeListScreen' in container (viewMode=)
[2025-12-16 12:57:22.110] MenuRegistry: Registered 'Time Tracking' in 'Time' menu (hotkey=T order=5)
[2025-12-16 12:57:22.112] ServiceContainer: Registered 'TaskListScreen_Week' (singleton=False)
[2025-12-16 12:57:22.112] MenuRegistry: Registered screen factory 'TaskListScreen_Week' in container (viewMode=week)
[2025-12-16 12:57:22.113] MenuRegistry: Registered 'Week View' in 'Tasks' menu (hotkey=W order=20)
[2025-12-16 12:57:22.114] ServiceContainer: Registered 'ChecklistsLauncherScreen' (singleton=False)
[2025-12-16 12:57:22.115] MenuRegistry: Registered screen factory 'ChecklistsLauncherScreen' in container (viewMode=)
[2025-12-16 12:57:22.120] MenuRegistry: Registered 'Checklists' in 'Tools' menu (hotkey=C order=25)
[2025-12-16 12:57:22.121] ServiceContainer: Registered 'ProjectListScreen' (singleton=False)
[2025-12-16 12:57:22.121] MenuRegistry: Registered screen factory 'ProjectListScreen' in container (viewMode=)
[2025-12-16 12:57:22.122] MenuRegistry: Registered 'Project List' in 'Projects' menu (hotkey=L order=10)
[2025-12-16 12:57:22.123] ServiceContainer: Registered 'ThemeEditorScreen' (singleton=False)
[2025-12-16 12:57:22.124] MenuRegistry: Registered screen factory 'ThemeEditorScreen' in container (viewMode=)
[2025-12-16 12:57:22.125] MenuRegistry: Registered 'Theme Editor' in 'Options' menu (hotkey=T order=10)
[2025-12-16 12:57:22.126] ServiceContainer: Registered 'TimeReportScreen' (singleton=False)
[2025-12-16 12:57:22.126] MenuRegistry: Registered screen factory 'TimeReportScreen' in container (viewMode=)
[2025-12-16 12:57:22.127] MenuRegistry: Registered 'Time Report' in 'Time' menu (hotkey=R order=20)
[2025-12-16 12:57:22.129] ServiceContainer: Registered 'HelpViewScreen' (singleton=False)
[2025-12-16 12:57:22.129] MenuRegistry: Registered screen factory 'HelpViewScreen' in container (viewMode=)
[2025-12-16 12:57:22.130] MenuRegistry: Registered 'Help' in 'Help' menu (hotkey=H order=10)
[2025-12-16 12:57:22.131] ServiceContainer: Registered 'SettingsScreen' (singleton=False)
[2025-12-16 12:57:22.132] MenuRegistry: Registered screen factory 'SettingsScreen' in container (viewMode=)
[2025-12-16 12:57:22.132] MenuRegistry: Registered 'Settings' in 'Options' menu (hotkey=S order=20)
[2025-12-16 12:57:22.133] ServiceContainer: Registered 'TaskListScreen_Default' (singleton=False)
[2025-12-16 12:57:22.134] MenuRegistry: Registered screen factory 'TaskListScreen_Default' in container (viewMode=)
[2025-12-16 12:57:22.135] MenuRegistry: Registered 'Task List' in 'Tasks' menu (hotkey=L order=5)
[2025-12-16 12:57:22.136] ServiceContainer: Registered 'KanbanScreenV2' (singleton=False)
[2025-12-16 12:57:22.137] MenuRegistry: Registered screen factory 'KanbanScreenV2' in container (viewMode=)
[2025-12-16 12:57:22.138] MenuRegistry: Registered 'Kanban Board' in 'Tasks' menu (hotkey=K order=55)
[2025-12-16 12:57:22.139] ServiceContainer: Registered 'ExcelProfileManagerScreen' (singleton=False)
[2025-12-16 12:57:22.139] MenuRegistry: Registered screen factory 'ExcelProfileManagerScreen' in container (viewMode=)
[2025-12-16 12:57:22.140] MenuRegistry: Registered 'Excel Profiles' in 'Projects' menu (hotkey=M order=50)
[2025-12-16 12:57:22.141] ServiceContainer: Registered 'TaskListScreen_Tomorrow' (singleton=False)
[2025-12-16 12:57:22.142] MenuRegistry: Registered screen factory 'TaskListScreen_Tomorrow' in container (viewMode=tomorrow)
[2025-12-16 12:57:22.143] MenuRegistry: Registered 'Tomorrow' in 'Tasks' menu (hotkey=T order=15)
[2025-12-16 12:57:22.144] ServiceContainer: Registered 'TaskListScreen_Upcoming' (singleton=False)
[2025-12-16 12:57:22.144] MenuRegistry: Registered screen factory 'TaskListScreen_Upcoming' in container (viewMode=upcoming)
[2025-12-16 12:57:22.145] MenuRegistry: Registered 'Upcoming' in 'Tasks' menu (hotkey=U order=25)
[2025-12-16 12:57:22.146] ServiceContainer: Registered 'CommandLibraryScreen' (singleton=False)
[2025-12-16 12:57:22.147] MenuRegistry: Registered screen factory 'CommandLibraryScreen' in container (viewMode=)
[2025-12-16 12:57:22.147] MenuRegistry: Registered 'Command Library' in 'Tools' menu (hotkey=L order=10)
[2025-12-16 12:57:22.148] ServiceContainer: Registered 'TaskListScreen_Agenda' (singleton=False)
[2025-12-16 12:57:22.149] MenuRegistry: Registered screen factory 'TaskListScreen_Agenda' in container (viewMode=agenda)
[2025-12-16 12:57:22.150] MenuRegistry: Registered 'Agenda View' in 'Tasks' menu (hotkey=A order=50)
[2025-12-16 12:57:22.151] ServiceContainer: Registered 'WeeklyTimeReportScreen' (singleton=False)
[2025-12-16 12:57:22.152] MenuRegistry: Registered screen factory 'WeeklyTimeReportScreen' in container (viewMode=)
[2025-12-16 12:57:22.153] MenuRegistry: Registered 'Weekly Report' in 'Time' menu (hotkey=W order=10)
[2025-12-16 12:57:22.156] ServiceContainer: Registered 'TaskListScreen_Overdue' (singleton=False)
[2025-12-16 12:57:22.157] MenuRegistry: Registered screen factory 'TaskListScreen_Overdue' in container (viewMode=overdue)
[2025-12-16 12:57:22.158] MenuRegistry: Registered 'Overdue' in 'Tasks' menu (hotkey=O order=30)
[2025-12-16 12:57:22.159] ServiceContainer: Registered 'ExcelImportScreen' (singleton=False)
[2025-12-16 12:57:22.160] MenuRegistry: Registered screen factory 'ExcelImportScreen' in container (viewMode=)
[2025-12-16 12:57:22.160] MenuRegistry: Registered 'Import from Excel' in 'Projects' menu (hotkey=I order=40)
[2025-12-16 12:57:22.162] ServiceContainer: Registered 'NotesMenuScreen' (singleton=False)
[2025-12-16 12:57:22.162] MenuRegistry: Registered screen factory 'NotesMenuScreen' in container (viewMode=)
[2025-12-16 12:57:22.163] MenuRegistry: Registered 'Notes' in 'Tools' menu (hotkey=N order=20)
[2025-12-16 12:57:22.165] ServiceContainer: Registered 'TaskListScreen_NextActions' (singleton=False)
[2025-12-16 12:57:22.165] MenuRegistry: Registered screen factory 'TaskListScreen_NextActions' in container (viewMode=nextactions)
[2025-12-16 12:57:22.166] MenuRegistry: Registered 'Next Actions' in 'Tasks' menu (hotkey=N order=35)
[2025-12-16 12:57:22.168] ServiceContainer: Registered 'TaskListScreen_Today' (singleton=False)
[2025-12-16 12:57:22.169] MenuRegistry: Registered screen factory 'TaskListScreen_Today' in container (viewMode=today)
[2025-12-16 12:57:22.170] MenuRegistry: Registered 'Today' in 'Tasks' menu (hotkey=Y order=10)
[2025-12-16 12:57:22.172] ServiceContainer: Registered 'TaskListScreen_NoDate' (singleton=False)
[2025-12-16 12:57:22.173] MenuRegistry: Registered screen factory 'TaskListScreen_NoDate' in container (viewMode=noduedate)
[2025-12-16 12:57:22.175] MenuRegistry: Registered 'No Due Date' in 'Tasks' menu (hotkey=D order=40)
[2025-12-16 12:57:22.176] [INFO] Menus loaded from /home/teej/ztest/module/Pmc.Strict/consoleui/screens/MenuItems.psd1
[2025-12-16 12:57:22.177] [INFO] Launching screen: TaskList
[2025-12-16 12:57:22.177] [INFO] Resolving TaskListScreen from container...
[2025-12-16 12:57:22.178] ServiceContainer: Resolving 'TaskListScreen'...
[2025-12-16 12:57:22.180] [INFO] Resolving TaskListScreen...
[2025-12-16 12:57:22.181] ServiceContainer: Resolving 'TaskStore'...
[2025-12-16 12:57:22.182] [INFO] Resolving TaskStore...
[2025-12-16 12:57:22.403] ServiceContainer: Resolved 'TaskStore' successfully
[2025-12-16 12:57:22.885] _PopulateMenusFromRegistry: Menu 'Projects' has 3 items from registry (array)
[2025-12-16 12:57:22.900] _PopulateMenusFromRegistry: Menu 'Time' has 3 items from registry (array)
[2025-12-16 12:57:22.903] _PopulateMenusFromRegistry: Menu 'Tools' has 4 items from registry (array)
[2025-12-16 12:57:22.905] _PopulateMenusFromRegistry: Menu 'Options' has 2 items from registry (array)
[2025-12-16 12:57:22.910] _PopulateMenusFromRegistry: Menu 'Tasks' has 11 items from registry (array)
[2025-12-16 12:57:22.912] _PopulateMenusFromRegistry: Menu 'Help' has 1 items from registry (array)
[2025-12-16 12:57:22.914] ServiceContainer: Resolved 'TaskListScreen' successfully
[2025-12-16 12:57:22.915] [INFO] Pushing screen to app...
[2025-12-16 12:57:23.408] [INFO] Screen pushed successfully
[2025-12-16 12:57:23.409] [INFO] Starting event loop...
[2025-12-16 12:57:25.896] [INFO] TaskListScreen.EditItem called - item.id=f6d455a4-9e14-46c4-ba1a-4563c83b3b39
[2025-12-16 12:57:26.010] [INFO] TaskListScreen.EditItem: Setting OnConfirmed callback for taskId=f6d455a4-9e14-46c4-ba1a-4563c83b3b39
[2025-12-16 12:57:33.747] ServiceContainer: Resolving 'ProjectListScreen'...
[2025-12-16 12:57:33.818] ServiceContainer: Resolved 'ProjectListScreen' successfully
[2025-12-16 12:57:34.485] ServiceContainer: Registered 'ProjectInfoScreenV4' (singleton=False)
[2025-12-16 12:57:34.486] ServiceContainer: Resolving 'ProjectInfoScreenV4'...
[2025-12-16 12:57:34.567] ServiceContainer: Resolved 'ProjectInfoScreenV4' successfully
[2025-12-16 12:57:42.261] ServiceContainer: Resolving 'ProjectInfoScreenV4'...
[2025-12-16 12:57:42.272] ServiceContainer: Resolved 'ProjectInfoScreenV4' successfully
[2025-12-16 12:57:43.244] ========== TabbedScreen.OnTabChanged: Switched to tab 1 'Request' ==========
[2025-12-16 12:57:43.272] TabbedScreen.OnTabChanged: Invalidated cache region Y=9-25 (no flicker)
[2025-12-16 12:57:43.402] ========== TabbedScreen.OnTabChanged: Switched to tab 2 'Audit' ==========
[2025-12-16 12:57:43.419] TabbedScreen.OnTabChanged: Invalidated cache region Y=9-25 (no flicker)
[2025-12-16 12:57:43.657] ========== TabbedScreen.OnTabChanged: Switched to tab 3 'Location' ==========
[2025-12-16 12:57:43.689] TabbedScreen.OnTabChanged: Invalidated cache region Y=9-25 (no flicker)
[2025-12-16 12:57:43.823] ========== TabbedScreen.OnTabChanged: Switched to tab 4 'Periods' ==========
[2025-12-16 12:57:43.840] TabbedScreen.OnTabChanged: Invalidated cache region Y=9-25 (no flicker)
[2025-12-16 12:57:43.964] ========== TabbedScreen.OnTabChanged: Switched to tab 5 'More' ==========
[2025-12-16 12:57:43.986] TabbedScreen.OnTabChanged: Invalidated cache region Y=9-25 (no flicker)
[2025-12-16 12:57:44.164] ========== TabbedScreen.OnTabChanged: Switched to tab 6 'Files' ==========
[2025-12-16 12:57:44.184] TabbedScreen.OnTabChanged: Invalidated cache region Y=9-25 (no flicker)
[2025-12-16 12:57:44.559] ========== TabbedScreen.OnTabChanged: Switched to tab 0 'Identity' ==========
[2025-12-16 12:57:44.592] TabbedScreen.OnTabChanged: Invalidated cache region Y=9-25 (no flicker)
[2025-12-16 12:57:45.787] ========== TabbedScreen.OnTabChanged: Switched to tab 6 'Files' ==========
[2025-12-16 12:57:45.824] TabbedScreen.OnTabChanged: Invalidated cache region Y=9-25 (no flicker)
[2025-12-16 12:57:50.341] [INFO] ProjectInfoScreenV4._HandleFileAction: action=_action_folder_browse ProjectName='p1'
[2025-12-16 12:58:13.185] [INFO] TaskStore.SaveData: START - tasks=2 projects=1 timelogs=4
[2025-12-16 12:58:13.208] [INFO] _CreatePersistentBackup: Created backup at /home/teej/ztest/tasks.json.backup.20251216-125813
[2025-12-16 12:58:13.220] [INFO] TaskStore.SaveData: Data structure built - tasks=2 projects=1 timelogs=4
[2025-12-16 12:58:13.221] [INFO] TaskStore.SaveData: Calling Save-PmcData
[2025-12-16 12:58:13.310] [INFO] TaskStore.SaveData: Save-PmcData completed successfully
[2025-12-16 12:58:13.347] [INFO] TaskStore.SaveData: SUCCESS - Data saved and verified
[2025-12-16 12:58:13.356] [INFO] TaskStore.SaveData: START - tasks=2 projects=1 timelogs=4
[2025-12-16 12:58:13.367] [INFO] _CreatePersistentBackup: Created backup at /home/teej/ztest/tasks.json.backup.20251216-125813
[2025-12-16 12:58:13.369] [INFO] TaskStore.SaveData: Data structure built - tasks=2 projects=1 timelogs=4
[2025-12-16 12:58:13.369] [INFO] TaskStore.SaveData: Calling Save-PmcData
[2025-12-16 12:58:13.389] [INFO] TaskStore.SaveData: Save-PmcData completed successfully
[2025-12-16 12:58:13.441] [INFO] TaskStore.SaveData: SUCCESS - Data saved and verified
[2025-12-16 12:58:19.905] [INFO] ProjectInfoScreenV4._HandleFileAction: action=_action_folder_open ProjectName='p1'
[2025-12-16 12:58:26.078] [INFO] Event loop exited normally
[2025-12-16 12:58:26.078] [INFO] Cleanup - showing cursor and resetting terminal
