[2025-12-17 09:43:28.665] [INFO] Loading PMC module...
[2025-12-17 09:43:30.028] [INFO] PMC module loaded
[2025-12-17 09:43:30.032] [INFO] Loading dependencies (FieldSchemas, etc.)...
[2025-12-17 09:43:30.154] [INFO] Dependencies loaded
[2025-12-17 09:43:30.155] [INFO] Loading SpeedTUI framework...
[2025-12-17 09:43:30.483] [INFO] SpeedTUI framework loaded
[2025-12-17 09:43:30.487] [INFO] Loading PraxisVT...
[2025-12-17 09:43:30.492] [INFO] PraxisVT loaded
[2025-12-17 09:43:30.494] [INFO] Loading core dependencies...
[2025-12-17 09:43:30.545] [INFO] Core dependencies loaded
[2025-12-17 09:43:30.547] [INFO] Loading widget base classes...
[2025-12-17 09:43:30.632] [INFO] Widget base classes loaded
[2025-12-17 09:43:30.633] [INFO] Loading services...
[2025-12-17 09:43:30.771] [INFO] Services loaded
[2025-12-17 09:43:30.772] [INFO] Loading helpers...
[2025-12-17 09:43:31.778] [INFO] Helpers loaded
[2025-12-17 09:43:31.780] [INFO] Loading widgets...
[2025-12-17 09:43:32.168] [INFO] Widgets loaded
[2025-12-17 09:43:32.169] [INFO] Loading screen base class...
[2025-12-17 09:43:32.186] [INFO] Screen base class loaded
[2025-12-17 09:43:32.188] [INFO] Loading HelpViewScreen (needed by base classes)...
[2025-12-17 09:43:32.196] [INFO] HelpViewScreen loaded
[2025-12-17 09:43:32.198] [INFO] Loading base classes...
[2025-12-17 09:43:32.269] [INFO] Base classes loaded
[2025-12-17 09:43:32.270] [INFO] Loading ServiceContainer (needed by screens)...
[2025-12-17 09:43:32.280] [INFO] ServiceContainer loaded
[2025-12-17 09:43:32.281] [INFO] Loading remaining screens...
[2025-12-17 09:43:32.410] [INFO] Remaining screens loaded
[2025-12-17 09:43:32.412] [INFO] Loading PmcApplication...
[2025-12-17 09:43:32.428] [INFO] PmcApplication loaded
[2025-12-17 09:43:32.429] [INFO] All components loaded successfully
[2025-12-17 09:43:32.448] [INFO] Starting PMC TUI with screen: TaskList
[2025-12-17 09:43:32.457] [INFO] Cleared stale PmcSharedMenuBar and MenuRegistry singleton
[2025-12-17 09:43:32.458] [INFO] Creating ServiceContainer...
[2025-12-17 09:43:32.471] [INFO] ServiceContainer created
[2025-12-17 09:43:32.472] [INFO] Registering Theme service...
[2025-12-17 09:43:32.493] ServiceContainer: Registered 'Theme' (singleton=True)
[2025-12-17 09:43:32.497] [INFO] Registering ThemeManager...
[2025-12-17 09:43:32.498] ServiceContainer: Registered 'ThemeManager' (singleton=True)
[2025-12-17 09:43:32.499] [INFO] Registering Config service...
[2025-12-17 09:43:32.500] ServiceContainer: Registered 'Config' (singleton=True)
[2025-12-17 09:43:32.501] [INFO] Registering TaskStore service...
[2025-12-17 09:43:32.502] ServiceContainer: Registered 'TaskStore' (singleton=True)
[2025-12-17 09:43:32.503] [INFO] Registering MenuRegistry service...
[2025-12-17 09:43:32.504] ServiceContainer: Registered 'MenuRegistry' (singleton=True)
[2025-12-17 09:43:32.505] [INFO] Registering Application service...
[2025-12-17 09:43:32.512] ServiceContainer: Registered 'Application' (singleton=True)
[2025-12-17 09:43:32.513] [INFO] Registering CommandService...
[2025-12-17 09:43:32.514] ServiceContainer: Registered 'CommandService' (singleton=True)
[2025-12-17 09:43:32.515] [INFO] Registering ChecklistService...
[2025-12-17 09:43:32.516] ServiceContainer: Registered 'ChecklistService' (singleton=True)
[2025-12-17 09:43:32.517] [INFO] Registering NoteService...
[2025-12-17 09:43:32.518] ServiceContainer: Registered 'NoteService' (singleton=True)
[2025-12-17 09:43:32.519] [INFO] Registering ExcelMappingService...
[2025-12-17 09:43:32.520] ServiceContainer: Registered 'ExcelMappingService' (singleton=True)
[2025-12-17 09:43:32.521] [INFO] Registering PreferencesService...
[2025-12-17 09:43:32.522] ServiceContainer: Registered 'PreferencesService' (singleton=True)
[2025-12-17 09:43:32.523] [INFO] Registering screen factories...
[2025-12-17 09:43:32.524] ServiceContainer: Registered 'TaskListScreen' (singleton=False)
[2025-12-17 09:43:32.525] [INFO] Resolving Application from container...
[2025-12-17 09:43:32.542] ServiceContainer: Resolving 'Application'...
[2025-12-17 09:43:32.544] [INFO] Resolving Application...
[2025-12-17 09:43:32.545] ServiceContainer: Resolving 'Theme'...
[2025-12-17 09:43:32.553] [INFO] Resolving Theme: Calling Initialize-PmcThemeSystem...
[2025-12-17 09:43:32.569] [INFO] Theme resolved: #33aaff
[2025-12-17 09:43:32.570] [INFO] Loading PmcThemeEngine...
[2025-12-17 09:43:32.659] [INFO] LoadFromConfig: Loaded Properties with 23 items
[2025-12-17 09:43:32.671] [INFO] PmcThemeEngine initialized with PMC palette (14 colors)
[2025-12-17 09:43:32.675] ServiceContainer: Resolved 'Theme' successfully
[2025-12-17 09:43:33.329] ServiceContainer: Resolving 'ThemeManager'...
[2025-12-17 09:43:33.333] [INFO] Resolving ThemeManager...
[2025-12-17 09:43:33.372] ServiceContainer: Resolved 'ThemeManager' successfully
[2025-12-17 09:43:33.388] ServiceContainer: Resolved 'Application' successfully
[2025-12-17 09:43:33.390] [INFO] Application resolved and assigned to $global:PmcApp
[2025-12-17 09:43:33.391] [INFO] Loading menus from manifest...
[2025-12-17 09:43:33.392] ServiceContainer: Resolving 'MenuRegistry'...
[2025-12-17 09:43:33.394] [INFO] Resolving MenuRegistry...
[2025-12-17 09:43:33.407] ServiceContainer: Resolved 'MenuRegistry' successfully
[2025-12-17 09:43:33.429] MenuRegistry: Loaded manifest with 24 entries
[2025-12-17 09:43:33.460] ServiceContainer: Registered 'SettingsScreen' (singleton=False)
[2025-12-17 09:43:33.461] MenuRegistry: Registered screen factory 'SettingsScreen' in container (viewMode=)
[2025-12-17 09:43:33.479] MenuRegistry: Registered 'Settings' in 'Options' menu (hotkey=S order=20)
[2025-12-17 09:43:33.484] ServiceContainer: Registered 'TaskListScreen_Month' (singleton=False)
[2025-12-17 09:43:33.485] MenuRegistry: Registered screen factory 'TaskListScreen_Month' in container (viewMode=month)
[2025-12-17 09:43:33.487] MenuRegistry: Registered 'Month View' in 'Tasks' menu (hotkey=M order=45)
[2025-12-17 09:43:33.489] ServiceContainer: Registered 'TaskListScreen_Agenda' (singleton=False)
[2025-12-17 09:43:33.490] MenuRegistry: Registered screen factory 'TaskListScreen_Agenda' in container (viewMode=agenda)
[2025-12-17 09:43:33.492] MenuRegistry: Registered 'Agenda View' in 'Tasks' menu (hotkey=A order=50)
[2025-12-17 09:43:33.494] ServiceContainer: Registered 'ChecklistsLauncherScreen' (singleton=False)
[2025-12-17 09:43:33.495] MenuRegistry: Registered screen factory 'ChecklistsLauncherScreen' in container (viewMode=)
[2025-12-17 09:43:33.497] MenuRegistry: Registered 'Checklists' in 'Tools' menu (hotkey=C order=25)
[2025-12-17 09:43:33.499] ServiceContainer: Registered 'ThemeEditorScreen' (singleton=False)
[2025-12-17 09:43:33.500] MenuRegistry: Registered screen factory 'ThemeEditorScreen' in container (viewMode=)
[2025-12-17 09:43:33.501] MenuRegistry: Registered 'Theme Editor' in 'Options' menu (hotkey=T order=10)
[2025-12-17 09:43:33.503] ServiceContainer: Registered 'CommandLibraryScreen' (singleton=False)
[2025-12-17 09:43:33.504] MenuRegistry: Registered screen factory 'CommandLibraryScreen' in container (viewMode=)
[2025-12-17 09:43:33.506] MenuRegistry: Registered 'Command Library' in 'Tools' menu (hotkey=L order=10)
[2025-12-17 09:43:33.508] ServiceContainer: Registered 'ExcelImportScreen' (singleton=False)
[2025-12-17 09:43:33.516] MenuRegistry: Registered screen factory 'ExcelImportScreen' in container (viewMode=)
[2025-12-17 09:43:33.517] MenuRegistry: Registered 'Import from Excel' in 'Projects' menu (hotkey=I order=40)
[2025-12-17 09:43:33.519] ServiceContainer: Registered 'ChecklistTemplatesFolderScreen' (singleton=False)
[2025-12-17 09:43:33.520] MenuRegistry: Registered screen factory 'ChecklistTemplatesFolderScreen' in container (viewMode=)
[2025-12-17 09:43:33.521] MenuRegistry: Registered 'Checklist Templates' in 'Tools' menu (hotkey=H order=30)
[2025-12-17 09:43:33.523] ServiceContainer: Registered 'TaskListScreen_Upcoming' (singleton=False)
[2025-12-17 09:43:33.523] MenuRegistry: Registered screen factory 'TaskListScreen_Upcoming' in container (viewMode=upcoming)
[2025-12-17 09:43:33.525] MenuRegistry: Registered 'Upcoming' in 'Tasks' menu (hotkey=U order=25)
[2025-12-17 09:43:33.527] ServiceContainer: Registered 'TaskListScreen_Week' (singleton=False)
[2025-12-17 09:43:33.527] MenuRegistry: Registered screen factory 'TaskListScreen_Week' in container (viewMode=week)
[2025-12-17 09:43:33.529] MenuRegistry: Registered 'Week View' in 'Tasks' menu (hotkey=W order=20)
[2025-12-17 09:43:33.530] ServiceContainer: Registered 'TimeListScreen' (singleton=False)
[2025-12-17 09:43:33.531] MenuRegistry: Registered screen factory 'TimeListScreen' in container (viewMode=)
[2025-12-17 09:43:33.533] MenuRegistry: Registered 'Time Tracking' in 'Time' menu (hotkey=T order=5)
[2025-12-17 09:43:33.535] ServiceContainer: Registered 'ExcelProfileManagerScreen' (singleton=False)
[2025-12-17 09:43:33.535] MenuRegistry: Registered screen factory 'ExcelProfileManagerScreen' in container (viewMode=)
[2025-12-17 09:43:33.537] MenuRegistry: Registered 'Excel Profiles' in 'Projects' menu (hotkey=M order=50)
[2025-12-17 09:43:33.538] ServiceContainer: Registered 'KanbanScreenV2' (singleton=False)
[2025-12-17 09:43:33.539] MenuRegistry: Registered screen factory 'KanbanScreenV2' in container (viewMode=)
[2025-12-17 09:43:33.540] MenuRegistry: Registered 'Kanban Board' in 'Tasks' menu (hotkey=K order=55)
[2025-12-17 09:43:33.542] ServiceContainer: Registered 'TaskListScreen_NoDate' (singleton=False)
[2025-12-17 09:43:33.543] MenuRegistry: Registered screen factory 'TaskListScreen_NoDate' in container (viewMode=noduedate)
[2025-12-17 09:43:33.544] MenuRegistry: Registered 'No Due Date' in 'Tasks' menu (hotkey=D order=40)
[2025-12-17 09:43:33.546] ServiceContainer: Registered 'TaskListScreen_Tomorrow' (singleton=False)
[2025-12-17 09:43:33.547] MenuRegistry: Registered screen factory 'TaskListScreen_Tomorrow' in container (viewMode=tomorrow)
[2025-12-17 09:43:33.548] MenuRegistry: Registered 'Tomorrow' in 'Tasks' menu (hotkey=T order=15)
[2025-12-17 09:43:33.550] ServiceContainer: Registered 'TaskListScreen_Today' (singleton=False)
[2025-12-17 09:43:33.551] MenuRegistry: Registered screen factory 'TaskListScreen_Today' in container (viewMode=today)
[2025-12-17 09:43:33.552] MenuRegistry: Registered 'Today' in 'Tasks' menu (hotkey=Y order=10)
[2025-12-17 09:43:33.554] ServiceContainer: Registered 'TaskListScreen_Default' (singleton=False)
[2025-12-17 09:43:33.555] MenuRegistry: Registered screen factory 'TaskListScreen_Default' in container (viewMode=)
[2025-12-17 09:43:33.556] MenuRegistry: Registered 'Task List' in 'Tasks' menu (hotkey=L order=5)
[2025-12-17 09:43:33.558] ServiceContainer: Registered 'TimeReportScreen' (singleton=False)
[2025-12-17 09:43:33.559] MenuRegistry: Registered screen factory 'TimeReportScreen' in container (viewMode=)
[2025-12-17 09:43:33.561] MenuRegistry: Registered 'Time Report' in 'Time' menu (hotkey=R order=20)
[2025-12-17 09:43:33.563] ServiceContainer: Registered 'TaskListScreen_Overdue' (singleton=False)
[2025-12-17 09:43:33.564] MenuRegistry: Registered screen factory 'TaskListScreen_Overdue' in container (viewMode=overdue)
[2025-12-17 09:43:33.565] MenuRegistry: Registered 'Overdue' in 'Tasks' menu (hotkey=O order=30)
[2025-12-17 09:43:33.568] ServiceContainer: Registered 'WeeklyTimeReportScreen' (singleton=False)
[2025-12-17 09:43:33.569] MenuRegistry: Registered screen factory 'WeeklyTimeReportScreen' in container (viewMode=)
[2025-12-17 09:43:33.575] MenuRegistry: Registered 'Weekly Report' in 'Time' menu (hotkey=W order=10)
[2025-12-17 09:43:33.578] ServiceContainer: Registered 'ProjectListScreen' (singleton=False)
[2025-12-17 09:43:33.579] MenuRegistry: Registered screen factory 'ProjectListScreen' in container (viewMode=)
[2025-12-17 09:43:33.581] MenuRegistry: Registered 'Project List' in 'Projects' menu (hotkey=L order=10)
[2025-12-17 09:43:33.584] ServiceContainer: Registered 'NotesMenuScreen' (singleton=False)
[2025-12-17 09:43:33.585] MenuRegistry: Registered screen factory 'NotesMenuScreen' in container (viewMode=)
[2025-12-17 09:43:33.587] MenuRegistry: Registered 'Notes' in 'Tools' menu (hotkey=N order=20)
[2025-12-17 09:43:33.590] ServiceContainer: Registered 'TaskListScreen_NextActions' (singleton=False)
[2025-12-17 09:43:33.591] MenuRegistry: Registered screen factory 'TaskListScreen_NextActions' in container (viewMode=nextactions)
[2025-12-17 09:43:33.593] MenuRegistry: Registered 'Next Actions' in 'Tasks' menu (hotkey=N order=35)
[2025-12-17 09:43:33.596] ServiceContainer: Registered 'HelpViewScreen' (singleton=False)
[2025-12-17 09:43:33.597] MenuRegistry: Registered screen factory 'HelpViewScreen' in container (viewMode=)
[2025-12-17 09:43:33.598] MenuRegistry: Registered 'Help' in 'Help' menu (hotkey=H order=10)
[2025-12-17 09:43:33.599] [INFO] Menus loaded from /home/teej/ztest/module/Pmc.Strict/consoleui/screens/MenuItems.psd1
[2025-12-17 09:43:33.601] [INFO] Launching screen: TaskList
[2025-12-17 09:43:33.602] [INFO] Resolving TaskListScreen from container...
[2025-12-17 09:43:33.603] ServiceContainer: Resolving 'TaskListScreen'...
[2025-12-17 09:43:33.605] [INFO] Resolving TaskListScreen...
[2025-12-17 09:43:33.606] ServiceContainer: Resolving 'TaskStore'...
[2025-12-17 09:43:33.608] [INFO] Resolving TaskStore...
[2025-12-17 09:43:33.916] ServiceContainer: Resolved 'TaskStore' successfully
[2025-12-17 09:43:34.689] _PopulateMenusFromRegistry: Menu 'Projects' has 3 items from registry (array)
[2025-12-17 09:43:34.716] _PopulateMenusFromRegistry: Menu 'Tools' has 4 items from registry (array)
[2025-12-17 09:43:34.723] _PopulateMenusFromRegistry: Menu 'Tasks' has 11 items from registry (array)
[2025-12-17 09:43:34.727] _PopulateMenusFromRegistry: Menu 'Time' has 3 items from registry (array)
[2025-12-17 09:43:34.733] _PopulateMenusFromRegistry: Menu 'Help' has 1 items from registry (array)
[2025-12-17 09:43:34.736] _PopulateMenusFromRegistry: Menu 'Options' has 2 items from registry (array)
[2025-12-17 09:43:34.739] ServiceContainer: Resolved 'TaskListScreen' successfully
[2025-12-17 09:43:34.740] [INFO] Pushing screen to app...
[2025-12-17 09:43:35.763] [INFO] Screen pushed successfully
[2025-12-17 09:43:35.764] [INFO] Starting event loop...
[2025-12-17 09:43:45.617] ServiceContainer: Resolving 'NotesMenuScreen'...
[2025-12-17 09:43:45.768] ServiceContainer: Resolved 'NotesMenuScreen' successfully
[2025-12-17 09:43:45.920] [INFO] NotesMenuScreen.LoadData: Loading notes for owner=global:
[2025-12-17 09:43:45.921] [INFO] NotesMenuScreen.LoadData: Getting all notes (global)
[2025-12-17 09:43:45.930] [INFO] NotesMenuScreen.LoadData: Loaded 2 notes
[2025-12-17 09:43:47.964] [INFO] NotesMenuScreen.OnItemActivated: Opening note 33d7d2dd-910f-4040-8972-d11b5200cd8a
[2025-12-17 09:43:48.006] [INFO] NoteEditorScreen: Constructor called for noteId=33d7d2dd-910f-4040-8972-d11b5200cd8a
[2025-12-17 09:43:48.077] [INFO] NoteEditorScreen: Constructor complete
[2025-12-17 09:43:48.280] [INFO] NotesMenuScreen.OnItemActivated: Screen pushed successfully
[2025-12-17 09:50:38.898] [INFO] Event loop exited normally
[2025-12-17 09:50:38.899] [INFO] Cleanup - showing cursor and resetting terminal
