[2025-12-15 22:44:35.150] [INFO] Loading PMC module...
[2025-12-15 22:44:36.087] [INFO] PMC module loaded
[2025-12-15 22:44:36.090] [INFO] Loading dependencies (FieldSchemas, etc.)...
[2025-12-15 22:44:36.180] [INFO] Dependencies loaded
[2025-12-15 22:44:36.181] [INFO] Loading SpeedTUI framework...
[2025-12-15 22:44:36.402] [INFO] SpeedTUI framework loaded
[2025-12-15 22:44:36.403] [INFO] Loading PraxisVT...
[2025-12-15 22:44:36.405] [INFO] PraxisVT loaded
[2025-12-15 22:44:36.406] [INFO] Loading core dependencies...
[2025-12-15 22:44:36.437] [INFO] Core dependencies loaded
[2025-12-15 22:44:36.437] [INFO] Loading widget base classes...
[2025-12-15 22:44:36.467] [INFO] Widget base classes loaded
[2025-12-15 22:44:36.468] [INFO] Loading services...
[2025-12-15 22:44:36.560] [INFO] Services loaded
[2025-12-15 22:44:36.561] [INFO] Loading helpers...
[2025-12-15 22:44:37.235] [INFO] Helpers loaded
[2025-12-15 22:44:37.236] [INFO] Loading widgets...
[2025-12-15 22:44:37.523] [INFO] Widgets loaded
[2025-12-15 22:44:37.524] [INFO] Loading screen base class...
[2025-12-15 22:44:37.536] [INFO] Screen base class loaded
[2025-12-15 22:44:37.537] [INFO] Loading HelpViewScreen (needed by base classes)...
[2025-12-15 22:44:37.544] [INFO] HelpViewScreen loaded
[2025-12-15 22:44:37.545] [INFO] Loading base classes...
[2025-12-15 22:44:37.586] [INFO] Base classes loaded
[2025-12-15 22:44:37.587] [INFO] Loading ServiceContainer (needed by screens)...
[2025-12-15 22:44:37.591] [INFO] ServiceContainer loaded
[2025-12-15 22:44:37.592] [INFO] Loading remaining screens...
