[2025-12-17 08:53:56.615] [INFO] Loading PMC module...
[2025-12-17 08:53:57.370] [INFO] PMC module loaded
[2025-12-17 08:53:57.372] [INFO] Loading dependencies (FieldSchemas, etc.)...
[2025-12-17 08:53:57.442] [INFO] Dependencies loaded
[2025-12-17 08:53:57.443] [INFO] Loading SpeedTUI framework...
[2025-12-17 08:53:57.604] [INFO] SpeedTUI framework loaded
[2025-12-17 08:53:57.605] [INFO] Loading PraxisVT...
[2025-12-17 08:53:57.606] [INFO] PraxisVT loaded
[2025-12-17 08:53:57.606] [INFO] Loading core dependencies...
[2025-12-17 08:53:57.644] [INFO] Core dependencies loaded
[2025-12-17 08:53:57.645] [INFO] Loading widget base classes...
[2025-12-17 08:53:57.690] [INFO] Widget base classes loaded
[2025-12-17 08:53:57.691] [INFO] Loading services...
[2025-12-17 08:53:57.760] [INFO] Services loaded
[2025-12-17 08:53:57.767] [INFO] Loading helpers...
[2025-12-17 08:53:58.398] [INFO] Helpers loaded
[2025-12-17 08:53:58.399] [INFO] Loading widgets...
[2025-12-17 08:53:58.590] [INFO] Widgets loaded
[2025-12-17 08:53:58.591] [INFO] Loading screen base class...
[2025-12-17 08:53:58.599] [INFO] Screen base class loaded
[2025-12-17 08:53:58.600] [INFO] Loading HelpViewScreen (needed by base classes)...
[2025-12-17 08:53:58.604] [INFO] HelpViewScreen loaded
[2025-12-17 08:53:58.604] [INFO] Loading base classes...
[2025-12-17 08:53:58.695] [INFO] Base classes loaded
[2025-12-17 08:53:58.696] [INFO] Loading ServiceContainer (needed by screens)...
[2025-12-17 08:53:58.704] [INFO] ServiceContainer loaded
[2025-12-17 08:53:58.705] [INFO] Loading remaining screens...
[2025-12-17 08:53:58.796] [INFO] Remaining screens loaded
[2025-12-17 08:53:58.797] [INFO] Loading PmcApplication...
[2025-12-17 08:53:58.807] [INFO] PmcApplication loaded
[2025-12-17 08:53:58.808] [INFO] All components loaded successfully
[2025-12-17 08:53:58.821] [INFO] Starting PMC TUI with screen: TaskList
[2025-12-17 08:53:58.827] [INFO] Cleared stale PmcSharedMenuBar and MenuRegistry singleton
[2025-12-17 08:53:58.828] [INFO] Creating ServiceContainer...
[2025-12-17 08:53:58.836] [INFO] ServiceContainer created
[2025-12-17 08:53:58.837] [INFO] Registering Theme service...
[2025-12-17 08:53:58.851] ServiceContainer: Registered 'Theme' (singleton=True)
[2025-12-17 08:53:58.853] [INFO] Registering ThemeManager...
[2025-12-17 08:53:58.854] ServiceContainer: Registered 'ThemeManager' (singleton=True)
[2025-12-17 08:53:58.855] [INFO] Registering Config service...
[2025-12-17 08:53:58.856] ServiceContainer: Registered 'Config' (singleton=True)
[2025-12-17 08:53:58.857] [INFO] Registering TaskStore service...
[2025-12-17 08:53:58.857] ServiceContainer: Registered 'TaskStore' (singleton=True)
[2025-12-17 08:53:58.858] [INFO] Registering MenuRegistry service...
[2025-12-17 08:53:58.859] ServiceContainer: Registered 'MenuRegistry' (singleton=True)
[2025-12-17 08:53:58.864] [INFO] Registering Application service...
[2025-12-17 08:53:58.865] ServiceContainer: Registered 'Application' (singleton=True)
[2025-12-17 08:53:58.865] [INFO] Registering CommandService...
[2025-12-17 08:53:58.866] ServiceContainer: Registered 'CommandService' (singleton=True)
[2025-12-17 08:53:58.867] [INFO] Registering ChecklistService...
[2025-12-17 08:53:58.868] ServiceContainer: Registered 'ChecklistService' (singleton=True)
[2025-12-17 08:53:58.869] [INFO] Registering NoteService...
[2025-12-17 08:53:58.869] ServiceContainer: Registered 'NoteService' (singleton=True)
[2025-12-17 08:53:58.870] [INFO] Registering ExcelMappingService...
[2025-12-17 08:53:58.871] ServiceContainer: Registered 'ExcelMappingService' (singleton=True)
[2025-12-17 08:53:58.872] [INFO] Registering PreferencesService...
[2025-12-17 08:53:58.873] ServiceContainer: Registered 'PreferencesService' (singleton=True)
[2025-12-17 08:53:58.873] [INFO] Registering screen factories...
[2025-12-17 08:53:58.874] ServiceContainer: Registered 'TaskListScreen' (singleton=False)
[2025-12-17 08:53:58.875] [INFO] Resolving Application from container...
[2025-12-17 08:53:58.887] ServiceContainer: Resolving 'Application'...
[2025-12-17 08:53:58.888] [INFO] Resolving Application...
[2025-12-17 08:53:58.889] ServiceContainer: Resolving 'Theme'...
[2025-12-17 08:53:58.896] [INFO] Resolving Theme: Calling Initialize-PmcThemeSystem...
[2025-12-17 08:53:58.905] [INFO] Theme resolved: #33aaff
[2025-12-17 08:53:58.906] [INFO] Loading PmcThemeEngine...
[2025-12-17 08:53:58.965] [INFO] LoadFromConfig: Loaded Properties with 23 items
[2025-12-17 08:53:58.973] [INFO] PmcThemeEngine initialized with PMC palette (14 colors)
[2025-12-17 08:53:58.975] ServiceContainer: Resolved 'Theme' successfully
[2025-12-17 08:53:59.425] ServiceContainer: Resolving 'ThemeManager'...
[2025-12-17 08:53:59.426] [INFO] Resolving ThemeManager...
[2025-12-17 08:53:59.449] ServiceContainer: Resolved 'ThemeManager' successfully
[2025-12-17 08:53:59.457] ServiceContainer: Resolved 'Application' successfully
[2025-12-17 08:53:59.458] [INFO] Application resolved and assigned to $global:PmcApp
[2025-12-17 08:53:59.458] [INFO] Loading menus from manifest...
[2025-12-17 08:53:59.459] ServiceContainer: Resolving 'MenuRegistry'...
[2025-12-17 08:53:59.460] [INFO] Resolving MenuRegistry...
[2025-12-17 08:53:59.468] ServiceContainer: Resolved 'MenuRegistry' successfully
[2025-12-17 08:53:59.485] MenuRegistry: Loaded manifest with 24 entries
[2025-12-17 08:53:59.503] ServiceContainer: Registered 'ExcelImportScreen' (singleton=False)
[2025-12-17 08:53:59.504] MenuRegistry: Registered screen factory 'ExcelImportScreen' in container (viewMode=)
[2025-12-17 08:53:59.515] MenuRegistry: Registered 'Import from Excel' in 'Projects' menu (hotkey=I order=40)
[2025-12-17 08:53:59.517] ServiceContainer: Registered 'ExcelProfileManagerScreen' (singleton=False)
[2025-12-17 08:53:59.517] MenuRegistry: Registered screen factory 'ExcelProfileManagerScreen' in container (viewMode=)
[2025-12-17 08:53:59.518] MenuRegistry: Registered 'Excel Profiles' in 'Projects' menu (hotkey=M order=50)
[2025-12-17 08:53:59.519] ServiceContainer: Registered 'WeeklyTimeReportScreen' (singleton=False)
[2025-12-17 08:53:59.520] MenuRegistry: Registered screen factory 'WeeklyTimeReportScreen' in container (viewMode=)
[2025-12-17 08:53:59.520] MenuRegistry: Registered 'Weekly Report' in 'Time' menu (hotkey=W order=10)
[2025-12-17 08:53:59.523] ServiceContainer: Registered 'TaskListScreen_Agenda' (singleton=False)
[2025-12-17 08:53:59.523] MenuRegistry: Registered screen factory 'TaskListScreen_Agenda' in container (viewMode=agenda)
[2025-12-17 08:53:59.524] MenuRegistry: Registered 'Agenda View' in 'Tasks' menu (hotkey=A order=50)
[2025-12-17 08:53:59.525] ServiceContainer: Registered 'TaskListScreen_Week' (singleton=False)
[2025-12-17 08:53:59.526] MenuRegistry: Registered screen factory 'TaskListScreen_Week' in container (viewMode=week)
[2025-12-17 08:53:59.526] MenuRegistry: Registered 'Week View' in 'Tasks' menu (hotkey=W order=20)
[2025-12-17 08:53:59.528] ServiceContainer: Registered 'CommandLibraryScreen' (singleton=False)
[2025-12-17 08:53:59.528] MenuRegistry: Registered screen factory 'CommandLibraryScreen' in container (viewMode=)
[2025-12-17 08:53:59.529] MenuRegistry: Registered 'Command Library' in 'Tools' menu (hotkey=L order=10)
[2025-12-17 08:53:59.531] ServiceContainer: Registered 'TaskListScreen_Default' (singleton=False)
[2025-12-17 08:53:59.531] MenuRegistry: Registered screen factory 'TaskListScreen_Default' in container (viewMode=)
[2025-12-17 08:53:59.532] MenuRegistry: Registered 'Task List' in 'Tasks' menu (hotkey=L order=5)
[2025-12-17 08:53:59.534] ServiceContainer: Registered 'TaskListScreen_Month' (singleton=False)
[2025-12-17 08:53:59.535] MenuRegistry: Registered screen factory 'TaskListScreen_Month' in container (viewMode=month)
[2025-12-17 08:53:59.535] MenuRegistry: Registered 'Month View' in 'Tasks' menu (hotkey=M order=45)
[2025-12-17 08:53:59.537] ServiceContainer: Registered 'TimeReportScreen' (singleton=False)
[2025-12-17 08:53:59.537] MenuRegistry: Registered screen factory 'TimeReportScreen' in container (viewMode=)
[2025-12-17 08:53:59.538] MenuRegistry: Registered 'Time Report' in 'Time' menu (hotkey=R order=20)
[2025-12-17 08:53:59.540] ServiceContainer: Registered 'TaskListScreen_Today' (singleton=False)
[2025-12-17 08:53:59.540] MenuRegistry: Registered screen factory 'TaskListScreen_Today' in container (viewMode=today)
[2025-12-17 08:53:59.541] MenuRegistry: Registered 'Today' in 'Tasks' menu (hotkey=Y order=10)
[2025-12-17 08:53:59.543] ServiceContainer: Registered 'TaskListScreen_Upcoming' (singleton=False)
[2025-12-17 08:53:59.543] MenuRegistry: Registered screen factory 'TaskListScreen_Upcoming' in container (viewMode=upcoming)
[2025-12-17 08:53:59.547] MenuRegistry: Registered 'Upcoming' in 'Tasks' menu (hotkey=U order=25)
[2025-12-17 08:53:59.549] ServiceContainer: Registered 'TaskListScreen_Overdue' (singleton=False)
[2025-12-17 08:53:59.549] MenuRegistry: Registered screen factory 'TaskListScreen_Overdue' in container (viewMode=overdue)
[2025-12-17 08:53:59.550] MenuRegistry: Registered 'Overdue' in 'Tasks' menu (hotkey=O order=30)
[2025-12-17 08:53:59.551] ServiceContainer: Registered 'SettingsScreen' (singleton=False)
[2025-12-17 08:53:59.552] MenuRegistry: Registered screen factory 'SettingsScreen' in container (viewMode=)
[2025-12-17 08:53:59.552] MenuRegistry: Registered 'Settings' in 'Options' menu (hotkey=S order=20)
[2025-12-17 08:53:59.554] ServiceContainer: Registered 'TimeListScreen' (singleton=False)
[2025-12-17 08:53:59.554] MenuRegistry: Registered screen factory 'TimeListScreen' in container (viewMode=)
[2025-12-17 08:53:59.555] MenuRegistry: Registered 'Time Tracking' in 'Time' menu (hotkey=T order=5)
[2025-12-17 08:53:59.556] ServiceContainer: Registered 'KanbanScreenV2' (singleton=False)
[2025-12-17 08:53:59.557] MenuRegistry: Registered screen factory 'KanbanScreenV2' in container (viewMode=)
[2025-12-17 08:53:59.557] MenuRegistry: Registered 'Kanban Board' in 'Tasks' menu (hotkey=K order=55)
[2025-12-17 08:53:59.558] ServiceContainer: Registered 'ProjectListScreen' (singleton=False)
[2025-12-17 08:53:59.559] MenuRegistry: Registered screen factory 'ProjectListScreen' in container (viewMode=)
[2025-12-17 08:53:59.560] MenuRegistry: Registered 'Project List' in 'Projects' menu (hotkey=L order=10)
[2025-12-17 08:53:59.561] ServiceContainer: Registered 'ThemeEditorScreen' (singleton=False)
[2025-12-17 08:53:59.562] MenuRegistry: Registered screen factory 'ThemeEditorScreen' in container (viewMode=)
[2025-12-17 08:53:59.562] MenuRegistry: Registered 'Theme Editor' in 'Options' menu (hotkey=T order=10)
[2025-12-17 08:53:59.564] ServiceContainer: Registered 'TaskListScreen_NextActions' (singleton=False)
[2025-12-17 08:53:59.564] MenuRegistry: Registered screen factory 'TaskListScreen_NextActions' in container (viewMode=nextactions)
[2025-12-17 08:53:59.565] MenuRegistry: Registered 'Next Actions' in 'Tasks' menu (hotkey=N order=35)
[2025-12-17 08:53:59.566] ServiceContainer: Registered 'TaskListScreen_NoDate' (singleton=False)
[2025-12-17 08:53:59.567] MenuRegistry: Registered screen factory 'TaskListScreen_NoDate' in container (viewMode=noduedate)
[2025-12-17 08:53:59.568] MenuRegistry: Registered 'No Due Date' in 'Tasks' menu (hotkey=D order=40)
[2025-12-17 08:53:59.569] ServiceContainer: Registered 'ChecklistsLauncherScreen' (singleton=False)
[2025-12-17 08:53:59.569] MenuRegistry: Registered screen factory 'ChecklistsLauncherScreen' in container (viewMode=)
[2025-12-17 08:53:59.570] MenuRegistry: Registered 'Checklists' in 'Tools' menu (hotkey=C order=25)
[2025-12-17 08:53:59.571] ServiceContainer: Registered 'HelpViewScreen' (singleton=False)
[2025-12-17 08:53:59.572] MenuRegistry: Registered screen factory 'HelpViewScreen' in container (viewMode=)
[2025-12-17 08:53:59.573] MenuRegistry: Registered 'Help' in 'Help' menu (hotkey=H order=10)
[2025-12-17 08:53:59.574] ServiceContainer: Registered 'NotesMenuScreen' (singleton=False)
[2025-12-17 08:53:59.575] MenuRegistry: Registered screen factory 'NotesMenuScreen' in container (viewMode=)
[2025-12-17 08:53:59.576] MenuRegistry: Registered 'Notes' in 'Tools' menu (hotkey=N order=20)
[2025-12-17 08:53:59.577] ServiceContainer: Registered 'TaskListScreen_Tomorrow' (singleton=False)
[2025-12-17 08:53:59.578] MenuRegistry: Registered screen factory 'TaskListScreen_Tomorrow' in container (viewMode=tomorrow)
[2025-12-17 08:53:59.579] MenuRegistry: Registered 'Tomorrow' in 'Tasks' menu (hotkey=T order=15)
[2025-12-17 08:53:59.580] ServiceContainer: Registered 'ChecklistTemplatesFolderScreen' (singleton=False)
[2025-12-17 08:53:59.581] MenuRegistry: Registered screen factory 'ChecklistTemplatesFolderScreen' in container (viewMode=)
[2025-12-17 08:53:59.584] MenuRegistry: Registered 'Checklist Templates' in 'Tools' menu (hotkey=H order=30)
[2025-12-17 08:53:59.585] [INFO] Menus loaded from /home/teej/ztest/module/Pmc.Strict/consoleui/screens/MenuItems.psd1
[2025-12-17 08:53:59.585] [INFO] Launching screen: TaskList
[2025-12-17 08:53:59.586] [INFO] Resolving TaskListScreen from container...
[2025-12-17 08:53:59.587] ServiceContainer: Resolving 'TaskListScreen'...
[2025-12-17 08:53:59.589] [INFO] Resolving TaskListScreen...
[2025-12-17 08:53:59.589] ServiceContainer: Resolving 'TaskStore'...
[2025-12-17 08:53:59.591] [INFO] Resolving TaskStore...
[2025-12-17 08:53:59.776] ServiceContainer: Resolved 'TaskStore' successfully
[2025-12-17 08:54:00.198] _PopulateMenusFromRegistry: Menu 'Tasks' has 11 items from registry (array)
[2025-12-17 08:54:00.212] _PopulateMenusFromRegistry: Menu 'Projects' has 3 items from registry (array)
[2025-12-17 08:54:00.214] _PopulateMenusFromRegistry: Menu 'Tools' has 4 items from registry (array)
[2025-12-17 08:54:00.217] _PopulateMenusFromRegistry: Menu 'Help' has 1 items from registry (array)
[2025-12-17 08:54:00.226] _PopulateMenusFromRegistry: Menu 'Time' has 3 items from registry (array)
[2025-12-17 08:54:00.228] _PopulateMenusFromRegistry: Menu 'Options' has 2 items from registry (array)
[2025-12-17 08:54:00.230] ServiceContainer: Resolved 'TaskListScreen' successfully
[2025-12-17 08:54:00.231] [INFO] Pushing screen to app...
[2025-12-17 08:54:00.776] [INFO] Screen pushed successfully
[2025-12-17 08:54:00.777] [INFO] Starting event loop...
[2025-12-17 08:54:04.137] [INFO] TaskListScreen.EditItem called - item.id=f6d455a4-9e14-46c4-ba1a-4563c83b3b39
[2025-12-17 08:54:04.235] [INFO] TaskListScreen.EditItem: Setting OnConfirmed callback for taskId=f6d455a4-9e14-46c4-ba1a-4563c83b3b39
[2025-12-17 08:54:18.844] ServiceContainer: Resolving 'NotesMenuScreen'...
[2025-12-17 08:54:18.941] ServiceContainer: Resolved 'NotesMenuScreen' successfully
[2025-12-17 08:54:19.030] [INFO] NotesMenuScreen.LoadData: Loading notes for owner=global:
[2025-12-17 08:54:19.033] [INFO] NotesMenuScreen.LoadData: Getting all notes (global)
[2025-12-17 08:54:19.038] [INFO] NotesMenuScreen.LoadData: Loaded 2 notes
[2025-12-17 08:54:21.146] [INFO] NotesMenuScreen.OnItemActivated: Opening note 33d7d2dd-910f-4040-8972-d11b5200cd8a
[2025-12-17 08:54:21.173] [INFO] NoteEditorScreen: Constructor called for noteId=33d7d2dd-910f-4040-8972-d11b5200cd8a
[2025-12-17 08:54:21.220] [INFO] NoteEditorScreen: Constructor complete
[2025-12-17 08:54:21.337] [INFO] NotesMenuScreen.OnItemActivated: Screen pushed successfully
[2025-12-17 08:54:23.937] [INFO] NoteEditorScreen.HandleKeyPress: Key=A Char=a Modifiers=None
[2025-12-17 08:54:23.938] [INFO] NoteEditorScreen.HandleKeyPress: Ctrl pressed=None
[2025-12-17 08:54:24.778] [INFO] NoteEditorScreen.HandleKeyPress: Key=A Char=a Modifiers=None
[2025-12-17 08:54:24.781] [INFO] NoteEditorScreen.HandleKeyPress: Ctrl pressed=None
[2025-12-17 08:54:25.035] [INFO] NoteEditorScreen.HandleKeyPress: Key=S Char=s Modifiers=None
[2025-12-17 08:54:25.035] [INFO] NoteEditorScreen.HandleKeyPress: Ctrl pressed=None
[2025-12-17 08:54:25.283] [INFO] NoteEditorScreen.HandleKeyPress: Key=D Char=d Modifiers=None
[2025-12-17 08:54:25.283] [INFO] NoteEditorScreen.HandleKeyPress: Ctrl pressed=None
[2025-12-17 08:54:25.543] [INFO] NoteEditorScreen.HandleKeyPress: Key=A Char=a Modifiers=None
[2025-12-17 08:54:25.543] [INFO] NoteEditorScreen.HandleKeyPress: Ctrl pressed=None
[2025-12-17 08:54:25.544] [INFO] NoteEditorScreen.HandleKeyPress: Key=F Char=f Modifiers=None
[2025-12-17 08:54:25.544] [INFO] NoteEditorScreen.HandleKeyPress: Ctrl pressed=None
[2025-12-17 08:54:25.797] [INFO] NoteEditorScreen.HandleKeyPress: Key=D Char=d Modifiers=None
[2025-12-17 08:54:25.797] [INFO] NoteEditorScreen.HandleKeyPress: Ctrl pressed=None
[2025-12-17 08:54:25.798] [INFO] NoteEditorScreen.HandleKeyPress: Key=S Char=s Modifiers=None
[2025-12-17 08:54:25.800] [INFO] NoteEditorScreen.HandleKeyPress: Ctrl pressed=None
[2025-12-17 08:54:25.801] [INFO] NoteEditorScreen.HandleKeyPress: Key=F Char=f Modifiers=None
[2025-12-17 08:54:25.801] [INFO] NoteEditorScreen.HandleKeyPress: Ctrl pressed=None
[2025-12-17 08:54:26.946] [INFO] NoteEditorScreen.HandleKeyPress: Key=Spacebar Char=  Modifiers=None
[2025-12-17 08:54:26.947] [INFO] NoteEditorScreen.HandleKeyPress: Ctrl pressed=None
[2025-12-17 08:54:27.756] [INFO] NoteEditorScreen.HandleKeyPress: Key=Enter Char= Modifiers=None
[2025-12-17 08:54:27.757] [INFO] NoteEditorScreen.HandleKeyPress: Ctrl pressed=None
[2025-12-17 08:54:28.563] [INFO] NoteEditorScreen.HandleKeyPress: Key=A Char=a Modifiers=None
[2025-12-17 08:54:28.564] [INFO] NoteEditorScreen.HandleKeyPress: Ctrl pressed=None
[2025-12-17 08:54:28.821] [INFO] NoteEditorScreen.HandleKeyPress: Key=D Char=d Modifiers=None
[2025-12-17 08:54:28.822] [INFO] NoteEditorScreen.HandleKeyPress: Ctrl pressed=None
[2025-12-17 08:54:28.823] [INFO] NoteEditorScreen.HandleKeyPress: Key=F Char=f Modifiers=None
[2025-12-17 08:54:28.823] [INFO] NoteEditorScreen.HandleKeyPress: Ctrl pressed=None
[2025-12-17 08:54:28.824] [INFO] NoteEditorScreen.HandleKeyPress: Key=G Char=g Modifiers=None
[2025-12-17 08:54:28.826] [INFO] NoteEditorScreen.HandleKeyPress: Ctrl pressed=None
[2025-12-17 08:54:29.065] [INFO] NoteEditorScreen.HandleKeyPress: Key=D Char=d Modifiers=None
[2025-12-17 08:54:29.066] [INFO] NoteEditorScreen.HandleKeyPress: Ctrl pressed=None
[2025-12-17 08:54:29.067] [INFO] NoteEditorScreen.HandleKeyPress: Key=S Char=s Modifiers=None
[2025-12-17 08:54:29.067] [INFO] NoteEditorScreen.HandleKeyPress: Ctrl pressed=None
[2025-12-17 08:54:29.068] [INFO] NoteEditorScreen.HandleKeyPress: Key=F Char=f Modifiers=None
[2025-12-17 08:54:29.068] [INFO] NoteEditorScreen.HandleKeyPress: Ctrl pressed=None
[2025-12-17 08:54:29.308] [INFO] NoteEditorScreen.HandleKeyPress: Key=G Char=g Modifiers=None
[2025-12-17 08:54:29.308] [INFO] NoteEditorScreen.HandleKeyPress: Ctrl pressed=None
[2025-12-17 08:54:29.309] [INFO] NoteEditorScreen.HandleKeyPress: Key=S Char=s Modifiers=None
[2025-12-17 08:54:29.310] [INFO] NoteEditorScreen.HandleKeyPress: Ctrl pressed=None
[2025-12-17 08:54:29.310] [INFO] NoteEditorScreen.HandleKeyPress: Key=D Char=d Modifiers=None
[2025-12-17 08:54:29.311] [INFO] NoteEditorScreen.HandleKeyPress: Ctrl pressed=None
[2025-12-17 08:54:29.312] [INFO] NoteEditorScreen.HandleKeyPress: Key=G Char=g Modifiers=None
[2025-12-17 08:54:29.312] [INFO] NoteEditorScreen.HandleKeyPress: Ctrl pressed=None
[2025-12-17 08:54:29.554] [INFO] NoteEditorScreen.HandleKeyPress: Key=G Char=g Modifiers=None
[2025-12-17 08:54:29.554] [INFO] NoteEditorScreen.HandleKeyPress: Ctrl pressed=None
[2025-12-17 08:54:29.555] [INFO] NoteEditorScreen.HandleKeyPress: Key=H Char=h Modifiers=None
[2025-12-17 08:54:29.555] [INFO] NoteEditorScreen.HandleKeyPress: Ctrl pressed=None
[2025-12-17 08:54:30.193] [INFO] NoteEditorScreen.HandleKeyPress: Key=L Char=l Modifiers=None
[2025-12-17 08:54:30.194] [INFO] NoteEditorScreen.HandleKeyPress: Ctrl pressed=None
[2025-12-17 08:54:30.196] [INFO] NoteEditorScreen.HandleKeyPress: Key=K Char=k Modifiers=None
[2025-12-17 08:54:30.197] [INFO] NoteEditorScreen.HandleKeyPress: Ctrl pressed=None
[2025-12-17 08:54:30.456] [INFO] NoteEditorScreen.HandleKeyPress: Key=A Char=a Modifiers=None
[2025-12-17 08:54:30.457] [INFO] NoteEditorScreen.HandleKeyPress: Ctrl pressed=None
[2025-12-17 08:54:30.458] [INFO] NoteEditorScreen.HandleKeyPress: Key=S Char=s Modifiers=None
[2025-12-17 08:54:30.459] [INFO] NoteEditorScreen.HandleKeyPress: Ctrl pressed=None
[2025-12-17 08:54:30.460] [INFO] NoteEditorScreen.HandleKeyPress: Key=D Char=d Modifiers=None
[2025-12-17 08:54:30.460] [INFO] NoteEditorScreen.HandleKeyPress: Ctrl pressed=None
[2025-12-17 08:54:30.461] [INFO] NoteEditorScreen.HandleKeyPress: Key=N Char=n Modifiers=None
[2025-12-17 08:54:30.461] [INFO] NoteEditorScreen.HandleKeyPress: Ctrl pressed=None
[2025-12-17 08:54:30.708] [INFO] NoteEditorScreen.HandleKeyPress: Key=L Char=l Modifiers=None
[2025-12-17 08:54:30.709] [INFO] NoteEditorScreen.HandleKeyPress: Ctrl pressed=None
[2025-12-17 08:54:30.710] [INFO] NoteEditorScreen.HandleKeyPress: Key=A Char=a Modifiers=None
[2025-12-17 08:54:30.711] [INFO] NoteEditorScreen.HandleKeyPress: Ctrl pressed=None
[2025-12-17 08:54:30.712] [INFO] NoteEditorScreen.HandleKeyPress: Key=S Char=s Modifiers=None
[2025-12-17 08:54:30.713] [INFO] NoteEditorScreen.HandleKeyPress: Ctrl pressed=None
[2025-12-17 08:54:30.714] [INFO] NoteEditorScreen.HandleKeyPress: Key=D Char=d Modifiers=None
[2025-12-17 08:54:30.715] [INFO] NoteEditorScreen.HandleKeyPress: Ctrl pressed=None
[2025-12-17 08:54:30.719] [INFO] NoteEditorScreen.HandleKeyPress: Key=K Char=k Modifiers=None
[2025-12-17 08:54:30.719] [INFO] NoteEditorScreen.HandleKeyPress: Ctrl pressed=None
[2025-12-17 08:54:30.981] [INFO] NoteEditorScreen.HandleKeyPress: Key=J Char=j Modifiers=None
[2025-12-17 08:54:30.983] [INFO] NoteEditorScreen.HandleKeyPress: Ctrl pressed=None
[2025-12-17 08:54:43.483] [INFO] NoteEditorScreen.HandleKeyPress: Key=Escape Char= Modifiers=None
[2025-12-17 08:54:43.484] [INFO] NoteEditorScreen.HandleKeyPress: Ctrl pressed=None
[2025-12-17 08:54:43.506] [ERROR] NoteEditorScreen.SaveNote: Error - A parameter cannot be found that matches parameter name 'Encoding'.
[2025-12-17 08:54:48.295] [INFO] NoteEditorScreen.HandleKeyPress: Key=Escape Char= Modifiers=None
[2025-12-17 08:54:48.296] [INFO] NoteEditorScreen.HandleKeyPress: Ctrl pressed=None
[2025-12-17 08:54:48.300] [ERROR] NoteEditorScreen.SaveNote: Error - A parameter cannot be found that matches parameter name 'Encoding'.
[2025-12-17 08:54:50.569] [INFO] NoteEditorScreen.HandleKeyPress: Key=DownArrow Char=  Modifiers=None
[2025-12-17 08:54:50.571] [INFO] NoteEditorScreen.HandleKeyPress: Ctrl pressed=None
[2025-12-17 08:54:51.523] [INFO] NoteEditorScreen.HandleKeyPress: Key=UpArrow Char=  Modifiers=None
[2025-12-17 08:54:51.524] [INFO] NoteEditorScreen.HandleKeyPress: Ctrl pressed=None
[2025-12-17 08:54:51.841] [INFO] NoteEditorScreen.HandleKeyPress: Key=DownArrow Char=  Modifiers=None
[2025-12-17 08:54:51.842] [INFO] NoteEditorScreen.HandleKeyPress: Ctrl pressed=None
[2025-12-17 08:54:53.030] [INFO] NoteEditorScreen.HandleKeyPress: Key=UpArrow Char=  Modifiers=None
[2025-12-17 08:54:53.031] [INFO] NoteEditorScreen.HandleKeyPress: Ctrl pressed=None
[2025-12-17 08:54:54.197] [INFO] NoteEditorScreen.HandleKeyPress: Key=Escape Char= Modifiers=None
[2025-12-17 08:54:54.197] [INFO] NoteEditorScreen.HandleKeyPress: Ctrl pressed=None
[2025-12-17 08:54:54.201] [ERROR] NoteEditorScreen.SaveNote: Error - A parameter cannot be found that matches parameter name 'Encoding'.
[2025-12-17 08:54:57.122] [INFO] NoteEditorScreen.HandleKeyPress: Key=Escape Char= Modifiers=None
[2025-12-17 08:54:57.123] [INFO] NoteEditorScreen.HandleKeyPress: Ctrl pressed=None
[2025-12-17 08:54:57.126] [ERROR] NoteEditorScreen.SaveNote: Error - A parameter cannot be found that matches parameter name 'Encoding'.
[2025-12-17 08:54:59.202] [INFO] Event loop exited normally
[2025-12-17 08:54:59.202] [INFO] Cleanup - showing cursor and resetting terminal
