[2025-12-17 13:48:34.408] [INFO] Loading PMC module...
[2025-12-17 13:48:35.653] [INFO] PMC module loaded
[2025-12-17 13:48:35.655] [INFO] Loading dependencies (FieldSchemas, etc.)...
[2025-12-17 13:48:35.763] [INFO] Dependencies loaded
[2025-12-17 13:48:35.764] [INFO] Loading SpeedTUI framework...
[2025-12-17 13:48:36.042] [INFO] SpeedTUI framework loaded
[2025-12-17 13:48:36.043] [INFO] Loading PraxisVT...
[2025-12-17 13:48:36.045] [INFO] PraxisVT loaded
[2025-12-17 13:48:36.046] [INFO] Loading core dependencies...
[2025-12-17 13:48:36.097] [INFO] Core dependencies loaded
[2025-12-17 13:48:36.098] [INFO] Loading widget base classes...
[2025-12-17 13:48:36.175] [INFO] Widget base classes loaded
[2025-12-17 13:48:36.176] [INFO] Loading services...
[2025-12-17 13:48:36.284] [INFO] Services loaded
[2025-12-17 13:48:36.296] [INFO] Loading helpers...
[2025-12-17 13:48:37.276] [INFO] Helpers loaded
[2025-12-17 13:48:37.277] [INFO] Loading widgets...
[2025-12-17 13:48:37.669] [INFO] Widgets loaded
[2025-12-17 13:48:37.670] [INFO] Loading screen base class...
[2025-12-17 13:48:37.695] [INFO] Screen base class loaded
[2025-12-17 13:48:37.696] [INFO] Loading HelpViewScreen (needed by base classes)...
[2025-12-17 13:48:37.705] [INFO] HelpViewScreen loaded
[2025-12-17 13:48:37.706] [INFO] Loading base classes...
[2025-12-17 13:48:37.789] [INFO] Base classes loaded
[2025-12-17 13:48:37.791] [INFO] Loading ServiceContainer (needed by screens)...
[2025-12-17 13:48:37.798] [INFO] ServiceContainer loaded
[2025-12-17 13:48:37.800] [INFO] Loading remaining screens...
[2025-12-17 13:48:37.946] [INFO] Remaining screens loaded
[2025-12-17 13:48:37.948] [INFO] Loading PmcApplication...
[2025-12-17 13:48:37.971] [INFO] PmcApplication loaded
[2025-12-17 13:48:37.972] [INFO] All components loaded successfully
[2025-12-17 13:48:37.994] [INFO] Starting PMC TUI with screen: TaskList
[2025-12-17 13:48:38.003] [INFO] Cleared stale PmcSharedMenuBar and MenuRegistry singleton
[2025-12-17 13:48:38.005] [INFO] Creating ServiceContainer...
[2025-12-17 13:48:38.018] [INFO] ServiceContainer created
[2025-12-17 13:48:38.019] [INFO] Registering Theme service...
[2025-12-17 13:48:38.042] ServiceContainer: Registered 'Theme' (singleton=True)
[2025-12-17 13:48:38.046] [INFO] Registering ThemeManager...
[2025-12-17 13:48:38.047] ServiceContainer: Registered 'ThemeManager' (singleton=True)
[2025-12-17 13:48:38.048] [INFO] Registering Config service...
[2025-12-17 13:48:38.049] ServiceContainer: Registered 'Config' (singleton=True)
[2025-12-17 13:48:38.051] [INFO] Registering TaskStore service...
[2025-12-17 13:48:38.052] ServiceContainer: Registered 'TaskStore' (singleton=True)
[2025-12-17 13:48:38.053] [INFO] Registering MenuRegistry service...
[2025-12-17 13:48:38.054] ServiceContainer: Registered 'MenuRegistry' (singleton=True)
[2025-12-17 13:48:38.055] [INFO] Registering Application service...
[2025-12-17 13:48:38.056] ServiceContainer: Registered 'Application' (singleton=True)
[2025-12-17 13:48:38.057] [INFO] Registering CommandService...
[2025-12-17 13:48:38.058] ServiceContainer: Registered 'CommandService' (singleton=True)
[2025-12-17 13:48:38.059] [INFO] Registering ChecklistService...
[2025-12-17 13:48:38.066] ServiceContainer: Registered 'ChecklistService' (singleton=True)
[2025-12-17 13:48:38.068] [INFO] Registering NoteService...
[2025-12-17 13:48:38.069] ServiceContainer: Registered 'NoteService' (singleton=True)
[2025-12-17 13:48:38.070] [INFO] Registering ExcelMappingService...
[2025-12-17 13:48:38.071] ServiceContainer: Registered 'ExcelMappingService' (singleton=True)
[2025-12-17 13:48:38.072] [INFO] Registering PreferencesService...
[2025-12-17 13:48:38.073] ServiceContainer: Registered 'PreferencesService' (singleton=True)
[2025-12-17 13:48:38.074] [INFO] Registering screen factories...
[2025-12-17 13:48:38.075] ServiceContainer: Registered 'TaskListScreen' (singleton=False)
[2025-12-17 13:48:38.076] [INFO] Resolving Application from container...
[2025-12-17 13:48:38.099] ServiceContainer: Resolving 'Application'...
[2025-12-17 13:48:38.103] [INFO] Resolving Application...
[2025-12-17 13:48:38.105] ServiceContainer: Resolving 'Theme'...
[2025-12-17 13:48:38.121] [INFO] Resolving Theme: Calling Initialize-PmcThemeSystem...
[2025-12-17 13:48:38.144] [INFO] Theme resolved: #33aaff
[2025-12-17 13:48:38.146] [INFO] Loading PmcThemeEngine...
[2025-12-17 13:48:38.259] [INFO] LoadFromConfig: Loaded Properties with 23 items
[2025-12-17 13:48:38.286] [INFO] PmcThemeEngine initialized with PMC palette (14 colors)
[2025-12-17 13:48:38.292] ServiceContainer: Resolved 'Theme' successfully
[2025-12-17 13:48:39.162] ServiceContainer: Resolving 'ThemeManager'...
[2025-12-17 13:48:39.164] [INFO] Resolving ThemeManager...
[2025-12-17 13:48:39.209] ServiceContainer: Resolved 'ThemeManager' successfully
[2025-12-17 13:48:39.222] ServiceContainer: Resolved 'Application' successfully
[2025-12-17 13:48:39.224] [INFO] Application resolved and assigned to $global:PmcApp
[2025-12-17 13:48:39.225] [INFO] Loading menus from manifest...
[2025-12-17 13:48:39.226] ServiceContainer: Resolving 'MenuRegistry'...
[2025-12-17 13:48:39.228] [INFO] Resolving MenuRegistry...
[2025-12-17 13:48:39.243] ServiceContainer: Resolved 'MenuRegistry' successfully
[2025-12-17 13:48:39.266] MenuRegistry: Loaded manifest with 24 entries
[2025-12-17 13:48:39.300] ServiceContainer: Registered 'TaskListScreen_NoDate' (singleton=False)
[2025-12-17 13:48:39.301] MenuRegistry: Registered screen factory 'TaskListScreen_NoDate' in container (viewMode=noduedate)
[2025-12-17 13:48:39.321] MenuRegistry: Registered 'No Due Date' in 'Tasks' menu (hotkey=D order=40)
[2025-12-17 13:48:39.324] ServiceContainer: Registered 'ChecklistTemplatesFolderScreen' (singleton=False)
[2025-12-17 13:48:39.326] MenuRegistry: Registered screen factory 'ChecklistTemplatesFolderScreen' in container (viewMode=)
[2025-12-17 13:48:39.329] MenuRegistry: Registered 'Checklist Templates' in 'Tools' menu (hotkey=H order=30)
[2025-12-17 13:48:39.331] ServiceContainer: Registered 'TaskListScreen_Agenda' (singleton=False)
[2025-12-17 13:48:39.332] MenuRegistry: Registered screen factory 'TaskListScreen_Agenda' in container (viewMode=agenda)
[2025-12-17 13:48:39.334] MenuRegistry: Registered 'Agenda View' in 'Tasks' menu (hotkey=A order=50)
[2025-12-17 13:48:39.336] ServiceContainer: Registered 'TaskListScreen_Tomorrow' (singleton=False)
[2025-12-17 13:48:39.337] MenuRegistry: Registered screen factory 'TaskListScreen_Tomorrow' in container (viewMode=tomorrow)
[2025-12-17 13:48:39.339] MenuRegistry: Registered 'Tomorrow' in 'Tasks' menu (hotkey=T order=15)
[2025-12-17 13:48:39.341] ServiceContainer: Registered 'KanbanScreenV2' (singleton=False)
[2025-12-17 13:48:39.343] MenuRegistry: Registered screen factory 'KanbanScreenV2' in container (viewMode=)
[2025-12-17 13:48:39.351] MenuRegistry: Registered 'Kanban Board' in 'Tasks' menu (hotkey=K order=55)
[2025-12-17 13:48:39.353] ServiceContainer: Registered 'ChecklistsLauncherScreen' (singleton=False)
[2025-12-17 13:48:39.354] MenuRegistry: Registered screen factory 'ChecklistsLauncherScreen' in container (viewMode=)
[2025-12-17 13:48:39.355] MenuRegistry: Registered 'Checklists' in 'Tools' menu (hotkey=C order=25)
[2025-12-17 13:48:39.357] ServiceContainer: Registered 'TimeReportScreen' (singleton=False)
[2025-12-17 13:48:39.358] MenuRegistry: Registered screen factory 'TimeReportScreen' in container (viewMode=)
[2025-12-17 13:48:39.359] MenuRegistry: Registered 'Time Report' in 'Time' menu (hotkey=R order=20)
[2025-12-17 13:48:39.360] ServiceContainer: Registered 'TaskListScreen_Overdue' (singleton=False)
[2025-12-17 13:48:39.361] MenuRegistry: Registered screen factory 'TaskListScreen_Overdue' in container (viewMode=overdue)
[2025-12-17 13:48:39.362] MenuRegistry: Registered 'Overdue' in 'Tasks' menu (hotkey=O order=30)
[2025-12-17 13:48:39.364] ServiceContainer: Registered 'ExcelProfileManagerScreen' (singleton=False)
[2025-12-17 13:48:39.365] MenuRegistry: Registered screen factory 'ExcelProfileManagerScreen' in container (viewMode=)
[2025-12-17 13:48:39.366] MenuRegistry: Registered 'Excel Profiles' in 'Projects' menu (hotkey=M order=50)
[2025-12-17 13:48:39.368] ServiceContainer: Registered 'TaskListScreen_Upcoming' (singleton=False)
[2025-12-17 13:48:39.369] MenuRegistry: Registered screen factory 'TaskListScreen_Upcoming' in container (viewMode=upcoming)
[2025-12-17 13:48:39.370] MenuRegistry: Registered 'Upcoming' in 'Tasks' menu (hotkey=U order=25)
[2025-12-17 13:48:39.372] ServiceContainer: Registered 'TaskListScreen_Week' (singleton=False)
[2025-12-17 13:48:39.373] MenuRegistry: Registered screen factory 'TaskListScreen_Week' in container (viewMode=week)
[2025-12-17 13:48:39.374] MenuRegistry: Registered 'Week View' in 'Tasks' menu (hotkey=W order=20)
[2025-12-17 13:48:39.375] ServiceContainer: Registered 'ThemeEditorScreen' (singleton=False)
[2025-12-17 13:48:39.376] MenuRegistry: Registered screen factory 'ThemeEditorScreen' in container (viewMode=)
[2025-12-17 13:48:39.377] MenuRegistry: Registered 'Theme Editor' in 'Options' menu (hotkey=T order=10)
[2025-12-17 13:48:39.379] ServiceContainer: Registered 'ProjectListScreen' (singleton=False)
[2025-12-17 13:48:39.380] MenuRegistry: Registered screen factory 'ProjectListScreen' in container (viewMode=)
[2025-12-17 13:48:39.382] MenuRegistry: Registered 'Project List' in 'Projects' menu (hotkey=L order=10)
[2025-12-17 13:48:39.384] ServiceContainer: Registered 'TaskListScreen_Month' (singleton=False)
[2025-12-17 13:48:39.385] MenuRegistry: Registered screen factory 'TaskListScreen_Month' in container (viewMode=month)
[2025-12-17 13:48:39.386] MenuRegistry: Registered 'Month View' in 'Tasks' menu (hotkey=M order=45)
[2025-12-17 13:48:39.388] ServiceContainer: Registered 'SettingsScreen' (singleton=False)
[2025-12-17 13:48:39.389] MenuRegistry: Registered screen factory 'SettingsScreen' in container (viewMode=)
[2025-12-17 13:48:39.391] MenuRegistry: Registered 'Settings' in 'Options' menu (hotkey=S order=20)
[2025-12-17 13:48:39.393] ServiceContainer: Registered 'TaskListScreen_Default' (singleton=False)
[2025-12-17 13:48:39.394] MenuRegistry: Registered screen factory 'TaskListScreen_Default' in container (viewMode=)
[2025-12-17 13:48:39.395] MenuRegistry: Registered 'Task List' in 'Tasks' menu (hotkey=L order=5)
[2025-12-17 13:48:39.397] ServiceContainer: Registered 'TaskListScreen_Today' (singleton=False)
[2025-12-17 13:48:39.398] MenuRegistry: Registered screen factory 'TaskListScreen_Today' in container (viewMode=today)
[2025-12-17 13:48:39.400] MenuRegistry: Registered 'Today' in 'Tasks' menu (hotkey=Y order=10)
[2025-12-17 13:48:39.401] ServiceContainer: Registered 'NotesMenuScreen' (singleton=False)
[2025-12-17 13:48:39.403] MenuRegistry: Registered screen factory 'NotesMenuScreen' in container (viewMode=)
[2025-12-17 13:48:39.404] MenuRegistry: Registered 'Notes' in 'Tools' menu (hotkey=N order=20)
[2025-12-17 13:48:39.410] ServiceContainer: Registered 'TimeListScreen' (singleton=False)
[2025-12-17 13:48:39.411] MenuRegistry: Registered screen factory 'TimeListScreen' in container (viewMode=)
[2025-12-17 13:48:39.413] MenuRegistry: Registered 'Time Tracking' in 'Time' menu (hotkey=T order=5)
[2025-12-17 13:48:39.415] ServiceContainer: Registered 'TaskListScreen_NextActions' (singleton=False)
[2025-12-17 13:48:39.416] MenuRegistry: Registered screen factory 'TaskListScreen_NextActions' in container (viewMode=nextactions)
[2025-12-17 13:48:39.417] MenuRegistry: Registered 'Next Actions' in 'Tasks' menu (hotkey=N order=35)
[2025-12-17 13:48:39.420] ServiceContainer: Registered 'WeeklyTimeReportScreen' (singleton=False)
[2025-12-17 13:48:39.421] MenuRegistry: Registered screen factory 'WeeklyTimeReportScreen' in container (viewMode=)
[2025-12-17 13:48:39.423] MenuRegistry: Registered 'Weekly Report' in 'Time' menu (hotkey=W order=10)
[2025-12-17 13:48:39.425] ServiceContainer: Registered 'ExcelImportScreen' (singleton=False)
[2025-12-17 13:48:39.427] MenuRegistry: Registered screen factory 'ExcelImportScreen' in container (viewMode=)
[2025-12-17 13:48:39.428] MenuRegistry: Registered 'Import from Excel' in 'Projects' menu (hotkey=I order=40)
[2025-12-17 13:48:39.431] ServiceContainer: Registered 'CommandLibraryScreen' (singleton=False)
[2025-12-17 13:48:39.432] MenuRegistry: Registered screen factory 'CommandLibraryScreen' in container (viewMode=)
[2025-12-17 13:48:39.434] MenuRegistry: Registered 'Command Library' in 'Tools' menu (hotkey=L order=10)
[2025-12-17 13:48:39.437] ServiceContainer: Registered 'HelpViewScreen' (singleton=False)
[2025-12-17 13:48:39.438] MenuRegistry: Registered screen factory 'HelpViewScreen' in container (viewMode=)
[2025-12-17 13:48:39.440] MenuRegistry: Registered 'Help' in 'Help' menu (hotkey=H order=10)
[2025-12-17 13:48:39.442] [INFO] Menus loaded from /home/teej/ztest/module/Pmc.Strict/consoleui/screens/MenuItems.psd1
[2025-12-17 13:48:39.443] [INFO] Launching screen: TaskList
[2025-12-17 13:48:39.445] [INFO] Resolving TaskListScreen from container...
[2025-12-17 13:48:39.446] ServiceContainer: Resolving 'TaskListScreen'...
[2025-12-17 13:48:39.449] [INFO] Resolving TaskListScreen...
[2025-12-17 13:48:39.450] ServiceContainer: Resolving 'TaskStore'...
[2025-12-17 13:48:39.453] [INFO] Resolving TaskStore...
[2025-12-17 13:48:39.779] ServiceContainer: Resolved 'TaskStore' successfully
[2025-12-17 13:48:40.540] _PopulateMenusFromRegistry: Menu 'Tools' has 4 items from registry (array)
[2025-12-17 13:48:40.566] _PopulateMenusFromRegistry: Menu 'Tasks' has 11 items from registry (array)
[2025-12-17 13:48:40.570] _PopulateMenusFromRegistry: Menu 'Time' has 3 items from registry (array)
[2025-12-17 13:48:40.574] _PopulateMenusFromRegistry: Menu 'Options' has 2 items from registry (array)
[2025-12-17 13:48:40.578] _PopulateMenusFromRegistry: Menu 'Help' has 1 items from registry (array)
[2025-12-17 13:48:40.582] _PopulateMenusFromRegistry: Menu 'Projects' has 3 items from registry (array)
[2025-12-17 13:48:40.585] ServiceContainer: Resolved 'TaskListScreen' successfully
[2025-12-17 13:48:40.586] [INFO] Pushing screen to app...
[2025-12-17 13:48:41.513] [INFO] Screen pushed successfully
[2025-12-17 13:48:41.514] [INFO] Starting event loop...
[2025-12-17 13:48:49.852] ServiceContainer: Resolving 'NotesMenuScreen'...
[2025-12-17 13:48:50.027] ServiceContainer: Resolved 'NotesMenuScreen' successfully
[2025-12-17 13:48:50.255] [INFO] NotesMenuScreen.LoadData: Loading notes for owner=global:
[2025-12-17 13:48:50.256] [INFO] NotesMenuScreen.LoadData: Getting all notes (global)
[2025-12-17 13:48:50.269] [INFO] NotesMenuScreen.LoadData: Loaded 19 notes
[2025-12-17 13:48:58.696] [INFO] NotesMenuScreen.OnItemActivated: Opening note a272d1c3-b0db-4ad0-98bc-be6704fc78f1
[2025-12-17 13:48:58.739] [INFO] NoteEditorScreen: Constructor called for noteId=a272d1c3-b0db-4ad0-98bc-be6704fc78f1
[2025-12-17 13:48:58.817] [INFO] NoteEditorScreen: Constructor complete
[2025-12-17 13:48:58.930] [INFO] NoteEditorScreen.Initialize: Called with renderEngine and container
[2025-12-17 13:48:58.968] [INFO] NoteEditorScreen.Initialize: Complete
[2025-12-17 13:48:59.044] [INFO] NotesMenuScreen.OnItemActivated: Screen pushed successfully
[2025-12-17 13:49:01.168] [INFO] NoteEditorScreen.HandleKeyPress: Key=A Char=a Modifiers=None
[2025-12-17 13:49:01.169] [INFO] NoteEditorScreen.HandleKeyPress: Ctrl pressed=None
[2025-12-17 13:49:03.390] [INFO] NoteEditorScreen.HandleKeyPress: Key=A Char=a Modifiers=None
[2025-12-17 13:49:03.391] [INFO] NoteEditorScreen.HandleKeyPress: Ctrl pressed=None
[2025-12-17 13:49:03.898] [INFO] NoteEditorScreen.HandleKeyPress: Key=A Char=a Modifiers=None
[2025-12-17 13:49:03.899] [INFO] NoteEditorScreen.HandleKeyPress: Ctrl pressed=None
[2025-12-17 13:49:11.834] [INFO] Event loop exited normally
[2025-12-17 13:49:11.835] [INFO] Cleanup - showing cursor and resetting terminal
