[2025-12-18 10:05:20.574] [INFO] Loading PMC module...
[2025-12-18 10:05:22.000] [INFO] PMC module loaded
[2025-12-18 10:05:22.002] [INFO] Loading dependencies (FieldSchemas, etc.)...
[2025-12-18 10:05:22.197] [INFO] Dependencies loaded
[2025-12-18 10:05:22.200] [INFO] Loading SpeedTUI framework...
[2025-12-18 10:05:23.796] [INFO] SpeedTUI framework loaded
[2025-12-18 10:05:23.797] [INFO] Loading PraxisVT...
[2025-12-18 10:05:23.799] [INFO] PraxisVT loaded
[2025-12-18 10:05:23.800] [INFO] Loading core dependencies...
[2025-12-18 10:05:23.830] [INFO] Core dependencies loaded
[2025-12-18 10:05:23.831] [INFO] Loading widget base classes...
[2025-12-18 10:05:23.870] [INFO] Widget base classes loaded
[2025-12-18 10:05:23.871] [INFO] Loading services...
[2025-12-18 10:05:24.002] [INFO] Services loaded
[2025-12-18 10:05:24.003] [INFO] Loading helpers...
[2025-12-18 10:05:24.149] [INFO] Helpers loaded
[2025-12-18 10:05:24.150] [INFO] Loading widgets...
[2025-12-18 10:05:24.425] [INFO] Widgets loaded
[2025-12-18 10:05:24.426] [INFO] Loading screen base class...
[2025-12-18 10:05:24.435] [INFO] Screen base class loaded
[2025-12-18 10:05:24.436] [INFO] Loading HelpViewScreen (needed by base classes)...
[2025-12-18 10:05:24.441] [INFO] HelpViewScreen loaded
[2025-12-18 10:05:24.442] [INFO] Loading base classes...
[2025-12-18 10:05:24.493] [INFO] Base classes loaded
[2025-12-18 10:05:24.494] [INFO] Loading ServiceContainer (needed by screens)...
[2025-12-18 10:05:24.498] [INFO] ServiceContainer loaded
[2025-12-18 10:05:24.499] [INFO] Loading remaining screens...
[2025-12-18 10:05:24.568] [INFO] Remaining screens loaded
[2025-12-18 10:05:24.569] [INFO] Loading PmcApplication...
[2025-12-18 10:05:24.580] [INFO] PmcApplication loaded
[2025-12-18 10:05:24.581] [INFO] All components loaded successfully
[2025-12-18 10:05:24.596] [INFO] Starting PMC TUI with screen: TaskList
[2025-12-18 10:05:24.602] [INFO] Cleared stale PmcSharedMenuBar and MenuRegistry singleton
[2025-12-18 10:05:24.604] [INFO] Creating ServiceContainer...
[2025-12-18 10:05:24.615] [INFO] ServiceContainer created
[2025-12-18 10:05:24.617] [INFO] Registering Theme service...
[2025-12-18 10:05:24.633] ServiceContainer: Registered 'Theme' (singleton=True)
[2025-12-18 10:05:24.643] [INFO] Registering ThemeManager...
[2025-12-18 10:05:24.644] ServiceContainer: Registered 'ThemeManager' (singleton=True)
[2025-12-18 10:05:24.645] [INFO] Registering Config service...
[2025-12-18 10:05:24.645] ServiceContainer: Registered 'Config' (singleton=True)
[2025-12-18 10:05:24.646] [INFO] Registering TaskStore service...
[2025-12-18 10:05:24.647] ServiceContainer: Registered 'TaskStore' (singleton=True)
[2025-12-18 10:05:24.648] [INFO] Registering MenuRegistry service...
[2025-12-18 10:05:24.649] ServiceContainer: Registered 'MenuRegistry' (singleton=True)
[2025-12-18 10:05:24.649] [INFO] Registering Application service...
[2025-12-18 10:05:24.650] ServiceContainer: Registered 'Application' (singleton=True)
[2025-12-18 10:05:24.651] [INFO] Registering CommandService...
[2025-12-18 10:05:24.652] ServiceContainer: Registered 'CommandService' (singleton=True)
[2025-12-18 10:05:24.653] [INFO] Registering ChecklistService...
[2025-12-18 10:05:24.653] ServiceContainer: Registered 'ChecklistService' (singleton=True)
[2025-12-18 10:05:24.654] [INFO] Registering NoteService...
[2025-12-18 10:05:24.655] ServiceContainer: Registered 'NoteService' (singleton=True)
[2025-12-18 10:05:24.656] [INFO] Registering ExcelMappingService...
[2025-12-18 10:05:24.657] ServiceContainer: Registered 'ExcelMappingService' (singleton=True)
[2025-12-18 10:05:24.658] [INFO] Registering PreferencesService...
[2025-12-18 10:05:24.658] ServiceContainer: Registered 'PreferencesService' (singleton=True)
[2025-12-18 10:05:24.659] [INFO] Registering screen factories...
[2025-12-18 10:05:24.660] ServiceContainer: Registered 'TaskListScreen' (singleton=False)
[2025-12-18 10:05:24.661] [INFO] Resolving Application from container...
[2025-12-18 10:05:24.673] ServiceContainer: Resolving 'Application'...
[2025-12-18 10:05:24.675] [INFO] Resolving Application...
[2025-12-18 10:05:24.676] ServiceContainer: Resolving 'Theme'...
[2025-12-18 10:05:24.683] [INFO] Resolving Theme: Calling Initialize-PmcThemeSystem...
[2025-12-18 10:05:24.693] [INFO] Theme resolved: #33aaff
[2025-12-18 10:05:24.694] [INFO] Loading PmcThemeEngine...
[2025-12-18 10:05:24.758] [INFO] LoadFromConfig: Loaded Properties with 23 items
[2025-12-18 10:05:24.766] [INFO] PmcThemeEngine initialized with PMC palette (14 colors)
[2025-12-18 10:05:24.769] ServiceContainer: Resolved 'Theme' successfully
[2025-12-18 10:05:24.829] ServiceContainer: Resolving 'ThemeManager'...
[2025-12-18 10:05:24.830] [INFO] Resolving ThemeManager...
[2025-12-18 10:05:24.856] ServiceContainer: Resolved 'ThemeManager' successfully
[2025-12-18 10:05:24.866] ServiceContainer: Resolved 'Application' successfully
[2025-12-18 10:05:24.868] [INFO] Application resolved and assigned to $global:PmcApp
[2025-12-18 10:05:24.868] [INFO] Loading menus from manifest...
[2025-12-18 10:05:24.876] ServiceContainer: Resolving 'MenuRegistry'...
[2025-12-18 10:05:24.878] [INFO] Resolving MenuRegistry...
[2025-12-18 10:05:24.887] ServiceContainer: Resolved 'MenuRegistry' successfully
[2025-12-18 10:05:24.902] MenuRegistry: Loaded manifest with 23 entries
[2025-12-18 10:05:24.924] ServiceContainer: Registered 'TimeListScreen' (singleton=False)
[2025-12-18 10:05:24.925] MenuRegistry: Registered screen factory 'TimeListScreen' in container (viewMode=)
[2025-12-18 10:05:24.937] MenuRegistry: Registered 'Time Tracking' in 'Time' menu (hotkey=T order=5)
[2025-12-18 10:05:24.939] ServiceContainer: Registered 'ThemeEditorScreen' (singleton=False)
[2025-12-18 10:05:24.940] MenuRegistry: Registered screen factory 'ThemeEditorScreen' in container (viewMode=)
[2025-12-18 10:05:24.941] MenuRegistry: Registered 'Theme Editor' in 'Options' menu (hotkey=T order=10)
[2025-12-18 10:05:24.943] ServiceContainer: Registered 'NotesMenuScreen' (singleton=False)
[2025-12-18 10:05:24.943] MenuRegistry: Registered screen factory 'NotesMenuScreen' in container (viewMode=)
[2025-12-18 10:05:24.944] MenuRegistry: Registered 'Notes' in 'Tools' menu (hotkey=N order=20)
[2025-12-18 10:05:24.945] ServiceContainer: Registered 'ChecklistTemplatesFolderScreen' (singleton=False)
[2025-12-18 10:05:24.946] MenuRegistry: Registered screen factory 'ChecklistTemplatesFolderScreen' in container (viewMode=)
[2025-12-18 10:05:24.947] MenuRegistry: Registered 'Checklist Templates' in 'Tools' menu (hotkey=H order=30)
[2025-12-18 10:05:24.949] ServiceContainer: Registered 'TaskListScreen_Upcoming' (singleton=False)
[2025-12-18 10:05:24.949] MenuRegistry: Registered screen factory 'TaskListScreen_Upcoming' in container (viewMode=upcoming)
[2025-12-18 10:05:24.950] MenuRegistry: Registered 'Upcoming' in 'Tasks' menu (hotkey=U order=25)
[2025-12-18 10:05:24.951] ServiceContainer: Registered 'TaskListScreen_Agenda' (singleton=False)
[2025-12-18 10:05:24.952] MenuRegistry: Registered screen factory 'TaskListScreen_Agenda' in container (viewMode=agenda)
[2025-12-18 10:05:24.953] MenuRegistry: Registered 'Agenda View' in 'Tasks' menu (hotkey=A order=50)
[2025-12-18 10:05:24.954] ServiceContainer: Registered 'TimeReportScreen' (singleton=False)
[2025-12-18 10:05:24.955] MenuRegistry: Registered screen factory 'TimeReportScreen' in container (viewMode=)
[2025-12-18 10:05:24.956] MenuRegistry: Registered 'Time Report' in 'Time' menu (hotkey=R order=20)
[2025-12-18 10:05:24.957] ServiceContainer: Registered 'TaskListScreen_Month' (singleton=False)
[2025-12-18 10:05:24.958] MenuRegistry: Registered screen factory 'TaskListScreen_Month' in container (viewMode=month)
[2025-12-18 10:05:24.958] MenuRegistry: Registered 'Month View' in 'Tasks' menu (hotkey=M order=45)
[2025-12-18 10:05:24.960] ServiceContainer: Registered 'ProjectListScreen' (singleton=False)
[2025-12-18 10:05:24.982] MenuRegistry: Registered screen factory 'ProjectListScreen' in container (viewMode=)
[2025-12-18 10:05:24.983] MenuRegistry: Registered 'Project List' in 'Projects' menu (hotkey=L order=10)
[2025-12-18 10:05:24.986] ServiceContainer: Registered 'CommandLibraryScreen' (singleton=False)
[2025-12-18 10:05:24.987] MenuRegistry: Registered screen factory 'CommandLibraryScreen' in container (viewMode=)
