[2025-12-18 18:31:41.075] [INFO] Loading PMC module...
[2025-12-18 18:31:42.336] [INFO] PMC module loaded
[2025-12-18 18:31:42.338] [INFO] Loading dependencies (FieldSchemas, etc.)...
[2025-12-18 18:31:42.460] [INFO] Dependencies loaded
[2025-12-18 18:31:42.466] [INFO] Loading SpeedTUI framework...
[2025-12-18 18:31:43.907] [INFO] SpeedTUI framework loaded
[2025-12-18 18:31:43.908] [INFO] Loading PraxisVT...
[2025-12-18 18:31:43.910] [INFO] PraxisVT loaded
[2025-12-18 18:31:43.911] [INFO] Loading core dependencies...
[2025-12-18 18:31:43.959] [INFO] Core dependencies loaded
[2025-12-18 18:31:43.960] [INFO] Loading widget base classes...
[2025-12-18 18:31:43.993] [INFO] Widget base classes loaded
[2025-12-18 18:31:43.994] [INFO] Loading services...
[2025-12-18 18:31:44.126] [INFO] Services loaded
[2025-12-18 18:31:44.128] [INFO] Loading helpers...
[2025-12-18 18:31:44.330] [INFO] Helpers loaded
[2025-12-18 18:31:44.332] [INFO] Loading widgets...
[2025-12-18 18:31:44.746] [INFO] Widgets loaded
[2025-12-18 18:31:44.747] [INFO] Loading screen base class...
[2025-12-18 18:31:44.761] [INFO] Screen base class loaded
[2025-12-18 18:31:44.763] [INFO] Loading HelpViewScreen (needed by base classes)...
[2025-12-18 18:31:44.773] [INFO] HelpViewScreen loaded
[2025-12-18 18:31:44.775] [INFO] Loading base classes...
[2025-12-18 18:31:44.876] [INFO] Base classes loaded
[2025-12-18 18:31:44.878] [INFO] Loading ServiceContainer (needed by screens)...
[2025-12-18 18:31:44.892] [INFO] ServiceContainer loaded
[2025-12-18 18:31:44.895] [INFO] Loading remaining screens...
[2025-12-18 18:31:45.011] [INFO] Remaining screens loaded
[2025-12-18 18:31:45.014] [INFO] Loading PmcApplication...
[2025-12-18 18:31:45.035] [INFO] PmcApplication loaded
[2025-12-18 18:31:45.036] [INFO] All components loaded successfully
