[2025-12-15 17:09:02.886] [INFO] Dependencies loaded
[2025-12-15 17:09:04.554] [INFO] Pmc.Strict module imported
[2025-12-15 17:09:04.558] [INFO] Loading SpeedTUI framework...
[2025-12-15 17:09:04.904] [INFO] SpeedTUI framework loaded
[2025-12-15 17:09:04.905] [INFO] Loading PraxisVT...
[2025-12-15 17:09:04.908] [INFO] PraxisVT loaded
[2025-12-15 17:09:04.909] [INFO] Loading core dependencies...
[2025-12-15 17:09:04.983] [INFO] Core dependencies loaded
[2025-12-15 17:09:04.985] [INFO] Loading widget base classes...
[2025-12-15 17:09:05.028] [INFO] Widget base classes loaded
[2025-12-15 17:09:05.030] [INFO] Loading services...
[2025-12-15 17:09:05.185] [INFO] Services loaded
[2025-12-15 17:09:05.187] [INFO] Loading helpers...
[2025-12-15 17:09:06.429] [INFO] Helpers loaded
[2025-12-15 17:09:06.431] [INFO] Loading widgets...
[2025-12-15 17:09:06.886] [INFO] Widgets loaded
[2025-12-15 17:09:06.888] [INFO] Loading screen base class...
[2025-12-15 17:09:06.905] [INFO] Screen base class loaded
[2025-12-15 17:09:06.907] [INFO] Loading HelpViewScreen (needed by base classes)...
[2025-12-15 17:09:06.947] [INFO] HelpViewScreen loaded
[2025-12-15 17:09:06.949] [INFO] Loading base classes...
[2025-12-15 17:09:07.002] [INFO] Base classes loaded
[2025-12-15 17:09:07.004] [INFO] Loading ServiceContainer (needed by screens)...
[2025-12-15 17:09:07.021] [INFO] ServiceContainer loaded
[2025-12-15 17:09:07.022] [INFO] Loading remaining screens...
