[2025-12-16 16:15:16.180] [INFO] Loading PMC module...
[2025-12-16 16:15:17.576] [INFO] PMC module loaded
[2025-12-16 16:15:17.580] [INFO] Loading dependencies (FieldSchemas, etc.)...
[2025-12-16 16:15:17.708] [INFO] Dependencies loaded
[2025-12-16 16:15:17.711] [INFO] Loading SpeedTUI framework...
[2025-12-16 16:15:18.100] [INFO] SpeedTUI framework loaded
[2025-12-16 16:15:18.104] [INFO] Loading PraxisVT...
[2025-12-16 16:15:18.109] [INFO] PraxisVT loaded
[2025-12-16 16:15:18.111] [INFO] Loading core dependencies...
[2025-12-16 16:15:18.146] [INFO] Core dependencies loaded
[2025-12-16 16:15:18.148] [INFO] Loading widget base classes...
[2025-12-16 16:15:18.234] [INFO] Widget base classes loaded
[2025-12-16 16:15:18.237] [INFO] Loading services...
[2025-12-16 16:15:18.397] [INFO] Services loaded
[2025-12-16 16:15:18.400] [INFO] Loading helpers...
[2025-12-16 16:15:19.625] [INFO] Helpers loaded
[2025-12-16 16:15:19.627] [INFO] Loading widgets...
[2025-12-16 16:15:20.014] [INFO] Widgets loaded
[2025-12-16 16:15:20.016] [INFO] Loading screen base class...
[2025-12-16 16:15:20.052] [INFO] Screen base class loaded
[2025-12-16 16:15:20.054] [INFO] Loading HelpViewScreen (needed by base classes)...
[2025-12-16 16:15:20.066] [INFO] HelpViewScreen loaded
[2025-12-16 16:15:20.068] [INFO] Loading base classes...
[2025-12-16 16:15:20.153] [INFO] Base classes loaded
[2025-12-16 16:15:20.155] [INFO] Loading ServiceContainer (needed by screens)...
[2025-12-16 16:15:20.162] [INFO] ServiceContainer loaded
[2025-12-16 16:15:20.164] [INFO] Loading remaining screens...
[2025-12-16 16:15:20.270] [INFO] Remaining screens loaded
[2025-12-16 16:15:20.283] [INFO] Loading PmcApplication...
[2025-12-16 16:15:20.302] [INFO] PmcApplication loaded
[2025-12-16 16:15:20.304] [INFO] All components loaded successfully
