[2025-12-16 11:33:32.024] [INFO] Loading PMC module...
[2025-12-16 11:33:32.830] [INFO] PMC module loaded
[2025-12-16 11:33:32.832] [INFO] Loading dependencies (FieldSchemas, etc.)...
[2025-12-16 11:33:32.920] [INFO] Dependencies loaded
[2025-12-16 11:33:32.921] [INFO] Loading SpeedTUI framework...
[2025-12-16 11:33:33.099] [INFO] SpeedTUI framework loaded
[2025-12-16 11:33:33.100] [INFO] Loading PraxisVT...
[2025-12-16 11:33:33.101] [INFO] PraxisVT loaded
[2025-12-16 11:33:33.102] [INFO] Loading core dependencies...
[2025-12-16 11:33:33.134] [INFO] Core dependencies loaded
[2025-12-16 11:33:33.135] [INFO] Loading widget base classes...
[2025-12-16 11:33:33.155] [INFO] Widget base classes loaded
[2025-12-16 11:33:33.156] [INFO] Loading services...
[2025-12-16 11:33:33.243] [INFO] Services loaded
[2025-12-16 11:33:33.244] [INFO] Loading helpers...
[2025-12-16 11:33:33.902] [INFO] Helpers loaded
[2025-12-16 11:33:33.903] [INFO] Loading widgets...
[2025-12-16 11:33:34.190] [INFO] Widgets loaded
[2025-12-16 11:33:34.191] [INFO] Loading screen base class...
[2025-12-16 11:33:34.202] [INFO] Screen base class loaded
[2025-12-16 11:33:34.203] [INFO] Loading HelpViewScreen (needed by base classes)...
[2025-12-16 11:33:34.209] [INFO] HelpViewScreen loaded
[2025-12-16 11:33:34.210] [INFO] Loading base classes...
[2025-12-16 11:33:34.275] [INFO] Base classes loaded
[2025-12-16 11:33:34.276] [INFO] Loading ServiceContainer (needed by screens)...
[2025-12-16 11:33:34.280] [INFO] ServiceContainer loaded
[2025-12-16 11:33:34.281] [INFO] Loading remaining screens...
[2025-12-16 11:33:34.351] [INFO] Remaining screens loaded
[2025-12-16 11:33:34.352] [INFO] Loading PmcApplication...
[2025-12-16 11:33:34.364] [INFO] PmcApplication loaded
[2025-12-16 11:33:34.365] [INFO] All components loaded successfully
