[2025-12-16 14:49:43.772] [INFO] Loading PMC module...
[2025-12-16 14:49:44.550] [INFO] PMC module loaded
[2025-12-16 14:49:44.552] [INFO] Loading dependencies (FieldSchemas, etc.)...
[2025-12-16 14:49:44.631] [INFO] Dependencies loaded
[2025-12-16 14:49:44.632] [INFO] Loading SpeedTUI framework...
[2025-12-16 14:49:44.807] [INFO] SpeedTUI framework loaded
[2025-12-16 14:49:44.808] [INFO] Loading PraxisVT...
[2025-12-16 14:49:44.809] [INFO] PraxisVT loaded
[2025-12-16 14:49:44.809] [INFO] Loading core dependencies...
[2025-12-16 14:49:44.852] [INFO] Core dependencies loaded
[2025-12-16 14:49:44.853] [INFO] Loading widget base classes...
[2025-12-16 14:49:44.872] [INFO] Widget base classes loaded
[2025-12-16 14:49:44.873] [INFO] Loading services...
[2025-12-16 14:49:44.951] [INFO] Services loaded
[2025-12-16 14:49:44.952] [INFO] Loading helpers...
[2025-12-16 14:49:45.595] [INFO] Helpers loaded
[2025-12-16 14:49:45.596] [INFO] Loading widgets...
[2025-12-16 14:49:45.793] [INFO] Widgets loaded
[2025-12-16 14:49:45.794] [INFO] Loading screen base class...
[2025-12-16 14:49:45.804] [INFO] Screen base class loaded
[2025-12-16 14:49:45.804] [INFO] Loading HelpViewScreen (needed by base classes)...
[2025-12-16 14:49:45.809] [INFO] HelpViewScreen loaded
[2025-12-16 14:49:45.810] [INFO] Loading base classes...
[2025-12-16 14:49:45.842] [INFO] Base classes loaded
[2025-12-16 14:49:45.843] [INFO] Loading ServiceContainer (needed by screens)...
[2025-12-16 14:49:45.846] [INFO] ServiceContainer loaded
[2025-12-16 14:49:45.847] [INFO] Loading remaining screens...
[2025-12-16 14:49:46.002] [INFO] Remaining screens loaded
[2025-12-16 14:49:46.003] [INFO] Loading PmcApplication...
[2025-12-16 14:49:46.013] [INFO] PmcApplication loaded
[2025-12-16 14:49:46.014] [INFO] All components loaded successfully
[2025-12-16 14:49:46.028] [INFO] Starting PMC TUI with screen: TaskList
[2025-12-16 14:49:46.033] [INFO] Cleared stale PmcSharedMenuBar and MenuRegistry singleton
[2025-12-16 14:49:46.043] [INFO] Creating ServiceContainer...
[2025-12-16 14:49:46.051] [INFO] ServiceContainer created
[2025-12-16 14:49:46.052] [INFO] Registering Theme service...
[2025-12-16 14:49:46.067] ServiceContainer: Registered 'Theme' (singleton=True)
[2025-12-16 14:49:46.070] [INFO] Registering ThemeManager...
[2025-12-16 14:49:46.070] ServiceContainer: Registered 'ThemeManager' (singleton=True)
[2025-12-16 14:49:46.071] [INFO] Registering Config service...
[2025-12-16 14:49:46.072] ServiceContainer: Registered 'Config' (singleton=True)
[2025-12-16 14:49:46.073] [INFO] Registering TaskStore service...
[2025-12-16 14:49:46.074] ServiceContainer: Registered 'TaskStore' (singleton=True)
[2025-12-16 14:49:46.075] [INFO] Registering MenuRegistry service...
[2025-12-16 14:49:46.075] ServiceContainer: Registered 'MenuRegistry' (singleton=True)
[2025-12-16 14:49:46.076] [INFO] Registering Application service...
[2025-12-16 14:49:46.077] ServiceContainer: Registered 'Application' (singleton=True)
[2025-12-16 14:49:46.078] [INFO] Registering CommandService...
[2025-12-16 14:49:46.078] ServiceContainer: Registered 'CommandService' (singleton=True)
[2025-12-16 14:49:46.079] [INFO] Registering ChecklistService...
[2025-12-16 14:49:46.080] ServiceContainer: Registered 'ChecklistService' (singleton=True)
[2025-12-16 14:49:46.081] [INFO] Registering NoteService...
[2025-12-16 14:49:46.082] ServiceContainer: Registered 'NoteService' (singleton=True)
[2025-12-16 14:49:46.083] [INFO] Registering ExcelMappingService...
[2025-12-16 14:49:46.084] ServiceContainer: Registered 'ExcelMappingService' (singleton=True)
[2025-12-16 14:49:46.085] [INFO] Registering PreferencesService...
[2025-12-16 14:49:46.086] ServiceContainer: Registered 'PreferencesService' (singleton=True)
[2025-12-16 14:49:46.087] [INFO] Registering screen factories...
[2025-12-16 14:49:46.087] ServiceContainer: Registered 'TaskListScreen' (singleton=False)
[2025-12-16 14:49:46.088] [INFO] Resolving Application from container...
[2025-12-16 14:49:46.101] ServiceContainer: Resolving 'Application'...
[2025-12-16 14:49:46.102] [INFO] Resolving Application...
[2025-12-16 14:49:46.103] ServiceContainer: Resolving 'Theme'...
[2025-12-16 14:49:46.109] [INFO] Resolving Theme: Calling Initialize-PmcThemeSystem...
[2025-12-16 14:49:46.119] [INFO] Theme resolved: #33aaff
[2025-12-16 14:49:46.123] [INFO] Loading PmcThemeEngine...
[2025-12-16 14:49:46.180] [INFO] LoadFromConfig: Loaded Properties with 16 items
[2025-12-16 14:49:46.188] [INFO] PmcThemeEngine initialized with PMC palette (14 colors)
[2025-12-16 14:49:46.191] ServiceContainer: Resolved 'Theme' successfully
[2025-12-16 14:49:46.440] ServiceContainer: Resolving 'ThemeManager'...
[2025-12-16 14:49:46.442] [INFO] Resolving ThemeManager...
[2025-12-16 14:49:46.468] ServiceContainer: Resolved 'ThemeManager' successfully
[2025-12-16 14:49:46.476] ServiceContainer: Resolved 'Application' successfully
[2025-12-16 14:49:46.477] [INFO] Application resolved and assigned to $global:PmcApp
[2025-12-16 14:49:46.478] [INFO] Loading menus from manifest...
[2025-12-16 14:49:46.479] ServiceContainer: Resolving 'MenuRegistry'...
[2025-12-16 14:49:46.483] [INFO] Resolving MenuRegistry...
[2025-12-16 14:49:46.491] ServiceContainer: Resolved 'MenuRegistry' successfully
[2025-12-16 14:49:46.507] MenuRegistry: Loaded manifest with 24 entries
[2025-12-16 14:49:46.529] ServiceContainer: Registered 'ExcelProfileManagerScreen' (singleton=False)
[2025-12-16 14:49:46.529] MenuRegistry: Registered screen factory 'ExcelProfileManagerScreen' in container (viewMode=)
[2025-12-16 14:49:46.542] MenuRegistry: Registered 'Excel Profiles' in 'Projects' menu (hotkey=M order=50)
[2025-12-16 14:49:46.545] ServiceContainer: Registered 'TaskListScreen_Overdue' (singleton=False)
[2025-12-16 14:49:46.545] MenuRegistry: Registered screen factory 'TaskListScreen_Overdue' in container (viewMode=overdue)
[2025-12-16 14:49:46.546] MenuRegistry: Registered 'Overdue' in 'Tasks' menu (hotkey=O order=30)
[2025-12-16 14:49:46.548] ServiceContainer: Registered 'TaskListScreen_Tomorrow' (singleton=False)
[2025-12-16 14:49:46.549] MenuRegistry: Registered screen factory 'TaskListScreen_Tomorrow' in container (viewMode=tomorrow)
[2025-12-16 14:49:46.550] MenuRegistry: Registered 'Tomorrow' in 'Tasks' menu (hotkey=T order=15)
[2025-12-16 14:49:46.552] ServiceContainer: Registered 'ProjectListScreen' (singleton=False)
[2025-12-16 14:49:46.553] MenuRegistry: Registered screen factory 'ProjectListScreen' in container (viewMode=)
[2025-12-16 14:49:46.554] MenuRegistry: Registered 'Project List' in 'Projects' menu (hotkey=L order=10)
[2025-12-16 14:49:46.555] ServiceContainer: Registered 'ChecklistsLauncherScreen' (singleton=False)
[2025-12-16 14:49:46.556] MenuRegistry: Registered screen factory 'ChecklistsLauncherScreen' in container (viewMode=)
[2025-12-16 14:49:46.557] MenuRegistry: Registered 'Checklists' in 'Tools' menu (hotkey=C order=25)
[2025-12-16 14:49:46.559] ServiceContainer: Registered 'SettingsScreen' (singleton=False)
[2025-12-16 14:49:46.560] MenuRegistry: Registered screen factory 'SettingsScreen' in container (viewMode=)
[2025-12-16 14:49:46.561] MenuRegistry: Registered 'Settings' in 'Options' menu (hotkey=S order=20)
[2025-12-16 14:49:46.562] ServiceContainer: Registered 'ThemeEditorScreen' (singleton=False)
[2025-12-16 14:49:46.563] MenuRegistry: Registered screen factory 'ThemeEditorScreen' in container (viewMode=)
[2025-12-16 14:49:46.565] MenuRegistry: Registered 'Theme Editor' in 'Options' menu (hotkey=T order=10)
[2025-12-16 14:49:46.566] ServiceContainer: Registered 'TimeListScreen' (singleton=False)
[2025-12-16 14:49:46.567] MenuRegistry: Registered screen factory 'TimeListScreen' in container (viewMode=)
[2025-12-16 14:49:46.568] MenuRegistry: Registered 'Time Tracking' in 'Time' menu (hotkey=T order=5)
[2025-12-16 14:49:46.570] ServiceContainer: Registered 'TaskListScreen_NoDate' (singleton=False)
[2025-12-16 14:49:46.571] MenuRegistry: Registered screen factory 'TaskListScreen_NoDate' in container (viewMode=noduedate)
[2025-12-16 14:49:46.575] MenuRegistry: Registered 'No Due Date' in 'Tasks' menu (hotkey=D order=40)
[2025-12-16 14:49:46.577] ServiceContainer: Registered 'ChecklistTemplatesFolderScreen' (singleton=False)
[2025-12-16 14:49:46.577] MenuRegistry: Registered screen factory 'ChecklistTemplatesFolderScreen' in container (viewMode=)
[2025-12-16 14:49:46.578] MenuRegistry: Registered 'Checklist Templates' in 'Tools' menu (hotkey=H order=30)
[2025-12-16 14:49:46.579] ServiceContainer: Registered 'TimeReportScreen' (singleton=False)
[2025-12-16 14:49:46.580] MenuRegistry: Registered screen factory 'TimeReportScreen' in container (viewMode=)
[2025-12-16 14:49:46.581] MenuRegistry: Registered 'Time Report' in 'Time' menu (hotkey=R order=20)
[2025-12-16 14:49:46.583] ServiceContainer: Registered 'TaskListScreen_Today' (singleton=False)
[2025-12-16 14:49:46.583] MenuRegistry: Registered screen factory 'TaskListScreen_Today' in container (viewMode=today)
[2025-12-16 14:49:46.584] MenuRegistry: Registered 'Today' in 'Tasks' menu (hotkey=Y order=10)
[2025-12-16 14:49:46.586] ServiceContainer: Registered 'NotesMenuScreen' (singleton=False)
[2025-12-16 14:49:46.586] MenuRegistry: Registered screen factory 'NotesMenuScreen' in container (viewMode=)
[2025-12-16 14:49:46.587] MenuRegistry: Registered 'Notes' in 'Tools' menu (hotkey=N order=20)
[2025-12-16 14:49:46.588] ServiceContainer: Registered 'TaskListScreen_Default' (singleton=False)
[2025-12-16 14:49:46.589] MenuRegistry: Registered screen factory 'TaskListScreen_Default' in container (viewMode=)
[2025-12-16 14:49:46.590] MenuRegistry: Registered 'Task List' in 'Tasks' menu (hotkey=L order=5)
[2025-12-16 14:49:46.591] ServiceContainer: Registered 'CommandLibraryScreen' (singleton=False)
[2025-12-16 14:49:46.592] MenuRegistry: Registered screen factory 'CommandLibraryScreen' in container (viewMode=)
[2025-12-16 14:49:46.593] MenuRegistry: Registered 'Command Library' in 'Tools' menu (hotkey=L order=10)
[2025-12-16 14:49:46.594] ServiceContainer: Registered 'TaskListScreen_Upcoming' (singleton=False)
[2025-12-16 14:49:46.595] MenuRegistry: Registered screen factory 'TaskListScreen_Upcoming' in container (viewMode=upcoming)
[2025-12-16 14:49:46.595] MenuRegistry: Registered 'Upcoming' in 'Tasks' menu (hotkey=U order=25)
[2025-12-16 14:49:46.597] ServiceContainer: Registered 'TaskListScreen_Agenda' (singleton=False)
[2025-12-16 14:49:46.598] MenuRegistry: Registered screen factory 'TaskListScreen_Agenda' in container (viewMode=agenda)
[2025-12-16 14:49:46.599] MenuRegistry: Registered 'Agenda View' in 'Tasks' menu (hotkey=A order=50)
[2025-12-16 14:49:46.600] ServiceContainer: Registered 'ExcelImportScreen' (singleton=False)
[2025-12-16 14:49:46.601] MenuRegistry: Registered screen factory 'ExcelImportScreen' in container (viewMode=)
[2025-12-16 14:49:46.602] MenuRegistry: Registered 'Import from Excel' in 'Projects' menu (hotkey=I order=40)
[2025-12-16 14:49:46.603] ServiceContainer: Registered 'HelpViewScreen' (singleton=False)
[2025-12-16 14:49:46.604] MenuRegistry: Registered screen factory 'HelpViewScreen' in container (viewMode=)
[2025-12-16 14:49:46.605] MenuRegistry: Registered 'Help' in 'Help' menu (hotkey=H order=10)
[2025-12-16 14:49:46.606] ServiceContainer: Registered 'TaskListScreen_NextActions' (singleton=False)
[2025-12-16 14:49:46.607] MenuRegistry: Registered screen factory 'TaskListScreen_NextActions' in container (viewMode=nextactions)
[2025-12-16 14:49:46.608] MenuRegistry: Registered 'Next Actions' in 'Tasks' menu (hotkey=N order=35)
[2025-12-16 14:49:46.609] ServiceContainer: Registered 'TaskListScreen_Month' (singleton=False)
[2025-12-16 14:49:46.610] MenuRegistry: Registered screen factory 'TaskListScreen_Month' in container (viewMode=month)
[2025-12-16 14:49:46.611] MenuRegistry: Registered 'Month View' in 'Tasks' menu (hotkey=M order=45)
[2025-12-16 14:49:46.612] ServiceContainer: Registered 'TaskListScreen_Week' (singleton=False)
[2025-12-16 14:49:46.613] MenuRegistry: Registered screen factory 'TaskListScreen_Week' in container (viewMode=week)
[2025-12-16 14:49:46.617] MenuRegistry: Registered 'Week View' in 'Tasks' menu (hotkey=W order=20)
[2025-12-16 14:49:46.619] ServiceContainer: Registered 'WeeklyTimeReportScreen' (singleton=False)
[2025-12-16 14:49:46.620] MenuRegistry: Registered screen factory 'WeeklyTimeReportScreen' in container (viewMode=)
[2025-12-16 14:49:46.621] MenuRegistry: Registered 'Weekly Report' in 'Time' menu (hotkey=W order=10)
[2025-12-16 14:49:46.622] ServiceContainer: Registered 'KanbanScreenV2' (singleton=False)
[2025-12-16 14:49:46.623] MenuRegistry: Registered screen factory 'KanbanScreenV2' in container (viewMode=)
[2025-12-16 14:49:46.624] MenuRegistry: Registered 'Kanban Board' in 'Tasks' menu (hotkey=K order=55)
[2025-12-16 14:49:46.625] [INFO] Menus loaded from /home/teej/ztest/module/Pmc.Strict/consoleui/screens/MenuItems.psd1
[2025-12-16 14:49:46.626] [INFO] Launching screen: TaskList
[2025-12-16 14:49:46.627] [INFO] Resolving TaskListScreen from container...
[2025-12-16 14:49:46.628] ServiceContainer: Resolving 'TaskListScreen'...
[2025-12-16 14:49:46.630] [INFO] Resolving TaskListScreen...
[2025-12-16 14:49:46.631] ServiceContainer: Resolving 'TaskStore'...
[2025-12-16 14:49:46.632] [INFO] Resolving TaskStore...
[2025-12-16 14:49:46.843] ServiceContainer: Resolved 'TaskStore' successfully
[2025-12-16 14:49:47.324] _PopulateMenusFromRegistry: Menu 'Tasks' has 11 items from registry (array)
[2025-12-16 14:49:47.347] _PopulateMenusFromRegistry: Menu 'Time' has 3 items from registry (array)
[2025-12-16 14:49:47.349] _PopulateMenusFromRegistry: Menu 'Projects' has 3 items from registry (array)
[2025-12-16 14:49:47.352] _PopulateMenusFromRegistry: Menu 'Help' has 1 items from registry (array)
[2025-12-16 14:49:47.354] _PopulateMenusFromRegistry: Menu 'Options' has 2 items from registry (array)
[2025-12-16 14:49:47.357] _PopulateMenusFromRegistry: Menu 'Tools' has 4 items from registry (array)
[2025-12-16 14:49:47.358] ServiceContainer: Resolved 'TaskListScreen' successfully
[2025-12-16 14:49:47.359] [INFO] Pushing screen to app...
[2025-12-16 14:49:47.930] [INFO] Screen pushed successfully
[2025-12-16 14:49:47.931] [INFO] Starting event loop...
[2025-12-16 14:49:53.344] [INFO] TaskListScreen.EditItem called - item.id=f6d455a4-9e14-46c4-ba1a-4563c83b3b39
[2025-12-16 14:49:53.443] [INFO] TaskListScreen.EditItem: Setting OnConfirmed callback for taskId=f6d455a4-9e14-46c4-ba1a-4563c83b3b39
[2025-12-16 14:50:41.336] ServiceContainer: Resolving 'ProjectListScreen'...
[2025-12-16 14:50:41.405] ServiceContainer: Resolved 'ProjectListScreen' successfully
[2025-12-16 14:50:43.310] ServiceContainer: Registered 'ProjectInfoScreenV4' (singleton=False)
[2025-12-16 14:50:43.311] ServiceContainer: Resolving 'ProjectInfoScreenV4'...
[2025-12-16 14:50:43.385] ServiceContainer: Resolved 'ProjectInfoScreenV4' successfully
[2025-12-16 14:51:06.307] ========== TabbedScreen.OnTabChanged: Switched to tab 6 'Files' ==========
[2025-12-16 14:51:06.340] TabbedScreen.OnTabChanged: Invalidated cache region Y=9-28 (no flicker)
[2025-12-16 14:51:09.893] [INFO] ProjectInfoScreenV4._HandleFileAction: action=_action_folder_browse ProjectName='p1'
[2025-12-16 15:09:39.626] [INFO] Event loop exited normally
[2025-12-16 15:09:39.627] [INFO] Cleanup - showing cursor and resetting terminal
