[2025-12-16 11:35:27.896] [INFO] Loading PMC module...
[2025-12-16 11:35:28.613] [INFO] PMC module loaded
[2025-12-16 11:35:28.615] [INFO] Loading dependencies (FieldSchemas, etc.)...
[2025-12-16 11:35:28.682] [INFO] Dependencies loaded
[2025-12-16 11:35:28.683] [INFO] Loading SpeedTUI framework...
[2025-12-16 11:35:28.837] [INFO] SpeedTUI framework loaded
[2025-12-16 11:35:28.838] [INFO] Loading PraxisVT...
[2025-12-16 11:35:28.839] [INFO] PraxisVT loaded
[2025-12-16 11:35:28.840] [INFO] Loading core dependencies...
[2025-12-16 11:35:28.882] [INFO] Core dependencies loaded
[2025-12-16 11:35:28.883] [INFO] Loading widget base classes...
[2025-12-16 11:35:28.930] [INFO] Widget base classes loaded
[2025-12-16 11:35:28.931] [INFO] Loading services...
[2025-12-16 11:35:28.998] [INFO] Services loaded
[2025-12-16 11:35:28.999] [INFO] Loading helpers...
[2025-12-16 11:35:29.391] [INFO] Helpers loaded
[2025-12-16 11:35:29.392] [INFO] Loading widgets...
[2025-12-16 11:35:29.653] [INFO] Widgets loaded
[2025-12-16 11:35:29.660] [INFO] Loading screen base class...
[2025-12-16 11:35:29.671] [INFO] Screen base class loaded
[2025-12-16 11:35:29.672] [INFO] Loading HelpViewScreen (needed by base classes)...
[2025-12-16 11:35:29.677] [INFO] HelpViewScreen loaded
[2025-12-16 11:35:29.678] [INFO] Loading base classes...
[2025-12-16 11:35:29.739] [INFO] Base classes loaded
[2025-12-16 11:35:29.740] [INFO] Loading ServiceContainer (needed by screens)...
[2025-12-16 11:35:29.745] [INFO] ServiceContainer loaded
[2025-12-16 11:35:29.746] [INFO] Loading remaining screens...
[2025-12-16 11:35:29.845] [INFO] Remaining screens loaded
[2025-12-16 11:35:29.846] [INFO] Loading PmcApplication...
[2025-12-16 11:35:29.855] [INFO] PmcApplication loaded
[2025-12-16 11:35:29.856] [INFO] All components loaded successfully
[2025-12-16 11:35:29.868] [INFO] Starting PMC TUI with screen: TaskList
[2025-12-16 11:35:29.874] [INFO] Cleared stale PmcSharedMenuBar and MenuRegistry singleton
[2025-12-16 11:35:29.875] [INFO] Creating ServiceContainer...
[2025-12-16 11:35:29.883] [INFO] ServiceContainer created
[2025-12-16 11:35:29.883] [INFO] Registering Theme service...
[2025-12-16 11:35:29.897] ServiceContainer: Registered 'Theme' (singleton=True)
[2025-12-16 11:35:29.899] [INFO] Registering ThemeManager...
[2025-12-16 11:35:29.900] ServiceContainer: Registered 'ThemeManager' (singleton=True)
[2025-12-16 11:35:29.901] [INFO] Registering Config service...
[2025-12-16 11:35:29.901] ServiceContainer: Registered 'Config' (singleton=True)
[2025-12-16 11:35:29.902] [INFO] Registering TaskStore service...
[2025-12-16 11:35:29.902] ServiceContainer: Registered 'TaskStore' (singleton=True)
[2025-12-16 11:35:29.903] [INFO] Registering MenuRegistry service...
[2025-12-16 11:35:29.904] ServiceContainer: Registered 'MenuRegistry' (singleton=True)
[2025-12-16 11:35:29.904] [INFO] Registering Application service...
[2025-12-16 11:35:29.905] ServiceContainer: Registered 'Application' (singleton=True)
[2025-12-16 11:35:29.906] [INFO] Registering CommandService...
[2025-12-16 11:35:29.906] ServiceContainer: Registered 'CommandService' (singleton=True)
[2025-12-16 11:35:29.907] [INFO] Registering ChecklistService...
[2025-12-16 11:35:29.912] ServiceContainer: Registered 'ChecklistService' (singleton=True)
[2025-12-16 11:35:29.912] [INFO] Registering NoteService...
[2025-12-16 11:35:29.913] ServiceContainer: Registered 'NoteService' (singleton=True)
[2025-12-16 11:35:29.913] [INFO] Registering ExcelMappingService...
[2025-12-16 11:35:29.914] ServiceContainer: Registered 'ExcelMappingService' (singleton=True)
[2025-12-16 11:35:29.915] [INFO] Registering PreferencesService...
[2025-12-16 11:35:29.915] ServiceContainer: Registered 'PreferencesService' (singleton=True)
[2025-12-16 11:35:29.916] [INFO] Registering screen factories...
[2025-12-16 11:35:29.917] ServiceContainer: Registered 'TaskListScreen' (singleton=False)
[2025-12-16 11:35:29.917] [INFO] Resolving Application from container...
[2025-12-16 11:35:29.929] ServiceContainer: Resolving 'Application'...
[2025-12-16 11:35:29.930] [INFO] Resolving Application...
[2025-12-16 11:35:29.931] ServiceContainer: Resolving 'Theme'...
[2025-12-16 11:35:29.937] [INFO] Resolving Theme: Calling Initialize-PmcThemeSystem...
[2025-12-16 11:35:29.945] [INFO] Theme resolved: #33aaff
[2025-12-16 11:35:29.946] [INFO] Loading PmcThemeEngine...
[2025-12-16 11:35:30.003] [INFO] LoadFromConfig: Loaded Properties with 16 items
[2025-12-16 11:35:30.014] [INFO] PmcThemeEngine initialized with PMC palette (14 colors)
[2025-12-16 11:35:30.017] ServiceContainer: Resolved 'Theme' successfully
[2025-12-16 11:35:30.221] ServiceContainer: Resolving 'ThemeManager'...
[2025-12-16 11:35:30.223] [INFO] Resolving ThemeManager...
[2025-12-16 11:35:30.248] ServiceContainer: Resolved 'ThemeManager' successfully
[2025-12-16 11:35:30.256] ServiceContainer: Resolved 'Application' successfully
[2025-12-16 11:35:30.257] [INFO] Application resolved and assigned to $global:PmcApp
[2025-12-16 11:35:30.257] [INFO] Loading menus from manifest...
[2025-12-16 11:35:30.258] ServiceContainer: Resolving 'MenuRegistry'...
[2025-12-16 11:35:30.259] [INFO] Resolving MenuRegistry...
[2025-12-16 11:35:30.267] ServiceContainer: Resolved 'MenuRegistry' successfully
[2025-12-16 11:35:30.285] MenuRegistry: Loaded manifest with 24 entries
[2025-12-16 11:35:30.305] ServiceContainer: Registered 'TaskListScreen_Tomorrow' (singleton=False)
[2025-12-16 11:35:30.306] MenuRegistry: Registered screen factory 'TaskListScreen_Tomorrow' in container (viewMode=tomorrow)
[2025-12-16 11:35:30.317] MenuRegistry: Registered 'Tomorrow' in 'Tasks' menu (hotkey=T order=15)
[2025-12-16 11:35:30.319] ServiceContainer: Registered 'TaskListScreen_NoDate' (singleton=False)
[2025-12-16 11:35:30.319] MenuRegistry: Registered screen factory 'TaskListScreen_NoDate' in container (viewMode=noduedate)
[2025-12-16 11:35:30.320] MenuRegistry: Registered 'No Due Date' in 'Tasks' menu (hotkey=D order=40)
[2025-12-16 11:35:30.321] ServiceContainer: Registered 'TimeReportScreen' (singleton=False)
[2025-12-16 11:35:30.322] MenuRegistry: Registered screen factory 'TimeReportScreen' in container (viewMode=)
[2025-12-16 11:35:30.323] MenuRegistry: Registered 'Time Report' in 'Time' menu (hotkey=R order=20)
[2025-12-16 11:35:30.324] ServiceContainer: Registered 'CommandLibraryScreen' (singleton=False)
[2025-12-16 11:35:30.325] MenuRegistry: Registered screen factory 'CommandLibraryScreen' in container (viewMode=)
[2025-12-16 11:35:30.326] MenuRegistry: Registered 'Command Library' in 'Tools' menu (hotkey=L order=10)
[2025-12-16 11:35:30.327] ServiceContainer: Registered 'TimeListScreen' (singleton=False)
[2025-12-16 11:35:30.328] MenuRegistry: Registered screen factory 'TimeListScreen' in container (viewMode=)
[2025-12-16 11:35:30.328] MenuRegistry: Registered 'Time Tracking' in 'Time' menu (hotkey=T order=5)
[2025-12-16 11:35:30.329] ServiceContainer: Registered 'ThemeEditorScreen' (singleton=False)
[2025-12-16 11:35:30.330] MenuRegistry: Registered screen factory 'ThemeEditorScreen' in container (viewMode=)
[2025-12-16 11:35:30.331] MenuRegistry: Registered 'Theme Editor' in 'Options' menu (hotkey=T order=10)
[2025-12-16 11:35:30.332] ServiceContainer: Registered 'ChecklistTemplatesFolderScreen' (singleton=False)
[2025-12-16 11:35:30.336] MenuRegistry: Registered screen factory 'ChecklistTemplatesFolderScreen' in container (viewMode=)
[2025-12-16 11:35:30.337] MenuRegistry: Registered 'Checklist Templates' in 'Tools' menu (hotkey=H order=30)
[2025-12-16 11:35:30.338] ServiceContainer: Registered 'TaskListScreen_Today' (singleton=False)
[2025-12-16 11:35:30.338] MenuRegistry: Registered screen factory 'TaskListScreen_Today' in container (viewMode=today)
[2025-12-16 11:35:30.339] MenuRegistry: Registered 'Today' in 'Tasks' menu (hotkey=Y order=10)
[2025-12-16 11:35:30.340] ServiceContainer: Registered 'TaskListScreen_Week' (singleton=False)
[2025-12-16 11:35:30.341] MenuRegistry: Registered screen factory 'TaskListScreen_Week' in container (viewMode=week)
[2025-12-16 11:35:30.341] MenuRegistry: Registered 'Week View' in 'Tasks' menu (hotkey=W order=20)
[2025-12-16 11:35:30.342] ServiceContainer: Registered 'ChecklistsLauncherScreen' (singleton=False)
[2025-12-16 11:35:30.343] MenuRegistry: Registered screen factory 'ChecklistsLauncherScreen' in container (viewMode=)
[2025-12-16 11:35:30.343] MenuRegistry: Registered 'Checklists' in 'Tools' menu (hotkey=C order=25)
[2025-12-16 11:35:30.344] ServiceContainer: Registered 'SettingsScreen' (singleton=False)
[2025-12-16 11:35:30.345] MenuRegistry: Registered screen factory 'SettingsScreen' in container (viewMode=)
[2025-12-16 11:35:30.346] MenuRegistry: Registered 'Settings' in 'Options' menu (hotkey=S order=20)
[2025-12-16 11:35:30.347] ServiceContainer: Registered 'KanbanScreenV2' (singleton=False)
[2025-12-16 11:35:30.347] MenuRegistry: Registered screen factory 'KanbanScreenV2' in container (viewMode=)
[2025-12-16 11:35:30.348] MenuRegistry: Registered 'Kanban Board' in 'Tasks' menu (hotkey=K order=55)
[2025-12-16 11:35:30.349] ServiceContainer: Registered 'ExcelImportScreen' (singleton=False)
[2025-12-16 11:35:30.350] MenuRegistry: Registered screen factory 'ExcelImportScreen' in container (viewMode=)
[2025-12-16 11:35:30.350] MenuRegistry: Registered 'Import from Excel' in 'Projects' menu (hotkey=I order=40)
[2025-12-16 11:35:30.351] ServiceContainer: Registered 'ExcelProfileManagerScreen' (singleton=False)
[2025-12-16 11:35:30.352] MenuRegistry: Registered screen factory 'ExcelProfileManagerScreen' in container (viewMode=)
[2025-12-16 11:35:30.352] MenuRegistry: Registered 'Excel Profiles' in 'Projects' menu (hotkey=M order=50)
[2025-12-16 11:35:30.353] ServiceContainer: Registered 'WeeklyTimeReportScreen' (singleton=False)
[2025-12-16 11:35:30.354] MenuRegistry: Registered screen factory 'WeeklyTimeReportScreen' in container (viewMode=)
[2025-12-16 11:35:30.355] MenuRegistry: Registered 'Weekly Report' in 'Time' menu (hotkey=W order=10)
[2025-12-16 11:35:30.356] ServiceContainer: Registered 'TaskListScreen_Default' (singleton=False)
[2025-12-16 11:35:30.356] MenuRegistry: Registered screen factory 'TaskListScreen_Default' in container (viewMode=)
[2025-12-16 11:35:30.357] MenuRegistry: Registered 'Task List' in 'Tasks' menu (hotkey=L order=5)
[2025-12-16 11:35:30.358] ServiceContainer: Registered 'TaskListScreen_Overdue' (singleton=False)
[2025-12-16 11:35:30.359] MenuRegistry: Registered screen factory 'TaskListScreen_Overdue' in container (viewMode=overdue)
[2025-12-16 11:35:30.359] MenuRegistry: Registered 'Overdue' in 'Tasks' menu (hotkey=O order=30)
[2025-12-16 11:35:30.361] ServiceContainer: Registered 'HelpViewScreen' (singleton=False)
[2025-12-16 11:35:30.361] MenuRegistry: Registered screen factory 'HelpViewScreen' in container (viewMode=)
[2025-12-16 11:35:30.362] MenuRegistry: Registered 'Help' in 'Help' menu (hotkey=H order=10)
[2025-12-16 11:35:30.363] ServiceContainer: Registered 'ProjectListScreen' (singleton=False)
[2025-12-16 11:35:30.364] MenuRegistry: Registered screen factory 'ProjectListScreen' in container (viewMode=)
[2025-12-16 11:35:30.364] MenuRegistry: Registered 'Project List' in 'Projects' menu (hotkey=L order=10)
[2025-12-16 11:35:30.365] ServiceContainer: Registered 'TaskListScreen_NextActions' (singleton=False)
[2025-12-16 11:35:30.366] MenuRegistry: Registered screen factory 'TaskListScreen_NextActions' in container (viewMode=nextactions)
[2025-12-16 11:35:30.369] MenuRegistry: Registered 'Next Actions' in 'Tasks' menu (hotkey=N order=35)
[2025-12-16 11:35:30.370] ServiceContainer: Registered 'TaskListScreen_Upcoming' (singleton=False)
[2025-12-16 11:35:30.371] MenuRegistry: Registered screen factory 'TaskListScreen_Upcoming' in container (viewMode=upcoming)
[2025-12-16 11:35:30.371] MenuRegistry: Registered 'Upcoming' in 'Tasks' menu (hotkey=U order=25)
[2025-12-16 11:35:30.373] ServiceContainer: Registered 'TaskListScreen_Agenda' (singleton=False)
[2025-12-16 11:35:30.373] MenuRegistry: Registered screen factory 'TaskListScreen_Agenda' in container (viewMode=agenda)
[2025-12-16 11:35:30.374] MenuRegistry: Registered 'Agenda View' in 'Tasks' menu (hotkey=A order=50)
[2025-12-16 11:35:30.375] ServiceContainer: Registered 'NotesMenuScreen' (singleton=False)
[2025-12-16 11:35:30.376] MenuRegistry: Registered screen factory 'NotesMenuScreen' in container (viewMode=)
[2025-12-16 11:35:30.377] MenuRegistry: Registered 'Notes' in 'Tools' menu (hotkey=N order=20)
[2025-12-16 11:35:30.378] ServiceContainer: Registered 'TaskListScreen_Month' (singleton=False)
[2025-12-16 11:35:30.379] MenuRegistry: Registered screen factory 'TaskListScreen_Month' in container (viewMode=month)
[2025-12-16 11:35:30.380] MenuRegistry: Registered 'Month View' in 'Tasks' menu (hotkey=M order=45)
[2025-12-16 11:35:30.381] [INFO] Menus loaded from /home/teej/ztest/module/Pmc.Strict/consoleui/screens/MenuItems.psd1
[2025-12-16 11:35:30.381] [INFO] Launching screen: TaskList
[2025-12-16 11:35:30.382] [INFO] Resolving TaskListScreen from container...
[2025-12-16 11:35:30.383] ServiceContainer: Resolving 'TaskListScreen'...
[2025-12-16 11:35:30.385] [INFO] Resolving TaskListScreen...
[2025-12-16 11:35:30.386] ServiceContainer: Resolving 'TaskStore'...
[2025-12-16 11:35:30.387] [INFO] Resolving TaskStore...
[2025-12-16 11:35:30.572] ServiceContainer: Resolved 'TaskStore' successfully
[2025-12-16 11:35:31.016] _PopulateMenusFromRegistry: Menu 'Help' has 1 items from registry (array)
[2025-12-16 11:35:31.029] _PopulateMenusFromRegistry: Menu 'Projects' has 3 items from registry (array)
[2025-12-16 11:35:31.032] _PopulateMenusFromRegistry: Menu 'Options' has 2 items from registry (array)
[2025-12-16 11:35:31.034] _PopulateMenusFromRegistry: Menu 'Tools' has 4 items from registry (array)
[2025-12-16 11:35:31.036] _PopulateMenusFromRegistry: Menu 'Time' has 3 items from registry (array)
[2025-12-16 11:35:31.041] _PopulateMenusFromRegistry: Menu 'Tasks' has 11 items from registry (array)
[2025-12-16 11:35:31.043] ServiceContainer: Resolved 'TaskListScreen' successfully
[2025-12-16 11:35:31.044] [INFO] Pushing screen to app...
[2025-12-16 11:35:31.505] [INFO] Screen pushed successfully
[2025-12-16 11:35:31.506] [INFO] Starting event loop...
[2025-12-16 11:36:45.457] ServiceContainer: Resolving 'ProjectListScreen'...
[2025-12-16 11:36:45.526] ServiceContainer: Resolved 'ProjectListScreen' successfully
[2025-12-16 11:36:56.390] [ERROR] InlineEditor._ValidateAllFields - VALIDATION ERROR: Project is required
[2025-12-16 11:37:00.877] ServiceContainer: Resolving 'TimeListScreen'...
[2025-12-16 11:37:00.993] ServiceContainer: Resolved 'TimeListScreen' successfully
[2025-12-16 11:37:05.667] [WARNING] InlineEditor._CreateFieldWidget: WARNING - widget is null for field 'hours' (type=number)
[2025-12-16 11:37:12.326] [WARN] *** STANDARDLISTSCREEN.EDITITEM CALLED (base class) - item type=Hashtable ***
[2025-12-16 11:37:12.336] [WARNING] InlineEditor._CreateFieldWidget: WARNING - widget is null for field 'hours' (type=number)
[2025-12-16 11:37:31.678] ServiceContainer: Resolving 'TaskListScreen_Default'...
[2025-12-16 11:37:31.700] _PopulateMenusFromRegistry: Menu 'Help' has 1 items from registry (array)
[2025-12-16 11:37:31.703] _PopulateMenusFromRegistry: Menu 'Projects' has 3 items from registry (array)
[2025-12-16 11:37:31.705] _PopulateMenusFromRegistry: Menu 'Options' has 2 items from registry (array)
[2025-12-16 11:37:31.712] _PopulateMenusFromRegistry: Menu 'Tools' has 4 items from registry (array)
[2025-12-16 11:37:31.715] _PopulateMenusFromRegistry: Menu 'Time' has 3 items from registry (array)
[2025-12-16 11:37:31.722] _PopulateMenusFromRegistry: Menu 'Tasks' has 11 items from registry (array)
[2025-12-16 11:37:31.723] ServiceContainer: Resolved 'TaskListScreen_Default' successfully
[2025-12-16 11:37:41.958] [INFO] TaskListScreen.EditItem called - item.id=f6d455a4-9e14-46c4-ba1a-4563c83b3b39
[2025-12-16 11:37:41.982] [INFO] TaskListScreen.EditItem: Setting OnConfirmed callback for taskId=f6d455a4-9e14-46c4-ba1a-4563c83b3b39
[2025-12-16 12:07:09.804] [INFO] Event loop exited normally
[2025-12-16 12:07:09.805] [INFO] Cleanup - showing cursor and resetting terminal
