[2025-12-18 18:34:42.615] [INFO] Loading PMC module...
[2025-12-18 18:34:43.927] [INFO] PMC module loaded
[2025-12-18 18:34:43.931] [INFO] Loading dependencies (FieldSchemas, etc.)...
[2025-12-18 18:34:44.081] [INFO] Dependencies loaded
[2025-12-18 18:34:44.094] [INFO] Loading SpeedTUI framework...
[2025-12-18 18:34:45.388] [INFO] SpeedTUI framework loaded
[2025-12-18 18:34:45.390] [INFO] Loading PraxisVT...
[2025-12-18 18:34:45.393] [INFO] PraxisVT loaded
[2025-12-18 18:34:45.394] [INFO] Loading core dependencies...
[2025-12-18 18:34:45.460] [INFO] Core dependencies loaded
[2025-12-18 18:34:45.463] [INFO] Loading widget base classes...
[2025-12-18 18:34:45.503] [INFO] Widget base classes loaded
[2025-12-18 18:34:45.505] [INFO] Loading services...
[2025-12-18 18:34:45.684] [INFO] Services loaded
[2025-12-18 18:34:45.686] [INFO] Loading helpers...
[2025-12-18 18:34:45.887] [INFO] Helpers loaded
[2025-12-18 18:34:45.890] [INFO] Loading widgets...
[2025-12-18 18:34:46.299] [INFO] Widgets loaded
[2025-12-18 18:34:46.301] [INFO] Loading screen base class...
[2025-12-18 18:34:46.318] [INFO] Screen base class loaded
[2025-12-18 18:34:46.319] [INFO] Loading HelpViewScreen (needed by base classes)...
[2025-12-18 18:34:46.329] [INFO] HelpViewScreen loaded
[2025-12-18 18:34:46.331] [INFO] Loading base classes...
[2025-12-18 18:34:46.397] [INFO] Base classes loaded
[2025-12-18 18:34:46.399] [INFO] Loading ServiceContainer (needed by screens)...
[2025-12-18 18:34:46.406] [INFO] ServiceContainer loaded
[2025-12-18 18:34:46.408] [INFO] Loading remaining screens...
[2025-12-18 18:34:46.534] [INFO] Remaining screens loaded
[2025-12-18 18:34:46.536] [INFO] Loading PmcApplication...
[2025-12-18 18:34:46.562] [INFO] PmcApplication loaded
[2025-12-18 18:34:46.564] [INFO] All components loaded successfully
