[2025-12-17 14:19:05.909] [INFO] Loading PMC module...
[2025-12-17 14:19:07.234] [INFO] PMC module loaded
[2025-12-17 14:19:07.238] [INFO] Loading dependencies (FieldSchemas, etc.)...
[2025-12-17 14:19:07.370] [INFO] Dependencies loaded
[2025-12-17 14:19:07.371] [INFO] Loading SpeedTUI framework...
[2025-12-17 14:19:07.666] [INFO] SpeedTUI framework loaded
[2025-12-17 14:19:07.667] [INFO] Loading PraxisVT...
[2025-12-17 14:19:07.669] [INFO] PraxisVT loaded
[2025-12-17 14:19:07.671] [INFO] Loading core dependencies...
[2025-12-17 14:19:07.721] [INFO] Core dependencies loaded
[2025-12-17 14:19:07.722] [INFO] Loading widget base classes...
[2025-12-17 14:19:07.797] [INFO] Widget base classes loaded
[2025-12-17 14:19:07.798] [INFO] Loading services...
[2025-12-17 14:19:07.907] [INFO] Services loaded
[2025-12-17 14:19:07.908] [INFO] Loading helpers...
[2025-12-17 14:19:08.912] [INFO] Helpers loaded
[2025-12-17 14:19:08.913] [INFO] Loading widgets...
[2025-12-17 14:19:09.293] [INFO] Widgets loaded
[2025-12-17 14:19:09.295] [INFO] Loading screen base class...
[2025-12-17 14:19:09.319] [INFO] Screen base class loaded
[2025-12-17 14:19:09.321] [INFO] Loading HelpViewScreen (needed by base classes)...
[2025-12-17 14:19:09.328] [INFO] HelpViewScreen loaded
[2025-12-17 14:19:09.330] [INFO] Loading base classes...
[2025-12-17 14:19:09.401] [INFO] Base classes loaded
[2025-12-17 14:19:09.402] [INFO] Loading ServiceContainer (needed by screens)...
[2025-12-17 14:19:09.410] [INFO] ServiceContainer loaded
[2025-12-17 14:19:09.412] [INFO] Loading remaining screens...
[2025-12-17 14:19:09.555] [INFO] Remaining screens loaded
[2025-12-17 14:19:09.556] [INFO] Loading PmcApplication...
[2025-12-17 14:19:09.582] [INFO] PmcApplication loaded
[2025-12-17 14:19:09.583] [INFO] All components loaded successfully
[2025-12-17 14:19:09.605] [INFO] Starting PMC TUI with screen: TaskList
[2025-12-17 14:19:09.617] [INFO] Cleared stale PmcSharedMenuBar and MenuRegistry singleton
[2025-12-17 14:19:09.619] [INFO] Creating ServiceContainer...
[2025-12-17 14:19:09.636] [INFO] ServiceContainer created
[2025-12-17 14:19:09.638] [INFO] Registering Theme service...
[2025-12-17 14:19:09.662] ServiceContainer: Registered 'Theme' (singleton=True)
[2025-12-17 14:19:09.667] [INFO] Registering ThemeManager...
[2025-12-17 14:19:09.668] ServiceContainer: Registered 'ThemeManager' (singleton=True)
[2025-12-17 14:19:09.669] [INFO] Registering Config service...
[2025-12-17 14:19:09.670] ServiceContainer: Registered 'Config' (singleton=True)
[2025-12-17 14:19:09.672] [INFO] Registering TaskStore service...
[2025-12-17 14:19:09.672] ServiceContainer: Registered 'TaskStore' (singleton=True)
[2025-12-17 14:19:09.673] [INFO] Registering MenuRegistry service...
[2025-12-17 14:19:09.674] ServiceContainer: Registered 'MenuRegistry' (singleton=True)
[2025-12-17 14:19:09.676] [INFO] Registering Application service...
[2025-12-17 14:19:09.677] ServiceContainer: Registered 'Application' (singleton=True)
[2025-12-17 14:19:09.678] [INFO] Registering CommandService...
[2025-12-17 14:19:09.679] ServiceContainer: Registered 'CommandService' (singleton=True)
[2025-12-17 14:19:09.680] [INFO] Registering ChecklistService...
[2025-12-17 14:19:09.681] ServiceContainer: Registered 'ChecklistService' (singleton=True)
[2025-12-17 14:19:09.689] [INFO] Registering NoteService...
[2025-12-17 14:19:09.690] ServiceContainer: Registered 'NoteService' (singleton=True)
[2025-12-17 14:19:09.691] [INFO] Registering ExcelMappingService...
[2025-12-17 14:19:09.692] ServiceContainer: Registered 'ExcelMappingService' (singleton=True)
[2025-12-17 14:19:09.693] [INFO] Registering PreferencesService...
[2025-12-17 14:19:09.694] ServiceContainer: Registered 'PreferencesService' (singleton=True)
[2025-12-17 14:19:09.695] [INFO] Registering screen factories...
[2025-12-17 14:19:09.696] ServiceContainer: Registered 'TaskListScreen' (singleton=False)
[2025-12-17 14:19:09.697] [INFO] Resolving Application from container...
[2025-12-17 14:19:09.715] ServiceContainer: Resolving 'Application'...
[2025-12-17 14:19:09.717] [INFO] Resolving Application...
[2025-12-17 14:19:09.718] ServiceContainer: Resolving 'Theme'...
[2025-12-17 14:19:09.728] [INFO] Resolving Theme: Calling Initialize-PmcThemeSystem...
[2025-12-17 14:19:09.743] [INFO] Theme resolved: #33aaff
[2025-12-17 14:19:09.745] [INFO] Loading PmcThemeEngine...
[2025-12-17 14:19:09.830] [INFO] LoadFromConfig: Loaded Properties with 23 items
[2025-12-17 14:19:09.850] [INFO] PmcThemeEngine initialized with PMC palette (14 colors)
[2025-12-17 14:19:09.854] ServiceContainer: Resolved 'Theme' successfully
[2025-12-17 14:19:10.538] ServiceContainer: Resolving 'ThemeManager'...
[2025-12-17 14:19:10.541] [INFO] Resolving ThemeManager...
[2025-12-17 14:19:10.584] ServiceContainer: Resolved 'ThemeManager' successfully
[2025-12-17 14:19:10.598] ServiceContainer: Resolved 'Application' successfully
[2025-12-17 14:19:10.599] [INFO] Application resolved and assigned to $global:PmcApp
[2025-12-17 14:19:10.600] [INFO] Loading menus from manifest...
[2025-12-17 14:19:10.601] ServiceContainer: Resolving 'MenuRegistry'...
[2025-12-17 14:19:10.603] [INFO] Resolving MenuRegistry...
[2025-12-17 14:19:10.621] ServiceContainer: Resolved 'MenuRegistry' successfully
[2025-12-17 14:19:10.646] MenuRegistry: Loaded manifest with 24 entries
[2025-12-17 14:19:10.683] ServiceContainer: Registered 'TaskListScreen_Week' (singleton=False)
[2025-12-17 14:19:10.684] MenuRegistry: Registered screen factory 'TaskListScreen_Week' in container (viewMode=week)
[2025-12-17 14:19:10.703] MenuRegistry: Registered 'Week View' in 'Tasks' menu (hotkey=W order=20)
[2025-12-17 14:19:10.706] ServiceContainer: Registered 'NotesMenuScreen' (singleton=False)
[2025-12-17 14:19:10.708] MenuRegistry: Registered screen factory 'NotesMenuScreen' in container (viewMode=)
[2025-12-17 14:19:10.711] MenuRegistry: Registered 'Notes' in 'Tools' menu (hotkey=N order=20)
[2025-12-17 14:19:10.713] ServiceContainer: Registered 'TaskListScreen_Overdue' (singleton=False)
[2025-12-17 14:19:10.714] MenuRegistry: Registered screen factory 'TaskListScreen_Overdue' in container (viewMode=overdue)
[2025-12-17 14:19:10.716] MenuRegistry: Registered 'Overdue' in 'Tasks' menu (hotkey=O order=30)
[2025-12-17 14:19:10.718] ServiceContainer: Registered 'ChecklistsLauncherScreen' (singleton=False)
[2025-12-17 14:19:10.719] MenuRegistry: Registered screen factory 'ChecklistsLauncherScreen' in container (viewMode=)
[2025-12-17 14:19:10.720] MenuRegistry: Registered 'Checklists' in 'Tools' menu (hotkey=C order=25)
[2025-12-17 14:19:10.722] ServiceContainer: Registered 'WeeklyTimeReportScreen' (singleton=False)
[2025-12-17 14:19:10.724] MenuRegistry: Registered screen factory 'WeeklyTimeReportScreen' in container (viewMode=)
[2025-12-17 14:19:10.725] MenuRegistry: Registered 'Weekly Report' in 'Time' menu (hotkey=W order=10)
[2025-12-17 14:19:10.734] ServiceContainer: Registered 'TaskListScreen_Agenda' (singleton=False)
[2025-12-17 14:19:10.735] MenuRegistry: Registered screen factory 'TaskListScreen_Agenda' in container (viewMode=agenda)
[2025-12-17 14:19:10.736] MenuRegistry: Registered 'Agenda View' in 'Tasks' menu (hotkey=A order=50)
[2025-12-17 14:19:10.738] ServiceContainer: Registered 'ChecklistTemplatesFolderScreen' (singleton=False)
[2025-12-17 14:19:10.739] MenuRegistry: Registered screen factory 'ChecklistTemplatesFolderScreen' in container (viewMode=)
[2025-12-17 14:19:10.740] MenuRegistry: Registered 'Checklist Templates' in 'Tools' menu (hotkey=H order=30)
[2025-12-17 14:19:10.742] ServiceContainer: Registered 'ProjectListScreen' (singleton=False)
[2025-12-17 14:19:10.743] MenuRegistry: Registered screen factory 'ProjectListScreen' in container (viewMode=)
[2025-12-17 14:19:10.744] MenuRegistry: Registered 'Project List' in 'Projects' menu (hotkey=L order=10)
[2025-12-17 14:19:10.746] ServiceContainer: Registered 'ExcelImportScreen' (singleton=False)
[2025-12-17 14:19:10.747] MenuRegistry: Registered screen factory 'ExcelImportScreen' in container (viewMode=)
[2025-12-17 14:19:10.748] MenuRegistry: Registered 'Import from Excel' in 'Projects' menu (hotkey=I order=40)
[2025-12-17 14:19:10.750] ServiceContainer: Registered 'SettingsScreen' (singleton=False)
[2025-12-17 14:19:10.750] MenuRegistry: Registered screen factory 'SettingsScreen' in container (viewMode=)
[2025-12-17 14:19:10.752] MenuRegistry: Registered 'Settings' in 'Options' menu (hotkey=S order=20)
[2025-12-17 14:19:10.753] ServiceContainer: Registered 'ThemeEditorScreen' (singleton=False)
[2025-12-17 14:19:10.754] MenuRegistry: Registered screen factory 'ThemeEditorScreen' in container (viewMode=)
[2025-12-17 14:19:10.755] MenuRegistry: Registered 'Theme Editor' in 'Options' menu (hotkey=T order=10)
[2025-12-17 14:19:10.757] ServiceContainer: Registered 'TaskListScreen_Today' (singleton=False)
[2025-12-17 14:19:10.758] MenuRegistry: Registered screen factory 'TaskListScreen_Today' in container (viewMode=today)
[2025-12-17 14:19:10.759] MenuRegistry: Registered 'Today' in 'Tasks' menu (hotkey=Y order=10)
[2025-12-17 14:19:10.761] ServiceContainer: Registered 'TaskListScreen_NoDate' (singleton=False)
[2025-12-17 14:19:10.761] MenuRegistry: Registered screen factory 'TaskListScreen_NoDate' in container (viewMode=noduedate)
[2025-12-17 14:19:10.763] MenuRegistry: Registered 'No Due Date' in 'Tasks' menu (hotkey=D order=40)
[2025-12-17 14:19:10.765] ServiceContainer: Registered 'HelpViewScreen' (singleton=False)
[2025-12-17 14:19:10.766] MenuRegistry: Registered screen factory 'HelpViewScreen' in container (viewMode=)
[2025-12-17 14:19:10.767] MenuRegistry: Registered 'Help' in 'Help' menu (hotkey=H order=10)
[2025-12-17 14:19:10.768] ServiceContainer: Registered 'CommandLibraryScreen' (singleton=False)
[2025-12-17 14:19:10.769] MenuRegistry: Registered screen factory 'CommandLibraryScreen' in container (viewMode=)
[2025-12-17 14:19:10.771] MenuRegistry: Registered 'Command Library' in 'Tools' menu (hotkey=L order=10)
[2025-12-17 14:19:10.772] ServiceContainer: Registered 'TaskListScreen_Tomorrow' (singleton=False)
[2025-12-17 14:19:10.773] MenuRegistry: Registered screen factory 'TaskListScreen_Tomorrow' in container (viewMode=tomorrow)
[2025-12-17 14:19:10.774] MenuRegistry: Registered 'Tomorrow' in 'Tasks' menu (hotkey=T order=15)
[2025-12-17 14:19:10.776] ServiceContainer: Registered 'ExcelProfileManagerScreen' (singleton=False)
[2025-12-17 14:19:10.777] MenuRegistry: Registered screen factory 'ExcelProfileManagerScreen' in container (viewMode=)
[2025-12-17 14:19:10.779] MenuRegistry: Registered 'Excel Profiles' in 'Projects' menu (hotkey=M order=50)
[2025-12-17 14:19:10.780] ServiceContainer: Registered 'TaskListScreen_NextActions' (singleton=False)
[2025-12-17 14:19:10.782] MenuRegistry: Registered screen factory 'TaskListScreen_NextActions' in container (viewMode=nextactions)
[2025-12-17 14:19:10.783] MenuRegistry: Registered 'Next Actions' in 'Tasks' menu (hotkey=N order=35)
[2025-12-17 14:19:10.785] ServiceContainer: Registered 'KanbanScreenV2' (singleton=False)
[2025-12-17 14:19:10.789] MenuRegistry: Registered screen factory 'KanbanScreenV2' in container (viewMode=)
[2025-12-17 14:19:10.791] MenuRegistry: Registered 'Kanban Board' in 'Tasks' menu (hotkey=K order=55)
[2025-12-17 14:19:10.793] ServiceContainer: Registered 'TaskListScreen_Upcoming' (singleton=False)
[2025-12-17 14:19:10.794] MenuRegistry: Registered screen factory 'TaskListScreen_Upcoming' in container (viewMode=upcoming)
[2025-12-17 14:19:10.796] MenuRegistry: Registered 'Upcoming' in 'Tasks' menu (hotkey=U order=25)
[2025-12-17 14:19:10.798] ServiceContainer: Registered 'TaskListScreen_Month' (singleton=False)
[2025-12-17 14:19:10.799] MenuRegistry: Registered screen factory 'TaskListScreen_Month' in container (viewMode=month)
[2025-12-17 14:19:10.801] MenuRegistry: Registered 'Month View' in 'Tasks' menu (hotkey=M order=45)
[2025-12-17 14:19:10.803] ServiceContainer: Registered 'TimeReportScreen' (singleton=False)
[2025-12-17 14:19:10.804] MenuRegistry: Registered screen factory 'TimeReportScreen' in container (viewMode=)
[2025-12-17 14:19:10.806] MenuRegistry: Registered 'Time Report' in 'Time' menu (hotkey=R order=20)
[2025-12-17 14:19:10.808] ServiceContainer: Registered 'TimeListScreen' (singleton=False)
[2025-12-17 14:19:10.809] MenuRegistry: Registered screen factory 'TimeListScreen' in container (viewMode=)
[2025-12-17 14:19:10.811] MenuRegistry: Registered 'Time Tracking' in 'Time' menu (hotkey=T order=5)
[2025-12-17 14:19:10.813] ServiceContainer: Registered 'TaskListScreen_Default' (singleton=False)
[2025-12-17 14:19:10.815] MenuRegistry: Registered screen factory 'TaskListScreen_Default' in container (viewMode=)
[2025-12-17 14:19:10.817] MenuRegistry: Registered 'Task List' in 'Tasks' menu (hotkey=L order=5)
[2025-12-17 14:19:10.818] [INFO] Menus loaded from /home/teej/ztest/module/Pmc.Strict/consoleui/screens/MenuItems.psd1
[2025-12-17 14:19:10.820] [INFO] Launching screen: TaskList
[2025-12-17 14:19:10.821] [INFO] Resolving TaskListScreen from container...
[2025-12-17 14:19:10.823] ServiceContainer: Resolving 'TaskListScreen'...
[2025-12-17 14:19:10.825] [INFO] Resolving TaskListScreen...
[2025-12-17 14:19:10.827] ServiceContainer: Resolving 'TaskStore'...
[2025-12-17 14:19:10.829] [INFO] Resolving TaskStore...
[2025-12-17 14:19:11.141] ServiceContainer: Resolved 'TaskStore' successfully
[2025-12-17 14:19:11.911] _PopulateMenusFromRegistry: Menu 'Tools' has 4 items from registry (array)
[2025-12-17 14:19:11.937] _PopulateMenusFromRegistry: Menu 'Tasks' has 11 items from registry (array)
[2025-12-17 14:19:11.942] _PopulateMenusFromRegistry: Menu 'Projects' has 3 items from registry (array)
[2025-12-17 14:19:11.945] _PopulateMenusFromRegistry: Menu 'Options' has 2 items from registry (array)
[2025-12-17 14:19:11.950] _PopulateMenusFromRegistry: Menu 'Help' has 1 items from registry (array)
[2025-12-17 14:19:11.954] _PopulateMenusFromRegistry: Menu 'Time' has 3 items from registry (array)
[2025-12-17 14:19:11.957] ServiceContainer: Resolved 'TaskListScreen' successfully
[2025-12-17 14:19:11.958] [INFO] Pushing screen to app...
[2025-12-17 14:19:12.921] [INFO] Screen pushed successfully
[2025-12-17 14:19:12.923] [INFO] Starting event loop...
[2025-12-17 14:19:22.453] ServiceContainer: Resolving 'ThemeEditorScreen'...
[2025-12-17 14:19:22.508] ServiceContainer: Resolved 'ThemeEditorScreen' successfully
[2025-12-17 14:19:36.614] ThemeHelper: Hot reload started (hex=#ff00ff)
[2025-12-17 14:19:36.626] ThemeHelper: Palette loaded with 14 colors
[2025-12-17 14:19:36.642] ThemeHelper: PmcThemeEngine reloaded
[2025-12-17 14:19:36.647] ThemeHelper: PmcThemeManager reloaded
[2025-12-17 14:19:36.767] RequestRender called from: Invoke-ThemeHotReload at line 81
[2025-12-17 14:19:36.776] ThemeHelper: Screen refresh requested
[2025-12-17 14:19:36.777] ThemeHelper: Hot reload COMPLETE
[2025-12-17 14:19:44.879] ServiceContainer: Resolving 'TaskListScreen_Default'...
[2025-12-17 14:19:44.904] _PopulateMenusFromRegistry: Menu 'Tools' has 4 items from registry (array)
[2025-12-17 14:19:44.910] _PopulateMenusFromRegistry: Menu 'Tasks' has 11 items from registry (array)
[2025-12-17 14:19:44.913] _PopulateMenusFromRegistry: Menu 'Projects' has 3 items from registry (array)
[2025-12-17 14:19:44.916] _PopulateMenusFromRegistry: Menu 'Options' has 2 items from registry (array)
[2025-12-17 14:19:44.918] _PopulateMenusFromRegistry: Menu 'Help' has 1 items from registry (array)
[2025-12-17 14:19:44.921] _PopulateMenusFromRegistry: Menu 'Time' has 3 items from registry (array)
[2025-12-17 14:19:44.923] ServiceContainer: Resolved 'TaskListScreen_Default' successfully
[2025-12-17 14:19:55.990] [INFO] Event loop exited normally
[2025-12-17 14:19:55.991] [INFO] Cleanup - showing cursor and resetting terminal
