[2025-12-16 08:00:52.711] [INFO] Loading PMC module...
[2025-12-16 08:00:54.336] [INFO] PMC module loaded
[2025-12-16 08:00:54.339] [INFO] Loading dependencies (FieldSchemas, etc.)...
[2025-12-16 08:00:54.472] [INFO] Dependencies loaded
[2025-12-16 08:00:54.474] [INFO] Loading SpeedTUI framework...
[2025-12-16 08:00:55.012] [INFO] SpeedTUI framework loaded
[2025-12-16 08:00:55.014] [INFO] Loading PraxisVT...
[2025-12-16 08:00:55.017] [INFO] PraxisVT loaded
[2025-12-16 08:00:55.019] [INFO] Loading core dependencies...
[2025-12-16 08:00:55.079] [INFO] Core dependencies loaded
[2025-12-16 08:00:55.081] [INFO] Loading widget base classes...
[2025-12-16 08:00:55.181] [INFO] Widget base classes loaded
[2025-12-16 08:00:55.184] [INFO] Loading services...
[2025-12-16 08:00:55.380] [INFO] Services loaded
[2025-12-16 08:00:55.383] [INFO] Loading helpers...
[2025-12-16 08:00:56.557] [INFO] Helpers loaded
[2025-12-16 08:00:56.559] [INFO] Loading widgets...
[2025-12-16 08:00:56.973] [INFO] Widgets loaded
[2025-12-16 08:00:56.975] [INFO] Loading screen base class...
[2025-12-16 08:00:56.994] [INFO] Screen base class loaded
[2025-12-16 08:00:56.995] [INFO] Loading HelpViewScreen (needed by base classes)...
[2025-12-16 08:00:57.005] [INFO] HelpViewScreen loaded
[2025-12-16 08:00:57.006] [INFO] Loading base classes...
[2025-12-16 08:00:57.114] [INFO] Base classes loaded
[2025-12-16 08:00:57.118] [INFO] Loading ServiceContainer (needed by screens)...
[2025-12-16 08:00:57.130] [INFO] ServiceContainer loaded
[2025-12-16 08:00:57.131] [INFO] Loading remaining screens...
[2025-12-16 08:00:57.263] [INFO] Remaining screens loaded
[2025-12-16 08:00:57.266] [INFO] Loading PmcApplication...
[2025-12-16 08:00:57.283] [INFO] PmcApplication loaded
[2025-12-16 08:00:57.285] [INFO] All components loaded successfully
