[2025-12-16 12:36:51.861] [INFO] Loading PMC module...
[2025-12-16 12:36:52.653] [INFO] PMC module loaded
[2025-12-16 12:36:52.655] [INFO] Loading dependencies (FieldSchemas, etc.)...
[2025-12-16 12:36:52.738] [INFO] Dependencies loaded
[2025-12-16 12:36:52.738] [INFO] Loading SpeedTUI framework...
[2025-12-16 12:36:52.910] [INFO] SpeedTUI framework loaded
[2025-12-16 12:36:52.911] [INFO] Loading PraxisVT...
[2025-12-16 12:36:52.913] [INFO] PraxisVT loaded
[2025-12-16 12:36:52.914] [INFO] Loading core dependencies...
[2025-12-16 12:36:52.950] [INFO] Core dependencies loaded
[2025-12-16 12:36:52.951] [INFO] Loading widget base classes...
[2025-12-16 12:36:52.992] [INFO] Widget base classes loaded
[2025-12-16 12:36:52.993] [INFO] Loading services...
[2025-12-16 12:36:53.090] [INFO] Services loaded
[2025-12-16 12:36:53.091] [INFO] Loading helpers...
[2025-12-16 12:36:53.533] [INFO] Helpers loaded
[2025-12-16 12:36:53.534] [INFO] Loading widgets...
[2025-12-16 12:36:53.760] [INFO] Widgets loaded
[2025-12-16 12:36:53.761] [INFO] Loading screen base class...
[2025-12-16 12:36:53.771] [INFO] Screen base class loaded
[2025-12-16 12:36:53.772] [INFO] Loading HelpViewScreen (needed by base classes)...
[2025-12-16 12:36:53.783] [INFO] HelpViewScreen loaded
[2025-12-16 12:36:53.785] [INFO] Loading base classes...
[2025-12-16 12:36:53.859] [INFO] Base classes loaded
[2025-12-16 12:36:53.860] [INFO] Loading ServiceContainer (needed by screens)...
[2025-12-16 12:36:53.876] [INFO] ServiceContainer loaded
[2025-12-16 12:36:53.877] [INFO] Loading remaining screens...
[2025-12-16 12:36:53.960] [INFO] Remaining screens loaded
[2025-12-16 12:36:53.961] [INFO] Loading PmcApplication...
[2025-12-16 12:36:53.988] [INFO] PmcApplication loaded
[2025-12-16 12:36:53.998] [INFO] All components loaded successfully
