[2025-12-18 10:02:10.846] [INFO] Loading PMC module...
[2025-12-18 10:02:11.764] [INFO] PMC module loaded
[2025-12-18 10:02:11.767] [INFO] Loading dependencies (FieldSchemas, etc.)...
[2025-12-18 10:02:11.851] [INFO] Dependencies loaded
[2025-12-18 10:02:11.852] [INFO] Loading SpeedTUI framework...
[2025-12-18 10:02:12.915] [INFO] SpeedTUI framework loaded
[2025-12-18 10:02:12.916] [INFO] Loading PraxisVT...
[2025-12-18 10:02:12.917] [INFO] PraxisVT loaded
[2025-12-18 10:02:12.918] [INFO] Loading core dependencies...
[2025-12-18 10:02:12.955] [INFO] Core dependencies loaded
[2025-12-18 10:02:12.956] [INFO] Loading widget base classes...
[2025-12-18 10:02:12.979] [INFO] Widget base classes loaded
[2025-12-18 10:02:12.980] [INFO] Loading services...
[2025-12-18 10:02:13.077] [INFO] Services loaded
[2025-12-18 10:02:13.078] [INFO] Loading helpers...
[2025-12-18 10:02:13.216] [INFO] Helpers loaded
[2025-12-18 10:02:13.217] [INFO] Loading widgets...
[2025-12-18 10:02:13.491] [INFO] Widgets loaded
[2025-12-18 10:02:13.492] [INFO] Loading screen base class...
[2025-12-18 10:02:13.505] [INFO] Screen base class loaded
[2025-12-18 10:02:13.507] [INFO] Loading HelpViewScreen (needed by base classes)...
[2025-12-18 10:02:13.514] [INFO] HelpViewScreen loaded
[2025-12-18 10:02:13.515] [INFO] Loading base classes...
[2025-12-18 10:02:13.588] [INFO] Base classes loaded
[2025-12-18 10:02:13.590] [INFO] Loading ServiceContainer (needed by screens)...
[2025-12-18 10:02:13.598] [INFO] ServiceContainer loaded
[2025-12-18 10:02:13.599] [INFO] Loading remaining screens...
[2025-12-18 10:02:13.690] [INFO] Remaining screens loaded
[2025-12-18 10:02:13.691] [INFO] Loading PmcApplication...
[2025-12-18 10:02:13.711] [ERROR] Failed to load PmcApplication: At /home/teej/ztest/module/Pmc.Strict/consoleui/PmcApplication.ps1:441 char:26
+                     if ([PmcTerminalService]::CheckForResize()) {
+                          ~~~~~~~~~~~~~~~~~~
Unable to find type [PmcTerminalService].

At /home/teej/ztest/module/Pmc.Strict/consoleui/PmcApplication.ps1:442 char:34
+                         $dims = [PmcTerminalService]::GetDimensions()
+                                  ~~~~~~~~~~~~~~~~~~
Unable to find type [PmcTerminalService].

At /home/teej/ztest/module/Pmc.Strict/consoleui/PmcApplication.ps1:646 char:18
+         $dims = [PmcTerminalService]::GetDimensions()
+                  ~~~~~~~~~~~~~~~~~~
Unable to find type [PmcTerminalService].
[2025-12-18 10:02:13.716] [INFO] All components loaded successfully
[2025-12-18 10:02:13.737] [INFO] Starting PMC TUI with screen: TaskList
[2025-12-18 10:02:13.743] [INFO] Cleared stale PmcSharedMenuBar and MenuRegistry singleton
[2025-12-18 10:02:13.744] [INFO] Creating ServiceContainer...
[2025-12-18 10:02:13.753] [INFO] ServiceContainer created
[2025-12-18 10:02:13.754] [INFO] Registering Theme service...
[2025-12-18 10:02:13.768] ServiceContainer: Registered 'Theme' (singleton=True)
[2025-12-18 10:02:13.771] [INFO] Registering ThemeManager...
[2025-12-18 10:02:13.772] ServiceContainer: Registered 'ThemeManager' (singleton=True)
[2025-12-18 10:02:13.773] [INFO] Registering Config service...
[2025-12-18 10:02:13.774] ServiceContainer: Registered 'Config' (singleton=True)
[2025-12-18 10:02:13.775] [INFO] Registering TaskStore service...
[2025-12-18 10:02:13.776] ServiceContainer: Registered 'TaskStore' (singleton=True)
[2025-12-18 10:02:13.776] [INFO] Registering MenuRegistry service...
[2025-12-18 10:02:13.777] ServiceContainer: Registered 'MenuRegistry' (singleton=True)
[2025-12-18 10:02:13.778] [INFO] Registering Application service...
[2025-12-18 10:02:13.779] ServiceContainer: Registered 'Application' (singleton=True)
[2025-12-18 10:02:13.780] [INFO] Registering CommandService...
[2025-12-18 10:02:13.781] ServiceContainer: Registered 'CommandService' (singleton=True)
[2025-12-18 10:02:13.782] [INFO] Registering ChecklistService...
[2025-12-18 10:02:13.783] ServiceContainer: Registered 'ChecklistService' (singleton=True)
[2025-12-18 10:02:13.784] [INFO] Registering NoteService...
[2025-12-18 10:02:13.785] ServiceContainer: Registered 'NoteService' (singleton=True)
[2025-12-18 10:02:13.786] [INFO] Registering ExcelMappingService...
[2025-12-18 10:02:13.787] ServiceContainer: Registered 'ExcelMappingService' (singleton=True)
[2025-12-18 10:02:13.787] [INFO] Registering PreferencesService...
[2025-12-18 10:02:13.788] ServiceContainer: Registered 'PreferencesService' (singleton=True)
[2025-12-18 10:02:13.789] [INFO] Registering screen factories...
[2025-12-18 10:02:13.790] ServiceContainer: Registered 'TaskListScreen' (singleton=False)
[2025-12-18 10:02:13.791] [INFO] Resolving Application from container...
[2025-12-18 10:02:13.804] ServiceContainer: Resolving 'Application'...
[2025-12-18 10:02:13.806] [INFO] Resolving Application...
[2025-12-18 10:02:13.807] ServiceContainer: Resolving 'Theme'...
[2025-12-18 10:02:13.818] [INFO] Resolving Theme: Calling Initialize-PmcThemeSystem...
[2025-12-18 10:02:13.830] [INFO] Theme resolved: #33aaff
[2025-12-18 10:02:13.831] [INFO] Loading PmcThemeEngine...
[2025-12-18 10:02:13.894] [INFO] LoadFromConfig: Loaded Properties with 23 items
[2025-12-18 10:02:13.904] [INFO] PmcThemeEngine initialized with PMC palette (14 colors)
[2025-12-18 10:02:13.906] ServiceContainer: Resolved 'Theme' successfully
[2025-12-18 10:02:13.910] [ERROR] ServiceContainer: Failed to resolve 'Application': Unable to find type [PmcApplication].
[2025-12-18 10:02:13.911] Stack trace: at <ScriptBlock>, /home/teej/ztest/module/Pmc.Strict/consoleui/Start-PmcTUI.ps1: line 502
at Resolve, /home/teej/ztest/module/Pmc.Strict/consoleui/ServiceContainer.ps1: line 130
at Start-PmcTUI, /home/teej/ztest/module/Pmc.Strict/consoleui/Start-PmcTUI.ps1: line 559
at <ScriptBlock>, /home/teej/ztest/module/Pmc.Strict/consoleui/Start-PmcTUI.ps1: line 639
[2025-12-18 10:02:13.914] [ERROR] EXCEPTION: Unable to find type [PmcApplication].
[2025-12-18 10:02:13.917] [ERROR] Stack trace: at <ScriptBlock>, /home/teej/ztest/module/Pmc.Strict/consoleui/Start-PmcTUI.ps1: line 502
at Resolve, /home/teej/ztest/module/Pmc.Strict/consoleui/ServiceContainer.ps1: line 130
at Start-PmcTUI, /home/teej/ztest/module/Pmc.Strict/consoleui/Start-PmcTUI.ps1: line 559
at <ScriptBlock>, /home/teej/ztest/module/Pmc.Strict/consoleui/Start-PmcTUI.ps1: line 639
[2025-12-18 10:02:13.938] [ERROR] Exception details: 
ErrorRecord                 : Unable to find type [PmcApplication].
WasThrownFromThrowStatement : True
TargetSite                  : Void CheckActionPreference(System.Management.Automation.Language.FunctionContext, System.Exception)
Message                     : Unable to find type [PmcApplication].
Data                        : {[System.Management.Automation.Interpreter.InterpretedFrameInfo, System.Management.Automation.Interpreter.InterpretedFrameInfo[]]}
InnerException              : 
HelpLink                    : 
Source                      : System.Management.Automation
HResult                     : -2146233087
StackTrace                  :    at System.Management.Automation.ExceptionHandlingOps.CheckActionPreference(FunctionContext funcContext, Exception exception)
                                 at System.Management.Automation.Interpreter.ActionCallInstruction`2.Run(InterpretedFrame frame)
                                 at System.Management.Automation.Interpreter.EnterTryCatchFinallyInstruction.Run(InterpretedFrame frame)
                                 at System.Management.Automation.Interpreter.EnterTryCatchFinallyInstruction.Run(InterpretedFrame frame)


[2025-12-18 10:02:13.949] [INFO] Cleanup - showing cursor and resetting terminal
