[2025-12-16 08:01:50.302] [INFO] Loading PMC module...
[2025-12-16 08:01:51.835] [INFO] PMC module loaded
[2025-12-16 08:01:51.839] [INFO] Loading dependencies (FieldSchemas, etc.)...
[2025-12-16 08:01:51.969] [INFO] Dependencies loaded
[2025-12-16 08:01:51.970] [INFO] Loading SpeedTUI framework...
[2025-12-16 08:01:52.256] [INFO] SpeedTUI framework loaded
[2025-12-16 08:01:52.258] [INFO] Loading PraxisVT...
[2025-12-16 08:01:52.260] [INFO] PraxisVT loaded
[2025-12-16 08:01:52.262] [INFO] Loading core dependencies...
[2025-12-16 08:01:52.320] [INFO] Core dependencies loaded
[2025-12-16 08:01:52.321] [INFO] Loading widget base classes...
[2025-12-16 08:01:52.356] [INFO] Widget base classes loaded
[2025-12-16 08:01:52.358] [INFO] Loading services...
[2025-12-16 08:01:52.500] [INFO] Services loaded
[2025-12-16 08:01:52.502] [INFO] Loading helpers...
[2025-12-16 08:01:53.194] [INFO] Helpers loaded
[2025-12-16 08:01:53.196] [INFO] Loading widgets...
[2025-12-16 08:01:53.654] [INFO] Widgets loaded
[2025-12-16 08:01:53.656] [INFO] Loading screen base class...
[2025-12-16 08:01:53.678] [INFO] Screen base class loaded
[2025-12-16 08:01:53.680] [INFO] Loading HelpViewScreen (needed by base classes)...
[2025-12-16 08:01:53.693] [INFO] HelpViewScreen loaded
[2025-12-16 08:01:53.695] [INFO] Loading base classes...
[2025-12-16 08:01:53.761] [INFO] Base classes loaded
[2025-12-16 08:01:53.763] [INFO] Loading ServiceContainer (needed by screens)...
[2025-12-16 08:01:53.772] [INFO] ServiceContainer loaded
[2025-12-16 08:01:53.773] [INFO] Loading remaining screens...
[2025-12-16 08:01:53.919] [INFO] Remaining screens loaded
[2025-12-16 08:01:53.920] [INFO] Loading PmcApplication...
[2025-12-16 08:01:53.945] [INFO] PmcApplication loaded
[2025-12-16 08:01:53.947] [INFO] All components loaded successfully
