[2025-12-16 07:44:07.948] [INFO] Loading PMC module...
[2025-12-16 07:44:09.272] [INFO] PMC module loaded
[2025-12-16 07:44:09.277] [INFO] Loading dependencies (FieldSchemas, etc.)...
[2025-12-16 07:44:09.391] [INFO] Dependencies loaded
[2025-12-16 07:44:09.392] [INFO] Loading SpeedTUI framework...
[2025-12-16 07:44:09.711] [INFO] SpeedTUI framework loaded
[2025-12-16 07:44:09.713] [INFO] Loading PraxisVT...
[2025-12-16 07:44:09.715] [INFO] PraxisVT loaded
[2025-12-16 07:44:09.717] [INFO] Loading core dependencies...
[2025-12-16 07:44:09.775] [INFO] Core dependencies loaded
[2025-12-16 07:44:09.777] [INFO] Loading widget base classes...
[2025-12-16 07:44:09.863] [INFO] Widget base classes loaded
[2025-12-16 07:44:09.865] [INFO] Loading services...
[2025-12-16 07:44:09.999] [INFO] Services loaded
[2025-12-16 07:44:10.001] [INFO] Loading helpers...
[2025-12-16 07:44:10.995] [INFO] Helpers loaded
[2025-12-16 07:44:10.997] [INFO] Loading widgets...
[2025-12-16 07:44:11.366] [INFO] Widgets loaded
[2025-12-16 07:44:11.368] [INFO] Loading screen base class...
[2025-12-16 07:44:11.393] [INFO] Screen base class loaded
[2025-12-16 07:44:11.394] [INFO] Loading HelpViewScreen (needed by base classes)...
[2025-12-16 07:44:11.402] [INFO] HelpViewScreen loaded
[2025-12-16 07:44:11.404] [INFO] Loading base classes...
[2025-12-16 07:44:11.482] [INFO] Base classes loaded
[2025-12-16 07:44:11.484] [INFO] Loading ServiceContainer (needed by screens)...
[2025-12-16 07:44:11.495] [INFO] ServiceContainer loaded
[2025-12-16 07:44:11.497] [INFO] Loading remaining screens...
[2025-12-16 07:44:11.598] [ERROR] Failed to load screens: At /home/teej/ztest/module/Pmc.Strict/consoleui/screens/TaskListScreen.ps1:1537 char:78
+ … uiLog "TaskListScreen.EditItem called - item.id=$($item.id if ($item) …
+                                                              ~~
Unexpected token 'if' in expression or statement.

At /home/teej/ztest/module/Pmc.Strict/consoleui/screens/TaskListScreen.ps1:1537 char:87
+ … askListScreen.EditItem called - item.id=$($item.id if ($item) else 'N …
+                                                               ~
Missing statement block after if ( condition ).
