[2025-12-19 20:03:07.606] ServiceContainer: Registered 'Theme' (singleton=True)
[2025-12-19 20:03:07.646] ServiceContainer: Registered 'ThemeManager' (singleton=True)
[2025-12-19 20:03:07.649] ServiceContainer: Registered 'Config' (singleton=True)
[2025-12-19 20:03:07.651] ServiceContainer: Registered 'TaskStore' (singleton=True)
[2025-12-19 20:03:07.654] ServiceContainer: Registered 'MenuRegistry' (singleton=True)
[2025-12-19 20:03:07.656] ServiceContainer: Registered 'Application' (singleton=True)
[2025-12-19 20:03:07.659] ServiceContainer: Registered 'CommandService' (singleton=True)
[2025-12-19 20:03:07.661] ServiceContainer: Registered 'ChecklistService' (singleton=True)
[2025-12-19 20:03:07.664] ServiceContainer: Registered 'NoteService' (singleton=True)
[2025-12-19 20:03:07.666] ServiceContainer: Registered 'ExcelMappingService' (singleton=True)
[2025-12-19 20:03:07.669] ServiceContainer: Registered 'PreferencesService' (singleton=True)
[2025-12-19 20:03:07.671] ServiceContainer: Registered 'TaskListScreen' (singleton=False)
[2025-12-19 20:03:07.705] ServiceContainer: Resolving 'Application'...
[2025-12-19 20:03:07.709] ServiceContainer: Resolving 'Theme'...
[2025-12-19 20:03:08.093] ServiceContainer: Resolved 'Theme' successfully
[2025-12-19 20:03:08.207] ServiceContainer: Resolving 'ThemeManager'...
[2025-12-19 20:03:08.210] ServiceContainer: Resolved 'ThemeManager' successfully
[2025-12-19 20:03:08.234] ServiceContainer: Resolved 'Application' successfully
[2025-12-19 20:03:08.236] ServiceContainer: Resolving 'MenuRegistry'...
[2025-12-19 20:03:08.256] ServiceContainer: Resolved 'MenuRegistry' successfully
[2025-12-19 20:03:08.288] MenuRegistry: Loaded manifest with 23 entries
[2025-12-19 20:03:08.332] ServiceContainer: Registered 'HelpViewScreen' (singleton=False)
[2025-12-19 20:03:08.368] MenuRegistry: Registered screen factory 'HelpViewScreen' in container (viewMode=)
[2025-12-19 20:03:08.394] MenuRegistry: Registered 'Help' in 'Help' menu (hotkey=H order=10)
[2025-12-19 20:03:08.398] ServiceContainer: Registered 'TimeListScreen' (singleton=False)
[2025-12-19 20:03:08.400] MenuRegistry: Registered screen factory 'TimeListScreen' in container (viewMode=)
[2025-12-19 20:03:08.402] MenuRegistry: Registered 'Time Tracking' in 'Time' menu (hotkey=T order=5)
[2025-12-19 20:03:08.407] ServiceContainer: Registered 'TaskListScreen_Week' (singleton=False)
[2025-12-19 20:03:08.408] MenuRegistry: Registered screen factory 'TaskListScreen_Week' in container (viewMode=week)
[2025-12-19 20:03:08.410] MenuRegistry: Registered 'Week View' in 'Tasks' menu (hotkey=W order=20)
[2025-12-19 20:03:08.412] ServiceContainer: Registered 'ChecklistTemplatesFolderScreen' (singleton=False)
[2025-12-19 20:03:08.414] MenuRegistry: Registered screen factory 'ChecklistTemplatesFolderScreen' in container (viewMode=)
[2025-12-19 20:03:08.417] MenuRegistry: Registered 'Checklist Templates' in 'Tools' menu (hotkey=H order=30)
[2025-12-19 20:03:08.420] ServiceContainer: Registered 'NotesMenuScreen' (singleton=False)
[2025-12-19 20:03:08.422] MenuRegistry: Registered screen factory 'NotesMenuScreen' in container (viewMode=)
[2025-12-19 20:03:08.424] MenuRegistry: Registered 'Notes' in 'Tools' menu (hotkey=N order=20)
[2025-12-19 20:03:08.428] ServiceContainer: Registered 'SettingsScreen' (singleton=False)
[2025-12-19 20:03:08.430] MenuRegistry: Registered screen factory 'SettingsScreen' in container (viewMode=)
[2025-12-19 20:03:08.432] MenuRegistry: Registered 'Settings' in 'Options' menu (hotkey=S order=20)
[2025-12-19 20:03:08.435] ServiceContainer: Registered 'WeeklyTimeReportScreen' (singleton=False)
[2025-12-19 20:03:08.437] MenuRegistry: Registered screen factory 'WeeklyTimeReportScreen' in container (viewMode=)
[2025-12-19 20:03:08.439] MenuRegistry: Registered 'Weekly Report' in 'Time' menu (hotkey=W order=10)
[2025-12-19 20:03:08.442] ServiceContainer: Registered 'TimeReportScreen' (singleton=False)
[2025-12-19 20:03:08.444] MenuRegistry: Registered screen factory 'TimeReportScreen' in container (viewMode=)
[2025-12-19 20:03:08.446] MenuRegistry: Registered 'Time Report' in 'Time' menu (hotkey=R order=20)
[2025-12-19 20:03:08.450] ServiceContainer: Registered 'TaskListScreen_Overdue' (singleton=False)
[2025-12-19 20:03:08.451] MenuRegistry: Registered screen factory 'TaskListScreen_Overdue' in container (viewMode=overdue)
[2025-12-19 20:03:08.453] MenuRegistry: Registered 'Overdue' in 'Tasks' menu (hotkey=O order=30)
[2025-12-19 20:03:08.456] ServiceContainer: Registered 'TaskListScreen_Default' (singleton=False)
[2025-12-19 20:03:08.459] MenuRegistry: Registered screen factory 'TaskListScreen_Default' in container (viewMode=)
[2025-12-19 20:03:08.462] MenuRegistry: Registered 'Task List' in 'Tasks' menu (hotkey=L order=5)
[2025-12-19 20:03:08.466] ServiceContainer: Registered 'ExcelImportScreen' (singleton=False)
[2025-12-19 20:03:08.468] MenuRegistry: Registered screen factory 'ExcelImportScreen' in container (viewMode=)
[2025-12-19 20:03:08.471] MenuRegistry: Registered 'Import from Excel' in 'Projects' menu (hotkey=I order=40)
[2025-12-19 20:03:08.474] ServiceContainer: Registered 'TaskListScreen_Tomorrow' (singleton=False)
[2025-12-19 20:03:08.476] MenuRegistry: Registered screen factory 'TaskListScreen_Tomorrow' in container (viewMode=tomorrow)
[2025-12-19 20:03:08.478] MenuRegistry: Registered 'Tomorrow' in 'Tasks' menu (hotkey=T order=15)
[2025-12-19 20:03:08.481] ServiceContainer: Registered 'ProjectListScreen' (singleton=False)
[2025-12-19 20:03:08.483] MenuRegistry: Registered screen factory 'ProjectListScreen' in container (viewMode=)
[2025-12-19 20:03:08.485] MenuRegistry: Registered 'Project List' in 'Projects' menu (hotkey=L order=10)
[2025-12-19 20:03:08.488] ServiceContainer: Registered 'ThemeEditorScreen' (singleton=False)
[2025-12-19 20:03:08.490] MenuRegistry: Registered screen factory 'ThemeEditorScreen' in container (viewMode=)
[2025-12-19 20:03:08.498] MenuRegistry: Registered 'Theme Editor' in 'Options' menu (hotkey=T order=10)
[2025-12-19 20:03:08.501] ServiceContainer: Registered 'TaskListScreen_NextActions' (singleton=False)
[2025-12-19 20:03:08.503] MenuRegistry: Registered screen factory 'TaskListScreen_NextActions' in container (viewMode=nextactions)
[2025-12-19 20:03:08.504] MenuRegistry: Registered 'Next Actions' in 'Tasks' menu (hotkey=N order=35)
[2025-12-19 20:03:08.507] ServiceContainer: Registered 'TaskListScreen_Agenda' (singleton=False)
[2025-12-19 20:03:08.508] MenuRegistry: Registered screen factory 'TaskListScreen_Agenda' in container (viewMode=agenda)
[2025-12-19 20:03:08.509] MenuRegistry: Registered 'Agenda View' in 'Tasks' menu (hotkey=A order=50)
[2025-12-19 20:03:08.512] ServiceContainer: Registered 'TaskListScreen_Today' (singleton=False)
[2025-12-19 20:03:08.513] MenuRegistry: Registered screen factory 'TaskListScreen_Today' in container (viewMode=today)
[2025-12-19 20:03:08.515] MenuRegistry: Registered 'Today' in 'Tasks' menu (hotkey=Y order=10)
[2025-12-19 20:03:08.518] ServiceContainer: Registered 'ChecklistsLauncherScreen' (singleton=False)
[2025-12-19 20:03:08.520] MenuRegistry: Registered screen factory 'ChecklistsLauncherScreen' in container (viewMode=)
[2025-12-19 20:03:08.523] MenuRegistry: Registered 'Checklists' in 'Tools' menu (hotkey=C order=25)
[2025-12-19 20:03:08.526] ServiceContainer: Registered 'ExcelProfileManagerScreen' (singleton=False)
[2025-12-19 20:03:08.528] MenuRegistry: Registered screen factory 'ExcelProfileManagerScreen' in container (viewMode=)
[2025-12-19 20:03:08.534] MenuRegistry: Registered 'Excel Profiles' in 'Projects' menu (hotkey=M order=50)
[2025-12-19 20:03:08.537] ServiceContainer: Registered 'TaskListScreen_Upcoming' (singleton=False)
[2025-12-19 20:03:08.539] MenuRegistry: Registered screen factory 'TaskListScreen_Upcoming' in container (viewMode=upcoming)
[2025-12-19 20:03:08.541] MenuRegistry: Registered 'Upcoming' in 'Tasks' menu (hotkey=U order=25)
[2025-12-19 20:03:08.544] ServiceContainer: Registered 'TaskListScreen_Month' (singleton=False)
[2025-12-19 20:03:08.546] MenuRegistry: Registered screen factory 'TaskListScreen_Month' in container (viewMode=month)
[2025-12-19 20:03:08.549] MenuRegistry: Registered 'Month View' in 'Tasks' menu (hotkey=M order=45)
[2025-12-19 20:03:08.552] ServiceContainer: Registered 'TaskListScreen_NoDate' (singleton=False)
[2025-12-19 20:03:08.553] MenuRegistry: Registered screen factory 'TaskListScreen_NoDate' in container (viewMode=noduedate)
[2025-12-19 20:03:08.556] MenuRegistry: Registered 'No Due Date' in 'Tasks' menu (hotkey=D order=40)
[2025-12-19 20:03:08.559] ServiceContainer: Registered 'CommandLibraryScreen' (singleton=False)
[2025-12-19 20:03:08.561] MenuRegistry: Registered screen factory 'CommandLibraryScreen' in container (viewMode=)
[2025-12-19 20:03:08.563] MenuRegistry: Registered 'Command Library' in 'Tools' menu (hotkey=L order=10)
[2025-12-19 20:03:08.566] ServiceContainer: Resolving 'TaskListScreen'...
[2025-12-19 20:03:08.569] ServiceContainer: Resolving 'TaskStore'...
[2025-12-19 20:03:08.973] ServiceContainer: Resolved 'TaskStore' successfully
[2025-12-19 20:03:10.109] _PopulateMenusFromRegistry: Menu 'Tasks' has 10 items from registry (array)
[2025-12-19 20:03:10.142] _PopulateMenusFromRegistry: Menu 'Tools' has 4 items from registry (array)
[2025-12-19 20:03:10.160] _PopulateMenusFromRegistry: Menu 'Options' has 2 items from registry (array)
[2025-12-19 20:03:10.167] _PopulateMenusFromRegistry: Menu 'Help' has 1 items from registry (array)
[2025-12-19 20:03:10.172] _PopulateMenusFromRegistry: Menu 'Time' has 3 items from registry (array)
[2025-12-19 20:03:10.176] _PopulateMenusFromRegistry: Menu 'Projects' has 3 items from registry (array)
[2025-12-19 20:03:10.180] ServiceContainer: Resolved 'TaskListScreen' successfully
