[2025-12-16 15:59:00.030] [INFO] Loading PMC module...
[2025-12-16 15:59:01.342] [INFO] PMC module loaded
[2025-12-16 15:59:01.344] [INFO] Loading dependencies (FieldSchemas, etc.)...
[2025-12-16 15:59:01.463] [INFO] Dependencies loaded
[2025-12-16 15:59:01.465] [INFO] Loading SpeedTUI framework...
[2025-12-16 15:59:01.788] [INFO] SpeedTUI framework loaded
[2025-12-16 15:59:01.789] [INFO] Loading PraxisVT...
[2025-12-16 15:59:01.791] [INFO] PraxisVT loaded
[2025-12-16 15:59:01.792] [INFO] Loading core dependencies...
[2025-12-16 15:59:01.830] [INFO] Core dependencies loaded
[2025-12-16 15:59:01.831] [INFO] Loading widget base classes...
[2025-12-16 15:59:01.888] [INFO] Widget base classes loaded
[2025-12-16 15:59:01.889] [INFO] Loading services...
[2025-12-16 15:59:02.004] [INFO] Services loaded
[2025-12-16 15:59:02.006] [INFO] Loading helpers...
[2025-12-16 15:59:03.028] [INFO] Helpers loaded
[2025-12-16 15:59:03.029] [INFO] Loading widgets...
[2025-12-16 15:59:03.500] [INFO] Widgets loaded
[2025-12-16 15:59:03.502] [INFO] Loading screen base class...
[2025-12-16 15:59:03.526] [INFO] Screen base class loaded
[2025-12-16 15:59:03.528] [INFO] Loading HelpViewScreen (needed by base classes)...
[2025-12-16 15:59:03.537] [INFO] HelpViewScreen loaded
[2025-12-16 15:59:03.539] [INFO] Loading base classes...
[2025-12-16 15:59:03.605] [INFO] Base classes loaded
[2025-12-16 15:59:03.607] [INFO] Loading ServiceContainer (needed by screens)...
[2025-12-16 15:59:03.613] [INFO] ServiceContainer loaded
[2025-12-16 15:59:03.615] [INFO] Loading remaining screens...
[2025-12-16 15:59:03.725] [INFO] Remaining screens loaded
[2025-12-16 15:59:03.726] [INFO] Loading PmcApplication...
[2025-12-16 15:59:03.744] [INFO] PmcApplication loaded
[2025-12-16 15:59:03.746] [INFO] All components loaded successfully
[2025-12-16 15:59:03.768] [INFO] Starting PMC TUI with screen: TaskList
[2025-12-16 15:59:03.778] [INFO] Cleared stale PmcSharedMenuBar and MenuRegistry singleton
[2025-12-16 15:59:03.780] [INFO] Creating ServiceContainer...
[2025-12-16 15:59:03.794] [INFO] ServiceContainer created
[2025-12-16 15:59:03.795] [INFO] Registering Theme service...
[2025-12-16 15:59:03.818] ServiceContainer: Registered 'Theme' (singleton=True)
[2025-12-16 15:59:03.822] [INFO] Registering ThemeManager...
[2025-12-16 15:59:03.824] ServiceContainer: Registered 'ThemeManager' (singleton=True)
[2025-12-16 15:59:03.826] [INFO] Registering Config service...
[2025-12-16 15:59:03.828] ServiceContainer: Registered 'Config' (singleton=True)
[2025-12-16 15:59:03.829] [INFO] Registering TaskStore service...
[2025-12-16 15:59:03.830] ServiceContainer: Registered 'TaskStore' (singleton=True)
[2025-12-16 15:59:03.831] [INFO] Registering MenuRegistry service...
[2025-12-16 15:59:03.832] ServiceContainer: Registered 'MenuRegistry' (singleton=True)
[2025-12-16 15:59:03.841] [INFO] Registering Application service...
[2025-12-16 15:59:03.842] ServiceContainer: Registered 'Application' (singleton=True)
[2025-12-16 15:59:03.843] [INFO] Registering CommandService...
[2025-12-16 15:59:03.844] ServiceContainer: Registered 'CommandService' (singleton=True)
[2025-12-16 15:59:03.845] [INFO] Registering ChecklistService...
[2025-12-16 15:59:03.846] ServiceContainer: Registered 'ChecklistService' (singleton=True)
[2025-12-16 15:59:03.847] [INFO] Registering NoteService...
[2025-12-16 15:59:03.848] ServiceContainer: Registered 'NoteService' (singleton=True)
[2025-12-16 15:59:03.849] [INFO] Registering ExcelMappingService...
[2025-12-16 15:59:03.850] ServiceContainer: Registered 'ExcelMappingService' (singleton=True)
[2025-12-16 15:59:03.851] [INFO] Registering PreferencesService...
[2025-12-16 15:59:03.852] ServiceContainer: Registered 'PreferencesService' (singleton=True)
[2025-12-16 15:59:03.853] [INFO] Registering screen factories...
[2025-12-16 15:59:03.854] ServiceContainer: Registered 'TaskListScreen' (singleton=False)
[2025-12-16 15:59:03.855] [INFO] Resolving Application from container...
[2025-12-16 15:59:03.873] ServiceContainer: Resolving 'Application'...
[2025-12-16 15:59:03.875] [INFO] Resolving Application...
[2025-12-16 15:59:03.876] ServiceContainer: Resolving 'Theme'...
[2025-12-16 15:59:03.885] [INFO] Resolving Theme: Calling Initialize-PmcThemeSystem...
[2025-12-16 15:59:03.901] [INFO] Theme resolved: #33aaff
[2025-12-16 15:59:03.902] [INFO] Loading PmcThemeEngine...
[2025-12-16 15:59:04.009] [INFO] LoadFromConfig: Loaded Properties with 21 items
[2025-12-16 15:59:04.023] [INFO] PmcThemeEngine initialized with PMC palette (14 colors)
[2025-12-16 15:59:04.027] ServiceContainer: Resolved 'Theme' successfully
[2025-12-16 15:59:04.700] ServiceContainer: Resolving 'ThemeManager'...
[2025-12-16 15:59:04.704] [INFO] Resolving ThemeManager...
[2025-12-16 15:59:04.752] ServiceContainer: Resolved 'ThemeManager' successfully
[2025-12-16 15:59:04.766] ServiceContainer: Resolved 'Application' successfully
[2025-12-16 15:59:04.768] [INFO] Application resolved and assigned to $global:PmcApp
[2025-12-16 15:59:04.769] [INFO] Loading menus from manifest...
[2025-12-16 15:59:04.770] ServiceContainer: Resolving 'MenuRegistry'...
[2025-12-16 15:59:04.772] [INFO] Resolving MenuRegistry...
[2025-12-16 15:59:04.788] ServiceContainer: Resolved 'MenuRegistry' successfully
[2025-12-16 15:59:04.811] MenuRegistry: Loaded manifest with 24 entries
[2025-12-16 15:59:04.846] ServiceContainer: Registered 'TaskListScreen_Tomorrow' (singleton=False)
[2025-12-16 15:59:04.848] MenuRegistry: Registered screen factory 'TaskListScreen_Tomorrow' in container (viewMode=tomorrow)
[2025-12-16 15:59:04.865] MenuRegistry: Registered 'Tomorrow' in 'Tasks' menu (hotkey=T order=15)
[2025-12-16 15:59:04.868] ServiceContainer: Registered 'HelpViewScreen' (singleton=False)
[2025-12-16 15:59:04.869] MenuRegistry: Registered screen factory 'HelpViewScreen' in container (viewMode=)
[2025-12-16 15:59:04.872] MenuRegistry: Registered 'Help' in 'Help' menu (hotkey=H order=10)
[2025-12-16 15:59:04.873] ServiceContainer: Registered 'KanbanScreenV2' (singleton=False)
[2025-12-16 15:59:04.874] MenuRegistry: Registered screen factory 'KanbanScreenV2' in container (viewMode=)
[2025-12-16 15:59:04.875] MenuRegistry: Registered 'Kanban Board' in 'Tasks' menu (hotkey=K order=55)
[2025-12-16 15:59:04.877] ServiceContainer: Registered 'ChecklistTemplatesFolderScreen' (singleton=False)
[2025-12-16 15:59:04.878] MenuRegistry: Registered screen factory 'ChecklistTemplatesFolderScreen' in container (viewMode=)
[2025-12-16 15:59:04.879] MenuRegistry: Registered 'Checklist Templates' in 'Tools' menu (hotkey=H order=30)
[2025-12-16 15:59:04.881] ServiceContainer: Registered 'WeeklyTimeReportScreen' (singleton=False)
[2025-12-16 15:59:04.881] MenuRegistry: Registered screen factory 'WeeklyTimeReportScreen' in container (viewMode=)
[2025-12-16 15:59:04.883] MenuRegistry: Registered 'Weekly Report' in 'Time' menu (hotkey=W order=10)
[2025-12-16 15:59:04.884] ServiceContainer: Registered 'CommandLibraryScreen' (singleton=False)
[2025-12-16 15:59:04.891] MenuRegistry: Registered screen factory 'CommandLibraryScreen' in container (viewMode=)
[2025-12-16 15:59:04.893] MenuRegistry: Registered 'Command Library' in 'Tools' menu (hotkey=L order=10)
[2025-12-16 15:59:04.894] ServiceContainer: Registered 'ThemeEditorScreen' (singleton=False)
[2025-12-16 15:59:04.895] MenuRegistry: Registered screen factory 'ThemeEditorScreen' in container (viewMode=)
[2025-12-16 15:59:04.896] MenuRegistry: Registered 'Theme Editor' in 'Options' menu (hotkey=T order=10)
[2025-12-16 15:59:04.898] ServiceContainer: Registered 'TimeListScreen' (singleton=False)
[2025-12-16 15:59:04.899] MenuRegistry: Registered screen factory 'TimeListScreen' in container (viewMode=)
[2025-12-16 15:59:04.901] MenuRegistry: Registered 'Time Tracking' in 'Time' menu (hotkey=T order=5)
[2025-12-16 15:59:04.903] ServiceContainer: Registered 'ChecklistsLauncherScreen' (singleton=False)
[2025-12-16 15:59:04.904] MenuRegistry: Registered screen factory 'ChecklistsLauncherScreen' in container (viewMode=)
[2025-12-16 15:59:04.905] MenuRegistry: Registered 'Checklists' in 'Tools' menu (hotkey=C order=25)
[2025-12-16 15:59:04.907] ServiceContainer: Registered 'ExcelProfileManagerScreen' (singleton=False)
[2025-12-16 15:59:04.908] MenuRegistry: Registered screen factory 'ExcelProfileManagerScreen' in container (viewMode=)
[2025-12-16 15:59:04.909] MenuRegistry: Registered 'Excel Profiles' in 'Projects' menu (hotkey=M order=50)
[2025-12-16 15:59:04.911] ServiceContainer: Registered 'TaskListScreen_Month' (singleton=False)
[2025-12-16 15:59:04.912] MenuRegistry: Registered screen factory 'TaskListScreen_Month' in container (viewMode=month)
[2025-12-16 15:59:04.913] MenuRegistry: Registered 'Month View' in 'Tasks' menu (hotkey=M order=45)
[2025-12-16 15:59:04.915] ServiceContainer: Registered 'ProjectListScreen' (singleton=False)
[2025-12-16 15:59:04.916] MenuRegistry: Registered screen factory 'ProjectListScreen' in container (viewMode=)
[2025-12-16 15:59:04.917] MenuRegistry: Registered 'Project List' in 'Projects' menu (hotkey=L order=10)
[2025-12-16 15:59:04.919] ServiceContainer: Registered 'TaskListScreen_Upcoming' (singleton=False)
[2025-12-16 15:59:04.920] MenuRegistry: Registered screen factory 'TaskListScreen_Upcoming' in container (viewMode=upcoming)
[2025-12-16 15:59:04.921] MenuRegistry: Registered 'Upcoming' in 'Tasks' menu (hotkey=U order=25)
[2025-12-16 15:59:04.923] ServiceContainer: Registered 'TaskListScreen_Default' (singleton=False)
[2025-12-16 15:59:04.925] MenuRegistry: Registered screen factory 'TaskListScreen_Default' in container (viewMode=)
[2025-12-16 15:59:04.926] MenuRegistry: Registered 'Task List' in 'Tasks' menu (hotkey=L order=5)
[2025-12-16 15:59:04.927] ServiceContainer: Registered 'TaskListScreen_Agenda' (singleton=False)
[2025-12-16 15:59:04.928] MenuRegistry: Registered screen factory 'TaskListScreen_Agenda' in container (viewMode=agenda)
[2025-12-16 15:59:04.929] MenuRegistry: Registered 'Agenda View' in 'Tasks' menu (hotkey=A order=50)
[2025-12-16 15:59:04.931] ServiceContainer: Registered 'TaskListScreen_NextActions' (singleton=False)
[2025-12-16 15:59:04.932] MenuRegistry: Registered screen factory 'TaskListScreen_NextActions' in container (viewMode=nextactions)
[2025-12-16 15:59:04.934] MenuRegistry: Registered 'Next Actions' in 'Tasks' menu (hotkey=N order=35)
[2025-12-16 15:59:04.936] ServiceContainer: Registered 'TaskListScreen_Today' (singleton=False)
[2025-12-16 15:59:04.937] MenuRegistry: Registered screen factory 'TaskListScreen_Today' in container (viewMode=today)
[2025-12-16 15:59:04.939] MenuRegistry: Registered 'Today' in 'Tasks' menu (hotkey=Y order=10)
[2025-12-16 15:59:04.941] ServiceContainer: Registered 'TaskListScreen_Week' (singleton=False)
[2025-12-16 15:59:04.942] MenuRegistry: Registered screen factory 'TaskListScreen_Week' in container (viewMode=week)
[2025-12-16 15:59:04.943] MenuRegistry: Registered 'Week View' in 'Tasks' menu (hotkey=W order=20)
[2025-12-16 15:59:04.945] ServiceContainer: Registered 'ExcelImportScreen' (singleton=False)
[2025-12-16 15:59:04.946] MenuRegistry: Registered screen factory 'ExcelImportScreen' in container (viewMode=)
[2025-12-16 15:59:04.953] MenuRegistry: Registered 'Import from Excel' in 'Projects' menu (hotkey=I order=40)
[2025-12-16 15:59:04.955] ServiceContainer: Registered 'SettingsScreen' (singleton=False)
[2025-12-16 15:59:04.957] MenuRegistry: Registered screen factory 'SettingsScreen' in container (viewMode=)
[2025-12-16 15:59:04.959] MenuRegistry: Registered 'Settings' in 'Options' menu (hotkey=S order=20)
[2025-12-16 15:59:04.961] ServiceContainer: Registered 'NotesMenuScreen' (singleton=False)
[2025-12-16 15:59:04.963] MenuRegistry: Registered screen factory 'NotesMenuScreen' in container (viewMode=)
[2025-12-16 15:59:04.964] MenuRegistry: Registered 'Notes' in 'Tools' menu (hotkey=N order=20)
[2025-12-16 15:59:04.967] ServiceContainer: Registered 'TimeReportScreen' (singleton=False)
[2025-12-16 15:59:04.969] MenuRegistry: Registered screen factory 'TimeReportScreen' in container (viewMode=)
[2025-12-16 15:59:04.970] MenuRegistry: Registered 'Time Report' in 'Time' menu (hotkey=R order=20)
[2025-12-16 15:59:04.973] ServiceContainer: Registered 'TaskListScreen_NoDate' (singleton=False)
[2025-12-16 15:59:04.974] MenuRegistry: Registered screen factory 'TaskListScreen_NoDate' in container (viewMode=noduedate)
[2025-12-16 15:59:04.976] MenuRegistry: Registered 'No Due Date' in 'Tasks' menu (hotkey=D order=40)
[2025-12-16 15:59:04.978] ServiceContainer: Registered 'TaskListScreen_Overdue' (singleton=False)
[2025-12-16 15:59:04.979] MenuRegistry: Registered screen factory 'TaskListScreen_Overdue' in container (viewMode=overdue)
[2025-12-16 15:59:04.981] MenuRegistry: Registered 'Overdue' in 'Tasks' menu (hotkey=O order=30)
[2025-12-16 15:59:04.983] [INFO] Menus loaded from /home/teej/ztest/module/Pmc.Strict/consoleui/screens/MenuItems.psd1
[2025-12-16 15:59:04.985] [INFO] Launching screen: TaskList
[2025-12-16 15:59:04.986] [INFO] Resolving TaskListScreen from container...
[2025-12-16 15:59:04.987] ServiceContainer: Resolving 'TaskListScreen'...
[2025-12-16 15:59:04.990] [INFO] Resolving TaskListScreen...
[2025-12-16 15:59:04.991] ServiceContainer: Resolving 'TaskStore'...
[2025-12-16 15:59:04.994] [INFO] Resolving TaskStore...
[2025-12-16 15:59:05.321] ServiceContainer: Resolved 'TaskStore' successfully
[2025-12-16 15:59:06.088] _PopulateMenusFromRegistry: Menu 'Time' has 3 items from registry (array)
[2025-12-16 15:59:06.113] _PopulateMenusFromRegistry: Menu 'Options' has 2 items from registry (array)
[2025-12-16 15:59:06.117] _PopulateMenusFromRegistry: Menu 'Projects' has 3 items from registry (array)
[2025-12-16 15:59:06.121] _PopulateMenusFromRegistry: Menu 'Help' has 1 items from registry (array)
[2025-12-16 15:59:06.127] _PopulateMenusFromRegistry: Menu 'Tasks' has 11 items from registry (array)
[2025-12-16 15:59:06.132] _PopulateMenusFromRegistry: Menu 'Tools' has 4 items from registry (array)
[2025-12-16 15:59:06.135] ServiceContainer: Resolved 'TaskListScreen' successfully
[2025-12-16 15:59:06.136] [INFO] Pushing screen to app...
[2025-12-16 15:59:07.064] [INFO] Screen pushed successfully
[2025-12-16 15:59:07.066] [INFO] Starting event loop...
[2025-12-16 15:59:11.177] [INFO] TaskListScreen.EditItem called - item.id=f6d455a4-9e14-46c4-ba1a-4563c83b3b39
[2025-12-16 15:59:11.384] [INFO] TaskListScreen.EditItem: Setting OnConfirmed callback for taskId=f6d455a4-9e14-46c4-ba1a-4563c83b3b39
[2025-12-16 15:59:54.310] [INFO] Event loop exited normally
[2025-12-16 15:59:54.311] [INFO] Cleanup - showing cursor and resetting terminal
