[2025-12-16 12:19:24.822] [INFO] Loading PMC module...
[2025-12-16 12:19:25.672] [INFO] PMC module loaded
[2025-12-16 12:19:25.674] [INFO] Loading dependencies (FieldSchemas, etc.)...
[2025-12-16 12:19:25.754] [INFO] Dependencies loaded
[2025-12-16 12:19:25.755] [INFO] Loading SpeedTUI framework...
[2025-12-16 12:19:25.933] [INFO] SpeedTUI framework loaded
[2025-12-16 12:19:25.934] [INFO] Loading PraxisVT...
[2025-12-16 12:19:25.937] [INFO] PraxisVT loaded
[2025-12-16 12:19:25.938] [INFO] Loading core dependencies...
[2025-12-16 12:19:25.973] [INFO] Core dependencies loaded
[2025-12-16 12:19:25.973] [INFO] Loading widget base classes...
[2025-12-16 12:19:25.996] [INFO] Widget base classes loaded
[2025-12-16 12:19:25.997] [INFO] Loading services...
[2025-12-16 12:19:26.081] [INFO] Services loaded
[2025-12-16 12:19:26.081] [INFO] Loading helpers...
[2025-12-16 12:19:26.868] [INFO] Helpers loaded
[2025-12-16 12:19:26.869] [INFO] Loading widgets...
[2025-12-16 12:19:27.151] [INFO] Widgets loaded
[2025-12-16 12:19:27.152] [INFO] Loading screen base class...
[2025-12-16 12:19:27.163] [INFO] Screen base class loaded
[2025-12-16 12:19:27.164] [INFO] Loading HelpViewScreen (needed by base classes)...
[2025-12-16 12:19:27.171] [INFO] HelpViewScreen loaded
[2025-12-16 12:19:27.172] [INFO] Loading base classes...
[2025-12-16 12:19:27.242] [INFO] Base classes loaded
[2025-12-16 12:19:27.243] [INFO] Loading ServiceContainer (needed by screens)...
[2025-12-16 12:19:27.248] [INFO] ServiceContainer loaded
[2025-12-16 12:19:27.249] [INFO] Loading remaining screens...
[2025-12-16 12:19:27.326] [INFO] Remaining screens loaded
[2025-12-16 12:19:27.327] [INFO] Loading PmcApplication...
[2025-12-16 12:19:27.340] [INFO] PmcApplication loaded
[2025-12-16 12:19:27.342] [INFO] All components loaded successfully
