[2025-12-16 12:36:17.421] [INFO] Loading PMC module...
[2025-12-16 12:36:18.265] [INFO] PMC module loaded
[2025-12-16 12:36:18.266] [INFO] Loading dependencies (FieldSchemas, etc.)...
[2025-12-16 12:36:18.352] [INFO] Dependencies loaded
[2025-12-16 12:36:18.353] [INFO] Loading SpeedTUI framework...
[2025-12-16 12:36:18.532] [INFO] SpeedTUI framework loaded
[2025-12-16 12:36:18.533] [INFO] Loading PraxisVT...
[2025-12-16 12:36:18.535] [INFO] PraxisVT loaded
[2025-12-16 12:36:18.536] [INFO] Loading core dependencies...
[2025-12-16 12:36:18.568] [INFO] Core dependencies loaded
[2025-12-16 12:36:18.569] [INFO] Loading widget base classes...
[2025-12-16 12:36:18.592] [INFO] Widget base classes loaded
[2025-12-16 12:36:18.593] [INFO] Loading services...
[2025-12-16 12:36:18.685] [INFO] Services loaded
[2025-12-16 12:36:18.686] [INFO] Loading helpers...
[2025-12-16 12:36:19.165] [INFO] Helpers loaded
[2025-12-16 12:36:19.166] [INFO] Loading widgets...
[2025-12-16 12:36:19.393] [INFO] Widgets loaded
[2025-12-16 12:36:19.394] [INFO] Loading screen base class...
[2025-12-16 12:36:19.404] [INFO] Screen base class loaded
[2025-12-16 12:36:19.405] [INFO] Loading HelpViewScreen (needed by base classes)...
[2025-12-16 12:36:19.458] [INFO] HelpViewScreen loaded
[2025-12-16 12:36:19.459] [INFO] Loading base classes...
[2025-12-16 12:36:19.505] [INFO] Base classes loaded
[2025-12-16 12:36:19.506] [INFO] Loading ServiceContainer (needed by screens)...
[2025-12-16 12:36:19.516] [INFO] ServiceContainer loaded
[2025-12-16 12:36:19.517] [INFO] Loading remaining screens...
[2025-12-16 12:36:19.593] [INFO] Remaining screens loaded
[2025-12-16 12:36:19.594] [INFO] Loading PmcApplication...
[2025-12-16 12:36:19.606] [INFO] PmcApplication loaded
[2025-12-16 12:36:19.607] [INFO] All components loaded successfully
