[2025-12-15 22:44:12.350] [INFO] Loading PMC module...
[2025-12-15 22:44:13.276] [INFO] PMC module loaded
[2025-12-15 22:44:13.277] [INFO] Loading dependencies (FieldSchemas, etc.)...
[2025-12-15 22:44:13.351] [INFO] Dependencies loaded
[2025-12-15 22:44:13.352] [INFO] Loading SpeedTUI framework...
[2025-12-15 22:44:13.549] [INFO] SpeedTUI framework loaded
[2025-12-15 22:44:13.550] [INFO] Loading PraxisVT...
[2025-12-15 22:44:13.551] [INFO] PraxisVT loaded
[2025-12-15 22:44:13.552] [INFO] Loading core dependencies...
[2025-12-15 22:44:13.574] [INFO] Core dependencies loaded
[2025-12-15 22:44:13.575] [INFO] Loading widget base classes...
[2025-12-15 22:44:13.610] [INFO] Widget base classes loaded
[2025-12-15 22:44:13.611] [INFO] Loading services...
[2025-12-15 22:44:13.697] [INFO] Services loaded
[2025-12-15 22:44:13.698] [INFO] Loading helpers...
[2025-12-15 22:44:14.380] [INFO] Helpers loaded
[2025-12-15 22:44:14.381] [INFO] Loading widgets...
[2025-12-15 22:44:14.659] [INFO] Widgets loaded
[2025-12-15 22:44:14.660] [INFO] Loading screen base class...
[2025-12-15 22:44:14.677] [ERROR] Failed to load screen base: At /home/teej/ztest/module/Pmc.Strict/consoleui/PmcScreen.ps1:90 char:77
+ … -Host "DEBUG: After ApplyLayout: Footer Y=$($this.Footer.Y if ($this. …
+                                                              ~~
Unexpected token 'if' in expression or statement.

At /home/teej/ztest/module/Pmc.Strict/consoleui/PmcScreen.ps1:90 char:93
+ … fter ApplyLayout: Footer Y=$($this.Footer.Y if ($this.Footer) else 'n …
+                                                               ~
Missing statement block after if ( condition ).
