[2025-12-16 13:17:39.352] [INFO] Loading PMC module...
[2025-12-16 13:17:40.149] [INFO] PMC module loaded
[2025-12-16 13:17:40.151] [INFO] Loading dependencies (FieldSchemas, etc.)...
[2025-12-16 13:17:40.246] [INFO] Dependencies loaded
[2025-12-16 13:17:40.247] [INFO] Loading SpeedTUI framework...
[2025-12-16 13:17:40.436] [INFO] SpeedTUI framework loaded
[2025-12-16 13:17:40.437] [INFO] Loading PraxisVT...
[2025-12-16 13:17:40.438] [INFO] PraxisVT loaded
[2025-12-16 13:17:40.439] [INFO] Loading core dependencies...
[2025-12-16 13:17:40.470] [INFO] Core dependencies loaded
[2025-12-16 13:17:40.471] [INFO] Loading widget base classes...
[2025-12-16 13:17:40.494] [INFO] Widget base classes loaded
[2025-12-16 13:17:40.494] [INFO] Loading services...
[2025-12-16 13:17:40.589] [INFO] Services loaded
[2025-12-16 13:17:40.590] [INFO] Loading helpers...
[2025-12-16 13:17:41.064] [INFO] Helpers loaded
[2025-12-16 13:17:41.065] [INFO] Loading widgets...
[2025-12-16 13:17:41.180] [ERROR] Failed to load widgets: At /home/teej/ztest/module/Pmc.Strict/consoleui/widgets/InlineEditor.ps1:653 char:116
+ … g.log" -Value "[$(Get-Date -Format 'HH:mm:ss.fff')] Field $i: name=$( …
+                                                             ~~~
Variable reference is not valid. ':' was not followed by a valid variable name character. Consider using ${} to delimit the name.
