[2025-12-19 20:14:10.342] ServiceContainer: Registered 'Theme' (singleton=True)
[2025-12-19 20:14:10.369] ServiceContainer: Registered 'ThemeManager' (singleton=True)
[2025-12-19 20:14:10.394] ServiceContainer: Registered 'Config' (singleton=True)
[2025-12-19 20:14:10.397] ServiceContainer: Registered 'TaskStore' (singleton=True)
[2025-12-19 20:14:10.400] ServiceContainer: Registered 'MenuRegistry' (singleton=True)
[2025-12-19 20:14:10.403] ServiceContainer: Registered 'Application' (singleton=True)
[2025-12-19 20:14:10.406] ServiceContainer: Registered 'CommandService' (singleton=True)
[2025-12-19 20:14:10.408] ServiceContainer: Registered 'ChecklistService' (singleton=True)
[2025-12-19 20:14:10.411] ServiceContainer: Registered 'NoteService' (singleton=True)
[2025-12-19 20:14:10.414] ServiceContainer: Registered 'ExcelMappingService' (singleton=True)
[2025-12-19 20:14:10.416] ServiceContainer: Registered 'PreferencesService' (singleton=True)
[2025-12-19 20:14:10.419] ServiceContainer: Registered 'TaskListScreen' (singleton=False)
[2025-12-19 20:14:10.458] ServiceContainer: Resolving 'Application'...
[2025-12-19 20:14:10.463] ServiceContainer: Resolving 'Theme'...
[2025-12-19 20:14:10.957] ServiceContainer: Resolved 'Theme' successfully
[2025-12-19 20:14:11.082] ServiceContainer: Resolving 'ThemeManager'...
[2025-12-19 20:14:11.086] ServiceContainer: Resolved 'ThemeManager' successfully
[2025-12-19 20:14:11.114] ServiceContainer: Resolved 'Application' successfully
[2025-12-19 20:14:11.117] ServiceContainer: Resolving 'MenuRegistry'...
[2025-12-19 20:14:11.139] ServiceContainer: Resolved 'MenuRegistry' successfully
[2025-12-19 20:14:11.180] MenuRegistry: Loaded manifest with 23 entries
[2025-12-19 20:14:11.233] ServiceContainer: Registered 'NotesMenuScreen' (singleton=False)
[2025-12-19 20:14:11.252] MenuRegistry: Registered screen factory 'NotesMenuScreen' in container (viewMode=)
[2025-12-19 20:14:11.280] MenuRegistry: Registered 'Notes' in 'Tools' menu (hotkey=N order=20)
[2025-12-19 20:14:11.286] ServiceContainer: Registered 'TaskListScreen_Today' (singleton=False)
[2025-12-19 20:14:11.288] MenuRegistry: Registered screen factory 'TaskListScreen_Today' in container (viewMode=today)
[2025-12-19 20:14:11.290] MenuRegistry: Registered 'Today' in 'Tasks' menu (hotkey=Y order=10)
[2025-12-19 20:14:11.293] ServiceContainer: Registered 'ChecklistTemplatesFolderScreen' (singleton=False)
[2025-12-19 20:14:11.294] MenuRegistry: Registered screen factory 'ChecklistTemplatesFolderScreen' in container (viewMode=)
[2025-12-19 20:14:11.296] MenuRegistry: Registered 'Checklist Templates' in 'Tools' menu (hotkey=H order=30)
[2025-12-19 20:14:11.299] ServiceContainer: Registered 'TaskListScreen_Agenda' (singleton=False)
[2025-12-19 20:14:11.301] MenuRegistry: Registered screen factory 'TaskListScreen_Agenda' in container (viewMode=agenda)
[2025-12-19 20:14:11.303] MenuRegistry: Registered 'Agenda View' in 'Tasks' menu (hotkey=A order=50)
[2025-12-19 20:14:11.305] ServiceContainer: Registered 'TaskListScreen_Upcoming' (singleton=False)
[2025-12-19 20:14:11.306] MenuRegistry: Registered screen factory 'TaskListScreen_Upcoming' in container (viewMode=upcoming)
[2025-12-19 20:14:11.308] MenuRegistry: Registered 'Upcoming' in 'Tasks' menu (hotkey=U order=25)
[2025-12-19 20:14:11.311] ServiceContainer: Registered 'ProjectListScreen' (singleton=False)
[2025-12-19 20:14:11.313] MenuRegistry: Registered screen factory 'ProjectListScreen' in container (viewMode=)
[2025-12-19 20:14:11.316] MenuRegistry: Registered 'Project List' in 'Projects' menu (hotkey=L order=10)
[2025-12-19 20:14:11.319] ServiceContainer: Registered 'CommandLibraryScreen' (singleton=False)
[2025-12-19 20:14:11.320] MenuRegistry: Registered screen factory 'CommandLibraryScreen' in container (viewMode=)
[2025-12-19 20:14:11.322] MenuRegistry: Registered 'Command Library' in 'Tools' menu (hotkey=L order=10)
[2025-12-19 20:14:11.325] ServiceContainer: Registered 'ExcelImportScreen' (singleton=False)
[2025-12-19 20:14:11.326] MenuRegistry: Registered screen factory 'ExcelImportScreen' in container (viewMode=)
[2025-12-19 20:14:11.327] MenuRegistry: Registered 'Import from Excel' in 'Projects' menu (hotkey=I order=40)
[2025-12-19 20:14:11.330] ServiceContainer: Registered 'SettingsScreen' (singleton=False)
[2025-12-19 20:14:11.331] MenuRegistry: Registered screen factory 'SettingsScreen' in container (viewMode=)
[2025-12-19 20:14:11.333] MenuRegistry: Registered 'Settings' in 'Options' menu (hotkey=S order=20)
[2025-12-19 20:14:11.335] ServiceContainer: Registered 'ChecklistsLauncherScreen' (singleton=False)
[2025-12-19 20:14:11.337] MenuRegistry: Registered screen factory 'ChecklistsLauncherScreen' in container (viewMode=)
[2025-12-19 20:14:11.339] MenuRegistry: Registered 'Checklists' in 'Tools' menu (hotkey=C order=25)
[2025-12-19 20:14:11.341] ServiceContainer: Registered 'TaskListScreen_NoDate' (singleton=False)
[2025-12-19 20:14:11.343] MenuRegistry: Registered screen factory 'TaskListScreen_NoDate' in container (viewMode=noduedate)
[2025-12-19 20:14:11.345] MenuRegistry: Registered 'No Due Date' in 'Tasks' menu (hotkey=D order=40)
[2025-12-19 20:14:11.347] ServiceContainer: Registered 'TaskListScreen_Tomorrow' (singleton=False)
[2025-12-19 20:14:11.349] MenuRegistry: Registered screen factory 'TaskListScreen_Tomorrow' in container (viewMode=tomorrow)
[2025-12-19 20:14:11.351] MenuRegistry: Registered 'Tomorrow' in 'Tasks' menu (hotkey=T order=15)
[2025-12-19 20:14:11.354] ServiceContainer: Registered 'WeeklyTimeReportScreen' (singleton=False)
[2025-12-19 20:14:11.355] MenuRegistry: Registered screen factory 'WeeklyTimeReportScreen' in container (viewMode=)
[2025-12-19 20:14:11.357] MenuRegistry: Registered 'Weekly Report' in 'Time' menu (hotkey=W order=10)
[2025-12-19 20:14:11.359] ServiceContainer: Registered 'HelpViewScreen' (singleton=False)
[2025-12-19 20:14:11.361] MenuRegistry: Registered screen factory 'HelpViewScreen' in container (viewMode=)
[2025-12-19 20:14:11.396] MenuRegistry: Registered 'Help' in 'Help' menu (hotkey=H order=10)
[2025-12-19 20:14:11.399] ServiceContainer: Registered 'ExcelProfileManagerScreen' (singleton=False)
[2025-12-19 20:14:11.401] MenuRegistry: Registered screen factory 'ExcelProfileManagerScreen' in container (viewMode=)
[2025-12-19 20:14:11.403] MenuRegistry: Registered 'Excel Profiles' in 'Projects' menu (hotkey=M order=50)
[2025-12-19 20:14:11.405] ServiceContainer: Registered 'TaskListScreen_Overdue' (singleton=False)
[2025-12-19 20:14:11.406] MenuRegistry: Registered screen factory 'TaskListScreen_Overdue' in container (viewMode=overdue)
[2025-12-19 20:14:11.408] MenuRegistry: Registered 'Overdue' in 'Tasks' menu (hotkey=O order=30)
[2025-12-19 20:14:11.410] ServiceContainer: Registered 'TaskListScreen_NextActions' (singleton=False)
[2025-12-19 20:14:11.412] MenuRegistry: Registered screen factory 'TaskListScreen_NextActions' in container (viewMode=nextactions)
[2025-12-19 20:14:11.415] MenuRegistry: Registered 'Next Actions' in 'Tasks' menu (hotkey=N order=35)
[2025-12-19 20:14:11.419] ServiceContainer: Registered 'TimeReportScreen' (singleton=False)
[2025-12-19 20:14:11.421] MenuRegistry: Registered screen factory 'TimeReportScreen' in container (viewMode=)
[2025-12-19 20:14:11.424] MenuRegistry: Registered 'Time Report' in 'Time' menu (hotkey=R order=20)
[2025-12-19 20:14:11.427] ServiceContainer: Registered 'TimeListScreen' (singleton=False)
[2025-12-19 20:14:11.430] MenuRegistry: Registered screen factory 'TimeListScreen' in container (viewMode=)
[2025-12-19 20:14:11.434] MenuRegistry: Registered 'Time Tracking' in 'Time' menu (hotkey=T order=5)
[2025-12-19 20:14:11.438] ServiceContainer: Registered 'ThemeEditorScreen' (singleton=False)
[2025-12-19 20:14:11.440] MenuRegistry: Registered screen factory 'ThemeEditorScreen' in container (viewMode=)
[2025-12-19 20:14:11.443] MenuRegistry: Registered 'Theme Editor' in 'Options' menu (hotkey=T order=10)
[2025-12-19 20:14:11.449] ServiceContainer: Registered 'TaskListScreen_Month' (singleton=False)
[2025-12-19 20:14:11.452] MenuRegistry: Registered screen factory 'TaskListScreen_Month' in container (viewMode=month)
[2025-12-19 20:14:11.455] MenuRegistry: Registered 'Month View' in 'Tasks' menu (hotkey=M order=45)
[2025-12-19 20:14:11.459] ServiceContainer: Registered 'TaskListScreen_Default' (singleton=False)
[2025-12-19 20:14:11.462] MenuRegistry: Registered screen factory 'TaskListScreen_Default' in container (viewMode=)
[2025-12-19 20:14:11.467] MenuRegistry: Registered 'Task List' in 'Tasks' menu (hotkey=L order=5)
[2025-12-19 20:14:11.472] ServiceContainer: Registered 'TaskListScreen_Week' (singleton=False)
[2025-12-19 20:14:11.474] MenuRegistry: Registered screen factory 'TaskListScreen_Week' in container (viewMode=week)
[2025-12-19 20:14:11.476] MenuRegistry: Registered 'Week View' in 'Tasks' menu (hotkey=W order=20)
[2025-12-19 20:14:11.479] ServiceContainer: Resolving 'TaskListScreen'...
[2025-12-19 20:14:11.482] ServiceContainer: Resolving 'TaskStore'...
[2025-12-19 20:14:11.896] ServiceContainer: Resolved 'TaskStore' successfully
[2025-12-19 20:14:13.121] _PopulateMenusFromRegistry: Menu 'Projects' has 3 items from registry (array)
[2025-12-19 20:14:13.151] _PopulateMenusFromRegistry: Menu 'Tools' has 4 items from registry (array)
[2025-12-19 20:14:13.155] _PopulateMenusFromRegistry: Menu 'Options' has 2 items from registry (array)
[2025-12-19 20:14:13.161] _PopulateMenusFromRegistry: Menu 'Help' has 1 items from registry (array)
[2025-12-19 20:14:13.170] _PopulateMenusFromRegistry: Menu 'Tasks' has 10 items from registry (array)
[2025-12-19 20:14:13.175] _PopulateMenusFromRegistry: Menu 'Time' has 3 items from registry (array)
[2025-12-19 20:14:13.180] ServiceContainer: Resolved 'TaskListScreen' successfully
