[2025-12-16 15:09:41.394] [INFO] Loading PMC module...
[2025-12-16 15:09:42.149] [INFO] PMC module loaded
[2025-12-16 15:09:42.151] [INFO] Loading dependencies (FieldSchemas, etc.)...
[2025-12-16 15:09:42.223] [INFO] Dependencies loaded
[2025-12-16 15:09:42.224] [INFO] Loading SpeedTUI framework...
[2025-12-16 15:09:42.385] [INFO] SpeedTUI framework loaded
[2025-12-16 15:09:42.386] [INFO] Loading PraxisVT...
[2025-12-16 15:09:42.387] [INFO] PraxisVT loaded
[2025-12-16 15:09:42.388] [INFO] Loading core dependencies...
[2025-12-16 15:09:42.426] [INFO] Core dependencies loaded
[2025-12-16 15:09:42.427] [INFO] Loading widget base classes...
[2025-12-16 15:09:42.474] [INFO] Widget base classes loaded
[2025-12-16 15:09:42.475] [INFO] Loading services...
[2025-12-16 15:09:42.539] [INFO] Services loaded
[2025-12-16 15:09:42.546] [INFO] Loading helpers...
[2025-12-16 15:09:43.176] [INFO] Helpers loaded
[2025-12-16 15:09:43.177] [INFO] Loading widgets...
[2025-12-16 15:09:43.365] [INFO] Widgets loaded
[2025-12-16 15:09:43.366] [INFO] Loading screen base class...
[2025-12-16 15:09:43.374] [INFO] Screen base class loaded
[2025-12-16 15:09:43.375] [INFO] Loading HelpViewScreen (needed by base classes)...
[2025-12-16 15:09:43.379] [INFO] HelpViewScreen loaded
[2025-12-16 15:09:43.380] [INFO] Loading base classes...
[2025-12-16 15:09:43.450] [INFO] Base classes loaded
[2025-12-16 15:09:43.452] [INFO] Loading ServiceContainer (needed by screens)...
[2025-12-16 15:09:43.459] [INFO] ServiceContainer loaded
[2025-12-16 15:09:43.460] [INFO] Loading remaining screens...
[2025-12-16 15:09:43.571] [INFO] Remaining screens loaded
[2025-12-16 15:09:43.572] [INFO] Loading PmcApplication...
[2025-12-16 15:09:43.584] [INFO] PmcApplication loaded
[2025-12-16 15:09:43.585] [INFO] All components loaded successfully
[2025-12-16 15:09:43.601] [INFO] Starting PMC TUI with screen: TaskList
[2025-12-16 15:09:43.607] [INFO] Cleared stale PmcSharedMenuBar and MenuRegistry singleton
[2025-12-16 15:09:43.609] [INFO] Creating ServiceContainer...
[2025-12-16 15:09:43.617] [INFO] ServiceContainer created
[2025-12-16 15:09:43.619] [INFO] Registering Theme service...
[2025-12-16 15:09:43.635] ServiceContainer: Registered 'Theme' (singleton=True)
[2025-12-16 15:09:43.638] [INFO] Registering ThemeManager...
[2025-12-16 15:09:43.639] ServiceContainer: Registered 'ThemeManager' (singleton=True)
[2025-12-16 15:09:43.640] [INFO] Registering Config service...
[2025-12-16 15:09:43.640] ServiceContainer: Registered 'Config' (singleton=True)
[2025-12-16 15:09:43.641] [INFO] Registering TaskStore service...
[2025-12-16 15:09:43.642] ServiceContainer: Registered 'TaskStore' (singleton=True)
[2025-12-16 15:09:43.643] [INFO] Registering MenuRegistry service...
[2025-12-16 15:09:43.644] ServiceContainer: Registered 'MenuRegistry' (singleton=True)
[2025-12-16 15:09:43.650] [INFO] Registering Application service...
[2025-12-16 15:09:43.651] ServiceContainer: Registered 'Application' (singleton=True)
[2025-12-16 15:09:43.651] [INFO] Registering CommandService...
[2025-12-16 15:09:43.652] ServiceContainer: Registered 'CommandService' (singleton=True)
[2025-12-16 15:09:43.653] [INFO] Registering ChecklistService...
[2025-12-16 15:09:43.654] ServiceContainer: Registered 'ChecklistService' (singleton=True)
[2025-12-16 15:09:43.655] [INFO] Registering NoteService...
[2025-12-16 15:09:43.656] ServiceContainer: Registered 'NoteService' (singleton=True)
[2025-12-16 15:09:43.657] [INFO] Registering ExcelMappingService...
[2025-12-16 15:09:43.657] ServiceContainer: Registered 'ExcelMappingService' (singleton=True)
[2025-12-16 15:09:43.658] [INFO] Registering PreferencesService...
[2025-12-16 15:09:43.659] ServiceContainer: Registered 'PreferencesService' (singleton=True)
[2025-12-16 15:09:43.660] [INFO] Registering screen factories...
[2025-12-16 15:09:43.661] ServiceContainer: Registered 'TaskListScreen' (singleton=False)
[2025-12-16 15:09:43.662] [INFO] Resolving Application from container...
[2025-12-16 15:09:43.675] ServiceContainer: Resolving 'Application'...
[2025-12-16 15:09:43.677] [INFO] Resolving Application...
[2025-12-16 15:09:43.678] ServiceContainer: Resolving 'Theme'...
[2025-12-16 15:09:43.686] [INFO] Resolving Theme: Calling Initialize-PmcThemeSystem...
[2025-12-16 15:09:43.697] [INFO] Theme resolved: #33aaff
[2025-12-16 15:09:43.698] [INFO] Loading PmcThemeEngine...
[2025-12-16 15:09:43.768] [INFO] LoadFromConfig: Loaded Properties with 16 items
[2025-12-16 15:09:43.776] [INFO] PmcThemeEngine initialized with PMC palette (14 colors)
[2025-12-16 15:09:43.779] ServiceContainer: Resolved 'Theme' successfully
[2025-12-16 15:09:44.024] ServiceContainer: Resolving 'ThemeManager'...
[2025-12-16 15:09:44.025] [INFO] Resolving ThemeManager...
[2025-12-16 15:09:44.052] ServiceContainer: Resolved 'ThemeManager' successfully
[2025-12-16 15:09:44.060] ServiceContainer: Resolved 'Application' successfully
[2025-12-16 15:09:44.061] [INFO] Application resolved and assigned to $global:PmcApp
[2025-12-16 15:09:44.061] [INFO] Loading menus from manifest...
[2025-12-16 15:09:44.062] ServiceContainer: Resolving 'MenuRegistry'...
[2025-12-16 15:09:44.066] [INFO] Resolving MenuRegistry...
[2025-12-16 15:09:44.075] ServiceContainer: Resolved 'MenuRegistry' successfully
[2025-12-16 15:09:44.089] MenuRegistry: Loaded manifest with 24 entries
[2025-12-16 15:09:44.110] ServiceContainer: Registered 'TaskListScreen_NextActions' (singleton=False)
[2025-12-16 15:09:44.111] MenuRegistry: Registered screen factory 'TaskListScreen_NextActions' in container (viewMode=nextactions)
[2025-12-16 15:09:44.122] MenuRegistry: Registered 'Next Actions' in 'Tasks' menu (hotkey=N order=35)
[2025-12-16 15:09:44.124] ServiceContainer: Registered 'KanbanScreenV2' (singleton=False)
[2025-12-16 15:09:44.124] MenuRegistry: Registered screen factory 'KanbanScreenV2' in container (viewMode=)
[2025-12-16 15:09:44.126] MenuRegistry: Registered 'Kanban Board' in 'Tasks' menu (hotkey=K order=55)
[2025-12-16 15:09:44.127] ServiceContainer: Registered 'TaskListScreen_Month' (singleton=False)
[2025-12-16 15:09:44.127] MenuRegistry: Registered screen factory 'TaskListScreen_Month' in container (viewMode=month)
[2025-12-16 15:09:44.128] MenuRegistry: Registered 'Month View' in 'Tasks' menu (hotkey=M order=45)
[2025-12-16 15:09:44.129] ServiceContainer: Registered 'TaskListScreen_Upcoming' (singleton=False)
[2025-12-16 15:09:44.130] MenuRegistry: Registered screen factory 'TaskListScreen_Upcoming' in container (viewMode=upcoming)
[2025-12-16 15:09:44.130] MenuRegistry: Registered 'Upcoming' in 'Tasks' menu (hotkey=U order=25)
[2025-12-16 15:09:44.132] ServiceContainer: Registered 'TaskListScreen_Agenda' (singleton=False)
[2025-12-16 15:09:44.132] MenuRegistry: Registered screen factory 'TaskListScreen_Agenda' in container (viewMode=agenda)
[2025-12-16 15:09:44.133] MenuRegistry: Registered 'Agenda View' in 'Tasks' menu (hotkey=A order=50)
[2025-12-16 15:09:44.134] ServiceContainer: Registered 'ThemeEditorScreen' (singleton=False)
[2025-12-16 15:09:44.134] MenuRegistry: Registered screen factory 'ThemeEditorScreen' in container (viewMode=)
[2025-12-16 15:09:44.135] MenuRegistry: Registered 'Theme Editor' in 'Options' menu (hotkey=T order=10)
[2025-12-16 15:09:44.136] ServiceContainer: Registered 'WeeklyTimeReportScreen' (singleton=False)
[2025-12-16 15:09:44.137] MenuRegistry: Registered screen factory 'WeeklyTimeReportScreen' in container (viewMode=)
[2025-12-16 15:09:44.138] MenuRegistry: Registered 'Weekly Report' in 'Time' menu (hotkey=W order=10)
[2025-12-16 15:09:44.139] ServiceContainer: Registered 'CommandLibraryScreen' (singleton=False)
[2025-12-16 15:09:44.139] MenuRegistry: Registered screen factory 'CommandLibraryScreen' in container (viewMode=)
[2025-12-16 15:09:44.140] MenuRegistry: Registered 'Command Library' in 'Tools' menu (hotkey=L order=10)
[2025-12-16 15:09:44.141] ServiceContainer: Registered 'TaskListScreen_Today' (singleton=False)
[2025-12-16 15:09:44.141] MenuRegistry: Registered screen factory 'TaskListScreen_Today' in container (viewMode=today)
[2025-12-16 15:09:44.145] MenuRegistry: Registered 'Today' in 'Tasks' menu (hotkey=Y order=10)
[2025-12-16 15:09:44.147] ServiceContainer: Registered 'ExcelImportScreen' (singleton=False)
[2025-12-16 15:09:44.147] MenuRegistry: Registered screen factory 'ExcelImportScreen' in container (viewMode=)
[2025-12-16 15:09:44.148] MenuRegistry: Registered 'Import from Excel' in 'Projects' menu (hotkey=I order=40)
[2025-12-16 15:09:44.150] ServiceContainer: Registered 'ChecklistsLauncherScreen' (singleton=False)
[2025-12-16 15:09:44.150] MenuRegistry: Registered screen factory 'ChecklistsLauncherScreen' in container (viewMode=)
[2025-12-16 15:09:44.151] MenuRegistry: Registered 'Checklists' in 'Tools' menu (hotkey=C order=25)
[2025-12-16 15:09:44.152] ServiceContainer: Registered 'SettingsScreen' (singleton=False)
[2025-12-16 15:09:44.153] MenuRegistry: Registered screen factory 'SettingsScreen' in container (viewMode=)
[2025-12-16 15:09:44.154] MenuRegistry: Registered 'Settings' in 'Options' menu (hotkey=S order=20)
[2025-12-16 15:09:44.155] ServiceContainer: Registered 'TaskListScreen_Default' (singleton=False)
[2025-12-16 15:09:44.155] MenuRegistry: Registered screen factory 'TaskListScreen_Default' in container (viewMode=)
[2025-12-16 15:09:44.156] MenuRegistry: Registered 'Task List' in 'Tasks' menu (hotkey=L order=5)
[2025-12-16 15:09:44.157] ServiceContainer: Registered 'NotesMenuScreen' (singleton=False)
[2025-12-16 15:09:44.158] MenuRegistry: Registered screen factory 'NotesMenuScreen' in container (viewMode=)
[2025-12-16 15:09:44.159] MenuRegistry: Registered 'Notes' in 'Tools' menu (hotkey=N order=20)
[2025-12-16 15:09:44.160] ServiceContainer: Registered 'TaskListScreen_Overdue' (singleton=False)
[2025-12-16 15:09:44.160] MenuRegistry: Registered screen factory 'TaskListScreen_Overdue' in container (viewMode=overdue)
[2025-12-16 15:09:44.161] MenuRegistry: Registered 'Overdue' in 'Tasks' menu (hotkey=O order=30)
[2025-12-16 15:09:44.162] ServiceContainer: Registered 'ProjectListScreen' (singleton=False)
[2025-12-16 15:09:44.163] MenuRegistry: Registered screen factory 'ProjectListScreen' in container (viewMode=)
[2025-12-16 15:09:44.164] MenuRegistry: Registered 'Project List' in 'Projects' menu (hotkey=L order=10)
[2025-12-16 15:09:44.165] ServiceContainer: Registered 'HelpViewScreen' (singleton=False)
[2025-12-16 15:09:44.166] MenuRegistry: Registered screen factory 'HelpViewScreen' in container (viewMode=)
[2025-12-16 15:09:44.167] MenuRegistry: Registered 'Help' in 'Help' menu (hotkey=H order=10)
[2025-12-16 15:09:44.168] ServiceContainer: Registered 'TaskListScreen_NoDate' (singleton=False)
[2025-12-16 15:09:44.168] MenuRegistry: Registered screen factory 'TaskListScreen_NoDate' in container (viewMode=noduedate)
[2025-12-16 15:09:44.169] MenuRegistry: Registered 'No Due Date' in 'Tasks' menu (hotkey=D order=40)
[2025-12-16 15:09:44.170] ServiceContainer: Registered 'TimeListScreen' (singleton=False)
[2025-12-16 15:09:44.171] MenuRegistry: Registered screen factory 'TimeListScreen' in container (viewMode=)
[2025-12-16 15:09:44.172] MenuRegistry: Registered 'Time Tracking' in 'Time' menu (hotkey=T order=5)
[2025-12-16 15:09:44.173] ServiceContainer: Registered 'ChecklistTemplatesFolderScreen' (singleton=False)
[2025-12-16 15:09:44.173] MenuRegistry: Registered screen factory 'ChecklistTemplatesFolderScreen' in container (viewMode=)
[2025-12-16 15:09:44.174] MenuRegistry: Registered 'Checklist Templates' in 'Tools' menu (hotkey=H order=30)
[2025-12-16 15:09:44.175] ServiceContainer: Registered 'ExcelProfileManagerScreen' (singleton=False)
[2025-12-16 15:09:44.176] MenuRegistry: Registered screen factory 'ExcelProfileManagerScreen' in container (viewMode=)
[2025-12-16 15:09:44.177] MenuRegistry: Registered 'Excel Profiles' in 'Projects' menu (hotkey=M order=50)
[2025-12-16 15:09:44.178] ServiceContainer: Registered 'TimeReportScreen' (singleton=False)
[2025-12-16 15:09:44.179] MenuRegistry: Registered screen factory 'TimeReportScreen' in container (viewMode=)
[2025-12-16 15:09:44.180] MenuRegistry: Registered 'Time Report' in 'Time' menu (hotkey=R order=20)
[2025-12-16 15:09:44.183] ServiceContainer: Registered 'TaskListScreen_Tomorrow' (singleton=False)
[2025-12-16 15:09:44.184] MenuRegistry: Registered screen factory 'TaskListScreen_Tomorrow' in container (viewMode=tomorrow)
[2025-12-16 15:09:44.185] MenuRegistry: Registered 'Tomorrow' in 'Tasks' menu (hotkey=T order=15)
[2025-12-16 15:09:44.186] ServiceContainer: Registered 'TaskListScreen_Week' (singleton=False)
[2025-12-16 15:09:44.187] MenuRegistry: Registered screen factory 'TaskListScreen_Week' in container (viewMode=week)
[2025-12-16 15:09:44.188] MenuRegistry: Registered 'Week View' in 'Tasks' menu (hotkey=W order=20)
[2025-12-16 15:09:44.189] [INFO] Menus loaded from /home/teej/ztest/module/Pmc.Strict/consoleui/screens/MenuItems.psd1
[2025-12-16 15:09:44.190] [INFO] Launching screen: TaskList
[2025-12-16 15:09:44.190] [INFO] Resolving TaskListScreen from container...
[2025-12-16 15:09:44.191] ServiceContainer: Resolving 'TaskListScreen'...
[2025-12-16 15:09:44.193] [INFO] Resolving TaskListScreen...
[2025-12-16 15:09:44.193] ServiceContainer: Resolving 'TaskStore'...
[2025-12-16 15:09:44.195] [INFO] Resolving TaskStore...
[2025-12-16 15:09:44.395] ServiceContainer: Resolved 'TaskStore' successfully
[2025-12-16 15:09:44.857] _PopulateMenusFromRegistry: Menu 'Help' has 1 items from registry (array)
[2025-12-16 15:09:44.877] _PopulateMenusFromRegistry: Menu 'Time' has 3 items from registry (array)
[2025-12-16 15:09:44.881] _PopulateMenusFromRegistry: Menu 'Tools' has 4 items from registry (array)
[2025-12-16 15:09:44.883] _PopulateMenusFromRegistry: Menu 'Projects' has 3 items from registry (array)
[2025-12-16 15:09:44.888] _PopulateMenusFromRegistry: Menu 'Tasks' has 11 items from registry (array)
[2025-12-16 15:09:44.890] _PopulateMenusFromRegistry: Menu 'Options' has 2 items from registry (array)
[2025-12-16 15:09:44.892] ServiceContainer: Resolved 'TaskListScreen' successfully
[2025-12-16 15:09:44.892] [INFO] Pushing screen to app...
[2025-12-16 15:09:45.371] [INFO] Screen pushed successfully
[2025-12-16 15:09:45.372] [INFO] Starting event loop...
[2025-12-16 15:09:48.103] [INFO] TaskListScreen.EditItem called - item.id=f6d455a4-9e14-46c4-ba1a-4563c83b3b39
[2025-12-16 15:09:48.215] [INFO] TaskListScreen.EditItem: Setting OnConfirmed callback for taskId=f6d455a4-9e14-46c4-ba1a-4563c83b3b39
[2025-12-16 15:09:56.844] [INFO] Event loop exited normally
[2025-12-16 15:09:56.845] [INFO] Cleanup - showing cursor and resetting terminal
