[2025-12-16 12:07:12.847] [INFO] Loading PMC module...
[2025-12-16 12:07:13.646] [INFO] PMC module loaded
[2025-12-16 12:07:13.648] [INFO] Loading dependencies (FieldSchemas, etc.)...
[2025-12-16 12:07:13.726] [INFO] Dependencies loaded
[2025-12-16 12:07:13.727] [INFO] Loading SpeedTUI framework...
[2025-12-16 12:07:13.899] [INFO] SpeedTUI framework loaded
[2025-12-16 12:07:13.900] [INFO] Loading PraxisVT...
[2025-12-16 12:07:13.901] [INFO] PraxisVT loaded
[2025-12-16 12:07:13.902] [INFO] Loading core dependencies...
[2025-12-16 12:07:13.936] [INFO] Core dependencies loaded
[2025-12-16 12:07:13.937] [INFO] Loading widget base classes...
[2025-12-16 12:07:13.985] [INFO] Widget base classes loaded
[2025-12-16 12:07:13.986] [INFO] Loading services...
[2025-12-16 12:07:14.055] [INFO] Services loaded
[2025-12-16 12:07:14.056] [INFO] Loading helpers...
[2025-12-16 12:07:14.730] [INFO] Helpers loaded
[2025-12-16 12:07:14.730] [INFO] Loading widgets...
[2025-12-16 12:07:15.009] [INFO] Widgets loaded
[2025-12-16 12:07:15.010] [INFO] Loading screen base class...
[2025-12-16 12:07:15.020] [INFO] Screen base class loaded
[2025-12-16 12:07:15.021] [INFO] Loading HelpViewScreen (needed by base classes)...
[2025-12-16 12:07:15.027] [INFO] HelpViewScreen loaded
[2025-12-16 12:07:15.028] [INFO] Loading base classes...
[2025-12-16 12:07:15.087] [INFO] Base classes loaded
[2025-12-16 12:07:15.088] [INFO] Loading ServiceContainer (needed by screens)...
[2025-12-16 12:07:15.095] [INFO] ServiceContainer loaded
[2025-12-16 12:07:15.096] [INFO] Loading remaining screens...
[2025-12-16 12:07:15.184] [INFO] Remaining screens loaded
[2025-12-16 12:07:15.185] [INFO] Loading PmcApplication...
[2025-12-16 12:07:15.195] [INFO] PmcApplication loaded
[2025-12-16 12:07:15.196] [INFO] All components loaded successfully
[2025-12-16 12:07:15.208] [INFO] Starting PMC TUI with screen: TaskList
[2025-12-16 12:07:15.215] [INFO] Cleared stale PmcSharedMenuBar and MenuRegistry singleton
[2025-12-16 12:07:15.216] [INFO] Creating ServiceContainer...
[2025-12-16 12:07:15.224] [INFO] ServiceContainer created
[2025-12-16 12:07:15.225] [INFO] Registering Theme service...
[2025-12-16 12:07:15.239] ServiceContainer: Registered 'Theme' (singleton=True)
[2025-12-16 12:07:15.242] [INFO] Registering ThemeManager...
[2025-12-16 12:07:15.242] ServiceContainer: Registered 'ThemeManager' (singleton=True)
[2025-12-16 12:07:15.243] [INFO] Registering Config service...
[2025-12-16 12:07:15.244] ServiceContainer: Registered 'Config' (singleton=True)
[2025-12-16 12:07:15.245] [INFO] Registering TaskStore service...
[2025-12-16 12:07:15.246] ServiceContainer: Registered 'TaskStore' (singleton=True)
[2025-12-16 12:07:15.247] [INFO] Registering MenuRegistry service...
[2025-12-16 12:07:15.247] ServiceContainer: Registered 'MenuRegistry' (singleton=True)
[2025-12-16 12:07:15.248] [INFO] Registering Application service...
[2025-12-16 12:07:15.249] ServiceContainer: Registered 'Application' (singleton=True)
[2025-12-16 12:07:15.250] [INFO] Registering CommandService...
[2025-12-16 12:07:15.254] ServiceContainer: Registered 'CommandService' (singleton=True)
[2025-12-16 12:07:15.255] [INFO] Registering ChecklistService...
[2025-12-16 12:07:15.255] ServiceContainer: Registered 'ChecklistService' (singleton=True)
[2025-12-16 12:07:15.256] [INFO] Registering NoteService...
[2025-12-16 12:07:15.257] ServiceContainer: Registered 'NoteService' (singleton=True)
[2025-12-16 12:07:15.257] [INFO] Registering ExcelMappingService...
[2025-12-16 12:07:15.258] ServiceContainer: Registered 'ExcelMappingService' (singleton=True)
[2025-12-16 12:07:15.259] [INFO] Registering PreferencesService...
[2025-12-16 12:07:15.260] ServiceContainer: Registered 'PreferencesService' (singleton=True)
[2025-12-16 12:07:15.260] [INFO] Registering screen factories...
[2025-12-16 12:07:15.261] ServiceContainer: Registered 'TaskListScreen' (singleton=False)
[2025-12-16 12:07:15.262] [INFO] Resolving Application from container...
[2025-12-16 12:07:15.273] ServiceContainer: Resolving 'Application'...
[2025-12-16 12:07:15.274] [INFO] Resolving Application...
[2025-12-16 12:07:15.275] ServiceContainer: Resolving 'Theme'...
[2025-12-16 12:07:15.281] [INFO] Resolving Theme: Calling Initialize-PmcThemeSystem...
[2025-12-16 12:07:15.290] [INFO] Theme resolved: #33aaff
[2025-12-16 12:07:15.291] [INFO] Loading PmcThemeEngine...
[2025-12-16 12:07:15.349] [INFO] LoadFromConfig: Loaded Properties with 16 items
[2025-12-16 12:07:15.357] [INFO] PmcThemeEngine initialized with PMC palette (14 colors)
[2025-12-16 12:07:15.360] ServiceContainer: Resolved 'Theme' successfully
[2025-12-16 12:07:15.568] ServiceContainer: Resolving 'ThemeManager'...
[2025-12-16 12:07:15.570] [INFO] Resolving ThemeManager...
[2025-12-16 12:07:15.599] ServiceContainer: Resolved 'ThemeManager' successfully
[2025-12-16 12:07:15.607] ServiceContainer: Resolved 'Application' successfully
[2025-12-16 12:07:15.608] [INFO] Application resolved and assigned to $global:PmcApp
[2025-12-16 12:07:15.609] [INFO] Loading menus from manifest...
[2025-12-16 12:07:15.609] ServiceContainer: Resolving 'MenuRegistry'...
[2025-12-16 12:07:15.611] [INFO] Resolving MenuRegistry...
[2025-12-16 12:07:15.620] ServiceContainer: Resolved 'MenuRegistry' successfully
[2025-12-16 12:07:15.634] MenuRegistry: Loaded manifest with 24 entries
[2025-12-16 12:07:15.655] ServiceContainer: Registered 'TaskListScreen_NoDate' (singleton=False)
[2025-12-16 12:07:15.656] MenuRegistry: Registered screen factory 'TaskListScreen_NoDate' in container (viewMode=noduedate)
[2025-12-16 12:07:15.668] MenuRegistry: Registered 'No Due Date' in 'Tasks' menu (hotkey=D order=40)
[2025-12-16 12:07:15.670] ServiceContainer: Registered 'TaskListScreen_Default' (singleton=False)
[2025-12-16 12:07:15.671] MenuRegistry: Registered screen factory 'TaskListScreen_Default' in container (viewMode=)
[2025-12-16 12:07:15.672] MenuRegistry: Registered 'Task List' in 'Tasks' menu (hotkey=L order=5)
[2025-12-16 12:07:15.673] ServiceContainer: Registered 'CommandLibraryScreen' (singleton=False)
[2025-12-16 12:07:15.674] MenuRegistry: Registered screen factory 'CommandLibraryScreen' in container (viewMode=)
[2025-12-16 12:07:15.674] MenuRegistry: Registered 'Command Library' in 'Tools' menu (hotkey=L order=10)
[2025-12-16 12:07:15.676] ServiceContainer: Registered 'TaskListScreen_Tomorrow' (singleton=False)
[2025-12-16 12:07:15.676] MenuRegistry: Registered screen factory 'TaskListScreen_Tomorrow' in container (viewMode=tomorrow)
[2025-12-16 12:07:15.677] MenuRegistry: Registered 'Tomorrow' in 'Tasks' menu (hotkey=T order=15)
[2025-12-16 12:07:15.678] ServiceContainer: Registered 'TaskListScreen_Overdue' (singleton=False)
[2025-12-16 12:07:15.679] MenuRegistry: Registered screen factory 'TaskListScreen_Overdue' in container (viewMode=overdue)
[2025-12-16 12:07:15.680] MenuRegistry: Registered 'Overdue' in 'Tasks' menu (hotkey=O order=30)
[2025-12-16 12:07:15.681] ServiceContainer: Registered 'TimeReportScreen' (singleton=False)
[2025-12-16 12:07:15.681] MenuRegistry: Registered screen factory 'TimeReportScreen' in container (viewMode=)
[2025-12-16 12:07:15.682] MenuRegistry: Registered 'Time Report' in 'Time' menu (hotkey=R order=20)
[2025-12-16 12:07:15.687] ServiceContainer: Registered 'ThemeEditorScreen' (singleton=False)
[2025-12-16 12:07:15.688] MenuRegistry: Registered screen factory 'ThemeEditorScreen' in container (viewMode=)
[2025-12-16 12:07:15.688] MenuRegistry: Registered 'Theme Editor' in 'Options' menu (hotkey=T order=10)
[2025-12-16 12:07:15.689] ServiceContainer: Registered 'ProjectListScreen' (singleton=False)
[2025-12-16 12:07:15.690] MenuRegistry: Registered screen factory 'ProjectListScreen' in container (viewMode=)
[2025-12-16 12:07:15.691] MenuRegistry: Registered 'Project List' in 'Projects' menu (hotkey=L order=10)
[2025-12-16 12:07:15.692] ServiceContainer: Registered 'TaskListScreen_Month' (singleton=False)
[2025-12-16 12:07:15.693] MenuRegistry: Registered screen factory 'TaskListScreen_Month' in container (viewMode=month)
[2025-12-16 12:07:15.693] MenuRegistry: Registered 'Month View' in 'Tasks' menu (hotkey=M order=45)
[2025-12-16 12:07:15.694] ServiceContainer: Registered 'ChecklistsLauncherScreen' (singleton=False)
[2025-12-16 12:07:15.695] MenuRegistry: Registered screen factory 'ChecklistsLauncherScreen' in container (viewMode=)
[2025-12-16 12:07:15.696] MenuRegistry: Registered 'Checklists' in 'Tools' menu (hotkey=C order=25)
[2025-12-16 12:07:15.697] ServiceContainer: Registered 'ExcelImportScreen' (singleton=False)
[2025-12-16 12:07:15.698] MenuRegistry: Registered screen factory 'ExcelImportScreen' in container (viewMode=)
[2025-12-16 12:07:15.699] MenuRegistry: Registered 'Import from Excel' in 'Projects' menu (hotkey=I order=40)
[2025-12-16 12:07:15.700] ServiceContainer: Registered 'TaskListScreen_NextActions' (singleton=False)
[2025-12-16 12:07:15.701] MenuRegistry: Registered screen factory 'TaskListScreen_NextActions' in container (viewMode=nextactions)
[2025-12-16 12:07:15.701] MenuRegistry: Registered 'Next Actions' in 'Tasks' menu (hotkey=N order=35)
[2025-12-16 12:07:15.702] ServiceContainer: Registered 'NotesMenuScreen' (singleton=False)
[2025-12-16 12:07:15.703] MenuRegistry: Registered screen factory 'NotesMenuScreen' in container (viewMode=)
[2025-12-16 12:07:15.704] MenuRegistry: Registered 'Notes' in 'Tools' menu (hotkey=N order=20)
[2025-12-16 12:07:15.705] ServiceContainer: Registered 'ExcelProfileManagerScreen' (singleton=False)
[2025-12-16 12:07:15.706] MenuRegistry: Registered screen factory 'ExcelProfileManagerScreen' in container (viewMode=)
[2025-12-16 12:07:15.706] MenuRegistry: Registered 'Excel Profiles' in 'Projects' menu (hotkey=M order=50)
[2025-12-16 12:07:15.707] ServiceContainer: Registered 'TaskListScreen_Week' (singleton=False)
[2025-12-16 12:07:15.708] MenuRegistry: Registered screen factory 'TaskListScreen_Week' in container (viewMode=week)
[2025-12-16 12:07:15.709] MenuRegistry: Registered 'Week View' in 'Tasks' menu (hotkey=W order=20)
[2025-12-16 12:07:15.710] ServiceContainer: Registered 'HelpViewScreen' (singleton=False)
[2025-12-16 12:07:15.711] MenuRegistry: Registered screen factory 'HelpViewScreen' in container (viewMode=)
[2025-12-16 12:07:15.712] MenuRegistry: Registered 'Help' in 'Help' menu (hotkey=H order=10)
[2025-12-16 12:07:15.713] ServiceContainer: Registered 'TimeListScreen' (singleton=False)
[2025-12-16 12:07:15.713] MenuRegistry: Registered screen factory 'TimeListScreen' in container (viewMode=)
[2025-12-16 12:07:15.714] MenuRegistry: Registered 'Time Tracking' in 'Time' menu (hotkey=T order=5)
[2025-12-16 12:07:15.715] ServiceContainer: Registered 'TaskListScreen_Today' (singleton=False)
[2025-12-16 12:07:15.716] MenuRegistry: Registered screen factory 'TaskListScreen_Today' in container (viewMode=today)
[2025-12-16 12:07:15.717] MenuRegistry: Registered 'Today' in 'Tasks' menu (hotkey=Y order=10)
[2025-12-16 12:07:15.718] ServiceContainer: Registered 'WeeklyTimeReportScreen' (singleton=False)
[2025-12-16 12:07:15.719] MenuRegistry: Registered screen factory 'WeeklyTimeReportScreen' in container (viewMode=)
[2025-12-16 12:07:15.719] MenuRegistry: Registered 'Weekly Report' in 'Time' menu (hotkey=W order=10)
[2025-12-16 12:07:15.721] ServiceContainer: Registered 'TaskListScreen_Upcoming' (singleton=False)
[2025-12-16 12:07:15.723] MenuRegistry: Registered screen factory 'TaskListScreen_Upcoming' in container (viewMode=upcoming)
[2025-12-16 12:07:15.724] MenuRegistry: Registered 'Upcoming' in 'Tasks' menu (hotkey=U order=25)
[2025-12-16 12:07:15.726] ServiceContainer: Registered 'SettingsScreen' (singleton=False)
[2025-12-16 12:07:15.726] MenuRegistry: Registered screen factory 'SettingsScreen' in container (viewMode=)
[2025-12-16 12:07:15.728] MenuRegistry: Registered 'Settings' in 'Options' menu (hotkey=S order=20)
[2025-12-16 12:07:15.729] ServiceContainer: Registered 'TaskListScreen_Agenda' (singleton=False)
[2025-12-16 12:07:15.730] MenuRegistry: Registered screen factory 'TaskListScreen_Agenda' in container (viewMode=agenda)
[2025-12-16 12:07:15.732] MenuRegistry: Registered 'Agenda View' in 'Tasks' menu (hotkey=A order=50)
[2025-12-16 12:07:15.733] ServiceContainer: Registered 'ChecklistTemplatesFolderScreen' (singleton=False)
[2025-12-16 12:07:15.734] MenuRegistry: Registered screen factory 'ChecklistTemplatesFolderScreen' in container (viewMode=)
[2025-12-16 12:07:15.735] MenuRegistry: Registered 'Checklist Templates' in 'Tools' menu (hotkey=H order=30)
[2025-12-16 12:07:15.737] ServiceContainer: Registered 'KanbanScreenV2' (singleton=False)
[2025-12-16 12:07:15.738] MenuRegistry: Registered screen factory 'KanbanScreenV2' in container (viewMode=)
[2025-12-16 12:07:15.739] MenuRegistry: Registered 'Kanban Board' in 'Tasks' menu (hotkey=K order=55)
[2025-12-16 12:07:15.739] [INFO] Menus loaded from /home/teej/ztest/module/Pmc.Strict/consoleui/screens/MenuItems.psd1
[2025-12-16 12:07:15.740] [INFO] Launching screen: TaskList
[2025-12-16 12:07:15.741] [INFO] Resolving TaskListScreen from container...
[2025-12-16 12:07:15.742] ServiceContainer: Resolving 'TaskListScreen'...
[2025-12-16 12:07:15.743] [INFO] Resolving TaskListScreen...
[2025-12-16 12:07:15.744] ServiceContainer: Resolving 'TaskStore'...
[2025-12-16 12:07:15.745] [INFO] Resolving TaskStore...
[2025-12-16 12:07:15.933] ServiceContainer: Resolved 'TaskStore' successfully
[2025-12-16 12:07:16.418] _PopulateMenusFromRegistry: Menu 'Time' has 3 items from registry (array)
[2025-12-16 12:07:16.434] _PopulateMenusFromRegistry: Menu 'Options' has 2 items from registry (array)
[2025-12-16 12:07:16.438] _PopulateMenusFromRegistry: Menu 'Tasks' has 11 items from registry (array)
[2025-12-16 12:07:16.441] _PopulateMenusFromRegistry: Menu 'Projects' has 3 items from registry (array)
[2025-12-16 12:07:16.445] _PopulateMenusFromRegistry: Menu 'Help' has 1 items from registry (array)
[2025-12-16 12:07:16.448] _PopulateMenusFromRegistry: Menu 'Tools' has 4 items from registry (array)
[2025-12-16 12:07:16.450] ServiceContainer: Resolved 'TaskListScreen' successfully
[2025-12-16 12:07:16.451] [INFO] Pushing screen to app...
[2025-12-16 12:07:16.940] [INFO] Screen pushed successfully
[2025-12-16 12:07:16.941] [INFO] Starting event loop...
[2025-12-16 12:07:20.194] [INFO] TaskListScreen.EditItem called - item.id=f6d455a4-9e14-46c4-ba1a-4563c83b3b39
[2025-12-16 12:07:20.311] [INFO] TaskListScreen.EditItem: Setting OnConfirmed callback for taskId=f6d455a4-9e14-46c4-ba1a-4563c83b3b39
[2025-12-16 12:08:32.939] ServiceContainer: Resolving 'ProjectListScreen'...
[2025-12-16 12:08:33.005] ServiceContainer: Resolved 'ProjectListScreen' successfully
[2025-12-16 12:08:40.981] [ERROR] InlineEditor callback error: Method invocation failed because [ProjectListScreen] does not contain a method named 'OnInlineEditCancelled'.
[2025-12-16 12:08:40.982] [ERROR] Callback code: 
            $thisScreen.OnInlineEditCancelled()
        
[2025-12-16 12:08:40.985] [ERROR] Stack trace: at <ScriptBlock>, /home/teej/ztest/module/Pmc.Strict/consoleui/base/StandardListScreen.ps1: line 456
at _InvokeCallback, /home/teej/ztest/module/Pmc.Strict/consoleui/widgets/InlineEditor.ps1: line 2135
at HandleInput, /home/teej/ztest/module/Pmc.Strict/consoleui/widgets/InlineEditor.ps1: line 475
at HandleKeyPress, /home/teej/ztest/module/Pmc.Strict/consoleui/base/StandardListScreen.ps1: line 1008
at HandleKeyPress, /home/teej/ztest/module/Pmc.Strict/consoleui/screens/ProjectListScreen.ps1: line 776
at Run, /home/teej/ztest/module/Pmc.Strict/consoleui/PmcApplication.ps1: line 423
at Start-PmcTUI, /home/teej/ztest/module/Pmc.Strict/consoleui/Start-PmcTUI.ps1: line 582
at <ScriptBlock>, /home/teej/ztest/module/Pmc.Strict/consoleui/Start-PmcTUI.ps1: line 611
[2025-12-16 12:08:45.994] [ERROR] InlineEditor callback error: Method invocation failed because [ProjectListScreen] does not contain a method named 'OnInlineEditCancelled'.
[2025-12-16 12:08:45.995] [ERROR] Callback code: 
            $thisScreen.OnInlineEditCancelled()
        
[2025-12-16 12:08:45.999] [ERROR] Stack trace: at <ScriptBlock>, /home/teej/ztest/module/Pmc.Strict/consoleui/base/StandardListScreen.ps1: line 456
at _InvokeCallback, /home/teej/ztest/module/Pmc.Strict/consoleui/widgets/InlineEditor.ps1: line 2135
at HandleInput, /home/teej/ztest/module/Pmc.Strict/consoleui/widgets/InlineEditor.ps1: line 475
at HandleKeyPress, /home/teej/ztest/module/Pmc.Strict/consoleui/base/StandardListScreen.ps1: line 1008
at HandleKeyPress, /home/teej/ztest/module/Pmc.Strict/consoleui/screens/ProjectListScreen.ps1: line 776
at Run, /home/teej/ztest/module/Pmc.Strict/consoleui/PmcApplication.ps1: line 423
at Start-PmcTUI, /home/teej/ztest/module/Pmc.Strict/consoleui/Start-PmcTUI.ps1: line 582
at <ScriptBlock>, /home/teej/ztest/module/Pmc.Strict/consoleui/Start-PmcTUI.ps1: line 611
[2025-12-16 12:08:49.200] [ERROR] InlineEditor callback error: Method invocation failed because [ProjectListScreen] does not contain a method named 'OnInlineEditCancelled'.
[2025-12-16 12:08:49.204] [ERROR] Callback code: 
            $thisScreen.OnInlineEditCancelled()
        
[2025-12-16 12:08:49.205] [ERROR] Stack trace: at <ScriptBlock>, /home/teej/ztest/module/Pmc.Strict/consoleui/base/StandardListScreen.ps1: line 456
at _InvokeCallback, /home/teej/ztest/module/Pmc.Strict/consoleui/widgets/InlineEditor.ps1: line 2135
at HandleInput, /home/teej/ztest/module/Pmc.Strict/consoleui/widgets/InlineEditor.ps1: line 475
at HandleKeyPress, /home/teej/ztest/module/Pmc.Strict/consoleui/base/StandardListScreen.ps1: line 1008
at HandleKeyPress, /home/teej/ztest/module/Pmc.Strict/consoleui/screens/ProjectListScreen.ps1: line 776
at Run, /home/teej/ztest/module/Pmc.Strict/consoleui/PmcApplication.ps1: line 423
at Start-PmcTUI, /home/teej/ztest/module/Pmc.Strict/consoleui/Start-PmcTUI.ps1: line 582
at <ScriptBlock>, /home/teej/ztest/module/Pmc.Strict/consoleui/Start-PmcTUI.ps1: line 611
[2025-12-16 12:08:50.944] [INFO] Event loop exited normally
[2025-12-16 12:08:50.945] [INFO] Cleanup - showing cursor and resetting terminal
