[2025-12-15 22:56:01.460] [INFO] Loading PMC module...
[2025-12-15 22:56:02.263] [INFO] PMC module loaded
[2025-12-15 22:56:02.267] [INFO] Loading dependencies (FieldSchemas, etc.)...
[2025-12-15 22:56:02.344] [INFO] Dependencies loaded
[2025-12-15 22:56:02.345] [INFO] Loading SpeedTUI framework...
[2025-12-15 22:56:02.516] [INFO] SpeedTUI framework loaded
[2025-12-15 22:56:02.516] [INFO] Loading PraxisVT...
[2025-12-15 22:56:02.517] [INFO] PraxisVT loaded
[2025-12-15 22:56:02.518] [INFO] Loading core dependencies...
[2025-12-15 22:56:02.557] [INFO] Core dependencies loaded
[2025-12-15 22:56:02.558] [INFO] Loading widget base classes...
[2025-12-15 22:56:02.604] [INFO] Widget base classes loaded
[2025-12-15 22:56:02.605] [INFO] Loading services...
[2025-12-15 22:56:02.671] [INFO] Services loaded
[2025-12-15 22:56:02.672] [INFO] Loading helpers...
[2025-12-15 22:56:03.276] [INFO] Helpers loaded
[2025-12-15 22:56:03.277] [INFO] Loading widgets...
[2025-12-15 22:56:03.459] [INFO] Widgets loaded
[2025-12-15 22:56:03.466] [INFO] Loading screen base class...
[2025-12-15 22:56:03.473] [INFO] Screen base class loaded
[2025-12-15 22:56:03.474] [INFO] Loading HelpViewScreen (needed by base classes)...
[2025-12-15 22:56:03.478] [INFO] HelpViewScreen loaded
[2025-12-15 22:56:03.479] [INFO] Loading base classes...
[2025-12-15 22:56:03.519] [INFO] Base classes loaded
[2025-12-15 22:56:03.520] [INFO] Loading ServiceContainer (needed by screens)...
[2025-12-15 22:56:03.524] [INFO] ServiceContainer loaded
[2025-12-15 22:56:03.525] [INFO] Loading remaining screens...
[2025-12-15 22:56:03.664] [INFO] Remaining screens loaded
[2025-12-15 22:56:03.665] [INFO] Loading PmcApplication...
[2025-12-15 22:56:03.675] [INFO] PmcApplication loaded
[2025-12-15 22:56:03.676] [INFO] All components loaded successfully
[2025-12-15 22:56:03.689] [INFO] Starting PMC TUI with screen: TaskList
[2025-12-15 22:56:03.694] [INFO] Cleared stale PmcSharedMenuBar and MenuRegistry singleton
[2025-12-15 22:56:03.696] [INFO] Creating ServiceContainer...
[2025-12-15 22:56:03.706] [INFO] ServiceContainer created
[2025-12-15 22:56:03.707] [INFO] Registering Theme service...
[2025-12-15 22:56:03.722] ServiceContainer: Registered 'Theme' (singleton=True)
[2025-12-15 22:56:03.725] [INFO] Registering ThemeManager...
[2025-12-15 22:56:03.725] ServiceContainer: Registered 'ThemeManager' (singleton=True)
[2025-12-15 22:56:03.726] [INFO] Registering Config service...
[2025-12-15 22:56:03.727] ServiceContainer: Registered 'Config' (singleton=True)
[2025-12-15 22:56:03.728] [INFO] Registering TaskStore service...
[2025-12-15 22:56:03.728] ServiceContainer: Registered 'TaskStore' (singleton=True)
[2025-12-15 22:56:03.729] [INFO] Registering MenuRegistry service...
[2025-12-15 22:56:03.730] ServiceContainer: Registered 'MenuRegistry' (singleton=True)
[2025-12-15 22:56:03.731] [INFO] Registering Application service...
[2025-12-15 22:56:03.732] ServiceContainer: Registered 'Application' (singleton=True)
[2025-12-15 22:56:03.733] [INFO] Registering CommandService...
[2025-12-15 22:56:03.733] ServiceContainer: Registered 'CommandService' (singleton=True)
[2025-12-15 22:56:03.734] [INFO] Registering ChecklistService...
[2025-12-15 22:56:03.739] ServiceContainer: Registered 'ChecklistService' (singleton=True)
[2025-12-15 22:56:03.740] [INFO] Registering NoteService...
[2025-12-15 22:56:03.740] ServiceContainer: Registered 'NoteService' (singleton=True)
[2025-12-15 22:56:03.741] [INFO] Registering ExcelMappingService...
[2025-12-15 22:56:03.742] ServiceContainer: Registered 'ExcelMappingService' (singleton=True)
[2025-12-15 22:56:03.743] [INFO] Registering PreferencesService...
[2025-12-15 22:56:03.743] ServiceContainer: Registered 'PreferencesService' (singleton=True)
[2025-12-15 22:56:03.744] [INFO] Registering screen factories...
[2025-12-15 22:56:03.745] ServiceContainer: Registered 'TaskListScreen' (singleton=False)
[2025-12-15 22:56:03.746] [INFO] Resolving Application from container...
[2025-12-15 22:56:03.757] ServiceContainer: Resolving 'Application'...
[2025-12-15 22:56:03.759] [INFO] Resolving Application...
[2025-12-15 22:56:03.760] ServiceContainer: Resolving 'Theme'...
[2025-12-15 22:56:03.766] [INFO] Resolving Theme: Calling Initialize-PmcThemeSystem...
[2025-12-15 22:56:03.775] [INFO] Theme resolved: #33aaff
[2025-12-15 22:56:03.776] [INFO] Loading PmcThemeEngine...
[2025-12-15 22:56:03.821] [DEBUG] Palette [Cursor] -> #228844 (R=34 G=136 B=68)
[2025-12-15 22:56:03.822] [DEBUG] Palette [Footer] -> #185F30 (R=24 G=95 B=48)
[2025-12-15 22:56:03.823] [DEBUG] Palette [Header] -> #228844 (R=34 G=136 B=68)
[2025-12-15 22:56:03.824] [DEBUG] Palette [Status] -> #5C8F6D (R=92 G=143 B=109)
[2025-12-15 22:56:03.824] [DEBUG] Palette [Muted] -> #5C8F6D (R=92 G=143 B=109)
[2025-12-15 22:56:03.829] [DEBUG] Palette [Label] -> #5C8F6D (R=92 G=143 B=109)
[2025-12-15 22:56:03.831] [DEBUG] Palette [Error] -> #BE2914 (R=190 G=41 B=20)
[2025-12-15 22:56:03.831] [DEBUG] Palette [Border] -> #185F30 (R=24 G=95 B=48)
[2025-12-15 22:56:03.832] [DEBUG] Palette [Highlight] -> #228844 (R=34 G=136 B=68)
[2025-12-15 22:56:03.833] [DEBUG] Palette [Success] -> #2CB158 (R=44 G=177 B=88)
[2025-12-15 22:56:03.834] [DEBUG] Palette [Bright] -> #2CB158 (R=44 G=177 B=88)
[2025-12-15 22:56:03.835] [DEBUG] Palette [Warning] -> #7FCA14 (R=127 G=202 B=20)
[2025-12-15 22:56:03.836] [DEBUG] Palette [Text] -> #C2EACF (R=194 G=234 B=207)
[2025-12-15 22:56:03.836] [DEBUG] Palette [Primary] -> #228844 (R=34 G=136 B=68)
[2025-12-15 22:56:03.846] [INFO] LoadFromConfig: Loaded Properties with 16 items
[2025-12-15 22:56:03.853] [INFO] PmcThemeEngine initialized with PMC palette (14 colors)
[2025-12-15 22:56:03.856] ServiceContainer: Resolved 'Theme' successfully
[2025-12-15 22:56:04.031] ServiceContainer: Resolving 'ThemeManager'...
[2025-12-15 22:56:04.032] [INFO] Resolving ThemeManager...
[2025-12-15 22:56:04.059] ServiceContainer: Resolved 'ThemeManager' successfully
[2025-12-15 22:56:04.068] ServiceContainer: Resolved 'Application' successfully
[2025-12-15 22:56:04.068] [INFO] Application resolved and assigned to $global:PmcApp
[2025-12-15 22:56:04.069] [INFO] Loading menus from manifest...
[2025-12-15 22:56:04.070] ServiceContainer: Resolving 'MenuRegistry'...
[2025-12-15 22:56:04.071] [INFO] Resolving MenuRegistry...
[2025-12-15 22:56:04.079] ServiceContainer: Resolved 'MenuRegistry' successfully
[2025-12-15 22:56:04.093] MenuRegistry: Loaded manifest with 24 entries
[2025-12-15 22:56:04.114] ServiceContainer: Registered 'TaskListScreen_Tomorrow' (singleton=False)
[2025-12-15 22:56:04.114] MenuRegistry: Registered screen factory 'TaskListScreen_Tomorrow' in container (viewMode=tomorrow)
[2025-12-15 22:56:04.126] MenuRegistry: Registered 'Tomorrow' in 'Tasks' menu (hotkey=T order=15)
[2025-12-15 22:56:04.128] ServiceContainer: Registered 'ExcelProfileManagerScreen' (singleton=False)
[2025-12-15 22:56:04.129] MenuRegistry: Registered screen factory 'ExcelProfileManagerScreen' in container (viewMode=)
[2025-12-15 22:56:04.130] MenuRegistry: Registered 'Excel Profiles' in 'Projects' menu (hotkey=M order=50)
[2025-12-15 22:56:04.132] ServiceContainer: Registered 'TaskListScreen_Week' (singleton=False)
[2025-12-15 22:56:04.132] MenuRegistry: Registered screen factory 'TaskListScreen_Week' in container (viewMode=week)
[2025-12-15 22:56:04.133] MenuRegistry: Registered 'Week View' in 'Tasks' menu (hotkey=W order=20)
[2025-12-15 22:56:04.134] ServiceContainer: Registered 'KanbanScreenV2' (singleton=False)
[2025-12-15 22:56:04.135] MenuRegistry: Registered screen factory 'KanbanScreenV2' in container (viewMode=)
[2025-12-15 22:56:04.136] MenuRegistry: Registered 'Kanban Board' in 'Tasks' menu (hotkey=K order=55)
[2025-12-15 22:56:04.137] ServiceContainer: Registered 'TaskListScreen_Month' (singleton=False)
[2025-12-15 22:56:04.138] MenuRegistry: Registered screen factory 'TaskListScreen_Month' in container (viewMode=month)
[2025-12-15 22:56:04.138] MenuRegistry: Registered 'Month View' in 'Tasks' menu (hotkey=M order=45)
[2025-12-15 22:56:04.143] ServiceContainer: Registered 'CommandLibraryScreen' (singleton=False)
[2025-12-15 22:56:04.144] MenuRegistry: Registered screen factory 'CommandLibraryScreen' in container (viewMode=)
[2025-12-15 22:56:04.145] MenuRegistry: Registered 'Command Library' in 'Tools' menu (hotkey=L order=10)
[2025-12-15 22:56:04.146] ServiceContainer: Registered 'HelpViewScreen' (singleton=False)
[2025-12-15 22:56:04.147] MenuRegistry: Registered screen factory 'HelpViewScreen' in container (viewMode=)
[2025-12-15 22:56:04.148] MenuRegistry: Registered 'Help' in 'Help' menu (hotkey=H order=10)
[2025-12-15 22:56:04.149] ServiceContainer: Registered 'ProjectListScreen' (singleton=False)
[2025-12-15 22:56:04.149] MenuRegistry: Registered screen factory 'ProjectListScreen' in container (viewMode=)
[2025-12-15 22:56:04.150] MenuRegistry: Registered 'Project List' in 'Projects' menu (hotkey=L order=10)
[2025-12-15 22:56:04.151] ServiceContainer: Registered 'TaskListScreen_Default' (singleton=False)
[2025-12-15 22:56:04.152] MenuRegistry: Registered screen factory 'TaskListScreen_Default' in container (viewMode=)
[2025-12-15 22:56:04.153] MenuRegistry: Registered 'Task List' in 'Tasks' menu (hotkey=L order=5)
[2025-12-15 22:56:04.154] ServiceContainer: Registered 'ExcelImportScreen' (singleton=False)
[2025-12-15 22:56:04.154] MenuRegistry: Registered screen factory 'ExcelImportScreen' in container (viewMode=)
[2025-12-15 22:56:04.155] MenuRegistry: Registered 'Import from Excel' in 'Projects' menu (hotkey=I order=40)
[2025-12-15 22:56:04.156] ServiceContainer: Registered 'TimeReportScreen' (singleton=False)
[2025-12-15 22:56:04.157] MenuRegistry: Registered screen factory 'TimeReportScreen' in container (viewMode=)
[2025-12-15 22:56:04.158] MenuRegistry: Registered 'Time Report' in 'Time' menu (hotkey=R order=20)
[2025-12-15 22:56:04.159] ServiceContainer: Registered 'TaskListScreen_NextActions' (singleton=False)
[2025-12-15 22:56:04.160] MenuRegistry: Registered screen factory 'TaskListScreen_NextActions' in container (viewMode=nextactions)
[2025-12-15 22:56:04.160] MenuRegistry: Registered 'Next Actions' in 'Tasks' menu (hotkey=N order=35)
[2025-12-15 22:56:04.161] ServiceContainer: Registered 'ChecklistsLauncherScreen' (singleton=False)
[2025-12-15 22:56:04.162] MenuRegistry: Registered screen factory 'ChecklistsLauncherScreen' in container (viewMode=)
[2025-12-15 22:56:04.163] MenuRegistry: Registered 'Checklists' in 'Tools' menu (hotkey=C order=25)
[2025-12-15 22:56:04.164] ServiceContainer: Registered 'TaskListScreen_Upcoming' (singleton=False)
[2025-12-15 22:56:04.165] MenuRegistry: Registered screen factory 'TaskListScreen_Upcoming' in container (viewMode=upcoming)
[2025-12-15 22:56:04.165] MenuRegistry: Registered 'Upcoming' in 'Tasks' menu (hotkey=U order=25)
[2025-12-15 22:56:04.167] ServiceContainer: Registered 'TimeListScreen' (singleton=False)
[2025-12-15 22:56:04.167] MenuRegistry: Registered screen factory 'TimeListScreen' in container (viewMode=)
[2025-12-15 22:56:04.168] MenuRegistry: Registered 'Time Tracking' in 'Time' menu (hotkey=T order=5)
[2025-12-15 22:56:04.169] ServiceContainer: Registered 'ThemeEditorScreen' (singleton=False)
[2025-12-15 22:56:04.170] MenuRegistry: Registered screen factory 'ThemeEditorScreen' in container (viewMode=)
[2025-12-15 22:56:04.171] MenuRegistry: Registered 'Theme Editor' in 'Options' menu (hotkey=T order=10)
[2025-12-15 22:56:04.172] ServiceContainer: Registered 'ChecklistTemplatesFolderScreen' (singleton=False)
[2025-12-15 22:56:04.173] MenuRegistry: Registered screen factory 'ChecklistTemplatesFolderScreen' in container (viewMode=)
[2025-12-15 22:56:04.173] MenuRegistry: Registered 'Checklist Templates' in 'Tools' menu (hotkey=H order=30)
[2025-12-15 22:56:04.175] ServiceContainer: Registered 'TaskListScreen_Today' (singleton=False)
[2025-12-15 22:56:04.175] MenuRegistry: Registered screen factory 'TaskListScreen_Today' in container (viewMode=today)
[2025-12-15 22:56:04.176] MenuRegistry: Registered 'Today' in 'Tasks' menu (hotkey=Y order=10)
[2025-12-15 22:56:04.177] ServiceContainer: Registered 'TaskListScreen_Agenda' (singleton=False)
[2025-12-15 22:56:04.178] MenuRegistry: Registered screen factory 'TaskListScreen_Agenda' in container (viewMode=agenda)
[2025-12-15 22:56:04.181] MenuRegistry: Registered 'Agenda View' in 'Tasks' menu (hotkey=A order=50)
[2025-12-15 22:56:04.183] ServiceContainer: Registered 'NotesMenuScreen' (singleton=False)
[2025-12-15 22:56:04.183] MenuRegistry: Registered screen factory 'NotesMenuScreen' in container (viewMode=)
[2025-12-15 22:56:04.184] MenuRegistry: Registered 'Notes' in 'Tools' menu (hotkey=N order=20)
[2025-12-15 22:56:04.185] ServiceContainer: Registered 'TaskListScreen_NoDate' (singleton=False)
[2025-12-15 22:56:04.186] MenuRegistry: Registered screen factory 'TaskListScreen_NoDate' in container (viewMode=noduedate)
[2025-12-15 22:56:04.188] MenuRegistry: Registered 'No Due Date' in 'Tasks' menu (hotkey=D order=40)
[2025-12-15 22:56:04.190] ServiceContainer: Registered 'WeeklyTimeReportScreen' (singleton=False)
[2025-12-15 22:56:04.191] MenuRegistry: Registered screen factory 'WeeklyTimeReportScreen' in container (viewMode=)
[2025-12-15 22:56:04.192] MenuRegistry: Registered 'Weekly Report' in 'Time' menu (hotkey=W order=10)
[2025-12-15 22:56:04.194] ServiceContainer: Registered 'SettingsScreen' (singleton=False)
[2025-12-15 22:56:04.195] MenuRegistry: Registered screen factory 'SettingsScreen' in container (viewMode=)
[2025-12-15 22:56:04.197] MenuRegistry: Registered 'Settings' in 'Options' menu (hotkey=S order=20)
[2025-12-15 22:56:04.198] ServiceContainer: Registered 'TaskListScreen_Overdue' (singleton=False)
[2025-12-15 22:56:04.199] MenuRegistry: Registered screen factory 'TaskListScreen_Overdue' in container (viewMode=overdue)
[2025-12-15 22:56:04.200] MenuRegistry: Registered 'Overdue' in 'Tasks' menu (hotkey=O order=30)
[2025-12-15 22:56:04.200] [INFO] Menus loaded from /home/teej/ztest/module/Pmc.Strict/consoleui/screens/MenuItems.psd1
[2025-12-15 22:56:04.201] [INFO] Launching screen: TaskList
[2025-12-15 22:56:04.202] [INFO] Resolving TaskListScreen from container...
[2025-12-15 22:56:04.203] ServiceContainer: Resolving 'TaskListScreen'...
[2025-12-15 22:56:04.205] [INFO] Resolving TaskListScreen...
[2025-12-15 22:56:04.206] ServiceContainer: Resolving 'TaskStore'...
[2025-12-15 22:56:04.207] [INFO] Resolving TaskStore...
[2025-12-15 22:56:04.246] [DEBUG] TaskStore.LoadData: Starting
[2025-12-15 22:56:04.248] [DEBUG] TaskStore.LoadData: Calling Get-PmcData
[2025-12-15 22:56:04.366] [DEBUG] TaskStore.LoadData: Get-PmcData returned - tasks=1 projects=0 timelogs=0
[2025-12-15 22:56:04.374] [DEBUG] TaskStore.LoadData: Loaded 1 tasks
[2025-12-15 22:56:04.375] [DEBUG] TaskStore.LoadData: No projects in data, initialized empty list
[2025-12-15 22:56:04.383] ServiceContainer: Resolved 'TaskStore' successfully
[2025-12-15 22:56:04.774] [DEBUG] PmcScreen.AddContentWidget: Adding UniversalList (Total: 1)
[2025-12-15 22:56:04.811] [DEBUG] TaskListScreen: Constructor started
[2025-12-15 22:56:04.848] _PopulateMenusFromRegistry: Menu 'Tools' has 4 items from registry (array)
[2025-12-15 22:56:04.870] _PopulateMenusFromRegistry: Menu 'Projects' has 3 items from registry (array)
[2025-12-15 22:56:04.875] _PopulateMenusFromRegistry: Menu 'Tasks' has 11 items from registry (array)
[2025-12-15 22:56:04.877] _PopulateMenusFromRegistry: Menu 'Options' has 2 items from registry (array)
[2025-12-15 22:56:04.881] _PopulateMenusFromRegistry: Menu 'Help' has 1 items from registry (array)
[2025-12-15 22:56:04.883] _PopulateMenusFromRegistry: Menu 'Time' has 3 items from registry (array)
[2025-12-15 22:56:04.885] [DEBUG] TaskListScreen: Constructor completed
[2025-12-15 22:56:04.886] ServiceContainer: Resolved 'TaskListScreen' successfully
[2025-12-15 22:56:04.887] [INFO] Pushing screen to app...
[2025-12-15 22:56:05.213] [DEBUG] LoadData: Got 1 tasks from Store
[2025-12-15 22:56:05.268] [DEBUG] TaskListScreen.LoadData: Setting 1 tasks
[2025-12-15 22:56:05.273] [DEBUG] UniversalList.SetData: START
[2025-12-15 22:56:05.320] [DEBUG] UniversalList.SetData: COMPLETE (1 items)
[2025-12-15 22:56:05.382] [INFO] Screen pushed successfully
[2025-12-15 22:56:05.383] [INFO] Starting event loop...
[2025-12-15 22:56:05.779] [DEBUG] PmcScreen: Calling RenderToEngine on UniversalList
[2025-12-15 22:56:19.472] [DEBUG] PmcScreen: Calling RenderToEngine on UniversalList
[2025-12-15 22:56:19.877] [DEBUG] PmcScreen: Calling RenderToEngine on UniversalList
[2025-12-15 22:56:20.203] [DEBUG] PmcScreen: Calling RenderToEngine on UniversalList
[2025-12-15 22:56:20.367] [DEBUG] PmcScreen: Calling RenderToEngine on UniversalList
[2025-12-15 22:56:20.518] [DEBUG] PmcScreen: Calling RenderToEngine on UniversalList
[2025-12-15 22:56:20.724] [DEBUG] PmcScreen: Calling RenderToEngine on UniversalList
[2025-12-15 22:56:20.881] [DEBUG] PmcScreen: Calling RenderToEngine on UniversalList
[2025-12-15 22:56:21.095] [DEBUG] PmcScreen: Calling RenderToEngine on UniversalList
[2025-12-15 22:56:21.252] [DEBUG] PmcScreen: Calling RenderToEngine on UniversalList
[2025-12-15 22:56:21.406] [DEBUG] PmcScreen: Calling RenderToEngine on UniversalList
[2025-12-15 22:56:21.569] [DEBUG] PmcScreen: Calling RenderToEngine on UniversalList
[2025-12-15 22:56:21.997] [DEBUG] PmcScreen: Calling RenderToEngine on UniversalList
[2025-12-15 22:56:22.319] [DEBUG] PmcScreen: Calling RenderToEngine on UniversalList
[2025-12-15 22:56:22.471] [DEBUG] PmcScreen: Calling RenderToEngine on UniversalList
[2025-12-15 22:56:22.666] [DEBUG] PmcScreen: Calling RenderToEngine on UniversalList
[2025-12-15 22:56:24.062] [INFO] Event loop exited normally
[2025-12-15 22:56:24.063] [INFO] Cleanup - showing cursor and resetting terminal
