[2026-01-10 21:22:07.260] ServiceContainer: Registered 'Theme' (singleton=True)
[2026-01-10 21:22:07.264] ServiceContainer: Registered 'ThemeManager' (singleton=True)
[2026-01-10 21:22:07.264] ServiceContainer: Registered 'Config' (singleton=True)
[2026-01-10 21:22:07.265] ServiceContainer: Registered 'TaskStore' (singleton=True)
[2026-01-10 21:22:07.266] ServiceContainer: Registered 'MenuRegistry' (singleton=True)
[2026-01-10 21:22:07.266] ServiceContainer: Registered 'Application' (singleton=True)
[2026-01-10 21:22:07.267] ServiceContainer: Registered 'CommandService' (singleton=True)
[2026-01-10 21:22:07.268] ServiceContainer: Registered 'ChecklistService' (singleton=True)
[2026-01-10 21:22:07.268] ServiceContainer: Registered 'NoteService' (singleton=True)
[2026-01-10 21:22:07.269] ServiceContainer: Registered 'ExcelMappingService' (singleton=True)
[2026-01-10 21:22:07.270] ServiceContainer: Registered 'ExcelCopyService' (singleton=True)
[2026-01-10 21:22:07.271] ServiceContainer: Registered 'PreferencesService' (singleton=True)
[2026-01-10 21:22:07.272] ServiceContainer: Registered 'ExcelImportService' (singleton=True)
[2026-01-10 21:22:07.272] ServiceContainer: Registered 'TextExportService' (singleton=True)
[2026-01-10 21:22:07.273] ServiceContainer: Registered 'TaskListScreen' (singleton=False)
[2026-01-10 21:22:07.286] ServiceContainer: Resolving 'Application'...
[2026-01-10 21:22:07.288] ServiceContainer: Resolving 'Theme'...
[2026-01-10 21:22:07.456] ServiceContainer: Resolved 'Theme' successfully
[2026-01-10 21:22:07.530] ServiceContainer: Resolving 'ThemeManager'...
[2026-01-10 21:22:07.532] ServiceContainer: Resolved 'ThemeManager' successfully
[2026-01-10 21:22:07.547] ServiceContainer: Resolved 'Application' successfully
[2026-01-10 21:22:07.548] ServiceContainer: Resolving 'MenuRegistry'...
[2026-01-10 21:22:07.563] ServiceContainer: Resolved 'MenuRegistry' successfully
[2026-01-10 21:22:07.584] MenuRegistry: Loaded manifest with 17 entries
[2026-01-10 21:22:07.621] ServiceContainer: Registered 'ThemeEditorScreen' (singleton=False)
[2026-01-10 21:22:07.622] MenuRegistry: Registered 'Theme Editor' in 'Options' menu (hotkey=T order=10)
[2026-01-10 21:22:07.638] MenuRegistry: Registered 'Theme Editor' in 'Options' menu (hotkey=T order=10)
[2026-01-10 21:22:07.640] ServiceContainer: Registered 'TimeListScreen' (singleton=False)
[2026-01-10 21:22:07.641] MenuRegistry: Registered 'Time Tracking' in 'Time' menu (hotkey=T order=5)
[2026-01-10 21:22:07.643] MenuRegistry: Registered 'Time Tracking' in 'Time' menu (hotkey=T order=5)
[2026-01-10 21:22:07.644] ServiceContainer: Registered 'TimeReportScreen' (singleton=False)
[2026-01-10 21:22:07.645] MenuRegistry: Registered 'Time Report' in 'Time' menu (hotkey=R order=20)
[2026-01-10 21:22:07.647] MenuRegistry: Registered 'Time Report' in 'Time' menu (hotkey=R order=20)
[2026-01-10 21:22:07.648] ServiceContainer: Registered 'WeeklyTimeReportScreen' (singleton=False)
[2026-01-10 21:22:07.648] MenuRegistry: Registered 'Weekly Report' in 'Time' menu (hotkey=W order=10)
[2026-01-10 21:22:07.650] MenuRegistry: Registered 'Weekly Report' in 'Time' menu (hotkey=W order=10)
[2026-01-10 21:22:07.658] ServiceContainer: Registered 'TaskListScreen_Default' (singleton=False)
[2026-01-10 21:22:07.658] MenuRegistry: Registered 'Task List' in 'Tasks' menu (hotkey=L order=5)
[2026-01-10 21:22:07.660] MenuRegistry: Registered 'Task List' in 'Tasks' menu (hotkey=L order=5)
[2026-01-10 21:22:07.661] ServiceContainer: Registered 'ExcelImportScreen' (singleton=False)
[2026-01-10 21:22:07.662] MenuRegistry: Registered 'Import from Excel' in 'Projects' menu (hotkey=I order=40)
[2026-01-10 21:22:07.663] MenuRegistry: Registered 'Import from Excel' in 'Projects' menu (hotkey=I order=40)
[2026-01-10 21:22:07.664] ServiceContainer: Registered 'ExcelImportProfileManagerScreen' (singleton=False)
[2026-01-10 21:22:07.665] MenuRegistry: Registered 'Excel Import Profiles' in 'Tools' menu (hotkey=I order=40)
[2026-01-10 21:22:07.666] MenuRegistry: Registered 'Excel Import Profiles' in 'Tools' menu (hotkey=I order=40)
[2026-01-10 21:22:07.668] ServiceContainer: Registered 'CalendarScreen' (singleton=False)
[2026-01-10 21:22:07.668] MenuRegistry: Registered 'Calendar' in 'Tools' menu (hotkey=A order=50)
[2026-01-10 21:22:07.670] MenuRegistry: Registered 'Calendar' in 'Tools' menu (hotkey=A order=50)
[2026-01-10 21:22:07.671] ServiceContainer: Registered 'SettingsScreen' (singleton=False)
[2026-01-10 21:22:07.672] MenuRegistry: Registered 'Settings' in 'Options' menu (hotkey=S order=20)
[2026-01-10 21:22:07.673] MenuRegistry: Registered 'Settings' in 'Options' menu (hotkey=S order=20)
[2026-01-10 21:22:07.675] ServiceContainer: Registered 'ChecklistTemplatesFolderScreen' (singleton=False)
[2026-01-10 21:22:07.676] MenuRegistry: Registered 'Checklist Templates' in 'Tools' menu (hotkey=H order=30)
[2026-01-10 21:22:07.677] MenuRegistry: Registered 'Checklist Templates' in 'Tools' menu (hotkey=H order=30)
[2026-01-10 21:22:07.678] ServiceContainer: Registered 'ProjectListScreen' (singleton=False)
[2026-01-10 21:22:07.679] MenuRegistry: Registered 'Project List' in 'Projects' menu (hotkey=L order=10)
[2026-01-10 21:22:07.680] MenuRegistry: Registered 'Project List' in 'Projects' menu (hotkey=L order=10)
[2026-01-10 21:22:07.682] ServiceContainer: Registered 'CommandLibraryScreen' (singleton=False)
[2026-01-10 21:22:07.682] MenuRegistry: Registered 'Command Library' in 'Tools' menu (hotkey=L order=10)
[2026-01-10 21:22:07.684] MenuRegistry: Registered 'Command Library' in 'Tools' menu (hotkey=L order=10)
[2026-01-10 21:22:07.685] ServiceContainer: Registered 'ChecklistsLauncherScreen' (singleton=False)
[2026-01-10 21:22:07.686] MenuRegistry: Registered 'Checklists' in 'Tools' menu (hotkey=C order=25)
[2026-01-10 21:22:07.687] MenuRegistry: Registered 'Checklists' in 'Tools' menu (hotkey=C order=25)
[2026-01-10 21:22:07.689] ServiceContainer: Registered 'HelpViewScreen' (singleton=False)
[2026-01-10 21:22:07.690] MenuRegistry: Registered 'Help' in 'Help' menu (hotkey=H order=10)
[2026-01-10 21:22:07.691] MenuRegistry: Registered 'Help' in 'Help' menu (hotkey=H order=10)
[2026-01-10 21:22:07.692] ServiceContainer: Registered 'NotesMenuScreen' (singleton=False)
[2026-01-10 21:22:07.693] MenuRegistry: Registered 'Notes' in 'Tools' menu (hotkey=N order=20)
[2026-01-10 21:22:07.694] MenuRegistry: Registered 'Notes' in 'Tools' menu (hotkey=N order=20)
[2026-01-10 21:22:07.696] ServiceContainer: Registered 'TextExportProfileManagerScreen' (singleton=False)
[2026-01-10 21:22:07.696] MenuRegistry: Registered 'T2020 Export Profiles' in 'Tools' menu (hotkey=E order=45)
[2026-01-10 21:22:07.698] MenuRegistry: Registered 'T2020 Export Profiles' in 'Tools' menu (hotkey=E order=45)
[2026-01-10 21:22:07.699] ServiceContainer: Registered 'ExcelProfileManagerScreen' (singleton=False)
[2026-01-10 21:22:07.700] MenuRegistry: Registered 'Excel Profiles' in 'Projects' menu (hotkey=M order=50)
[2026-01-10 21:22:07.701] MenuRegistry: Registered 'Excel Profiles' in 'Projects' menu (hotkey=M order=50)
[2026-01-10 21:22:08.407] [ERROR] HandleKeyPress exception: Cannot see if a key has been pressed when either application does not have a console or when console input has been redirected from a file. Try Console.In.Peek.
[2026-01-10 21:22:08.408] [ERROR] Stack: at Run, /home/teej/ztest/module/Pmc.Strict/consoleui/PmcApplication.ps1: line 407
at Start-PmcTUI, /home/teej/ztest/module/Pmc.Strict/consoleui/Start-PmcTUI.ps1: line 632
at <ScriptBlock>, /home/teej/ztest/module/Pmc.Strict/consoleui/Start-PmcTUI.ps1: line 657
