[2025-12-15 22:46:16.286] [INFO] Loading PMC module...
[2025-12-15 22:46:17.205] [INFO] PMC module loaded
[2025-12-15 22:46:17.206] [INFO] Loading dependencies (FieldSchemas, etc.)...
[2025-12-15 22:46:17.279] [INFO] Dependencies loaded
[2025-12-15 22:46:17.280] [INFO] Loading SpeedTUI framework...
[2025-12-15 22:46:17.462] [INFO] SpeedTUI framework loaded
[2025-12-15 22:46:17.463] [INFO] Loading PraxisVT...
[2025-12-15 22:46:17.464] [INFO] PraxisVT loaded
[2025-12-15 22:46:17.465] [INFO] Loading core dependencies...
[2025-12-15 22:46:17.491] [INFO] Core dependencies loaded
[2025-12-15 22:46:17.492] [INFO] Loading widget base classes...
[2025-12-15 22:46:17.520] [INFO] Widget base classes loaded
[2025-12-15 22:46:17.521] [INFO] Loading services...
[2025-12-15 22:46:17.602] [INFO] Services loaded
[2025-12-15 22:46:17.603] [INFO] Loading helpers...
[2025-12-15 22:46:18.286] [INFO] Helpers loaded
[2025-12-15 22:46:18.287] [INFO] Loading widgets...
[2025-12-15 22:46:18.530] [INFO] Widgets loaded
[2025-12-15 22:46:18.531] [INFO] Loading screen base class...
[2025-12-15 22:46:18.540] [INFO] Screen base class loaded
[2025-12-15 22:46:18.541] [INFO] Loading HelpViewScreen (needed by base classes)...
[2025-12-15 22:46:18.546] [INFO] HelpViewScreen loaded
[2025-12-15 22:46:18.547] [INFO] Loading base classes...
[2025-12-15 22:46:18.642] [INFO] Base classes loaded
[2025-12-15 22:46:18.643] [INFO] Loading ServiceContainer (needed by screens)...
[2025-12-15 22:46:18.647] [INFO] ServiceContainer loaded
[2025-12-15 22:46:18.648] [INFO] Loading remaining screens...
