[2025-12-16 08:01:24.586] [INFO] Loading PMC module...
[2025-12-16 08:01:26.167] [INFO] PMC module loaded
[2025-12-16 08:01:26.172] [INFO] Loading dependencies (FieldSchemas, etc.)...
[2025-12-16 08:01:26.319] [INFO] Dependencies loaded
[2025-12-16 08:01:26.321] [INFO] Loading SpeedTUI framework...
[2025-12-16 08:01:26.668] [INFO] SpeedTUI framework loaded
[2025-12-16 08:01:26.670] [INFO] Loading PraxisVT...
[2025-12-16 08:01:26.673] [INFO] PraxisVT loaded
[2025-12-16 08:01:26.674] [INFO] Loading core dependencies...
[2025-12-16 08:01:26.741] [INFO] Core dependencies loaded
[2025-12-16 08:01:26.743] [INFO] Loading widget base classes...
[2025-12-16 08:01:26.789] [INFO] Widget base classes loaded
[2025-12-16 08:01:26.790] [INFO] Loading services...
[2025-12-16 08:01:26.962] [INFO] Services loaded
[2025-12-16 08:01:26.964] [INFO] Loading helpers...
[2025-12-16 08:01:27.670] [INFO] Helpers loaded
[2025-12-16 08:01:27.672] [INFO] Loading widgets...
[2025-12-16 08:01:28.110] [INFO] Widgets loaded
[2025-12-16 08:01:28.113] [INFO] Loading screen base class...
[2025-12-16 08:01:28.133] [INFO] Screen base class loaded
[2025-12-16 08:01:28.134] [INFO] Loading HelpViewScreen (needed by base classes)...
[2025-12-16 08:01:28.144] [INFO] HelpViewScreen loaded
[2025-12-16 08:01:28.146] [INFO] Loading base classes...
[2025-12-16 08:01:28.214] [INFO] Base classes loaded
[2025-12-16 08:01:28.215] [INFO] Loading ServiceContainer (needed by screens)...
[2025-12-16 08:01:28.222] [INFO] ServiceContainer loaded
[2025-12-16 08:01:28.224] [INFO] Loading remaining screens...
[2025-12-16 08:01:28.368] [INFO] Remaining screens loaded
[2025-12-16 08:01:28.370] [INFO] Loading PmcApplication...
[2025-12-16 08:01:28.387] [INFO] PmcApplication loaded
[2025-12-16 08:01:28.389] [INFO] All components loaded successfully
