[2025-12-17 16:12:36.715] [INFO] Loading PMC module...
[2025-12-17 16:12:37.482] [INFO] PMC module loaded
[2025-12-17 16:12:37.484] [INFO] Loading dependencies (FieldSchemas, etc.)...
[2025-12-17 16:12:37.558] [INFO] Dependencies loaded
[2025-12-17 16:12:37.559] [INFO] Loading SpeedTUI framework...
[2025-12-17 16:12:37.744] [INFO] SpeedTUI framework loaded
[2025-12-17 16:12:37.745] [INFO] Loading PraxisVT...
[2025-12-17 16:12:37.746] [INFO] PraxisVT loaded
[2025-12-17 16:12:37.747] [INFO] Loading core dependencies...
[2025-12-17 16:12:37.769] [INFO] Core dependencies loaded
[2025-12-17 16:12:37.769] [INFO] Loading widget base classes...
[2025-12-17 16:12:37.804] [INFO] Widget base classes loaded
[2025-12-17 16:12:37.805] [INFO] Loading services...
[2025-12-17 16:12:37.884] [INFO] Services loaded
[2025-12-17 16:12:37.885] [INFO] Loading helpers...
[2025-12-17 16:12:38.590] [INFO] Helpers loaded
[2025-12-17 16:12:38.591] [INFO] Loading widgets...
[2025-12-17 16:12:38.864] [INFO] Widgets loaded
[2025-12-17 16:12:38.866] [INFO] Loading screen base class...
[2025-12-17 16:12:38.897] [INFO] Screen base class loaded
[2025-12-17 16:12:38.898] [INFO] Loading HelpViewScreen (needed by base classes)...
[2025-12-17 16:12:38.903] [INFO] HelpViewScreen loaded
[2025-12-17 16:12:38.904] [INFO] Loading base classes...
[2025-12-17 16:12:38.957] [INFO] Base classes loaded
[2025-12-17 16:12:38.958] [INFO] Loading ServiceContainer (needed by screens)...
[2025-12-17 16:12:38.962] [INFO] ServiceContainer loaded
[2025-12-17 16:12:38.963] [INFO] Loading remaining screens...
[2025-12-17 16:12:39.028] [INFO] Remaining screens loaded
[2025-12-17 16:12:39.029] [INFO] Loading PmcApplication...
[2025-12-17 16:12:39.038] [INFO] PmcApplication loaded
[2025-12-17 16:12:39.039] [INFO] All components loaded successfully
[2025-12-17 16:12:39.051] [INFO] Starting PMC TUI with screen: TaskList
[2025-12-17 16:12:39.056] [INFO] Cleared stale PmcSharedMenuBar and MenuRegistry singleton
[2025-12-17 16:12:39.057] [INFO] Creating ServiceContainer...
[2025-12-17 16:12:39.064] [INFO] ServiceContainer created
[2025-12-17 16:12:39.065] [INFO] Registering Theme service...
[2025-12-17 16:12:39.078] ServiceContainer: Registered 'Theme' (singleton=True)
[2025-12-17 16:12:39.080] [INFO] Registering ThemeManager...
[2025-12-17 16:12:39.081] ServiceContainer: Registered 'ThemeManager' (singleton=True)
[2025-12-17 16:12:39.082] [INFO] Registering Config service...
[2025-12-17 16:12:39.082] ServiceContainer: Registered 'Config' (singleton=True)
[2025-12-17 16:12:39.083] [INFO] Registering TaskStore service...
[2025-12-17 16:12:39.084] ServiceContainer: Registered 'TaskStore' (singleton=True)
[2025-12-17 16:12:39.085] [INFO] Registering MenuRegistry service...
[2025-12-17 16:12:39.086] ServiceContainer: Registered 'MenuRegistry' (singleton=True)
[2025-12-17 16:12:39.086] [INFO] Registering Application service...
[2025-12-17 16:12:39.087] ServiceContainer: Registered 'Application' (singleton=True)
[2025-12-17 16:12:39.088] [INFO] Registering CommandService...
[2025-12-17 16:12:39.092] ServiceContainer: Registered 'CommandService' (singleton=True)
[2025-12-17 16:12:39.093] [INFO] Registering ChecklistService...
[2025-12-17 16:12:39.094] ServiceContainer: Registered 'ChecklistService' (singleton=True)
[2025-12-17 16:12:39.094] [INFO] Registering NoteService...
[2025-12-17 16:12:39.095] ServiceContainer: Registered 'NoteService' (singleton=True)
[2025-12-17 16:12:39.096] [INFO] Registering ExcelMappingService...
[2025-12-17 16:12:39.096] ServiceContainer: Registered 'ExcelMappingService' (singleton=True)
[2025-12-17 16:12:39.097] [INFO] Registering PreferencesService...
[2025-12-17 16:12:39.097] ServiceContainer: Registered 'PreferencesService' (singleton=True)
[2025-12-17 16:12:39.098] [INFO] Registering screen factories...
[2025-12-17 16:12:39.099] ServiceContainer: Registered 'TaskListScreen' (singleton=False)
[2025-12-17 16:12:39.099] [INFO] Resolving Application from container...
[2025-12-17 16:12:39.109] ServiceContainer: Resolving 'Application'...
[2025-12-17 16:12:39.111] [INFO] Resolving Application...
[2025-12-17 16:12:39.112] ServiceContainer: Resolving 'Theme'...
[2025-12-17 16:12:39.117] [INFO] Resolving Theme: Calling Initialize-PmcThemeSystem...
[2025-12-17 16:12:39.126] [INFO] Theme resolved: #33aaff
[2025-12-17 16:12:39.127] [INFO] Loading PmcThemeEngine...
[2025-12-17 16:12:39.188] [INFO] LoadFromConfig: Loaded Properties with 23 items
[2025-12-17 16:12:39.196] [INFO] PmcThemeEngine initialized with PMC palette (14 colors)
[2025-12-17 16:12:39.198] ServiceContainer: Resolved 'Theme' successfully
[2025-12-17 16:12:39.586] ServiceContainer: Resolving 'ThemeManager'...
[2025-12-17 16:12:39.587] [INFO] Resolving ThemeManager...
[2025-12-17 16:12:39.611] ServiceContainer: Resolved 'ThemeManager' successfully
[2025-12-17 16:12:39.620] ServiceContainer: Resolved 'Application' successfully
[2025-12-17 16:12:39.620] [INFO] Application resolved and assigned to $global:PmcApp
[2025-12-17 16:12:39.621] [INFO] Loading menus from manifest...
[2025-12-17 16:12:39.622] ServiceContainer: Resolving 'MenuRegistry'...
[2025-12-17 16:12:39.623] [INFO] Resolving MenuRegistry...
[2025-12-17 16:12:39.632] ServiceContainer: Resolved 'MenuRegistry' successfully
[2025-12-17 16:12:39.649] MenuRegistry: Loaded manifest with 24 entries
[2025-12-17 16:12:39.675] ServiceContainer: Registered 'TimeReportScreen' (singleton=False)
[2025-12-17 16:12:39.676] MenuRegistry: Registered screen factory 'TimeReportScreen' in container (viewMode=)
[2025-12-17 16:12:39.692] MenuRegistry: Registered 'Time Report' in 'Time' menu (hotkey=R order=20)
[2025-12-17 16:12:39.702] ServiceContainer: Registered 'TaskListScreen_Overdue' (singleton=False)
[2025-12-17 16:12:39.703] MenuRegistry: Registered screen factory 'TaskListScreen_Overdue' in container (viewMode=overdue)
[2025-12-17 16:12:39.704] MenuRegistry: Registered 'Overdue' in 'Tasks' menu (hotkey=O order=30)
[2025-12-17 16:12:39.705] ServiceContainer: Registered 'ThemeEditorScreen' (singleton=False)
[2025-12-17 16:12:39.706] MenuRegistry: Registered screen factory 'ThemeEditorScreen' in container (viewMode=)
[2025-12-17 16:12:39.707] MenuRegistry: Registered 'Theme Editor' in 'Options' menu (hotkey=T order=10)
[2025-12-17 16:12:39.709] ServiceContainer: Registered 'TaskListScreen_Today' (singleton=False)
[2025-12-17 16:12:39.710] MenuRegistry: Registered screen factory 'TaskListScreen_Today' in container (viewMode=today)
[2025-12-17 16:12:39.711] MenuRegistry: Registered 'Today' in 'Tasks' menu (hotkey=Y order=10)
[2025-12-17 16:12:39.713] ServiceContainer: Registered 'KanbanScreenV2' (singleton=False)
[2025-12-17 16:12:39.714] MenuRegistry: Registered screen factory 'KanbanScreenV2' in container (viewMode=)
[2025-12-17 16:12:39.715] MenuRegistry: Registered 'Kanban Board' in 'Tasks' menu (hotkey=K order=55)
[2025-12-17 16:12:39.717] ServiceContainer: Registered 'CommandLibraryScreen' (singleton=False)
[2025-12-17 16:12:39.718] MenuRegistry: Registered screen factory 'CommandLibraryScreen' in container (viewMode=)
[2025-12-17 16:12:39.719] MenuRegistry: Registered 'Command Library' in 'Tools' menu (hotkey=L order=10)
[2025-12-17 16:12:39.720] ServiceContainer: Registered 'NotesMenuScreen' (singleton=False)
[2025-12-17 16:12:39.721] MenuRegistry: Registered screen factory 'NotesMenuScreen' in container (viewMode=)
[2025-12-17 16:12:39.722] MenuRegistry: Registered 'Notes' in 'Tools' menu (hotkey=N order=20)
[2025-12-17 16:12:39.724] ServiceContainer: Registered 'TimeListScreen' (singleton=False)
[2025-12-17 16:12:39.725] MenuRegistry: Registered screen factory 'TimeListScreen' in container (viewMode=)
[2025-12-17 16:12:39.726] MenuRegistry: Registered 'Time Tracking' in 'Time' menu (hotkey=T order=5)
[2025-12-17 16:12:39.729] ServiceContainer: Registered 'TaskListScreen_NextActions' (singleton=False)
[2025-12-17 16:12:39.730] MenuRegistry: Registered screen factory 'TaskListScreen_NextActions' in container (viewMode=nextactions)
[2025-12-17 16:12:39.731] MenuRegistry: Registered 'Next Actions' in 'Tasks' menu (hotkey=N order=35)
[2025-12-17 16:12:39.733] ServiceContainer: Registered 'ChecklistsLauncherScreen' (singleton=False)
[2025-12-17 16:12:39.734] MenuRegistry: Registered screen factory 'ChecklistsLauncherScreen' in container (viewMode=)
[2025-12-17 16:12:39.736] MenuRegistry: Registered 'Checklists' in 'Tools' menu (hotkey=C order=25)
[2025-12-17 16:12:39.738] ServiceContainer: Registered 'ProjectListScreen' (singleton=False)
[2025-12-17 16:12:39.739] MenuRegistry: Registered screen factory 'ProjectListScreen' in container (viewMode=)
[2025-12-17 16:12:39.740] MenuRegistry: Registered 'Project List' in 'Projects' menu (hotkey=L order=10)
[2025-12-17 16:12:39.742] ServiceContainer: Registered 'TaskListScreen_Upcoming' (singleton=False)
[2025-12-17 16:12:39.744] MenuRegistry: Registered screen factory 'TaskListScreen_Upcoming' in container (viewMode=upcoming)
[2025-12-17 16:12:39.745] MenuRegistry: Registered 'Upcoming' in 'Tasks' menu (hotkey=U order=25)
[2025-12-17 16:12:39.747] ServiceContainer: Registered 'TaskListScreen_NoDate' (singleton=False)
[2025-12-17 16:12:39.748] MenuRegistry: Registered screen factory 'TaskListScreen_NoDate' in container (viewMode=noduedate)
[2025-12-17 16:12:39.749] MenuRegistry: Registered 'No Due Date' in 'Tasks' menu (hotkey=D order=40)
[2025-12-17 16:12:39.751] ServiceContainer: Registered 'TaskListScreen_Agenda' (singleton=False)
[2025-12-17 16:12:39.752] MenuRegistry: Registered screen factory 'TaskListScreen_Agenda' in container (viewMode=agenda)
[2025-12-17 16:12:39.754] MenuRegistry: Registered 'Agenda View' in 'Tasks' menu (hotkey=A order=50)
[2025-12-17 16:12:39.756] ServiceContainer: Registered 'TaskListScreen_Month' (singleton=False)
[2025-12-17 16:12:39.758] MenuRegistry: Registered screen factory 'TaskListScreen_Month' in container (viewMode=month)
[2025-12-17 16:12:39.759] MenuRegistry: Registered 'Month View' in 'Tasks' menu (hotkey=M order=45)
[2025-12-17 16:12:39.765] ServiceContainer: Registered 'TaskListScreen_Week' (singleton=False)
[2025-12-17 16:12:39.767] MenuRegistry: Registered screen factory 'TaskListScreen_Week' in container (viewMode=week)
[2025-12-17 16:12:39.768] MenuRegistry: Registered 'Week View' in 'Tasks' menu (hotkey=W order=20)
[2025-12-17 16:12:39.770] ServiceContainer: Registered 'TaskListScreen_Tomorrow' (singleton=False)
[2025-12-17 16:12:39.771] MenuRegistry: Registered screen factory 'TaskListScreen_Tomorrow' in container (viewMode=tomorrow)
[2025-12-17 16:12:39.773] MenuRegistry: Registered 'Tomorrow' in 'Tasks' menu (hotkey=T order=15)
[2025-12-17 16:12:39.775] ServiceContainer: Registered 'SettingsScreen' (singleton=False)
[2025-12-17 16:12:39.776] MenuRegistry: Registered screen factory 'SettingsScreen' in container (viewMode=)
[2025-12-17 16:12:39.777] MenuRegistry: Registered 'Settings' in 'Options' menu (hotkey=S order=20)
[2025-12-17 16:12:39.779] ServiceContainer: Registered 'WeeklyTimeReportScreen' (singleton=False)
[2025-12-17 16:12:39.781] MenuRegistry: Registered screen factory 'WeeklyTimeReportScreen' in container (viewMode=)
[2025-12-17 16:12:39.782] MenuRegistry: Registered 'Weekly Report' in 'Time' menu (hotkey=W order=10)
[2025-12-17 16:12:39.784] ServiceContainer: Registered 'ExcelImportScreen' (singleton=False)
[2025-12-17 16:12:39.785] MenuRegistry: Registered screen factory 'ExcelImportScreen' in container (viewMode=)
[2025-12-17 16:12:39.787] MenuRegistry: Registered 'Import from Excel' in 'Projects' menu (hotkey=I order=40)
[2025-12-17 16:12:39.789] ServiceContainer: Registered 'ChecklistTemplatesFolderScreen' (singleton=False)
[2025-12-17 16:12:39.790] MenuRegistry: Registered screen factory 'ChecklistTemplatesFolderScreen' in container (viewMode=)
[2025-12-17 16:12:39.792] MenuRegistry: Registered 'Checklist Templates' in 'Tools' menu (hotkey=H order=30)
[2025-12-17 16:12:39.805] ServiceContainer: Registered 'ExcelProfileManagerScreen' (singleton=False)
[2025-12-17 16:12:39.807] MenuRegistry: Registered screen factory 'ExcelProfileManagerScreen' in container (viewMode=)
[2025-12-17 16:12:39.808] MenuRegistry: Registered 'Excel Profiles' in 'Projects' menu (hotkey=M order=50)
[2025-12-17 16:12:39.810] ServiceContainer: Registered 'TaskListScreen_Default' (singleton=False)
[2025-12-17 16:12:39.812] MenuRegistry: Registered screen factory 'TaskListScreen_Default' in container (viewMode=)
[2025-12-17 16:12:39.813] MenuRegistry: Registered 'Task List' in 'Tasks' menu (hotkey=L order=5)
[2025-12-17 16:12:39.816] ServiceContainer: Registered 'HelpViewScreen' (singleton=False)
[2025-12-17 16:12:39.817] MenuRegistry: Registered screen factory 'HelpViewScreen' in container (viewMode=)
[2025-12-17 16:12:39.819] MenuRegistry: Registered 'Help' in 'Help' menu (hotkey=H order=10)
[2025-12-17 16:12:39.820] [INFO] Menus loaded from /home/teej/ztest/module/Pmc.Strict/consoleui/screens/MenuItems.psd1
[2025-12-17 16:12:39.821] [INFO] Launching screen: TaskList
[2025-12-17 16:12:39.822] [INFO] Resolving TaskListScreen from container...
[2025-12-17 16:12:39.824] ServiceContainer: Resolving 'TaskListScreen'...
[2025-12-17 16:12:39.826] [INFO] Resolving TaskListScreen...
[2025-12-17 16:12:39.828] ServiceContainer: Resolving 'TaskStore'...
[2025-12-17 16:12:39.830] [INFO] Resolving TaskStore...
[2025-12-17 16:12:40.161] ServiceContainer: Resolved 'TaskStore' successfully
[2025-12-17 16:12:40.689] _PopulateMenusFromRegistry: Menu 'Projects' has 3 items from registry (array)
[2025-12-17 16:12:40.703] _PopulateMenusFromRegistry: Menu 'Tools' has 4 items from registry (array)
[2025-12-17 16:12:40.705] _PopulateMenusFromRegistry: Menu 'Time' has 3 items from registry (array)
[2025-12-17 16:12:40.709] _PopulateMenusFromRegistry: Menu 'Tasks' has 11 items from registry (array)
[2025-12-17 16:12:40.711] _PopulateMenusFromRegistry: Menu 'Options' has 2 items from registry (array)
[2025-12-17 16:12:40.714] _PopulateMenusFromRegistry: Menu 'Help' has 1 items from registry (array)
[2025-12-17 16:12:40.715] ServiceContainer: Resolved 'TaskListScreen' successfully
[2025-12-17 16:12:40.716] [INFO] Pushing screen to app...
[2025-12-17 16:12:41.205] [INFO] Screen pushed successfully
[2025-12-17 16:12:41.206] [INFO] Starting event loop...
[2025-12-17 16:12:57.976] [INFO] TaskListScreen.EditItem called - item.id=f6d455a4-9e14-46c4-ba1a-4563c83b3b39
[2025-12-17 16:12:58.084] [INFO] TaskListScreen.EditItem: Setting OnConfirmed callback for taskId=f6d455a4-9e14-46c4-ba1a-4563c83b3b39
[2025-12-17 16:13:22.941] [INFO] InlineEditor.OnConfirmed FIRED - taskId=f6d455a4-9e14-46c4-ba1a-4563c83b3b39 values=due,text,project,details,tags
[2025-12-17 16:13:23.005] [INFO] TaskStore.SaveData: START - tasks=2 projects=1 timelogs=4
[2025-12-17 16:13:23.024] [INFO] _CreatePersistentBackup: Created backup at /home/teej/ztest/tasks.json.backup.20251217-161323
[2025-12-17 16:13:23.038] [INFO] TaskStore.SaveData: Data structure built - tasks=2 projects=1 timelogs=4
[2025-12-17 16:13:23.039] [INFO] TaskStore.SaveData: Calling Save-PmcData
[2025-12-17 16:13:23.148] [INFO] TaskStore.SaveData: Save-PmcData completed successfully
[2025-12-17 16:13:23.185] [INFO] TaskStore.SaveData: SUCCESS - Data saved and verified
[2025-12-17 16:13:40.780] ServiceContainer: Resolving 'ProjectListScreen'...
[2025-12-17 16:13:40.846] ServiceContainer: Resolved 'ProjectListScreen' successfully
[2025-12-17 16:13:47.013] [INFO] TaskStore.SaveData: START - tasks=2 projects=2 timelogs=4
[2025-12-17 16:13:47.024] [INFO] _CreatePersistentBackup: Created backup at /home/teej/ztest/tasks.json.backup.20251217-161347
[2025-12-17 16:13:47.026] [INFO] TaskStore.SaveData: Data structure built - tasks=2 projects=2 timelogs=4
[2025-12-17 16:13:47.027] [INFO] TaskStore.SaveData: Calling Save-PmcData
[2025-12-17 16:13:47.050] [INFO] TaskStore.SaveData: Save-PmcData completed successfully
[2025-12-17 16:13:47.082] [INFO] TaskStore.SaveData: SUCCESS - Data saved and verified
[2025-12-17 16:13:51.465] ServiceContainer: Registered 'ProjectInfoScreenV4' (singleton=False)
[2025-12-17 16:13:51.466] ServiceContainer: Resolving 'ProjectInfoScreenV4'...
[2025-12-17 16:13:51.547] ServiceContainer: Resolved 'ProjectInfoScreenV4' successfully
[2025-12-17 16:13:56.156] ServiceContainer: Resolving 'ProjectInfoScreenV4'...
[2025-12-17 16:13:56.171] ServiceContainer: Resolved 'ProjectInfoScreenV4' successfully
[2025-12-17 16:14:01.975] ========== TabbedScreen.OnTabChanged: Switched to tab 6 'Files' ==========
[2025-12-17 16:14:02.041] TabbedScreen.OnTabChanged: Invalidated cache region Y=10-45 (no flicker)
[2025-12-17 16:14:14.833] ServiceContainer: Resolving 'TimeListScreen'...
[2025-12-17 16:14:14.966] ServiceContainer: Resolved 'TimeListScreen' successfully
[2025-12-17 16:14:16.406] [WARNING] InlineEditor._CreateFieldWidget: WARNING - widget is null for field 'hours' (type=number)
[2025-12-17 16:14:21.892] [INFO] PadText: text='Type to filter...' rawLen=17 visibleLen=17 width=56 align=left
[2025-12-17 16:14:21.912] [INFO] PadText: text='Enter=Select | Alt+N=Create' rawLen=27 visibleLen=27 width=56 align=left
[2025-12-17 16:14:22.161] [INFO] PadText: text='Type to filter...' rawLen=17 visibleLen=17 width=56 align=left
[2025-12-17 16:14:22.174] [INFO] PadText: text='Enter=Select | Alt+N=Create' rawLen=27 visibleLen=27 width=56 align=left
[2025-12-17 16:14:22.350] [INFO] PadText: text='Type to filter...' rawLen=17 visibleLen=17 width=56 align=left
[2025-12-17 16:14:22.363] [INFO] PadText: text='Enter=Select | Alt+N=Create' rawLen=27 visibleLen=27 width=56 align=left
[2025-12-17 16:14:22.396] [INFO] PadText: text='Type to filter...' rawLen=17 visibleLen=17 width=56 align=left
[2025-12-17 16:14:22.408] [INFO] PadText: text='Enter=Select | Alt+N=Create' rawLen=27 visibleLen=27 width=56 align=left
[2025-12-17 16:14:23.558] [INFO] PadText: text='Type to filter...' rawLen=17 visibleLen=17 width=56 align=left
[2025-12-17 16:14:23.574] [INFO] PadText: text='Enter=Select | Alt+N=Create' rawLen=27 visibleLen=27 width=56 align=left
[2025-12-17 16:14:23.725] [INFO] PadText: text='Type to filter...' rawLen=17 visibleLen=17 width=56 align=left
[2025-12-17 16:14:23.739] [INFO] PadText: text='Enter=Select | Alt+N=Create' rawLen=27 visibleLen=27 width=56 align=left
[2025-12-17 16:14:23.912] [INFO] PadText: text='Type to filter...' rawLen=17 visibleLen=17 width=56 align=left
[2025-12-17 16:14:23.925] [INFO] PadText: text='Enter=Select | Alt+N=Create' rawLen=27 visibleLen=27 width=56 align=left
[2025-12-17 16:14:23.962] [INFO] PadText: text='Type to filter...' rawLen=17 visibleLen=17 width=56 align=left
[2025-12-17 16:14:23.974] [INFO] PadText: text='Enter=Select | Alt+N=Create' rawLen=27 visibleLen=27 width=56 align=left
[2025-12-17 16:14:33.757] [INFO] OnInlineEditConfirmed: Processing ADD mode for time entry
[2025-12-17 16:14:33.806] [INFO] TaskStore.SaveData: START - tasks=2 projects=2 timelogs=5
[2025-12-17 16:14:33.810] [INFO] _CreatePersistentBackup: Created backup at /home/teej/ztest/tasks.json.backup.20251217-161433
[2025-12-17 16:14:33.813] [INFO] TaskStore.SaveData: Data structure built - tasks=2 projects=2 timelogs=5
[2025-12-17 16:14:33.814] [INFO] TaskStore.SaveData: Calling Save-PmcData
[2025-12-17 16:14:33.835] [INFO] TaskStore.SaveData: Save-PmcData completed successfully
[2025-12-17 16:14:33.863] [INFO] TaskStore.SaveData: SUCCESS - Data saved and verified
[2025-12-17 16:14:39.147] ServiceContainer: Resolving 'TaskListScreen_Default'...
[2025-12-17 16:14:39.176] _PopulateMenusFromRegistry: Menu 'Projects' has 3 items from registry (array)
[2025-12-17 16:14:39.179] _PopulateMenusFromRegistry: Menu 'Tools' has 4 items from registry (array)
[2025-12-17 16:14:39.182] _PopulateMenusFromRegistry: Menu 'Time' has 3 items from registry (array)
[2025-12-17 16:14:39.188] _PopulateMenusFromRegistry: Menu 'Tasks' has 11 items from registry (array)
[2025-12-17 16:14:39.190] _PopulateMenusFromRegistry: Menu 'Options' has 2 items from registry (array)
[2025-12-17 16:14:39.192] _PopulateMenusFromRegistry: Menu 'Help' has 1 items from registry (array)
[2025-12-17 16:14:39.194] ServiceContainer: Resolved 'TaskListScreen_Default' successfully
[2025-12-17 16:17:39.157] [INFO] Event loop exited normally
[2025-12-17 16:17:39.159] [INFO] Cleanup - showing cursor and resetting terminal
