[2025-12-15 23:03:43.279] [INFO] Loading PMC module...
[2025-12-15 23:03:44.035] [INFO] PMC module loaded
[2025-12-15 23:03:44.037] [INFO] Loading dependencies (FieldSchemas, etc.)...
[2025-12-15 23:03:44.111] [INFO] Dependencies loaded
[2025-12-15 23:03:44.112] [INFO] Loading SpeedTUI framework...
[2025-12-15 23:03:44.274] [INFO] SpeedTUI framework loaded
[2025-12-15 23:03:44.274] [INFO] Loading PraxisVT...
[2025-12-15 23:03:44.276] [INFO] PraxisVT loaded
[2025-12-15 23:03:44.276] [INFO] Loading core dependencies...
[2025-12-15 23:03:44.314] [INFO] Core dependencies loaded
[2025-12-15 23:03:44.315] [INFO] Loading widget base classes...
[2025-12-15 23:03:44.360] [INFO] Widget base classes loaded
[2025-12-15 23:03:44.361] [INFO] Loading services...
[2025-12-15 23:03:44.427] [INFO] Services loaded
[2025-12-15 23:03:44.428] [INFO] Loading helpers...
[2025-12-15 23:03:45.069] [INFO] Helpers loaded
[2025-12-15 23:03:45.069] [INFO] Loading widgets...
[2025-12-15 23:03:45.250] [INFO] Widgets loaded
[2025-12-15 23:03:45.257] [INFO] Loading screen base class...
[2025-12-15 23:03:45.264] [INFO] Screen base class loaded
[2025-12-15 23:03:45.265] [INFO] Loading HelpViewScreen (needed by base classes)...
[2025-12-15 23:03:45.269] [INFO] HelpViewScreen loaded
[2025-12-15 23:03:45.270] [INFO] Loading base classes...
[2025-12-15 23:03:45.353] [INFO] Base classes loaded
[2025-12-15 23:03:45.355] [INFO] Loading ServiceContainer (needed by screens)...
[2025-12-15 23:03:45.366] [INFO] ServiceContainer loaded
[2025-12-15 23:03:45.369] [INFO] Loading remaining screens...
[2025-12-15 23:03:45.444] [INFO] Remaining screens loaded
[2025-12-15 23:03:45.445] [INFO] Loading PmcApplication...
[2025-12-15 23:03:45.454] [INFO] PmcApplication loaded
[2025-12-15 23:03:45.455] [INFO] All components loaded successfully
[2025-12-15 23:03:45.467] [INFO] Starting PMC TUI with screen: TaskList
[2025-12-15 23:03:45.473] [INFO] Cleared stale PmcSharedMenuBar and MenuRegistry singleton
[2025-12-15 23:03:45.474] [INFO] Creating ServiceContainer...
[2025-12-15 23:03:45.482] [INFO] ServiceContainer created
[2025-12-15 23:03:45.483] [INFO] Registering Theme service...
[2025-12-15 23:03:45.496] ServiceContainer: Registered 'Theme' (singleton=True)
[2025-12-15 23:03:45.499] [INFO] Registering ThemeManager...
[2025-12-15 23:03:45.500] ServiceContainer: Registered 'ThemeManager' (singleton=True)
[2025-12-15 23:03:45.501] [INFO] Registering Config service...
[2025-12-15 23:03:45.501] ServiceContainer: Registered 'Config' (singleton=True)
[2025-12-15 23:03:45.502] [INFO] Registering TaskStore service...
[2025-12-15 23:03:45.503] ServiceContainer: Registered 'TaskStore' (singleton=True)
[2025-12-15 23:03:45.503] [INFO] Registering MenuRegistry service...
[2025-12-15 23:03:45.504] ServiceContainer: Registered 'MenuRegistry' (singleton=True)
[2025-12-15 23:03:45.505] [INFO] Registering Application service...
[2025-12-15 23:03:45.505] ServiceContainer: Registered 'Application' (singleton=True)
[2025-12-15 23:03:45.506] [INFO] Registering CommandService...
[2025-12-15 23:03:45.507] ServiceContainer: Registered 'CommandService' (singleton=True)
[2025-12-15 23:03:45.511] [INFO] Registering ChecklistService...
[2025-12-15 23:03:45.512] ServiceContainer: Registered 'ChecklistService' (singleton=True)
[2025-12-15 23:03:45.513] [INFO] Registering NoteService...
[2025-12-15 23:03:45.514] ServiceContainer: Registered 'NoteService' (singleton=True)
[2025-12-15 23:03:45.514] [INFO] Registering ExcelMappingService...
[2025-12-15 23:03:45.515] ServiceContainer: Registered 'ExcelMappingService' (singleton=True)
[2025-12-15 23:03:45.516] [INFO] Registering PreferencesService...
[2025-12-15 23:03:45.517] ServiceContainer: Registered 'PreferencesService' (singleton=True)
[2025-12-15 23:03:45.517] [INFO] Registering screen factories...
[2025-12-15 23:03:45.518] ServiceContainer: Registered 'TaskListScreen' (singleton=False)
[2025-12-15 23:03:45.519] [INFO] Resolving Application from container...
[2025-12-15 23:03:45.529] ServiceContainer: Resolving 'Application'...
[2025-12-15 23:03:45.531] [INFO] Resolving Application...
[2025-12-15 23:03:45.532] ServiceContainer: Resolving 'Theme'...
[2025-12-15 23:03:45.537] [INFO] Resolving Theme: Calling Initialize-PmcThemeSystem...
[2025-12-15 23:03:45.546] [INFO] Theme resolved: #33aaff
[2025-12-15 23:03:45.547] [INFO] Loading PmcThemeEngine...
[2025-12-15 23:03:45.590] [DEBUG] Palette [Status] -> #5C8F6D (R=92 G=143 B=109)
[2025-12-15 23:03:45.591] [DEBUG] Palette [Label] -> #5C8F6D (R=92 G=143 B=109)
[2025-12-15 23:03:45.591] [DEBUG] Palette [Primary] -> #228844 (R=34 G=136 B=68)
[2025-12-15 23:03:45.592] [DEBUG] Palette [Muted] -> #5C8F6D (R=92 G=143 B=109)
[2025-12-15 23:03:45.597] [DEBUG] Palette [Success] -> #2CB158 (R=44 G=177 B=88)
[2025-12-15 23:03:45.598] [DEBUG] Palette [Header] -> #228844 (R=34 G=136 B=68)
[2025-12-15 23:03:45.599] [DEBUG] Palette [Border] -> #185F30 (R=24 G=95 B=48)
[2025-12-15 23:03:45.599] [DEBUG] Palette [Cursor] -> #228844 (R=34 G=136 B=68)
[2025-12-15 23:03:45.600] [DEBUG] Palette [Error] -> #BE2914 (R=190 G=41 B=20)
[2025-12-15 23:03:45.601] [DEBUG] Palette [Warning] -> #7FCA14 (R=127 G=202 B=20)
[2025-12-15 23:03:45.602] [DEBUG] Palette [Bright] -> #2CB158 (R=44 G=177 B=88)
[2025-12-15 23:03:45.602] [DEBUG] Palette [Highlight] -> #228844 (R=34 G=136 B=68)
[2025-12-15 23:03:45.603] [DEBUG] Palette [Footer] -> #185F30 (R=24 G=95 B=48)
[2025-12-15 23:03:45.604] [DEBUG] Palette [Text] -> #C2EACF (R=194 G=234 B=207)
[2025-12-15 23:03:45.614] [INFO] LoadFromConfig: Loaded Properties with 16 items
[2025-12-15 23:03:45.621] [INFO] PmcThemeEngine initialized with PMC palette (14 colors)
[2025-12-15 23:03:45.624] ServiceContainer: Resolved 'Theme' successfully
[2025-12-15 23:03:46.396] ServiceContainer: Resolving 'ThemeManager'...
[2025-12-15 23:03:46.398] [INFO] Resolving ThemeManager...
[2025-12-15 23:03:46.421] ServiceContainer: Resolved 'ThemeManager' successfully
[2025-12-15 23:03:46.429] ServiceContainer: Resolved 'Application' successfully
[2025-12-15 23:03:46.432] [INFO] Application resolved and assigned to $global:PmcApp
[2025-12-15 23:03:46.433] [INFO] Loading menus from manifest...
[2025-12-15 23:03:46.433] ServiceContainer: Resolving 'MenuRegistry'...
[2025-12-15 23:03:46.435] [INFO] Resolving MenuRegistry...
[2025-12-15 23:03:46.442] ServiceContainer: Resolved 'MenuRegistry' successfully
[2025-12-15 23:03:46.456] MenuRegistry: Loaded manifest with 24 entries
[2025-12-15 23:03:46.475] ServiceContainer: Registered 'TaskListScreen_Default' (singleton=False)
[2025-12-15 23:03:46.476] MenuRegistry: Registered screen factory 'TaskListScreen_Default' in container (viewMode=)
[2025-12-15 23:03:46.487] MenuRegistry: Registered 'Task List' in 'Tasks' menu (hotkey=L order=5)
[2025-12-15 23:03:46.490] ServiceContainer: Registered 'TaskListScreen_Month' (singleton=False)
[2025-12-15 23:03:46.490] MenuRegistry: Registered screen factory 'TaskListScreen_Month' in container (viewMode=month)
[2025-12-15 23:03:46.491] MenuRegistry: Registered 'Month View' in 'Tasks' menu (hotkey=M order=45)
[2025-12-15 23:03:46.492] ServiceContainer: Registered 'ExcelImportScreen' (singleton=False)
[2025-12-15 23:03:46.493] MenuRegistry: Registered screen factory 'ExcelImportScreen' in container (viewMode=)
[2025-12-15 23:03:46.493] MenuRegistry: Registered 'Import from Excel' in 'Projects' menu (hotkey=I order=40)
[2025-12-15 23:03:46.495] ServiceContainer: Registered 'SettingsScreen' (singleton=False)
[2025-12-15 23:03:46.495] MenuRegistry: Registered screen factory 'SettingsScreen' in container (viewMode=)
[2025-12-15 23:03:46.496] MenuRegistry: Registered 'Settings' in 'Options' menu (hotkey=S order=20)
[2025-12-15 23:03:46.498] ServiceContainer: Registered 'TaskListScreen_Overdue' (singleton=False)
[2025-12-15 23:03:46.498] MenuRegistry: Registered screen factory 'TaskListScreen_Overdue' in container (viewMode=overdue)
[2025-12-15 23:03:46.499] MenuRegistry: Registered 'Overdue' in 'Tasks' menu (hotkey=O order=30)
[2025-12-15 23:03:46.501] ServiceContainer: Registered 'ProjectListScreen' (singleton=False)
[2025-12-15 23:03:46.502] MenuRegistry: Registered screen factory 'ProjectListScreen' in container (viewMode=)
[2025-12-15 23:03:46.503] MenuRegistry: Registered 'Project List' in 'Projects' menu (hotkey=L order=10)
[2025-12-15 23:03:46.504] ServiceContainer: Registered 'TaskListScreen_NoDate' (singleton=False)
[2025-12-15 23:03:46.505] MenuRegistry: Registered screen factory 'TaskListScreen_NoDate' in container (viewMode=noduedate)
[2025-12-15 23:03:46.506] MenuRegistry: Registered 'No Due Date' in 'Tasks' menu (hotkey=D order=40)
[2025-12-15 23:03:46.507] ServiceContainer: Registered 'ChecklistTemplatesFolderScreen' (singleton=False)
[2025-12-15 23:03:46.508] MenuRegistry: Registered screen factory 'ChecklistTemplatesFolderScreen' in container (viewMode=)
[2025-12-15 23:03:46.512] MenuRegistry: Registered 'Checklist Templates' in 'Tools' menu (hotkey=H order=30)
[2025-12-15 23:03:46.513] ServiceContainer: Registered 'TaskListScreen_Tomorrow' (singleton=False)
[2025-12-15 23:03:46.514] MenuRegistry: Registered screen factory 'TaskListScreen_Tomorrow' in container (viewMode=tomorrow)
[2025-12-15 23:03:46.514] MenuRegistry: Registered 'Tomorrow' in 'Tasks' menu (hotkey=T order=15)
[2025-12-15 23:03:46.516] ServiceContainer: Registered 'TimeListScreen' (singleton=False)
[2025-12-15 23:03:46.516] MenuRegistry: Registered screen factory 'TimeListScreen' in container (viewMode=)
[2025-12-15 23:03:46.517] MenuRegistry: Registered 'Time Tracking' in 'Time' menu (hotkey=T order=5)
[2025-12-15 23:03:46.518] ServiceContainer: Registered 'ChecklistsLauncherScreen' (singleton=False)
[2025-12-15 23:03:46.519] MenuRegistry: Registered screen factory 'ChecklistsLauncherScreen' in container (viewMode=)
[2025-12-15 23:03:46.519] MenuRegistry: Registered 'Checklists' in 'Tools' menu (hotkey=C order=25)
[2025-12-15 23:03:46.520] ServiceContainer: Registered 'WeeklyTimeReportScreen' (singleton=False)
[2025-12-15 23:03:46.521] MenuRegistry: Registered screen factory 'WeeklyTimeReportScreen' in container (viewMode=)
[2025-12-15 23:03:46.522] MenuRegistry: Registered 'Weekly Report' in 'Time' menu (hotkey=W order=10)
[2025-12-15 23:03:46.523] ServiceContainer: Registered 'HelpViewScreen' (singleton=False)
[2025-12-15 23:03:46.523] MenuRegistry: Registered screen factory 'HelpViewScreen' in container (viewMode=)
[2025-12-15 23:03:46.524] MenuRegistry: Registered 'Help' in 'Help' menu (hotkey=H order=10)
[2025-12-15 23:03:46.526] ServiceContainer: Registered 'TaskListScreen_Today' (singleton=False)
[2025-12-15 23:03:46.526] MenuRegistry: Registered screen factory 'TaskListScreen_Today' in container (viewMode=today)
[2025-12-15 23:03:46.527] MenuRegistry: Registered 'Today' in 'Tasks' menu (hotkey=Y order=10)
[2025-12-15 23:03:46.529] ServiceContainer: Registered 'TaskListScreen_Week' (singleton=False)
[2025-12-15 23:03:46.530] MenuRegistry: Registered screen factory 'TaskListScreen_Week' in container (viewMode=week)
[2025-12-15 23:03:46.531] MenuRegistry: Registered 'Week View' in 'Tasks' menu (hotkey=W order=20)
[2025-12-15 23:03:46.532] ServiceContainer: Registered 'TaskListScreen_Agenda' (singleton=False)
[2025-12-15 23:03:46.533] MenuRegistry: Registered screen factory 'TaskListScreen_Agenda' in container (viewMode=agenda)
[2025-12-15 23:03:46.533] MenuRegistry: Registered 'Agenda View' in 'Tasks' menu (hotkey=A order=50)
[2025-12-15 23:03:46.535] ServiceContainer: Registered 'KanbanScreenV2' (singleton=False)
[2025-12-15 23:03:46.536] MenuRegistry: Registered screen factory 'KanbanScreenV2' in container (viewMode=)
[2025-12-15 23:03:46.537] MenuRegistry: Registered 'Kanban Board' in 'Tasks' menu (hotkey=K order=55)
[2025-12-15 23:03:46.538] ServiceContainer: Registered 'TimeReportScreen' (singleton=False)
[2025-12-15 23:03:46.539] MenuRegistry: Registered screen factory 'TimeReportScreen' in container (viewMode=)
[2025-12-15 23:03:46.540] MenuRegistry: Registered 'Time Report' in 'Time' menu (hotkey=R order=20)
[2025-12-15 23:03:46.541] ServiceContainer: Registered 'ThemeEditorScreen' (singleton=False)
[2025-12-15 23:03:46.542] MenuRegistry: Registered screen factory 'ThemeEditorScreen' in container (viewMode=)
[2025-12-15 23:03:46.543] MenuRegistry: Registered 'Theme Editor' in 'Options' menu (hotkey=T order=10)
[2025-12-15 23:03:46.544] ServiceContainer: Registered 'ExcelProfileManagerScreen' (singleton=False)
[2025-12-15 23:03:46.545] MenuRegistry: Registered screen factory 'ExcelProfileManagerScreen' in container (viewMode=)
[2025-12-15 23:03:46.546] MenuRegistry: Registered 'Excel Profiles' in 'Projects' menu (hotkey=M order=50)
[2025-12-15 23:03:46.547] ServiceContainer: Registered 'NotesMenuScreen' (singleton=False)
[2025-12-15 23:03:46.548] MenuRegistry: Registered screen factory 'NotesMenuScreen' in container (viewMode=)
[2025-12-15 23:03:46.549] MenuRegistry: Registered 'Notes' in 'Tools' menu (hotkey=N order=20)
[2025-12-15 23:03:46.555] ServiceContainer: Registered 'TaskListScreen_NextActions' (singleton=False)
[2025-12-15 23:03:46.556] MenuRegistry: Registered screen factory 'TaskListScreen_NextActions' in container (viewMode=nextactions)
[2025-12-15 23:03:46.557] MenuRegistry: Registered 'Next Actions' in 'Tasks' menu (hotkey=N order=35)
[2025-12-15 23:03:46.558] ServiceContainer: Registered 'TaskListScreen_Upcoming' (singleton=False)
[2025-12-15 23:03:46.559] MenuRegistry: Registered screen factory 'TaskListScreen_Upcoming' in container (viewMode=upcoming)
[2025-12-15 23:03:46.560] MenuRegistry: Registered 'Upcoming' in 'Tasks' menu (hotkey=U order=25)
[2025-12-15 23:03:46.561] ServiceContainer: Registered 'CommandLibraryScreen' (singleton=False)
[2025-12-15 23:03:46.562] MenuRegistry: Registered screen factory 'CommandLibraryScreen' in container (viewMode=)
[2025-12-15 23:03:46.562] MenuRegistry: Registered 'Command Library' in 'Tools' menu (hotkey=L order=10)
[2025-12-15 23:03:46.563] [INFO] Menus loaded from /home/teej/ztest/module/Pmc.Strict/consoleui/screens/MenuItems.psd1
[2025-12-15 23:03:46.564] [INFO] Launching screen: TaskList
[2025-12-15 23:03:46.565] [INFO] Resolving TaskListScreen from container...
[2025-12-15 23:03:46.566] ServiceContainer: Resolving 'TaskListScreen'...
[2025-12-15 23:03:46.567] [INFO] Resolving TaskListScreen...
[2025-12-15 23:03:46.568] ServiceContainer: Resolving 'TaskStore'...
[2025-12-15 23:03:46.570] [INFO] Resolving TaskStore...
[2025-12-15 23:03:46.599] [DEBUG] TaskStore.LoadData: Starting
[2025-12-15 23:03:46.601] [DEBUG] TaskStore.LoadData: Calling Get-PmcData
[2025-12-15 23:03:46.716] [DEBUG] TaskStore.LoadData: Get-PmcData returned - tasks=1 projects=0 timelogs=0
[2025-12-15 23:03:46.724] [DEBUG] TaskStore.LoadData: Loaded 1 tasks
[2025-12-15 23:03:46.725] [DEBUG] TaskStore.LoadData: No projects in data, initialized empty list
[2025-12-15 23:03:46.732] ServiceContainer: Resolved 'TaskStore' successfully
[2025-12-15 23:03:47.097] [DEBUG] PmcScreen.AddContentWidget: Adding UniversalList (Total: 1)
[2025-12-15 23:03:47.130] [DEBUG] TaskListScreen: Constructor started
[2025-12-15 23:03:47.164] _PopulateMenusFromRegistry: Menu 'Time' has 3 items from registry (array)
[2025-12-15 23:03:47.178] _PopulateMenusFromRegistry: Menu 'Projects' has 3 items from registry (array)
[2025-12-15 23:03:47.181] _PopulateMenusFromRegistry: Menu 'Options' has 2 items from registry (array)
[2025-12-15 23:03:47.183] _PopulateMenusFromRegistry: Menu 'Tools' has 4 items from registry (array)
[2025-12-15 23:03:47.188] _PopulateMenusFromRegistry: Menu 'Tasks' has 11 items from registry (array)
[2025-12-15 23:03:47.191] _PopulateMenusFromRegistry: Menu 'Help' has 1 items from registry (array)
[2025-12-15 23:03:47.192] [DEBUG] TaskListScreen: Constructor completed
[2025-12-15 23:03:47.200] ServiceContainer: Resolved 'TaskListScreen' successfully
[2025-12-15 23:03:47.201] [INFO] Pushing screen to app...
[2025-12-15 23:03:47.840] [DEBUG] LoadData: Got 1 tasks from Store
[2025-12-15 23:03:47.891] [DEBUG] TaskListScreen.LoadData: Setting 1 tasks
[2025-12-15 23:03:47.896] [DEBUG] UniversalList.SetData: START
[2025-12-15 23:03:47.944] [DEBUG] UniversalList.SetData: COMPLETE (1 items)
[2025-12-15 23:03:48.290] [INFO] Screen pushed successfully
[2025-12-15 23:03:48.291] [INFO] Starting event loop...
[2025-12-15 23:03:49.236] [DEBUG] PmcScreen: Calling RenderToEngine on UniversalList
[2025-12-15 23:04:43.851] [INFO] Event loop exited normally
[2025-12-15 23:04:43.852] [INFO] Cleanup - showing cursor and resetting terminal
