[2025-12-16 08:07:09.672] [INFO] Loading PMC module...
[2025-12-16 08:07:11.231] [INFO] PMC module loaded
[2025-12-16 08:07:11.235] [INFO] Loading dependencies (FieldSchemas, etc.)...
[2025-12-16 08:07:11.361] [INFO] Dependencies loaded
[2025-12-16 08:07:11.363] [INFO] Loading SpeedTUI framework...
[2025-12-16 08:07:11.756] [INFO] SpeedTUI framework loaded
[2025-12-16 08:07:11.759] [INFO] Loading PraxisVT...
[2025-12-16 08:07:11.762] [INFO] PraxisVT loaded
[2025-12-16 08:07:11.764] [INFO] Loading core dependencies...
[2025-12-16 08:07:11.813] [INFO] Core dependencies loaded
[2025-12-16 08:07:11.814] [INFO] Loading widget base classes...
[2025-12-16 08:07:11.883] [INFO] Widget base classes loaded
[2025-12-16 08:07:11.884] [INFO] Loading services...
[2025-12-16 08:07:12.031] [INFO] Services loaded
[2025-12-16 08:07:12.033] [INFO] Loading helpers...
[2025-12-16 08:07:13.192] [INFO] Helpers loaded
[2025-12-16 08:07:13.196] [INFO] Loading widgets...
[2025-12-16 08:07:13.639] [INFO] Widgets loaded
[2025-12-16 08:07:13.654] [INFO] Loading screen base class...
[2025-12-16 08:07:13.670] [INFO] Screen base class loaded
[2025-12-16 08:07:13.671] [INFO] Loading HelpViewScreen (needed by base classes)...
[2025-12-16 08:07:13.679] [INFO] HelpViewScreen loaded
[2025-12-16 08:07:13.681] [INFO] Loading base classes...
[2025-12-16 08:07:13.748] [INFO] Base classes loaded
[2025-12-16 08:07:13.749] [INFO] Loading ServiceContainer (needed by screens)...
[2025-12-16 08:07:13.758] [INFO] ServiceContainer loaded
[2025-12-16 08:07:13.759] [INFO] Loading remaining screens...
[2025-12-16 08:07:13.892] [INFO] Remaining screens loaded
[2025-12-16 08:07:13.894] [INFO] Loading PmcApplication...
[2025-12-16 08:07:13.908] [INFO] PmcApplication loaded
[2025-12-16 08:07:13.909] [INFO] All components loaded successfully
