[2025-12-16 13:11:43.232] [INFO] Loading PMC module...
[2025-12-16 13:11:43.987] [INFO] PMC module loaded
[2025-12-16 13:11:43.990] [INFO] Loading dependencies (FieldSchemas, etc.)...
[2025-12-16 13:11:44.098] [INFO] Dependencies loaded
[2025-12-16 13:11:44.099] [INFO] Loading SpeedTUI framework...
[2025-12-16 13:11:44.282] [INFO] SpeedTUI framework loaded
[2025-12-16 13:11:44.283] [INFO] Loading PraxisVT...
[2025-12-16 13:11:44.284] [INFO] PraxisVT loaded
[2025-12-16 13:11:44.285] [INFO] Loading core dependencies...
[2025-12-16 13:11:44.325] [INFO] Core dependencies loaded
[2025-12-16 13:11:44.326] [INFO] Loading widget base classes...
[2025-12-16 13:11:44.375] [INFO] Widget base classes loaded
[2025-12-16 13:11:44.375] [INFO] Loading services...
[2025-12-16 13:11:44.444] [INFO] Services loaded
[2025-12-16 13:11:44.445] [INFO] Loading helpers...
[2025-12-16 13:11:44.869] [INFO] Helpers loaded
[2025-12-16 13:11:44.870] [INFO] Loading widgets...
[2025-12-16 13:11:45.058] [INFO] Widgets loaded
[2025-12-16 13:11:45.058] [INFO] Loading screen base class...
[2025-12-16 13:11:45.113] [INFO] Screen base class loaded
[2025-12-16 13:11:45.114] [INFO] Loading HelpViewScreen (needed by base classes)...
[2025-12-16 13:11:45.121] [INFO] HelpViewScreen loaded
[2025-12-16 13:11:45.123] [INFO] Loading base classes...
[2025-12-16 13:11:45.177] [INFO] Base classes loaded
[2025-12-16 13:11:45.178] [INFO] Loading ServiceContainer (needed by screens)...
[2025-12-16 13:11:45.183] [INFO] ServiceContainer loaded
[2025-12-16 13:11:45.185] [INFO] Loading remaining screens...
[2025-12-16 13:11:45.277] [INFO] Remaining screens loaded
[2025-12-16 13:11:45.284] [INFO] Loading PmcApplication...
[2025-12-16 13:11:45.295] [INFO] PmcApplication loaded
[2025-12-16 13:11:45.296] [INFO] All components loaded successfully
[2025-12-16 13:11:45.311] [INFO] Starting PMC TUI with screen: TaskList
[2025-12-16 13:11:45.318] [INFO] Cleared stale PmcSharedMenuBar and MenuRegistry singleton
[2025-12-16 13:11:45.319] [INFO] Creating ServiceContainer...
[2025-12-16 13:11:45.328] [INFO] ServiceContainer created
[2025-12-16 13:11:45.329] [INFO] Registering Theme service...
[2025-12-16 13:11:45.344] ServiceContainer: Registered 'Theme' (singleton=True)
[2025-12-16 13:11:45.347] [INFO] Registering ThemeManager...
[2025-12-16 13:11:45.348] ServiceContainer: Registered 'ThemeManager' (singleton=True)
[2025-12-16 13:11:45.349] [INFO] Registering Config service...
[2025-12-16 13:11:45.350] ServiceContainer: Registered 'Config' (singleton=True)
[2025-12-16 13:11:45.351] [INFO] Registering TaskStore service...
[2025-12-16 13:11:45.352] ServiceContainer: Registered 'TaskStore' (singleton=True)
[2025-12-16 13:11:45.353] [INFO] Registering MenuRegistry service...
[2025-12-16 13:11:45.354] ServiceContainer: Registered 'MenuRegistry' (singleton=True)
[2025-12-16 13:11:45.355] [INFO] Registering Application service...
[2025-12-16 13:11:45.356] ServiceContainer: Registered 'Application' (singleton=True)
[2025-12-16 13:11:45.357] [INFO] Registering CommandService...
[2025-12-16 13:11:45.357] ServiceContainer: Registered 'CommandService' (singleton=True)
[2025-12-16 13:11:45.358] [INFO] Registering ChecklistService...
[2025-12-16 13:11:45.359] ServiceContainer: Registered 'ChecklistService' (singleton=True)
[2025-12-16 13:11:45.364] [INFO] Registering NoteService...
[2025-12-16 13:11:45.365] ServiceContainer: Registered 'NoteService' (singleton=True)
[2025-12-16 13:11:45.366] [INFO] Registering ExcelMappingService...
[2025-12-16 13:11:45.367] ServiceContainer: Registered 'ExcelMappingService' (singleton=True)
[2025-12-16 13:11:45.368] [INFO] Registering PreferencesService...
[2025-12-16 13:11:45.369] ServiceContainer: Registered 'PreferencesService' (singleton=True)
[2025-12-16 13:11:45.370] [INFO] Registering screen factories...
[2025-12-16 13:11:45.371] ServiceContainer: Registered 'TaskListScreen' (singleton=False)
[2025-12-16 13:11:45.372] [INFO] Resolving Application from container...
[2025-12-16 13:11:45.384] ServiceContainer: Resolving 'Application'...
[2025-12-16 13:11:45.386] [INFO] Resolving Application...
[2025-12-16 13:11:45.387] ServiceContainer: Resolving 'Theme'...
[2025-12-16 13:11:45.394] [INFO] Resolving Theme: Calling Initialize-PmcThemeSystem...
[2025-12-16 13:11:45.404] [INFO] Theme resolved: #33aaff
[2025-12-16 13:11:45.405] [INFO] Loading PmcThemeEngine...
[2025-12-16 13:11:45.465] [INFO] LoadFromConfig: Loaded Properties with 16 items
[2025-12-16 13:11:45.480] [INFO] PmcThemeEngine initialized with PMC palette (14 colors)
[2025-12-16 13:11:45.483] ServiceContainer: Resolved 'Theme' successfully
[2025-12-16 13:11:45.729] ServiceContainer: Resolving 'ThemeManager'...
[2025-12-16 13:11:45.730] [INFO] Resolving ThemeManager...
[2025-12-16 13:11:45.760] ServiceContainer: Resolved 'ThemeManager' successfully
[2025-12-16 13:11:45.769] ServiceContainer: Resolved 'Application' successfully
[2025-12-16 13:11:45.770] [INFO] Application resolved and assigned to $global:PmcApp
[2025-12-16 13:11:45.771] [INFO] Loading menus from manifest...
[2025-12-16 13:11:45.772] ServiceContainer: Resolving 'MenuRegistry'...
[2025-12-16 13:11:45.774] [INFO] Resolving MenuRegistry...
[2025-12-16 13:11:45.784] ServiceContainer: Resolved 'MenuRegistry' successfully
[2025-12-16 13:11:45.800] MenuRegistry: Loaded manifest with 24 entries
[2025-12-16 13:11:45.824] ServiceContainer: Registered 'TaskListScreen_Tomorrow' (singleton=False)
[2025-12-16 13:11:45.825] MenuRegistry: Registered screen factory 'TaskListScreen_Tomorrow' in container (viewMode=tomorrow)
[2025-12-16 13:11:45.837] MenuRegistry: Registered 'Tomorrow' in 'Tasks' menu (hotkey=T order=15)
[2025-12-16 13:11:45.839] ServiceContainer: Registered 'TaskListScreen_Overdue' (singleton=False)
[2025-12-16 13:11:45.840] MenuRegistry: Registered screen factory 'TaskListScreen_Overdue' in container (viewMode=overdue)
[2025-12-16 13:11:45.841] MenuRegistry: Registered 'Overdue' in 'Tasks' menu (hotkey=O order=30)
[2025-12-16 13:11:45.843] ServiceContainer: Registered 'NotesMenuScreen' (singleton=False)
[2025-12-16 13:11:45.843] MenuRegistry: Registered screen factory 'NotesMenuScreen' in container (viewMode=)
[2025-12-16 13:11:45.845] MenuRegistry: Registered 'Notes' in 'Tools' menu (hotkey=N order=20)
[2025-12-16 13:11:45.846] ServiceContainer: Registered 'TaskListScreen_Agenda' (singleton=False)
[2025-12-16 13:11:45.847] MenuRegistry: Registered screen factory 'TaskListScreen_Agenda' in container (viewMode=agenda)
[2025-12-16 13:11:45.848] MenuRegistry: Registered 'Agenda View' in 'Tasks' menu (hotkey=A order=50)
[2025-12-16 13:11:45.849] ServiceContainer: Registered 'ThemeEditorScreen' (singleton=False)
[2025-12-16 13:11:45.854] MenuRegistry: Registered screen factory 'ThemeEditorScreen' in container (viewMode=)
[2025-12-16 13:11:45.855] MenuRegistry: Registered 'Theme Editor' in 'Options' menu (hotkey=T order=10)
[2025-12-16 13:11:45.856] ServiceContainer: Registered 'TaskListScreen_NextActions' (singleton=False)
[2025-12-16 13:11:45.857] MenuRegistry: Registered screen factory 'TaskListScreen_NextActions' in container (viewMode=nextactions)
[2025-12-16 13:11:45.858] MenuRegistry: Registered 'Next Actions' in 'Tasks' menu (hotkey=N order=35)
[2025-12-16 13:11:45.859] ServiceContainer: Registered 'TaskListScreen_Today' (singleton=False)
[2025-12-16 13:11:45.860] MenuRegistry: Registered screen factory 'TaskListScreen_Today' in container (viewMode=today)
[2025-12-16 13:11:45.861] MenuRegistry: Registered 'Today' in 'Tasks' menu (hotkey=Y order=10)
[2025-12-16 13:11:45.863] ServiceContainer: Registered 'HelpViewScreen' (singleton=False)
[2025-12-16 13:11:45.863] MenuRegistry: Registered screen factory 'HelpViewScreen' in container (viewMode=)
[2025-12-16 13:11:45.864] MenuRegistry: Registered 'Help' in 'Help' menu (hotkey=H order=10)
[2025-12-16 13:11:45.865] ServiceContainer: Registered 'WeeklyTimeReportScreen' (singleton=False)
[2025-12-16 13:11:45.866] MenuRegistry: Registered screen factory 'WeeklyTimeReportScreen' in container (viewMode=)
[2025-12-16 13:11:45.867] MenuRegistry: Registered 'Weekly Report' in 'Time' menu (hotkey=W order=10)
[2025-12-16 13:11:45.868] ServiceContainer: Registered 'TimeReportScreen' (singleton=False)
[2025-12-16 13:11:45.869] MenuRegistry: Registered screen factory 'TimeReportScreen' in container (viewMode=)
[2025-12-16 13:11:45.870] MenuRegistry: Registered 'Time Report' in 'Time' menu (hotkey=R order=20)
[2025-12-16 13:11:45.871] ServiceContainer: Registered 'ProjectListScreen' (singleton=False)
[2025-12-16 13:11:45.872] MenuRegistry: Registered screen factory 'ProjectListScreen' in container (viewMode=)
[2025-12-16 13:11:45.873] MenuRegistry: Registered 'Project List' in 'Projects' menu (hotkey=L order=10)
[2025-12-16 13:11:45.874] ServiceContainer: Registered 'CommandLibraryScreen' (singleton=False)
[2025-12-16 13:11:45.875] MenuRegistry: Registered screen factory 'CommandLibraryScreen' in container (viewMode=)
[2025-12-16 13:11:45.876] MenuRegistry: Registered 'Command Library' in 'Tools' menu (hotkey=L order=10)
[2025-12-16 13:11:45.877] ServiceContainer: Registered 'TaskListScreen_Upcoming' (singleton=False)
[2025-12-16 13:11:45.878] MenuRegistry: Registered screen factory 'TaskListScreen_Upcoming' in container (viewMode=upcoming)
[2025-12-16 13:11:45.879] MenuRegistry: Registered 'Upcoming' in 'Tasks' menu (hotkey=U order=25)
[2025-12-16 13:11:45.880] ServiceContainer: Registered 'SettingsScreen' (singleton=False)
[2025-12-16 13:11:45.881] MenuRegistry: Registered screen factory 'SettingsScreen' in container (viewMode=)
[2025-12-16 13:11:45.881] MenuRegistry: Registered 'Settings' in 'Options' menu (hotkey=S order=20)
[2025-12-16 13:11:45.883] ServiceContainer: Registered 'ChecklistTemplatesFolderScreen' (singleton=False)
[2025-12-16 13:11:45.883] MenuRegistry: Registered screen factory 'ChecklistTemplatesFolderScreen' in container (viewMode=)
[2025-12-16 13:11:45.884] MenuRegistry: Registered 'Checklist Templates' in 'Tools' menu (hotkey=H order=30)
[2025-12-16 13:11:45.886] ServiceContainer: Registered 'ExcelProfileManagerScreen' (singleton=False)
[2025-12-16 13:11:45.887] MenuRegistry: Registered screen factory 'ExcelProfileManagerScreen' in container (viewMode=)
[2025-12-16 13:11:45.888] MenuRegistry: Registered 'Excel Profiles' in 'Projects' menu (hotkey=M order=50)
[2025-12-16 13:11:45.889] ServiceContainer: Registered 'ExcelImportScreen' (singleton=False)
[2025-12-16 13:11:45.890] MenuRegistry: Registered screen factory 'ExcelImportScreen' in container (viewMode=)
[2025-12-16 13:11:45.891] MenuRegistry: Registered 'Import from Excel' in 'Projects' menu (hotkey=I order=40)
[2025-12-16 13:11:45.892] ServiceContainer: Registered 'TaskListScreen_NoDate' (singleton=False)
[2025-12-16 13:11:45.893] MenuRegistry: Registered screen factory 'TaskListScreen_NoDate' in container (viewMode=noduedate)
[2025-12-16 13:11:45.894] MenuRegistry: Registered 'No Due Date' in 'Tasks' menu (hotkey=D order=40)
[2025-12-16 13:11:45.898] ServiceContainer: Registered 'TimeListScreen' (singleton=False)
[2025-12-16 13:11:45.899] MenuRegistry: Registered screen factory 'TimeListScreen' in container (viewMode=)
[2025-12-16 13:11:45.900] MenuRegistry: Registered 'Time Tracking' in 'Time' menu (hotkey=T order=5)
[2025-12-16 13:11:45.902] ServiceContainer: Registered 'TaskListScreen_Month' (singleton=False)
[2025-12-16 13:11:45.903] MenuRegistry: Registered screen factory 'TaskListScreen_Month' in container (viewMode=month)
[2025-12-16 13:11:45.904] MenuRegistry: Registered 'Month View' in 'Tasks' menu (hotkey=M order=45)
[2025-12-16 13:11:45.906] ServiceContainer: Registered 'TaskListScreen_Week' (singleton=False)
[2025-12-16 13:11:45.907] MenuRegistry: Registered screen factory 'TaskListScreen_Week' in container (viewMode=week)
[2025-12-16 13:11:45.908] MenuRegistry: Registered 'Week View' in 'Tasks' menu (hotkey=W order=20)
[2025-12-16 13:11:45.909] ServiceContainer: Registered 'KanbanScreenV2' (singleton=False)
[2025-12-16 13:11:45.910] MenuRegistry: Registered screen factory 'KanbanScreenV2' in container (viewMode=)
[2025-12-16 13:11:45.912] MenuRegistry: Registered 'Kanban Board' in 'Tasks' menu (hotkey=K order=55)
[2025-12-16 13:11:45.913] ServiceContainer: Registered 'TaskListScreen_Default' (singleton=False)
[2025-12-16 13:11:45.914] MenuRegistry: Registered screen factory 'TaskListScreen_Default' in container (viewMode=)
[2025-12-16 13:11:45.915] MenuRegistry: Registered 'Task List' in 'Tasks' menu (hotkey=L order=5)
[2025-12-16 13:11:45.917] ServiceContainer: Registered 'ChecklistsLauncherScreen' (singleton=False)
[2025-12-16 13:11:45.918] MenuRegistry: Registered screen factory 'ChecklistsLauncherScreen' in container (viewMode=)
[2025-12-16 13:11:45.919] MenuRegistry: Registered 'Checklists' in 'Tools' menu (hotkey=C order=25)
[2025-12-16 13:11:45.921] [INFO] Menus loaded from /home/teej/ztest/module/Pmc.Strict/consoleui/screens/MenuItems.psd1
[2025-12-16 13:11:45.922] [INFO] Launching screen: TaskList
[2025-12-16 13:11:45.923] [INFO] Resolving TaskListScreen from container...
[2025-12-16 13:11:45.924] ServiceContainer: Resolving 'TaskListScreen'...
[2025-12-16 13:11:45.926] [INFO] Resolving TaskListScreen...
[2025-12-16 13:11:45.927] ServiceContainer: Resolving 'TaskStore'...
[2025-12-16 13:11:45.929] [INFO] Resolving TaskStore...
[2025-12-16 13:11:46.158] ServiceContainer: Resolved 'TaskStore' successfully
[2025-12-16 13:11:46.686] _PopulateMenusFromRegistry: Menu 'Projects' has 3 items from registry (array)
[2025-12-16 13:11:46.704] _PopulateMenusFromRegistry: Menu 'Tasks' has 11 items from registry (array)
[2025-12-16 13:11:46.707] _PopulateMenusFromRegistry: Menu 'Options' has 2 items from registry (array)
[2025-12-16 13:11:46.710] _PopulateMenusFromRegistry: Menu 'Time' has 3 items from registry (array)
[2025-12-16 13:11:46.713] _PopulateMenusFromRegistry: Menu 'Tools' has 4 items from registry (array)
[2025-12-16 13:11:46.715] _PopulateMenusFromRegistry: Menu 'Help' has 1 items from registry (array)
[2025-12-16 13:11:46.717] ServiceContainer: Resolved 'TaskListScreen' successfully
[2025-12-16 13:11:46.718] [INFO] Pushing screen to app...
[2025-12-16 13:11:47.247] [INFO] Screen pushed successfully
[2025-12-16 13:11:47.248] [INFO] Starting event loop...
[2025-12-16 13:11:51.385] [INFO] TaskListScreen.EditItem called - item.id=f6d455a4-9e14-46c4-ba1a-4563c83b3b39
[2025-12-16 13:11:51.496] [INFO] TaskListScreen.EditItem: Setting OnConfirmed callback for taskId=f6d455a4-9e14-46c4-ba1a-4563c83b3b39
[2025-12-16 13:12:26.803] ServiceContainer: Resolving 'ProjectListScreen'...
[2025-12-16 13:12:26.870] ServiceContainer: Resolved 'ProjectListScreen' successfully
[2025-12-16 13:12:28.288] ServiceContainer: Registered 'ProjectInfoScreenV4' (singleton=False)
[2025-12-16 13:12:28.289] ServiceContainer: Resolving 'ProjectInfoScreenV4'...
[2025-12-16 13:12:28.359] ServiceContainer: Resolved 'ProjectInfoScreenV4' successfully
[2025-12-16 13:12:34.169] ========== TabbedScreen.OnTabChanged: Switched to tab 1 'Request' ==========
[2025-12-16 13:12:34.193] TabbedScreen.OnTabChanged: Invalidated cache region Y=9-25 (no flicker)
[2025-12-16 13:12:47.008] ========== TabbedScreen.OnTabChanged: Switched to tab 2 'Audit' ==========
[2025-12-16 13:12:47.041] TabbedScreen.OnTabChanged: Invalidated cache region Y=9-25 (no flicker)
[2025-12-16 13:12:47.407] ========== TabbedScreen.OnTabChanged: Switched to tab 3 'Location' ==========
[2025-12-16 13:12:47.437] TabbedScreen.OnTabChanged: Invalidated cache region Y=9-25 (no flicker)
[2025-12-16 13:12:48.127] ========== TabbedScreen.OnTabChanged: Switched to tab 4 'Periods' ==========
[2025-12-16 13:12:48.150] TabbedScreen.OnTabChanged: Invalidated cache region Y=9-25 (no flicker)
[2025-12-16 13:12:48.742] ========== TabbedScreen.OnTabChanged: Switched to tab 5 'More' ==========
[2025-12-16 13:12:48.767] TabbedScreen.OnTabChanged: Invalidated cache region Y=9-25 (no flicker)
[2025-12-16 13:12:51.167] ========== TabbedScreen.OnTabChanged: Switched to tab 6 'Files' ==========
[2025-12-16 13:12:51.205] TabbedScreen.OnTabChanged: Invalidated cache region Y=9-25 (no flicker)
[2025-12-16 13:12:55.975] [INFO] ProjectInfoScreenV4._HandleFileAction: action=_action_folder_browse ProjectName='p1'
