[2025-12-16 09:53:30.761] [INFO] Loading PMC module...
[2025-12-16 09:53:32.165] [INFO] PMC module loaded
[2025-12-16 09:53:32.169] [INFO] Loading dependencies (FieldSchemas, etc.)...
[2025-12-16 09:53:32.287] [INFO] Dependencies loaded
[2025-12-16 09:53:32.289] [INFO] Loading SpeedTUI framework...
[2025-12-16 09:53:32.648] [INFO] SpeedTUI framework loaded
[2025-12-16 09:53:32.649] [INFO] Loading PraxisVT...
[2025-12-16 09:53:32.651] [INFO] PraxisVT loaded
[2025-12-16 09:53:32.653] [INFO] Loading core dependencies...
[2025-12-16 09:53:32.698] [INFO] Core dependencies loaded
[2025-12-16 09:53:32.700] [INFO] Loading widget base classes...
[2025-12-16 09:53:32.767] [INFO] Widget base classes loaded
[2025-12-16 09:53:32.768] [INFO] Loading services...
[2025-12-16 09:53:32.907] [INFO] Services loaded
[2025-12-16 09:53:32.909] [INFO] Loading helpers...
[2025-12-16 09:53:33.953] [INFO] Helpers loaded
[2025-12-16 09:53:33.954] [INFO] Loading widgets...
[2025-12-16 09:53:34.368] [INFO] Widgets loaded
[2025-12-16 09:53:34.384] [INFO] Loading screen base class...
[2025-12-16 09:53:34.403] [INFO] Screen base class loaded
[2025-12-16 09:53:34.404] [INFO] Loading HelpViewScreen (needed by base classes)...
[2025-12-16 09:53:34.414] [INFO] HelpViewScreen loaded
[2025-12-16 09:53:34.415] [INFO] Loading base classes...
[2025-12-16 09:53:34.479] [INFO] Base classes loaded
[2025-12-16 09:53:34.480] [INFO] Loading ServiceContainer (needed by screens)...
[2025-12-16 09:53:34.487] [INFO] ServiceContainer loaded
[2025-12-16 09:53:34.488] [INFO] Loading remaining screens...
[2025-12-16 09:53:34.617] [INFO] Remaining screens loaded
[2025-12-16 09:53:34.619] [INFO] Loading PmcApplication...
[2025-12-16 09:53:34.635] [INFO] PmcApplication loaded
[2025-12-16 09:53:34.637] [INFO] All components loaded successfully
[2025-12-16 09:53:34.656] [INFO] Starting PMC TUI with screen: TaskList
[2025-12-16 09:53:34.665] [INFO] Cleared stale PmcSharedMenuBar and MenuRegistry singleton
[2025-12-16 09:53:34.667] [INFO] Creating ServiceContainer...
[2025-12-16 09:53:34.679] [INFO] ServiceContainer created
[2025-12-16 09:53:34.681] [INFO] Registering Theme service...
[2025-12-16 09:53:34.701] ServiceContainer: Registered 'Theme' (singleton=True)
[2025-12-16 09:53:34.704] [INFO] Registering ThemeManager...
[2025-12-16 09:53:34.706] ServiceContainer: Registered 'ThemeManager' (singleton=True)
[2025-12-16 09:53:34.707] [INFO] Registering Config service...
[2025-12-16 09:53:34.708] ServiceContainer: Registered 'Config' (singleton=True)
[2025-12-16 09:53:34.708] [INFO] Registering TaskStore service...
[2025-12-16 09:53:34.709] ServiceContainer: Registered 'TaskStore' (singleton=True)
[2025-12-16 09:53:34.710] [INFO] Registering MenuRegistry service...
[2025-12-16 09:53:34.711] ServiceContainer: Registered 'MenuRegistry' (singleton=True)
[2025-12-16 09:53:34.712] [INFO] Registering Application service...
[2025-12-16 09:53:34.713] ServiceContainer: Registered 'Application' (singleton=True)
[2025-12-16 09:53:34.714] [INFO] Registering CommandService...
[2025-12-16 09:53:34.715] ServiceContainer: Registered 'CommandService' (singleton=True)
[2025-12-16 09:53:34.716] [INFO] Registering ChecklistService...
[2025-12-16 09:53:34.723] ServiceContainer: Registered 'ChecklistService' (singleton=True)
[2025-12-16 09:53:34.724] [INFO] Registering NoteService...
[2025-12-16 09:53:34.725] ServiceContainer: Registered 'NoteService' (singleton=True)
[2025-12-16 09:53:34.726] [INFO] Registering ExcelMappingService...
[2025-12-16 09:53:34.727] ServiceContainer: Registered 'ExcelMappingService' (singleton=True)
[2025-12-16 09:53:34.728] [INFO] Registering PreferencesService...
[2025-12-16 09:53:34.729] ServiceContainer: Registered 'PreferencesService' (singleton=True)
[2025-12-16 09:53:34.730] [INFO] Registering screen factories...
[2025-12-16 09:53:34.730] ServiceContainer: Registered 'TaskListScreen' (singleton=False)
[2025-12-16 09:53:34.731] [INFO] Resolving Application from container...
[2025-12-16 09:53:34.748] ServiceContainer: Resolving 'Application'...
[2025-12-16 09:53:34.750] [INFO] Resolving Application...
[2025-12-16 09:53:34.751] ServiceContainer: Resolving 'Theme'...
[2025-12-16 09:53:34.760] [INFO] Resolving Theme: Calling Initialize-PmcThemeSystem...
[2025-12-16 09:53:34.775] [INFO] Theme resolved: #33aaff
[2025-12-16 09:53:34.776] [INFO] Loading PmcThemeEngine...
[2025-12-16 09:53:34.846] [DEBUG] Palette [Warning] -> #7FCA14 (R=127 G=202 B=20)
[2025-12-16 09:53:34.848] [DEBUG] Palette [Error] -> #BE2914 (R=190 G=41 B=20)
[2025-12-16 09:53:34.849] [DEBUG] Palette [Status] -> #5C8F6D (R=92 G=143 B=109)
[2025-12-16 09:53:34.851] [DEBUG] Palette [Muted] -> #5C8F6D (R=92 G=143 B=109)
[2025-12-16 09:53:34.852] [DEBUG] Palette [Border] -> #185F30 (R=24 G=95 B=48)
[2025-12-16 09:53:34.860] [DEBUG] Palette [Footer] -> #185F30 (R=24 G=95 B=48)
[2025-12-16 09:53:34.861] [DEBUG] Palette [Header] -> #228844 (R=34 G=136 B=68)
[2025-12-16 09:53:34.862] [DEBUG] Palette [Label] -> #5C8F6D (R=92 G=143 B=109)
[2025-12-16 09:53:34.863] [DEBUG] Palette [Cursor] -> #228844 (R=34 G=136 B=68)
[2025-12-16 09:53:34.865] [DEBUG] Palette [Success] -> #2CB158 (R=44 G=177 B=88)
[2025-12-16 09:53:34.866] [DEBUG] Palette [Highlight] -> #228844 (R=34 G=136 B=68)
[2025-12-16 09:53:34.867] [DEBUG] Palette [Primary] -> #228844 (R=34 G=136 B=68)
[2025-12-16 09:53:34.868] [DEBUG] Palette [Text] -> #C2EACF (R=194 G=234 B=207)
[2025-12-16 09:53:34.869] [DEBUG] Palette [Bright] -> #2CB158 (R=44 G=177 B=88)
[2025-12-16 09:53:34.884] [INFO] LoadFromConfig: Loaded Properties with 16 items
[2025-12-16 09:53:34.895] [INFO] PmcThemeEngine initialized with PMC palette (14 colors)
[2025-12-16 09:53:34.899] ServiceContainer: Resolved 'Theme' successfully
[2025-12-16 09:53:35.449] ServiceContainer: Resolving 'ThemeManager'...
[2025-12-16 09:53:35.452] [INFO] Resolving ThemeManager...
[2025-12-16 09:53:35.490] ServiceContainer: Resolved 'ThemeManager' successfully
[2025-12-16 09:53:35.504] ServiceContainer: Resolved 'Application' successfully
[2025-12-16 09:53:35.505] [INFO] Application resolved and assigned to $global:PmcApp
[2025-12-16 09:53:35.506] [INFO] Loading menus from manifest...
[2025-12-16 09:53:35.507] ServiceContainer: Resolving 'MenuRegistry'...
[2025-12-16 09:53:35.509] [INFO] Resolving MenuRegistry...
[2025-12-16 09:53:35.524] ServiceContainer: Resolved 'MenuRegistry' successfully
[2025-12-16 09:53:35.547] MenuRegistry: Loaded manifest with 24 entries
[2025-12-16 09:53:35.580] ServiceContainer: Registered 'TaskListScreen_Default' (singleton=False)
[2025-12-16 09:53:35.581] MenuRegistry: Registered screen factory 'TaskListScreen_Default' in container (viewMode=)
[2025-12-16 09:53:35.600] MenuRegistry: Registered 'Task List' in 'Tasks' menu (hotkey=L order=5)
[2025-12-16 09:53:35.605] ServiceContainer: Registered 'TaskListScreen_Week' (singleton=False)
[2025-12-16 09:53:35.607] MenuRegistry: Registered screen factory 'TaskListScreen_Week' in container (viewMode=week)
[2025-12-16 09:53:35.608] MenuRegistry: Registered 'Week View' in 'Tasks' menu (hotkey=W order=20)
[2025-12-16 09:53:35.617] ServiceContainer: Registered 'ExcelImportScreen' (singleton=False)
[2025-12-16 09:53:35.617] MenuRegistry: Registered screen factory 'ExcelImportScreen' in container (viewMode=)
[2025-12-16 09:53:35.619] MenuRegistry: Registered 'Import from Excel' in 'Projects' menu (hotkey=I order=40)
[2025-12-16 09:53:35.620] ServiceContainer: Registered 'TaskListScreen_Today' (singleton=False)
[2025-12-16 09:53:35.621] MenuRegistry: Registered screen factory 'TaskListScreen_Today' in container (viewMode=today)
[2025-12-16 09:53:35.622] MenuRegistry: Registered 'Today' in 'Tasks' menu (hotkey=Y order=10)
[2025-12-16 09:53:35.624] ServiceContainer: Registered 'TaskListScreen_NoDate' (singleton=False)
[2025-12-16 09:53:35.624] MenuRegistry: Registered screen factory 'TaskListScreen_NoDate' in container (viewMode=noduedate)
[2025-12-16 09:53:35.626] MenuRegistry: Registered 'No Due Date' in 'Tasks' menu (hotkey=D order=40)
[2025-12-16 09:53:35.627] ServiceContainer: Registered 'TaskListScreen_NextActions' (singleton=False)
[2025-12-16 09:53:35.628] MenuRegistry: Registered screen factory 'TaskListScreen_NextActions' in container (viewMode=nextactions)
[2025-12-16 09:53:35.629] MenuRegistry: Registered 'Next Actions' in 'Tasks' menu (hotkey=N order=35)
[2025-12-16 09:53:35.630] ServiceContainer: Registered 'ChecklistTemplatesFolderScreen' (singleton=False)
[2025-12-16 09:53:35.631] MenuRegistry: Registered screen factory 'ChecklistTemplatesFolderScreen' in container (viewMode=)
[2025-12-16 09:53:35.632] MenuRegistry: Registered 'Checklist Templates' in 'Tools' menu (hotkey=H order=30)
[2025-12-16 09:53:35.634] ServiceContainer: Registered 'SettingsScreen' (singleton=False)
[2025-12-16 09:53:35.635] MenuRegistry: Registered screen factory 'SettingsScreen' in container (viewMode=)
[2025-12-16 09:53:35.636] MenuRegistry: Registered 'Settings' in 'Options' menu (hotkey=S order=20)
[2025-12-16 09:53:35.637] ServiceContainer: Registered 'TaskListScreen_Agenda' (singleton=False)
[2025-12-16 09:53:35.638] MenuRegistry: Registered screen factory 'TaskListScreen_Agenda' in container (viewMode=agenda)
[2025-12-16 09:53:35.639] MenuRegistry: Registered 'Agenda View' in 'Tasks' menu (hotkey=A order=50)
[2025-12-16 09:53:35.640] ServiceContainer: Registered 'TimeListScreen' (singleton=False)
[2025-12-16 09:53:35.641] MenuRegistry: Registered screen factory 'TimeListScreen' in container (viewMode=)
[2025-12-16 09:53:35.642] MenuRegistry: Registered 'Time Tracking' in 'Time' menu (hotkey=T order=5)
[2025-12-16 09:53:35.643] ServiceContainer: Registered 'ThemeEditorScreen' (singleton=False)
[2025-12-16 09:53:35.644] MenuRegistry: Registered screen factory 'ThemeEditorScreen' in container (viewMode=)
[2025-12-16 09:53:35.645] MenuRegistry: Registered 'Theme Editor' in 'Options' menu (hotkey=T order=10)
[2025-12-16 09:53:35.647] ServiceContainer: Registered 'TimeReportScreen' (singleton=False)
[2025-12-16 09:53:35.648] MenuRegistry: Registered screen factory 'TimeReportScreen' in container (viewMode=)
[2025-12-16 09:53:35.649] MenuRegistry: Registered 'Time Report' in 'Time' menu (hotkey=R order=20)
[2025-12-16 09:53:35.650] ServiceContainer: Registered 'WeeklyTimeReportScreen' (singleton=False)
[2025-12-16 09:53:35.651] MenuRegistry: Registered screen factory 'WeeklyTimeReportScreen' in container (viewMode=)
[2025-12-16 09:53:35.652] MenuRegistry: Registered 'Weekly Report' in 'Time' menu (hotkey=W order=10)
[2025-12-16 09:53:35.653] ServiceContainer: Registered 'TaskListScreen_Upcoming' (singleton=False)
[2025-12-16 09:53:35.654] MenuRegistry: Registered screen factory 'TaskListScreen_Upcoming' in container (viewMode=upcoming)
[2025-12-16 09:53:35.655] MenuRegistry: Registered 'Upcoming' in 'Tasks' menu (hotkey=U order=25)
[2025-12-16 09:53:35.657] ServiceContainer: Registered 'HelpViewScreen' (singleton=False)
[2025-12-16 09:53:35.657] MenuRegistry: Registered screen factory 'HelpViewScreen' in container (viewMode=)
[2025-12-16 09:53:35.659] MenuRegistry: Registered 'Help' in 'Help' menu (hotkey=H order=10)
[2025-12-16 09:53:35.660] ServiceContainer: Registered 'TaskListScreen_Month' (singleton=False)
[2025-12-16 09:53:35.661] MenuRegistry: Registered screen factory 'TaskListScreen_Month' in container (viewMode=month)
[2025-12-16 09:53:35.663] MenuRegistry: Registered 'Month View' in 'Tasks' menu (hotkey=M order=45)
[2025-12-16 09:53:35.668] ServiceContainer: Registered 'KanbanScreenV2' (singleton=False)
[2025-12-16 09:53:35.669] MenuRegistry: Registered screen factory 'KanbanScreenV2' in container (viewMode=)
[2025-12-16 09:53:35.671] MenuRegistry: Registered 'Kanban Board' in 'Tasks' menu (hotkey=K order=55)
[2025-12-16 09:53:35.673] ServiceContainer: Registered 'TaskListScreen_Tomorrow' (singleton=False)
[2025-12-16 09:53:35.674] MenuRegistry: Registered screen factory 'TaskListScreen_Tomorrow' in container (viewMode=tomorrow)
[2025-12-16 09:53:35.675] MenuRegistry: Registered 'Tomorrow' in 'Tasks' menu (hotkey=T order=15)
[2025-12-16 09:53:35.678] ServiceContainer: Registered 'CommandLibraryScreen' (singleton=False)
[2025-12-16 09:53:35.679] MenuRegistry: Registered screen factory 'CommandLibraryScreen' in container (viewMode=)
[2025-12-16 09:53:35.680] MenuRegistry: Registered 'Command Library' in 'Tools' menu (hotkey=L order=10)
[2025-12-16 09:53:35.683] ServiceContainer: Registered 'TaskListScreen_Overdue' (singleton=False)
[2025-12-16 09:53:35.684] MenuRegistry: Registered screen factory 'TaskListScreen_Overdue' in container (viewMode=overdue)
[2025-12-16 09:53:35.685] MenuRegistry: Registered 'Overdue' in 'Tasks' menu (hotkey=O order=30)
[2025-12-16 09:53:35.688] ServiceContainer: Registered 'ProjectListScreen' (singleton=False)
[2025-12-16 09:53:35.689] MenuRegistry: Registered screen factory 'ProjectListScreen' in container (viewMode=)
[2025-12-16 09:53:35.690] MenuRegistry: Registered 'Project List' in 'Projects' menu (hotkey=L order=10)
[2025-12-16 09:53:35.703] ServiceContainer: Registered 'ExcelProfileManagerScreen' (singleton=False)
[2025-12-16 09:53:35.704] MenuRegistry: Registered screen factory 'ExcelProfileManagerScreen' in container (viewMode=)
[2025-12-16 09:53:35.706] MenuRegistry: Registered 'Excel Profiles' in 'Projects' menu (hotkey=M order=50)
[2025-12-16 09:53:35.708] ServiceContainer: Registered 'NotesMenuScreen' (singleton=False)
[2025-12-16 09:53:35.709] MenuRegistry: Registered screen factory 'NotesMenuScreen' in container (viewMode=)
[2025-12-16 09:53:35.711] MenuRegistry: Registered 'Notes' in 'Tools' menu (hotkey=N order=20)
[2025-12-16 09:53:35.713] ServiceContainer: Registered 'ChecklistsLauncherScreen' (singleton=False)
[2025-12-16 09:53:35.714] MenuRegistry: Registered screen factory 'ChecklistsLauncherScreen' in container (viewMode=)
[2025-12-16 09:53:35.715] MenuRegistry: Registered 'Checklists' in 'Tools' menu (hotkey=C order=25)
[2025-12-16 09:53:35.716] [INFO] Menus loaded from /home/teej/ztest/module/Pmc.Strict/consoleui/screens/MenuItems.psd1
[2025-12-16 09:53:35.718] [INFO] Launching screen: TaskList
[2025-12-16 09:53:35.719] [INFO] Resolving TaskListScreen from container...
[2025-12-16 09:53:35.721] ServiceContainer: Resolving 'TaskListScreen'...
[2025-12-16 09:53:35.723] [INFO] Resolving TaskListScreen...
[2025-12-16 09:53:35.724] ServiceContainer: Resolving 'TaskStore'...
[2025-12-16 09:53:35.727] [INFO] Resolving TaskStore...
[2025-12-16 09:53:35.775] [DEBUG] TaskStore.LoadData: Starting
[2025-12-16 09:53:35.778] [DEBUG] TaskStore.LoadData: Calling Get-PmcData
[2025-12-16 09:53:35.980] [DEBUG] TaskStore.LoadData: Get-PmcData returned - tasks=2 projects=0 timelogs=3
[2025-12-16 09:53:35.994] [DEBUG] TaskStore.LoadData: Loaded 2 tasks
[2025-12-16 09:53:35.996] [DEBUG] TaskStore.LoadData: No projects in data, initialized empty list
[2025-12-16 09:53:36.011] ServiceContainer: Resolved 'TaskStore' successfully
[2025-12-16 09:53:36.637] [DEBUG] PmcScreen.AddContentWidget: Adding UniversalList (Total: 1)
[2025-12-16 09:53:36.694] [DEBUG] TaskListScreen: Constructor started
[2025-12-16 09:53:36.763] _PopulateMenusFromRegistry: Menu 'Time' has 3 items from registry (array)
[2025-12-16 09:53:36.786] _PopulateMenusFromRegistry: Menu 'Projects' has 3 items from registry (array)
[2025-12-16 09:53:36.791] _PopulateMenusFromRegistry: Menu 'Help' has 1 items from registry (array)
[2025-12-16 09:53:36.795] _PopulateMenusFromRegistry: Menu 'Tools' has 4 items from registry (array)
[2025-12-16 09:53:36.802] _PopulateMenusFromRegistry: Menu 'Tasks' has 11 items from registry (array)
[2025-12-16 09:53:36.806] _PopulateMenusFromRegistry: Menu 'Options' has 2 items from registry (array)
[2025-12-16 09:53:36.807] [DEBUG] TaskListScreen: Constructor completed
[2025-12-16 09:53:36.810] ServiceContainer: Resolved 'TaskListScreen' successfully
[2025-12-16 09:53:36.811] [INFO] Pushing screen to app...
[2025-12-16 09:53:37.483] [DEBUG] LoadData: Got 2 tasks from Store
[2025-12-16 09:53:37.608] [DEBUG] TaskListScreen.LoadData: Setting 2 tasks
[2025-12-16 09:53:37.615] [DEBUG] UniversalList.SetData: START
[2025-12-16 09:53:37.678] [DEBUG] UniversalList.SetData: COMPLETE (2 items)
[2025-12-16 09:53:37.690] [INFO] Screen pushed successfully
[2025-12-16 09:53:37.691] [INFO] Starting event loop...
[2025-12-16 09:53:38.652] [DEBUG] PmcScreen: Calling RenderToEngine on UniversalList
[2025-12-16 09:56:58.971] [DEBUG] PmcScreen: Calling RenderToEngine on UniversalList
[2025-12-16 09:57:18.301] [DEBUG] StandardListScreen: Routing to InlineEditor (Key=Escape)
[2025-12-16 09:57:18.737] [DEBUG] StandardListScreen: Routing to InlineEditor (Key=UpArrow)
[2025-12-16 09:57:18.744] [DEBUG] StandardListScreen: After HandleInput - IsConfirmed=False IsCancelled=True ShowInlineEditor=True
[2025-12-16 09:57:18.747] [DEBUG] StandardListScreen: Editor field widget closed - PROPAGATING CLEAR TO SCREEN
[2025-12-16 09:57:19.005] [DEBUG] PmcScreen: Calling RenderToEngine on UniversalList
[2025-12-16 09:57:21.487] [DEBUG] StandardListScreen: Routing to InlineEditor (Key=UpArrow)
[2025-12-16 09:57:21.489] [DEBUG] StandardListScreen: After HandleInput - IsConfirmed=False IsCancelled=True ShowInlineEditor=True
[2025-12-16 09:57:21.490] [DEBUG] StandardListScreen: Editor confirmed/cancelled - closing editor NO CLEAR
[2025-12-16 09:57:21.494] [DEBUG] StandardListScreen: Restored selectedIndex to 1 after add mode exit (itemCount=2)
[2025-12-16 09:57:21.651] [DEBUG] PmcScreen: Calling RenderToEngine on UniversalList
[2025-12-16 09:57:23.357] [DEBUG] PmcScreen: Calling RenderToEngine on UniversalList
[2025-12-16 09:57:24.544] [INFO] TaskListScreen.EditItem called - item.id=f6d455a4-9e14-46c4-ba1a-4563c83b3b39
[2025-12-16 09:57:24.587] [INFO] TaskListScreen.EditItem: Setting OnConfirmed callback for taskId=f6d455a4-9e14-46c4-ba1a-4563c83b3b39
[2025-12-16 09:57:24.782] [DEBUG] PmcScreen: Calling RenderToEngine on UniversalList
[2025-12-16 09:57:43.253] [DEBUG] PmcScreen: Calling RenderToEngine on UniversalList
[2025-12-16 09:57:45.140] ServiceContainer: Resolving 'ProjectListScreen'...
[2025-12-16 09:57:45.198] [DEBUG] PmcScreen.AddContentWidget: Adding UniversalList (Total: 1)
[2025-12-16 09:57:45.218] ServiceContainer: Resolved 'ProjectListScreen' successfully
[2025-12-16 09:57:45.355] [DEBUG] UniversalList.SetData: START
[2025-12-16 09:57:45.361] [DEBUG] UniversalList.SetData: COMPLETE (0 items)
[2025-12-16 09:57:45.525] [DEBUG] PmcScreen: Calling RenderToEngine on UniversalList
[2025-12-16 09:57:47.155] [DEBUG] PmcScreen: Calling RenderToEngine on UniversalList
[2025-12-16 09:57:49.776] [DEBUG] StandardListScreen: Routing to InlineEditor (Key=P)
[2025-12-16 09:57:49.805] [DEBUG] StandardListScreen: After HandleInput - IsConfirmed=False IsCancelled=False ShowInlineEditor=True
[2025-12-16 09:57:49.806] [DEBUG] StandardListScreen: After close check - ShowInlineEditor=True
[2025-12-16 09:57:49.975] [DEBUG] PmcScreen: Calling RenderToEngine on UniversalList
[2025-12-16 09:57:50.385] [DEBUG] StandardListScreen: Routing to InlineEditor (Key=D1)
[2025-12-16 09:57:50.388] [DEBUG] StandardListScreen: After HandleInput - IsConfirmed=False IsCancelled=False ShowInlineEditor=True
[2025-12-16 09:57:50.389] [DEBUG] StandardListScreen: After close check - ShowInlineEditor=True
[2025-12-16 09:57:50.558] [DEBUG] PmcScreen: Calling RenderToEngine on UniversalList
[2025-12-16 09:57:54.120] [DEBUG] PmcScreen: Calling RenderToEngine on UniversalList
[2025-12-16 09:58:21.608] ServiceContainer: Resolving 'TimeListScreen'...
[2025-12-16 09:58:21.690] [DEBUG] PmcScreen.AddContentWidget: Adding UniversalList (Total: 1)
[2025-12-16 09:58:21.768] [DEBUG] UniversalList.SetData: START
[2025-12-16 09:58:21.780] [DEBUG] UniversalList.SetData: COMPLETE (2 items)
[2025-12-16 09:58:21.782] ServiceContainer: Resolved 'TimeListScreen' successfully
[2025-12-16 09:58:21.916] [DEBUG] UniversalList.SetData: START
[2025-12-16 09:58:21.921] [DEBUG] UniversalList.SetData: COMPLETE (2 items)
[2025-12-16 09:58:22.114] [DEBUG] PmcScreen: Calling RenderToEngine on UniversalList
[2025-12-16 10:11:28.555] [INFO] Event loop exited normally
[2025-12-16 10:11:28.556] [INFO] Cleanup - showing cursor and resetting terminal
