[2025-12-16 13:00:10.991] [INFO] Loading PMC module...
[2025-12-16 13:00:11.849] [INFO] PMC module loaded
[2025-12-16 13:00:11.851] [INFO] Loading dependencies (FieldSchemas, etc.)...
[2025-12-16 13:00:11.934] [INFO] Dependencies loaded
[2025-12-16 13:00:11.934] [INFO] Loading SpeedTUI framework...
[2025-12-16 13:00:12.120] [INFO] SpeedTUI framework loaded
[2025-12-16 13:00:12.121] [INFO] Loading PraxisVT...
[2025-12-16 13:00:12.122] [INFO] PraxisVT loaded
[2025-12-16 13:00:12.123] [INFO] Loading core dependencies...
[2025-12-16 13:00:12.155] [INFO] Core dependencies loaded
[2025-12-16 13:00:12.156] [INFO] Loading widget base classes...
[2025-12-16 13:00:12.179] [INFO] Widget base classes loaded
[2025-12-16 13:00:12.180] [INFO] Loading services...
[2025-12-16 13:00:12.268] [INFO] Services loaded
[2025-12-16 13:00:12.269] [INFO] Loading helpers...
[2025-12-16 13:00:13.009] [INFO] Helpers loaded
[2025-12-16 13:00:13.010] [INFO] Loading widgets...
[2025-12-16 13:00:13.295] [INFO] Widgets loaded
[2025-12-16 13:00:13.296] [INFO] Loading screen base class...
[2025-12-16 13:00:13.308] [INFO] Screen base class loaded
[2025-12-16 13:00:13.309] [INFO] Loading HelpViewScreen (needed by base classes)...
[2025-12-16 13:00:13.315] [INFO] HelpViewScreen loaded
[2025-12-16 13:00:13.316] [INFO] Loading base classes...
[2025-12-16 13:00:13.388] [INFO] Base classes loaded
[2025-12-16 13:00:13.389] [INFO] Loading ServiceContainer (needed by screens)...
[2025-12-16 13:00:13.393] [INFO] ServiceContainer loaded
[2025-12-16 13:00:13.395] [INFO] Loading remaining screens...
[2025-12-16 13:00:13.479] [INFO] Remaining screens loaded
[2025-12-16 13:00:13.480] [INFO] Loading PmcApplication...
[2025-12-16 13:00:13.494] [INFO] PmcApplication loaded
[2025-12-16 13:00:13.495] [INFO] All components loaded successfully
