[2025-12-15 22:39:27.746] [INFO] Loading PMC module...
[2025-12-15 22:39:28.508] [INFO] PMC module loaded
[2025-12-15 22:39:28.510] [INFO] Loading dependencies (FieldSchemas, etc.)...
[2025-12-15 22:39:28.579] [INFO] Dependencies loaded
[2025-12-15 22:39:28.579] [INFO] Loading SpeedTUI framework...
[2025-12-15 22:39:28.743] [INFO] SpeedTUI framework loaded
[2025-12-15 22:39:28.744] [INFO] Loading PraxisVT...
[2025-12-15 22:39:28.745] [INFO] PraxisVT loaded
[2025-12-15 22:39:28.746] [INFO] Loading core dependencies...
[2025-12-15 22:39:28.783] [INFO] Core dependencies loaded
[2025-12-15 22:39:28.784] [INFO] Loading widget base classes...
[2025-12-15 22:39:28.831] [INFO] Widget base classes loaded
[2025-12-15 22:39:28.832] [INFO] Loading services...
[2025-12-15 22:39:28.897] [INFO] Services loaded
[2025-12-15 22:39:28.898] [INFO] Loading helpers...
[2025-12-15 22:39:29.537] [INFO] Helpers loaded
[2025-12-15 22:39:29.538] [INFO] Loading widgets...
[2025-12-15 22:39:29.715] [INFO] Widgets loaded
[2025-12-15 22:39:29.722] [INFO] Loading screen base class...
[2025-12-15 22:39:29.730] [INFO] Screen base class loaded
[2025-12-15 22:39:29.731] [INFO] Loading HelpViewScreen (needed by base classes)...
[2025-12-15 22:39:29.735] [INFO] HelpViewScreen loaded
[2025-12-15 22:39:29.736] [INFO] Loading base classes...
[2025-12-15 22:39:29.832] [INFO] Base classes loaded
[2025-12-15 22:39:29.833] [INFO] Loading ServiceContainer (needed by screens)...
[2025-12-15 22:39:29.839] [INFO] ServiceContainer loaded
[2025-12-15 22:39:29.840] [INFO] Loading remaining screens...
[2025-12-15 22:39:29.936] [INFO] Remaining screens loaded
[2025-12-15 22:39:29.937] [INFO] Loading PmcApplication...
[2025-12-15 22:39:29.952] [INFO] PmcApplication loaded
[2025-12-15 22:39:29.953] [INFO] All components loaded successfully
[2025-12-15 22:39:29.965] [INFO] Starting PMC TUI with screen: TaskList
[2025-12-15 22:39:29.971] [INFO] Cleared stale PmcSharedMenuBar and MenuRegistry singleton
[2025-12-15 22:39:29.972] [INFO] Creating ServiceContainer...
[2025-12-15 22:39:29.979] [INFO] ServiceContainer created
[2025-12-15 22:39:29.980] [INFO] Registering Theme service...
[2025-12-15 22:39:29.993] ServiceContainer: Registered 'Theme' (singleton=True)
[2025-12-15 22:39:29.996] [INFO] Registering ThemeManager...
[2025-12-15 22:39:29.997] ServiceContainer: Registered 'ThemeManager' (singleton=True)
[2025-12-15 22:39:29.997] [INFO] Registering Config service...
[2025-12-15 22:39:29.998] ServiceContainer: Registered 'Config' (singleton=True)
[2025-12-15 22:39:29.999] [INFO] Registering TaskStore service...
[2025-12-15 22:39:29.999] ServiceContainer: Registered 'TaskStore' (singleton=True)
[2025-12-15 22:39:30.000] [INFO] Registering MenuRegistry service...
[2025-12-15 22:39:30.001] ServiceContainer: Registered 'MenuRegistry' (singleton=True)
[2025-12-15 22:39:30.001] [INFO] Registering Application service...
[2025-12-15 22:39:30.002] ServiceContainer: Registered 'Application' (singleton=True)
[2025-12-15 22:39:30.003] [INFO] Registering CommandService...
[2025-12-15 22:39:30.003] ServiceContainer: Registered 'CommandService' (singleton=True)
[2025-12-15 22:39:30.004] [INFO] Registering ChecklistService...
[2025-12-15 22:39:30.008] ServiceContainer: Registered 'ChecklistService' (singleton=True)
[2025-12-15 22:39:30.009] [INFO] Registering NoteService...
[2025-12-15 22:39:30.010] ServiceContainer: Registered 'NoteService' (singleton=True)
[2025-12-15 22:39:30.011] [INFO] Registering ExcelMappingService...
[2025-12-15 22:39:30.011] ServiceContainer: Registered 'ExcelMappingService' (singleton=True)
[2025-12-15 22:39:30.012] [INFO] Registering PreferencesService...
[2025-12-15 22:39:30.013] ServiceContainer: Registered 'PreferencesService' (singleton=True)
[2025-12-15 22:39:30.013] [INFO] Registering screen factories...
[2025-12-15 22:39:30.014] ServiceContainer: Registered 'TaskListScreen' (singleton=False)
[2025-12-15 22:39:30.015] [INFO] Resolving Application from container...
[2025-12-15 22:39:30.025] ServiceContainer: Resolving 'Application'...
[2025-12-15 22:39:30.027] [INFO] Resolving Application...
[2025-12-15 22:39:30.027] ServiceContainer: Resolving 'Theme'...
[2025-12-15 22:39:30.033] [INFO] Resolving Theme: Calling Initialize-PmcThemeSystem...
[2025-12-15 22:39:30.043] [INFO] Theme resolved: #33aaff
[2025-12-15 22:39:30.043] [INFO] Loading PmcThemeEngine...
[2025-12-15 22:39:30.084] [DEBUG] Palette [Error] -> #BE2914 (R=190 G=41 B=20)
[2025-12-15 22:39:30.085] [DEBUG] Palette [Cursor] -> #228844 (R=34 G=136 B=68)
[2025-12-15 22:39:30.086] [DEBUG] Palette [Footer] -> #185F30 (R=24 G=95 B=48)
[2025-12-15 22:39:30.087] [DEBUG] Palette [Warning] -> #7FCA14 (R=127 G=202 B=20)
[2025-12-15 22:39:30.088] [DEBUG] Palette [Primary] -> #228844 (R=34 G=136 B=68)
[2025-12-15 22:39:30.093] [DEBUG] Palette [Header] -> #228844 (R=34 G=136 B=68)
[2025-12-15 22:39:30.094] [DEBUG] Palette [Muted] -> #5C8F6D (R=92 G=143 B=109)
[2025-12-15 22:39:30.094] [DEBUG] Palette [Text] -> #C2EACF (R=194 G=234 B=207)
[2025-12-15 22:39:30.095] [DEBUG] Palette [Bright] -> #2CB158 (R=44 G=177 B=88)
[2025-12-15 22:39:30.096] [DEBUG] Palette [Border] -> #185F30 (R=24 G=95 B=48)
[2025-12-15 22:39:30.097] [DEBUG] Palette [Highlight] -> #228844 (R=34 G=136 B=68)
[2025-12-15 22:39:30.098] [DEBUG] Palette [Label] -> #5C8F6D (R=92 G=143 B=109)
[2025-12-15 22:39:30.098] [DEBUG] Palette [Status] -> #5C8F6D (R=92 G=143 B=109)
[2025-12-15 22:39:30.099] [DEBUG] Palette [Success] -> #2CB158 (R=44 G=177 B=88)
[2025-12-15 22:39:30.108] [INFO] LoadFromConfig: Loaded Properties with 16 items
[2025-12-15 22:39:30.116] [INFO] PmcThemeEngine initialized with PMC palette (14 colors)
[2025-12-15 22:39:30.118] ServiceContainer: Resolved 'Theme' successfully
[2025-12-15 22:39:30.283] ServiceContainer: Resolving 'ThemeManager'...
[2025-12-15 22:39:30.285] [INFO] Resolving ThemeManager...
[2025-12-15 22:39:30.311] ServiceContainer: Resolved 'ThemeManager' successfully
[2025-12-15 22:39:30.319] ServiceContainer: Resolved 'Application' successfully
[2025-12-15 22:39:30.320] [INFO] Application resolved and assigned to $global:PmcApp
[2025-12-15 22:39:30.321] [INFO] Loading menus from manifest...
[2025-12-15 22:39:30.322] ServiceContainer: Resolving 'MenuRegistry'...
[2025-12-15 22:39:30.323] [INFO] Resolving MenuRegistry...
[2025-12-15 22:39:30.331] ServiceContainer: Resolved 'MenuRegistry' successfully
[2025-12-15 22:39:30.344] MenuRegistry: Loaded manifest with 24 entries
[2025-12-15 22:39:30.363] ServiceContainer: Registered 'HelpViewScreen' (singleton=False)
[2025-12-15 22:39:30.364] MenuRegistry: Registered screen factory 'HelpViewScreen' in container (viewMode=)
[2025-12-15 22:39:30.375] MenuRegistry: Registered 'Help' in 'Help' menu (hotkey=H order=10)
[2025-12-15 22:39:30.378] ServiceContainer: Registered 'TaskListScreen_Overdue' (singleton=False)
[2025-12-15 22:39:30.379] MenuRegistry: Registered screen factory 'TaskListScreen_Overdue' in container (viewMode=overdue)
[2025-12-15 22:39:30.380] MenuRegistry: Registered 'Overdue' in 'Tasks' menu (hotkey=O order=30)
[2025-12-15 22:39:30.381] ServiceContainer: Registered 'TimeReportScreen' (singleton=False)
[2025-12-15 22:39:30.381] MenuRegistry: Registered screen factory 'TimeReportScreen' in container (viewMode=)
[2025-12-15 22:39:30.382] MenuRegistry: Registered 'Time Report' in 'Time' menu (hotkey=R order=20)
[2025-12-15 22:39:30.383] ServiceContainer: Registered 'SettingsScreen' (singleton=False)
[2025-12-15 22:39:30.384] MenuRegistry: Registered screen factory 'SettingsScreen' in container (viewMode=)
[2025-12-15 22:39:30.385] MenuRegistry: Registered 'Settings' in 'Options' menu (hotkey=S order=20)
[2025-12-15 22:39:30.386] ServiceContainer: Registered 'WeeklyTimeReportScreen' (singleton=False)
[2025-12-15 22:39:30.386] MenuRegistry: Registered screen factory 'WeeklyTimeReportScreen' in container (viewMode=)
[2025-12-15 22:39:30.387] MenuRegistry: Registered 'Weekly Report' in 'Time' menu (hotkey=W order=10)
[2025-12-15 22:39:30.392] ServiceContainer: Registered 'TaskListScreen_Agenda' (singleton=False)
[2025-12-15 22:39:30.393] MenuRegistry: Registered screen factory 'TaskListScreen_Agenda' in container (viewMode=agenda)
[2025-12-15 22:39:30.393] MenuRegistry: Registered 'Agenda View' in 'Tasks' menu (hotkey=A order=50)
[2025-12-15 22:39:30.394] ServiceContainer: Registered 'NotesMenuScreen' (singleton=False)
[2025-12-15 22:39:30.395] MenuRegistry: Registered screen factory 'NotesMenuScreen' in container (viewMode=)
[2025-12-15 22:39:30.396] MenuRegistry: Registered 'Notes' in 'Tools' menu (hotkey=N order=20)
[2025-12-15 22:39:30.397] ServiceContainer: Registered 'TaskListScreen_Upcoming' (singleton=False)
[2025-12-15 22:39:30.397] MenuRegistry: Registered screen factory 'TaskListScreen_Upcoming' in container (viewMode=upcoming)
[2025-12-15 22:39:30.398] MenuRegistry: Registered 'Upcoming' in 'Tasks' menu (hotkey=U order=25)
[2025-12-15 22:39:30.399] ServiceContainer: Registered 'KanbanScreenV2' (singleton=False)
[2025-12-15 22:39:30.400] MenuRegistry: Registered screen factory 'KanbanScreenV2' in container (viewMode=)
[2025-12-15 22:39:30.401] MenuRegistry: Registered 'Kanban Board' in 'Tasks' menu (hotkey=K order=55)
[2025-12-15 22:39:30.402] ServiceContainer: Registered 'ChecklistTemplatesFolderScreen' (singleton=False)
[2025-12-15 22:39:30.402] MenuRegistry: Registered screen factory 'ChecklistTemplatesFolderScreen' in container (viewMode=)
[2025-12-15 22:39:30.403] MenuRegistry: Registered 'Checklist Templates' in 'Tools' menu (hotkey=H order=30)
[2025-12-15 22:39:30.404] ServiceContainer: Registered 'TaskListScreen_Tomorrow' (singleton=False)
[2025-12-15 22:39:30.405] MenuRegistry: Registered screen factory 'TaskListScreen_Tomorrow' in container (viewMode=tomorrow)
[2025-12-15 22:39:30.405] MenuRegistry: Registered 'Tomorrow' in 'Tasks' menu (hotkey=T order=15)
[2025-12-15 22:39:30.406] ServiceContainer: Registered 'TimeListScreen' (singleton=False)
[2025-12-15 22:39:30.407] MenuRegistry: Registered screen factory 'TimeListScreen' in container (viewMode=)
[2025-12-15 22:39:30.408] MenuRegistry: Registered 'Time Tracking' in 'Time' menu (hotkey=T order=5)
[2025-12-15 22:39:30.409] ServiceContainer: Registered 'ThemeEditorScreen' (singleton=False)
[2025-12-15 22:39:30.409] MenuRegistry: Registered screen factory 'ThemeEditorScreen' in container (viewMode=)
[2025-12-15 22:39:30.410] MenuRegistry: Registered 'Theme Editor' in 'Options' menu (hotkey=T order=10)
[2025-12-15 22:39:30.411] ServiceContainer: Registered 'TaskListScreen_Month' (singleton=False)
[2025-12-15 22:39:30.412] MenuRegistry: Registered screen factory 'TaskListScreen_Month' in container (viewMode=month)
[2025-12-15 22:39:30.413] MenuRegistry: Registered 'Month View' in 'Tasks' menu (hotkey=M order=45)
[2025-12-15 22:39:30.414] ServiceContainer: Registered 'TaskListScreen_Week' (singleton=False)
[2025-12-15 22:39:30.414] MenuRegistry: Registered screen factory 'TaskListScreen_Week' in container (viewMode=week)
[2025-12-15 22:39:30.415] MenuRegistry: Registered 'Week View' in 'Tasks' menu (hotkey=W order=20)
[2025-12-15 22:39:30.416] ServiceContainer: Registered 'TaskListScreen_Today' (singleton=False)
[2025-12-15 22:39:30.417] MenuRegistry: Registered screen factory 'TaskListScreen_Today' in container (viewMode=today)
[2025-12-15 22:39:30.417] MenuRegistry: Registered 'Today' in 'Tasks' menu (hotkey=Y order=10)
[2025-12-15 22:39:30.419] ServiceContainer: Registered 'TaskListScreen_NoDate' (singleton=False)
[2025-12-15 22:39:30.419] MenuRegistry: Registered screen factory 'TaskListScreen_NoDate' in container (viewMode=noduedate)
[2025-12-15 22:39:30.420] MenuRegistry: Registered 'No Due Date' in 'Tasks' menu (hotkey=D order=40)
[2025-12-15 22:39:30.421] ServiceContainer: Registered 'ProjectListScreen' (singleton=False)
[2025-12-15 22:39:30.422] MenuRegistry: Registered screen factory 'ProjectListScreen' in container (viewMode=)
[2025-12-15 22:39:30.423] MenuRegistry: Registered 'Project List' in 'Projects' menu (hotkey=L order=10)
[2025-12-15 22:39:30.424] ServiceContainer: Registered 'ExcelImportScreen' (singleton=False)
[2025-12-15 22:39:30.427] MenuRegistry: Registered screen factory 'ExcelImportScreen' in container (viewMode=)
[2025-12-15 22:39:30.428] MenuRegistry: Registered 'Import from Excel' in 'Projects' menu (hotkey=I order=40)
[2025-12-15 22:39:30.429] ServiceContainer: Registered 'CommandLibraryScreen' (singleton=False)
[2025-12-15 22:39:30.430] MenuRegistry: Registered screen factory 'CommandLibraryScreen' in container (viewMode=)
[2025-12-15 22:39:30.430] MenuRegistry: Registered 'Command Library' in 'Tools' menu (hotkey=L order=10)
[2025-12-15 22:39:30.432] ServiceContainer: Registered 'TaskListScreen_Default' (singleton=False)
[2025-12-15 22:39:30.432] MenuRegistry: Registered screen factory 'TaskListScreen_Default' in container (viewMode=)
[2025-12-15 22:39:30.433] MenuRegistry: Registered 'Task List' in 'Tasks' menu (hotkey=L order=5)
[2025-12-15 22:39:30.434] ServiceContainer: Registered 'ExcelProfileManagerScreen' (singleton=False)
[2025-12-15 22:39:30.435] MenuRegistry: Registered screen factory 'ExcelProfileManagerScreen' in container (viewMode=)
[2025-12-15 22:39:30.436] MenuRegistry: Registered 'Excel Profiles' in 'Projects' menu (hotkey=M order=50)
[2025-12-15 22:39:30.437] ServiceContainer: Registered 'TaskListScreen_NextActions' (singleton=False)
[2025-12-15 22:39:30.438] MenuRegistry: Registered screen factory 'TaskListScreen_NextActions' in container (viewMode=nextactions)
[2025-12-15 22:39:30.439] MenuRegistry: Registered 'Next Actions' in 'Tasks' menu (hotkey=N order=35)
[2025-12-15 22:39:30.440] ServiceContainer: Registered 'ChecklistsLauncherScreen' (singleton=False)
[2025-12-15 22:39:30.440] MenuRegistry: Registered screen factory 'ChecklistsLauncherScreen' in container (viewMode=)
[2025-12-15 22:39:30.441] MenuRegistry: Registered 'Checklists' in 'Tools' menu (hotkey=C order=25)
[2025-12-15 22:39:30.442] [INFO] Menus loaded from /home/teej/ztest/module/Pmc.Strict/consoleui/screens/MenuItems.psd1
[2025-12-15 22:39:30.443] [INFO] Launching screen: TaskList
[2025-12-15 22:39:30.444] [INFO] Resolving TaskListScreen from container...
[2025-12-15 22:39:30.445] ServiceContainer: Resolving 'TaskListScreen'...
[2025-12-15 22:39:30.446] [INFO] Resolving TaskListScreen...
[2025-12-15 22:39:30.447] ServiceContainer: Resolving 'TaskStore'...
[2025-12-15 22:39:30.448] [INFO] Resolving TaskStore...
[2025-12-15 22:39:30.478] [DEBUG] TaskStore.LoadData: Starting
[2025-12-15 22:39:30.480] [DEBUG] TaskStore.LoadData: Calling Get-PmcData
[2025-12-15 22:39:30.599] [DEBUG] TaskStore.LoadData: Get-PmcData returned - tasks=1 projects=0 timelogs=0
[2025-12-15 22:39:30.606] [DEBUG] TaskStore.LoadData: Loaded 1 tasks
[2025-12-15 22:39:30.607] [DEBUG] TaskStore.LoadData: No projects in data, initialized empty list
[2025-12-15 22:39:30.615] ServiceContainer: Resolved 'TaskStore' successfully
[2025-12-15 22:39:30.984] [DEBUG] PmcScreen.AddContentWidget: Adding UniversalList (Total: 1)
[2025-12-15 22:39:31.018] [DEBUG] TaskListScreen: Constructor started
[2025-12-15 22:39:31.053] _PopulateMenusFromRegistry: Menu 'Projects' has 3 items from registry (array)
[2025-12-15 22:39:31.068] _PopulateMenusFromRegistry: Menu 'Help' has 1 items from registry (array)
[2025-12-15 22:39:31.070] _PopulateMenusFromRegistry: Menu 'Options' has 2 items from registry (array)
[2025-12-15 22:39:31.073] _PopulateMenusFromRegistry: Menu 'Tools' has 4 items from registry (array)
[2025-12-15 22:39:31.075] _PopulateMenusFromRegistry: Menu 'Time' has 3 items from registry (array)
[2025-12-15 22:39:31.080] _PopulateMenusFromRegistry: Menu 'Tasks' has 11 items from registry (array)
[2025-12-15 22:39:31.088] [DEBUG] TaskListScreen: Constructor completed
[2025-12-15 22:39:31.090] ServiceContainer: Resolved 'TaskListScreen' successfully
[2025-12-15 22:39:31.091] [INFO] Pushing screen to app...
[2025-12-15 22:39:31.402] [DEBUG] LoadData: Got 1 tasks from Store
[2025-12-15 22:39:31.460] [DEBUG] TaskListScreen.LoadData: Setting 1 tasks
[2025-12-15 22:39:31.464] [DEBUG] UniversalList.SetData: START
[2025-12-15 22:39:31.505] [DEBUG] UniversalList.SetData: COMPLETE (1 items)
[2025-12-15 22:39:31.562] [INFO] Screen pushed successfully
[2025-12-15 22:39:31.563] [INFO] Starting event loop...
[2025-12-15 22:39:31.942] [DEBUG] PmcScreen: Calling RenderToEngine on UniversalList
[2025-12-15 22:51:41.251] [INFO] Event loop exited normally
[2025-12-15 22:51:41.254] [INFO] Cleanup - showing cursor and resetting terminal
