[2025-12-18 07:22:48.916] [INFO] Loading PMC module...
[2025-12-18 07:22:50.378] [INFO] PMC module loaded
[2025-12-18 07:22:50.383] [INFO] Loading dependencies (FieldSchemas, etc.)...
[2025-12-18 07:22:50.526] [INFO] Dependencies loaded
[2025-12-18 07:22:50.528] [INFO] Loading SpeedTUI framework...
[2025-12-18 07:22:50.887] [INFO] SpeedTUI framework loaded
[2025-12-18 07:22:50.889] [INFO] Loading PraxisVT...
[2025-12-18 07:22:50.892] [INFO] PraxisVT loaded
[2025-12-18 07:22:50.894] [INFO] Loading core dependencies...
[2025-12-18 07:22:50.939] [INFO] Core dependencies loaded
[2025-12-18 07:22:50.941] [INFO] Loading widget base classes...
[2025-12-18 07:22:51.007] [INFO] Widget base classes loaded
[2025-12-18 07:22:51.009] [INFO] Loading services...
[2025-12-18 07:22:51.146] [INFO] Services loaded
[2025-12-18 07:22:51.169] [INFO] Loading helpers...
[2025-12-18 07:22:52.230] [INFO] Helpers loaded
[2025-12-18 07:22:52.232] [INFO] Loading widgets...
[2025-12-18 07:22:52.663] [INFO] Widgets loaded
[2025-12-18 07:22:52.664] [INFO] Loading screen base class...
[2025-12-18 07:22:52.713] [INFO] Screen base class loaded
[2025-12-18 07:22:52.715] [INFO] Loading HelpViewScreen (needed by base classes)...
[2025-12-18 07:22:52.724] [INFO] HelpViewScreen loaded
[2025-12-18 07:22:52.726] [INFO] Loading base classes...
[2025-12-18 07:22:52.790] [INFO] Base classes loaded
[2025-12-18 07:22:52.791] [INFO] Loading ServiceContainer (needed by screens)...
[2025-12-18 07:22:52.798] [INFO] ServiceContainer loaded
[2025-12-18 07:22:52.799] [INFO] Loading remaining screens...
[2025-12-18 07:22:52.909] [INFO] Remaining screens loaded
[2025-12-18 07:22:52.911] [INFO] Loading PmcApplication...
[2025-12-18 07:22:52.937] [INFO] PmcApplication loaded
[2025-12-18 07:22:52.939] [INFO] All components loaded successfully
[2025-12-18 07:22:52.960] [INFO] Starting PMC TUI with screen: TaskList
[2025-12-18 07:22:52.969] [INFO] Cleared stale PmcSharedMenuBar and MenuRegistry singleton
[2025-12-18 07:22:52.970] [INFO] Creating ServiceContainer...
[2025-12-18 07:22:52.983] [INFO] ServiceContainer created
[2025-12-18 07:22:52.985] [INFO] Registering Theme service...
[2025-12-18 07:22:53.007] ServiceContainer: Registered 'Theme' (singleton=True)
[2025-12-18 07:22:53.011] [INFO] Registering ThemeManager...
[2025-12-18 07:22:53.012] ServiceContainer: Registered 'ThemeManager' (singleton=True)
[2025-12-18 07:22:53.013] [INFO] Registering Config service...
[2025-12-18 07:22:53.014] ServiceContainer: Registered 'Config' (singleton=True)
[2025-12-18 07:22:53.015] [INFO] Registering TaskStore service...
[2025-12-18 07:22:53.017] ServiceContainer: Registered 'TaskStore' (singleton=True)
[2025-12-18 07:22:53.018] [INFO] Registering MenuRegistry service...
[2025-12-18 07:22:53.019] ServiceContainer: Registered 'MenuRegistry' (singleton=True)
[2025-12-18 07:22:53.021] [INFO] Registering Application service...
[2025-12-18 07:22:53.022] ServiceContainer: Registered 'Application' (singleton=True)
[2025-12-18 07:22:53.023] [INFO] Registering CommandService...
[2025-12-18 07:22:53.024] ServiceContainer: Registered 'CommandService' (singleton=True)
[2025-12-18 07:22:53.025] [INFO] Registering ChecklistService...
[2025-12-18 07:22:53.027] ServiceContainer: Registered 'ChecklistService' (singleton=True)
[2025-12-18 07:22:53.028] [INFO] Registering NoteService...
[2025-12-18 07:22:53.036] ServiceContainer: Registered 'NoteService' (singleton=True)
[2025-12-18 07:22:53.037] [INFO] Registering ExcelMappingService...
[2025-12-18 07:22:53.038] ServiceContainer: Registered 'ExcelMappingService' (singleton=True)
[2025-12-18 07:22:53.039] [INFO] Registering PreferencesService...
[2025-12-18 07:22:53.041] ServiceContainer: Registered 'PreferencesService' (singleton=True)
[2025-12-18 07:22:53.042] [INFO] Registering screen factories...
[2025-12-18 07:22:53.043] ServiceContainer: Registered 'TaskListScreen' (singleton=False)
[2025-12-18 07:22:53.044] [INFO] Resolving Application from container...
[2025-12-18 07:22:53.062] ServiceContainer: Resolving 'Application'...
[2025-12-18 07:22:53.064] [INFO] Resolving Application...
[2025-12-18 07:22:53.066] ServiceContainer: Resolving 'Theme'...
[2025-12-18 07:22:53.074] [INFO] Resolving Theme: Calling Initialize-PmcThemeSystem...
[2025-12-18 07:22:53.092] [INFO] Theme resolved: #33aaff
[2025-12-18 07:22:53.093] [INFO] Loading PmcThemeEngine...
[2025-12-18 07:22:53.185] [INFO] LoadFromConfig: Loaded Properties with 23 items
[2025-12-18 07:22:53.199] [INFO] PmcThemeEngine initialized with PMC palette (14 colors)
[2025-12-18 07:22:53.221] ServiceContainer: Resolved 'Theme' successfully
[2025-12-18 07:22:53.880] ServiceContainer: Resolving 'ThemeManager'...
[2025-12-18 07:22:53.883] [INFO] Resolving ThemeManager...
[2025-12-18 07:22:53.929] ServiceContainer: Resolved 'ThemeManager' successfully
[2025-12-18 07:22:53.944] ServiceContainer: Resolved 'Application' successfully
[2025-12-18 07:22:53.946] [INFO] Application resolved and assigned to $global:PmcApp
[2025-12-18 07:22:53.947] [INFO] Loading menus from manifest...
[2025-12-18 07:22:53.948] ServiceContainer: Resolving 'MenuRegistry'...
[2025-12-18 07:22:53.950] [INFO] Resolving MenuRegistry...
[2025-12-18 07:22:53.967] ServiceContainer: Resolved 'MenuRegistry' successfully
[2025-12-18 07:22:53.990] MenuRegistry: Loaded manifest with 23 entries
[2025-12-18 07:22:54.026] ServiceContainer: Registered 'CommandLibraryScreen' (singleton=False)
[2025-12-18 07:22:54.028] MenuRegistry: Registered screen factory 'CommandLibraryScreen' in container (viewMode=)
[2025-12-18 07:22:54.048] MenuRegistry: Registered 'Command Library' in 'Tools' menu (hotkey=L order=10)
[2025-12-18 07:22:54.051] ServiceContainer: Registered 'ThemeEditorScreen' (singleton=False)
[2025-12-18 07:22:54.052] MenuRegistry: Registered screen factory 'ThemeEditorScreen' in container (viewMode=)
[2025-12-18 07:22:54.053] MenuRegistry: Registered 'Theme Editor' in 'Options' menu (hotkey=T order=10)
[2025-12-18 07:22:54.057] ServiceContainer: Registered 'TaskListScreen_Overdue' (singleton=False)
[2025-12-18 07:22:54.058] MenuRegistry: Registered screen factory 'TaskListScreen_Overdue' in container (viewMode=overdue)
[2025-12-18 07:22:54.059] MenuRegistry: Registered 'Overdue' in 'Tasks' menu (hotkey=O order=30)
[2025-12-18 07:22:54.061] ServiceContainer: Registered 'NotesMenuScreen' (singleton=False)
[2025-12-18 07:22:54.062] MenuRegistry: Registered screen factory 'NotesMenuScreen' in container (viewMode=)
[2025-12-18 07:22:54.071] MenuRegistry: Registered 'Notes' in 'Tools' menu (hotkey=N order=20)
[2025-12-18 07:22:54.072] ServiceContainer: Registered 'ExcelProfileManagerScreen' (singleton=False)
[2025-12-18 07:22:54.073] MenuRegistry: Registered screen factory 'ExcelProfileManagerScreen' in container (viewMode=)
[2025-12-18 07:22:54.075] MenuRegistry: Registered 'Excel Profiles' in 'Projects' menu (hotkey=M order=50)
[2025-12-18 07:22:54.076] ServiceContainer: Registered 'TimeListScreen' (singleton=False)
[2025-12-18 07:22:54.077] MenuRegistry: Registered screen factory 'TimeListScreen' in container (viewMode=)
[2025-12-18 07:22:54.078] MenuRegistry: Registered 'Time Tracking' in 'Time' menu (hotkey=T order=5)
[2025-12-18 07:22:54.080] ServiceContainer: Registered 'TaskListScreen_Month' (singleton=False)
[2025-12-18 07:22:54.082] MenuRegistry: Registered screen factory 'TaskListScreen_Month' in container (viewMode=month)
[2025-12-18 07:22:54.083] MenuRegistry: Registered 'Month View' in 'Tasks' menu (hotkey=M order=45)
[2025-12-18 07:22:54.085] ServiceContainer: Registered 'TaskListScreen_NextActions' (singleton=False)
[2025-12-18 07:22:54.086] MenuRegistry: Registered screen factory 'TaskListScreen_NextActions' in container (viewMode=nextactions)
[2025-12-18 07:22:54.088] MenuRegistry: Registered 'Next Actions' in 'Tasks' menu (hotkey=N order=35)
[2025-12-18 07:22:54.089] ServiceContainer: Registered 'TaskListScreen_Agenda' (singleton=False)
[2025-12-18 07:22:54.090] MenuRegistry: Registered screen factory 'TaskListScreen_Agenda' in container (viewMode=agenda)
[2025-12-18 07:22:54.092] MenuRegistry: Registered 'Agenda View' in 'Tasks' menu (hotkey=A order=50)
[2025-12-18 07:22:54.094] ServiceContainer: Registered 'TaskListScreen_Default' (singleton=False)
[2025-12-18 07:22:54.095] MenuRegistry: Registered screen factory 'TaskListScreen_Default' in container (viewMode=)
[2025-12-18 07:22:54.096] MenuRegistry: Registered 'Task List' in 'Tasks' menu (hotkey=L order=5)
[2025-12-18 07:22:54.098] ServiceContainer: Registered 'TaskListScreen_NoDate' (singleton=False)
[2025-12-18 07:22:54.099] MenuRegistry: Registered screen factory 'TaskListScreen_NoDate' in container (viewMode=noduedate)
[2025-12-18 07:22:54.101] MenuRegistry: Registered 'No Due Date' in 'Tasks' menu (hotkey=D order=40)
[2025-12-18 07:22:54.103] ServiceContainer: Registered 'TaskListScreen_Upcoming' (singleton=False)
[2025-12-18 07:22:54.104] MenuRegistry: Registered screen factory 'TaskListScreen_Upcoming' in container (viewMode=upcoming)
[2025-12-18 07:22:54.105] MenuRegistry: Registered 'Upcoming' in 'Tasks' menu (hotkey=U order=25)
[2025-12-18 07:22:54.107] ServiceContainer: Registered 'WeeklyTimeReportScreen' (singleton=False)
[2025-12-18 07:22:54.108] MenuRegistry: Registered screen factory 'WeeklyTimeReportScreen' in container (viewMode=)
[2025-12-18 07:22:54.110] MenuRegistry: Registered 'Weekly Report' in 'Time' menu (hotkey=W order=10)
[2025-12-18 07:22:54.111] ServiceContainer: Registered 'TimeReportScreen' (singleton=False)
[2025-12-18 07:22:54.113] MenuRegistry: Registered screen factory 'TimeReportScreen' in container (viewMode=)
[2025-12-18 07:22:54.114] MenuRegistry: Registered 'Time Report' in 'Time' menu (hotkey=R order=20)
[2025-12-18 07:22:54.116] ServiceContainer: Registered 'ChecklistTemplatesFolderScreen' (singleton=False)
[2025-12-18 07:22:54.117] MenuRegistry: Registered screen factory 'ChecklistTemplatesFolderScreen' in container (viewMode=)
[2025-12-18 07:22:54.118] MenuRegistry: Registered 'Checklist Templates' in 'Tools' menu (hotkey=H order=30)
[2025-12-18 07:22:54.120] ServiceContainer: Registered 'HelpViewScreen' (singleton=False)
[2025-12-18 07:22:54.121] MenuRegistry: Registered screen factory 'HelpViewScreen' in container (viewMode=)
[2025-12-18 07:22:54.123] MenuRegistry: Registered 'Help' in 'Help' menu (hotkey=H order=10)
[2025-12-18 07:22:54.125] ServiceContainer: Registered 'ChecklistsLauncherScreen' (singleton=False)
[2025-12-18 07:22:54.126] MenuRegistry: Registered screen factory 'ChecklistsLauncherScreen' in container (viewMode=)
[2025-12-18 07:22:54.127] MenuRegistry: Registered 'Checklists' in 'Tools' menu (hotkey=C order=25)
[2025-12-18 07:22:54.133] ServiceContainer: Registered 'ProjectListScreen' (singleton=False)
[2025-12-18 07:22:54.134] MenuRegistry: Registered screen factory 'ProjectListScreen' in container (viewMode=)
[2025-12-18 07:22:54.136] MenuRegistry: Registered 'Project List' in 'Projects' menu (hotkey=L order=10)
[2025-12-18 07:22:54.138] ServiceContainer: Registered 'TaskListScreen_Tomorrow' (singleton=False)
[2025-12-18 07:22:54.139] MenuRegistry: Registered screen factory 'TaskListScreen_Tomorrow' in container (viewMode=tomorrow)
[2025-12-18 07:22:54.140] MenuRegistry: Registered 'Tomorrow' in 'Tasks' menu (hotkey=T order=15)
[2025-12-18 07:22:54.143] ServiceContainer: Registered 'TaskListScreen_Week' (singleton=False)
[2025-12-18 07:22:54.144] MenuRegistry: Registered screen factory 'TaskListScreen_Week' in container (viewMode=week)
[2025-12-18 07:22:54.145] MenuRegistry: Registered 'Week View' in 'Tasks' menu (hotkey=W order=20)
[2025-12-18 07:22:54.147] ServiceContainer: Registered 'ExcelImportScreen' (singleton=False)
[2025-12-18 07:22:54.148] MenuRegistry: Registered screen factory 'ExcelImportScreen' in container (viewMode=)
[2025-12-18 07:22:54.150] MenuRegistry: Registered 'Import from Excel' in 'Projects' menu (hotkey=I order=40)
[2025-12-18 07:22:54.152] ServiceContainer: Registered 'TaskListScreen_Today' (singleton=False)
[2025-12-18 07:22:54.153] MenuRegistry: Registered screen factory 'TaskListScreen_Today' in container (viewMode=today)
[2025-12-18 07:22:54.155] MenuRegistry: Registered 'Today' in 'Tasks' menu (hotkey=Y order=10)
[2025-12-18 07:22:54.157] ServiceContainer: Registered 'SettingsScreen' (singleton=False)
[2025-12-18 07:22:54.159] MenuRegistry: Registered screen factory 'SettingsScreen' in container (viewMode=)
[2025-12-18 07:22:54.161] MenuRegistry: Registered 'Settings' in 'Options' menu (hotkey=S order=20)
[2025-12-18 07:22:54.163] [INFO] Menus loaded from /home/teej/ztest/module/Pmc.Strict/consoleui/screens/MenuItems.psd1
[2025-12-18 07:22:54.164] [INFO] Launching screen: TaskList
[2025-12-18 07:22:54.166] [INFO] Resolving TaskListScreen from container...
[2025-12-18 07:22:54.167] ServiceContainer: Resolving 'TaskListScreen'...
[2025-12-18 07:22:54.170] [INFO] Resolving TaskListScreen...
[2025-12-18 07:22:54.172] ServiceContainer: Resolving 'TaskStore'...
[2025-12-18 07:22:54.174] [INFO] Resolving TaskStore...
[2025-12-18 07:22:54.532] ServiceContainer: Resolved 'TaskStore' successfully
[2025-12-18 07:22:55.490] _PopulateMenusFromRegistry: Menu 'Projects' has 3 items from registry (array)
[2025-12-18 07:22:55.528] _PopulateMenusFromRegistry: Menu 'Help' has 1 items from registry (array)
[2025-12-18 07:22:55.535] _PopulateMenusFromRegistry: Menu 'Tools' has 4 items from registry (array)
[2025-12-18 07:22:55.539] _PopulateMenusFromRegistry: Menu 'Options' has 2 items from registry (array)
[2025-12-18 07:22:55.544] _PopulateMenusFromRegistry: Menu 'Time' has 3 items from registry (array)
[2025-12-18 07:22:55.552] _PopulateMenusFromRegistry: Menu 'Tasks' has 10 items from registry (array)
[2025-12-18 07:22:55.557] ServiceContainer: Resolved 'TaskListScreen' successfully
[2025-12-18 07:22:55.558] [INFO] Pushing screen to app...
[2025-12-18 07:22:56.108] [INFO] Screen pushed successfully
[2025-12-18 07:22:56.110] [INFO] Starting event loop...
[2025-12-18 07:23:06.629] [INFO] Event loop exited normally
[2025-12-18 07:23:06.631] [INFO] Cleanup - showing cursor and resetting terminal
