[2025-12-16 12:41:18.091] [INFO] Loading PMC module...
[2025-12-16 12:41:18.890] [INFO] PMC module loaded
[2025-12-16 12:41:18.892] [INFO] Loading dependencies (FieldSchemas, etc.)...
[2025-12-16 12:41:18.967] [INFO] Dependencies loaded
[2025-12-16 12:41:18.968] [INFO] Loading SpeedTUI framework...
[2025-12-16 12:41:19.160] [INFO] SpeedTUI framework loaded
[2025-12-16 12:41:19.161] [INFO] Loading PraxisVT...
[2025-12-16 12:41:19.162] [INFO] PraxisVT loaded
[2025-12-16 12:41:19.163] [INFO] Loading core dependencies...
[2025-12-16 12:41:19.185] [INFO] Core dependencies loaded
[2025-12-16 12:41:19.186] [INFO] Loading widget base classes...
[2025-12-16 12:41:19.221] [INFO] Widget base classes loaded
[2025-12-16 12:41:19.222] [INFO] Loading services...
[2025-12-16 12:41:19.291] [INFO] Services loaded
[2025-12-16 12:41:19.292] [INFO] Loading helpers...
[2025-12-16 12:41:19.968] [INFO] Helpers loaded
[2025-12-16 12:41:19.969] [INFO] Loading widgets...
[2025-12-16 12:41:20.212] [INFO] Widgets loaded
[2025-12-16 12:41:20.212] [INFO] Loading screen base class...
[2025-12-16 12:41:20.232] [INFO] Screen base class loaded
[2025-12-16 12:41:20.233] [INFO] Loading HelpViewScreen (needed by base classes)...
[2025-12-16 12:41:20.239] [INFO] HelpViewScreen loaded
[2025-12-16 12:41:20.240] [INFO] Loading base classes...
[2025-12-16 12:41:20.324] [INFO] Base classes loaded
[2025-12-16 12:41:20.325] [INFO] Loading ServiceContainer (needed by screens)...
[2025-12-16 12:41:20.331] [INFO] ServiceContainer loaded
[2025-12-16 12:41:20.332] [INFO] Loading remaining screens...
[2025-12-16 12:41:20.429] [INFO] Remaining screens loaded
[2025-12-16 12:41:20.430] [INFO] Loading PmcApplication...
[2025-12-16 12:41:20.439] [INFO] PmcApplication loaded
[2025-12-16 12:41:20.440] [INFO] All components loaded successfully
[2025-12-16 12:41:20.453] [INFO] Starting PMC TUI with screen: TaskList
[2025-12-16 12:41:20.459] [INFO] Cleared stale PmcSharedMenuBar and MenuRegistry singleton
[2025-12-16 12:41:20.461] [INFO] Creating ServiceContainer...
[2025-12-16 12:41:20.468] [INFO] ServiceContainer created
[2025-12-16 12:41:20.469] [INFO] Registering Theme service...
[2025-12-16 12:41:20.483] ServiceContainer: Registered 'Theme' (singleton=True)
[2025-12-16 12:41:20.486] [INFO] Registering ThemeManager...
[2025-12-16 12:41:20.486] ServiceContainer: Registered 'ThemeManager' (singleton=True)
[2025-12-16 12:41:20.487] [INFO] Registering Config service...
[2025-12-16 12:41:20.488] ServiceContainer: Registered 'Config' (singleton=True)
[2025-12-16 12:41:20.489] [INFO] Registering TaskStore service...
[2025-12-16 12:41:20.489] ServiceContainer: Registered 'TaskStore' (singleton=True)
[2025-12-16 12:41:20.490] [INFO] Registering MenuRegistry service...
[2025-12-16 12:41:20.491] ServiceContainer: Registered 'MenuRegistry' (singleton=True)
[2025-12-16 12:41:20.492] [INFO] Registering Application service...
[2025-12-16 12:41:20.492] ServiceContainer: Registered 'Application' (singleton=True)
[2025-12-16 12:41:20.493] [INFO] Registering CommandService...
[2025-12-16 12:41:20.494] ServiceContainer: Registered 'CommandService' (singleton=True)
[2025-12-16 12:41:20.494] [INFO] Registering ChecklistService...
[2025-12-16 12:41:20.499] ServiceContainer: Registered 'ChecklistService' (singleton=True)
[2025-12-16 12:41:20.500] [INFO] Registering NoteService...
[2025-12-16 12:41:20.501] ServiceContainer: Registered 'NoteService' (singleton=True)
[2025-12-16 12:41:20.502] [INFO] Registering ExcelMappingService...
[2025-12-16 12:41:20.503] ServiceContainer: Registered 'ExcelMappingService' (singleton=True)
[2025-12-16 12:41:20.503] [INFO] Registering PreferencesService...
[2025-12-16 12:41:20.504] ServiceContainer: Registered 'PreferencesService' (singleton=True)
[2025-12-16 12:41:20.505] [INFO] Registering screen factories...
[2025-12-16 12:41:20.505] ServiceContainer: Registered 'TaskListScreen' (singleton=False)
[2025-12-16 12:41:20.506] [INFO] Resolving Application from container...
[2025-12-16 12:41:20.518] ServiceContainer: Resolving 'Application'...
[2025-12-16 12:41:20.519] [INFO] Resolving Application...
[2025-12-16 12:41:20.520] ServiceContainer: Resolving 'Theme'...
[2025-12-16 12:41:20.526] [INFO] Resolving Theme: Calling Initialize-PmcThemeSystem...
[2025-12-16 12:41:20.536] [INFO] Theme resolved: #33aaff
[2025-12-16 12:41:20.537] [INFO] Loading PmcThemeEngine...
[2025-12-16 12:41:20.591] [INFO] LoadFromConfig: Loaded Properties with 16 items
[2025-12-16 12:41:20.604] [INFO] PmcThemeEngine initialized with PMC palette (14 colors)
[2025-12-16 12:41:20.607] ServiceContainer: Resolved 'Theme' successfully
[2025-12-16 12:41:20.816] ServiceContainer: Resolving 'ThemeManager'...
[2025-12-16 12:41:20.818] [INFO] Resolving ThemeManager...
[2025-12-16 12:41:20.845] ServiceContainer: Resolved 'ThemeManager' successfully
[2025-12-16 12:41:20.854] ServiceContainer: Resolved 'Application' successfully
[2025-12-16 12:41:20.855] [INFO] Application resolved and assigned to $global:PmcApp
[2025-12-16 12:41:20.855] [INFO] Loading menus from manifest...
[2025-12-16 12:41:20.856] ServiceContainer: Resolving 'MenuRegistry'...
[2025-12-16 12:41:20.858] [INFO] Resolving MenuRegistry...
[2025-12-16 12:41:20.866] ServiceContainer: Resolved 'MenuRegistry' successfully
[2025-12-16 12:41:20.880] MenuRegistry: Loaded manifest with 24 entries
[2025-12-16 12:41:20.903] ServiceContainer: Registered 'TaskListScreen_Agenda' (singleton=False)
[2025-12-16 12:41:20.903] MenuRegistry: Registered screen factory 'TaskListScreen_Agenda' in container (viewMode=agenda)
[2025-12-16 12:41:20.915] MenuRegistry: Registered 'Agenda View' in 'Tasks' menu (hotkey=A order=50)
[2025-12-16 12:41:20.917] ServiceContainer: Registered 'NotesMenuScreen' (singleton=False)
[2025-12-16 12:41:20.918] MenuRegistry: Registered screen factory 'NotesMenuScreen' in container (viewMode=)
[2025-12-16 12:41:20.920] MenuRegistry: Registered 'Notes' in 'Tools' menu (hotkey=N order=20)
[2025-12-16 12:41:20.922] ServiceContainer: Registered 'TaskListScreen_Upcoming' (singleton=False)
[2025-12-16 12:41:20.922] MenuRegistry: Registered screen factory 'TaskListScreen_Upcoming' in container (viewMode=upcoming)
[2025-12-16 12:41:20.924] MenuRegistry: Registered 'Upcoming' in 'Tasks' menu (hotkey=U order=25)
[2025-12-16 12:41:20.925] ServiceContainer: Registered 'ExcelImportScreen' (singleton=False)
[2025-12-16 12:41:20.926] MenuRegistry: Registered screen factory 'ExcelImportScreen' in container (viewMode=)
[2025-12-16 12:41:20.927] MenuRegistry: Registered 'Import from Excel' in 'Projects' menu (hotkey=I order=40)
[2025-12-16 12:41:20.928] ServiceContainer: Registered 'TaskListScreen_Overdue' (singleton=False)
[2025-12-16 12:41:20.929] MenuRegistry: Registered screen factory 'TaskListScreen_Overdue' in container (viewMode=overdue)
[2025-12-16 12:41:20.930] MenuRegistry: Registered 'Overdue' in 'Tasks' menu (hotkey=O order=30)
[2025-12-16 12:41:20.931] ServiceContainer: Registered 'TaskListScreen_Week' (singleton=False)
[2025-12-16 12:41:20.932] MenuRegistry: Registered screen factory 'TaskListScreen_Week' in container (viewMode=week)
[2025-12-16 12:41:20.933] MenuRegistry: Registered 'Week View' in 'Tasks' menu (hotkey=W order=20)
[2025-12-16 12:41:20.935] ServiceContainer: Registered 'TaskListScreen_NoDate' (singleton=False)
[2025-12-16 12:41:20.940] MenuRegistry: Registered screen factory 'TaskListScreen_NoDate' in container (viewMode=noduedate)
[2025-12-16 12:41:20.941] MenuRegistry: Registered 'No Due Date' in 'Tasks' menu (hotkey=D order=40)
[2025-12-16 12:41:20.942] ServiceContainer: Registered 'WeeklyTimeReportScreen' (singleton=False)
[2025-12-16 12:41:20.942] MenuRegistry: Registered screen factory 'WeeklyTimeReportScreen' in container (viewMode=)
[2025-12-16 12:41:20.943] MenuRegistry: Registered 'Weekly Report' in 'Time' menu (hotkey=W order=10)
[2025-12-16 12:41:20.944] ServiceContainer: Registered 'TimeReportScreen' (singleton=False)
[2025-12-16 12:41:20.945] MenuRegistry: Registered screen factory 'TimeReportScreen' in container (viewMode=)
[2025-12-16 12:41:20.946] MenuRegistry: Registered 'Time Report' in 'Time' menu (hotkey=R order=20)
[2025-12-16 12:41:20.947] ServiceContainer: Registered 'HelpViewScreen' (singleton=False)
[2025-12-16 12:41:20.948] MenuRegistry: Registered screen factory 'HelpViewScreen' in container (viewMode=)
[2025-12-16 12:41:20.949] MenuRegistry: Registered 'Help' in 'Help' menu (hotkey=H order=10)
[2025-12-16 12:41:20.950] ServiceContainer: Registered 'ChecklistsLauncherScreen' (singleton=False)
[2025-12-16 12:41:20.951] MenuRegistry: Registered screen factory 'ChecklistsLauncherScreen' in container (viewMode=)
[2025-12-16 12:41:20.951] MenuRegistry: Registered 'Checklists' in 'Tools' menu (hotkey=C order=25)
[2025-12-16 12:41:20.953] ServiceContainer: Registered 'KanbanScreenV2' (singleton=False)
[2025-12-16 12:41:20.953] MenuRegistry: Registered screen factory 'KanbanScreenV2' in container (viewMode=)
[2025-12-16 12:41:20.954] MenuRegistry: Registered 'Kanban Board' in 'Tasks' menu (hotkey=K order=55)
[2025-12-16 12:41:20.955] ServiceContainer: Registered 'CommandLibraryScreen' (singleton=False)
[2025-12-16 12:41:20.956] MenuRegistry: Registered screen factory 'CommandLibraryScreen' in container (viewMode=)
[2025-12-16 12:41:20.956] MenuRegistry: Registered 'Command Library' in 'Tools' menu (hotkey=L order=10)
[2025-12-16 12:41:20.958] ServiceContainer: Registered 'ThemeEditorScreen' (singleton=False)
[2025-12-16 12:41:20.958] MenuRegistry: Registered screen factory 'ThemeEditorScreen' in container (viewMode=)
[2025-12-16 12:41:20.959] MenuRegistry: Registered 'Theme Editor' in 'Options' menu (hotkey=T order=10)
[2025-12-16 12:41:20.960] ServiceContainer: Registered 'TaskListScreen_NextActions' (singleton=False)
[2025-12-16 12:41:20.961] MenuRegistry: Registered screen factory 'TaskListScreen_NextActions' in container (viewMode=nextactions)
[2025-12-16 12:41:20.962] MenuRegistry: Registered 'Next Actions' in 'Tasks' menu (hotkey=N order=35)
[2025-12-16 12:41:20.963] ServiceContainer: Registered 'TaskListScreen_Tomorrow' (singleton=False)
[2025-12-16 12:41:20.963] MenuRegistry: Registered screen factory 'TaskListScreen_Tomorrow' in container (viewMode=tomorrow)
[2025-12-16 12:41:20.964] MenuRegistry: Registered 'Tomorrow' in 'Tasks' menu (hotkey=T order=15)
[2025-12-16 12:41:20.965] ServiceContainer: Registered 'ProjectListScreen' (singleton=False)
[2025-12-16 12:41:20.966] MenuRegistry: Registered screen factory 'ProjectListScreen' in container (viewMode=)
[2025-12-16 12:41:20.967] MenuRegistry: Registered 'Project List' in 'Projects' menu (hotkey=L order=10)
[2025-12-16 12:41:20.968] ServiceContainer: Registered 'SettingsScreen' (singleton=False)
[2025-12-16 12:41:20.969] MenuRegistry: Registered screen factory 'SettingsScreen' in container (viewMode=)
[2025-12-16 12:41:20.970] MenuRegistry: Registered 'Settings' in 'Options' menu (hotkey=S order=20)
[2025-12-16 12:41:20.971] ServiceContainer: Registered 'ChecklistTemplatesFolderScreen' (singleton=False)
[2025-12-16 12:41:20.972] MenuRegistry: Registered screen factory 'ChecklistTemplatesFolderScreen' in container (viewMode=)
[2025-12-16 12:41:20.972] MenuRegistry: Registered 'Checklist Templates' in 'Tools' menu (hotkey=H order=30)
[2025-12-16 12:41:20.974] ServiceContainer: Registered 'TaskListScreen_Today' (singleton=False)
[2025-12-16 12:41:20.974] MenuRegistry: Registered screen factory 'TaskListScreen_Today' in container (viewMode=today)
[2025-12-16 12:41:20.977] MenuRegistry: Registered 'Today' in 'Tasks' menu (hotkey=Y order=10)
[2025-12-16 12:41:20.978] ServiceContainer: Registered 'ExcelProfileManagerScreen' (singleton=False)
[2025-12-16 12:41:20.979] MenuRegistry: Registered screen factory 'ExcelProfileManagerScreen' in container (viewMode=)
[2025-12-16 12:41:20.980] MenuRegistry: Registered 'Excel Profiles' in 'Projects' menu (hotkey=M order=50)
[2025-12-16 12:41:20.982] ServiceContainer: Registered 'TaskListScreen_Month' (singleton=False)
[2025-12-16 12:41:20.982] MenuRegistry: Registered screen factory 'TaskListScreen_Month' in container (viewMode=month)
[2025-12-16 12:41:20.983] MenuRegistry: Registered 'Month View' in 'Tasks' menu (hotkey=M order=45)
[2025-12-16 12:41:20.985] ServiceContainer: Registered 'TaskListScreen_Default' (singleton=False)
[2025-12-16 12:41:20.986] MenuRegistry: Registered screen factory 'TaskListScreen_Default' in container (viewMode=)
[2025-12-16 12:41:20.987] MenuRegistry: Registered 'Task List' in 'Tasks' menu (hotkey=L order=5)
[2025-12-16 12:41:20.988] ServiceContainer: Registered 'TimeListScreen' (singleton=False)
[2025-12-16 12:41:20.989] MenuRegistry: Registered screen factory 'TimeListScreen' in container (viewMode=)
[2025-12-16 12:41:20.990] MenuRegistry: Registered 'Time Tracking' in 'Time' menu (hotkey=T order=5)
[2025-12-16 12:41:20.991] [INFO] Menus loaded from /home/teej/ztest/module/Pmc.Strict/consoleui/screens/MenuItems.psd1
[2025-12-16 12:41:20.991] [INFO] Launching screen: TaskList
[2025-12-16 12:41:20.992] [INFO] Resolving TaskListScreen from container...
[2025-12-16 12:41:20.993] ServiceContainer: Resolving 'TaskListScreen'...
[2025-12-16 12:41:20.995] [INFO] Resolving TaskListScreen...
[2025-12-16 12:41:20.996] ServiceContainer: Resolving 'TaskStore'...
[2025-12-16 12:41:20.998] [INFO] Resolving TaskStore...
[2025-12-16 12:41:21.208] ServiceContainer: Resolved 'TaskStore' successfully
[2025-12-16 12:41:21.701] _PopulateMenusFromRegistry: Menu 'Help' has 1 items from registry (array)
[2025-12-16 12:41:21.715] _PopulateMenusFromRegistry: Menu 'Options' has 2 items from registry (array)
[2025-12-16 12:41:21.718] _PopulateMenusFromRegistry: Menu 'Projects' has 3 items from registry (array)
[2025-12-16 12:41:21.720] _PopulateMenusFromRegistry: Menu 'Time' has 3 items from registry (array)
[2025-12-16 12:41:21.722] _PopulateMenusFromRegistry: Menu 'Tools' has 4 items from registry (array)
[2025-12-16 12:41:21.727] _PopulateMenusFromRegistry: Menu 'Tasks' has 11 items from registry (array)
[2025-12-16 12:41:21.729] ServiceContainer: Resolved 'TaskListScreen' successfully
[2025-12-16 12:41:21.730] [INFO] Pushing screen to app...
[2025-12-16 12:41:22.236] [INFO] Screen pushed successfully
[2025-12-16 12:41:22.237] [INFO] Starting event loop...
[2025-12-16 12:41:26.144] [INFO] TaskListScreen.EditItem called - item.id=f6d455a4-9e14-46c4-ba1a-4563c83b3b39
[2025-12-16 12:41:26.252] [INFO] TaskListScreen.EditItem: Setting OnConfirmed callback for taskId=f6d455a4-9e14-46c4-ba1a-4563c83b3b39
[2025-12-16 12:41:48.950] ServiceContainer: Resolving 'ProjectListScreen'...
[2025-12-16 12:41:49.018] ServiceContainer: Resolved 'ProjectListScreen' successfully
[2025-12-16 12:41:50.929] ServiceContainer: Registered 'ProjectInfoScreenV4' (singleton=False)
[2025-12-16 12:41:50.930] ServiceContainer: Resolving 'ProjectInfoScreenV4'...
[2025-12-16 12:41:50.998] ServiceContainer: Resolved 'ProjectInfoScreenV4' successfully
[2025-12-16 12:42:13.634] ========== TabbedScreen.OnTabChanged: Switched to tab 1 'Request' ==========
[2025-12-16 12:42:13.657] TabbedScreen.OnTabChanged: Invalidated cache region Y=9-25 (no flicker)
[2025-12-16 12:42:14.449] ========== TabbedScreen.OnTabChanged: Switched to tab 2 'Audit' ==========
[2025-12-16 12:42:14.482] TabbedScreen.OnTabChanged: Invalidated cache region Y=9-25 (no flicker)
[2025-12-16 12:42:15.126] ========== TabbedScreen.OnTabChanged: Switched to tab 3 'Location' ==========
[2025-12-16 12:42:15.156] TabbedScreen.OnTabChanged: Invalidated cache region Y=9-25 (no flicker)
[2025-12-16 12:42:15.649] ========== TabbedScreen.OnTabChanged: Switched to tab 4 'Periods' ==========
[2025-12-16 12:42:15.680] TabbedScreen.OnTabChanged: Invalidated cache region Y=9-25 (no flicker)
[2025-12-16 12:42:16.373] ========== TabbedScreen.OnTabChanged: Switched to tab 5 'More' ==========
[2025-12-16 12:42:16.403] TabbedScreen.OnTabChanged: Invalidated cache region Y=9-25 (no flicker)
[2025-12-16 12:42:16.946] ========== TabbedScreen.OnTabChanged: Switched to tab 6 'Files' ==========
[2025-12-16 12:42:16.965] TabbedScreen.OnTabChanged: Invalidated cache region Y=9-25 (no flicker)
[2025-12-16 12:42:39.850] [INFO] ProjectInfoScreenV4._HandleFileAction: action=_action_folder_browse ProjectName='p1'
[2025-12-16 12:42:39.971] [ERROR] Widget render error: RenderContent render failed: Method invocation failed because [HybridRenderEngine] does not contain a method named 'GetTerminalSize'.
[2025-12-16 12:42:39.971] [ERROR] Stack: at RegisterLayout, /home/teej/ztest/module/Pmc.Strict/consoleui/widgets/PmcFilePicker.ps1: line 96
at RenderToEngine, /home/teej/ztest/module/Pmc.Strict/consoleui/widgets/PmcFilePicker.ps1: line 115
at RenderContentToEngine, /home/teej/ztest/module/Pmc.Strict/consoleui/screens/ProjectInfoScreenV4.ps1: line 616
at RenderToEngine, /home/teej/ztest/module/Pmc.Strict/consoleui/PmcScreen.ps1: line 381
at _RenderCurrentScreen, /home/teej/ztest/module/Pmc.Strict/consoleui/PmcApplication.ps1: line 239
at Run, /home/teej/ztest/module/Pmc.Strict/consoleui/PmcApplication.ps1: line 474
at Start-PmcTUI, /home/teej/ztest/module/Pmc.Strict/consoleui/Start-PmcTUI.ps1: line 582
at <ScriptBlock>, /home/teej/ztest/module/Pmc.Strict/consoleui/Start-PmcTUI.ps1: line 611
[2025-12-16 12:42:39.971] [ERROR] TargetObject: 
[2025-12-16 12:42:39.975] [ERROR] InvocationInfo:             $termSize = $engine.GetTerminalSize()

[2025-12-16 12:52:13.912] [INFO] Event loop exited normally
[2025-12-16 12:52:13.912] [INFO] Cleanup - showing cursor and resetting terminal
