[2025-12-16 10:45:44.701] [INFO] Loading PMC module...
[2025-12-16 10:45:46.048] [INFO] PMC module loaded
[2025-12-16 10:45:46.053] [INFO] Loading dependencies (FieldSchemas, etc.)...
[2025-12-16 10:45:46.171] [INFO] Dependencies loaded
[2025-12-16 10:45:46.173] [INFO] Loading SpeedTUI framework...
[2025-12-16 10:45:46.521] [INFO] SpeedTUI framework loaded
[2025-12-16 10:45:46.523] [INFO] Loading PraxisVT...
[2025-12-16 10:45:46.525] [INFO] PraxisVT loaded
[2025-12-16 10:45:46.527] [INFO] Loading core dependencies...
[2025-12-16 10:45:46.569] [INFO] Core dependencies loaded
[2025-12-16 10:45:46.571] [INFO] Loading widget base classes...
[2025-12-16 10:45:46.632] [INFO] Widget base classes loaded
[2025-12-16 10:45:46.634] [INFO] Loading services...
[2025-12-16 10:45:46.758] [INFO] Services loaded
[2025-12-16 10:45:46.760] [INFO] Loading helpers...
[2025-12-16 10:45:47.791] [INFO] Helpers loaded
[2025-12-16 10:45:47.793] [INFO] Loading widgets...
[2025-12-16 10:45:47.974] [ERROR] Failed to load widgets: At /home/teej/ztest/module/Pmc.Strict/consoleui/widgets/InlineEditor.ps1:1522 char:148
+ … fieldName' (type=$fieldType) - widget.Text='$($widget.Text if $widget …
+                                                              ~~
Unexpected token 'if' in expression or statement.

At /home/teej/ztest/module/Pmc.Strict/consoleui/widgets/InlineEditor.ps1:1522 char:150
+ … fieldName' (type=$fieldType) - widget.Text='$($widget.Text if $widget …
+                                                                ~
Missing '(' after 'if' in if statement.

At /home/teej/ztest/module/Pmc.Strict/consoleui/widgets/InlineEditor.ps1:1522 char:190
+ … $($widget.Text if $widget.GetType().Name -eq 'TextInput' else 'N/A')' …
+                                                            ~~~~
Unexpected token 'else' in expression or statement.
