[2025-12-17 07:44:59.548] [INFO] Loading PMC module...
[2025-12-17 07:45:00.308] [INFO] PMC module loaded
[2025-12-17 07:45:00.309] [INFO] Loading dependencies (FieldSchemas, etc.)...
[2025-12-17 07:45:00.378] [INFO] Dependencies loaded
[2025-12-17 07:45:00.379] [INFO] Loading SpeedTUI framework...
[2025-12-17 07:45:00.545] [INFO] SpeedTUI framework loaded
[2025-12-17 07:45:00.545] [INFO] Loading PraxisVT...
[2025-12-17 07:45:00.547] [INFO] PraxisVT loaded
[2025-12-17 07:45:00.547] [INFO] Loading core dependencies...
[2025-12-17 07:45:00.583] [INFO] Core dependencies loaded
[2025-12-17 07:45:00.584] [INFO] Loading widget base classes...
[2025-12-17 07:45:00.631] [INFO] Widget base classes loaded
[2025-12-17 07:45:00.632] [INFO] Loading services...
[2025-12-17 07:45:00.700] [INFO] Services loaded
[2025-12-17 07:45:00.714] [INFO] Loading helpers...
[2025-12-17 07:45:01.366] [INFO] Helpers loaded
[2025-12-17 07:45:01.367] [INFO] Loading widgets...
[2025-12-17 07:45:01.643] [INFO] Widgets loaded
[2025-12-17 07:45:01.644] [INFO] Loading screen base class...
[2025-12-17 07:45:01.655] [INFO] Screen base class loaded
[2025-12-17 07:45:01.656] [INFO] Loading HelpViewScreen (needed by base classes)...
[2025-12-17 07:45:01.662] [INFO] HelpViewScreen loaded
[2025-12-17 07:45:01.663] [INFO] Loading base classes...
[2025-12-17 07:45:01.705] [INFO] Base classes loaded
[2025-12-17 07:45:01.706] [INFO] Loading ServiceContainer (needed by screens)...
[2025-12-17 07:45:01.711] [INFO] ServiceContainer loaded
[2025-12-17 07:45:01.719] [INFO] Loading remaining screens...
[2025-12-17 07:45:01.786] [INFO] Remaining screens loaded
[2025-12-17 07:45:01.787] [INFO] Loading PmcApplication...
[2025-12-17 07:45:01.799] [INFO] PmcApplication loaded
[2025-12-17 07:45:01.800] [INFO] All components loaded successfully
[2025-12-17 07:45:01.816] [INFO] Starting PMC TUI with screen: TaskList
[2025-12-17 07:45:01.824] [INFO] Cleared stale PmcSharedMenuBar and MenuRegistry singleton
[2025-12-17 07:45:01.824] [INFO] Creating ServiceContainer...
[2025-12-17 07:45:01.835] [INFO] ServiceContainer created
[2025-12-17 07:45:01.836] [INFO] Registering Theme service...
[2025-12-17 07:45:01.853] ServiceContainer: Registered 'Theme' (singleton=True)
[2025-12-17 07:45:01.855] [INFO] Registering ThemeManager...
[2025-12-17 07:45:01.856] ServiceContainer: Registered 'ThemeManager' (singleton=True)
[2025-12-17 07:45:01.857] [INFO] Registering Config service...
[2025-12-17 07:45:01.857] ServiceContainer: Registered 'Config' (singleton=True)
[2025-12-17 07:45:01.858] [INFO] Registering TaskStore service...
[2025-12-17 07:45:01.859] ServiceContainer: Registered 'TaskStore' (singleton=True)
[2025-12-17 07:45:01.859] [INFO] Registering MenuRegistry service...
[2025-12-17 07:45:01.868] ServiceContainer: Registered 'MenuRegistry' (singleton=True)
[2025-12-17 07:45:01.869] [INFO] Registering Application service...
[2025-12-17 07:45:01.870] ServiceContainer: Registered 'Application' (singleton=True)
[2025-12-17 07:45:01.871] [INFO] Registering CommandService...
[2025-12-17 07:45:01.871] ServiceContainer: Registered 'CommandService' (singleton=True)
[2025-12-17 07:45:01.872] [INFO] Registering ChecklistService...
[2025-12-17 07:45:01.873] ServiceContainer: Registered 'ChecklistService' (singleton=True)
[2025-12-17 07:45:01.874] [INFO] Registering NoteService...
[2025-12-17 07:45:01.875] ServiceContainer: Registered 'NoteService' (singleton=True)
[2025-12-17 07:45:01.875] [INFO] Registering ExcelMappingService...
[2025-12-17 07:45:01.876] ServiceContainer: Registered 'ExcelMappingService' (singleton=True)
[2025-12-17 07:45:01.877] [INFO] Registering PreferencesService...
[2025-12-17 07:45:01.878] ServiceContainer: Registered 'PreferencesService' (singleton=True)
[2025-12-17 07:45:01.878] [INFO] Registering screen factories...
[2025-12-17 07:45:01.879] ServiceContainer: Registered 'TaskListScreen' (singleton=False)
[2025-12-17 07:45:01.880] [INFO] Resolving Application from container...
[2025-12-17 07:45:01.891] ServiceContainer: Resolving 'Application'...
[2025-12-17 07:45:01.893] [INFO] Resolving Application...
[2025-12-17 07:45:01.894] ServiceContainer: Resolving 'Theme'...
[2025-12-17 07:45:01.900] [INFO] Resolving Theme: Calling Initialize-PmcThemeSystem...
[2025-12-17 07:45:01.909] [INFO] Theme resolved: #33aaff
[2025-12-17 07:45:01.910] [INFO] Loading PmcThemeEngine...
[2025-12-17 07:45:01.971] [INFO] LoadFromConfig: Loaded Properties with 23 items
[2025-12-17 07:45:01.979] [INFO] PmcThemeEngine initialized with PMC palette (14 colors)
[2025-12-17 07:45:01.982] ServiceContainer: Resolved 'Theme' successfully
[2025-12-17 07:45:02.175] ServiceContainer: Resolving 'ThemeManager'...
[2025-12-17 07:45:02.176] [INFO] Resolving ThemeManager...
[2025-12-17 07:45:02.200] ServiceContainer: Resolved 'ThemeManager' successfully
[2025-12-17 07:45:02.208] ServiceContainer: Resolved 'Application' successfully
[2025-12-17 07:45:02.211] [INFO] Application resolved and assigned to $global:PmcApp
[2025-12-17 07:45:02.212] [INFO] Loading menus from manifest...
[2025-12-17 07:45:02.213] ServiceContainer: Resolving 'MenuRegistry'...
[2025-12-17 07:45:02.214] [INFO] Resolving MenuRegistry...
[2025-12-17 07:45:02.223] ServiceContainer: Resolved 'MenuRegistry' successfully
[2025-12-17 07:45:02.236] MenuRegistry: Loaded manifest with 24 entries
[2025-12-17 07:45:02.256] ServiceContainer: Registered 'HelpViewScreen' (singleton=False)
[2025-12-17 07:45:02.256] MenuRegistry: Registered screen factory 'HelpViewScreen' in container (viewMode=)
[2025-12-17 07:45:02.270] MenuRegistry: Registered 'Help' in 'Help' menu (hotkey=H order=10)
[2025-12-17 07:45:02.272] ServiceContainer: Registered 'ProjectListScreen' (singleton=False)
[2025-12-17 07:45:02.273] MenuRegistry: Registered screen factory 'ProjectListScreen' in container (viewMode=)
[2025-12-17 07:45:02.274] MenuRegistry: Registered 'Project List' in 'Projects' menu (hotkey=L order=10)
[2025-12-17 07:45:02.276] ServiceContainer: Registered 'TaskListScreen_Month' (singleton=False)
[2025-12-17 07:45:02.277] MenuRegistry: Registered screen factory 'TaskListScreen_Month' in container (viewMode=month)
[2025-12-17 07:45:02.279] MenuRegistry: Registered 'Month View' in 'Tasks' menu (hotkey=M order=45)
[2025-12-17 07:45:02.280] ServiceContainer: Registered 'ExcelImportScreen' (singleton=False)
[2025-12-17 07:45:02.281] MenuRegistry: Registered screen factory 'ExcelImportScreen' in container (viewMode=)
[2025-12-17 07:45:02.282] MenuRegistry: Registered 'Import from Excel' in 'Projects' menu (hotkey=I order=40)
[2025-12-17 07:45:02.283] ServiceContainer: Registered 'TaskListScreen_NoDate' (singleton=False)
[2025-12-17 07:45:02.284] MenuRegistry: Registered screen factory 'TaskListScreen_NoDate' in container (viewMode=noduedate)
[2025-12-17 07:45:02.285] MenuRegistry: Registered 'No Due Date' in 'Tasks' menu (hotkey=D order=40)
[2025-12-17 07:45:02.286] ServiceContainer: Registered 'TaskListScreen_NextActions' (singleton=False)
[2025-12-17 07:45:02.287] MenuRegistry: Registered screen factory 'TaskListScreen_NextActions' in container (viewMode=nextactions)
[2025-12-17 07:45:02.288] MenuRegistry: Registered 'Next Actions' in 'Tasks' menu (hotkey=N order=35)
[2025-12-17 07:45:02.289] ServiceContainer: Registered 'ExcelProfileManagerScreen' (singleton=False)
[2025-12-17 07:45:02.290] MenuRegistry: Registered screen factory 'ExcelProfileManagerScreen' in container (viewMode=)
[2025-12-17 07:45:02.291] MenuRegistry: Registered 'Excel Profiles' in 'Projects' menu (hotkey=M order=50)
[2025-12-17 07:45:02.292] ServiceContainer: Registered 'TaskListScreen_Today' (singleton=False)
[2025-12-17 07:45:02.293] MenuRegistry: Registered screen factory 'TaskListScreen_Today' in container (viewMode=today)
[2025-12-17 07:45:02.298] MenuRegistry: Registered 'Today' in 'Tasks' menu (hotkey=Y order=10)
[2025-12-17 07:45:02.300] ServiceContainer: Registered 'ThemeEditorScreen' (singleton=False)
[2025-12-17 07:45:02.301] MenuRegistry: Registered screen factory 'ThemeEditorScreen' in container (viewMode=)
[2025-12-17 07:45:02.302] MenuRegistry: Registered 'Theme Editor' in 'Options' menu (hotkey=T order=10)
[2025-12-17 07:45:02.303] ServiceContainer: Registered 'SettingsScreen' (singleton=False)
[2025-12-17 07:45:02.304] MenuRegistry: Registered screen factory 'SettingsScreen' in container (viewMode=)
[2025-12-17 07:45:02.305] MenuRegistry: Registered 'Settings' in 'Options' menu (hotkey=S order=20)
[2025-12-17 07:45:02.306] ServiceContainer: Registered 'TaskListScreen_Agenda' (singleton=False)
[2025-12-17 07:45:02.307] MenuRegistry: Registered screen factory 'TaskListScreen_Agenda' in container (viewMode=agenda)
[2025-12-17 07:45:02.307] MenuRegistry: Registered 'Agenda View' in 'Tasks' menu (hotkey=A order=50)
[2025-12-17 07:45:02.308] ServiceContainer: Registered 'TaskListScreen_Week' (singleton=False)
[2025-12-17 07:45:02.309] MenuRegistry: Registered screen factory 'TaskListScreen_Week' in container (viewMode=week)
[2025-12-17 07:45:02.310] MenuRegistry: Registered 'Week View' in 'Tasks' menu (hotkey=W order=20)
[2025-12-17 07:45:02.311] ServiceContainer: Registered 'NotesMenuScreen' (singleton=False)
[2025-12-17 07:45:02.311] MenuRegistry: Registered screen factory 'NotesMenuScreen' in container (viewMode=)
[2025-12-17 07:45:02.312] MenuRegistry: Registered 'Notes' in 'Tools' menu (hotkey=N order=20)
[2025-12-17 07:45:02.313] ServiceContainer: Registered 'WeeklyTimeReportScreen' (singleton=False)
[2025-12-17 07:45:02.314] MenuRegistry: Registered screen factory 'WeeklyTimeReportScreen' in container (viewMode=)
[2025-12-17 07:45:02.314] MenuRegistry: Registered 'Weekly Report' in 'Time' menu (hotkey=W order=10)
[2025-12-17 07:45:02.315] ServiceContainer: Registered 'TimeReportScreen' (singleton=False)
[2025-12-17 07:45:02.316] MenuRegistry: Registered screen factory 'TimeReportScreen' in container (viewMode=)
[2025-12-17 07:45:02.317] MenuRegistry: Registered 'Time Report' in 'Time' menu (hotkey=R order=20)
[2025-12-17 07:45:02.318] ServiceContainer: Registered 'TaskListScreen_Overdue' (singleton=False)
[2025-12-17 07:45:02.318] MenuRegistry: Registered screen factory 'TaskListScreen_Overdue' in container (viewMode=overdue)
[2025-12-17 07:45:02.319] MenuRegistry: Registered 'Overdue' in 'Tasks' menu (hotkey=O order=30)
[2025-12-17 07:45:02.320] ServiceContainer: Registered 'TaskListScreen_Tomorrow' (singleton=False)
[2025-12-17 07:45:02.321] MenuRegistry: Registered screen factory 'TaskListScreen_Tomorrow' in container (viewMode=tomorrow)
[2025-12-17 07:45:02.322] MenuRegistry: Registered 'Tomorrow' in 'Tasks' menu (hotkey=T order=15)
[2025-12-17 07:45:02.323] ServiceContainer: Registered 'KanbanScreenV2' (singleton=False)
[2025-12-17 07:45:02.323] MenuRegistry: Registered screen factory 'KanbanScreenV2' in container (viewMode=)
[2025-12-17 07:45:02.324] MenuRegistry: Registered 'Kanban Board' in 'Tasks' menu (hotkey=K order=55)
[2025-12-17 07:45:02.325] ServiceContainer: Registered 'ChecklistsLauncherScreen' (singleton=False)
[2025-12-17 07:45:02.326] MenuRegistry: Registered screen factory 'ChecklistsLauncherScreen' in container (viewMode=)
[2025-12-17 07:45:02.327] MenuRegistry: Registered 'Checklists' in 'Tools' menu (hotkey=C order=25)
[2025-12-17 07:45:02.328] ServiceContainer: Registered 'TimeListScreen' (singleton=False)
[2025-12-17 07:45:02.328] MenuRegistry: Registered screen factory 'TimeListScreen' in container (viewMode=)
[2025-12-17 07:45:02.329] MenuRegistry: Registered 'Time Tracking' in 'Time' menu (hotkey=T order=5)
[2025-12-17 07:45:02.330] ServiceContainer: Registered 'TaskListScreen_Upcoming' (singleton=False)
[2025-12-17 07:45:02.331] MenuRegistry: Registered screen factory 'TaskListScreen_Upcoming' in container (viewMode=upcoming)
[2025-12-17 07:45:02.332] MenuRegistry: Registered 'Upcoming' in 'Tasks' menu (hotkey=U order=25)
[2025-12-17 07:45:02.335] ServiceContainer: Registered 'TaskListScreen_Default' (singleton=False)
[2025-12-17 07:45:02.336] MenuRegistry: Registered screen factory 'TaskListScreen_Default' in container (viewMode=)
[2025-12-17 07:45:02.337] MenuRegistry: Registered 'Task List' in 'Tasks' menu (hotkey=L order=5)
[2025-12-17 07:45:02.338] ServiceContainer: Registered 'CommandLibraryScreen' (singleton=False)
[2025-12-17 07:45:02.339] MenuRegistry: Registered screen factory 'CommandLibraryScreen' in container (viewMode=)
[2025-12-17 07:45:02.340] MenuRegistry: Registered 'Command Library' in 'Tools' menu (hotkey=L order=10)
[2025-12-17 07:45:02.341] ServiceContainer: Registered 'ChecklistTemplatesFolderScreen' (singleton=False)
[2025-12-17 07:45:02.342] MenuRegistry: Registered screen factory 'ChecklistTemplatesFolderScreen' in container (viewMode=)
[2025-12-17 07:45:02.342] MenuRegistry: Registered 'Checklist Templates' in 'Tools' menu (hotkey=H order=30)
[2025-12-17 07:45:02.343] [INFO] Menus loaded from /home/teej/ztest/module/Pmc.Strict/consoleui/screens/MenuItems.psd1
[2025-12-17 07:45:02.344] [INFO] Launching screen: TaskList
[2025-12-17 07:45:02.345] [INFO] Resolving TaskListScreen from container...
[2025-12-17 07:45:02.346] ServiceContainer: Resolving 'TaskListScreen'...
[2025-12-17 07:45:02.347] [INFO] Resolving TaskListScreen...
[2025-12-17 07:45:02.348] ServiceContainer: Resolving 'TaskStore'...
[2025-12-17 07:45:02.350] [INFO] Resolving TaskStore...
[2025-12-17 07:45:02.542] ServiceContainer: Resolved 'TaskStore' successfully
[2025-12-17 07:45:02.995] _PopulateMenusFromRegistry: Menu 'Help' has 1 items from registry (array)
[2025-12-17 07:45:03.009] _PopulateMenusFromRegistry: Menu 'Tasks' has 11 items from registry (array)
[2025-12-17 07:45:03.013] _PopulateMenusFromRegistry: Menu 'Tools' has 4 items from registry (array)
[2025-12-17 07:45:03.015] _PopulateMenusFromRegistry: Menu 'Projects' has 3 items from registry (array)
[2025-12-17 07:45:03.017] _PopulateMenusFromRegistry: Menu 'Options' has 2 items from registry (array)
[2025-12-17 07:45:03.019] _PopulateMenusFromRegistry: Menu 'Time' has 3 items from registry (array)
[2025-12-17 07:45:03.021] ServiceContainer: Resolved 'TaskListScreen' successfully
[2025-12-17 07:45:03.022] [INFO] Pushing screen to app...
[2025-12-17 07:45:03.485] [INFO] Screen pushed successfully
[2025-12-17 07:45:03.486] [INFO] Starting event loop...
[2025-12-17 07:45:06.760] [INFO] TaskListScreen.EditItem called - item.id=f6d455a4-9e14-46c4-ba1a-4563c83b3b39
[2025-12-17 07:45:06.865] [INFO] TaskListScreen.EditItem: Setting OnConfirmed callback for taskId=f6d455a4-9e14-46c4-ba1a-4563c83b3b39
[2025-12-17 07:45:12.281] [INFO] Event loop exited normally
[2025-12-17 07:45:12.282] [INFO] Cleanup - showing cursor and resetting terminal
