[2025-12-16 13:09:09.025] [INFO] Loading PMC module...
[2025-12-16 13:09:09.788] [INFO] PMC module loaded
[2025-12-16 13:09:09.789] [INFO] Loading dependencies (FieldSchemas, etc.)...
[2025-12-16 13:09:09.893] [INFO] Dependencies loaded
[2025-12-16 13:09:09.894] [INFO] Loading SpeedTUI framework...
[2025-12-16 13:09:10.115] [INFO] SpeedTUI framework loaded
[2025-12-16 13:09:10.116] [INFO] Loading PraxisVT...
[2025-12-16 13:09:10.117] [INFO] PraxisVT loaded
[2025-12-16 13:09:10.118] [INFO] Loading core dependencies...
[2025-12-16 13:09:10.149] [INFO] Core dependencies loaded
[2025-12-16 13:09:10.150] [INFO] Loading widget base classes...
[2025-12-16 13:09:10.172] [INFO] Widget base classes loaded
[2025-12-16 13:09:10.173] [INFO] Loading services...
[2025-12-16 13:09:10.270] [INFO] Services loaded
[2025-12-16 13:09:10.272] [INFO] Loading helpers...
[2025-12-16 13:09:10.704] [INFO] Helpers loaded
[2025-12-16 13:09:10.705] [INFO] Loading widgets...
[2025-12-16 13:09:10.925] [INFO] Widgets loaded
[2025-12-16 13:09:10.926] [INFO] Loading screen base class...
[2025-12-16 13:09:10.936] [INFO] Screen base class loaded
[2025-12-16 13:09:10.937] [INFO] Loading HelpViewScreen (needed by base classes)...
[2025-12-16 13:09:10.942] [INFO] HelpViewScreen loaded
[2025-12-16 13:09:10.943] [INFO] Loading base classes...
[2025-12-16 13:09:10.981] [INFO] Base classes loaded
[2025-12-16 13:09:10.982] [INFO] Loading ServiceContainer (needed by screens)...
[2025-12-16 13:09:10.986] [INFO] ServiceContainer loaded
[2025-12-16 13:09:10.986] [INFO] Loading remaining screens...
[2025-12-16 13:09:11.115] [INFO] Remaining screens loaded
[2025-12-16 13:09:11.117] [INFO] Loading PmcApplication...
[2025-12-16 13:09:11.134] [INFO] PmcApplication loaded
[2025-12-16 13:09:11.135] [INFO] All components loaded successfully
