[2025-12-16 13:58:11.676] [INFO] Loading PMC module...
[2025-12-16 13:58:13.241] [INFO] PMC module loaded
[2025-12-16 13:58:13.245] [INFO] Loading dependencies (FieldSchemas, etc.)...
[2025-12-16 13:58:13.387] [INFO] Dependencies loaded
[2025-12-16 13:58:13.389] [INFO] Loading SpeedTUI framework...
[2025-12-16 13:58:13.780] [INFO] SpeedTUI framework loaded
[2025-12-16 13:58:13.782] [INFO] Loading PraxisVT...
[2025-12-16 13:58:13.785] [INFO] PraxisVT loaded
[2025-12-16 13:58:13.788] [INFO] Loading core dependencies...
[2025-12-16 13:58:13.859] [INFO] Core dependencies loaded
[2025-12-16 13:58:13.861] [INFO] Loading widget base classes...
[2025-12-16 13:58:13.916] [INFO] Widget base classes loaded
[2025-12-16 13:58:13.919] [INFO] Loading services...
[2025-12-16 13:58:14.109] [INFO] Services loaded
[2025-12-16 13:58:14.115] [INFO] Loading helpers...
[2025-12-16 13:58:15.356] [INFO] Helpers loaded
[2025-12-16 13:58:15.359] [INFO] Loading widgets...
[2025-12-16 13:58:15.847] [INFO] Widgets loaded
[2025-12-16 13:58:15.849] [INFO] Loading screen base class...
[2025-12-16 13:58:15.866] [INFO] Screen base class loaded
[2025-12-16 13:58:15.868] [INFO] Loading HelpViewScreen (needed by base classes)...
[2025-12-16 13:58:15.877] [INFO] HelpViewScreen loaded
[2025-12-16 13:58:15.879] [INFO] Loading base classes...
[2025-12-16 13:58:15.972] [INFO] Base classes loaded
[2025-12-16 13:58:15.974] [INFO] Loading ServiceContainer (needed by screens)...
[2025-12-16 13:58:15.981] [INFO] ServiceContainer loaded
[2025-12-16 13:58:15.983] [INFO] Loading remaining screens...
[2025-12-16 13:58:16.102] [INFO] Remaining screens loaded
[2025-12-16 13:58:16.104] [INFO] Loading PmcApplication...
[2025-12-16 13:58:16.127] [INFO] PmcApplication loaded
[2025-12-16 13:58:16.129] [INFO] All components loaded successfully
