[2025-12-16 12:20:05.647] [INFO] Loading PMC module...
[2025-12-16 12:20:06.379] [INFO] PMC module loaded
[2025-12-16 12:20:06.381] [INFO] Loading dependencies (FieldSchemas, etc.)...
[2025-12-16 12:20:06.460] [INFO] Dependencies loaded
[2025-12-16 12:20:06.461] [INFO] Loading SpeedTUI framework...
[2025-12-16 12:20:06.636] [INFO] SpeedTUI framework loaded
[2025-12-16 12:20:06.637] [INFO] Loading PraxisVT...
[2025-12-16 12:20:06.638] [INFO] PraxisVT loaded
[2025-12-16 12:20:06.639] [INFO] Loading core dependencies...
[2025-12-16 12:20:06.678] [INFO] Core dependencies loaded
[2025-12-16 12:20:06.679] [INFO] Loading widget base classes...
[2025-12-16 12:20:06.726] [INFO] Widget base classes loaded
[2025-12-16 12:20:06.727] [INFO] Loading services...
[2025-12-16 12:20:06.795] [INFO] Services loaded
[2025-12-16 12:20:06.804] [INFO] Loading helpers...
[2025-12-16 12:20:07.167] [INFO] Helpers loaded
[2025-12-16 12:20:07.168] [INFO] Loading widgets...
[2025-12-16 12:20:07.365] [INFO] Widgets loaded
[2025-12-16 12:20:07.366] [INFO] Loading screen base class...
[2025-12-16 12:20:07.374] [INFO] Screen base class loaded
[2025-12-16 12:20:07.375] [INFO] Loading HelpViewScreen (needed by base classes)...
[2025-12-16 12:20:07.379] [INFO] HelpViewScreen loaded
[2025-12-16 12:20:07.380] [INFO] Loading base classes...
[2025-12-16 12:20:07.479] [INFO] Base classes loaded
[2025-12-16 12:20:07.480] [INFO] Loading ServiceContainer (needed by screens)...
[2025-12-16 12:20:07.489] [INFO] ServiceContainer loaded
[2025-12-16 12:20:07.491] [INFO] Loading remaining screens...
[2025-12-16 12:20:07.592] [INFO] Remaining screens loaded
[2025-12-16 12:20:07.592] [INFO] Loading PmcApplication...
[2025-12-16 12:20:07.604] [INFO] PmcApplication loaded
[2025-12-16 12:20:07.605] [INFO] All components loaded successfully
[2025-12-16 12:20:07.618] [INFO] Starting PMC TUI with screen: TaskList
[2025-12-16 12:20:07.624] [INFO] Cleared stale PmcSharedMenuBar and MenuRegistry singleton
[2025-12-16 12:20:07.625] [INFO] Creating ServiceContainer...
[2025-12-16 12:20:07.636] [INFO] ServiceContainer created
[2025-12-16 12:20:07.638] [INFO] Registering Theme service...
[2025-12-16 12:20:07.653] ServiceContainer: Registered 'Theme' (singleton=True)
[2025-12-16 12:20:07.655] [INFO] Registering ThemeManager...
[2025-12-16 12:20:07.656] ServiceContainer: Registered 'ThemeManager' (singleton=True)
[2025-12-16 12:20:07.657] [INFO] Registering Config service...
[2025-12-16 12:20:07.658] ServiceContainer: Registered 'Config' (singleton=True)
[2025-12-16 12:20:07.659] [INFO] Registering TaskStore service...
[2025-12-16 12:20:07.660] ServiceContainer: Registered 'TaskStore' (singleton=True)
[2025-12-16 12:20:07.660] [INFO] Registering MenuRegistry service...
[2025-12-16 12:20:07.661] ServiceContainer: Registered 'MenuRegistry' (singleton=True)
[2025-12-16 12:20:07.662] [INFO] Registering Application service...
[2025-12-16 12:20:07.662] ServiceContainer: Registered 'Application' (singleton=True)
[2025-12-16 12:20:07.663] [INFO] Registering CommandService...
[2025-12-16 12:20:07.668] ServiceContainer: Registered 'CommandService' (singleton=True)
[2025-12-16 12:20:07.669] [INFO] Registering ChecklistService...
[2025-12-16 12:20:07.669] ServiceContainer: Registered 'ChecklistService' (singleton=True)
[2025-12-16 12:20:07.670] [INFO] Registering NoteService...
[2025-12-16 12:20:07.671] ServiceContainer: Registered 'NoteService' (singleton=True)
[2025-12-16 12:20:07.672] [INFO] Registering ExcelMappingService...
[2025-12-16 12:20:07.673] ServiceContainer: Registered 'ExcelMappingService' (singleton=True)
[2025-12-16 12:20:07.673] [INFO] Registering PreferencesService...
[2025-12-16 12:20:07.674] ServiceContainer: Registered 'PreferencesService' (singleton=True)
[2025-12-16 12:20:07.675] [INFO] Registering screen factories...
[2025-12-16 12:20:07.676] ServiceContainer: Registered 'TaskListScreen' (singleton=False)
[2025-12-16 12:20:07.676] [INFO] Resolving Application from container...
[2025-12-16 12:20:07.689] ServiceContainer: Resolving 'Application'...
[2025-12-16 12:20:07.690] [INFO] Resolving Application...
[2025-12-16 12:20:07.691] ServiceContainer: Resolving 'Theme'...
[2025-12-16 12:20:07.697] [INFO] Resolving Theme: Calling Initialize-PmcThemeSystem...
[2025-12-16 12:20:07.707] [INFO] Theme resolved: #33aaff
[2025-12-16 12:20:07.708] [INFO] Loading PmcThemeEngine...
[2025-12-16 12:20:07.768] [INFO] LoadFromConfig: Loaded Properties with 16 items
[2025-12-16 12:20:07.776] [INFO] PmcThemeEngine initialized with PMC palette (14 colors)
[2025-12-16 12:20:07.778] ServiceContainer: Resolved 'Theme' successfully
[2025-12-16 12:20:07.995] ServiceContainer: Resolving 'ThemeManager'...
[2025-12-16 12:20:07.996] [INFO] Resolving ThemeManager...
[2025-12-16 12:20:08.025] ServiceContainer: Resolved 'ThemeManager' successfully
[2025-12-16 12:20:08.034] ServiceContainer: Resolved 'Application' successfully
[2025-12-16 12:20:08.035] [INFO] Application resolved and assigned to $global:PmcApp
[2025-12-16 12:20:08.036] [INFO] Loading menus from manifest...
[2025-12-16 12:20:08.037] ServiceContainer: Resolving 'MenuRegistry'...
[2025-12-16 12:20:08.038] [INFO] Resolving MenuRegistry...
[2025-12-16 12:20:08.047] ServiceContainer: Resolved 'MenuRegistry' successfully
[2025-12-16 12:20:08.061] MenuRegistry: Loaded manifest with 24 entries
[2025-12-16 12:20:08.083] ServiceContainer: Registered 'TaskListScreen_Upcoming' (singleton=False)
[2025-12-16 12:20:08.084] MenuRegistry: Registered screen factory 'TaskListScreen_Upcoming' in container (viewMode=upcoming)
[2025-12-16 12:20:08.096] MenuRegistry: Registered 'Upcoming' in 'Tasks' menu (hotkey=U order=25)
[2025-12-16 12:20:08.098] ServiceContainer: Registered 'TaskListScreen_Tomorrow' (singleton=False)
[2025-12-16 12:20:08.098] MenuRegistry: Registered screen factory 'TaskListScreen_Tomorrow' in container (viewMode=tomorrow)
[2025-12-16 12:20:08.099] MenuRegistry: Registered 'Tomorrow' in 'Tasks' menu (hotkey=T order=15)
[2025-12-16 12:20:08.101] ServiceContainer: Registered 'ExcelImportScreen' (singleton=False)
[2025-12-16 12:20:08.101] MenuRegistry: Registered screen factory 'ExcelImportScreen' in container (viewMode=)
[2025-12-16 12:20:08.103] MenuRegistry: Registered 'Import from Excel' in 'Projects' menu (hotkey=I order=40)
[2025-12-16 12:20:08.104] ServiceContainer: Registered 'TimeListScreen' (singleton=False)
[2025-12-16 12:20:08.105] MenuRegistry: Registered screen factory 'TimeListScreen' in container (viewMode=)
[2025-12-16 12:20:08.106] MenuRegistry: Registered 'Time Tracking' in 'Time' menu (hotkey=T order=5)
[2025-12-16 12:20:08.107] ServiceContainer: Registered 'SettingsScreen' (singleton=False)
[2025-12-16 12:20:08.107] MenuRegistry: Registered screen factory 'SettingsScreen' in container (viewMode=)
[2025-12-16 12:20:08.108] MenuRegistry: Registered 'Settings' in 'Options' menu (hotkey=S order=20)
[2025-12-16 12:20:08.110] ServiceContainer: Registered 'TaskListScreen_NoDate' (singleton=False)
[2025-12-16 12:20:08.110] MenuRegistry: Registered screen factory 'TaskListScreen_NoDate' in container (viewMode=noduedate)
[2025-12-16 12:20:08.111] MenuRegistry: Registered 'No Due Date' in 'Tasks' menu (hotkey=D order=40)
[2025-12-16 12:20:08.116] ServiceContainer: Registered 'KanbanScreenV2' (singleton=False)
[2025-12-16 12:20:08.117] MenuRegistry: Registered screen factory 'KanbanScreenV2' in container (viewMode=)
[2025-12-16 12:20:08.118] MenuRegistry: Registered 'Kanban Board' in 'Tasks' menu (hotkey=K order=55)
[2025-12-16 12:20:08.120] ServiceContainer: Registered 'TimeReportScreen' (singleton=False)
[2025-12-16 12:20:08.120] MenuRegistry: Registered screen factory 'TimeReportScreen' in container (viewMode=)
[2025-12-16 12:20:08.121] MenuRegistry: Registered 'Time Report' in 'Time' menu (hotkey=R order=20)
[2025-12-16 12:20:08.123] ServiceContainer: Registered 'ChecklistTemplatesFolderScreen' (singleton=False)
[2025-12-16 12:20:08.123] MenuRegistry: Registered screen factory 'ChecklistTemplatesFolderScreen' in container (viewMode=)
[2025-12-16 12:20:08.124] MenuRegistry: Registered 'Checklist Templates' in 'Tools' menu (hotkey=H order=30)
[2025-12-16 12:20:08.125] ServiceContainer: Registered 'ChecklistsLauncherScreen' (singleton=False)
[2025-12-16 12:20:08.126] MenuRegistry: Registered screen factory 'ChecklistsLauncherScreen' in container (viewMode=)
[2025-12-16 12:20:08.127] MenuRegistry: Registered 'Checklists' in 'Tools' menu (hotkey=C order=25)
[2025-12-16 12:20:08.128] ServiceContainer: Registered 'WeeklyTimeReportScreen' (singleton=False)
[2025-12-16 12:20:08.129] MenuRegistry: Registered screen factory 'WeeklyTimeReportScreen' in container (viewMode=)
[2025-12-16 12:20:08.130] MenuRegistry: Registered 'Weekly Report' in 'Time' menu (hotkey=W order=10)
[2025-12-16 12:20:08.131] ServiceContainer: Registered 'HelpViewScreen' (singleton=False)
[2025-12-16 12:20:08.131] MenuRegistry: Registered screen factory 'HelpViewScreen' in container (viewMode=)
[2025-12-16 12:20:08.132] MenuRegistry: Registered 'Help' in 'Help' menu (hotkey=H order=10)
[2025-12-16 12:20:08.134] ServiceContainer: Registered 'TaskListScreen_Default' (singleton=False)
[2025-12-16 12:20:08.134] MenuRegistry: Registered screen factory 'TaskListScreen_Default' in container (viewMode=)
[2025-12-16 12:20:08.135] MenuRegistry: Registered 'Task List' in 'Tasks' menu (hotkey=L order=5)
[2025-12-16 12:20:08.136] ServiceContainer: Registered 'TaskListScreen_Today' (singleton=False)
[2025-12-16 12:20:08.137] MenuRegistry: Registered screen factory 'TaskListScreen_Today' in container (viewMode=today)
[2025-12-16 12:20:08.138] MenuRegistry: Registered 'Today' in 'Tasks' menu (hotkey=Y order=10)
[2025-12-16 12:20:08.139] ServiceContainer: Registered 'TaskListScreen_NextActions' (singleton=False)
[2025-12-16 12:20:08.140] MenuRegistry: Registered screen factory 'TaskListScreen_NextActions' in container (viewMode=nextactions)
[2025-12-16 12:20:08.141] MenuRegistry: Registered 'Next Actions' in 'Tasks' menu (hotkey=N order=35)
[2025-12-16 12:20:08.142] ServiceContainer: Registered 'CommandLibraryScreen' (singleton=False)
[2025-12-16 12:20:08.143] MenuRegistry: Registered screen factory 'CommandLibraryScreen' in container (viewMode=)
[2025-12-16 12:20:08.143] MenuRegistry: Registered 'Command Library' in 'Tools' menu (hotkey=L order=10)
[2025-12-16 12:20:08.144] ServiceContainer: Registered 'ProjectListScreen' (singleton=False)
[2025-12-16 12:20:08.145] MenuRegistry: Registered screen factory 'ProjectListScreen' in container (viewMode=)
[2025-12-16 12:20:08.146] MenuRegistry: Registered 'Project List' in 'Projects' menu (hotkey=L order=10)
[2025-12-16 12:20:08.147] ServiceContainer: Registered 'ExcelProfileManagerScreen' (singleton=False)
[2025-12-16 12:20:08.148] MenuRegistry: Registered screen factory 'ExcelProfileManagerScreen' in container (viewMode=)
[2025-12-16 12:20:08.149] MenuRegistry: Registered 'Excel Profiles' in 'Projects' menu (hotkey=M order=50)
[2025-12-16 12:20:08.150] ServiceContainer: Registered 'TaskListScreen_Week' (singleton=False)
[2025-12-16 12:20:08.151] MenuRegistry: Registered screen factory 'TaskListScreen_Week' in container (viewMode=week)
[2025-12-16 12:20:08.152] MenuRegistry: Registered 'Week View' in 'Tasks' menu (hotkey=W order=20)
[2025-12-16 12:20:08.153] ServiceContainer: Registered 'ThemeEditorScreen' (singleton=False)
[2025-12-16 12:20:08.157] MenuRegistry: Registered screen factory 'ThemeEditorScreen' in container (viewMode=)
[2025-12-16 12:20:08.158] MenuRegistry: Registered 'Theme Editor' in 'Options' menu (hotkey=T order=10)
[2025-12-16 12:20:08.159] ServiceContainer: Registered 'TaskListScreen_Overdue' (singleton=False)
[2025-12-16 12:20:08.160] MenuRegistry: Registered screen factory 'TaskListScreen_Overdue' in container (viewMode=overdue)
[2025-12-16 12:20:08.161] MenuRegistry: Registered 'Overdue' in 'Tasks' menu (hotkey=O order=30)
[2025-12-16 12:20:08.164] ServiceContainer: Registered 'TaskListScreen_Agenda' (singleton=False)
[2025-12-16 12:20:08.165] MenuRegistry: Registered screen factory 'TaskListScreen_Agenda' in container (viewMode=agenda)
[2025-12-16 12:20:08.166] MenuRegistry: Registered 'Agenda View' in 'Tasks' menu (hotkey=A order=50)
[2025-12-16 12:20:08.169] ServiceContainer: Registered 'NotesMenuScreen' (singleton=False)
[2025-12-16 12:20:08.170] MenuRegistry: Registered screen factory 'NotesMenuScreen' in container (viewMode=)
[2025-12-16 12:20:08.171] MenuRegistry: Registered 'Notes' in 'Tools' menu (hotkey=N order=20)
[2025-12-16 12:20:08.173] ServiceContainer: Registered 'TaskListScreen_Month' (singleton=False)
[2025-12-16 12:20:08.173] MenuRegistry: Registered screen factory 'TaskListScreen_Month' in container (viewMode=month)
[2025-12-16 12:20:08.175] MenuRegistry: Registered 'Month View' in 'Tasks' menu (hotkey=M order=45)
[2025-12-16 12:20:08.176] [INFO] Menus loaded from /home/teej/ztest/module/Pmc.Strict/consoleui/screens/MenuItems.psd1
[2025-12-16 12:20:08.177] [INFO] Launching screen: TaskList
[2025-12-16 12:20:08.178] [INFO] Resolving TaskListScreen from container...
[2025-12-16 12:20:08.178] ServiceContainer: Resolving 'TaskListScreen'...
[2025-12-16 12:20:08.180] [INFO] Resolving TaskListScreen...
[2025-12-16 12:20:08.181] ServiceContainer: Resolving 'TaskStore'...
[2025-12-16 12:20:08.183] [INFO] Resolving TaskStore...
[2025-12-16 12:20:08.378] ServiceContainer: Resolved 'TaskStore' successfully
[2025-12-16 12:20:08.876] _PopulateMenusFromRegistry: Menu 'Tools' has 4 items from registry (array)
[2025-12-16 12:20:08.895] _PopulateMenusFromRegistry: Menu 'Tasks' has 11 items from registry (array)
[2025-12-16 12:20:08.906] _PopulateMenusFromRegistry: Menu 'Help' has 1 items from registry (array)
[2025-12-16 12:20:08.908] _PopulateMenusFromRegistry: Menu 'Options' has 2 items from registry (array)
[2025-12-16 12:20:08.911] _PopulateMenusFromRegistry: Menu 'Time' has 3 items from registry (array)
[2025-12-16 12:20:08.913] _PopulateMenusFromRegistry: Menu 'Projects' has 3 items from registry (array)
[2025-12-16 12:20:08.915] ServiceContainer: Resolved 'TaskListScreen' successfully
[2025-12-16 12:20:08.916] [INFO] Pushing screen to app...
[2025-12-16 12:20:09.422] [INFO] Screen pushed successfully
[2025-12-16 12:20:09.423] [INFO] Starting event loop...
[2025-12-16 12:20:11.632] [INFO] TaskListScreen.EditItem called - item.id=f6d455a4-9e14-46c4-ba1a-4563c83b3b39
[2025-12-16 12:20:11.744] [INFO] TaskListScreen.EditItem: Setting OnConfirmed callback for taskId=f6d455a4-9e14-46c4-ba1a-4563c83b3b39
[2025-12-16 12:20:26.038] ServiceContainer: Resolving 'ProjectListScreen'...
[2025-12-16 12:20:26.108] ServiceContainer: Resolved 'ProjectListScreen' successfully
[2025-12-16 12:20:34.601] [INFO] TaskStore.SaveData: START - tasks=2 projects=1 timelogs=4
[2025-12-16 12:20:34.625] [INFO] _CreatePersistentBackup: Created backup at /home/teej/ztest/tasks.json.backup.20251216-122034
[2025-12-16 12:20:34.645] [INFO] TaskStore.SaveData: Data structure built - tasks=2 projects=1 timelogs=4
[2025-12-16 12:20:34.653] [INFO] TaskStore.SaveData: Calling Save-PmcData
[2025-12-16 12:20:34.755] [INFO] TaskStore.SaveData: Save-PmcData completed successfully
[2025-12-16 12:20:34.792] [INFO] TaskStore.SaveData: SUCCESS - Data saved and verified
[2025-12-16 12:20:38.127] ServiceContainer: Registered 'ProjectInfoScreenV4' (singleton=False)
[2025-12-16 12:20:38.128] ServiceContainer: Resolving 'ProjectInfoScreenV4'...
[2025-12-16 12:20:38.210] ServiceContainer: Resolved 'ProjectInfoScreenV4' successfully
[2025-12-16 12:20:49.339] ========== TabbedScreen.OnTabChanged: Switched to tab 1 'Request' ==========
[2025-12-16 12:20:49.361] TabbedScreen.OnTabChanged: Invalidated cache region Y=9-25 (no flicker)
[2025-12-16 12:20:51.256] ========== TabbedScreen.OnTabChanged: Switched to tab 2 'Audit' ==========
[2025-12-16 12:20:51.290] TabbedScreen.OnTabChanged: Invalidated cache region Y=9-25 (no flicker)
[2025-12-16 12:20:51.954] ========== TabbedScreen.OnTabChanged: Switched to tab 3 'Location' ==========
[2025-12-16 12:20:51.984] TabbedScreen.OnTabChanged: Invalidated cache region Y=9-25 (no flicker)
[2025-12-16 12:20:52.472] ========== TabbedScreen.OnTabChanged: Switched to tab 4 'Periods' ==========
[2025-12-16 12:20:52.508] TabbedScreen.OnTabChanged: Invalidated cache region Y=9-25 (no flicker)
[2025-12-16 12:20:53.547] ========== TabbedScreen.OnTabChanged: Switched to tab 5 'More' ==========
[2025-12-16 12:20:53.583] TabbedScreen.OnTabChanged: Invalidated cache region Y=9-25 (no flicker)
[2025-12-16 12:20:55.526] ========== TabbedScreen.OnTabChanged: Switched to tab 6 'Files' ==========
[2025-12-16 12:20:55.560] TabbedScreen.OnTabChanged: Invalidated cache region Y=9-25 (no flicker)
[2025-12-16 12:21:01.770] [INFO] ProjectInfoScreenV4._HandleFileAction: action=_action_t2020_browse ProjectName='p1'
[2025-12-16 12:21:01.817] PmcFilePicker._LoadItems: CurrentPath='/home/teej'
[2025-12-16 12:21:01.831] PmcFilePicker: Found 20 directories
[2025-12-16 12:21:01.840] PmcFilePicker: Total items loaded: 36
[2025-12-16 12:21:04.516] PmcFilePicker.HandleInput: Key=DownArrow SelectedIndex=0 ItemCount=36
[2025-12-16 12:21:05.021] PmcFilePicker.HandleInput: Key=DownArrow SelectedIndex=1 ItemCount=36
[2025-12-16 12:21:05.517] PmcFilePicker.HandleInput: Key=DownArrow SelectedIndex=2 ItemCount=36
[2025-12-16 12:21:05.916] PmcFilePicker.HandleInput: Key=DownArrow SelectedIndex=3 ItemCount=36
[2025-12-16 12:21:06.517] PmcFilePicker.HandleInput: Key=DownArrow SelectedIndex=4 ItemCount=36
[2025-12-16 12:21:07.227] PmcFilePicker.HandleInput: Key=DownArrow SelectedIndex=5 ItemCount=36
[2025-12-16 12:21:09.188] PmcFilePicker.HandleInput: Key=DownArrow SelectedIndex=6 ItemCount=36
[2025-12-16 12:21:09.392] PmcFilePicker.HandleInput: Key=DownArrow SelectedIndex=7 ItemCount=36
[2025-12-16 12:21:09.571] PmcFilePicker.HandleInput: Key=DownArrow SelectedIndex=8 ItemCount=36
[2025-12-16 12:21:09.755] PmcFilePicker.HandleInput: Key=DownArrow SelectedIndex=9 ItemCount=36
[2025-12-16 12:21:09.952] PmcFilePicker.HandleInput: Key=DownArrow SelectedIndex=10 ItemCount=36
[2025-12-16 12:21:10.281] PmcFilePicker.HandleInput: Key=DownArrow SelectedIndex=11 ItemCount=36
[2025-12-16 12:21:10.737] PmcFilePicker.HandleInput: Key=DownArrow SelectedIndex=12 ItemCount=36
[2025-12-16 12:21:11.196] PmcFilePicker.HandleInput: Key=DownArrow SelectedIndex=13 ItemCount=36
[2025-12-16 12:21:11.806] PmcFilePicker.HandleInput: Key=DownArrow SelectedIndex=14 ItemCount=36
[2025-12-16 12:21:12.163] PmcFilePicker.HandleInput: Key=DownArrow SelectedIndex=15 ItemCount=36
[2025-12-16 12:21:12.370] PmcFilePicker.HandleInput: Key=DownArrow SelectedIndex=16 ItemCount=36
[2025-12-16 12:21:12.547] PmcFilePicker.HandleInput: Key=DownArrow SelectedIndex=17 ItemCount=36
[2025-12-16 12:21:13.834] PmcFilePicker.HandleInput: Key=UpArrow SelectedIndex=18 ItemCount=36
[2025-12-16 12:21:14.343] PmcFilePicker.HandleInput: Key=UpArrow SelectedIndex=17 ItemCount=36
[2025-12-16 12:21:14.502] PmcFilePicker.HandleInput: Key=UpArrow SelectedIndex=16 ItemCount=36
[2025-12-16 12:21:14.737] PmcFilePicker.HandleInput: Key=UpArrow SelectedIndex=15 ItemCount=36
[2025-12-16 12:21:14.890] PmcFilePicker.HandleInput: Key=UpArrow SelectedIndex=14 ItemCount=36
[2025-12-16 12:21:15.137] PmcFilePicker.HandleInput: Key=UpArrow SelectedIndex=13 ItemCount=36
[2025-12-16 12:21:15.321] PmcFilePicker.HandleInput: Key=UpArrow SelectedIndex=12 ItemCount=36
[2025-12-16 12:21:15.498] PmcFilePicker.HandleInput: Key=UpArrow SelectedIndex=11 ItemCount=36
[2025-12-16 12:21:15.679] PmcFilePicker.HandleInput: Key=UpArrow SelectedIndex=10 ItemCount=36
[2025-12-16 12:21:15.855] PmcFilePicker.HandleInput: Key=UpArrow SelectedIndex=9 ItemCount=36
[2025-12-16 12:21:16.038] PmcFilePicker.HandleInput: Key=UpArrow SelectedIndex=8 ItemCount=36
[2025-12-16 12:21:16.218] PmcFilePicker.HandleInput: Key=UpArrow SelectedIndex=7 ItemCount=36
[2025-12-16 12:21:16.848] PmcFilePicker.HandleInput: Key=Escape SelectedIndex=6 ItemCount=36
[2025-12-16 12:41:16.422] [INFO] Event loop exited normally
[2025-12-16 12:41:16.425] [INFO] Cleanup - showing cursor and resetting terminal
