[2025-12-16 13:18:10.919] [INFO] Loading PMC module...
[2025-12-16 13:18:11.794] [INFO] PMC module loaded
[2025-12-16 13:18:11.797] [INFO] Loading dependencies (FieldSchemas, etc.)...
[2025-12-16 13:18:11.879] [INFO] Dependencies loaded
[2025-12-16 13:18:11.880] [INFO] Loading SpeedTUI framework...
[2025-12-16 13:18:12.075] [INFO] SpeedTUI framework loaded
[2025-12-16 13:18:12.076] [INFO] Loading PraxisVT...
[2025-12-16 13:18:12.077] [INFO] PraxisVT loaded
[2025-12-16 13:18:12.078] [INFO] Loading core dependencies...
[2025-12-16 13:18:12.104] [INFO] Core dependencies loaded
[2025-12-16 13:18:12.114] [INFO] Loading widget base classes...
[2025-12-16 13:18:12.137] [INFO] Widget base classes loaded
[2025-12-16 13:18:12.138] [INFO] Loading services...
[2025-12-16 13:18:12.237] [INFO] Services loaded
[2025-12-16 13:18:12.238] [INFO] Loading helpers...
[2025-12-16 13:18:16.990] [INFO] Helpers loaded
[2025-12-16 13:18:17.004] [INFO] Loading widgets...
[2025-12-16 13:18:17.821] [INFO] Widgets loaded
[2025-12-16 13:18:17.823] [INFO] Loading screen base class...
[2025-12-16 13:18:17.851] [INFO] Screen base class loaded
[2025-12-16 13:18:17.854] [INFO] Loading HelpViewScreen (needed by base classes)...
[2025-12-16 13:18:17.875] [INFO] HelpViewScreen loaded
[2025-12-16 13:18:17.877] [INFO] Loading base classes...
[2025-12-16 13:18:17.979] [INFO] Base classes loaded
[2025-12-16 13:18:17.981] [INFO] Loading ServiceContainer (needed by screens)...
[2025-12-16 13:18:17.991] [INFO] ServiceContainer loaded
[2025-12-16 13:18:17.993] [INFO] Loading remaining screens...
[2025-12-16 13:18:18.187] [INFO] Remaining screens loaded
[2025-12-16 13:18:18.189] [INFO] Loading PmcApplication...
[2025-12-16 13:18:18.215] [INFO] PmcApplication loaded
[2025-12-16 13:18:18.218] [INFO] All components loaded successfully
[2025-12-16 13:18:18.244] [INFO] Starting PMC TUI with screen: TaskList
[2025-12-16 13:18:18.258] [INFO] Cleared stale PmcSharedMenuBar and MenuRegistry singleton
[2025-12-16 13:18:18.260] [INFO] Creating ServiceContainer...
[2025-12-16 13:18:18.278] [INFO] ServiceContainer created
[2025-12-16 13:18:18.280] [INFO] Registering Theme service...
[2025-12-16 13:18:18.324] ServiceContainer: Registered 'Theme' (singleton=True)
[2025-12-16 13:18:18.329] [INFO] Registering ThemeManager...
[2025-12-16 13:18:18.331] ServiceContainer: Registered 'ThemeManager' (singleton=True)
[2025-12-16 13:18:18.333] [INFO] Registering Config service...
[2025-12-16 13:18:18.336] ServiceContainer: Registered 'Config' (singleton=True)
[2025-12-16 13:18:18.339] [INFO] Registering TaskStore service...
[2025-12-16 13:18:18.341] ServiceContainer: Registered 'TaskStore' (singleton=True)
[2025-12-16 13:18:18.342] [INFO] Registering MenuRegistry service...
[2025-12-16 13:18:18.344] ServiceContainer: Registered 'MenuRegistry' (singleton=True)
[2025-12-16 13:18:18.346] [INFO] Registering Application service...
[2025-12-16 13:18:18.347] ServiceContainer: Registered 'Application' (singleton=True)
[2025-12-16 13:18:18.349] [INFO] Registering CommandService...
[2025-12-16 13:18:18.351] ServiceContainer: Registered 'CommandService' (singleton=True)
[2025-12-16 13:18:18.353] [INFO] Registering ChecklistService...
[2025-12-16 13:18:18.355] ServiceContainer: Registered 'ChecklistService' (singleton=True)
[2025-12-16 13:18:18.357] [INFO] Registering NoteService...
[2025-12-16 13:18:18.359] ServiceContainer: Registered 'NoteService' (singleton=True)
[2025-12-16 13:18:18.361] [INFO] Registering ExcelMappingService...
[2025-12-16 13:18:18.363] ServiceContainer: Registered 'ExcelMappingService' (singleton=True)
[2025-12-16 13:18:18.365] [INFO] Registering PreferencesService...
[2025-12-16 13:18:18.367] ServiceContainer: Registered 'PreferencesService' (singleton=True)
[2025-12-16 13:18:18.370] [INFO] Registering screen factories...
[2025-12-16 13:18:18.372] ServiceContainer: Registered 'TaskListScreen' (singleton=False)
[2025-12-16 13:18:18.374] [INFO] Resolving Application from container...
[2025-12-16 13:18:18.403] ServiceContainer: Resolving 'Application'...
[2025-12-16 13:18:18.407] [INFO] Resolving Application...
[2025-12-16 13:18:18.409] ServiceContainer: Resolving 'Theme'...
[2025-12-16 13:18:18.426] [INFO] Resolving Theme: Calling Initialize-PmcThemeSystem...
[2025-12-16 13:18:18.448] [INFO] Theme resolved: #33aaff
[2025-12-16 13:18:18.452] [INFO] Loading PmcThemeEngine...
[2025-12-16 13:18:18.582] [INFO] LoadFromConfig: Loaded Properties with 16 items
[2025-12-16 13:18:18.600] [INFO] PmcThemeEngine initialized with PMC palette (14 colors)
[2025-12-16 13:18:18.605] ServiceContainer: Resolved 'Theme' successfully
[2025-12-16 13:18:18.987] ServiceContainer: Resolving 'ThemeManager'...
[2025-12-16 13:18:18.991] [INFO] Resolving ThemeManager...
[2025-12-16 13:18:19.051] ServiceContainer: Resolved 'ThemeManager' successfully
[2025-12-16 13:18:19.071] ServiceContainer: Resolved 'Application' successfully
[2025-12-16 13:18:19.073] [INFO] Application resolved and assigned to $global:PmcApp
[2025-12-16 13:18:19.075] [INFO] Loading menus from manifest...
[2025-12-16 13:18:19.076] ServiceContainer: Resolving 'MenuRegistry'...
[2025-12-16 13:18:19.079] [INFO] Resolving MenuRegistry...
[2025-12-16 13:18:19.101] ServiceContainer: Resolved 'MenuRegistry' successfully
[2025-12-16 13:18:19.133] MenuRegistry: Loaded manifest with 24 entries
[2025-12-16 13:18:19.179] ServiceContainer: Registered 'ChecklistsLauncherScreen' (singleton=False)
[2025-12-16 13:18:19.181] MenuRegistry: Registered screen factory 'ChecklistsLauncherScreen' in container (viewMode=)
[2025-12-16 13:18:19.208] MenuRegistry: Registered 'Checklists' in 'Tools' menu (hotkey=C order=25)
[2025-12-16 13:18:19.214] ServiceContainer: Registered 'KanbanScreenV2' (singleton=False)
[2025-12-16 13:18:19.216] MenuRegistry: Registered screen factory 'KanbanScreenV2' in container (viewMode=)
[2025-12-16 13:18:19.219] MenuRegistry: Registered 'Kanban Board' in 'Tasks' menu (hotkey=K order=55)
[2025-12-16 13:18:19.225] ServiceContainer: Registered 'TaskListScreen_Overdue' (singleton=False)
[2025-12-16 13:18:19.226] MenuRegistry: Registered screen factory 'TaskListScreen_Overdue' in container (viewMode=overdue)
[2025-12-16 13:18:19.229] MenuRegistry: Registered 'Overdue' in 'Tasks' menu (hotkey=O order=30)
[2025-12-16 13:18:19.232] ServiceContainer: Registered 'TimeReportScreen' (singleton=False)
[2025-12-16 13:18:19.234] MenuRegistry: Registered screen factory 'TimeReportScreen' in container (viewMode=)
[2025-12-16 13:18:19.236] MenuRegistry: Registered 'Time Report' in 'Time' menu (hotkey=R order=20)
[2025-12-16 13:18:19.239] ServiceContainer: Registered 'TaskListScreen_Month' (singleton=False)
[2025-12-16 13:18:19.241] MenuRegistry: Registered screen factory 'TaskListScreen_Month' in container (viewMode=month)
[2025-12-16 13:18:19.243] MenuRegistry: Registered 'Month View' in 'Tasks' menu (hotkey=M order=45)
[2025-12-16 13:18:19.247] ServiceContainer: Registered 'ChecklistTemplatesFolderScreen' (singleton=False)
[2025-12-16 13:18:19.249] MenuRegistry: Registered screen factory 'ChecklistTemplatesFolderScreen' in container (viewMode=)
[2025-12-16 13:18:19.252] MenuRegistry: Registered 'Checklist Templates' in 'Tools' menu (hotkey=H order=30)
[2025-12-16 13:18:19.257] ServiceContainer: Registered 'WeeklyTimeReportScreen' (singleton=False)
[2025-12-16 13:18:19.258] MenuRegistry: Registered screen factory 'WeeklyTimeReportScreen' in container (viewMode=)
[2025-12-16 13:18:19.269] MenuRegistry: Registered 'Weekly Report' in 'Time' menu (hotkey=W order=10)
[2025-12-16 13:18:19.272] ServiceContainer: Registered 'TaskListScreen_NextActions' (singleton=False)
[2025-12-16 13:18:19.273] MenuRegistry: Registered screen factory 'TaskListScreen_NextActions' in container (viewMode=nextactions)
[2025-12-16 13:18:19.275] MenuRegistry: Registered 'Next Actions' in 'Tasks' menu (hotkey=N order=35)
[2025-12-16 13:18:19.278] ServiceContainer: Registered 'TaskListScreen_Today' (singleton=False)
[2025-12-16 13:18:19.279] MenuRegistry: Registered screen factory 'TaskListScreen_Today' in container (viewMode=today)
[2025-12-16 13:18:19.281] MenuRegistry: Registered 'Today' in 'Tasks' menu (hotkey=Y order=10)
[2025-12-16 13:18:19.284] ServiceContainer: Registered 'SettingsScreen' (singleton=False)
[2025-12-16 13:18:19.286] MenuRegistry: Registered screen factory 'SettingsScreen' in container (viewMode=)
[2025-12-16 13:18:19.288] MenuRegistry: Registered 'Settings' in 'Options' menu (hotkey=S order=20)
[2025-12-16 13:18:19.290] ServiceContainer: Registered 'TimeListScreen' (singleton=False)
[2025-12-16 13:18:19.292] MenuRegistry: Registered screen factory 'TimeListScreen' in container (viewMode=)
[2025-12-16 13:18:19.295] MenuRegistry: Registered 'Time Tracking' in 'Time' menu (hotkey=T order=5)
[2025-12-16 13:18:19.299] ServiceContainer: Registered 'HelpViewScreen' (singleton=False)
[2025-12-16 13:18:19.300] MenuRegistry: Registered screen factory 'HelpViewScreen' in container (viewMode=)
[2025-12-16 13:18:19.303] MenuRegistry: Registered 'Help' in 'Help' menu (hotkey=H order=10)
[2025-12-16 13:18:19.305] ServiceContainer: Registered 'TaskListScreen_Agenda' (singleton=False)
[2025-12-16 13:18:19.307] MenuRegistry: Registered screen factory 'TaskListScreen_Agenda' in container (viewMode=agenda)
[2025-12-16 13:18:19.309] MenuRegistry: Registered 'Agenda View' in 'Tasks' menu (hotkey=A order=50)
[2025-12-16 13:18:19.311] ServiceContainer: Registered 'ExcelProfileManagerScreen' (singleton=False)
[2025-12-16 13:18:19.313] MenuRegistry: Registered screen factory 'ExcelProfileManagerScreen' in container (viewMode=)
[2025-12-16 13:18:19.315] MenuRegistry: Registered 'Excel Profiles' in 'Projects' menu (hotkey=M order=50)
[2025-12-16 13:18:19.318] ServiceContainer: Registered 'TaskListScreen_Tomorrow' (singleton=False)
[2025-12-16 13:18:19.320] MenuRegistry: Registered screen factory 'TaskListScreen_Tomorrow' in container (viewMode=tomorrow)
[2025-12-16 13:18:19.322] MenuRegistry: Registered 'Tomorrow' in 'Tasks' menu (hotkey=T order=15)
[2025-12-16 13:18:19.325] ServiceContainer: Registered 'TaskListScreen_NoDate' (singleton=False)
[2025-12-16 13:18:19.326] MenuRegistry: Registered screen factory 'TaskListScreen_NoDate' in container (viewMode=noduedate)
[2025-12-16 13:18:19.328] MenuRegistry: Registered 'No Due Date' in 'Tasks' menu (hotkey=D order=40)
[2025-12-16 13:18:19.332] ServiceContainer: Registered 'TaskListScreen_Default' (singleton=False)
[2025-12-16 13:18:19.334] MenuRegistry: Registered screen factory 'TaskListScreen_Default' in container (viewMode=)
[2025-12-16 13:18:19.337] MenuRegistry: Registered 'Task List' in 'Tasks' menu (hotkey=L order=5)
[2025-12-16 13:18:19.340] ServiceContainer: Registered 'TaskListScreen_Week' (singleton=False)
[2025-12-16 13:18:19.341] MenuRegistry: Registered screen factory 'TaskListScreen_Week' in container (viewMode=week)
[2025-12-16 13:18:19.343] MenuRegistry: Registered 'Week View' in 'Tasks' menu (hotkey=W order=20)
[2025-12-16 13:18:19.346] ServiceContainer: Registered 'TaskListScreen_Upcoming' (singleton=False)
[2025-12-16 13:18:19.348] MenuRegistry: Registered screen factory 'TaskListScreen_Upcoming' in container (viewMode=upcoming)
[2025-12-16 13:18:19.350] MenuRegistry: Registered 'Upcoming' in 'Tasks' menu (hotkey=U order=25)
[2025-12-16 13:18:19.353] ServiceContainer: Registered 'CommandLibraryScreen' (singleton=False)
[2025-12-16 13:18:19.355] MenuRegistry: Registered screen factory 'CommandLibraryScreen' in container (viewMode=)
[2025-12-16 13:18:19.357] MenuRegistry: Registered 'Command Library' in 'Tools' menu (hotkey=L order=10)
[2025-12-16 13:18:19.364] ServiceContainer: Registered 'ExcelImportScreen' (singleton=False)
[2025-12-16 13:18:19.365] MenuRegistry: Registered screen factory 'ExcelImportScreen' in container (viewMode=)
[2025-12-16 13:18:19.367] MenuRegistry: Registered 'Import from Excel' in 'Projects' menu (hotkey=I order=40)
[2025-12-16 13:18:19.371] ServiceContainer: Registered 'NotesMenuScreen' (singleton=False)
[2025-12-16 13:18:19.372] MenuRegistry: Registered screen factory 'NotesMenuScreen' in container (viewMode=)
[2025-12-16 13:18:19.375] MenuRegistry: Registered 'Notes' in 'Tools' menu (hotkey=N order=20)
[2025-12-16 13:18:19.378] ServiceContainer: Registered 'ThemeEditorScreen' (singleton=False)
[2025-12-16 13:18:19.380] MenuRegistry: Registered screen factory 'ThemeEditorScreen' in container (viewMode=)
[2025-12-16 13:18:19.382] MenuRegistry: Registered 'Theme Editor' in 'Options' menu (hotkey=T order=10)
[2025-12-16 13:18:19.385] ServiceContainer: Registered 'ProjectListScreen' (singleton=False)
[2025-12-16 13:18:19.386] MenuRegistry: Registered screen factory 'ProjectListScreen' in container (viewMode=)
[2025-12-16 13:18:19.388] MenuRegistry: Registered 'Project List' in 'Projects' menu (hotkey=L order=10)
[2025-12-16 13:18:19.390] [INFO] Menus loaded from /home/teej/ztest/module/Pmc.Strict/consoleui/screens/MenuItems.psd1
[2025-12-16 13:18:19.392] [INFO] Launching screen: TaskList
[2025-12-16 13:18:19.393] [INFO] Resolving TaskListScreen from container...
[2025-12-16 13:18:19.395] ServiceContainer: Resolving 'TaskListScreen'...
[2025-12-16 13:18:19.398] [INFO] Resolving TaskListScreen...
[2025-12-16 13:18:19.400] ServiceContainer: Resolving 'TaskStore'...
[2025-12-16 13:18:19.403] [INFO] Resolving TaskStore...
[2025-12-16 13:18:19.812] ServiceContainer: Resolved 'TaskStore' successfully
