[2025-12-16 14:22:23.750] [INFO] Loading PMC module...
[2025-12-16 14:22:24.500] [INFO] PMC module loaded
[2025-12-16 14:22:24.502] [INFO] Loading dependencies (FieldSchemas, etc.)...
[2025-12-16 14:22:24.584] [INFO] Dependencies loaded
[2025-12-16 14:22:24.585] [INFO] Loading SpeedTUI framework...
[2025-12-16 14:22:24.781] [INFO] SpeedTUI framework loaded
[2025-12-16 14:22:24.782] [INFO] Loading PraxisVT...
[2025-12-16 14:22:24.783] [INFO] PraxisVT loaded
[2025-12-16 14:22:24.784] [INFO] Loading core dependencies...
[2025-12-16 14:22:24.806] [INFO] Core dependencies loaded
[2025-12-16 14:22:24.807] [INFO] Loading widget base classes...
[2025-12-16 14:22:24.844] [INFO] Widget base classes loaded
[2025-12-16 14:22:24.844] [INFO] Loading services...
[2025-12-16 14:22:24.916] [INFO] Services loaded
[2025-12-16 14:22:24.930] [INFO] Loading helpers...
[2025-12-16 14:22:25.367] [INFO] Helpers loaded
[2025-12-16 14:22:25.367] [INFO] Loading widgets...
[2025-12-16 14:22:25.625] [ERROR] Failed to load widgets: At /home/teej/ztest/module/Pmc.Strict/consoleui/widgets/TabPanel.ps1:364 char:112
+ … alue "[$(Get-Date -Format 'HH:mm:ss.fff')] [TabPanel] Tab $i: label=' …
+                                                             ~~~
Variable reference is not valid. ':' was not followed by a valid variable name character. Consider using ${} to delimit the name.
