[2025-12-16 12:38:57.990] [INFO] Loading PMC module...
[2025-12-16 12:38:58.784] [INFO] PMC module loaded
[2025-12-16 12:38:58.787] [INFO] Loading dependencies (FieldSchemas, etc.)...
[2025-12-16 12:38:58.876] [INFO] Dependencies loaded
[2025-12-16 12:38:58.877] [INFO] Loading SpeedTUI framework...
[2025-12-16 12:38:59.050] [INFO] SpeedTUI framework loaded
[2025-12-16 12:38:59.051] [INFO] Loading PraxisVT...
[2025-12-16 12:38:59.052] [INFO] PraxisVT loaded
[2025-12-16 12:38:59.053] [INFO] Loading core dependencies...
[2025-12-16 12:38:59.090] [INFO] Core dependencies loaded
[2025-12-16 12:38:59.091] [INFO] Loading widget base classes...
[2025-12-16 12:38:59.138] [INFO] Widget base classes loaded
[2025-12-16 12:38:59.139] [INFO] Loading services...
[2025-12-16 12:38:59.252] [INFO] Services loaded
[2025-12-16 12:38:59.252] [INFO] Loading helpers...
[2025-12-16 12:38:59.644] [INFO] Helpers loaded
[2025-12-16 12:38:59.645] [INFO] Loading widgets...
[2025-12-16 12:38:59.863] [INFO] Widgets loaded
[2025-12-16 12:38:59.864] [INFO] Loading screen base class...
[2025-12-16 12:38:59.874] [INFO] Screen base class loaded
[2025-12-16 12:38:59.875] [INFO] Loading HelpViewScreen (needed by base classes)...
[2025-12-16 12:38:59.880] [INFO] HelpViewScreen loaded
[2025-12-16 12:38:59.881] [INFO] Loading base classes...
[2025-12-16 12:38:59.962] [INFO] Base classes loaded
[2025-12-16 12:38:59.963] [INFO] Loading ServiceContainer (needed by screens)...
[2025-12-16 12:38:59.968] [INFO] ServiceContainer loaded
[2025-12-16 12:38:59.969] [INFO] Loading remaining screens...
[2025-12-16 12:39:00.064] [INFO] Remaining screens loaded
[2025-12-16 12:39:00.065] [INFO] Loading PmcApplication...
[2025-12-16 12:39:00.079] [INFO] PmcApplication loaded
[2025-12-16 12:39:00.082] [INFO] All components loaded successfully
