[2025-12-16 20:27:54.651] [INFO] Loading PMC module...
[2025-12-16 20:27:55.985] [INFO] PMC module loaded
[2025-12-16 20:27:55.988] [INFO] Loading dependencies (FieldSchemas, etc.)...
[2025-12-16 20:27:56.107] [INFO] Dependencies loaded
[2025-12-16 20:27:56.108] [INFO] Loading SpeedTUI framework...
[2025-12-16 20:27:56.429] [INFO] SpeedTUI framework loaded
[2025-12-16 20:27:56.430] [INFO] Loading PraxisVT...
[2025-12-16 20:27:56.432] [INFO] PraxisVT loaded
[2025-12-16 20:27:56.433] [INFO] Loading core dependencies...
[2025-12-16 20:27:56.470] [INFO] Core dependencies loaded
[2025-12-16 20:27:56.471] [INFO] Loading widget base classes...
[2025-12-16 20:27:56.527] [INFO] Widget base classes loaded
[2025-12-16 20:27:56.528] [INFO] Loading services...
[2025-12-16 20:27:56.641] [INFO] Services loaded
[2025-12-16 20:27:56.664] [INFO] Loading helpers...
[2025-12-16 20:27:57.662] [INFO] Helpers loaded
[2025-12-16 20:27:57.664] [INFO] Loading widgets...
[2025-12-16 20:27:58.132] [INFO] Widgets loaded
[2025-12-16 20:27:58.134] [INFO] Loading screen base class...
[2025-12-16 20:27:58.158] [INFO] Screen base class loaded
[2025-12-16 20:27:58.160] [INFO] Loading HelpViewScreen (needed by base classes)...
[2025-12-16 20:27:58.170] [INFO] HelpViewScreen loaded
[2025-12-16 20:27:58.172] [INFO] Loading base classes...
[2025-12-16 20:27:58.235] [INFO] Base classes loaded
[2025-12-16 20:27:58.236] [INFO] Loading ServiceContainer (needed by screens)...
[2025-12-16 20:27:58.243] [INFO] ServiceContainer loaded
[2025-12-16 20:27:58.244] [INFO] Loading remaining screens...
[2025-12-16 20:27:58.362] [INFO] Remaining screens loaded
[2025-12-16 20:27:58.364] [INFO] Loading PmcApplication...
[2025-12-16 20:27:58.382] [INFO] PmcApplication loaded
[2025-12-16 20:27:58.384] [INFO] All components loaded successfully
[2025-12-16 20:27:58.406] [INFO] Starting PMC TUI with screen: TaskList
[2025-12-16 20:27:58.415] [INFO] Cleared stale PmcSharedMenuBar and MenuRegistry singleton
[2025-12-16 20:27:58.417] [INFO] Creating ServiceContainer...
[2025-12-16 20:27:58.431] [INFO] ServiceContainer created
[2025-12-16 20:27:58.433] [INFO] Registering Theme service...
[2025-12-16 20:27:58.455] ServiceContainer: Registered 'Theme' (singleton=True)
[2025-12-16 20:27:58.459] [INFO] Registering ThemeManager...
[2025-12-16 20:27:58.460] ServiceContainer: Registered 'ThemeManager' (singleton=True)
[2025-12-16 20:27:58.461] [INFO] Registering Config service...
[2025-12-16 20:27:58.462] ServiceContainer: Registered 'Config' (singleton=True)
[2025-12-16 20:27:58.463] [INFO] Registering TaskStore service...
[2025-12-16 20:27:58.464] ServiceContainer: Registered 'TaskStore' (singleton=True)
[2025-12-16 20:27:58.465] [INFO] Registering MenuRegistry service...
[2025-12-16 20:27:58.466] ServiceContainer: Registered 'MenuRegistry' (singleton=True)
[2025-12-16 20:27:58.493] [INFO] Registering Application service...
[2025-12-16 20:27:58.495] ServiceContainer: Registered 'Application' (singleton=True)
[2025-12-16 20:27:58.496] [INFO] Registering CommandService...
[2025-12-16 20:27:58.497] ServiceContainer: Registered 'CommandService' (singleton=True)
[2025-12-16 20:27:58.498] [INFO] Registering ChecklistService...
[2025-12-16 20:27:58.499] ServiceContainer: Registered 'ChecklistService' (singleton=True)
[2025-12-16 20:27:58.500] [INFO] Registering NoteService...
[2025-12-16 20:27:58.501] ServiceContainer: Registered 'NoteService' (singleton=True)
[2025-12-16 20:27:58.502] [INFO] Registering ExcelMappingService...
[2025-12-16 20:27:58.503] ServiceContainer: Registered 'ExcelMappingService' (singleton=True)
[2025-12-16 20:27:58.504] [INFO] Registering PreferencesService...
[2025-12-16 20:27:58.505] ServiceContainer: Registered 'PreferencesService' (singleton=True)
[2025-12-16 20:27:58.506] [INFO] Registering screen factories...
[2025-12-16 20:27:58.507] ServiceContainer: Registered 'TaskListScreen' (singleton=False)
[2025-12-16 20:27:58.508] [INFO] Resolving Application from container...
[2025-12-16 20:27:58.527] ServiceContainer: Resolving 'Application'...
[2025-12-16 20:27:58.530] [INFO] Resolving Application...
[2025-12-16 20:27:58.531] ServiceContainer: Resolving 'Theme'...
[2025-12-16 20:27:58.541] [INFO] Resolving Theme: Calling Initialize-PmcThemeSystem...
[2025-12-16 20:27:58.558] [INFO] Theme resolved: #33aaff
[2025-12-16 20:27:58.560] [INFO] Loading PmcThemeEngine...
[2025-12-16 20:27:58.665] [INFO] LoadFromConfig: Loaded Properties with 23 items
[2025-12-16 20:27:58.679] [INFO] PmcThemeEngine initialized with PMC palette (14 colors)
[2025-12-16 20:27:58.683] ServiceContainer: Resolved 'Theme' successfully
[2025-12-16 20:27:59.341] ServiceContainer: Resolving 'ThemeManager'...
[2025-12-16 20:27:59.344] [INFO] Resolving ThemeManager...
[2025-12-16 20:27:59.389] ServiceContainer: Resolved 'ThemeManager' successfully
[2025-12-16 20:27:59.405] ServiceContainer: Resolved 'Application' successfully
[2025-12-16 20:27:59.406] [INFO] Application resolved and assigned to $global:PmcApp
[2025-12-16 20:27:59.408] [INFO] Loading menus from manifest...
[2025-12-16 20:27:59.409] ServiceContainer: Resolving 'MenuRegistry'...
[2025-12-16 20:27:59.411] [INFO] Resolving MenuRegistry...
[2025-12-16 20:27:59.428] ServiceContainer: Resolved 'MenuRegistry' successfully
[2025-12-16 20:27:59.451] MenuRegistry: Loaded manifest with 24 entries
[2025-12-16 20:27:59.485] ServiceContainer: Registered 'TaskListScreen_Overdue' (singleton=False)
[2025-12-16 20:27:59.486] MenuRegistry: Registered screen factory 'TaskListScreen_Overdue' in container (viewMode=overdue)
[2025-12-16 20:27:59.504] MenuRegistry: Registered 'Overdue' in 'Tasks' menu (hotkey=O order=30)
[2025-12-16 20:27:59.507] ServiceContainer: Registered 'KanbanScreenV2' (singleton=False)
[2025-12-16 20:27:59.508] MenuRegistry: Registered screen factory 'KanbanScreenV2' in container (viewMode=)
[2025-12-16 20:27:59.511] MenuRegistry: Registered 'Kanban Board' in 'Tasks' menu (hotkey=K order=55)
[2025-12-16 20:27:59.513] ServiceContainer: Registered 'TaskListScreen_Month' (singleton=False)
[2025-12-16 20:27:59.513] MenuRegistry: Registered screen factory 'TaskListScreen_Month' in container (viewMode=month)
[2025-12-16 20:27:59.515] MenuRegistry: Registered 'Month View' in 'Tasks' menu (hotkey=M order=45)
[2025-12-16 20:27:59.516] ServiceContainer: Registered 'TaskListScreen_Default' (singleton=False)
[2025-12-16 20:27:59.517] MenuRegistry: Registered screen factory 'TaskListScreen_Default' in container (viewMode=)
[2025-12-16 20:27:59.518] MenuRegistry: Registered 'Task List' in 'Tasks' menu (hotkey=L order=5)
[2025-12-16 20:27:59.520] ServiceContainer: Registered 'TimeListScreen' (singleton=False)
[2025-12-16 20:27:59.521] MenuRegistry: Registered screen factory 'TimeListScreen' in container (viewMode=)
[2025-12-16 20:27:59.522] MenuRegistry: Registered 'Time Tracking' in 'Time' menu (hotkey=T order=5)
[2025-12-16 20:27:59.524] ServiceContainer: Registered 'CommandLibraryScreen' (singleton=False)
[2025-12-16 20:27:59.525] MenuRegistry: Registered screen factory 'CommandLibraryScreen' in container (viewMode=)
[2025-12-16 20:27:59.533] MenuRegistry: Registered 'Command Library' in 'Tools' menu (hotkey=L order=10)
[2025-12-16 20:27:59.535] ServiceContainer: Registered 'TaskListScreen_Tomorrow' (singleton=False)
[2025-12-16 20:27:59.536] MenuRegistry: Registered screen factory 'TaskListScreen_Tomorrow' in container (viewMode=tomorrow)
[2025-12-16 20:27:59.537] MenuRegistry: Registered 'Tomorrow' in 'Tasks' menu (hotkey=T order=15)
[2025-12-16 20:27:59.539] ServiceContainer: Registered 'WeeklyTimeReportScreen' (singleton=False)
[2025-12-16 20:27:59.540] MenuRegistry: Registered screen factory 'WeeklyTimeReportScreen' in container (viewMode=)
[2025-12-16 20:27:59.541] MenuRegistry: Registered 'Weekly Report' in 'Time' menu (hotkey=W order=10)
[2025-12-16 20:27:59.542] ServiceContainer: Registered 'ChecklistsLauncherScreen' (singleton=False)
[2025-12-16 20:27:59.543] MenuRegistry: Registered screen factory 'ChecklistsLauncherScreen' in container (viewMode=)
[2025-12-16 20:27:59.545] MenuRegistry: Registered 'Checklists' in 'Tools' menu (hotkey=C order=25)
[2025-12-16 20:27:59.546] ServiceContainer: Registered 'ChecklistTemplatesFolderScreen' (singleton=False)
[2025-12-16 20:27:59.547] MenuRegistry: Registered screen factory 'ChecklistTemplatesFolderScreen' in container (viewMode=)
[2025-12-16 20:27:59.549] MenuRegistry: Registered 'Checklist Templates' in 'Tools' menu (hotkey=H order=30)
[2025-12-16 20:27:59.550] ServiceContainer: Registered 'ExcelImportScreen' (singleton=False)
[2025-12-16 20:27:59.551] MenuRegistry: Registered screen factory 'ExcelImportScreen' in container (viewMode=)
[2025-12-16 20:27:59.553] MenuRegistry: Registered 'Import from Excel' in 'Projects' menu (hotkey=I order=40)
[2025-12-16 20:27:59.554] ServiceContainer: Registered 'NotesMenuScreen' (singleton=False)
[2025-12-16 20:27:59.555] MenuRegistry: Registered screen factory 'NotesMenuScreen' in container (viewMode=)
[2025-12-16 20:27:59.556] MenuRegistry: Registered 'Notes' in 'Tools' menu (hotkey=N order=20)
[2025-12-16 20:27:59.558] ServiceContainer: Registered 'ProjectListScreen' (singleton=False)
[2025-12-16 20:27:59.559] MenuRegistry: Registered screen factory 'ProjectListScreen' in container (viewMode=)
[2025-12-16 20:27:59.560] MenuRegistry: Registered 'Project List' in 'Projects' menu (hotkey=L order=10)
[2025-12-16 20:27:59.561] ServiceContainer: Registered 'TaskListScreen_Agenda' (singleton=False)
[2025-12-16 20:27:59.562] MenuRegistry: Registered screen factory 'TaskListScreen_Agenda' in container (viewMode=agenda)
[2025-12-16 20:27:59.564] MenuRegistry: Registered 'Agenda View' in 'Tasks' menu (hotkey=A order=50)
[2025-12-16 20:27:59.565] ServiceContainer: Registered 'TaskListScreen_NoDate' (singleton=False)
[2025-12-16 20:27:59.566] MenuRegistry: Registered screen factory 'TaskListScreen_NoDate' in container (viewMode=noduedate)
[2025-12-16 20:27:59.567] MenuRegistry: Registered 'No Due Date' in 'Tasks' menu (hotkey=D order=40)
[2025-12-16 20:27:59.569] ServiceContainer: Registered 'TaskListScreen_Today' (singleton=False)
[2025-12-16 20:27:59.570] MenuRegistry: Registered screen factory 'TaskListScreen_Today' in container (viewMode=today)
[2025-12-16 20:27:59.571] MenuRegistry: Registered 'Today' in 'Tasks' menu (hotkey=Y order=10)
[2025-12-16 20:27:59.574] ServiceContainer: Registered 'ExcelProfileManagerScreen' (singleton=False)
[2025-12-16 20:27:59.575] MenuRegistry: Registered screen factory 'ExcelProfileManagerScreen' in container (viewMode=)
[2025-12-16 20:27:59.577] MenuRegistry: Registered 'Excel Profiles' in 'Projects' menu (hotkey=M order=50)
[2025-12-16 20:27:59.579] ServiceContainer: Registered 'SettingsScreen' (singleton=False)
[2025-12-16 20:27:59.580] MenuRegistry: Registered screen factory 'SettingsScreen' in container (viewMode=)
[2025-12-16 20:27:59.581] MenuRegistry: Registered 'Settings' in 'Options' menu (hotkey=S order=20)
[2025-12-16 20:27:59.584] ServiceContainer: Registered 'TaskListScreen_Upcoming' (singleton=False)
[2025-12-16 20:27:59.585] MenuRegistry: Registered screen factory 'TaskListScreen_Upcoming' in container (viewMode=upcoming)
[2025-12-16 20:27:59.587] MenuRegistry: Registered 'Upcoming' in 'Tasks' menu (hotkey=U order=25)
[2025-12-16 20:27:59.593] ServiceContainer: Registered 'ThemeEditorScreen' (singleton=False)
[2025-12-16 20:27:59.594] MenuRegistry: Registered screen factory 'ThemeEditorScreen' in container (viewMode=)
[2025-12-16 20:27:59.596] MenuRegistry: Registered 'Theme Editor' in 'Options' menu (hotkey=T order=10)
[2025-12-16 20:27:59.598] ServiceContainer: Registered 'TaskListScreen_Week' (singleton=False)
[2025-12-16 20:27:59.599] MenuRegistry: Registered screen factory 'TaskListScreen_Week' in container (viewMode=week)
[2025-12-16 20:27:59.601] MenuRegistry: Registered 'Week View' in 'Tasks' menu (hotkey=W order=20)
[2025-12-16 20:27:59.604] ServiceContainer: Registered 'HelpViewScreen' (singleton=False)
[2025-12-16 20:27:59.605] MenuRegistry: Registered screen factory 'HelpViewScreen' in container (viewMode=)
[2025-12-16 20:27:59.607] MenuRegistry: Registered 'Help' in 'Help' menu (hotkey=H order=10)
[2025-12-16 20:27:59.609] ServiceContainer: Registered 'TimeReportScreen' (singleton=False)
[2025-12-16 20:27:59.611] MenuRegistry: Registered screen factory 'TimeReportScreen' in container (viewMode=)
[2025-12-16 20:27:59.612] MenuRegistry: Registered 'Time Report' in 'Time' menu (hotkey=R order=20)
[2025-12-16 20:27:59.615] ServiceContainer: Registered 'TaskListScreen_NextActions' (singleton=False)
[2025-12-16 20:27:59.616] MenuRegistry: Registered screen factory 'TaskListScreen_NextActions' in container (viewMode=nextactions)
[2025-12-16 20:27:59.618] MenuRegistry: Registered 'Next Actions' in 'Tasks' menu (hotkey=N order=35)
[2025-12-16 20:27:59.620] [INFO] Menus loaded from /home/teej/ztest/module/Pmc.Strict/consoleui/screens/MenuItems.psd1
[2025-12-16 20:27:59.622] [INFO] Launching screen: TaskList
[2025-12-16 20:27:59.623] [INFO] Resolving TaskListScreen from container...
[2025-12-16 20:27:59.625] ServiceContainer: Resolving 'TaskListScreen'...
[2025-12-16 20:27:59.628] [INFO] Resolving TaskListScreen...
[2025-12-16 20:27:59.630] ServiceContainer: Resolving 'TaskStore'...
[2025-12-16 20:27:59.632] [INFO] Resolving TaskStore...
[2025-12-16 20:27:59.959] ServiceContainer: Resolved 'TaskStore' successfully
[2025-12-16 20:28:00.734] _PopulateMenusFromRegistry: Menu 'Tools' has 4 items from registry (array)
[2025-12-16 20:28:00.761] _PopulateMenusFromRegistry: Menu 'Help' has 1 items from registry (array)
[2025-12-16 20:28:00.765] _PopulateMenusFromRegistry: Menu 'Projects' has 3 items from registry (array)
[2025-12-16 20:28:00.772] _PopulateMenusFromRegistry: Menu 'Tasks' has 11 items from registry (array)
[2025-12-16 20:28:00.777] _PopulateMenusFromRegistry: Menu 'Options' has 2 items from registry (array)
[2025-12-16 20:28:00.781] _PopulateMenusFromRegistry: Menu 'Time' has 3 items from registry (array)
[2025-12-16 20:28:00.784] ServiceContainer: Resolved 'TaskListScreen' successfully
[2025-12-16 20:28:00.786] [INFO] Pushing screen to app...
[2025-12-16 20:28:01.732] [INFO] Screen pushed successfully
[2025-12-16 20:28:01.734] [INFO] Starting event loop...
[2025-12-16 20:28:06.029] [INFO] TaskListScreen.EditItem called - item.id=f6d455a4-9e14-46c4-ba1a-4563c83b3b39
[2025-12-16 20:28:06.230] [INFO] TaskListScreen.EditItem: Setting OnConfirmed callback for taskId=f6d455a4-9e14-46c4-ba1a-4563c83b3b39
[2025-12-16 20:28:18.983] [INFO] Event loop exited normally
[2025-12-16 20:28:18.984] [INFO] Cleanup - showing cursor and resetting terminal
