[2025-12-16 16:15:01.142] [INFO] Loading PMC module...
[2025-12-16 16:15:02.641] [INFO] PMC module loaded
[2025-12-16 16:15:02.643] [INFO] Loading dependencies (FieldSchemas, etc.)...
[2025-12-16 16:15:02.763] [INFO] Dependencies loaded
[2025-12-16 16:15:02.765] [INFO] Loading SpeedTUI framework...
[2025-12-16 16:15:03.088] [INFO] SpeedTUI framework loaded
[2025-12-16 16:15:03.091] [INFO] Loading PraxisVT...
[2025-12-16 16:15:03.094] [INFO] PraxisVT loaded
[2025-12-16 16:15:03.096] [INFO] Loading core dependencies...
[2025-12-16 16:15:03.127] [INFO] Core dependencies loaded
[2025-12-16 16:15:03.129] [INFO] Loading widget base classes...
[2025-12-16 16:15:03.181] [INFO] Widget base classes loaded
[2025-12-16 16:15:03.182] [INFO] Loading services...
[2025-12-16 16:15:03.346] [INFO] Services loaded
[2025-12-16 16:15:03.348] [INFO] Loading helpers...
[2025-12-16 16:15:04.545] [INFO] Helpers loaded
[2025-12-16 16:15:04.547] [INFO] Loading widgets...
[2025-12-16 16:15:05.038] [INFO] Widgets loaded
[2025-12-16 16:15:05.040] [INFO] Loading screen base class...
[2025-12-16 16:15:05.060] [INFO] Screen base class loaded
[2025-12-16 16:15:05.063] [INFO] Loading HelpViewScreen (needed by base classes)...
[2025-12-16 16:15:05.075] [INFO] HelpViewScreen loaded
[2025-12-16 16:15:05.077] [INFO] Loading base classes...
[2025-12-16 16:15:05.157] [INFO] Base classes loaded
[2025-12-16 16:15:05.160] [INFO] Loading ServiceContainer (needed by screens)...
[2025-12-16 16:15:05.168] [INFO] ServiceContainer loaded
[2025-12-16 16:15:05.170] [INFO] Loading remaining screens...
[2025-12-16 16:15:05.324] [INFO] Remaining screens loaded
[2025-12-16 16:15:05.326] [INFO] Loading PmcApplication...
[2025-12-16 16:15:05.349] [INFO] PmcApplication loaded
[2025-12-16 16:15:05.351] [INFO] All components loaded successfully
