[2025-12-16 15:24:40.995] [INFO] Loading PMC module...
[2025-12-16 15:24:41.783] [INFO] PMC module loaded
[2025-12-16 15:24:41.785] [INFO] Loading dependencies (FieldSchemas, etc.)...
[2025-12-16 15:24:41.860] [INFO] Dependencies loaded
[2025-12-16 15:24:41.861] [INFO] Loading SpeedTUI framework...
[2025-12-16 15:24:42.046] [INFO] SpeedTUI framework loaded
[2025-12-16 15:24:42.047] [INFO] Loading PraxisVT...
[2025-12-16 15:24:42.048] [INFO] PraxisVT loaded
[2025-12-16 15:24:42.049] [INFO] Loading core dependencies...
[2025-12-16 15:24:42.071] [INFO] Core dependencies loaded
[2025-12-16 15:24:42.072] [INFO] Loading widget base classes...
[2025-12-16 15:24:42.107] [INFO] Widget base classes loaded
[2025-12-16 15:24:42.108] [INFO] Loading services...
[2025-12-16 15:24:42.175] [INFO] Services loaded
[2025-12-16 15:24:42.189] [INFO] Loading helpers...
[2025-12-16 15:24:42.790] [INFO] Helpers loaded
[2025-12-16 15:24:42.790] [INFO] Loading widgets...
[2025-12-16 15:24:43.122] [INFO] Widgets loaded
[2025-12-16 15:24:43.123] [INFO] Loading screen base class...
[2025-12-16 15:24:43.134] [INFO] Screen base class loaded
[2025-12-16 15:24:43.135] [INFO] Loading HelpViewScreen (needed by base classes)...
[2025-12-16 15:24:43.140] [INFO] HelpViewScreen loaded
[2025-12-16 15:24:43.141] [INFO] Loading base classes...
[2025-12-16 15:24:43.192] [INFO] Base classes loaded
[2025-12-16 15:24:43.194] [INFO] Loading ServiceContainer (needed by screens)...
[2025-12-16 15:24:43.200] [INFO] ServiceContainer loaded
[2025-12-16 15:24:43.200] [INFO] Loading remaining screens...
[2025-12-16 15:24:43.269] [INFO] Remaining screens loaded
[2025-12-16 15:24:43.270] [INFO] Loading PmcApplication...
[2025-12-16 15:24:43.279] [INFO] PmcApplication loaded
[2025-12-16 15:24:43.280] [INFO] All components loaded successfully
[2025-12-16 15:24:43.292] [INFO] Starting PMC TUI with screen: TaskList
[2025-12-16 15:24:43.298] [INFO] Cleared stale PmcSharedMenuBar and MenuRegistry singleton
[2025-12-16 15:24:43.299] [INFO] Creating ServiceContainer...
[2025-12-16 15:24:43.305] [INFO] ServiceContainer created
[2025-12-16 15:24:43.306] [INFO] Registering Theme service...
[2025-12-16 15:24:43.319] ServiceContainer: Registered 'Theme' (singleton=True)
[2025-12-16 15:24:43.322] [INFO] Registering ThemeManager...
[2025-12-16 15:24:43.322] ServiceContainer: Registered 'ThemeManager' (singleton=True)
[2025-12-16 15:24:43.323] [INFO] Registering Config service...
[2025-12-16 15:24:43.324] ServiceContainer: Registered 'Config' (singleton=True)
[2025-12-16 15:24:43.324] [INFO] Registering TaskStore service...
[2025-12-16 15:24:43.325] ServiceContainer: Registered 'TaskStore' (singleton=True)
[2025-12-16 15:24:43.325] [INFO] Registering MenuRegistry service...
[2025-12-16 15:24:43.326] ServiceContainer: Registered 'MenuRegistry' (singleton=True)
[2025-12-16 15:24:43.345] [INFO] Registering Application service...
[2025-12-16 15:24:43.346] ServiceContainer: Registered 'Application' (singleton=True)
[2025-12-16 15:24:43.346] [INFO] Registering CommandService...
[2025-12-16 15:24:43.347] ServiceContainer: Registered 'CommandService' (singleton=True)
[2025-12-16 15:24:43.348] [INFO] Registering ChecklistService...
[2025-12-16 15:24:43.349] ServiceContainer: Registered 'ChecklistService' (singleton=True)
[2025-12-16 15:24:43.350] [INFO] Registering NoteService...
[2025-12-16 15:24:43.351] ServiceContainer: Registered 'NoteService' (singleton=True)
[2025-12-16 15:24:43.352] [INFO] Registering ExcelMappingService...
[2025-12-16 15:24:43.353] ServiceContainer: Registered 'ExcelMappingService' (singleton=True)
[2025-12-16 15:24:43.354] [INFO] Registering PreferencesService...
[2025-12-16 15:24:43.354] ServiceContainer: Registered 'PreferencesService' (singleton=True)
[2025-12-16 15:24:43.355] [INFO] Registering screen factories...
[2025-12-16 15:24:43.356] ServiceContainer: Registered 'TaskListScreen' (singleton=False)
[2025-12-16 15:24:43.356] [INFO] Resolving Application from container...
[2025-12-16 15:24:43.370] ServiceContainer: Resolving 'Application'...
[2025-12-16 15:24:43.372] [INFO] Resolving Application...
[2025-12-16 15:24:43.373] ServiceContainer: Resolving 'Theme'...
[2025-12-16 15:24:43.381] [INFO] Resolving Theme: Calling Initialize-PmcThemeSystem...
[2025-12-16 15:24:43.390] [INFO] Theme resolved: #33aaff
[2025-12-16 15:24:43.391] [INFO] Loading PmcThemeEngine...
[2025-12-16 15:24:43.455] [INFO] LoadFromConfig: Loaded Properties with 16 items
[2025-12-16 15:24:43.462] [INFO] PmcThemeEngine initialized with PMC palette (14 colors)
[2025-12-16 15:24:43.465] ServiceContainer: Resolved 'Theme' successfully
[2025-12-16 15:24:43.910] ServiceContainer: Resolving 'ThemeManager'...
[2025-12-16 15:24:43.913] [INFO] Resolving ThemeManager...
[2025-12-16 15:24:43.938] ServiceContainer: Resolved 'ThemeManager' successfully
[2025-12-16 15:24:43.950] ServiceContainer: Resolved 'Application' successfully
[2025-12-16 15:24:43.951] [INFO] Application resolved and assigned to $global:PmcApp
[2025-12-16 15:24:43.951] [INFO] Loading menus from manifest...
[2025-12-16 15:24:43.952] ServiceContainer: Resolving 'MenuRegistry'...
[2025-12-16 15:24:43.953] [INFO] Resolving MenuRegistry...
[2025-12-16 15:24:43.963] ServiceContainer: Resolved 'MenuRegistry' successfully
[2025-12-16 15:24:43.976] MenuRegistry: Loaded manifest with 24 entries
[2025-12-16 15:24:43.994] ServiceContainer: Registered 'SettingsScreen' (singleton=False)
[2025-12-16 15:24:43.995] MenuRegistry: Registered screen factory 'SettingsScreen' in container (viewMode=)
[2025-12-16 15:24:44.006] MenuRegistry: Registered 'Settings' in 'Options' menu (hotkey=S order=20)
[2025-12-16 15:24:44.009] ServiceContainer: Registered 'TaskListScreen_NextActions' (singleton=False)
[2025-12-16 15:24:44.010] MenuRegistry: Registered screen factory 'TaskListScreen_NextActions' in container (viewMode=nextactions)
[2025-12-16 15:24:44.011] MenuRegistry: Registered 'Next Actions' in 'Tasks' menu (hotkey=N order=35)
[2025-12-16 15:24:44.012] ServiceContainer: Registered 'ProjectListScreen' (singleton=False)
[2025-12-16 15:24:44.013] MenuRegistry: Registered screen factory 'ProjectListScreen' in container (viewMode=)
[2025-12-16 15:24:44.014] MenuRegistry: Registered 'Project List' in 'Projects' menu (hotkey=L order=10)
[2025-12-16 15:24:44.015] ServiceContainer: Registered 'TimeListScreen' (singleton=False)
[2025-12-16 15:24:44.016] MenuRegistry: Registered screen factory 'TimeListScreen' in container (viewMode=)
[2025-12-16 15:24:44.017] MenuRegistry: Registered 'Time Tracking' in 'Time' menu (hotkey=T order=5)
[2025-12-16 15:24:44.018] ServiceContainer: Registered 'TimeReportScreen' (singleton=False)
[2025-12-16 15:24:44.019] MenuRegistry: Registered screen factory 'TimeReportScreen' in container (viewMode=)
[2025-12-16 15:24:44.019] MenuRegistry: Registered 'Time Report' in 'Time' menu (hotkey=R order=20)
[2025-12-16 15:24:44.021] ServiceContainer: Registered 'TaskListScreen_Default' (singleton=False)
[2025-12-16 15:24:44.021] MenuRegistry: Registered screen factory 'TaskListScreen_Default' in container (viewMode=)
[2025-12-16 15:24:44.022] MenuRegistry: Registered 'Task List' in 'Tasks' menu (hotkey=L order=5)
[2025-12-16 15:24:44.023] ServiceContainer: Registered 'TaskListScreen_Upcoming' (singleton=False)
[2025-12-16 15:24:44.024] MenuRegistry: Registered screen factory 'TaskListScreen_Upcoming' in container (viewMode=upcoming)
[2025-12-16 15:24:44.029] MenuRegistry: Registered 'Upcoming' in 'Tasks' menu (hotkey=U order=25)
[2025-12-16 15:24:44.029] ServiceContainer: Registered 'TaskListScreen_Agenda' (singleton=False)
[2025-12-16 15:24:44.030] MenuRegistry: Registered screen factory 'TaskListScreen_Agenda' in container (viewMode=agenda)
[2025-12-16 15:24:44.031] MenuRegistry: Registered 'Agenda View' in 'Tasks' menu (hotkey=A order=50)
[2025-12-16 15:24:44.032] ServiceContainer: Registered 'ExcelProfileManagerScreen' (singleton=False)
[2025-12-16 15:24:44.032] MenuRegistry: Registered screen factory 'ExcelProfileManagerScreen' in container (viewMode=)
[2025-12-16 15:24:44.033] MenuRegistry: Registered 'Excel Profiles' in 'Projects' menu (hotkey=M order=50)
[2025-12-16 15:24:44.034] ServiceContainer: Registered 'WeeklyTimeReportScreen' (singleton=False)
[2025-12-16 15:24:44.034] MenuRegistry: Registered screen factory 'WeeklyTimeReportScreen' in container (viewMode=)
[2025-12-16 15:24:44.035] MenuRegistry: Registered 'Weekly Report' in 'Time' menu (hotkey=W order=10)
[2025-12-16 15:24:44.037] ServiceContainer: Registered 'TaskListScreen_NoDate' (singleton=False)
[2025-12-16 15:24:44.038] MenuRegistry: Registered screen factory 'TaskListScreen_NoDate' in container (viewMode=noduedate)
[2025-12-16 15:24:44.039] MenuRegistry: Registered 'No Due Date' in 'Tasks' menu (hotkey=D order=40)
[2025-12-16 15:24:44.040] ServiceContainer: Registered 'TaskListScreen_Today' (singleton=False)
[2025-12-16 15:24:44.041] MenuRegistry: Registered screen factory 'TaskListScreen_Today' in container (viewMode=today)
[2025-12-16 15:24:44.042] MenuRegistry: Registered 'Today' in 'Tasks' menu (hotkey=Y order=10)
[2025-12-16 15:24:44.043] ServiceContainer: Registered 'KanbanScreenV2' (singleton=False)
[2025-12-16 15:24:44.044] MenuRegistry: Registered screen factory 'KanbanScreenV2' in container (viewMode=)
[2025-12-16 15:24:44.044] MenuRegistry: Registered 'Kanban Board' in 'Tasks' menu (hotkey=K order=55)
[2025-12-16 15:24:44.045] ServiceContainer: Registered 'NotesMenuScreen' (singleton=False)
[2025-12-16 15:24:44.046] MenuRegistry: Registered screen factory 'NotesMenuScreen' in container (viewMode=)
[2025-12-16 15:24:44.047] MenuRegistry: Registered 'Notes' in 'Tools' menu (hotkey=N order=20)
[2025-12-16 15:24:44.049] ServiceContainer: Registered 'HelpViewScreen' (singleton=False)
[2025-12-16 15:24:44.050] MenuRegistry: Registered screen factory 'HelpViewScreen' in container (viewMode=)
[2025-12-16 15:24:44.051] MenuRegistry: Registered 'Help' in 'Help' menu (hotkey=H order=10)
[2025-12-16 15:24:44.052] ServiceContainer: Registered 'ExcelImportScreen' (singleton=False)
[2025-12-16 15:24:44.053] MenuRegistry: Registered screen factory 'ExcelImportScreen' in container (viewMode=)
[2025-12-16 15:24:44.053] MenuRegistry: Registered 'Import from Excel' in 'Projects' menu (hotkey=I order=40)
[2025-12-16 15:24:44.054] ServiceContainer: Registered 'ChecklistTemplatesFolderScreen' (singleton=False)
[2025-12-16 15:24:44.055] MenuRegistry: Registered screen factory 'ChecklistTemplatesFolderScreen' in container (viewMode=)
[2025-12-16 15:24:44.056] MenuRegistry: Registered 'Checklist Templates' in 'Tools' menu (hotkey=H order=30)
[2025-12-16 15:24:44.057] ServiceContainer: Registered 'CommandLibraryScreen' (singleton=False)
[2025-12-16 15:24:44.057] MenuRegistry: Registered screen factory 'CommandLibraryScreen' in container (viewMode=)
[2025-12-16 15:24:44.058] MenuRegistry: Registered 'Command Library' in 'Tools' menu (hotkey=L order=10)
[2025-12-16 15:24:44.059] ServiceContainer: Registered 'ChecklistsLauncherScreen' (singleton=False)
[2025-12-16 15:24:44.060] MenuRegistry: Registered screen factory 'ChecklistsLauncherScreen' in container (viewMode=)
[2025-12-16 15:24:44.061] MenuRegistry: Registered 'Checklists' in 'Tools' menu (hotkey=C order=25)
[2025-12-16 15:24:44.063] ServiceContainer: Registered 'TaskListScreen_Tomorrow' (singleton=False)
[2025-12-16 15:24:44.064] MenuRegistry: Registered screen factory 'TaskListScreen_Tomorrow' in container (viewMode=tomorrow)
[2025-12-16 15:24:44.065] MenuRegistry: Registered 'Tomorrow' in 'Tasks' menu (hotkey=T order=15)
[2025-12-16 15:24:44.068] ServiceContainer: Registered 'TaskListScreen_Week' (singleton=False)
[2025-12-16 15:24:44.069] MenuRegistry: Registered screen factory 'TaskListScreen_Week' in container (viewMode=week)
[2025-12-16 15:24:44.069] MenuRegistry: Registered 'Week View' in 'Tasks' menu (hotkey=W order=20)
[2025-12-16 15:24:44.071] ServiceContainer: Registered 'TaskListScreen_Month' (singleton=False)
[2025-12-16 15:24:44.071] MenuRegistry: Registered screen factory 'TaskListScreen_Month' in container (viewMode=month)
[2025-12-16 15:24:44.072] MenuRegistry: Registered 'Month View' in 'Tasks' menu (hotkey=M order=45)
[2025-12-16 15:24:44.073] ServiceContainer: Registered 'ThemeEditorScreen' (singleton=False)
[2025-12-16 15:24:44.073] MenuRegistry: Registered screen factory 'ThemeEditorScreen' in container (viewMode=)
[2025-12-16 15:24:44.074] MenuRegistry: Registered 'Theme Editor' in 'Options' menu (hotkey=T order=10)
[2025-12-16 15:24:44.075] ServiceContainer: Registered 'TaskListScreen_Overdue' (singleton=False)
[2025-12-16 15:24:44.076] MenuRegistry: Registered screen factory 'TaskListScreen_Overdue' in container (viewMode=overdue)
[2025-12-16 15:24:44.078] MenuRegistry: Registered 'Overdue' in 'Tasks' menu (hotkey=O order=30)
[2025-12-16 15:24:44.079] [INFO] Menus loaded from /home/teej/ztest/module/Pmc.Strict/consoleui/screens/MenuItems.psd1
[2025-12-16 15:24:44.080] [INFO] Launching screen: TaskList
[2025-12-16 15:24:44.081] [INFO] Resolving TaskListScreen from container...
[2025-12-16 15:24:44.082] ServiceContainer: Resolving 'TaskListScreen'...
[2025-12-16 15:24:44.083] [INFO] Resolving TaskListScreen...
[2025-12-16 15:24:44.084] ServiceContainer: Resolving 'TaskStore'...
[2025-12-16 15:24:44.085] [INFO] Resolving TaskStore...
[2025-12-16 15:24:44.277] ServiceContainer: Resolved 'TaskStore' successfully
[2025-12-16 15:24:44.734] _PopulateMenusFromRegistry: Menu 'Help' has 1 items from registry (array)
[2025-12-16 15:24:44.747] _PopulateMenusFromRegistry: Menu 'Options' has 2 items from registry (array)
[2025-12-16 15:24:44.751] _PopulateMenusFromRegistry: Menu 'Tools' has 4 items from registry (array)
[2025-12-16 15:24:44.755] _PopulateMenusFromRegistry: Menu 'Tasks' has 11 items from registry (array)
[2025-12-16 15:24:44.758] _PopulateMenusFromRegistry: Menu 'Time' has 3 items from registry (array)
[2025-12-16 15:24:44.760] _PopulateMenusFromRegistry: Menu 'Projects' has 3 items from registry (array)
[2025-12-16 15:24:44.762] ServiceContainer: Resolved 'TaskListScreen' successfully
[2025-12-16 15:24:44.763] [INFO] Pushing screen to app...
[2025-12-16 15:24:45.318] [INFO] Screen pushed successfully
[2025-12-16 15:24:45.319] [INFO] Starting event loop...
[2025-12-16 15:24:48.961] [INFO] TaskListScreen.EditItem called - item.id=f6d455a4-9e14-46c4-ba1a-4563c83b3b39
[2025-12-16 15:24:49.072] [INFO] TaskListScreen.EditItem: Setting OnConfirmed callback for taskId=f6d455a4-9e14-46c4-ba1a-4563c83b3b39
[2025-12-16 15:25:09.723] ServiceContainer: Resolving 'ProjectListScreen'...
[2025-12-16 15:25:09.795] ServiceContainer: Resolved 'ProjectListScreen' successfully
[2025-12-16 15:25:10.970] ServiceContainer: Registered 'ProjectInfoScreenV4' (singleton=False)
[2025-12-16 15:25:10.972] ServiceContainer: Resolving 'ProjectInfoScreenV4'...
[2025-12-16 15:25:11.041] ServiceContainer: Resolved 'ProjectInfoScreenV4' successfully
[2025-12-16 15:25:14.944] ========== TabbedScreen.OnTabChanged: Switched to tab 6 'Files' ==========
[2025-12-16 15:25:15.001] TabbedScreen.OnTabChanged: Invalidated cache region Y=10-45 (no flicker)
[2025-12-16 15:40:49.686] [INFO] Event loop exited normally
[2025-12-16 15:40:49.687] [INFO] Cleanup - showing cursor and resetting terminal
